-- The C compiler identification is GNU 11.3.0
-- The CXX compiler identification is GNU 11.3.0
-- Detecting C compiler ABI info
-- Detecting C compiler ABI info - done
-- Check for working C compiler: /usr/bin/cc - skipped
-- Detecting C compile features
-- Detecting C compile features - done
-- Detecting CXX compiler ABI info
-- Detecting CXX compiler ABI info - done
-- Check for working CXX compiler: /usr/bin/c++ - skipped
-- Detecting CXX compile features
-- Detecting CXX compile features - done
-- Found ament_cmake: 1.3.12 (/opt/ros/humble/share/ament_cmake/cmake)
-- Found Python3: /usr/bin/python3 (found version "3.10.6") found components: Interpreter 
-- Found rosidl_default_generators: 1.2.0 (/opt/ros/humble/share/rosidl_default_generators/cmake)
-- Using all available rosidl_typesupport_c: rosidl_typesupport_fastrtps_c;rosidl_typesupport_introspection_c
-- Found rosidl_adapter: 3.1.7 (/opt/ros/humble/share/rosidl_adapter/cmake)
-- Using all available rosidl_typesupport_cpp: rosidl_typesupport_fastrtps_cpp;rosidl_typesupport_introspection_cpp
-- Found geometry_msgs: 4.9.0 (/opt/ros/humble/share/geometry_msgs/cmake)
-- Found deva_common_msgs: 0.0.0 (/home/linjiawei/load_mcap/install/deva_common_msgs/share/deva_common_msgs/cmake)
-- Found deva_perception_msgs: 0.0.0 (/home/linjiawei/load_mcap/install/deva_perception_msgs/share/deva_perception_msgs/cmake)
-- Found deva_planning_msgs: 0.0.0 (/home/linjiawei/load_mcap/install/deva_planning_msgs/share/deva_planning_msgs/cmake)
-- Found ament_cmake_ros: 0.10.0 (/opt/ros/humble/share/ament_cmake_ros/cmake)
-- Using all available rosidl_typesupport_c: rosidl_typesupport_fastrtps_c;rosidl_typesupport_introspection_c
-- Using all available rosidl_typesupport_cpp: rosidl_typesupport_fastrtps_cpp;rosidl_typesupport_introspection_cpp
-- Found PythonInterp: /usr/bin/python3 (found suitable version "3.10.6", minimum required is "3.6") 
-- Found python_cmake_module: 0.10.0 (/opt/ros/humble/share/python_cmake_module/cmake)
-- Found PythonLibs: /usr/lib/x86_64-linux-gnu/libpython3.10.so (found suitable version "3.10.6", minimum required is "3.5") 
-- Using PYTHON_EXECUTABLE: /usr/bin/python3
-- Using PYTHON_INCLUDE_DIRS: /usr/include/python3.10
-- Using PYTHON_LIBRARIES: /usr/lib/x86_64-linux-gnu/libpython3.10.so
-- Found PythonExtra: .so  
-- Configuring done
-- Generating done
-- Build files have been written to: /home/linjiawei/load_mcap/build/deva_mdriver_msgs
[  1%] [34m[1mGenerating C code for ROS interfaces[0m
[  1%] [34m[1mGenerating C++ code for ROS interfaces[0m
[  1%] Built target ament_cmake_python_copy_deva_mdriver_msgs
running egg_info
creating deva_mdriver_msgs.egg-info
writing deva_mdriver_msgs.egg-info/PKG-INFO
writing dependency_links to deva_mdriver_msgs.egg-info/dependency_links.txt
writing top-level names to deva_mdriver_msgs.egg-info/top_level.txt
writing manifest file 'deva_mdriver_msgs.egg-info/SOURCES.txt'
reading manifest file 'deva_mdriver_msgs.egg-info/SOURCES.txt'
writing manifest file 'deva_mdriver_msgs.egg-info/SOURCES.txt'
[  1%] Built target ament_cmake_python_build_deva_mdriver_msgs_egg
[  1%] Built target deva_mdriver_msgs__cpp
[  2%] [34m[1mGenerating C++ type support dispatch for ROS interfaces[0m
[  3%] [34m[1mGenerating C++ type support for eProsima Fast-RTPS[0m
[  3%] [34m[1mGenerating C++ introspection for ROS interfaces[0m
[  3%] [32mBuilding C object CMakeFiles/deva_mdriver_msgs__rosidl_generator_c.dir/rosidl_generator_c/deva_mdriver_msgs/msg/detail/acc_heading_steering_stats__functions.c.o[0m
[  4%] [32mBuilding C object CMakeFiles/deva_mdriver_msgs__rosidl_generator_c.dir/rosidl_generator_c/deva_mdriver_msgs/msg/detail/center_line__functions.c.o[0m
[  5%] [32mBuilding C object CMakeFiles/deva_mdriver_msgs__rosidl_generator_c.dir/rosidl_generator_c/deva_mdriver_msgs/msg/detail/center_line_point__functions.c.o[0m
[  6%] [32mBuilding C object CMakeFiles/deva_mdriver_msgs__rosidl_generator_c.dir/rosidl_generator_c/deva_mdriver_msgs/msg/detail/m_prediction_obstacle__functions.c.o[0m
[  7%] [32mBuilding C object CMakeFiles/deva_mdriver_msgs__rosidl_generator_c.dir/rosidl_generator_c/deva_mdriver_msgs/msg/detail/mdriver_meta_action__functions.c.o[0m
[  8%] [32mBuilding C object CMakeFiles/deva_mdriver_msgs__rosidl_generator_c.dir/rosidl_generator_c/deva_mdriver_msgs/msg/detail/mdriver_ref_lines__functions.c.o[0m
[ 10%] [32mBuilding C object CMakeFiles/deva_mdriver_msgs__rosidl_generator_c.dir/rosidl_generator_c/deva_mdriver_msgs/msg/detail/mean_variance__functions.c.o[0m
[ 10%] [32mBuilding C object CMakeFiles/deva_mdriver_msgs__rosidl_generator_c.dir/rosidl_generator_c/deva_mdriver_msgs/msg/detail/mdriver_result__functions.c.o[0m
[ 10%] [32mBuilding C object CMakeFiles/deva_mdriver_msgs__rosidl_generator_c.dir/rosidl_generator_c/deva_mdriver_msgs/msg/detail/debug_info__functions.c.o[0m
[ 11%] [32mBuilding C object CMakeFiles/deva_mdriver_msgs__rosidl_generator_c.dir/rosidl_generator_c/deva_mdriver_msgs/msg/detail/m_world__functions.c.o[0m
[ 12%] [32mBuilding C object CMakeFiles/deva_mdriver_msgs__rosidl_generator_c.dir/rosidl_generator_c/deva_mdriver_msgs/msg/detail/center_lines__functions.c.o[0m
[ 12%] [32mBuilding C object CMakeFiles/deva_mdriver_msgs__rosidl_generator_c.dir/rosidl_generator_c/deva_mdriver_msgs/msg/detail/nudge_buffer__functions.c.o[0m
[ 12%] [32mBuilding C object CMakeFiles/deva_mdriver_msgs__rosidl_generator_c.dir/rosidl_generator_c/deva_mdriver_msgs/msg/detail/mdriver_ref_line__functions.c.o[0m
[ 13%] [32mBuilding C object CMakeFiles/deva_mdriver_msgs__rosidl_generator_c.dir/rosidl_generator_c/deva_mdriver_msgs/msg/detail/obstacle_nudge_buffer__functions.c.o[0m
[ 14%] [32m[1mLinking C shared library libdeva_mdriver_msgs__rosidl_generator_c.so[0m
[ 14%] Built target deva_mdriver_msgs__rosidl_generator_c
[ 15%] [34m[1mGenerating C type support dispatch for ROS interfaces[0m
[ 17%] [34m[1mGenerating C type support for eProsima Fast-RTPS[0m
[ 17%] [34m[1mGenerating C introspection for ROS interfaces[0m
[ 18%] [32mBuilding CXX object CMakeFiles/deva_mdriver_msgs__rosidl_typesupport_cpp.dir/rosidl_typesupport_cpp/deva_mdriver_msgs/msg/center_line__type_support.cpp.o[0m
[ 19%] [32mBuilding CXX object CMakeFiles/deva_mdriver_msgs__rosidl_typesupport_cpp.dir/rosidl_typesupport_cpp/deva_mdriver_msgs/msg/acc_heading_steering_stats__type_support.cpp.o[0m
[ 19%] [32mBuilding CXX object CMakeFiles/deva_mdriver_msgs__rosidl_typesupport_cpp.dir/rosidl_typesupport_cpp/deva_mdriver_msgs/msg/center_line_point__type_support.cpp.o[0m
[ 20%] [32mBuilding CXX object CMakeFiles/deva_mdriver_msgs__rosidl_typesupport_cpp.dir/rosidl_typesupport_cpp/deva_mdriver_msgs/msg/center_lines__type_support.cpp.o[0m
[ 21%] [32mBuilding CXX object CMakeFiles/deva_mdriver_msgs__rosidl_typesupport_cpp.dir/rosidl_typesupport_cpp/deva_mdriver_msgs/msg/debug_info__type_support.cpp.o[0m
[ 21%] [32mBuilding CXX object CMakeFiles/deva_mdriver_msgs__rosidl_typesupport_cpp.dir/rosidl_typesupport_cpp/deva_mdriver_msgs/msg/m_prediction_obstacle__type_support.cpp.o[0m
[ 22%] [32mBuilding CXX object CMakeFiles/deva_mdriver_msgs__rosidl_typesupport_cpp.dir/rosidl_typesupport_cpp/deva_mdriver_msgs/msg/m_world__type_support.cpp.o[0m
[ 23%] [32mBuilding CXX object CMakeFiles/deva_mdriver_msgs__rosidl_typesupport_cpp.dir/rosidl_typesupport_cpp/deva_mdriver_msgs/msg/mdriver_meta_action__type_support.cpp.o[0m
[ 24%] [32mBuilding CXX object CMakeFiles/deva_mdriver_msgs__rosidl_typesupport_cpp.dir/rosidl_typesupport_cpp/deva_mdriver_msgs/msg/mdriver_ref_line__type_support.cpp.o[0m
[ 24%] [32mBuilding CXX object CMakeFiles/deva_mdriver_msgs__rosidl_typesupport_cpp.dir/rosidl_typesupport_cpp/deva_mdriver_msgs/msg/mdriver_ref_lines__type_support.cpp.o[0m
[ 25%] [32mBuilding CXX object CMakeFiles/deva_mdriver_msgs__rosidl_typesupport_cpp.dir/rosidl_typesupport_cpp/deva_mdriver_msgs/msg/mean_variance__type_support.cpp.o[0m
[ 26%] [32mBuilding CXX object CMakeFiles/deva_mdriver_msgs__rosidl_typesupport_cpp.dir/rosidl_typesupport_cpp/deva_mdriver_msgs/msg/mdriver_result__type_support.cpp.o[0m
[ 27%] [32mBuilding CXX object CMakeFiles/deva_mdriver_msgs__rosidl_typesupport_cpp.dir/rosidl_typesupport_cpp/deva_mdriver_msgs/msg/nudge_buffer__type_support.cpp.o[0m
[ 27%] [32mBuilding CXX object CMakeFiles/deva_mdriver_msgs__rosidl_typesupport_cpp.dir/rosidl_typesupport_cpp/deva_mdriver_msgs/msg/obstacle_nudge_buffer__type_support.cpp.o[0m
[ 27%] [32mBuilding CXX object CMakeFiles/deva_mdriver_msgs__rosidl_typesupport_c.dir/rosidl_typesupport_c/deva_mdriver_msgs/msg/acc_heading_steering_stats__type_support.cpp.o[0m
[ 28%] [32mBuilding CXX object CMakeFiles/deva_mdriver_msgs__rosidl_typesupport_c.dir/rosidl_typesupport_c/deva_mdriver_msgs/msg/center_line__type_support.cpp.o[0m
[ 29%] [32mBuilding CXX object CMakeFiles/deva_mdriver_msgs__rosidl_typesupport_c.dir/rosidl_typesupport_c/deva_mdriver_msgs/msg/center_line_point__type_support.cpp.o[0m
[ 30%] [32mBuilding CXX object CMakeFiles/deva_mdriver_msgs__rosidl_typesupport_c.dir/rosidl_typesupport_c/deva_mdriver_msgs/msg/center_lines__type_support.cpp.o[0m
[ 30%] [32mBuilding CXX object CMakeFiles/deva_mdriver_msgs__rosidl_typesupport_c.dir/rosidl_typesupport_c/deva_mdriver_msgs/msg/debug_info__type_support.cpp.o[0m
[ 32%] [32mBuilding CXX object CMakeFiles/deva_mdriver_msgs__rosidl_typesupport_introspection_cpp.dir/rosidl_typesupport_introspection_cpp/deva_mdriver_msgs/msg/detail/acc_heading_steering_stats__type_support.cpp.o[0m
[ 32%] [32mBuilding CXX object CMakeFiles/deva_mdriver_msgs__rosidl_typesupport_c.dir/rosidl_typesupport_c/deva_mdriver_msgs/msg/m_prediction_obstacle__type_support.cpp.o[0m
[ 33%] [32mBuilding CXX object CMakeFiles/deva_mdriver_msgs__rosidl_typesupport_c.dir/rosidl_typesupport_c/deva_mdriver_msgs/msg/m_world__type_support.cpp.o[0m
[ 34%] [32mBuilding CXX object CMakeFiles/deva_mdriver_msgs__rosidl_typesupport_introspection_cpp.dir/rosidl_typesupport_introspection_cpp/deva_mdriver_msgs/msg/detail/center_line__type_support.cpp.o[0m
[ 35%] [32mBuilding CXX object CMakeFiles/deva_mdriver_msgs__rosidl_typesupport_c.dir/rosidl_typesupport_c/deva_mdriver_msgs/msg/mdriver_meta_action__type_support.cpp.o[0m
[ 36%] [32mBuilding CXX object CMakeFiles/deva_mdriver_msgs__rosidl_typesupport_introspection_cpp.dir/rosidl_typesupport_introspection_cpp/deva_mdriver_msgs/msg/detail/center_line_point__type_support.cpp.o[0m
[ 36%] [32mBuilding CXX object CMakeFiles/deva_mdriver_msgs__rosidl_typesupport_c.dir/rosidl_typesupport_c/deva_mdriver_msgs/msg/mdriver_ref_line__type_support.cpp.o[0m
[ 36%] [32mBuilding CXX object CMakeFiles/deva_mdriver_msgs__rosidl_typesupport_introspection_cpp.dir/rosidl_typesupport_introspection_cpp/deva_mdriver_msgs/msg/detail/center_lines__type_support.cpp.o[0m
[ 37%] [32mBuilding CXX object CMakeFiles/deva_mdriver_msgs__rosidl_typesupport_c.dir/rosidl_typesupport_c/deva_mdriver_msgs/msg/mdriver_ref_lines__type_support.cpp.o[0m
[ 38%] [32mBuilding CXX object CMakeFiles/deva_mdriver_msgs__rosidl_typesupport_fastrtps_cpp.dir/rosidl_typesupport_fastrtps_cpp/deva_mdriver_msgs/msg/detail/dds_fastrtps/acc_heading_steering_stats__type_support.cpp.o[0m
[ 39%] [32mBuilding CXX object CMakeFiles/deva_mdriver_msgs__rosidl_typesupport_c.dir/rosidl_typesupport_c/deva_mdriver_msgs/msg/mdriver_result__type_support.cpp.o[0m
[ 40%] [32mBuilding CXX object CMakeFiles/deva_mdriver_msgs__rosidl_typesupport_fastrtps_cpp.dir/rosidl_typesupport_fastrtps_cpp/deva_mdriver_msgs/msg/detail/dds_fastrtps/center_line__type_support.cpp.o[0m
[ 41%] [32mBuilding CXX object CMakeFiles/deva_mdriver_msgs__rosidl_typesupport_introspection_cpp.dir/rosidl_typesupport_introspection_cpp/deva_mdriver_msgs/msg/detail/m_world__type_support.cpp.o[0m
[ 42%] [32mBuilding CXX object CMakeFiles/deva_mdriver_msgs__rosidl_typesupport_introspection_cpp.dir/rosidl_typesupport_introspection_cpp/deva_mdriver_msgs/msg/detail/debug_info__type_support.cpp.o[0m
[ 43%] [32mBuilding CXX object CMakeFiles/deva_mdriver_msgs__rosidl_typesupport_c.dir/rosidl_typesupport_c/deva_mdriver_msgs/msg/mean_variance__type_support.cpp.o[0m
[ 44%] [32mBuilding CXX object CMakeFiles/deva_mdriver_msgs__rosidl_typesupport_introspection_cpp.dir/rosidl_typesupport_introspection_cpp/deva_mdriver_msgs/msg/detail/m_prediction_obstacle__type_support.cpp.o[0m
[ 44%] [32mBuilding CXX object CMakeFiles/deva_mdriver_msgs__rosidl_typesupport_introspection_cpp.dir/rosidl_typesupport_introspection_cpp/deva_mdriver_msgs/msg/detail/mdriver_meta_action__type_support.cpp.o[0m
[ 44%] [32mBuilding CXX object CMakeFiles/deva_mdriver_msgs__rosidl_typesupport_c.dir/rosidl_typesupport_c/deva_mdriver_msgs/msg/nudge_buffer__type_support.cpp.o[0m
[ 45%] [32mBuilding CXX object CMakeFiles/deva_mdriver_msgs__rosidl_typesupport_introspection_cpp.dir/rosidl_typesupport_introspection_cpp/deva_mdriver_msgs/msg/detail/mdriver_ref_line__type_support.cpp.o[0m
[ 45%] [32mBuilding CXX object CMakeFiles/deva_mdriver_msgs__rosidl_typesupport_fastrtps_cpp.dir/rosidl_typesupport_fastrtps_cpp/deva_mdriver_msgs/msg/detail/dds_fastrtps/center_line_point__type_support.cpp.o[0m
[ 46%] [32mBuilding CXX object CMakeFiles/deva_mdriver_msgs__rosidl_typesupport_introspection_cpp.dir/rosidl_typesupport_introspection_cpp/deva_mdriver_msgs/msg/detail/mdriver_ref_lines__type_support.cpp.o[0m
[ 47%] [32mBuilding CXX object CMakeFiles/deva_mdriver_msgs__rosidl_typesupport_c.dir/rosidl_typesupport_c/deva_mdriver_msgs/msg/obstacle_nudge_buffer__type_support.cpp.o[0m
[ 48%] [32m[1mLinking CXX shared library libdeva_mdriver_msgs__rosidl_typesupport_cpp.so[0m
[ 49%] [32mBuilding C object CMakeFiles/deva_mdriver_msgs__rosidl_typesupport_introspection_c.dir/rosidl_typesupport_introspection_c/deva_mdriver_msgs/msg/detail/acc_heading_steering_stats__type_support.c.o[0m
[ 50%] [32m[1mLinking CXX shared library libdeva_mdriver_msgs__rosidl_typesupport_c.so[0m
[ 51%] [32mBuilding C object CMakeFiles/deva_mdriver_msgs__rosidl_typesupport_introspection_c.dir/rosidl_typesupport_introspection_c/deva_mdriver_msgs/msg/detail/center_line__type_support.c.o[0m
[ 51%] Built target deva_mdriver_msgs__rosidl_typesupport_cpp
[ 51%] Built target deva_mdriver_msgs__rosidl_typesupport_c
[ 52%] [32mBuilding CXX object CMakeFiles/deva_mdriver_msgs__rosidl_typesupport_introspection_cpp.dir/rosidl_typesupport_introspection_cpp/deva_mdriver_msgs/msg/detail/mdriver_result__type_support.cpp.o[0m
[ 52%] [32mBuilding C object CMakeFiles/deva_mdriver_msgs__rosidl_typesupport_introspection_c.dir/rosidl_typesupport_introspection_c/deva_mdriver_msgs/msg/detail/center_line_point__type_support.c.o[0m
[ 52%] [32mBuilding CXX object CMakeFiles/deva_mdriver_msgs__rosidl_typesupport_introspection_cpp.dir/rosidl_typesupport_introspection_cpp/deva_mdriver_msgs/msg/detail/mean_variance__type_support.cpp.o[0m
[ 53%] [32mBuilding C object CMakeFiles/deva_mdriver_msgs__rosidl_typesupport_introspection_c.dir/rosidl_typesupport_introspection_c/deva_mdriver_msgs/msg/detail/center_lines__type_support.c.o[0m
[ 54%] [32mBuilding C object CMakeFiles/deva_mdriver_msgs__rosidl_typesupport_introspection_c.dir/rosidl_typesupport_introspection_c/deva_mdriver_msgs/msg/detail/debug_info__type_support.c.o[0m
[ 55%] [32mBuilding CXX object CMakeFiles/deva_mdriver_msgs__rosidl_typesupport_introspection_cpp.dir/rosidl_typesupport_introspection_cpp/deva_mdriver_msgs/msg/detail/nudge_buffer__type_support.cpp.o[0m
[ 56%] [32mBuilding CXX object CMakeFiles/deva_mdriver_msgs__rosidl_typesupport_introspection_cpp.dir/rosidl_typesupport_introspection_cpp/deva_mdriver_msgs/msg/detail/obstacle_nudge_buffer__type_support.cpp.o[0m
[ 57%] [32mBuilding C object CMakeFiles/deva_mdriver_msgs__rosidl_typesupport_introspection_c.dir/rosidl_typesupport_introspection_c/deva_mdriver_msgs/msg/detail/m_prediction_obstacle__type_support.c.o[0m
[ 57%] [32mBuilding C object CMakeFiles/deva_mdriver_msgs__rosidl_typesupport_introspection_c.dir/rosidl_typesupport_introspection_c/deva_mdriver_msgs/msg/detail/m_world__type_support.c.o[0m
[ 58%] [32mBuilding CXX object CMakeFiles/deva_mdriver_msgs__rosidl_typesupport_fastrtps_c.dir/rosidl_typesupport_fastrtps_c/deva_mdriver_msgs/msg/detail/acc_heading_steering_stats__type_support_c.cpp.o[0m
[ 59%] [32mBuilding C object CMakeFiles/deva_mdriver_msgs__rosidl_typesupport_introspection_c.dir/rosidl_typesupport_introspection_c/deva_mdriver_msgs/msg/detail/mdriver_meta_action__type_support.c.o[0m
[ 59%] [32mBuilding CXX object CMakeFiles/deva_mdriver_msgs__rosidl_typesupport_fastrtps_c.dir/rosidl_typesupport_fastrtps_c/deva_mdriver_msgs/msg/detail/center_line__type_support_c.cpp.o[0m
[ 60%] [32mBuilding CXX object CMakeFiles/deva_mdriver_msgs__rosidl_typesupport_fastrtps_c.dir/rosidl_typesupport_fastrtps_c/deva_mdriver_msgs/msg/detail/center_line_point__type_support_c.cpp.o[0m
[ 61%] [32mBuilding C object CMakeFiles/deva_mdriver_msgs__rosidl_typesupport_introspection_c.dir/rosidl_typesupport_introspection_c/deva_mdriver_msgs/msg/detail/mdriver_ref_line__type_support.c.o[0m
[ 62%] [32mBuilding CXX object CMakeFiles/deva_mdriver_msgs__rosidl_typesupport_fastrtps_c.dir/rosidl_typesupport_fastrtps_c/deva_mdriver_msgs/msg/detail/center_lines__type_support_c.cpp.o[0m
[ 62%] [32mBuilding C object CMakeFiles/deva_mdriver_msgs__rosidl_typesupport_introspection_c.dir/rosidl_typesupport_introspection_c/deva_mdriver_msgs/msg/detail/mdriver_ref_lines__type_support.c.o[0m
[ 63%] [32mBuilding C object CMakeFiles/deva_mdriver_msgs__rosidl_typesupport_introspection_c.dir/rosidl_typesupport_introspection_c/deva_mdriver_msgs/msg/detail/mdriver_result__type_support.c.o[0m
[ 64%] [32mBuilding CXX object CMakeFiles/deva_mdriver_msgs__rosidl_typesupport_fastrtps_c.dir/rosidl_typesupport_fastrtps_c/deva_mdriver_msgs/msg/detail/debug_info__type_support_c.cpp.o[0m
[ 65%] [32mBuilding C object CMakeFiles/deva_mdriver_msgs__rosidl_typesupport_introspection_c.dir/rosidl_typesupport_introspection_c/deva_mdriver_msgs/msg/detail/mean_variance__type_support.c.o[0m
[ 66%] [32mBuilding C object CMakeFiles/deva_mdriver_msgs__rosidl_typesupport_introspection_c.dir/rosidl_typesupport_introspection_c/deva_mdriver_msgs/msg/detail/nudge_buffer__type_support.c.o[0m
[ 66%] [32mBuilding CXX object CMakeFiles/deva_mdriver_msgs__rosidl_typesupport_fastrtps_c.dir/rosidl_typesupport_fastrtps_c/deva_mdriver_msgs/msg/detail/m_prediction_obstacle__type_support_c.cpp.o[0m
[ 66%] [32mBuilding C object CMakeFiles/deva_mdriver_msgs__rosidl_typesupport_introspection_c.dir/rosidl_typesupport_introspection_c/deva_mdriver_msgs/msg/detail/obstacle_nudge_buffer__type_support.c.o[0m
[ 67%] [32mBuilding CXX object CMakeFiles/deva_mdriver_msgs__rosidl_typesupport_fastrtps_cpp.dir/rosidl_typesupport_fastrtps_cpp/deva_mdriver_msgs/msg/detail/dds_fastrtps/center_lines__type_support.cpp.o[0m
[ 68%] [32mBuilding CXX object CMakeFiles/deva_mdriver_msgs__rosidl_typesupport_fastrtps_c.dir/rosidl_typesupport_fastrtps_c/deva_mdriver_msgs/msg/detail/m_world__type_support_c.cpp.o[0m
[ 69%] [32mBuilding CXX object CMakeFiles/deva_mdriver_msgs__rosidl_typesupport_fastrtps_cpp.dir/rosidl_typesupport_fastrtps_cpp/deva_mdriver_msgs/msg/detail/dds_fastrtps/debug_info__type_support.cpp.o[0m
[ 70%] [32mBuilding CXX object CMakeFiles/deva_mdriver_msgs__rosidl_typesupport_fastrtps_c.dir/rosidl_typesupport_fastrtps_c/deva_mdriver_msgs/msg/detail/mdriver_meta_action__type_support_c.cpp.o[0m
[ 71%] [32m[1mLinking C shared library libdeva_mdriver_msgs__rosidl_typesupport_introspection_c.so[0m
[ 72%] [32mBuilding CXX object CMakeFiles/deva_mdriver_msgs__rosidl_typesupport_fastrtps_c.dir/rosidl_typesupport_fastrtps_c/deva_mdriver_msgs/msg/detail/mdriver_ref_line__type_support_c.cpp.o[0m
[ 73%] [32mBuilding CXX object CMakeFiles/deva_mdriver_msgs__rosidl_typesupport_fastrtps_cpp.dir/rosidl_typesupport_fastrtps_cpp/deva_mdriver_msgs/msg/detail/dds_fastrtps/m_prediction_obstacle__type_support.cpp.o[0m
[ 73%] [32mBuilding CXX object CMakeFiles/deva_mdriver_msgs__rosidl_typesupport_fastrtps_c.dir/rosidl_typesupport_fastrtps_c/deva_mdriver_msgs/msg/detail/mdriver_ref_lines__type_support_c.cpp.o[0m
[ 74%] [32mBuilding CXX object CMakeFiles/deva_mdriver_msgs__rosidl_typesupport_fastrtps_c.dir/rosidl_typesupport_fastrtps_c/deva_mdriver_msgs/msg/detail/mdriver_result__type_support_c.cpp.o[0m
[ 74%] [32mBuilding CXX object CMakeFiles/deva_mdriver_msgs__rosidl_typesupport_fastrtps_cpp.dir/rosidl_typesupport_fastrtps_cpp/deva_mdriver_msgs/msg/detail/dds_fastrtps/m_world__type_support.cpp.o[0m
[ 75%] [32mBuilding CXX object CMakeFiles/deva_mdriver_msgs__rosidl_typesupport_fastrtps_c.dir/rosidl_typesupport_fastrtps_c/deva_mdriver_msgs/msg/detail/mean_variance__type_support_c.cpp.o[0m
[ 75%] Built target deva_mdriver_msgs__rosidl_typesupport_introspection_c
[ 76%] [32mBuilding CXX object CMakeFiles/deva_mdriver_msgs__rosidl_typesupport_fastrtps_cpp.dir/rosidl_typesupport_fastrtps_cpp/deva_mdriver_msgs/msg/detail/dds_fastrtps/mdriver_meta_action__type_support.cpp.o[0m
[ 77%] [32mBuilding CXX object CMakeFiles/deva_mdriver_msgs__rosidl_typesupport_fastrtps_c.dir/rosidl_typesupport_fastrtps_c/deva_mdriver_msgs/msg/detail/nudge_buffer__type_support_c.cpp.o[0m
[ 77%] [32mBuilding CXX object CMakeFiles/deva_mdriver_msgs__rosidl_typesupport_fastrtps_c.dir/rosidl_typesupport_fastrtps_c/deva_mdriver_msgs/msg/detail/obstacle_nudge_buffer__type_support_c.cpp.o[0m
[ 78%] [32mBuilding CXX object CMakeFiles/deva_mdriver_msgs__rosidl_typesupport_fastrtps_cpp.dir/rosidl_typesupport_fastrtps_cpp/deva_mdriver_msgs/msg/detail/dds_fastrtps/mdriver_ref_line__type_support.cpp.o[0m
[ 79%] [32mBuilding CXX object CMakeFiles/deva_mdriver_msgs__rosidl_typesupport_fastrtps_cpp.dir/rosidl_typesupport_fastrtps_cpp/deva_mdriver_msgs/msg/detail/dds_fastrtps/mdriver_ref_lines__type_support.cpp.o[0m
[ 79%] [32mBuilding CXX object CMakeFiles/deva_mdriver_msgs__rosidl_typesupport_fastrtps_cpp.dir/rosidl_typesupport_fastrtps_cpp/deva_mdriver_msgs/msg/detail/dds_fastrtps/mdriver_result__type_support.cpp.o[0m
[ 80%] [32mBuilding CXX object CMakeFiles/deva_mdriver_msgs__rosidl_typesupport_fastrtps_cpp.dir/rosidl_typesupport_fastrtps_cpp/deva_mdriver_msgs/msg/detail/dds_fastrtps/mean_variance__type_support.cpp.o[0m
[ 81%] [32mBuilding CXX object CMakeFiles/deva_mdriver_msgs__rosidl_typesupport_fastrtps_cpp.dir/rosidl_typesupport_fastrtps_cpp/deva_mdriver_msgs/msg/detail/dds_fastrtps/nudge_buffer__type_support.cpp.o[0m
[ 82%] [32mBuilding CXX object CMakeFiles/deva_mdriver_msgs__rosidl_typesupport_fastrtps_cpp.dir/rosidl_typesupport_fastrtps_cpp/deva_mdriver_msgs/msg/detail/dds_fastrtps/obstacle_nudge_buffer__type_support.cpp.o[0m
[ 83%] [32m[1mLinking CXX shared library libdeva_mdriver_msgs__rosidl_typesupport_fastrtps_c.so[0m
[ 83%] Built target deva_mdriver_msgs__rosidl_typesupport_fastrtps_c
[ 84%] [32m[1mLinking CXX shared library libdeva_mdriver_msgs__rosidl_typesupport_introspection_cpp.so[0m
[ 84%] Built target deva_mdriver_msgs__rosidl_typesupport_introspection_cpp
[ 84%] [32m[1mLinking CXX shared library libdeva_mdriver_msgs__rosidl_typesupport_fastrtps_cpp.so[0m
[ 84%] Built target deva_mdriver_msgs__rosidl_typesupport_fastrtps_cpp
[ 84%] Built target deva_mdriver_msgs
[ 85%] [34m[1mGenerating Python code for ROS interfaces[0m
[ 85%] Built target deva_mdriver_msgs__py
[ 86%] [32mBuilding C object CMakeFiles/deva_mdriver_msgs__rosidl_generator_py.dir/rosidl_generator_py/deva_mdriver_msgs/msg/_acc_heading_steering_stats_s.c.o[0m
[ 88%] [32mBuilding C object CMakeFiles/deva_mdriver_msgs__rosidl_generator_py.dir/rosidl_generator_py/deva_mdriver_msgs/msg/_center_lines_s.c.o[0m
[ 89%] [32mBuilding C object CMakeFiles/deva_mdriver_msgs__rosidl_generator_py.dir/rosidl_generator_py/deva_mdriver_msgs/msg/_debug_info_s.c.o[0m
[ 89%] [32mBuilding C object CMakeFiles/deva_mdriver_msgs__rosidl_generator_py.dir/rosidl_generator_py/deva_mdriver_msgs/msg/_center_line_point_s.c.o[0m
[ 89%] [32mBuilding C object CMakeFiles/deva_mdriver_msgs__rosidl_generator_py.dir/rosidl_generator_py/deva_mdriver_msgs/msg/_m_prediction_obstacle_s.c.o[0m
[ 90%] [32mBuilding C object CMakeFiles/deva_mdriver_msgs__rosidl_generator_py.dir/rosidl_generator_py/deva_mdriver_msgs/msg/_m_world_s.c.o[0m
[ 91%] [32mBuilding C object CMakeFiles/deva_mdriver_msgs__rosidl_generator_py.dir/rosidl_generator_py/deva_mdriver_msgs/msg/_mdriver_meta_action_s.c.o[0m
[ 92%] [32mBuilding C object CMakeFiles/deva_mdriver_msgs__rosidl_generator_py.dir/rosidl_generator_py/deva_mdriver_msgs/msg/_mdriver_ref_line_s.c.o[0m
[ 92%] [32mBuilding C object CMakeFiles/deva_mdriver_msgs__rosidl_generator_py.dir/rosidl_generator_py/deva_mdriver_msgs/msg/_mdriver_ref_lines_s.c.o[0m
[ 92%] [32mBuilding C object CMakeFiles/deva_mdriver_msgs__rosidl_generator_py.dir/rosidl_generator_py/deva_mdriver_msgs/msg/_center_line_s.c.o[0m
[ 93%] [32mBuilding C object CMakeFiles/deva_mdriver_msgs__rosidl_generator_py.dir/rosidl_generator_py/deva_mdriver_msgs/msg/_mdriver_result_s.c.o[0m
[ 95%] [32mBuilding C object CMakeFiles/deva_mdriver_msgs__rosidl_generator_py.dir/rosidl_generator_py/deva_mdriver_msgs/msg/_mean_variance_s.c.o[0m
[ 95%] [32mBuilding C object CMakeFiles/deva_mdriver_msgs__rosidl_generator_py.dir/rosidl_generator_py/deva_mdriver_msgs/msg/_obstacle_nudge_buffer_s.c.o[0m
[ 95%] [32mBuilding C object CMakeFiles/deva_mdriver_msgs__rosidl_generator_py.dir/rosidl_generator_py/deva_mdriver_msgs/msg/_nudge_buffer_s.c.o[0m
[ 96%] [32m[1mLinking C shared library rosidl_generator_py/deva_mdriver_msgs/libdeva_mdriver_msgs__rosidl_generator_py.so[0m
[ 96%] Built target deva_mdriver_msgs__rosidl_generator_py
[ 98%] [32mBuilding C object CMakeFiles/deva_mdriver_msgs__rosidl_typesupport_fastrtps_c__pyext.dir/rosidl_generator_py/deva_mdriver_msgs/_deva_mdriver_msgs_s.ep.rosidl_typesupport_fastrtps_c.c.o[0m
[ 98%] [32mBuilding C object CMakeFiles/deva_mdriver_msgs__rosidl_typesupport_introspection_c__pyext.dir/rosidl_generator_py/deva_mdriver_msgs/_deva_mdriver_msgs_s.ep.rosidl_typesupport_introspection_c.c.o[0m
[ 99%] [32mBuilding C object CMakeFiles/deva_mdriver_msgs__rosidl_typesupport_c__pyext.dir/rosidl_generator_py/deva_mdriver_msgs/_deva_mdriver_msgs_s.ep.rosidl_typesupport_c.c.o[0m
[ 99%] [32m[1mLinking C shared library rosidl_generator_py/deva_mdriver_msgs/deva_mdriver_msgs_s__rosidl_typesupport_fastrtps_c.cpython-310-x86_64-linux-gnu.so[0m
[ 99%] [32m[1mLinking C shared library rosidl_generator_py/deva_mdriver_msgs/deva_mdriver_msgs_s__rosidl_typesupport_c.cpython-310-x86_64-linux-gnu.so[0m
[100%] [32m[1mLinking C shared library rosidl_generator_py/deva_mdriver_msgs/deva_mdriver_msgs_s__rosidl_typesupport_introspection_c.cpython-310-x86_64-linux-gnu.so[0m
[100%] Built target deva_mdriver_msgs__rosidl_typesupport_fastrtps_c__pyext
[100%] Built target deva_mdriver_msgs__rosidl_typesupport_introspection_c__pyext
[100%] Built target deva_mdriver_msgs__rosidl_typesupport_c__pyext
-- Install configuration: ""
-- Installing: /home/linjiawei/load_mcap/install/deva_mdriver_msgs/share/ament_index/resource_index/rosidl_interfaces/deva_mdriver_msgs
-- Installing: /home/linjiawei/load_mcap/install/deva_mdriver_msgs/include/deva_mdriver_msgs/deva_mdriver_msgs
-- Installing: /home/linjiawei/load_mcap/install/deva_mdriver_msgs/include/deva_mdriver_msgs/deva_mdriver_msgs/msg
-- Installing: /home/linjiawei/load_mcap/install/deva_mdriver_msgs/include/deva_mdriver_msgs/deva_mdriver_msgs/msg/rosidl_generator_c__visibility_control.h
-- Installing: /home/linjiawei/load_mcap/install/deva_mdriver_msgs/include/deva_mdriver_msgs/deva_mdriver_msgs/msg/acc_heading_steering_stats.h
-- Installing: /home/linjiawei/load_mcap/install/deva_mdriver_msgs/include/deva_mdriver_msgs/deva_mdriver_msgs/msg/detail
-- Installing: /home/linjiawei/load_mcap/install/deva_mdriver_msgs/include/deva_mdriver_msgs/deva_mdriver_msgs/msg/detail/acc_heading_steering_stats__functions.c
-- Installing: /home/linjiawei/load_mcap/install/deva_mdriver_msgs/include/deva_mdriver_msgs/deva_mdriver_msgs/msg/detail/acc_heading_steering_stats__functions.h
-- Installing: /home/linjiawei/load_mcap/install/deva_mdriver_msgs/include/deva_mdriver_msgs/deva_mdriver_msgs/msg/detail/acc_heading_steering_stats__struct.h
-- Installing: /home/linjiawei/load_mcap/install/deva_mdriver_msgs/include/deva_mdriver_msgs/deva_mdriver_msgs/msg/detail/acc_heading_steering_stats__type_support.h
-- Installing: /home/linjiawei/load_mcap/install/deva_mdriver_msgs/include/deva_mdriver_msgs/deva_mdriver_msgs/msg/detail/center_line__functions.c
-- Installing: /home/linjiawei/load_mcap/install/deva_mdriver_msgs/include/deva_mdriver_msgs/deva_mdriver_msgs/msg/detail/center_line__functions.h
-- Installing: /home/linjiawei/load_mcap/install/deva_mdriver_msgs/include/deva_mdriver_msgs/deva_mdriver_msgs/msg/detail/center_line__struct.h
-- Installing: /home/linjiawei/load_mcap/install/deva_mdriver_msgs/include/deva_mdriver_msgs/deva_mdriver_msgs/msg/detail/center_line__type_support.h
-- Installing: /home/linjiawei/load_mcap/install/deva_mdriver_msgs/include/deva_mdriver_msgs/deva_mdriver_msgs/msg/detail/center_line_point__functions.c
-- Installing: /home/linjiawei/load_mcap/install/deva_mdriver_msgs/include/deva_mdriver_msgs/deva_mdriver_msgs/msg/detail/center_line_point__functions.h
-- Installing: /home/linjiawei/load_mcap/install/deva_mdriver_msgs/include/deva_mdriver_msgs/deva_mdriver_msgs/msg/detail/center_line_point__struct.h
-- Installing: /home/linjiawei/load_mcap/install/deva_mdriver_msgs/include/deva_mdriver_msgs/deva_mdriver_msgs/msg/detail/center_line_point__type_support.h
-- Installing: /home/linjiawei/load_mcap/install/deva_mdriver_msgs/include/deva_mdriver_msgs/deva_mdriver_msgs/msg/detail/center_lines__functions.c
-- Installing: /home/linjiawei/load_mcap/install/deva_mdriver_msgs/include/deva_mdriver_msgs/deva_mdriver_msgs/msg/detail/center_lines__functions.h
-- Installing: /home/linjiawei/load_mcap/install/deva_mdriver_msgs/include/deva_mdriver_msgs/deva_mdriver_msgs/msg/detail/center_lines__struct.h
-- Installing: /home/linjiawei/load_mcap/install/deva_mdriver_msgs/include/deva_mdriver_msgs/deva_mdriver_msgs/msg/detail/center_lines__type_support.h
-- Installing: /home/linjiawei/load_mcap/install/deva_mdriver_msgs/include/deva_mdriver_msgs/deva_mdriver_msgs/msg/detail/debug_info__functions.c
-- Installing: /home/linjiawei/load_mcap/install/deva_mdriver_msgs/include/deva_mdriver_msgs/deva_mdriver_msgs/msg/detail/debug_info__functions.h
-- Installing: /home/linjiawei/load_mcap/install/deva_mdriver_msgs/include/deva_mdriver_msgs/deva_mdriver_msgs/msg/detail/debug_info__struct.h
-- Installing: /home/linjiawei/load_mcap/install/deva_mdriver_msgs/include/deva_mdriver_msgs/deva_mdriver_msgs/msg/detail/debug_info__type_support.h
-- Installing: /home/linjiawei/load_mcap/install/deva_mdriver_msgs/include/deva_mdriver_msgs/deva_mdriver_msgs/msg/detail/m_prediction_obstacle__functions.c
-- Installing: /home/linjiawei/load_mcap/install/deva_mdriver_msgs/include/deva_mdriver_msgs/deva_mdriver_msgs/msg/detail/m_prediction_obstacle__functions.h
-- Installing: /home/linjiawei/load_mcap/install/deva_mdriver_msgs/include/deva_mdriver_msgs/deva_mdriver_msgs/msg/detail/m_prediction_obstacle__struct.h
-- Installing: /home/linjiawei/load_mcap/install/deva_mdriver_msgs/include/deva_mdriver_msgs/deva_mdriver_msgs/msg/detail/m_prediction_obstacle__type_support.h
-- Installing: /home/linjiawei/load_mcap/install/deva_mdriver_msgs/include/deva_mdriver_msgs/deva_mdriver_msgs/msg/detail/m_world__functions.c
-- Installing: /home/linjiawei/load_mcap/install/deva_mdriver_msgs/include/deva_mdriver_msgs/deva_mdriver_msgs/msg/detail/m_world__functions.h
-- Installing: /home/linjiawei/load_mcap/install/deva_mdriver_msgs/include/deva_mdriver_msgs/deva_mdriver_msgs/msg/detail/m_world__struct.h
-- Installing: /home/linjiawei/load_mcap/install/deva_mdriver_msgs/include/deva_mdriver_msgs/deva_mdriver_msgs/msg/detail/m_world__type_support.h
-- Installing: /home/linjiawei/load_mcap/install/deva_mdriver_msgs/include/deva_mdriver_msgs/deva_mdriver_msgs/msg/detail/mdriver_meta_action__functions.c
-- Installing: /home/linjiawei/load_mcap/install/deva_mdriver_msgs/include/deva_mdriver_msgs/deva_mdriver_msgs/msg/detail/mdriver_meta_action__functions.h
-- Installing: /home/linjiawei/load_mcap/install/deva_mdriver_msgs/include/deva_mdriver_msgs/deva_mdriver_msgs/msg/detail/mdriver_meta_action__struct.h
-- Installing: /home/linjiawei/load_mcap/install/deva_mdriver_msgs/include/deva_mdriver_msgs/deva_mdriver_msgs/msg/detail/mdriver_meta_action__type_support.h
-- Installing: /home/linjiawei/load_mcap/install/deva_mdriver_msgs/include/deva_mdriver_msgs/deva_mdriver_msgs/msg/detail/mdriver_ref_line__functions.c
-- Installing: /home/linjiawei/load_mcap/install/deva_mdriver_msgs/include/deva_mdriver_msgs/deva_mdriver_msgs/msg/detail/mdriver_ref_line__functions.h
-- Installing: /home/linjiawei/load_mcap/install/deva_mdriver_msgs/include/deva_mdriver_msgs/deva_mdriver_msgs/msg/detail/mdriver_ref_line__struct.h
-- Installing: /home/linjiawei/load_mcap/install/deva_mdriver_msgs/include/deva_mdriver_msgs/deva_mdriver_msgs/msg/detail/mdriver_ref_line__type_support.h
-- Installing: /home/linjiawei/load_mcap/install/deva_mdriver_msgs/include/deva_mdriver_msgs/deva_mdriver_msgs/msg/detail/mdriver_ref_lines__functions.c
-- Installing: /home/linjiawei/load_mcap/install/deva_mdriver_msgs/include/deva_mdriver_msgs/deva_mdriver_msgs/msg/detail/mdriver_ref_lines__functions.h
-- Installing: /home/linjiawei/load_mcap/install/deva_mdriver_msgs/include/deva_mdriver_msgs/deva_mdriver_msgs/msg/detail/mdriver_ref_lines__struct.h
-- Installing: /home/linjiawei/load_mcap/install/deva_mdriver_msgs/include/deva_mdriver_msgs/deva_mdriver_msgs/msg/detail/mdriver_ref_lines__type_support.h
-- Installing: /home/linjiawei/load_mcap/install/deva_mdriver_msgs/include/deva_mdriver_msgs/deva_mdriver_msgs/msg/detail/mdriver_result__functions.c
-- Installing: /home/linjiawei/load_mcap/install/deva_mdriver_msgs/include/deva_mdriver_msgs/deva_mdriver_msgs/msg/detail/mdriver_result__functions.h
-- Installing: /home/linjiawei/load_mcap/install/deva_mdriver_msgs/include/deva_mdriver_msgs/deva_mdriver_msgs/msg/detail/mdriver_result__struct.h
-- Installing: /home/linjiawei/load_mcap/install/deva_mdriver_msgs/include/deva_mdriver_msgs/deva_mdriver_msgs/msg/detail/mdriver_result__type_support.h
-- Installing: /home/linjiawei/load_mcap/install/deva_mdriver_msgs/include/deva_mdriver_msgs/deva_mdriver_msgs/msg/detail/mean_variance__functions.c
-- Installing: /home/linjiawei/load_mcap/install/deva_mdriver_msgs/include/deva_mdriver_msgs/deva_mdriver_msgs/msg/detail/mean_variance__functions.h
-- Installing: /home/linjiawei/load_mcap/install/deva_mdriver_msgs/include/deva_mdriver_msgs/deva_mdriver_msgs/msg/detail/mean_variance__struct.h
-- Installing: /home/linjiawei/load_mcap/install/deva_mdriver_msgs/include/deva_mdriver_msgs/deva_mdriver_msgs/msg/detail/mean_variance__type_support.h
-- Installing: /home/linjiawei/load_mcap/install/deva_mdriver_msgs/include/deva_mdriver_msgs/deva_mdriver_msgs/msg/detail/nudge_buffer__functions.c
-- Installing: /home/linjiawei/load_mcap/install/deva_mdriver_msgs/include/deva_mdriver_msgs/deva_mdriver_msgs/msg/detail/nudge_buffer__functions.h
-- Installing: /home/linjiawei/load_mcap/install/deva_mdriver_msgs/include/deva_mdriver_msgs/deva_mdriver_msgs/msg/detail/nudge_buffer__struct.h
-- Installing: /home/linjiawei/load_mcap/install/deva_mdriver_msgs/include/deva_mdriver_msgs/deva_mdriver_msgs/msg/detail/nudge_buffer__type_support.h
-- Installing: /home/linjiawei/load_mcap/install/deva_mdriver_msgs/include/deva_mdriver_msgs/deva_mdriver_msgs/msg/detail/obstacle_nudge_buffer__functions.c
-- Installing: /home/linjiawei/load_mcap/install/deva_mdriver_msgs/include/deva_mdriver_msgs/deva_mdriver_msgs/msg/detail/obstacle_nudge_buffer__functions.h
-- Installing: /home/linjiawei/load_mcap/install/deva_mdriver_msgs/include/deva_mdriver_msgs/deva_mdriver_msgs/msg/detail/obstacle_nudge_buffer__struct.h
-- Installing: /home/linjiawei/load_mcap/install/deva_mdriver_msgs/include/deva_mdriver_msgs/deva_mdriver_msgs/msg/detail/obstacle_nudge_buffer__type_support.h
-- Installing: /home/linjiawei/load_mcap/install/deva_mdriver_msgs/include/deva_mdriver_msgs/deva_mdriver_msgs/msg/center_line.h
-- Installing: /home/linjiawei/load_mcap/install/deva_mdriver_msgs/include/deva_mdriver_msgs/deva_mdriver_msgs/msg/center_line_point.h
-- Installing: /home/linjiawei/load_mcap/install/deva_mdriver_msgs/include/deva_mdriver_msgs/deva_mdriver_msgs/msg/center_lines.h
-- Installing: /home/linjiawei/load_mcap/install/deva_mdriver_msgs/include/deva_mdriver_msgs/deva_mdriver_msgs/msg/debug_info.h
-- Installing: /home/linjiawei/load_mcap/install/deva_mdriver_msgs/include/deva_mdriver_msgs/deva_mdriver_msgs/msg/m_prediction_obstacle.h
-- Installing: /home/linjiawei/load_mcap/install/deva_mdriver_msgs/include/deva_mdriver_msgs/deva_mdriver_msgs/msg/m_world.h
-- Installing: /home/linjiawei/load_mcap/install/deva_mdriver_msgs/include/deva_mdriver_msgs/deva_mdriver_msgs/msg/mdriver_meta_action.h
-- Installing: /home/linjiawei/load_mcap/install/deva_mdriver_msgs/include/deva_mdriver_msgs/deva_mdriver_msgs/msg/mdriver_ref_line.h
-- Installing: /home/linjiawei/load_mcap/install/deva_mdriver_msgs/include/deva_mdriver_msgs/deva_mdriver_msgs/msg/mdriver_ref_lines.h
-- Installing: /home/linjiawei/load_mcap/install/deva_mdriver_msgs/include/deva_mdriver_msgs/deva_mdriver_msgs/msg/mdriver_result.h
-- Installing: /home/linjiawei/load_mcap/install/deva_mdriver_msgs/include/deva_mdriver_msgs/deva_mdriver_msgs/msg/mean_variance.h
-- Installing: /home/linjiawei/load_mcap/install/deva_mdriver_msgs/include/deva_mdriver_msgs/deva_mdriver_msgs/msg/nudge_buffer.h
-- Installing: /home/linjiawei/load_mcap/install/deva_mdriver_msgs/include/deva_mdriver_msgs/deva_mdriver_msgs/msg/obstacle_nudge_buffer.h
-- Installing: /home/linjiawei/load_mcap/install/deva_mdriver_msgs/share/deva_mdriver_msgs/environment/library_path.sh
-- Installing: /home/linjiawei/load_mcap/install/deva_mdriver_msgs/share/deva_mdriver_msgs/environment/library_path.dsv
-- Installing: /home/linjiawei/load_mcap/install/deva_mdriver_msgs/lib/libdeva_mdriver_msgs__rosidl_generator_c.so
-- Set runtime path of "/home/linjiawei/load_mcap/install/deva_mdriver_msgs/lib/libdeva_mdriver_msgs__rosidl_generator_c.so" to ""
-- Up-to-date: /home/linjiawei/load_mcap/install/deva_mdriver_msgs/include/deva_mdriver_msgs/deva_mdriver_msgs
-- Up-to-date: /home/linjiawei/load_mcap/install/deva_mdriver_msgs/include/deva_mdriver_msgs/deva_mdriver_msgs/msg
-- Installing: /home/linjiawei/load_mcap/install/deva_mdriver_msgs/include/deva_mdriver_msgs/deva_mdriver_msgs/msg/rosidl_typesupport_fastrtps_c__visibility_control.h
-- Up-to-date: /home/linjiawei/load_mcap/install/deva_mdriver_msgs/include/deva_mdriver_msgs/deva_mdriver_msgs/msg/detail
-- Installing: /home/linjiawei/load_mcap/install/deva_mdriver_msgs/include/deva_mdriver_msgs/deva_mdriver_msgs/msg/detail/acc_heading_steering_stats__rosidl_typesupport_fastrtps_c.h
-- Installing: /home/linjiawei/load_mcap/install/deva_mdriver_msgs/include/deva_mdriver_msgs/deva_mdriver_msgs/msg/detail/center_line__rosidl_typesupport_fastrtps_c.h
-- Installing: /home/linjiawei/load_mcap/install/deva_mdriver_msgs/include/deva_mdriver_msgs/deva_mdriver_msgs/msg/detail/center_line_point__rosidl_typesupport_fastrtps_c.h
-- Installing: /home/linjiawei/load_mcap/install/deva_mdriver_msgs/include/deva_mdriver_msgs/deva_mdriver_msgs/msg/detail/center_lines__rosidl_typesupport_fastrtps_c.h
-- Installing: /home/linjiawei/load_mcap/install/deva_mdriver_msgs/include/deva_mdriver_msgs/deva_mdriver_msgs/msg/detail/debug_info__rosidl_typesupport_fastrtps_c.h
-- Installing: /home/linjiawei/load_mcap/install/deva_mdriver_msgs/include/deva_mdriver_msgs/deva_mdriver_msgs/msg/detail/m_prediction_obstacle__rosidl_typesupport_fastrtps_c.h
-- Installing: /home/linjiawei/load_mcap/install/deva_mdriver_msgs/include/deva_mdriver_msgs/deva_mdriver_msgs/msg/detail/m_world__rosidl_typesupport_fastrtps_c.h
-- Installing: /home/linjiawei/load_mcap/install/deva_mdriver_msgs/include/deva_mdriver_msgs/deva_mdriver_msgs/msg/detail/mdriver_meta_action__rosidl_typesupport_fastrtps_c.h
-- Installing: /home/linjiawei/load_mcap/install/deva_mdriver_msgs/include/deva_mdriver_msgs/deva_mdriver_msgs/msg/detail/mdriver_ref_line__rosidl_typesupport_fastrtps_c.h
-- Installing: /home/linjiawei/load_mcap/install/deva_mdriver_msgs/include/deva_mdriver_msgs/deva_mdriver_msgs/msg/detail/mdriver_ref_lines__rosidl_typesupport_fastrtps_c.h
-- Installing: /home/linjiawei/load_mcap/install/deva_mdriver_msgs/include/deva_mdriver_msgs/deva_mdriver_msgs/msg/detail/mdriver_result__rosidl_typesupport_fastrtps_c.h
-- Installing: /home/linjiawei/load_mcap/install/deva_mdriver_msgs/include/deva_mdriver_msgs/deva_mdriver_msgs/msg/detail/mean_variance__rosidl_typesupport_fastrtps_c.h
-- Installing: /home/linjiawei/load_mcap/install/deva_mdriver_msgs/include/deva_mdriver_msgs/deva_mdriver_msgs/msg/detail/nudge_buffer__rosidl_typesupport_fastrtps_c.h
-- Installing: /home/linjiawei/load_mcap/install/deva_mdriver_msgs/include/deva_mdriver_msgs/deva_mdriver_msgs/msg/detail/obstacle_nudge_buffer__rosidl_typesupport_fastrtps_c.h
-- Installing: /home/linjiawei/load_mcap/install/deva_mdriver_msgs/lib/libdeva_mdriver_msgs__rosidl_typesupport_fastrtps_c.so
-- Set runtime path of "/home/linjiawei/load_mcap/install/deva_mdriver_msgs/lib/libdeva_mdriver_msgs__rosidl_typesupport_fastrtps_c.so" to ""
-- Up-to-date: /home/linjiawei/load_mcap/install/deva_mdriver_msgs/include/deva_mdriver_msgs/deva_mdriver_msgs
-- Up-to-date: /home/linjiawei/load_mcap/install/deva_mdriver_msgs/include/deva_mdriver_msgs/deva_mdriver_msgs/msg
-- Installing: /home/linjiawei/load_mcap/install/deva_mdriver_msgs/include/deva_mdriver_msgs/deva_mdriver_msgs/msg/rosidl_typesupport_introspection_c__visibility_control.h
-- Up-to-date: /home/linjiawei/load_mcap/install/deva_mdriver_msgs/include/deva_mdriver_msgs/deva_mdriver_msgs/msg/detail
-- Installing: /home/linjiawei/load_mcap/install/deva_mdriver_msgs/include/deva_mdriver_msgs/deva_mdriver_msgs/msg/detail/acc_heading_steering_stats__rosidl_typesupport_introspection_c.h
-- Installing: /home/linjiawei/load_mcap/install/deva_mdriver_msgs/include/deva_mdriver_msgs/deva_mdriver_msgs/msg/detail/acc_heading_steering_stats__type_support.c
-- Installing: /home/linjiawei/load_mcap/install/deva_mdriver_msgs/include/deva_mdriver_msgs/deva_mdriver_msgs/msg/detail/center_line__rosidl_typesupport_introspection_c.h
-- Installing: /home/linjiawei/load_mcap/install/deva_mdriver_msgs/include/deva_mdriver_msgs/deva_mdriver_msgs/msg/detail/center_line__type_support.c
-- Installing: /home/linjiawei/load_mcap/install/deva_mdriver_msgs/include/deva_mdriver_msgs/deva_mdriver_msgs/msg/detail/center_line_point__rosidl_typesupport_introspection_c.h
-- Installing: /home/linjiawei/load_mcap/install/deva_mdriver_msgs/include/deva_mdriver_msgs/deva_mdriver_msgs/msg/detail/center_line_point__type_support.c
-- Installing: /home/linjiawei/load_mcap/install/deva_mdriver_msgs/include/deva_mdriver_msgs/deva_mdriver_msgs/msg/detail/center_lines__rosidl_typesupport_introspection_c.h
-- Installing: /home/linjiawei/load_mcap/install/deva_mdriver_msgs/include/deva_mdriver_msgs/deva_mdriver_msgs/msg/detail/center_lines__type_support.c
-- Installing: /home/linjiawei/load_mcap/install/deva_mdriver_msgs/include/deva_mdriver_msgs/deva_mdriver_msgs/msg/detail/debug_info__rosidl_typesupport_introspection_c.h
-- Installing: /home/linjiawei/load_mcap/install/deva_mdriver_msgs/include/deva_mdriver_msgs/deva_mdriver_msgs/msg/detail/debug_info__type_support.c
-- Installing: /home/linjiawei/load_mcap/install/deva_mdriver_msgs/include/deva_mdriver_msgs/deva_mdriver_msgs/msg/detail/m_prediction_obstacle__rosidl_typesupport_introspection_c.h
-- Installing: /home/linjiawei/load_mcap/install/deva_mdriver_msgs/include/deva_mdriver_msgs/deva_mdriver_msgs/msg/detail/m_prediction_obstacle__type_support.c
-- Installing: /home/linjiawei/load_mcap/install/deva_mdriver_msgs/include/deva_mdriver_msgs/deva_mdriver_msgs/msg/detail/m_world__rosidl_typesupport_introspection_c.h
-- Installing: /home/linjiawei/load_mcap/install/deva_mdriver_msgs/include/deva_mdriver_msgs/deva_mdriver_msgs/msg/detail/m_world__type_support.c
-- Installing: /home/linjiawei/load_mcap/install/deva_mdriver_msgs/include/deva_mdriver_msgs/deva_mdriver_msgs/msg/detail/mdriver_meta_action__rosidl_typesupport_introspection_c.h
-- Installing: /home/linjiawei/load_mcap/install/deva_mdriver_msgs/include/deva_mdriver_msgs/deva_mdriver_msgs/msg/detail/mdriver_meta_action__type_support.c
-- Installing: /home/linjiawei/load_mcap/install/deva_mdriver_msgs/include/deva_mdriver_msgs/deva_mdriver_msgs/msg/detail/mdriver_ref_line__rosidl_typesupport_introspection_c.h
-- Installing: /home/linjiawei/load_mcap/install/deva_mdriver_msgs/include/deva_mdriver_msgs/deva_mdriver_msgs/msg/detail/mdriver_ref_line__type_support.c
-- Installing: /home/linjiawei/load_mcap/install/deva_mdriver_msgs/include/deva_mdriver_msgs/deva_mdriver_msgs/msg/detail/mdriver_ref_lines__rosidl_typesupport_introspection_c.h
-- Installing: /home/linjiawei/load_mcap/install/deva_mdriver_msgs/include/deva_mdriver_msgs/deva_mdriver_msgs/msg/detail/mdriver_ref_lines__type_support.c
-- Installing: /home/linjiawei/load_mcap/install/deva_mdriver_msgs/include/deva_mdriver_msgs/deva_mdriver_msgs/msg/detail/mdriver_result__rosidl_typesupport_introspection_c.h
-- Installing: /home/linjiawei/load_mcap/install/deva_mdriver_msgs/include/deva_mdriver_msgs/deva_mdriver_msgs/msg/detail/mdriver_result__type_support.c
-- Installing: /home/linjiawei/load_mcap/install/deva_mdriver_msgs/include/deva_mdriver_msgs/deva_mdriver_msgs/msg/detail/mean_variance__rosidl_typesupport_introspection_c.h
-- Installing: /home/linjiawei/load_mcap/install/deva_mdriver_msgs/include/deva_mdriver_msgs/deva_mdriver_msgs/msg/detail/mean_variance__type_support.c
-- Installing: /home/linjiawei/load_mcap/install/deva_mdriver_msgs/include/deva_mdriver_msgs/deva_mdriver_msgs/msg/detail/nudge_buffer__rosidl_typesupport_introspection_c.h
-- Installing: /home/linjiawei/load_mcap/install/deva_mdriver_msgs/include/deva_mdriver_msgs/deva_mdriver_msgs/msg/detail/nudge_buffer__type_support.c
-- Installing: /home/linjiawei/load_mcap/install/deva_mdriver_msgs/include/deva_mdriver_msgs/deva_mdriver_msgs/msg/detail/obstacle_nudge_buffer__rosidl_typesupport_introspection_c.h
-- Installing: /home/linjiawei/load_mcap/install/deva_mdriver_msgs/include/deva_mdriver_msgs/deva_mdriver_msgs/msg/detail/obstacle_nudge_buffer__type_support.c
-- Installing: /home/linjiawei/load_mcap/install/deva_mdriver_msgs/lib/libdeva_mdriver_msgs__rosidl_typesupport_introspection_c.so
-- Set runtime path of "/home/linjiawei/load_mcap/install/deva_mdriver_msgs/lib/libdeva_mdriver_msgs__rosidl_typesupport_introspection_c.so" to ""
-- Installing: /home/linjiawei/load_mcap/install/deva_mdriver_msgs/lib/libdeva_mdriver_msgs__rosidl_typesupport_c.so
-- Set runtime path of "/home/linjiawei/load_mcap/install/deva_mdriver_msgs/lib/libdeva_mdriver_msgs__rosidl_typesupport_c.so" to ""
-- Up-to-date: /home/linjiawei/load_mcap/install/deva_mdriver_msgs/include/deva_mdriver_msgs/deva_mdriver_msgs
-- Up-to-date: /home/linjiawei/load_mcap/install/deva_mdriver_msgs/include/deva_mdriver_msgs/deva_mdriver_msgs/msg
-- Installing: /home/linjiawei/load_mcap/install/deva_mdriver_msgs/include/deva_mdriver_msgs/deva_mdriver_msgs/msg/rosidl_generator_cpp__visibility_control.hpp
-- Installing: /home/linjiawei/load_mcap/install/deva_mdriver_msgs/include/deva_mdriver_msgs/deva_mdriver_msgs/msg/acc_heading_steering_stats.hpp
-- Up-to-date: /home/linjiawei/load_mcap/install/deva_mdriver_msgs/include/deva_mdriver_msgs/deva_mdriver_msgs/msg/detail
-- Installing: /home/linjiawei/load_mcap/install/deva_mdriver_msgs/include/deva_mdriver_msgs/deva_mdriver_msgs/msg/detail/acc_heading_steering_stats__builder.hpp
-- Installing: /home/linjiawei/load_mcap/install/deva_mdriver_msgs/include/deva_mdriver_msgs/deva_mdriver_msgs/msg/detail/acc_heading_steering_stats__struct.hpp
-- Installing: /home/linjiawei/load_mcap/install/deva_mdriver_msgs/include/deva_mdriver_msgs/deva_mdriver_msgs/msg/detail/acc_heading_steering_stats__traits.hpp
-- Installing: /home/linjiawei/load_mcap/install/deva_mdriver_msgs/include/deva_mdriver_msgs/deva_mdriver_msgs/msg/detail/acc_heading_steering_stats__type_support.hpp
-- Installing: /home/linjiawei/load_mcap/install/deva_mdriver_msgs/include/deva_mdriver_msgs/deva_mdriver_msgs/msg/detail/center_line__builder.hpp
-- Installing: /home/linjiawei/load_mcap/install/deva_mdriver_msgs/include/deva_mdriver_msgs/deva_mdriver_msgs/msg/detail/center_line__struct.hpp
-- Installing: /home/linjiawei/load_mcap/install/deva_mdriver_msgs/include/deva_mdriver_msgs/deva_mdriver_msgs/msg/detail/center_line__traits.hpp
-- Installing: /home/linjiawei/load_mcap/install/deva_mdriver_msgs/include/deva_mdriver_msgs/deva_mdriver_msgs/msg/detail/center_line__type_support.hpp
-- Installing: /home/linjiawei/load_mcap/install/deva_mdriver_msgs/include/deva_mdriver_msgs/deva_mdriver_msgs/msg/detail/center_line_point__builder.hpp
-- Installing: /home/linjiawei/load_mcap/install/deva_mdriver_msgs/include/deva_mdriver_msgs/deva_mdriver_msgs/msg/detail/center_line_point__struct.hpp
-- Installing: /home/linjiawei/load_mcap/install/deva_mdriver_msgs/include/deva_mdriver_msgs/deva_mdriver_msgs/msg/detail/center_line_point__traits.hpp
-- Installing: /home/linjiawei/load_mcap/install/deva_mdriver_msgs/include/deva_mdriver_msgs/deva_mdriver_msgs/msg/detail/center_line_point__type_support.hpp
-- Installing: /home/linjiawei/load_mcap/install/deva_mdriver_msgs/include/deva_mdriver_msgs/deva_mdriver_msgs/msg/detail/center_lines__builder.hpp
-- Installing: /home/linjiawei/load_mcap/install/deva_mdriver_msgs/include/deva_mdriver_msgs/deva_mdriver_msgs/msg/detail/center_lines__struct.hpp
-- Installing: /home/linjiawei/load_mcap/install/deva_mdriver_msgs/include/deva_mdriver_msgs/deva_mdriver_msgs/msg/detail/center_lines__traits.hpp
-- Installing: /home/linjiawei/load_mcap/install/deva_mdriver_msgs/include/deva_mdriver_msgs/deva_mdriver_msgs/msg/detail/center_lines__type_support.hpp
-- Installing: /home/linjiawei/load_mcap/install/deva_mdriver_msgs/include/deva_mdriver_msgs/deva_mdriver_msgs/msg/detail/debug_info__builder.hpp
-- Installing: /home/linjiawei/load_mcap/install/deva_mdriver_msgs/include/deva_mdriver_msgs/deva_mdriver_msgs/msg/detail/debug_info__struct.hpp
-- Installing: /home/linjiawei/load_mcap/install/deva_mdriver_msgs/include/deva_mdriver_msgs/deva_mdriver_msgs/msg/detail/debug_info__traits.hpp
-- Installing: /home/linjiawei/load_mcap/install/deva_mdriver_msgs/include/deva_mdriver_msgs/deva_mdriver_msgs/msg/detail/debug_info__type_support.hpp
-- Installing: /home/linjiawei/load_mcap/install/deva_mdriver_msgs/include/deva_mdriver_msgs/deva_mdriver_msgs/msg/detail/m_prediction_obstacle__builder.hpp
-- Installing: /home/linjiawei/load_mcap/install/deva_mdriver_msgs/include/deva_mdriver_msgs/deva_mdriver_msgs/msg/detail/m_prediction_obstacle__struct.hpp
-- Installing: /home/linjiawei/load_mcap/install/deva_mdriver_msgs/include/deva_mdriver_msgs/deva_mdriver_msgs/msg/detail/m_prediction_obstacle__traits.hpp
-- Installing: /home/linjiawei/load_mcap/install/deva_mdriver_msgs/include/deva_mdriver_msgs/deva_mdriver_msgs/msg/detail/m_prediction_obstacle__type_support.hpp
-- Installing: /home/linjiawei/load_mcap/install/deva_mdriver_msgs/include/deva_mdriver_msgs/deva_mdriver_msgs/msg/detail/m_world__builder.hpp
-- Installing: /home/linjiawei/load_mcap/install/deva_mdriver_msgs/include/deva_mdriver_msgs/deva_mdriver_msgs/msg/detail/m_world__struct.hpp
-- Installing: /home/linjiawei/load_mcap/install/deva_mdriver_msgs/include/deva_mdriver_msgs/deva_mdriver_msgs/msg/detail/m_world__traits.hpp
-- Installing: /home/linjiawei/load_mcap/install/deva_mdriver_msgs/include/deva_mdriver_msgs/deva_mdriver_msgs/msg/detail/m_world__type_support.hpp
-- Installing: /home/linjiawei/load_mcap/install/deva_mdriver_msgs/include/deva_mdriver_msgs/deva_mdriver_msgs/msg/detail/mdriver_meta_action__builder.hpp
-- Installing: /home/linjiawei/load_mcap/install/deva_mdriver_msgs/include/deva_mdriver_msgs/deva_mdriver_msgs/msg/detail/mdriver_meta_action__struct.hpp
-- Installing: /home/linjiawei/load_mcap/install/deva_mdriver_msgs/include/deva_mdriver_msgs/deva_mdriver_msgs/msg/detail/mdriver_meta_action__traits.hpp
-- Installing: /home/linjiawei/load_mcap/install/deva_mdriver_msgs/include/deva_mdriver_msgs/deva_mdriver_msgs/msg/detail/mdriver_meta_action__type_support.hpp
-- Installing: /home/linjiawei/load_mcap/install/deva_mdriver_msgs/include/deva_mdriver_msgs/deva_mdriver_msgs/msg/detail/mdriver_ref_line__builder.hpp
-- Installing: /home/linjiawei/load_mcap/install/deva_mdriver_msgs/include/deva_mdriver_msgs/deva_mdriver_msgs/msg/detail/mdriver_ref_line__struct.hpp
-- Installing: /home/linjiawei/load_mcap/install/deva_mdriver_msgs/include/deva_mdriver_msgs/deva_mdriver_msgs/msg/detail/mdriver_ref_line__traits.hpp
-- Installing: /home/linjiawei/load_mcap/install/deva_mdriver_msgs/include/deva_mdriver_msgs/deva_mdriver_msgs/msg/detail/mdriver_ref_line__type_support.hpp
-- Installing: /home/linjiawei/load_mcap/install/deva_mdriver_msgs/include/deva_mdriver_msgs/deva_mdriver_msgs/msg/detail/mdriver_ref_lines__builder.hpp
-- Installing: /home/linjiawei/load_mcap/install/deva_mdriver_msgs/include/deva_mdriver_msgs/deva_mdriver_msgs/msg/detail/mdriver_ref_lines__struct.hpp
-- Installing: /home/linjiawei/load_mcap/install/deva_mdriver_msgs/include/deva_mdriver_msgs/deva_mdriver_msgs/msg/detail/mdriver_ref_lines__traits.hpp
-- Installing: /home/linjiawei/load_mcap/install/deva_mdriver_msgs/include/deva_mdriver_msgs/deva_mdriver_msgs/msg/detail/mdriver_ref_lines__type_support.hpp
-- Installing: /home/linjiawei/load_mcap/install/deva_mdriver_msgs/include/deva_mdriver_msgs/deva_mdriver_msgs/msg/detail/mdriver_result__builder.hpp
-- Installing: /home/linjiawei/load_mcap/install/deva_mdriver_msgs/include/deva_mdriver_msgs/deva_mdriver_msgs/msg/detail/mdriver_result__struct.hpp
-- Installing: /home/linjiawei/load_mcap/install/deva_mdriver_msgs/include/deva_mdriver_msgs/deva_mdriver_msgs/msg/detail/mdriver_result__traits.hpp
-- Installing: /home/linjiawei/load_mcap/install/deva_mdriver_msgs/include/deva_mdriver_msgs/deva_mdriver_msgs/msg/detail/mdriver_result__type_support.hpp
-- Installing: /home/linjiawei/load_mcap/install/deva_mdriver_msgs/include/deva_mdriver_msgs/deva_mdriver_msgs/msg/detail/mean_variance__builder.hpp
-- Installing: /home/linjiawei/load_mcap/install/deva_mdriver_msgs/include/deva_mdriver_msgs/deva_mdriver_msgs/msg/detail/mean_variance__struct.hpp
-- Installing: /home/linjiawei/load_mcap/install/deva_mdriver_msgs/include/deva_mdriver_msgs/deva_mdriver_msgs/msg/detail/mean_variance__traits.hpp
-- Installing: /home/linjiawei/load_mcap/install/deva_mdriver_msgs/include/deva_mdriver_msgs/deva_mdriver_msgs/msg/detail/mean_variance__type_support.hpp
-- Installing: /home/linjiawei/load_mcap/install/deva_mdriver_msgs/include/deva_mdriver_msgs/deva_mdriver_msgs/msg/detail/nudge_buffer__builder.hpp
-- Installing: /home/linjiawei/load_mcap/install/deva_mdriver_msgs/include/deva_mdriver_msgs/deva_mdriver_msgs/msg/detail/nudge_buffer__struct.hpp
-- Installing: /home/linjiawei/load_mcap/install/deva_mdriver_msgs/include/deva_mdriver_msgs/deva_mdriver_msgs/msg/detail/nudge_buffer__traits.hpp
-- Installing: /home/linjiawei/load_mcap/install/deva_mdriver_msgs/include/deva_mdriver_msgs/deva_mdriver_msgs/msg/detail/nudge_buffer__type_support.hpp
-- Installing: /home/linjiawei/load_mcap/install/deva_mdriver_msgs/include/deva_mdriver_msgs/deva_mdriver_msgs/msg/detail/obstacle_nudge_buffer__builder.hpp
-- Installing: /home/linjiawei/load_mcap/install/deva_mdriver_msgs/include/deva_mdriver_msgs/deva_mdriver_msgs/msg/detail/obstacle_nudge_buffer__struct.hpp
-- Installing: /home/linjiawei/load_mcap/install/deva_mdriver_msgs/include/deva_mdriver_msgs/deva_mdriver_msgs/msg/detail/obstacle_nudge_buffer__traits.hpp
-- Installing: /home/linjiawei/load_mcap/install/deva_mdriver_msgs/include/deva_mdriver_msgs/deva_mdriver_msgs/msg/detail/obstacle_nudge_buffer__type_support.hpp
-- Installing: /home/linjiawei/load_mcap/install/deva_mdriver_msgs/include/deva_mdriver_msgs/deva_mdriver_msgs/msg/center_line.hpp
-- Installing: /home/linjiawei/load_mcap/install/deva_mdriver_msgs/include/deva_mdriver_msgs/deva_mdriver_msgs/msg/center_line_point.hpp
-- Installing: /home/linjiawei/load_mcap/install/deva_mdriver_msgs/include/deva_mdriver_msgs/deva_mdriver_msgs/msg/center_lines.hpp
-- Installing: /home/linjiawei/load_mcap/install/deva_mdriver_msgs/include/deva_mdriver_msgs/deva_mdriver_msgs/msg/debug_info.hpp
-- Installing: /home/linjiawei/load_mcap/install/deva_mdriver_msgs/include/deva_mdriver_msgs/deva_mdriver_msgs/msg/m_prediction_obstacle.hpp
-- Installing: /home/linjiawei/load_mcap/install/deva_mdriver_msgs/include/deva_mdriver_msgs/deva_mdriver_msgs/msg/m_world.hpp
-- Installing: /home/linjiawei/load_mcap/install/deva_mdriver_msgs/include/deva_mdriver_msgs/deva_mdriver_msgs/msg/mdriver_meta_action.hpp
-- Installing: /home/linjiawei/load_mcap/install/deva_mdriver_msgs/include/deva_mdriver_msgs/deva_mdriver_msgs/msg/mdriver_ref_line.hpp
-- Installing: /home/linjiawei/load_mcap/install/deva_mdriver_msgs/include/deva_mdriver_msgs/deva_mdriver_msgs/msg/mdriver_ref_lines.hpp
-- Installing: /home/linjiawei/load_mcap/install/deva_mdriver_msgs/include/deva_mdriver_msgs/deva_mdriver_msgs/msg/mdriver_result.hpp
-- Installing: /home/linjiawei/load_mcap/install/deva_mdriver_msgs/include/deva_mdriver_msgs/deva_mdriver_msgs/msg/mean_variance.hpp
-- Installing: /home/linjiawei/load_mcap/install/deva_mdriver_msgs/include/deva_mdriver_msgs/deva_mdriver_msgs/msg/nudge_buffer.hpp
-- Installing: /home/linjiawei/load_mcap/install/deva_mdriver_msgs/include/deva_mdriver_msgs/deva_mdriver_msgs/msg/obstacle_nudge_buffer.hpp
-- Up-to-date: /home/linjiawei/load_mcap/install/deva_mdriver_msgs/include/deva_mdriver_msgs/deva_mdriver_msgs
-- Up-to-date: /home/linjiawei/load_mcap/install/deva_mdriver_msgs/include/deva_mdriver_msgs/deva_mdriver_msgs/msg
-- Installing: /home/linjiawei/load_mcap/install/deva_mdriver_msgs/include/deva_mdriver_msgs/deva_mdriver_msgs/msg/rosidl_typesupport_fastrtps_cpp__visibility_control.h
-- Up-to-date: /home/linjiawei/load_mcap/install/deva_mdriver_msgs/include/deva_mdriver_msgs/deva_mdriver_msgs/msg/detail
-- Installing: /home/linjiawei/load_mcap/install/deva_mdriver_msgs/include/deva_mdriver_msgs/deva_mdriver_msgs/msg/detail/acc_heading_steering_stats__rosidl_typesupport_fastrtps_cpp.hpp
-- Installing: /home/linjiawei/load_mcap/install/deva_mdriver_msgs/include/deva_mdriver_msgs/deva_mdriver_msgs/msg/detail/dds_fastrtps
-- Installing: /home/linjiawei/load_mcap/install/deva_mdriver_msgs/include/deva_mdriver_msgs/deva_mdriver_msgs/msg/detail/center_line__rosidl_typesupport_fastrtps_cpp.hpp
-- Installing: /home/linjiawei/load_mcap/install/deva_mdriver_msgs/include/deva_mdriver_msgs/deva_mdriver_msgs/msg/detail/center_line_point__rosidl_typesupport_fastrtps_cpp.hpp
-- Installing: /home/linjiawei/load_mcap/install/deva_mdriver_msgs/include/deva_mdriver_msgs/deva_mdriver_msgs/msg/detail/center_lines__rosidl_typesupport_fastrtps_cpp.hpp
-- Installing: /home/linjiawei/load_mcap/install/deva_mdriver_msgs/include/deva_mdriver_msgs/deva_mdriver_msgs/msg/detail/debug_info__rosidl_typesupport_fastrtps_cpp.hpp
-- Installing: /home/linjiawei/load_mcap/install/deva_mdriver_msgs/include/deva_mdriver_msgs/deva_mdriver_msgs/msg/detail/m_prediction_obstacle__rosidl_typesupport_fastrtps_cpp.hpp
-- Installing: /home/linjiawei/load_mcap/install/deva_mdriver_msgs/include/deva_mdriver_msgs/deva_mdriver_msgs/msg/detail/m_world__rosidl_typesupport_fastrtps_cpp.hpp
-- Installing: /home/linjiawei/load_mcap/install/deva_mdriver_msgs/include/deva_mdriver_msgs/deva_mdriver_msgs/msg/detail/mdriver_meta_action__rosidl_typesupport_fastrtps_cpp.hpp
-- Installing: /home/linjiawei/load_mcap/install/deva_mdriver_msgs/include/deva_mdriver_msgs/deva_mdriver_msgs/msg/detail/mdriver_ref_line__rosidl_typesupport_fastrtps_cpp.hpp
-- Installing: /home/linjiawei/load_mcap/install/deva_mdriver_msgs/include/deva_mdriver_msgs/deva_mdriver_msgs/msg/detail/mdriver_ref_lines__rosidl_typesupport_fastrtps_cpp.hpp
-- Installing: /home/linjiawei/load_mcap/install/deva_mdriver_msgs/include/deva_mdriver_msgs/deva_mdriver_msgs/msg/detail/mdriver_result__rosidl_typesupport_fastrtps_cpp.hpp
-- Installing: /home/linjiawei/load_mcap/install/deva_mdriver_msgs/include/deva_mdriver_msgs/deva_mdriver_msgs/msg/detail/mean_variance__rosidl_typesupport_fastrtps_cpp.hpp
-- Installing: /home/linjiawei/load_mcap/install/deva_mdriver_msgs/include/deva_mdriver_msgs/deva_mdriver_msgs/msg/detail/nudge_buffer__rosidl_typesupport_fastrtps_cpp.hpp
-- Installing: /home/linjiawei/load_mcap/install/deva_mdriver_msgs/include/deva_mdriver_msgs/deva_mdriver_msgs/msg/detail/obstacle_nudge_buffer__rosidl_typesupport_fastrtps_cpp.hpp
-- Installing: /home/linjiawei/load_mcap/install/deva_mdriver_msgs/lib/libdeva_mdriver_msgs__rosidl_typesupport_fastrtps_cpp.so
-- Set runtime path of "/home/linjiawei/load_mcap/install/deva_mdriver_msgs/lib/libdeva_mdriver_msgs__rosidl_typesupport_fastrtps_cpp.so" to ""
-- Up-to-date: /home/linjiawei/load_mcap/install/deva_mdriver_msgs/include/deva_mdriver_msgs/deva_mdriver_msgs
-- Up-to-date: /home/linjiawei/load_mcap/install/deva_mdriver_msgs/include/deva_mdriver_msgs/deva_mdriver_msgs/msg
-- Up-to-date: /home/linjiawei/load_mcap/install/deva_mdriver_msgs/include/deva_mdriver_msgs/deva_mdriver_msgs/msg/detail
-- Installing: /home/linjiawei/load_mcap/install/deva_mdriver_msgs/include/deva_mdriver_msgs/deva_mdriver_msgs/msg/detail/acc_heading_steering_stats__rosidl_typesupport_introspection_cpp.hpp
-- Installing: /home/linjiawei/load_mcap/install/deva_mdriver_msgs/include/deva_mdriver_msgs/deva_mdriver_msgs/msg/detail/acc_heading_steering_stats__type_support.cpp
-- Installing: /home/linjiawei/load_mcap/install/deva_mdriver_msgs/include/deva_mdriver_msgs/deva_mdriver_msgs/msg/detail/center_line__rosidl_typesupport_introspection_cpp.hpp
-- Installing: /home/linjiawei/load_mcap/install/deva_mdriver_msgs/include/deva_mdriver_msgs/deva_mdriver_msgs/msg/detail/center_line__type_support.cpp
-- Installing: /home/linjiawei/load_mcap/install/deva_mdriver_msgs/include/deva_mdriver_msgs/deva_mdriver_msgs/msg/detail/center_line_point__rosidl_typesupport_introspection_cpp.hpp
-- Installing: /home/linjiawei/load_mcap/install/deva_mdriver_msgs/include/deva_mdriver_msgs/deva_mdriver_msgs/msg/detail/center_line_point__type_support.cpp
-- Installing: /home/linjiawei/load_mcap/install/deva_mdriver_msgs/include/deva_mdriver_msgs/deva_mdriver_msgs/msg/detail/center_lines__rosidl_typesupport_introspection_cpp.hpp
-- Installing: /home/linjiawei/load_mcap/install/deva_mdriver_msgs/include/deva_mdriver_msgs/deva_mdriver_msgs/msg/detail/center_lines__type_support.cpp
-- Installing: /home/linjiawei/load_mcap/install/deva_mdriver_msgs/include/deva_mdriver_msgs/deva_mdriver_msgs/msg/detail/debug_info__rosidl_typesupport_introspection_cpp.hpp
-- Installing: /home/linjiawei/load_mcap/install/deva_mdriver_msgs/include/deva_mdriver_msgs/deva_mdriver_msgs/msg/detail/debug_info__type_support.cpp
-- Installing: /home/linjiawei/load_mcap/install/deva_mdriver_msgs/include/deva_mdriver_msgs/deva_mdriver_msgs/msg/detail/m_prediction_obstacle__rosidl_typesupport_introspection_cpp.hpp
-- Installing: /home/linjiawei/load_mcap/install/deva_mdriver_msgs/include/deva_mdriver_msgs/deva_mdriver_msgs/msg/detail/m_prediction_obstacle__type_support.cpp
-- Installing: /home/linjiawei/load_mcap/install/deva_mdriver_msgs/include/deva_mdriver_msgs/deva_mdriver_msgs/msg/detail/m_world__rosidl_typesupport_introspection_cpp.hpp
-- Installing: /home/linjiawei/load_mcap/install/deva_mdriver_msgs/include/deva_mdriver_msgs/deva_mdriver_msgs/msg/detail/m_world__type_support.cpp
-- Installing: /home/linjiawei/load_mcap/install/deva_mdriver_msgs/include/deva_mdriver_msgs/deva_mdriver_msgs/msg/detail/mdriver_meta_action__rosidl_typesupport_introspection_cpp.hpp
-- Installing: /home/linjiawei/load_mcap/install/deva_mdriver_msgs/include/deva_mdriver_msgs/deva_mdriver_msgs/msg/detail/mdriver_meta_action__type_support.cpp
-- Installing: /home/linjiawei/load_mcap/install/deva_mdriver_msgs/include/deva_mdriver_msgs/deva_mdriver_msgs/msg/detail/mdriver_ref_line__rosidl_typesupport_introspection_cpp.hpp
-- Installing: /home/linjiawei/load_mcap/install/deva_mdriver_msgs/include/deva_mdriver_msgs/deva_mdriver_msgs/msg/detail/mdriver_ref_line__type_support.cpp
-- Installing: /home/linjiawei/load_mcap/install/deva_mdriver_msgs/include/deva_mdriver_msgs/deva_mdriver_msgs/msg/detail/mdriver_ref_lines__rosidl_typesupport_introspection_cpp.hpp
-- Installing: /home/linjiawei/load_mcap/install/deva_mdriver_msgs/include/deva_mdriver_msgs/deva_mdriver_msgs/msg/detail/mdriver_ref_lines__type_support.cpp
-- Installing: /home/linjiawei/load_mcap/install/deva_mdriver_msgs/include/deva_mdriver_msgs/deva_mdriver_msgs/msg/detail/mdriver_result__rosidl_typesupport_introspection_cpp.hpp
-- Installing: /home/linjiawei/load_mcap/install/deva_mdriver_msgs/include/deva_mdriver_msgs/deva_mdriver_msgs/msg/detail/mdriver_result__type_support.cpp
-- Installing: /home/linjiawei/load_mcap/install/deva_mdriver_msgs/include/deva_mdriver_msgs/deva_mdriver_msgs/msg/detail/mean_variance__rosidl_typesupport_introspection_cpp.hpp
-- Installing: /home/linjiawei/load_mcap/install/deva_mdriver_msgs/include/deva_mdriver_msgs/deva_mdriver_msgs/msg/detail/mean_variance__type_support.cpp
-- Installing: /home/linjiawei/load_mcap/install/deva_mdriver_msgs/include/deva_mdriver_msgs/deva_mdriver_msgs/msg/detail/nudge_buffer__rosidl_typesupport_introspection_cpp.hpp
-- Installing: /home/linjiawei/load_mcap/install/deva_mdriver_msgs/include/deva_mdriver_msgs/deva_mdriver_msgs/msg/detail/nudge_buffer__type_support.cpp
-- Installing: /home/linjiawei/load_mcap/install/deva_mdriver_msgs/include/deva_mdriver_msgs/deva_mdriver_msgs/msg/detail/obstacle_nudge_buffer__rosidl_typesupport_introspection_cpp.hpp
-- Installing: /home/linjiawei/load_mcap/install/deva_mdriver_msgs/include/deva_mdriver_msgs/deva_mdriver_msgs/msg/detail/obstacle_nudge_buffer__type_support.cpp
-- Installing: /home/linjiawei/load_mcap/install/deva_mdriver_msgs/lib/libdeva_mdriver_msgs__rosidl_typesupport_introspection_cpp.so
-- Set runtime path of "/home/linjiawei/load_mcap/install/deva_mdriver_msgs/lib/libdeva_mdriver_msgs__rosidl_typesupport_introspection_cpp.so" to ""
-- Installing: /home/linjiawei/load_mcap/install/deva_mdriver_msgs/lib/libdeva_mdriver_msgs__rosidl_typesupport_cpp.so
-- Set runtime path of "/home/linjiawei/load_mcap/install/deva_mdriver_msgs/lib/libdeva_mdriver_msgs__rosidl_typesupport_cpp.so" to ""
-- Installing: /home/linjiawei/load_mcap/install/deva_mdriver_msgs/share/deva_mdriver_msgs/environment/pythonpath.sh
-- Installing: /home/linjiawei/load_mcap/install/deva_mdriver_msgs/share/deva_mdriver_msgs/environment/pythonpath.dsv
-- Installing: /home/linjiawei/load_mcap/install/deva_mdriver_msgs/local/lib/python3.10/dist-packages/deva_mdriver_msgs-0.0.0-py3.10.egg-info
-- Installing: /home/linjiawei/load_mcap/install/deva_mdriver_msgs/local/lib/python3.10/dist-packages/deva_mdriver_msgs-0.0.0-py3.10.egg-info/PKG-INFO
-- Installing: /home/linjiawei/load_mcap/install/deva_mdriver_msgs/local/lib/python3.10/dist-packages/deva_mdriver_msgs-0.0.0-py3.10.egg-info/dependency_links.txt
-- Installing: /home/linjiawei/load_mcap/install/deva_mdriver_msgs/local/lib/python3.10/dist-packages/deva_mdriver_msgs-0.0.0-py3.10.egg-info/top_level.txt
-- Installing: /home/linjiawei/load_mcap/install/deva_mdriver_msgs/local/lib/python3.10/dist-packages/deva_mdriver_msgs-0.0.0-py3.10.egg-info/SOURCES.txt
-- Installing: /home/linjiawei/load_mcap/install/deva_mdriver_msgs/local/lib/python3.10/dist-packages/deva_mdriver_msgs
-- Installing: /home/linjiawei/load_mcap/install/deva_mdriver_msgs/local/lib/python3.10/dist-packages/deva_mdriver_msgs/__init__.py
-- Installing: /home/linjiawei/load_mcap/install/deva_mdriver_msgs/local/lib/python3.10/dist-packages/deva_mdriver_msgs/msg
-- Installing: /home/linjiawei/load_mcap/install/deva_mdriver_msgs/local/lib/python3.10/dist-packages/deva_mdriver_msgs/msg/_acc_heading_steering_stats.py
-- Installing: /home/linjiawei/load_mcap/install/deva_mdriver_msgs/local/lib/python3.10/dist-packages/deva_mdriver_msgs/msg/_acc_heading_steering_stats_s.c
-- Installing: /home/linjiawei/load_mcap/install/deva_mdriver_msgs/local/lib/python3.10/dist-packages/deva_mdriver_msgs/msg/_center_line.py
-- Installing: /home/linjiawei/load_mcap/install/deva_mdriver_msgs/local/lib/python3.10/dist-packages/deva_mdriver_msgs/msg/_center_line_s.c
-- Installing: /home/linjiawei/load_mcap/install/deva_mdriver_msgs/local/lib/python3.10/dist-packages/deva_mdriver_msgs/msg/_center_line_point.py
-- Installing: /home/linjiawei/load_mcap/install/deva_mdriver_msgs/local/lib/python3.10/dist-packages/deva_mdriver_msgs/msg/_center_line_point_s.c
-- Installing: /home/linjiawei/load_mcap/install/deva_mdriver_msgs/local/lib/python3.10/dist-packages/deva_mdriver_msgs/msg/_center_lines.py
-- Installing: /home/linjiawei/load_mcap/install/deva_mdriver_msgs/local/lib/python3.10/dist-packages/deva_mdriver_msgs/msg/_center_lines_s.c
-- Installing: /home/linjiawei/load_mcap/install/deva_mdriver_msgs/local/lib/python3.10/dist-packages/deva_mdriver_msgs/msg/_debug_info.py
-- Installing: /home/linjiawei/load_mcap/install/deva_mdriver_msgs/local/lib/python3.10/dist-packages/deva_mdriver_msgs/msg/_debug_info_s.c
-- Installing: /home/linjiawei/load_mcap/install/deva_mdriver_msgs/local/lib/python3.10/dist-packages/deva_mdriver_msgs/msg/_m_prediction_obstacle.py
-- Installing: /home/linjiawei/load_mcap/install/deva_mdriver_msgs/local/lib/python3.10/dist-packages/deva_mdriver_msgs/msg/_m_prediction_obstacle_s.c
-- Installing: /home/linjiawei/load_mcap/install/deva_mdriver_msgs/local/lib/python3.10/dist-packages/deva_mdriver_msgs/msg/_m_world.py
-- Installing: /home/linjiawei/load_mcap/install/deva_mdriver_msgs/local/lib/python3.10/dist-packages/deva_mdriver_msgs/msg/_m_world_s.c
-- Installing: /home/linjiawei/load_mcap/install/deva_mdriver_msgs/local/lib/python3.10/dist-packages/deva_mdriver_msgs/msg/_mdriver_meta_action.py
-- Installing: /home/linjiawei/load_mcap/install/deva_mdriver_msgs/local/lib/python3.10/dist-packages/deva_mdriver_msgs/msg/_mdriver_meta_action_s.c
-- Installing: /home/linjiawei/load_mcap/install/deva_mdriver_msgs/local/lib/python3.10/dist-packages/deva_mdriver_msgs/msg/_mdriver_ref_line.py
-- Installing: /home/linjiawei/load_mcap/install/deva_mdriver_msgs/local/lib/python3.10/dist-packages/deva_mdriver_msgs/msg/_mdriver_ref_line_s.c
-- Installing: /home/linjiawei/load_mcap/install/deva_mdriver_msgs/local/lib/python3.10/dist-packages/deva_mdriver_msgs/msg/_mdriver_ref_lines.py
-- Installing: /home/linjiawei/load_mcap/install/deva_mdriver_msgs/local/lib/python3.10/dist-packages/deva_mdriver_msgs/msg/_mdriver_ref_lines_s.c
-- Installing: /home/linjiawei/load_mcap/install/deva_mdriver_msgs/local/lib/python3.10/dist-packages/deva_mdriver_msgs/msg/_mdriver_result.py
-- Installing: /home/linjiawei/load_mcap/install/deva_mdriver_msgs/local/lib/python3.10/dist-packages/deva_mdriver_msgs/msg/_mdriver_result_s.c
-- Installing: /home/linjiawei/load_mcap/install/deva_mdriver_msgs/local/lib/python3.10/dist-packages/deva_mdriver_msgs/msg/_mean_variance.py
-- Installing: /home/linjiawei/load_mcap/install/deva_mdriver_msgs/local/lib/python3.10/dist-packages/deva_mdriver_msgs/msg/_mean_variance_s.c
-- Installing: /home/linjiawei/load_mcap/install/deva_mdriver_msgs/local/lib/python3.10/dist-packages/deva_mdriver_msgs/msg/_nudge_buffer.py
-- Installing: /home/linjiawei/load_mcap/install/deva_mdriver_msgs/local/lib/python3.10/dist-packages/deva_mdriver_msgs/msg/_nudge_buffer_s.c
-- Installing: /home/linjiawei/load_mcap/install/deva_mdriver_msgs/local/lib/python3.10/dist-packages/deva_mdriver_msgs/msg/_obstacle_nudge_buffer.py
-- Installing: /home/linjiawei/load_mcap/install/deva_mdriver_msgs/local/lib/python3.10/dist-packages/deva_mdriver_msgs/msg/_obstacle_nudge_buffer_s.c
-- Installing: /home/linjiawei/load_mcap/install/deva_mdriver_msgs/local/lib/python3.10/dist-packages/deva_mdriver_msgs/msg/__init__.py
-- Installing: /home/linjiawei/load_mcap/install/deva_mdriver_msgs/local/lib/python3.10/dist-packages/deva_mdriver_msgs/_deva_mdriver_msgs_s.ep.rosidl_typesupport_fastrtps_c.c
-- Installing: /home/linjiawei/load_mcap/install/deva_mdriver_msgs/local/lib/python3.10/dist-packages/deva_mdriver_msgs/_deva_mdriver_msgs_s.ep.rosidl_typesupport_introspection_c.c
-- Installing: /home/linjiawei/load_mcap/install/deva_mdriver_msgs/local/lib/python3.10/dist-packages/deva_mdriver_msgs/_deva_mdriver_msgs_s.ep.rosidl_typesupport_c.c
-- Installing: /home/linjiawei/load_mcap/install/deva_mdriver_msgs/local/lib/python3.10/dist-packages/deva_mdriver_msgs/libdeva_mdriver_msgs__rosidl_generator_py.so
-- Installing: /home/linjiawei/load_mcap/install/deva_mdriver_msgs/local/lib/python3.10/dist-packages/deva_mdriver_msgs/deva_mdriver_msgs_s__rosidl_typesupport_fastrtps_c.cpython-310-x86_64-linux-gnu.so
-- Installing: /home/linjiawei/load_mcap/install/deva_mdriver_msgs/local/lib/python3.10/dist-packages/deva_mdriver_msgs/deva_mdriver_msgs_s__rosidl_typesupport_c.cpython-310-x86_64-linux-gnu.so
-- Installing: /home/linjiawei/load_mcap/install/deva_mdriver_msgs/local/lib/python3.10/dist-packages/deva_mdriver_msgs/deva_mdriver_msgs_s__rosidl_typesupport_introspection_c.cpython-310-x86_64-linux-gnu.so
Listing '/home/linjiawei/load_mcap/install/deva_mdriver_msgs/local/lib/python3.10/dist-packages/deva_mdriver_msgs'...
Compiling '/home/linjiawei/load_mcap/install/deva_mdriver_msgs/local/lib/python3.10/dist-packages/deva_mdriver_msgs/__init__.py'...
Listing '/home/linjiawei/load_mcap/install/deva_mdriver_msgs/local/lib/python3.10/dist-packages/deva_mdriver_msgs/msg'...
Compiling '/home/linjiawei/load_mcap/install/deva_mdriver_msgs/local/lib/python3.10/dist-packages/deva_mdriver_msgs/msg/__init__.py'...
Compiling '/home/linjiawei/load_mcap/install/deva_mdriver_msgs/local/lib/python3.10/dist-packages/deva_mdriver_msgs/msg/_acc_heading_steering_stats.py'...
Compiling '/home/linjiawei/load_mcap/install/deva_mdriver_msgs/local/lib/python3.10/dist-packages/deva_mdriver_msgs/msg/_center_line.py'...
Compiling '/home/linjiawei/load_mcap/install/deva_mdriver_msgs/local/lib/python3.10/dist-packages/deva_mdriver_msgs/msg/_center_line_point.py'...
Compiling '/home/linjiawei/load_mcap/install/deva_mdriver_msgs/local/lib/python3.10/dist-packages/deva_mdriver_msgs/msg/_center_lines.py'...
Compiling '/home/linjiawei/load_mcap/install/deva_mdriver_msgs/local/lib/python3.10/dist-packages/deva_mdriver_msgs/msg/_debug_info.py'...
Compiling '/home/linjiawei/load_mcap/install/deva_mdriver_msgs/local/lib/python3.10/dist-packages/deva_mdriver_msgs/msg/_m_prediction_obstacle.py'...
Compiling '/home/linjiawei/load_mcap/install/deva_mdriver_msgs/local/lib/python3.10/dist-packages/deva_mdriver_msgs/msg/_m_world.py'...
Compiling '/home/linjiawei/load_mcap/install/deva_mdriver_msgs/local/lib/python3.10/dist-packages/deva_mdriver_msgs/msg/_mdriver_meta_action.py'...
Compiling '/home/linjiawei/load_mcap/install/deva_mdriver_msgs/local/lib/python3.10/dist-packages/deva_mdriver_msgs/msg/_mdriver_ref_line.py'...
Compiling '/home/linjiawei/load_mcap/install/deva_mdriver_msgs/local/lib/python3.10/dist-packages/deva_mdriver_msgs/msg/_mdriver_ref_lines.py'...
Compiling '/home/linjiawei/load_mcap/install/deva_mdriver_msgs/local/lib/python3.10/dist-packages/deva_mdriver_msgs/msg/_mdriver_result.py'...
Compiling '/home/linjiawei/load_mcap/install/deva_mdriver_msgs/local/lib/python3.10/dist-packages/deva_mdriver_msgs/msg/_mean_variance.py'...
Compiling '/home/linjiawei/load_mcap/install/deva_mdriver_msgs/local/lib/python3.10/dist-packages/deva_mdriver_msgs/msg/_nudge_buffer.py'...
Compiling '/home/linjiawei/load_mcap/install/deva_mdriver_msgs/local/lib/python3.10/dist-packages/deva_mdriver_msgs/msg/_obstacle_nudge_buffer.py'...
-- Installing: /home/linjiawei/load_mcap/install/deva_mdriver_msgs/local/lib/python3.10/dist-packages/deva_mdriver_msgs/deva_mdriver_msgs_s__rosidl_typesupport_fastrtps_c.cpython-310-x86_64-linux-gnu.so
-- Set runtime path of "/home/linjiawei/load_mcap/install/deva_mdriver_msgs/local/lib/python3.10/dist-packages/deva_mdriver_msgs/deva_mdriver_msgs_s__rosidl_typesupport_fastrtps_c.cpython-310-x86_64-linux-gnu.so" to ""
-- Installing: /home/linjiawei/load_mcap/install/deva_mdriver_msgs/local/lib/python3.10/dist-packages/deva_mdriver_msgs/deva_mdriver_msgs_s__rosidl_typesupport_introspection_c.cpython-310-x86_64-linux-gnu.so
-- Set runtime path of "/home/linjiawei/load_mcap/install/deva_mdriver_msgs/local/lib/python3.10/dist-packages/deva_mdriver_msgs/deva_mdriver_msgs_s__rosidl_typesupport_introspection_c.cpython-310-x86_64-linux-gnu.so" to ""
-- Installing: /home/linjiawei/load_mcap/install/deva_mdriver_msgs/local/lib/python3.10/dist-packages/deva_mdriver_msgs/deva_mdriver_msgs_s__rosidl_typesupport_c.cpython-310-x86_64-linux-gnu.so
-- Set runtime path of "/home/linjiawei/load_mcap/install/deva_mdriver_msgs/local/lib/python3.10/dist-packages/deva_mdriver_msgs/deva_mdriver_msgs_s__rosidl_typesupport_c.cpython-310-x86_64-linux-gnu.so" to ""
-- Installing: /home/linjiawei/load_mcap/install/deva_mdriver_msgs/lib/libdeva_mdriver_msgs__rosidl_generator_py.so
-- Set runtime path of "/home/linjiawei/load_mcap/install/deva_mdriver_msgs/lib/libdeva_mdriver_msgs__rosidl_generator_py.so" to ""
-- Installing: /home/linjiawei/load_mcap/install/deva_mdriver_msgs/share/deva_mdriver_msgs/msg/AccHeadingSteeringStats.idl
-- Installing: /home/linjiawei/load_mcap/install/deva_mdriver_msgs/share/deva_mdriver_msgs/msg/CenterLine.idl
-- Installing: /home/linjiawei/load_mcap/install/deva_mdriver_msgs/share/deva_mdriver_msgs/msg/CenterLinePoint.idl
-- Installing: /home/linjiawei/load_mcap/install/deva_mdriver_msgs/share/deva_mdriver_msgs/msg/CenterLines.idl
-- Installing: /home/linjiawei/load_mcap/install/deva_mdriver_msgs/share/deva_mdriver_msgs/msg/DebugInfo.idl
-- Installing: /home/linjiawei/load_mcap/install/deva_mdriver_msgs/share/deva_mdriver_msgs/msg/MPredictionObstacle.idl
-- Installing: /home/linjiawei/load_mcap/install/deva_mdriver_msgs/share/deva_mdriver_msgs/msg/MWorld.idl
-- Installing: /home/linjiawei/load_mcap/install/deva_mdriver_msgs/share/deva_mdriver_msgs/msg/MdriverMetaAction.idl
-- Installing: /home/linjiawei/load_mcap/install/deva_mdriver_msgs/share/deva_mdriver_msgs/msg/MdriverRefLine.idl
-- Installing: /home/linjiawei/load_mcap/install/deva_mdriver_msgs/share/deva_mdriver_msgs/msg/MdriverRefLines.idl
-- Installing: /home/linjiawei/load_mcap/install/deva_mdriver_msgs/share/deva_mdriver_msgs/msg/MdriverResult.idl
-- Installing: /home/linjiawei/load_mcap/install/deva_mdriver_msgs/share/deva_mdriver_msgs/msg/MeanVariance.idl
-- Installing: /home/linjiawei/load_mcap/install/deva_mdriver_msgs/share/deva_mdriver_msgs/msg/NudgeBuffer.idl
-- Installing: /home/linjiawei/load_mcap/install/deva_mdriver_msgs/share/deva_mdriver_msgs/msg/ObstacleNudgeBuffer.idl
-- Installing: /home/linjiawei/load_mcap/install/deva_mdriver_msgs/share/deva_mdriver_msgs/msg/AccHeadingSteeringStats.msg
-- Installing: /home/linjiawei/load_mcap/install/deva_mdriver_msgs/share/deva_mdriver_msgs/msg/CenterLine.msg
-- Installing: /home/linjiawei/load_mcap/install/deva_mdriver_msgs/share/deva_mdriver_msgs/msg/CenterLinePoint.msg
-- Installing: /home/linjiawei/load_mcap/install/deva_mdriver_msgs/share/deva_mdriver_msgs/msg/CenterLines.msg
-- Installing: /home/linjiawei/load_mcap/install/deva_mdriver_msgs/share/deva_mdriver_msgs/msg/DebugInfo.msg
-- Installing: /home/linjiawei/load_mcap/install/deva_mdriver_msgs/share/deva_mdriver_msgs/msg/MPredictionObstacle.msg
-- Installing: /home/linjiawei/load_mcap/install/deva_mdriver_msgs/share/deva_mdriver_msgs/msg/MWorld.msg
-- Installing: /home/linjiawei/load_mcap/install/deva_mdriver_msgs/share/deva_mdriver_msgs/msg/MdriverMetaAction.msg
-- Installing: /home/linjiawei/load_mcap/install/deva_mdriver_msgs/share/deva_mdriver_msgs/msg/MdriverRefLine.msg
-- Installing: /home/linjiawei/load_mcap/install/deva_mdriver_msgs/share/deva_mdriver_msgs/msg/MdriverRefLines.msg
-- Installing: /home/linjiawei/load_mcap/install/deva_mdriver_msgs/share/deva_mdriver_msgs/msg/MdriverResult.msg
-- Installing: /home/linjiawei/load_mcap/install/deva_mdriver_msgs/share/deva_mdriver_msgs/msg/MeanVariance.msg
-- Installing: /home/linjiawei/load_mcap/install/deva_mdriver_msgs/share/deva_mdriver_msgs/msg/NudgeBuffer.msg
-- Installing: /home/linjiawei/load_mcap/install/deva_mdriver_msgs/share/deva_mdriver_msgs/msg/ObstacleNudgeBuffer.msg
-- Installing: /home/linjiawei/load_mcap/install/deva_mdriver_msgs/share/ament_index/resource_index/package_run_dependencies/deva_mdriver_msgs
-- Installing: /home/linjiawei/load_mcap/install/deva_mdriver_msgs/share/ament_index/resource_index/parent_prefix_path/deva_mdriver_msgs
-- Installing: /home/linjiawei/load_mcap/install/deva_mdriver_msgs/share/deva_mdriver_msgs/environment/ament_prefix_path.sh
-- Installing: /home/linjiawei/load_mcap/install/deva_mdriver_msgs/share/deva_mdriver_msgs/environment/ament_prefix_path.dsv
-- Installing: /home/linjiawei/load_mcap/install/deva_mdriver_msgs/share/deva_mdriver_msgs/environment/path.sh
-- Installing: /home/linjiawei/load_mcap/install/deva_mdriver_msgs/share/deva_mdriver_msgs/environment/path.dsv
-- Installing: /home/linjiawei/load_mcap/install/deva_mdriver_msgs/share/deva_mdriver_msgs/local_setup.bash
-- Installing: /home/linjiawei/load_mcap/install/deva_mdriver_msgs/share/deva_mdriver_msgs/local_setup.sh
-- Installing: /home/linjiawei/load_mcap/install/deva_mdriver_msgs/share/deva_mdriver_msgs/local_setup.zsh
-- Installing: /home/linjiawei/load_mcap/install/deva_mdriver_msgs/share/deva_mdriver_msgs/local_setup.dsv
-- Installing: /home/linjiawei/load_mcap/install/deva_mdriver_msgs/share/deva_mdriver_msgs/package.dsv
-- Installing: /home/linjiawei/load_mcap/install/deva_mdriver_msgs/share/ament_index/resource_index/packages/deva_mdriver_msgs
-- Installing: /home/linjiawei/load_mcap/install/deva_mdriver_msgs/share/deva_mdriver_msgs/cmake/export_deva_mdriver_msgs__rosidl_generator_cExport.cmake
-- Installing: /home/linjiawei/load_mcap/install/deva_mdriver_msgs/share/deva_mdriver_msgs/cmake/export_deva_mdriver_msgs__rosidl_generator_cExport-noconfig.cmake
-- Installing: /home/linjiawei/load_mcap/install/deva_mdriver_msgs/share/deva_mdriver_msgs/cmake/export_deva_mdriver_msgs__rosidl_typesupport_fastrtps_cExport.cmake
-- Installing: /home/linjiawei/load_mcap/install/deva_mdriver_msgs/share/deva_mdriver_msgs/cmake/export_deva_mdriver_msgs__rosidl_typesupport_fastrtps_cExport-noconfig.cmake
-- Installing: /home/linjiawei/load_mcap/install/deva_mdriver_msgs/share/deva_mdriver_msgs/cmake/deva_mdriver_msgs__rosidl_typesupport_introspection_cExport.cmake
-- Installing: /home/linjiawei/load_mcap/install/deva_mdriver_msgs/share/deva_mdriver_msgs/cmake/deva_mdriver_msgs__rosidl_typesupport_introspection_cExport-noconfig.cmake
-- Installing: /home/linjiawei/load_mcap/install/deva_mdriver_msgs/share/deva_mdriver_msgs/cmake/deva_mdriver_msgs__rosidl_typesupport_cExport.cmake
-- Installing: /home/linjiawei/load_mcap/install/deva_mdriver_msgs/share/deva_mdriver_msgs/cmake/deva_mdriver_msgs__rosidl_typesupport_cExport-noconfig.cmake
-- Installing: /home/linjiawei/load_mcap/install/deva_mdriver_msgs/share/deva_mdriver_msgs/cmake/export_deva_mdriver_msgs__rosidl_generator_cppExport.cmake
-- Installing: /home/linjiawei/load_mcap/install/deva_mdriver_msgs/share/deva_mdriver_msgs/cmake/export_deva_mdriver_msgs__rosidl_typesupport_fastrtps_cppExport.cmake
-- Installing: /home/linjiawei/load_mcap/install/deva_mdriver_msgs/share/deva_mdriver_msgs/cmake/export_deva_mdriver_msgs__rosidl_typesupport_fastrtps_cppExport-noconfig.cmake
-- Installing: /home/linjiawei/load_mcap/install/deva_mdriver_msgs/share/deva_mdriver_msgs/cmake/deva_mdriver_msgs__rosidl_typesupport_introspection_cppExport.cmake
-- Installing: /home/linjiawei/load_mcap/install/deva_mdriver_msgs/share/deva_mdriver_msgs/cmake/deva_mdriver_msgs__rosidl_typesupport_introspection_cppExport-noconfig.cmake
-- Installing: /home/linjiawei/load_mcap/install/deva_mdriver_msgs/share/deva_mdriver_msgs/cmake/deva_mdriver_msgs__rosidl_typesupport_cppExport.cmake
-- Installing: /home/linjiawei/load_mcap/install/deva_mdriver_msgs/share/deva_mdriver_msgs/cmake/deva_mdriver_msgs__rosidl_typesupport_cppExport-noconfig.cmake
-- Installing: /home/linjiawei/load_mcap/install/deva_mdriver_msgs/share/deva_mdriver_msgs/cmake/export_deva_mdriver_msgs__rosidl_generator_pyExport.cmake
-- Installing: /home/linjiawei/load_mcap/install/deva_mdriver_msgs/share/deva_mdriver_msgs/cmake/export_deva_mdriver_msgs__rosidl_generator_pyExport-noconfig.cmake
-- Installing: /home/linjiawei/load_mcap/install/deva_mdriver_msgs/share/deva_mdriver_msgs/cmake/rosidl_cmake-extras.cmake
-- Installing: /home/linjiawei/load_mcap/install/deva_mdriver_msgs/share/deva_mdriver_msgs/cmake/ament_cmake_export_dependencies-extras.cmake
-- Installing: /home/linjiawei/load_mcap/install/deva_mdriver_msgs/share/deva_mdriver_msgs/cmake/ament_cmake_export_include_directories-extras.cmake
-- Installing: /home/linjiawei/load_mcap/install/deva_mdriver_msgs/share/deva_mdriver_msgs/cmake/ament_cmake_export_libraries-extras.cmake
-- Installing: /home/linjiawei/load_mcap/install/deva_mdriver_msgs/share/deva_mdriver_msgs/cmake/ament_cmake_export_targets-extras.cmake
-- Installing: /home/linjiawei/load_mcap/install/deva_mdriver_msgs/share/deva_mdriver_msgs/cmake/rosidl_cmake_export_typesupport_targets-extras.cmake
-- Installing: /home/linjiawei/load_mcap/install/deva_mdriver_msgs/share/deva_mdriver_msgs/cmake/rosidl_cmake_export_typesupport_libraries-extras.cmake
-- Installing: /home/linjiawei/load_mcap/install/deva_mdriver_msgs/share/deva_mdriver_msgs/cmake/deva_mdriver_msgsConfig.cmake
-- Installing: /home/linjiawei/load_mcap/install/deva_mdriver_msgs/share/deva_mdriver_msgs/cmake/deva_mdriver_msgsConfig-version.cmake
-- Installing: /home/linjiawei/load_mcap/install/deva_mdriver_msgs/share/deva_mdriver_msgs/package.xml
