[  0%] Built target deva_map_msgs__cpp
[ 13%] Built target deva_map_msgs__rosidl_generator_c
[ 13%] Built target ament_cmake_python_copy_deva_map_msgs
[ 25%] Built target deva_map_msgs__rosidl_typesupport_cpp
[ 38%] Built target deva_map_msgs__rosidl_typesupport_introspection_cpp
[ 50%] Built target deva_map_msgs__rosidl_typesupport_c
[ 62%] Built target deva_map_msgs__rosidl_typesupport_fastrtps_cpp
[ 74%] Built target deva_map_msgs__rosidl_typesupport_introspection_c
[ 86%] Built target deva_map_msgs__rosidl_typesupport_fastrtps_c
[ 86%] Built target deva_map_msgs
[ 86%] Built target deva_map_msgs__py
[ 97%] Built target deva_map_msgs__rosidl_generator_py
[ 98%] Built target deva_map_msgs__rosidl_typesupport_introspection_c__pyext
[100%] Built target deva_map_msgs__rosidl_typesupport_fastrtps_c__pyext
[100%] Built target deva_map_msgs__rosidl_typesupport_c__pyext
running egg_info
writing deva_map_msgs.egg-info/PKG-INFO
writing dependency_links to deva_map_msgs.egg-info/dependency_links.txt
writing top-level names to deva_map_msgs.egg-info/top_level.txt
reading manifest file 'deva_map_msgs.egg-info/SOURCES.txt'
writing manifest file 'deva_map_msgs.egg-info/SOURCES.txt'
[100%] Built target ament_cmake_python_build_deva_map_msgs_egg
-- Install configuration: ""
-- Up-to-date: /home/linjiawei/load_mcap/install/deva_map_msgs/share/ament_index/resource_index/rosidl_interfaces/deva_map_msgs
-- Up-to-date: /home/linjiawei/load_mcap/install/deva_map_msgs/include/deva_map_msgs/deva_map_msgs
-- Up-to-date: /home/linjiawei/load_mcap/install/deva_map_msgs/include/deva_map_msgs/deva_map_msgs/msg
-- Up-to-date: /home/linjiawei/load_mcap/install/deva_map_msgs/include/deva_map_msgs/deva_map_msgs/msg/rosidl_generator_c__visibility_control.h
-- Up-to-date: /home/linjiawei/load_mcap/install/deva_map_msgs/include/deva_map_msgs/deva_map_msgs/msg/avp_boundary.h
-- Up-to-date: /home/linjiawei/load_mcap/install/deva_map_msgs/include/deva_map_msgs/deva_map_msgs/msg/detail
-- Up-to-date: /home/linjiawei/load_mcap/install/deva_map_msgs/include/deva_map_msgs/deva_map_msgs/msg/detail/avp_boundary__functions.c
-- Up-to-date: /home/linjiawei/load_mcap/install/deva_map_msgs/include/deva_map_msgs/deva_map_msgs/msg/detail/avp_boundary__functions.h
-- Up-to-date: /home/linjiawei/load_mcap/install/deva_map_msgs/include/deva_map_msgs/deva_map_msgs/msg/detail/avp_boundary__struct.h
-- Up-to-date: /home/linjiawei/load_mcap/install/deva_map_msgs/include/deva_map_msgs/deva_map_msgs/msg/detail/avp_boundary__type_support.h
-- Up-to-date: /home/linjiawei/load_mcap/install/deva_map_msgs/include/deva_map_msgs/deva_map_msgs/msg/detail/avp_local_map__functions.c
-- Up-to-date: /home/linjiawei/load_mcap/install/deva_map_msgs/include/deva_map_msgs/deva_map_msgs/msg/detail/avp_local_map__functions.h
-- Up-to-date: /home/linjiawei/load_mcap/install/deva_map_msgs/include/deva_map_msgs/deva_map_msgs/msg/detail/avp_local_map__struct.h
-- Up-to-date: /home/linjiawei/load_mcap/install/deva_map_msgs/include/deva_map_msgs/deva_map_msgs/msg/detail/avp_local_map__type_support.h
-- Up-to-date: /home/linjiawei/load_mcap/install/deva_map_msgs/include/deva_map_msgs/deva_map_msgs/msg/detail/avp_sub_lane__functions.c
-- Up-to-date: /home/linjiawei/load_mcap/install/deva_map_msgs/include/deva_map_msgs/deva_map_msgs/msg/detail/avp_sub_lane__functions.h
-- Up-to-date: /home/linjiawei/load_mcap/install/deva_map_msgs/include/deva_map_msgs/deva_map_msgs/msg/detail/avp_sub_lane__struct.h
-- Up-to-date: /home/linjiawei/load_mcap/install/deva_map_msgs/include/deva_map_msgs/deva_map_msgs/msg/detail/avp_sub_lane__type_support.h
-- Up-to-date: /home/linjiawei/load_mcap/install/deva_map_msgs/include/deva_map_msgs/deva_map_msgs/msg/detail/avp_sub_map__functions.c
-- Up-to-date: /home/linjiawei/load_mcap/install/deva_map_msgs/include/deva_map_msgs/deva_map_msgs/msg/detail/avp_sub_map__functions.h
-- Up-to-date: /home/linjiawei/load_mcap/install/deva_map_msgs/include/deva_map_msgs/deva_map_msgs/msg/detail/avp_sub_map__struct.h
-- Up-to-date: /home/linjiawei/load_mcap/install/deva_map_msgs/include/deva_map_msgs/deva_map_msgs/msg/detail/avp_sub_map__type_support.h
-- Up-to-date: /home/linjiawei/load_mcap/install/deva_map_msgs/include/deva_map_msgs/deva_map_msgs/msg/detail/channel__functions.c
-- Up-to-date: /home/linjiawei/load_mcap/install/deva_map_msgs/include/deva_map_msgs/deva_map_msgs/msg/detail/channel__functions.h
-- Up-to-date: /home/linjiawei/load_mcap/install/deva_map_msgs/include/deva_map_msgs/deva_map_msgs/msg/detail/channel__struct.h
-- Up-to-date: /home/linjiawei/load_mcap/install/deva_map_msgs/include/deva_map_msgs/deva_map_msgs/msg/detail/channel__type_support.h
-- Up-to-date: /home/linjiawei/load_mcap/install/deva_map_msgs/include/deva_map_msgs/deva_map_msgs/msg/detail/channel_lane_info__functions.c
-- Up-to-date: /home/linjiawei/load_mcap/install/deva_map_msgs/include/deva_map_msgs/deva_map_msgs/msg/detail/channel_lane_info__functions.h
-- Up-to-date: /home/linjiawei/load_mcap/install/deva_map_msgs/include/deva_map_msgs/deva_map_msgs/msg/detail/channel_lane_info__struct.h
-- Up-to-date: /home/linjiawei/load_mcap/install/deva_map_msgs/include/deva_map_msgs/deva_map_msgs/msg/detail/channel_lane_info__type_support.h
-- Up-to-date: /home/linjiawei/load_mcap/install/deva_map_msgs/include/deva_map_msgs/deva_map_msgs/msg/detail/channel_lane_line__functions.c
-- Up-to-date: /home/linjiawei/load_mcap/install/deva_map_msgs/include/deva_map_msgs/deva_map_msgs/msg/detail/channel_lane_line__functions.h
-- Up-to-date: /home/linjiawei/load_mcap/install/deva_map_msgs/include/deva_map_msgs/deva_map_msgs/msg/detail/channel_lane_line__struct.h
-- Up-to-date: /home/linjiawei/load_mcap/install/deva_map_msgs/include/deva_map_msgs/deva_map_msgs/msg/detail/channel_lane_line__type_support.h
-- Up-to-date: /home/linjiawei/load_mcap/install/deva_map_msgs/include/deva_map_msgs/deva_map_msgs/msg/detail/channel_lane_marking__functions.c
-- Up-to-date: /home/linjiawei/load_mcap/install/deva_map_msgs/include/deva_map_msgs/deva_map_msgs/msg/detail/channel_lane_marking__functions.h
-- Up-to-date: /home/linjiawei/load_mcap/install/deva_map_msgs/include/deva_map_msgs/deva_map_msgs/msg/detail/channel_lane_marking__struct.h
-- Up-to-date: /home/linjiawei/load_mcap/install/deva_map_msgs/include/deva_map_msgs/deva_map_msgs/msg/detail/channel_lane_marking__type_support.h
-- Up-to-date: /home/linjiawei/load_mcap/install/deva_map_msgs/include/deva_map_msgs/deva_map_msgs/msg/detail/channel_lane_speed_limitation__functions.c
-- Up-to-date: /home/linjiawei/load_mcap/install/deva_map_msgs/include/deva_map_msgs/deva_map_msgs/msg/detail/channel_lane_speed_limitation__functions.h
-- Up-to-date: /home/linjiawei/load_mcap/install/deva_map_msgs/include/deva_map_msgs/deva_map_msgs/msg/detail/channel_lane_speed_limitation__struct.h
-- Up-to-date: /home/linjiawei/load_mcap/install/deva_map_msgs/include/deva_map_msgs/deva_map_msgs/msg/detail/channel_lane_speed_limitation__type_support.h
-- Up-to-date: /home/linjiawei/load_mcap/install/deva_map_msgs/include/deva_map_msgs/deva_map_msgs/msg/detail/channel_lane_type__functions.c
-- Up-to-date: /home/linjiawei/load_mcap/install/deva_map_msgs/include/deva_map_msgs/deva_map_msgs/msg/detail/channel_lane_type__functions.h
-- Up-to-date: /home/linjiawei/load_mcap/install/deva_map_msgs/include/deva_map_msgs/deva_map_msgs/msg/detail/channel_lane_type__struct.h
-- Up-to-date: /home/linjiawei/load_mcap/install/deva_map_msgs/include/deva_map_msgs/deva_map_msgs/msg/detail/channel_lane_type__type_support.h
-- Up-to-date: /home/linjiawei/load_mcap/install/deva_map_msgs/include/deva_map_msgs/deva_map_msgs/msg/detail/channel_marking_type__functions.c
-- Up-to-date: /home/linjiawei/load_mcap/install/deva_map_msgs/include/deva_map_msgs/deva_map_msgs/msg/detail/channel_marking_type__functions.h
-- Up-to-date: /home/linjiawei/load_mcap/install/deva_map_msgs/include/deva_map_msgs/deva_map_msgs/msg/detail/channel_marking_type__struct.h
-- Up-to-date: /home/linjiawei/load_mcap/install/deva_map_msgs/include/deva_map_msgs/deva_map_msgs/msg/detail/channel_marking_type__type_support.h
-- Up-to-date: /home/linjiawei/load_mcap/install/deva_map_msgs/include/deva_map_msgs/deva_map_msgs/msg/detail/channel_object_info__functions.c
-- Up-to-date: /home/linjiawei/load_mcap/install/deva_map_msgs/include/deva_map_msgs/deva_map_msgs/msg/detail/channel_object_info__functions.h
-- Up-to-date: /home/linjiawei/load_mcap/install/deva_map_msgs/include/deva_map_msgs/deva_map_msgs/msg/detail/channel_object_info__struct.h
-- Up-to-date: /home/linjiawei/load_mcap/install/deva_map_msgs/include/deva_map_msgs/deva_map_msgs/msg/detail/channel_object_info__type_support.h
-- Up-to-date: /home/linjiawei/load_mcap/install/deva_map_msgs/include/deva_map_msgs/deva_map_msgs/msg/detail/channel_signal_info__functions.c
-- Up-to-date: /home/linjiawei/load_mcap/install/deva_map_msgs/include/deva_map_msgs/deva_map_msgs/msg/detail/channel_signal_info__functions.h
-- Up-to-date: /home/linjiawei/load_mcap/install/deva_map_msgs/include/deva_map_msgs/deva_map_msgs/msg/detail/channel_signal_info__struct.h
-- Up-to-date: /home/linjiawei/load_mcap/install/deva_map_msgs/include/deva_map_msgs/deva_map_msgs/msg/detail/channel_signal_info__type_support.h
-- Up-to-date: /home/linjiawei/load_mcap/install/deva_map_msgs/include/deva_map_msgs/deva_map_msgs/msg/detail/channel_turn_type__functions.c
-- Up-to-date: /home/linjiawei/load_mcap/install/deva_map_msgs/include/deva_map_msgs/deva_map_msgs/msg/detail/channel_turn_type__functions.h
-- Up-to-date: /home/linjiawei/load_mcap/install/deva_map_msgs/include/deva_map_msgs/deva_map_msgs/msg/detail/channel_turn_type__struct.h
-- Up-to-date: /home/linjiawei/load_mcap/install/deva_map_msgs/include/deva_map_msgs/deva_map_msgs/msg/detail/channel_turn_type__type_support.h
-- Up-to-date: /home/linjiawei/load_mcap/install/deva_map_msgs/include/deva_map_msgs/deva_map_msgs/msg/detail/ego_trajectory__functions.c
-- Up-to-date: /home/linjiawei/load_mcap/install/deva_map_msgs/include/deva_map_msgs/deva_map_msgs/msg/detail/ego_trajectory__functions.h
-- Up-to-date: /home/linjiawei/load_mcap/install/deva_map_msgs/include/deva_map_msgs/deva_map_msgs/msg/detail/ego_trajectory__struct.h
-- Up-to-date: /home/linjiawei/load_mcap/install/deva_map_msgs/include/deva_map_msgs/deva_map_msgs/msg/detail/ego_trajectory__type_support.h
-- Up-to-date: /home/linjiawei/load_mcap/install/deva_map_msgs/include/deva_map_msgs/deva_map_msgs/msg/detail/ego_trajectory_point__functions.c
-- Up-to-date: /home/linjiawei/load_mcap/install/deva_map_msgs/include/deva_map_msgs/deva_map_msgs/msg/detail/ego_trajectory_point__functions.h
-- Up-to-date: /home/linjiawei/load_mcap/install/deva_map_msgs/include/deva_map_msgs/deva_map_msgs/msg/detail/ego_trajectory_point__struct.h
-- Up-to-date: /home/linjiawei/load_mcap/install/deva_map_msgs/include/deva_map_msgs/deva_map_msgs/msg/detail/ego_trajectory_point__type_support.h
-- Up-to-date: /home/linjiawei/load_mcap/install/deva_map_msgs/include/deva_map_msgs/deva_map_msgs/msg/detail/lane_waypoint__functions.c
-- Up-to-date: /home/linjiawei/load_mcap/install/deva_map_msgs/include/deva_map_msgs/deva_map_msgs/msg/detail/lane_waypoint__functions.h
-- Up-to-date: /home/linjiawei/load_mcap/install/deva_map_msgs/include/deva_map_msgs/deva_map_msgs/msg/detail/lane_waypoint__struct.h
-- Up-to-date: /home/linjiawei/load_mcap/install/deva_map_msgs/include/deva_map_msgs/deva_map_msgs/msg/detail/lane_waypoint__type_support.h
-- Up-to-date: /home/linjiawei/load_mcap/install/deva_map_msgs/include/deva_map_msgs/deva_map_msgs/msg/detail/local_map__functions.c
-- Up-to-date: /home/linjiawei/load_mcap/install/deva_map_msgs/include/deva_map_msgs/deva_map_msgs/msg/detail/local_map__functions.h
-- Up-to-date: /home/linjiawei/load_mcap/install/deva_map_msgs/include/deva_map_msgs/deva_map_msgs/msg/detail/local_map__struct.h
-- Up-to-date: /home/linjiawei/load_mcap/install/deva_map_msgs/include/deva_map_msgs/deva_map_msgs/msg/detail/local_map__type_support.h
-- Up-to-date: /home/linjiawei/load_mcap/install/deva_map_msgs/include/deva_map_msgs/deva_map_msgs/msg/detail/local_map_header__functions.c
-- Up-to-date: /home/linjiawei/load_mcap/install/deva_map_msgs/include/deva_map_msgs/deva_map_msgs/msg/detail/local_map_header__functions.h
-- Up-to-date: /home/linjiawei/load_mcap/install/deva_map_msgs/include/deva_map_msgs/deva_map_msgs/msg/detail/local_map_header__struct.h
-- Up-to-date: /home/linjiawei/load_mcap/install/deva_map_msgs/include/deva_map_msgs/deva_map_msgs/msg/detail/local_map_header__type_support.h
-- Up-to-date: /home/linjiawei/load_mcap/install/deva_map_msgs/include/deva_map_msgs/deva_map_msgs/msg/detail/obstacle_edge__functions.c
-- Up-to-date: /home/linjiawei/load_mcap/install/deva_map_msgs/include/deva_map_msgs/deva_map_msgs/msg/detail/obstacle_edge__functions.h
-- Up-to-date: /home/linjiawei/load_mcap/install/deva_map_msgs/include/deva_map_msgs/deva_map_msgs/msg/detail/obstacle_edge__struct.h
-- Up-to-date: /home/linjiawei/load_mcap/install/deva_map_msgs/include/deva_map_msgs/deva_map_msgs/msg/detail/obstacle_edge__type_support.h
-- Up-to-date: /home/linjiawei/load_mcap/install/deva_map_msgs/include/deva_map_msgs/deva_map_msgs/msg/detail/path_point__functions.c
-- Up-to-date: /home/linjiawei/load_mcap/install/deva_map_msgs/include/deva_map_msgs/deva_map_msgs/msg/detail/path_point__functions.h
-- Up-to-date: /home/linjiawei/load_mcap/install/deva_map_msgs/include/deva_map_msgs/deva_map_msgs/msg/detail/path_point__struct.h
-- Up-to-date: /home/linjiawei/load_mcap/install/deva_map_msgs/include/deva_map_msgs/deva_map_msgs/msg/detail/path_point__type_support.h
-- Up-to-date: /home/linjiawei/load_mcap/install/deva_map_msgs/include/deva_map_msgs/deva_map_msgs/msg/detail/reference_channal__functions.c
-- Up-to-date: /home/linjiawei/load_mcap/install/deva_map_msgs/include/deva_map_msgs/deva_map_msgs/msg/detail/reference_channal__functions.h
-- Up-to-date: /home/linjiawei/load_mcap/install/deva_map_msgs/include/deva_map_msgs/deva_map_msgs/msg/detail/reference_channal__struct.h
-- Up-to-date: /home/linjiawei/load_mcap/install/deva_map_msgs/include/deva_map_msgs/deva_map_msgs/msg/detail/reference_channal__type_support.h
-- Up-to-date: /home/linjiawei/load_mcap/install/deva_map_msgs/include/deva_map_msgs/deva_map_msgs/msg/detail/st_local_map__functions.c
-- Up-to-date: /home/linjiawei/load_mcap/install/deva_map_msgs/include/deva_map_msgs/deva_map_msgs/msg/detail/st_local_map__functions.h
-- Up-to-date: /home/linjiawei/load_mcap/install/deva_map_msgs/include/deva_map_msgs/deva_map_msgs/msg/detail/st_local_map__struct.h
-- Up-to-date: /home/linjiawei/load_mcap/install/deva_map_msgs/include/deva_map_msgs/deva_map_msgs/msg/detail/st_local_map__type_support.h
-- Up-to-date: /home/linjiawei/load_mcap/install/deva_map_msgs/include/deva_map_msgs/deva_map_msgs/msg/detail/traffic_light__functions.c
-- Up-to-date: /home/linjiawei/load_mcap/install/deva_map_msgs/include/deva_map_msgs/deva_map_msgs/msg/detail/traffic_light__functions.h
-- Up-to-date: /home/linjiawei/load_mcap/install/deva_map_msgs/include/deva_map_msgs/deva_map_msgs/msg/detail/traffic_light__struct.h
-- Up-to-date: /home/linjiawei/load_mcap/install/deva_map_msgs/include/deva_map_msgs/deva_map_msgs/msg/detail/traffic_light__type_support.h
-- Up-to-date: /home/linjiawei/load_mcap/install/deva_map_msgs/include/deva_map_msgs/deva_map_msgs/msg/avp_local_map.h
-- Up-to-date: /home/linjiawei/load_mcap/install/deva_map_msgs/include/deva_map_msgs/deva_map_msgs/msg/avp_sub_lane.h
-- Up-to-date: /home/linjiawei/load_mcap/install/deva_map_msgs/include/deva_map_msgs/deva_map_msgs/msg/avp_sub_map.h
-- Up-to-date: /home/linjiawei/load_mcap/install/deva_map_msgs/include/deva_map_msgs/deva_map_msgs/msg/channel.h
-- Up-to-date: /home/linjiawei/load_mcap/install/deva_map_msgs/include/deva_map_msgs/deva_map_msgs/msg/channel_lane_info.h
-- Up-to-date: /home/linjiawei/load_mcap/install/deva_map_msgs/include/deva_map_msgs/deva_map_msgs/msg/channel_lane_line.h
-- Up-to-date: /home/linjiawei/load_mcap/install/deva_map_msgs/include/deva_map_msgs/deva_map_msgs/msg/channel_lane_marking.h
-- Up-to-date: /home/linjiawei/load_mcap/install/deva_map_msgs/include/deva_map_msgs/deva_map_msgs/msg/channel_lane_speed_limitation.h
-- Up-to-date: /home/linjiawei/load_mcap/install/deva_map_msgs/include/deva_map_msgs/deva_map_msgs/msg/channel_lane_type.h
-- Up-to-date: /home/linjiawei/load_mcap/install/deva_map_msgs/include/deva_map_msgs/deva_map_msgs/msg/channel_marking_type.h
-- Up-to-date: /home/linjiawei/load_mcap/install/deva_map_msgs/include/deva_map_msgs/deva_map_msgs/msg/channel_object_info.h
-- Up-to-date: /home/linjiawei/load_mcap/install/deva_map_msgs/include/deva_map_msgs/deva_map_msgs/msg/channel_signal_info.h
-- Up-to-date: /home/linjiawei/load_mcap/install/deva_map_msgs/include/deva_map_msgs/deva_map_msgs/msg/channel_turn_type.h
-- Up-to-date: /home/linjiawei/load_mcap/install/deva_map_msgs/include/deva_map_msgs/deva_map_msgs/msg/ego_trajectory.h
-- Up-to-date: /home/linjiawei/load_mcap/install/deva_map_msgs/include/deva_map_msgs/deva_map_msgs/msg/ego_trajectory_point.h
-- Up-to-date: /home/linjiawei/load_mcap/install/deva_map_msgs/include/deva_map_msgs/deva_map_msgs/msg/lane_waypoint.h
-- Up-to-date: /home/linjiawei/load_mcap/install/deva_map_msgs/include/deva_map_msgs/deva_map_msgs/msg/local_map.h
-- Up-to-date: /home/linjiawei/load_mcap/install/deva_map_msgs/include/deva_map_msgs/deva_map_msgs/msg/local_map_header.h
-- Up-to-date: /home/linjiawei/load_mcap/install/deva_map_msgs/include/deva_map_msgs/deva_map_msgs/msg/obstacle_edge.h
-- Up-to-date: /home/linjiawei/load_mcap/install/deva_map_msgs/include/deva_map_msgs/deva_map_msgs/msg/path_point.h
-- Up-to-date: /home/linjiawei/load_mcap/install/deva_map_msgs/include/deva_map_msgs/deva_map_msgs/msg/reference_channal.h
-- Up-to-date: /home/linjiawei/load_mcap/install/deva_map_msgs/include/deva_map_msgs/deva_map_msgs/msg/st_local_map.h
-- Up-to-date: /home/linjiawei/load_mcap/install/deva_map_msgs/include/deva_map_msgs/deva_map_msgs/msg/traffic_light.h
-- Up-to-date: /home/linjiawei/load_mcap/install/deva_map_msgs/share/deva_map_msgs/environment/library_path.sh
-- Up-to-date: /home/linjiawei/load_mcap/install/deva_map_msgs/share/deva_map_msgs/environment/library_path.dsv
-- Up-to-date: /home/linjiawei/load_mcap/install/deva_map_msgs/lib/libdeva_map_msgs__rosidl_generator_c.so
-- Up-to-date: /home/linjiawei/load_mcap/install/deva_map_msgs/include/deva_map_msgs/deva_map_msgs
-- Up-to-date: /home/linjiawei/load_mcap/install/deva_map_msgs/include/deva_map_msgs/deva_map_msgs/msg
-- Up-to-date: /home/linjiawei/load_mcap/install/deva_map_msgs/include/deva_map_msgs/deva_map_msgs/msg/rosidl_typesupport_fastrtps_c__visibility_control.h
-- Up-to-date: /home/linjiawei/load_mcap/install/deva_map_msgs/include/deva_map_msgs/deva_map_msgs/msg/detail
-- Up-to-date: /home/linjiawei/load_mcap/install/deva_map_msgs/include/deva_map_msgs/deva_map_msgs/msg/detail/avp_boundary__rosidl_typesupport_fastrtps_c.h
-- Up-to-date: /home/linjiawei/load_mcap/install/deva_map_msgs/include/deva_map_msgs/deva_map_msgs/msg/detail/avp_local_map__rosidl_typesupport_fastrtps_c.h
-- Up-to-date: /home/linjiawei/load_mcap/install/deva_map_msgs/include/deva_map_msgs/deva_map_msgs/msg/detail/avp_sub_lane__rosidl_typesupport_fastrtps_c.h
-- Up-to-date: /home/linjiawei/load_mcap/install/deva_map_msgs/include/deva_map_msgs/deva_map_msgs/msg/detail/avp_sub_map__rosidl_typesupport_fastrtps_c.h
-- Up-to-date: /home/linjiawei/load_mcap/install/deva_map_msgs/include/deva_map_msgs/deva_map_msgs/msg/detail/channel__rosidl_typesupport_fastrtps_c.h
-- Up-to-date: /home/linjiawei/load_mcap/install/deva_map_msgs/include/deva_map_msgs/deva_map_msgs/msg/detail/channel_lane_info__rosidl_typesupport_fastrtps_c.h
-- Up-to-date: /home/linjiawei/load_mcap/install/deva_map_msgs/include/deva_map_msgs/deva_map_msgs/msg/detail/channel_lane_line__rosidl_typesupport_fastrtps_c.h
-- Up-to-date: /home/linjiawei/load_mcap/install/deva_map_msgs/include/deva_map_msgs/deva_map_msgs/msg/detail/channel_lane_marking__rosidl_typesupport_fastrtps_c.h
-- Up-to-date: /home/linjiawei/load_mcap/install/deva_map_msgs/include/deva_map_msgs/deva_map_msgs/msg/detail/channel_lane_speed_limitation__rosidl_typesupport_fastrtps_c.h
-- Up-to-date: /home/linjiawei/load_mcap/install/deva_map_msgs/include/deva_map_msgs/deva_map_msgs/msg/detail/channel_lane_type__rosidl_typesupport_fastrtps_c.h
-- Up-to-date: /home/linjiawei/load_mcap/install/deva_map_msgs/include/deva_map_msgs/deva_map_msgs/msg/detail/channel_marking_type__rosidl_typesupport_fastrtps_c.h
-- Up-to-date: /home/linjiawei/load_mcap/install/deva_map_msgs/include/deva_map_msgs/deva_map_msgs/msg/detail/channel_object_info__rosidl_typesupport_fastrtps_c.h
-- Up-to-date: /home/linjiawei/load_mcap/install/deva_map_msgs/include/deva_map_msgs/deva_map_msgs/msg/detail/channel_signal_info__rosidl_typesupport_fastrtps_c.h
-- Up-to-date: /home/linjiawei/load_mcap/install/deva_map_msgs/include/deva_map_msgs/deva_map_msgs/msg/detail/channel_turn_type__rosidl_typesupport_fastrtps_c.h
-- Up-to-date: /home/linjiawei/load_mcap/install/deva_map_msgs/include/deva_map_msgs/deva_map_msgs/msg/detail/ego_trajectory__rosidl_typesupport_fastrtps_c.h
-- Up-to-date: /home/linjiawei/load_mcap/install/deva_map_msgs/include/deva_map_msgs/deva_map_msgs/msg/detail/ego_trajectory_point__rosidl_typesupport_fastrtps_c.h
-- Up-to-date: /home/linjiawei/load_mcap/install/deva_map_msgs/include/deva_map_msgs/deva_map_msgs/msg/detail/lane_waypoint__rosidl_typesupport_fastrtps_c.h
-- Up-to-date: /home/linjiawei/load_mcap/install/deva_map_msgs/include/deva_map_msgs/deva_map_msgs/msg/detail/local_map__rosidl_typesupport_fastrtps_c.h
-- Up-to-date: /home/linjiawei/load_mcap/install/deva_map_msgs/include/deva_map_msgs/deva_map_msgs/msg/detail/local_map_header__rosidl_typesupport_fastrtps_c.h
-- Up-to-date: /home/linjiawei/load_mcap/install/deva_map_msgs/include/deva_map_msgs/deva_map_msgs/msg/detail/obstacle_edge__rosidl_typesupport_fastrtps_c.h
-- Up-to-date: /home/linjiawei/load_mcap/install/deva_map_msgs/include/deva_map_msgs/deva_map_msgs/msg/detail/path_point__rosidl_typesupport_fastrtps_c.h
-- Up-to-date: /home/linjiawei/load_mcap/install/deva_map_msgs/include/deva_map_msgs/deva_map_msgs/msg/detail/reference_channal__rosidl_typesupport_fastrtps_c.h
-- Up-to-date: /home/linjiawei/load_mcap/install/deva_map_msgs/include/deva_map_msgs/deva_map_msgs/msg/detail/st_local_map__rosidl_typesupport_fastrtps_c.h
-- Up-to-date: /home/linjiawei/load_mcap/install/deva_map_msgs/include/deva_map_msgs/deva_map_msgs/msg/detail/traffic_light__rosidl_typesupport_fastrtps_c.h
-- Up-to-date: /home/linjiawei/load_mcap/install/deva_map_msgs/lib/libdeva_map_msgs__rosidl_typesupport_fastrtps_c.so
-- Up-to-date: /home/linjiawei/load_mcap/install/deva_map_msgs/include/deva_map_msgs/deva_map_msgs
-- Up-to-date: /home/linjiawei/load_mcap/install/deva_map_msgs/include/deva_map_msgs/deva_map_msgs/msg
-- Up-to-date: /home/linjiawei/load_mcap/install/deva_map_msgs/include/deva_map_msgs/deva_map_msgs/msg/rosidl_typesupport_introspection_c__visibility_control.h
-- Up-to-date: /home/linjiawei/load_mcap/install/deva_map_msgs/include/deva_map_msgs/deva_map_msgs/msg/detail
-- Up-to-date: /home/linjiawei/load_mcap/install/deva_map_msgs/include/deva_map_msgs/deva_map_msgs/msg/detail/avp_boundary__rosidl_typesupport_introspection_c.h
-- Up-to-date: /home/linjiawei/load_mcap/install/deva_map_msgs/include/deva_map_msgs/deva_map_msgs/msg/detail/avp_boundary__type_support.c
-- Up-to-date: /home/linjiawei/load_mcap/install/deva_map_msgs/include/deva_map_msgs/deva_map_msgs/msg/detail/avp_local_map__rosidl_typesupport_introspection_c.h
-- Up-to-date: /home/linjiawei/load_mcap/install/deva_map_msgs/include/deva_map_msgs/deva_map_msgs/msg/detail/avp_local_map__type_support.c
-- Up-to-date: /home/linjiawei/load_mcap/install/deva_map_msgs/include/deva_map_msgs/deva_map_msgs/msg/detail/avp_sub_lane__rosidl_typesupport_introspection_c.h
-- Up-to-date: /home/linjiawei/load_mcap/install/deva_map_msgs/include/deva_map_msgs/deva_map_msgs/msg/detail/avp_sub_lane__type_support.c
-- Up-to-date: /home/linjiawei/load_mcap/install/deva_map_msgs/include/deva_map_msgs/deva_map_msgs/msg/detail/avp_sub_map__rosidl_typesupport_introspection_c.h
-- Up-to-date: /home/linjiawei/load_mcap/install/deva_map_msgs/include/deva_map_msgs/deva_map_msgs/msg/detail/avp_sub_map__type_support.c
-- Up-to-date: /home/linjiawei/load_mcap/install/deva_map_msgs/include/deva_map_msgs/deva_map_msgs/msg/detail/channel__rosidl_typesupport_introspection_c.h
-- Up-to-date: /home/linjiawei/load_mcap/install/deva_map_msgs/include/deva_map_msgs/deva_map_msgs/msg/detail/channel__type_support.c
-- Up-to-date: /home/linjiawei/load_mcap/install/deva_map_msgs/include/deva_map_msgs/deva_map_msgs/msg/detail/channel_lane_info__rosidl_typesupport_introspection_c.h
-- Up-to-date: /home/linjiawei/load_mcap/install/deva_map_msgs/include/deva_map_msgs/deva_map_msgs/msg/detail/channel_lane_info__type_support.c
-- Up-to-date: /home/linjiawei/load_mcap/install/deva_map_msgs/include/deva_map_msgs/deva_map_msgs/msg/detail/channel_lane_line__rosidl_typesupport_introspection_c.h
-- Up-to-date: /home/linjiawei/load_mcap/install/deva_map_msgs/include/deva_map_msgs/deva_map_msgs/msg/detail/channel_lane_line__type_support.c
-- Up-to-date: /home/linjiawei/load_mcap/install/deva_map_msgs/include/deva_map_msgs/deva_map_msgs/msg/detail/channel_lane_marking__rosidl_typesupport_introspection_c.h
-- Up-to-date: /home/linjiawei/load_mcap/install/deva_map_msgs/include/deva_map_msgs/deva_map_msgs/msg/detail/channel_lane_marking__type_support.c
-- Up-to-date: /home/linjiawei/load_mcap/install/deva_map_msgs/include/deva_map_msgs/deva_map_msgs/msg/detail/channel_lane_speed_limitation__rosidl_typesupport_introspection_c.h
-- Up-to-date: /home/linjiawei/load_mcap/install/deva_map_msgs/include/deva_map_msgs/deva_map_msgs/msg/detail/channel_lane_speed_limitation__type_support.c
-- Up-to-date: /home/linjiawei/load_mcap/install/deva_map_msgs/include/deva_map_msgs/deva_map_msgs/msg/detail/channel_lane_type__rosidl_typesupport_introspection_c.h
-- Up-to-date: /home/linjiawei/load_mcap/install/deva_map_msgs/include/deva_map_msgs/deva_map_msgs/msg/detail/channel_lane_type__type_support.c
-- Up-to-date: /home/linjiawei/load_mcap/install/deva_map_msgs/include/deva_map_msgs/deva_map_msgs/msg/detail/channel_marking_type__rosidl_typesupport_introspection_c.h
-- Up-to-date: /home/linjiawei/load_mcap/install/deva_map_msgs/include/deva_map_msgs/deva_map_msgs/msg/detail/channel_marking_type__type_support.c
-- Up-to-date: /home/linjiawei/load_mcap/install/deva_map_msgs/include/deva_map_msgs/deva_map_msgs/msg/detail/channel_object_info__rosidl_typesupport_introspection_c.h
-- Up-to-date: /home/linjiawei/load_mcap/install/deva_map_msgs/include/deva_map_msgs/deva_map_msgs/msg/detail/channel_object_info__type_support.c
-- Up-to-date: /home/linjiawei/load_mcap/install/deva_map_msgs/include/deva_map_msgs/deva_map_msgs/msg/detail/channel_signal_info__rosidl_typesupport_introspection_c.h
-- Up-to-date: /home/linjiawei/load_mcap/install/deva_map_msgs/include/deva_map_msgs/deva_map_msgs/msg/detail/channel_signal_info__type_support.c
-- Up-to-date: /home/linjiawei/load_mcap/install/deva_map_msgs/include/deva_map_msgs/deva_map_msgs/msg/detail/channel_turn_type__rosidl_typesupport_introspection_c.h
-- Up-to-date: /home/linjiawei/load_mcap/install/deva_map_msgs/include/deva_map_msgs/deva_map_msgs/msg/detail/channel_turn_type__type_support.c
-- Up-to-date: /home/linjiawei/load_mcap/install/deva_map_msgs/include/deva_map_msgs/deva_map_msgs/msg/detail/ego_trajectory__rosidl_typesupport_introspection_c.h
-- Up-to-date: /home/linjiawei/load_mcap/install/deva_map_msgs/include/deva_map_msgs/deva_map_msgs/msg/detail/ego_trajectory__type_support.c
-- Up-to-date: /home/linjiawei/load_mcap/install/deva_map_msgs/include/deva_map_msgs/deva_map_msgs/msg/detail/ego_trajectory_point__rosidl_typesupport_introspection_c.h
-- Up-to-date: /home/linjiawei/load_mcap/install/deva_map_msgs/include/deva_map_msgs/deva_map_msgs/msg/detail/ego_trajectory_point__type_support.c
-- Up-to-date: /home/linjiawei/load_mcap/install/deva_map_msgs/include/deva_map_msgs/deva_map_msgs/msg/detail/lane_waypoint__rosidl_typesupport_introspection_c.h
-- Up-to-date: /home/linjiawei/load_mcap/install/deva_map_msgs/include/deva_map_msgs/deva_map_msgs/msg/detail/lane_waypoint__type_support.c
-- Up-to-date: /home/linjiawei/load_mcap/install/deva_map_msgs/include/deva_map_msgs/deva_map_msgs/msg/detail/local_map__rosidl_typesupport_introspection_c.h
-- Up-to-date: /home/linjiawei/load_mcap/install/deva_map_msgs/include/deva_map_msgs/deva_map_msgs/msg/detail/local_map__type_support.c
-- Up-to-date: /home/linjiawei/load_mcap/install/deva_map_msgs/include/deva_map_msgs/deva_map_msgs/msg/detail/local_map_header__rosidl_typesupport_introspection_c.h
-- Up-to-date: /home/linjiawei/load_mcap/install/deva_map_msgs/include/deva_map_msgs/deva_map_msgs/msg/detail/local_map_header__type_support.c
-- Up-to-date: /home/linjiawei/load_mcap/install/deva_map_msgs/include/deva_map_msgs/deva_map_msgs/msg/detail/obstacle_edge__rosidl_typesupport_introspection_c.h
-- Up-to-date: /home/linjiawei/load_mcap/install/deva_map_msgs/include/deva_map_msgs/deva_map_msgs/msg/detail/obstacle_edge__type_support.c
-- Up-to-date: /home/linjiawei/load_mcap/install/deva_map_msgs/include/deva_map_msgs/deva_map_msgs/msg/detail/path_point__rosidl_typesupport_introspection_c.h
-- Up-to-date: /home/linjiawei/load_mcap/install/deva_map_msgs/include/deva_map_msgs/deva_map_msgs/msg/detail/path_point__type_support.c
-- Up-to-date: /home/linjiawei/load_mcap/install/deva_map_msgs/include/deva_map_msgs/deva_map_msgs/msg/detail/reference_channal__rosidl_typesupport_introspection_c.h
-- Up-to-date: /home/linjiawei/load_mcap/install/deva_map_msgs/include/deva_map_msgs/deva_map_msgs/msg/detail/reference_channal__type_support.c
-- Up-to-date: /home/linjiawei/load_mcap/install/deva_map_msgs/include/deva_map_msgs/deva_map_msgs/msg/detail/st_local_map__rosidl_typesupport_introspection_c.h
-- Up-to-date: /home/linjiawei/load_mcap/install/deva_map_msgs/include/deva_map_msgs/deva_map_msgs/msg/detail/st_local_map__type_support.c
-- Up-to-date: /home/linjiawei/load_mcap/install/deva_map_msgs/include/deva_map_msgs/deva_map_msgs/msg/detail/traffic_light__rosidl_typesupport_introspection_c.h
-- Up-to-date: /home/linjiawei/load_mcap/install/deva_map_msgs/include/deva_map_msgs/deva_map_msgs/msg/detail/traffic_light__type_support.c
-- Up-to-date: /home/linjiawei/load_mcap/install/deva_map_msgs/lib/libdeva_map_msgs__rosidl_typesupport_introspection_c.so
-- Up-to-date: /home/linjiawei/load_mcap/install/deva_map_msgs/lib/libdeva_map_msgs__rosidl_typesupport_c.so
-- Up-to-date: /home/linjiawei/load_mcap/install/deva_map_msgs/include/deva_map_msgs/deva_map_msgs
-- Up-to-date: /home/linjiawei/load_mcap/install/deva_map_msgs/include/deva_map_msgs/deva_map_msgs/msg
-- Up-to-date: /home/linjiawei/load_mcap/install/deva_map_msgs/include/deva_map_msgs/deva_map_msgs/msg/rosidl_generator_cpp__visibility_control.hpp
-- Up-to-date: /home/linjiawei/load_mcap/install/deva_map_msgs/include/deva_map_msgs/deva_map_msgs/msg/avp_boundary.hpp
-- Up-to-date: /home/linjiawei/load_mcap/install/deva_map_msgs/include/deva_map_msgs/deva_map_msgs/msg/detail
-- Up-to-date: /home/linjiawei/load_mcap/install/deva_map_msgs/include/deva_map_msgs/deva_map_msgs/msg/detail/avp_boundary__builder.hpp
-- Up-to-date: /home/linjiawei/load_mcap/install/deva_map_msgs/include/deva_map_msgs/deva_map_msgs/msg/detail/avp_boundary__struct.hpp
-- Up-to-date: /home/linjiawei/load_mcap/install/deva_map_msgs/include/deva_map_msgs/deva_map_msgs/msg/detail/avp_boundary__traits.hpp
-- Up-to-date: /home/linjiawei/load_mcap/install/deva_map_msgs/include/deva_map_msgs/deva_map_msgs/msg/detail/avp_boundary__type_support.hpp
-- Up-to-date: /home/linjiawei/load_mcap/install/deva_map_msgs/include/deva_map_msgs/deva_map_msgs/msg/detail/avp_local_map__builder.hpp
-- Up-to-date: /home/linjiawei/load_mcap/install/deva_map_msgs/include/deva_map_msgs/deva_map_msgs/msg/detail/avp_local_map__struct.hpp
-- Up-to-date: /home/linjiawei/load_mcap/install/deva_map_msgs/include/deva_map_msgs/deva_map_msgs/msg/detail/avp_local_map__traits.hpp
-- Up-to-date: /home/linjiawei/load_mcap/install/deva_map_msgs/include/deva_map_msgs/deva_map_msgs/msg/detail/avp_local_map__type_support.hpp
-- Up-to-date: /home/linjiawei/load_mcap/install/deva_map_msgs/include/deva_map_msgs/deva_map_msgs/msg/detail/avp_sub_lane__builder.hpp
-- Up-to-date: /home/linjiawei/load_mcap/install/deva_map_msgs/include/deva_map_msgs/deva_map_msgs/msg/detail/avp_sub_lane__struct.hpp
-- Up-to-date: /home/linjiawei/load_mcap/install/deva_map_msgs/include/deva_map_msgs/deva_map_msgs/msg/detail/avp_sub_lane__traits.hpp
-- Up-to-date: /home/linjiawei/load_mcap/install/deva_map_msgs/include/deva_map_msgs/deva_map_msgs/msg/detail/avp_sub_lane__type_support.hpp
-- Up-to-date: /home/linjiawei/load_mcap/install/deva_map_msgs/include/deva_map_msgs/deva_map_msgs/msg/detail/avp_sub_map__builder.hpp
-- Up-to-date: /home/linjiawei/load_mcap/install/deva_map_msgs/include/deva_map_msgs/deva_map_msgs/msg/detail/avp_sub_map__struct.hpp
-- Up-to-date: /home/linjiawei/load_mcap/install/deva_map_msgs/include/deva_map_msgs/deva_map_msgs/msg/detail/avp_sub_map__traits.hpp
-- Up-to-date: /home/linjiawei/load_mcap/install/deva_map_msgs/include/deva_map_msgs/deva_map_msgs/msg/detail/avp_sub_map__type_support.hpp
-- Up-to-date: /home/linjiawei/load_mcap/install/deva_map_msgs/include/deva_map_msgs/deva_map_msgs/msg/detail/channel__builder.hpp
-- Up-to-date: /home/linjiawei/load_mcap/install/deva_map_msgs/include/deva_map_msgs/deva_map_msgs/msg/detail/channel__struct.hpp
-- Up-to-date: /home/linjiawei/load_mcap/install/deva_map_msgs/include/deva_map_msgs/deva_map_msgs/msg/detail/channel__traits.hpp
-- Up-to-date: /home/linjiawei/load_mcap/install/deva_map_msgs/include/deva_map_msgs/deva_map_msgs/msg/detail/channel__type_support.hpp
-- Up-to-date: /home/linjiawei/load_mcap/install/deva_map_msgs/include/deva_map_msgs/deva_map_msgs/msg/detail/channel_lane_info__builder.hpp
-- Up-to-date: /home/linjiawei/load_mcap/install/deva_map_msgs/include/deva_map_msgs/deva_map_msgs/msg/detail/channel_lane_info__struct.hpp
-- Up-to-date: /home/linjiawei/load_mcap/install/deva_map_msgs/include/deva_map_msgs/deva_map_msgs/msg/detail/channel_lane_info__traits.hpp
-- Up-to-date: /home/linjiawei/load_mcap/install/deva_map_msgs/include/deva_map_msgs/deva_map_msgs/msg/detail/channel_lane_info__type_support.hpp
-- Up-to-date: /home/linjiawei/load_mcap/install/deva_map_msgs/include/deva_map_msgs/deva_map_msgs/msg/detail/channel_lane_line__builder.hpp
-- Up-to-date: /home/linjiawei/load_mcap/install/deva_map_msgs/include/deva_map_msgs/deva_map_msgs/msg/detail/channel_lane_line__struct.hpp
-- Up-to-date: /home/linjiawei/load_mcap/install/deva_map_msgs/include/deva_map_msgs/deva_map_msgs/msg/detail/channel_lane_line__traits.hpp
-- Up-to-date: /home/linjiawei/load_mcap/install/deva_map_msgs/include/deva_map_msgs/deva_map_msgs/msg/detail/channel_lane_line__type_support.hpp
-- Up-to-date: /home/linjiawei/load_mcap/install/deva_map_msgs/include/deva_map_msgs/deva_map_msgs/msg/detail/channel_lane_marking__builder.hpp
-- Up-to-date: /home/linjiawei/load_mcap/install/deva_map_msgs/include/deva_map_msgs/deva_map_msgs/msg/detail/channel_lane_marking__struct.hpp
-- Up-to-date: /home/linjiawei/load_mcap/install/deva_map_msgs/include/deva_map_msgs/deva_map_msgs/msg/detail/channel_lane_marking__traits.hpp
-- Up-to-date: /home/linjiawei/load_mcap/install/deva_map_msgs/include/deva_map_msgs/deva_map_msgs/msg/detail/channel_lane_marking__type_support.hpp
-- Up-to-date: /home/linjiawei/load_mcap/install/deva_map_msgs/include/deva_map_msgs/deva_map_msgs/msg/detail/channel_lane_speed_limitation__builder.hpp
-- Up-to-date: /home/linjiawei/load_mcap/install/deva_map_msgs/include/deva_map_msgs/deva_map_msgs/msg/detail/channel_lane_speed_limitation__struct.hpp
-- Up-to-date: /home/linjiawei/load_mcap/install/deva_map_msgs/include/deva_map_msgs/deva_map_msgs/msg/detail/channel_lane_speed_limitation__traits.hpp
-- Up-to-date: /home/linjiawei/load_mcap/install/deva_map_msgs/include/deva_map_msgs/deva_map_msgs/msg/detail/channel_lane_speed_limitation__type_support.hpp
-- Up-to-date: /home/linjiawei/load_mcap/install/deva_map_msgs/include/deva_map_msgs/deva_map_msgs/msg/detail/channel_lane_type__builder.hpp
-- Up-to-date: /home/linjiawei/load_mcap/install/deva_map_msgs/include/deva_map_msgs/deva_map_msgs/msg/detail/channel_lane_type__struct.hpp
-- Up-to-date: /home/linjiawei/load_mcap/install/deva_map_msgs/include/deva_map_msgs/deva_map_msgs/msg/detail/channel_lane_type__traits.hpp
-- Up-to-date: /home/linjiawei/load_mcap/install/deva_map_msgs/include/deva_map_msgs/deva_map_msgs/msg/detail/channel_lane_type__type_support.hpp
-- Up-to-date: /home/linjiawei/load_mcap/install/deva_map_msgs/include/deva_map_msgs/deva_map_msgs/msg/detail/channel_marking_type__builder.hpp
-- Up-to-date: /home/linjiawei/load_mcap/install/deva_map_msgs/include/deva_map_msgs/deva_map_msgs/msg/detail/channel_marking_type__struct.hpp
-- Up-to-date: /home/linjiawei/load_mcap/install/deva_map_msgs/include/deva_map_msgs/deva_map_msgs/msg/detail/channel_marking_type__traits.hpp
-- Up-to-date: /home/linjiawei/load_mcap/install/deva_map_msgs/include/deva_map_msgs/deva_map_msgs/msg/detail/channel_marking_type__type_support.hpp
-- Up-to-date: /home/linjiawei/load_mcap/install/deva_map_msgs/include/deva_map_msgs/deva_map_msgs/msg/detail/channel_object_info__builder.hpp
-- Up-to-date: /home/linjiawei/load_mcap/install/deva_map_msgs/include/deva_map_msgs/deva_map_msgs/msg/detail/channel_object_info__struct.hpp
-- Up-to-date: /home/linjiawei/load_mcap/install/deva_map_msgs/include/deva_map_msgs/deva_map_msgs/msg/detail/channel_object_info__traits.hpp
-- Up-to-date: /home/linjiawei/load_mcap/install/deva_map_msgs/include/deva_map_msgs/deva_map_msgs/msg/detail/channel_object_info__type_support.hpp
-- Up-to-date: /home/linjiawei/load_mcap/install/deva_map_msgs/include/deva_map_msgs/deva_map_msgs/msg/detail/channel_signal_info__builder.hpp
-- Up-to-date: /home/linjiawei/load_mcap/install/deva_map_msgs/include/deva_map_msgs/deva_map_msgs/msg/detail/channel_signal_info__struct.hpp
-- Up-to-date: /home/linjiawei/load_mcap/install/deva_map_msgs/include/deva_map_msgs/deva_map_msgs/msg/detail/channel_signal_info__traits.hpp
-- Up-to-date: /home/linjiawei/load_mcap/install/deva_map_msgs/include/deva_map_msgs/deva_map_msgs/msg/detail/channel_signal_info__type_support.hpp
-- Up-to-date: /home/linjiawei/load_mcap/install/deva_map_msgs/include/deva_map_msgs/deva_map_msgs/msg/detail/channel_turn_type__builder.hpp
-- Up-to-date: /home/linjiawei/load_mcap/install/deva_map_msgs/include/deva_map_msgs/deva_map_msgs/msg/detail/channel_turn_type__struct.hpp
-- Up-to-date: /home/linjiawei/load_mcap/install/deva_map_msgs/include/deva_map_msgs/deva_map_msgs/msg/detail/channel_turn_type__traits.hpp
-- Up-to-date: /home/linjiawei/load_mcap/install/deva_map_msgs/include/deva_map_msgs/deva_map_msgs/msg/detail/channel_turn_type__type_support.hpp
-- Up-to-date: /home/linjiawei/load_mcap/install/deva_map_msgs/include/deva_map_msgs/deva_map_msgs/msg/detail/ego_trajectory__builder.hpp
-- Up-to-date: /home/linjiawei/load_mcap/install/deva_map_msgs/include/deva_map_msgs/deva_map_msgs/msg/detail/ego_trajectory__struct.hpp
-- Up-to-date: /home/linjiawei/load_mcap/install/deva_map_msgs/include/deva_map_msgs/deva_map_msgs/msg/detail/ego_trajectory__traits.hpp
-- Up-to-date: /home/linjiawei/load_mcap/install/deva_map_msgs/include/deva_map_msgs/deva_map_msgs/msg/detail/ego_trajectory__type_support.hpp
-- Up-to-date: /home/linjiawei/load_mcap/install/deva_map_msgs/include/deva_map_msgs/deva_map_msgs/msg/detail/ego_trajectory_point__builder.hpp
-- Up-to-date: /home/linjiawei/load_mcap/install/deva_map_msgs/include/deva_map_msgs/deva_map_msgs/msg/detail/ego_trajectory_point__struct.hpp
-- Up-to-date: /home/linjiawei/load_mcap/install/deva_map_msgs/include/deva_map_msgs/deva_map_msgs/msg/detail/ego_trajectory_point__traits.hpp
-- Up-to-date: /home/linjiawei/load_mcap/install/deva_map_msgs/include/deva_map_msgs/deva_map_msgs/msg/detail/ego_trajectory_point__type_support.hpp
-- Up-to-date: /home/linjiawei/load_mcap/install/deva_map_msgs/include/deva_map_msgs/deva_map_msgs/msg/detail/lane_waypoint__builder.hpp
-- Up-to-date: /home/linjiawei/load_mcap/install/deva_map_msgs/include/deva_map_msgs/deva_map_msgs/msg/detail/lane_waypoint__struct.hpp
-- Up-to-date: /home/linjiawei/load_mcap/install/deva_map_msgs/include/deva_map_msgs/deva_map_msgs/msg/detail/lane_waypoint__traits.hpp
-- Up-to-date: /home/linjiawei/load_mcap/install/deva_map_msgs/include/deva_map_msgs/deva_map_msgs/msg/detail/lane_waypoint__type_support.hpp
-- Up-to-date: /home/linjiawei/load_mcap/install/deva_map_msgs/include/deva_map_msgs/deva_map_msgs/msg/detail/local_map__builder.hpp
-- Up-to-date: /home/linjiawei/load_mcap/install/deva_map_msgs/include/deva_map_msgs/deva_map_msgs/msg/detail/local_map__struct.hpp
-- Up-to-date: /home/linjiawei/load_mcap/install/deva_map_msgs/include/deva_map_msgs/deva_map_msgs/msg/detail/local_map__traits.hpp
-- Up-to-date: /home/linjiawei/load_mcap/install/deva_map_msgs/include/deva_map_msgs/deva_map_msgs/msg/detail/local_map__type_support.hpp
-- Up-to-date: /home/linjiawei/load_mcap/install/deva_map_msgs/include/deva_map_msgs/deva_map_msgs/msg/detail/local_map_header__builder.hpp
-- Up-to-date: /home/linjiawei/load_mcap/install/deva_map_msgs/include/deva_map_msgs/deva_map_msgs/msg/detail/local_map_header__struct.hpp
-- Up-to-date: /home/linjiawei/load_mcap/install/deva_map_msgs/include/deva_map_msgs/deva_map_msgs/msg/detail/local_map_header__traits.hpp
-- Up-to-date: /home/linjiawei/load_mcap/install/deva_map_msgs/include/deva_map_msgs/deva_map_msgs/msg/detail/local_map_header__type_support.hpp
-- Up-to-date: /home/linjiawei/load_mcap/install/deva_map_msgs/include/deva_map_msgs/deva_map_msgs/msg/detail/obstacle_edge__builder.hpp
-- Up-to-date: /home/linjiawei/load_mcap/install/deva_map_msgs/include/deva_map_msgs/deva_map_msgs/msg/detail/obstacle_edge__struct.hpp
-- Up-to-date: /home/linjiawei/load_mcap/install/deva_map_msgs/include/deva_map_msgs/deva_map_msgs/msg/detail/obstacle_edge__traits.hpp
-- Up-to-date: /home/linjiawei/load_mcap/install/deva_map_msgs/include/deva_map_msgs/deva_map_msgs/msg/detail/obstacle_edge__type_support.hpp
-- Up-to-date: /home/linjiawei/load_mcap/install/deva_map_msgs/include/deva_map_msgs/deva_map_msgs/msg/detail/path_point__builder.hpp
-- Up-to-date: /home/linjiawei/load_mcap/install/deva_map_msgs/include/deva_map_msgs/deva_map_msgs/msg/detail/path_point__struct.hpp
-- Up-to-date: /home/linjiawei/load_mcap/install/deva_map_msgs/include/deva_map_msgs/deva_map_msgs/msg/detail/path_point__traits.hpp
-- Up-to-date: /home/linjiawei/load_mcap/install/deva_map_msgs/include/deva_map_msgs/deva_map_msgs/msg/detail/path_point__type_support.hpp
-- Up-to-date: /home/linjiawei/load_mcap/install/deva_map_msgs/include/deva_map_msgs/deva_map_msgs/msg/detail/reference_channal__builder.hpp
-- Up-to-date: /home/linjiawei/load_mcap/install/deva_map_msgs/include/deva_map_msgs/deva_map_msgs/msg/detail/reference_channal__struct.hpp
-- Up-to-date: /home/linjiawei/load_mcap/install/deva_map_msgs/include/deva_map_msgs/deva_map_msgs/msg/detail/reference_channal__traits.hpp
-- Up-to-date: /home/linjiawei/load_mcap/install/deva_map_msgs/include/deva_map_msgs/deva_map_msgs/msg/detail/reference_channal__type_support.hpp
-- Up-to-date: /home/linjiawei/load_mcap/install/deva_map_msgs/include/deva_map_msgs/deva_map_msgs/msg/detail/st_local_map__builder.hpp
-- Up-to-date: /home/linjiawei/load_mcap/install/deva_map_msgs/include/deva_map_msgs/deva_map_msgs/msg/detail/st_local_map__struct.hpp
-- Up-to-date: /home/linjiawei/load_mcap/install/deva_map_msgs/include/deva_map_msgs/deva_map_msgs/msg/detail/st_local_map__traits.hpp
-- Up-to-date: /home/linjiawei/load_mcap/install/deva_map_msgs/include/deva_map_msgs/deva_map_msgs/msg/detail/st_local_map__type_support.hpp
-- Up-to-date: /home/linjiawei/load_mcap/install/deva_map_msgs/include/deva_map_msgs/deva_map_msgs/msg/detail/traffic_light__builder.hpp
-- Up-to-date: /home/linjiawei/load_mcap/install/deva_map_msgs/include/deva_map_msgs/deva_map_msgs/msg/detail/traffic_light__struct.hpp
-- Up-to-date: /home/linjiawei/load_mcap/install/deva_map_msgs/include/deva_map_msgs/deva_map_msgs/msg/detail/traffic_light__traits.hpp
-- Up-to-date: /home/linjiawei/load_mcap/install/deva_map_msgs/include/deva_map_msgs/deva_map_msgs/msg/detail/traffic_light__type_support.hpp
-- Up-to-date: /home/linjiawei/load_mcap/install/deva_map_msgs/include/deva_map_msgs/deva_map_msgs/msg/avp_local_map.hpp
-- Up-to-date: /home/linjiawei/load_mcap/install/deva_map_msgs/include/deva_map_msgs/deva_map_msgs/msg/avp_sub_lane.hpp
-- Up-to-date: /home/linjiawei/load_mcap/install/deva_map_msgs/include/deva_map_msgs/deva_map_msgs/msg/avp_sub_map.hpp
-- Up-to-date: /home/linjiawei/load_mcap/install/deva_map_msgs/include/deva_map_msgs/deva_map_msgs/msg/channel.hpp
-- Up-to-date: /home/linjiawei/load_mcap/install/deva_map_msgs/include/deva_map_msgs/deva_map_msgs/msg/channel_lane_info.hpp
-- Up-to-date: /home/linjiawei/load_mcap/install/deva_map_msgs/include/deva_map_msgs/deva_map_msgs/msg/channel_lane_line.hpp
-- Up-to-date: /home/linjiawei/load_mcap/install/deva_map_msgs/include/deva_map_msgs/deva_map_msgs/msg/channel_lane_marking.hpp
-- Up-to-date: /home/linjiawei/load_mcap/install/deva_map_msgs/include/deva_map_msgs/deva_map_msgs/msg/channel_lane_speed_limitation.hpp
-- Up-to-date: /home/linjiawei/load_mcap/install/deva_map_msgs/include/deva_map_msgs/deva_map_msgs/msg/channel_lane_type.hpp
-- Up-to-date: /home/linjiawei/load_mcap/install/deva_map_msgs/include/deva_map_msgs/deva_map_msgs/msg/channel_marking_type.hpp
-- Up-to-date: /home/linjiawei/load_mcap/install/deva_map_msgs/include/deva_map_msgs/deva_map_msgs/msg/channel_object_info.hpp
-- Up-to-date: /home/linjiawei/load_mcap/install/deva_map_msgs/include/deva_map_msgs/deva_map_msgs/msg/channel_signal_info.hpp
-- Up-to-date: /home/linjiawei/load_mcap/install/deva_map_msgs/include/deva_map_msgs/deva_map_msgs/msg/channel_turn_type.hpp
-- Up-to-date: /home/linjiawei/load_mcap/install/deva_map_msgs/include/deva_map_msgs/deva_map_msgs/msg/ego_trajectory.hpp
-- Up-to-date: /home/linjiawei/load_mcap/install/deva_map_msgs/include/deva_map_msgs/deva_map_msgs/msg/ego_trajectory_point.hpp
-- Up-to-date: /home/linjiawei/load_mcap/install/deva_map_msgs/include/deva_map_msgs/deva_map_msgs/msg/lane_waypoint.hpp
-- Up-to-date: /home/linjiawei/load_mcap/install/deva_map_msgs/include/deva_map_msgs/deva_map_msgs/msg/local_map.hpp
-- Up-to-date: /home/linjiawei/load_mcap/install/deva_map_msgs/include/deva_map_msgs/deva_map_msgs/msg/local_map_header.hpp
-- Up-to-date: /home/linjiawei/load_mcap/install/deva_map_msgs/include/deva_map_msgs/deva_map_msgs/msg/obstacle_edge.hpp
-- Up-to-date: /home/linjiawei/load_mcap/install/deva_map_msgs/include/deva_map_msgs/deva_map_msgs/msg/path_point.hpp
-- Up-to-date: /home/linjiawei/load_mcap/install/deva_map_msgs/include/deva_map_msgs/deva_map_msgs/msg/reference_channal.hpp
-- Up-to-date: /home/linjiawei/load_mcap/install/deva_map_msgs/include/deva_map_msgs/deva_map_msgs/msg/st_local_map.hpp
-- Up-to-date: /home/linjiawei/load_mcap/install/deva_map_msgs/include/deva_map_msgs/deva_map_msgs/msg/traffic_light.hpp
-- Up-to-date: /home/linjiawei/load_mcap/install/deva_map_msgs/include/deva_map_msgs/deva_map_msgs
-- Up-to-date: /home/linjiawei/load_mcap/install/deva_map_msgs/include/deva_map_msgs/deva_map_msgs/msg
-- Up-to-date: /home/linjiawei/load_mcap/install/deva_map_msgs/include/deva_map_msgs/deva_map_msgs/msg/rosidl_typesupport_fastrtps_cpp__visibility_control.h
-- Up-to-date: /home/linjiawei/load_mcap/install/deva_map_msgs/include/deva_map_msgs/deva_map_msgs/msg/detail
-- Up-to-date: /home/linjiawei/load_mcap/install/deva_map_msgs/include/deva_map_msgs/deva_map_msgs/msg/detail/avp_boundary__rosidl_typesupport_fastrtps_cpp.hpp
-- Up-to-date: /home/linjiawei/load_mcap/install/deva_map_msgs/include/deva_map_msgs/deva_map_msgs/msg/detail/dds_fastrtps
-- Up-to-date: /home/linjiawei/load_mcap/install/deva_map_msgs/include/deva_map_msgs/deva_map_msgs/msg/detail/avp_local_map__rosidl_typesupport_fastrtps_cpp.hpp
-- Up-to-date: /home/linjiawei/load_mcap/install/deva_map_msgs/include/deva_map_msgs/deva_map_msgs/msg/detail/avp_sub_lane__rosidl_typesupport_fastrtps_cpp.hpp
-- Up-to-date: /home/linjiawei/load_mcap/install/deva_map_msgs/include/deva_map_msgs/deva_map_msgs/msg/detail/avp_sub_map__rosidl_typesupport_fastrtps_cpp.hpp
-- Up-to-date: /home/linjiawei/load_mcap/install/deva_map_msgs/include/deva_map_msgs/deva_map_msgs/msg/detail/channel__rosidl_typesupport_fastrtps_cpp.hpp
-- Up-to-date: /home/linjiawei/load_mcap/install/deva_map_msgs/include/deva_map_msgs/deva_map_msgs/msg/detail/channel_lane_info__rosidl_typesupport_fastrtps_cpp.hpp
-- Up-to-date: /home/linjiawei/load_mcap/install/deva_map_msgs/include/deva_map_msgs/deva_map_msgs/msg/detail/channel_lane_line__rosidl_typesupport_fastrtps_cpp.hpp
-- Up-to-date: /home/linjiawei/load_mcap/install/deva_map_msgs/include/deva_map_msgs/deva_map_msgs/msg/detail/channel_lane_marking__rosidl_typesupport_fastrtps_cpp.hpp
-- Up-to-date: /home/linjiawei/load_mcap/install/deva_map_msgs/include/deva_map_msgs/deva_map_msgs/msg/detail/channel_lane_speed_limitation__rosidl_typesupport_fastrtps_cpp.hpp
-- Up-to-date: /home/linjiawei/load_mcap/install/deva_map_msgs/include/deva_map_msgs/deva_map_msgs/msg/detail/channel_lane_type__rosidl_typesupport_fastrtps_cpp.hpp
-- Up-to-date: /home/linjiawei/load_mcap/install/deva_map_msgs/include/deva_map_msgs/deva_map_msgs/msg/detail/channel_marking_type__rosidl_typesupport_fastrtps_cpp.hpp
-- Up-to-date: /home/linjiawei/load_mcap/install/deva_map_msgs/include/deva_map_msgs/deva_map_msgs/msg/detail/channel_object_info__rosidl_typesupport_fastrtps_cpp.hpp
-- Up-to-date: /home/linjiawei/load_mcap/install/deva_map_msgs/include/deva_map_msgs/deva_map_msgs/msg/detail/channel_signal_info__rosidl_typesupport_fastrtps_cpp.hpp
-- Up-to-date: /home/linjiawei/load_mcap/install/deva_map_msgs/include/deva_map_msgs/deva_map_msgs/msg/detail/channel_turn_type__rosidl_typesupport_fastrtps_cpp.hpp
-- Up-to-date: /home/linjiawei/load_mcap/install/deva_map_msgs/include/deva_map_msgs/deva_map_msgs/msg/detail/ego_trajectory__rosidl_typesupport_fastrtps_cpp.hpp
-- Up-to-date: /home/linjiawei/load_mcap/install/deva_map_msgs/include/deva_map_msgs/deva_map_msgs/msg/detail/ego_trajectory_point__rosidl_typesupport_fastrtps_cpp.hpp
-- Up-to-date: /home/linjiawei/load_mcap/install/deva_map_msgs/include/deva_map_msgs/deva_map_msgs/msg/detail/lane_waypoint__rosidl_typesupport_fastrtps_cpp.hpp
-- Up-to-date: /home/linjiawei/load_mcap/install/deva_map_msgs/include/deva_map_msgs/deva_map_msgs/msg/detail/local_map__rosidl_typesupport_fastrtps_cpp.hpp
-- Up-to-date: /home/linjiawei/load_mcap/install/deva_map_msgs/include/deva_map_msgs/deva_map_msgs/msg/detail/local_map_header__rosidl_typesupport_fastrtps_cpp.hpp
-- Up-to-date: /home/linjiawei/load_mcap/install/deva_map_msgs/include/deva_map_msgs/deva_map_msgs/msg/detail/obstacle_edge__rosidl_typesupport_fastrtps_cpp.hpp
-- Up-to-date: /home/linjiawei/load_mcap/install/deva_map_msgs/include/deva_map_msgs/deva_map_msgs/msg/detail/path_point__rosidl_typesupport_fastrtps_cpp.hpp
-- Up-to-date: /home/linjiawei/load_mcap/install/deva_map_msgs/include/deva_map_msgs/deva_map_msgs/msg/detail/reference_channal__rosidl_typesupport_fastrtps_cpp.hpp
-- Up-to-date: /home/linjiawei/load_mcap/install/deva_map_msgs/include/deva_map_msgs/deva_map_msgs/msg/detail/st_local_map__rosidl_typesupport_fastrtps_cpp.hpp
-- Up-to-date: /home/linjiawei/load_mcap/install/deva_map_msgs/include/deva_map_msgs/deva_map_msgs/msg/detail/traffic_light__rosidl_typesupport_fastrtps_cpp.hpp
-- Up-to-date: /home/linjiawei/load_mcap/install/deva_map_msgs/lib/libdeva_map_msgs__rosidl_typesupport_fastrtps_cpp.so
-- Up-to-date: /home/linjiawei/load_mcap/install/deva_map_msgs/include/deva_map_msgs/deva_map_msgs
-- Up-to-date: /home/linjiawei/load_mcap/install/deva_map_msgs/include/deva_map_msgs/deva_map_msgs/msg
-- Up-to-date: /home/linjiawei/load_mcap/install/deva_map_msgs/include/deva_map_msgs/deva_map_msgs/msg/detail
-- Up-to-date: /home/linjiawei/load_mcap/install/deva_map_msgs/include/deva_map_msgs/deva_map_msgs/msg/detail/avp_boundary__rosidl_typesupport_introspection_cpp.hpp
-- Up-to-date: /home/linjiawei/load_mcap/install/deva_map_msgs/include/deva_map_msgs/deva_map_msgs/msg/detail/avp_boundary__type_support.cpp
-- Up-to-date: /home/linjiawei/load_mcap/install/deva_map_msgs/include/deva_map_msgs/deva_map_msgs/msg/detail/avp_local_map__rosidl_typesupport_introspection_cpp.hpp
-- Up-to-date: /home/linjiawei/load_mcap/install/deva_map_msgs/include/deva_map_msgs/deva_map_msgs/msg/detail/avp_local_map__type_support.cpp
-- Up-to-date: /home/linjiawei/load_mcap/install/deva_map_msgs/include/deva_map_msgs/deva_map_msgs/msg/detail/avp_sub_lane__rosidl_typesupport_introspection_cpp.hpp
-- Up-to-date: /home/linjiawei/load_mcap/install/deva_map_msgs/include/deva_map_msgs/deva_map_msgs/msg/detail/avp_sub_lane__type_support.cpp
-- Up-to-date: /home/linjiawei/load_mcap/install/deva_map_msgs/include/deva_map_msgs/deva_map_msgs/msg/detail/avp_sub_map__rosidl_typesupport_introspection_cpp.hpp
-- Up-to-date: /home/linjiawei/load_mcap/install/deva_map_msgs/include/deva_map_msgs/deva_map_msgs/msg/detail/avp_sub_map__type_support.cpp
-- Up-to-date: /home/linjiawei/load_mcap/install/deva_map_msgs/include/deva_map_msgs/deva_map_msgs/msg/detail/channel__rosidl_typesupport_introspection_cpp.hpp
-- Up-to-date: /home/linjiawei/load_mcap/install/deva_map_msgs/include/deva_map_msgs/deva_map_msgs/msg/detail/channel__type_support.cpp
-- Up-to-date: /home/linjiawei/load_mcap/install/deva_map_msgs/include/deva_map_msgs/deva_map_msgs/msg/detail/channel_lane_info__rosidl_typesupport_introspection_cpp.hpp
-- Up-to-date: /home/linjiawei/load_mcap/install/deva_map_msgs/include/deva_map_msgs/deva_map_msgs/msg/detail/channel_lane_info__type_support.cpp
-- Up-to-date: /home/linjiawei/load_mcap/install/deva_map_msgs/include/deva_map_msgs/deva_map_msgs/msg/detail/channel_lane_line__rosidl_typesupport_introspection_cpp.hpp
-- Up-to-date: /home/linjiawei/load_mcap/install/deva_map_msgs/include/deva_map_msgs/deva_map_msgs/msg/detail/channel_lane_line__type_support.cpp
-- Up-to-date: /home/linjiawei/load_mcap/install/deva_map_msgs/include/deva_map_msgs/deva_map_msgs/msg/detail/channel_lane_marking__rosidl_typesupport_introspection_cpp.hpp
-- Up-to-date: /home/linjiawei/load_mcap/install/deva_map_msgs/include/deva_map_msgs/deva_map_msgs/msg/detail/channel_lane_marking__type_support.cpp
-- Up-to-date: /home/linjiawei/load_mcap/install/deva_map_msgs/include/deva_map_msgs/deva_map_msgs/msg/detail/channel_lane_speed_limitation__rosidl_typesupport_introspection_cpp.hpp
-- Up-to-date: /home/linjiawei/load_mcap/install/deva_map_msgs/include/deva_map_msgs/deva_map_msgs/msg/detail/channel_lane_speed_limitation__type_support.cpp
-- Up-to-date: /home/linjiawei/load_mcap/install/deva_map_msgs/include/deva_map_msgs/deva_map_msgs/msg/detail/channel_lane_type__rosidl_typesupport_introspection_cpp.hpp
-- Up-to-date: /home/linjiawei/load_mcap/install/deva_map_msgs/include/deva_map_msgs/deva_map_msgs/msg/detail/channel_lane_type__type_support.cpp
-- Up-to-date: /home/linjiawei/load_mcap/install/deva_map_msgs/include/deva_map_msgs/deva_map_msgs/msg/detail/channel_marking_type__rosidl_typesupport_introspection_cpp.hpp
-- Up-to-date: /home/linjiawei/load_mcap/install/deva_map_msgs/include/deva_map_msgs/deva_map_msgs/msg/detail/channel_marking_type__type_support.cpp
-- Up-to-date: /home/linjiawei/load_mcap/install/deva_map_msgs/include/deva_map_msgs/deva_map_msgs/msg/detail/channel_object_info__rosidl_typesupport_introspection_cpp.hpp
-- Up-to-date: /home/linjiawei/load_mcap/install/deva_map_msgs/include/deva_map_msgs/deva_map_msgs/msg/detail/channel_object_info__type_support.cpp
-- Up-to-date: /home/linjiawei/load_mcap/install/deva_map_msgs/include/deva_map_msgs/deva_map_msgs/msg/detail/channel_signal_info__rosidl_typesupport_introspection_cpp.hpp
-- Up-to-date: /home/linjiawei/load_mcap/install/deva_map_msgs/include/deva_map_msgs/deva_map_msgs/msg/detail/channel_signal_info__type_support.cpp
-- Up-to-date: /home/linjiawei/load_mcap/install/deva_map_msgs/include/deva_map_msgs/deva_map_msgs/msg/detail/channel_turn_type__rosidl_typesupport_introspection_cpp.hpp
-- Up-to-date: /home/linjiawei/load_mcap/install/deva_map_msgs/include/deva_map_msgs/deva_map_msgs/msg/detail/channel_turn_type__type_support.cpp
-- Up-to-date: /home/linjiawei/load_mcap/install/deva_map_msgs/include/deva_map_msgs/deva_map_msgs/msg/detail/ego_trajectory__rosidl_typesupport_introspection_cpp.hpp
-- Up-to-date: /home/linjiawei/load_mcap/install/deva_map_msgs/include/deva_map_msgs/deva_map_msgs/msg/detail/ego_trajectory__type_support.cpp
-- Up-to-date: /home/linjiawei/load_mcap/install/deva_map_msgs/include/deva_map_msgs/deva_map_msgs/msg/detail/ego_trajectory_point__rosidl_typesupport_introspection_cpp.hpp
-- Up-to-date: /home/linjiawei/load_mcap/install/deva_map_msgs/include/deva_map_msgs/deva_map_msgs/msg/detail/ego_trajectory_point__type_support.cpp
-- Up-to-date: /home/linjiawei/load_mcap/install/deva_map_msgs/include/deva_map_msgs/deva_map_msgs/msg/detail/lane_waypoint__rosidl_typesupport_introspection_cpp.hpp
-- Up-to-date: /home/linjiawei/load_mcap/install/deva_map_msgs/include/deva_map_msgs/deva_map_msgs/msg/detail/lane_waypoint__type_support.cpp
-- Up-to-date: /home/linjiawei/load_mcap/install/deva_map_msgs/include/deva_map_msgs/deva_map_msgs/msg/detail/local_map__rosidl_typesupport_introspection_cpp.hpp
-- Up-to-date: /home/linjiawei/load_mcap/install/deva_map_msgs/include/deva_map_msgs/deva_map_msgs/msg/detail/local_map__type_support.cpp
-- Up-to-date: /home/linjiawei/load_mcap/install/deva_map_msgs/include/deva_map_msgs/deva_map_msgs/msg/detail/local_map_header__rosidl_typesupport_introspection_cpp.hpp
-- Up-to-date: /home/linjiawei/load_mcap/install/deva_map_msgs/include/deva_map_msgs/deva_map_msgs/msg/detail/local_map_header__type_support.cpp
-- Up-to-date: /home/linjiawei/load_mcap/install/deva_map_msgs/include/deva_map_msgs/deva_map_msgs/msg/detail/obstacle_edge__rosidl_typesupport_introspection_cpp.hpp
-- Up-to-date: /home/linjiawei/load_mcap/install/deva_map_msgs/include/deva_map_msgs/deva_map_msgs/msg/detail/obstacle_edge__type_support.cpp
-- Up-to-date: /home/linjiawei/load_mcap/install/deva_map_msgs/include/deva_map_msgs/deva_map_msgs/msg/detail/path_point__rosidl_typesupport_introspection_cpp.hpp
-- Up-to-date: /home/linjiawei/load_mcap/install/deva_map_msgs/include/deva_map_msgs/deva_map_msgs/msg/detail/path_point__type_support.cpp
-- Up-to-date: /home/linjiawei/load_mcap/install/deva_map_msgs/include/deva_map_msgs/deva_map_msgs/msg/detail/reference_channal__rosidl_typesupport_introspection_cpp.hpp
-- Up-to-date: /home/linjiawei/load_mcap/install/deva_map_msgs/include/deva_map_msgs/deva_map_msgs/msg/detail/reference_channal__type_support.cpp
-- Up-to-date: /home/linjiawei/load_mcap/install/deva_map_msgs/include/deva_map_msgs/deva_map_msgs/msg/detail/st_local_map__rosidl_typesupport_introspection_cpp.hpp
-- Up-to-date: /home/linjiawei/load_mcap/install/deva_map_msgs/include/deva_map_msgs/deva_map_msgs/msg/detail/st_local_map__type_support.cpp
-- Up-to-date: /home/linjiawei/load_mcap/install/deva_map_msgs/include/deva_map_msgs/deva_map_msgs/msg/detail/traffic_light__rosidl_typesupport_introspection_cpp.hpp
-- Up-to-date: /home/linjiawei/load_mcap/install/deva_map_msgs/include/deva_map_msgs/deva_map_msgs/msg/detail/traffic_light__type_support.cpp
-- Up-to-date: /home/linjiawei/load_mcap/install/deva_map_msgs/lib/libdeva_map_msgs__rosidl_typesupport_introspection_cpp.so
-- Up-to-date: /home/linjiawei/load_mcap/install/deva_map_msgs/lib/libdeva_map_msgs__rosidl_typesupport_cpp.so
-- Up-to-date: /home/linjiawei/load_mcap/install/deva_map_msgs/share/deva_map_msgs/environment/pythonpath.sh
-- Up-to-date: /home/linjiawei/load_mcap/install/deva_map_msgs/share/deva_map_msgs/environment/pythonpath.dsv
-- Up-to-date: /home/linjiawei/load_mcap/install/deva_map_msgs/local/lib/python3.10/dist-packages/deva_map_msgs-0.0.0-py3.10.egg-info
-- Installing: /home/linjiawei/load_mcap/install/deva_map_msgs/local/lib/python3.10/dist-packages/deva_map_msgs-0.0.0-py3.10.egg-info/PKG-INFO
-- Installing: /home/linjiawei/load_mcap/install/deva_map_msgs/local/lib/python3.10/dist-packages/deva_map_msgs-0.0.0-py3.10.egg-info/dependency_links.txt
-- Installing: /home/linjiawei/load_mcap/install/deva_map_msgs/local/lib/python3.10/dist-packages/deva_map_msgs-0.0.0-py3.10.egg-info/top_level.txt
-- Installing: /home/linjiawei/load_mcap/install/deva_map_msgs/local/lib/python3.10/dist-packages/deva_map_msgs-0.0.0-py3.10.egg-info/SOURCES.txt
-- Up-to-date: /home/linjiawei/load_mcap/install/deva_map_msgs/local/lib/python3.10/dist-packages/deva_map_msgs
-- Up-to-date: /home/linjiawei/load_mcap/install/deva_map_msgs/local/lib/python3.10/dist-packages/deva_map_msgs/__init__.py
-- Up-to-date: /home/linjiawei/load_mcap/install/deva_map_msgs/local/lib/python3.10/dist-packages/deva_map_msgs/msg
-- Up-to-date: /home/linjiawei/load_mcap/install/deva_map_msgs/local/lib/python3.10/dist-packages/deva_map_msgs/msg/_avp_boundary.py
-- Up-to-date: /home/linjiawei/load_mcap/install/deva_map_msgs/local/lib/python3.10/dist-packages/deva_map_msgs/msg/_avp_boundary_s.c
-- Up-to-date: /home/linjiawei/load_mcap/install/deva_map_msgs/local/lib/python3.10/dist-packages/deva_map_msgs/msg/_avp_local_map.py
-- Up-to-date: /home/linjiawei/load_mcap/install/deva_map_msgs/local/lib/python3.10/dist-packages/deva_map_msgs/msg/_avp_local_map_s.c
-- Up-to-date: /home/linjiawei/load_mcap/install/deva_map_msgs/local/lib/python3.10/dist-packages/deva_map_msgs/msg/_avp_sub_lane.py
-- Up-to-date: /home/linjiawei/load_mcap/install/deva_map_msgs/local/lib/python3.10/dist-packages/deva_map_msgs/msg/_avp_sub_lane_s.c
-- Up-to-date: /home/linjiawei/load_mcap/install/deva_map_msgs/local/lib/python3.10/dist-packages/deva_map_msgs/msg/_avp_sub_map.py
-- Up-to-date: /home/linjiawei/load_mcap/install/deva_map_msgs/local/lib/python3.10/dist-packages/deva_map_msgs/msg/_avp_sub_map_s.c
-- Up-to-date: /home/linjiawei/load_mcap/install/deva_map_msgs/local/lib/python3.10/dist-packages/deva_map_msgs/msg/_channel.py
-- Up-to-date: /home/linjiawei/load_mcap/install/deva_map_msgs/local/lib/python3.10/dist-packages/deva_map_msgs/msg/_channel_s.c
-- Up-to-date: /home/linjiawei/load_mcap/install/deva_map_msgs/local/lib/python3.10/dist-packages/deva_map_msgs/msg/_channel_lane_info.py
-- Up-to-date: /home/linjiawei/load_mcap/install/deva_map_msgs/local/lib/python3.10/dist-packages/deva_map_msgs/msg/_channel_lane_info_s.c
-- Up-to-date: /home/linjiawei/load_mcap/install/deva_map_msgs/local/lib/python3.10/dist-packages/deva_map_msgs/msg/_channel_lane_line.py
-- Up-to-date: /home/linjiawei/load_mcap/install/deva_map_msgs/local/lib/python3.10/dist-packages/deva_map_msgs/msg/_channel_lane_line_s.c
-- Up-to-date: /home/linjiawei/load_mcap/install/deva_map_msgs/local/lib/python3.10/dist-packages/deva_map_msgs/msg/_channel_lane_marking.py
-- Up-to-date: /home/linjiawei/load_mcap/install/deva_map_msgs/local/lib/python3.10/dist-packages/deva_map_msgs/msg/_channel_lane_marking_s.c
-- Up-to-date: /home/linjiawei/load_mcap/install/deva_map_msgs/local/lib/python3.10/dist-packages/deva_map_msgs/msg/_channel_lane_speed_limitation.py
-- Up-to-date: /home/linjiawei/load_mcap/install/deva_map_msgs/local/lib/python3.10/dist-packages/deva_map_msgs/msg/_channel_lane_speed_limitation_s.c
-- Up-to-date: /home/linjiawei/load_mcap/install/deva_map_msgs/local/lib/python3.10/dist-packages/deva_map_msgs/msg/_channel_lane_type.py
-- Up-to-date: /home/linjiawei/load_mcap/install/deva_map_msgs/local/lib/python3.10/dist-packages/deva_map_msgs/msg/_channel_lane_type_s.c
-- Up-to-date: /home/linjiawei/load_mcap/install/deva_map_msgs/local/lib/python3.10/dist-packages/deva_map_msgs/msg/_channel_marking_type.py
-- Up-to-date: /home/linjiawei/load_mcap/install/deva_map_msgs/local/lib/python3.10/dist-packages/deva_map_msgs/msg/_channel_marking_type_s.c
-- Up-to-date: /home/linjiawei/load_mcap/install/deva_map_msgs/local/lib/python3.10/dist-packages/deva_map_msgs/msg/_channel_object_info.py
-- Up-to-date: /home/linjiawei/load_mcap/install/deva_map_msgs/local/lib/python3.10/dist-packages/deva_map_msgs/msg/_channel_object_info_s.c
-- Up-to-date: /home/linjiawei/load_mcap/install/deva_map_msgs/local/lib/python3.10/dist-packages/deva_map_msgs/msg/_channel_signal_info.py
-- Up-to-date: /home/linjiawei/load_mcap/install/deva_map_msgs/local/lib/python3.10/dist-packages/deva_map_msgs/msg/_channel_signal_info_s.c
-- Up-to-date: /home/linjiawei/load_mcap/install/deva_map_msgs/local/lib/python3.10/dist-packages/deva_map_msgs/msg/_channel_turn_type.py
-- Up-to-date: /home/linjiawei/load_mcap/install/deva_map_msgs/local/lib/python3.10/dist-packages/deva_map_msgs/msg/_channel_turn_type_s.c
-- Up-to-date: /home/linjiawei/load_mcap/install/deva_map_msgs/local/lib/python3.10/dist-packages/deva_map_msgs/msg/_ego_trajectory.py
-- Up-to-date: /home/linjiawei/load_mcap/install/deva_map_msgs/local/lib/python3.10/dist-packages/deva_map_msgs/msg/_ego_trajectory_s.c
-- Up-to-date: /home/linjiawei/load_mcap/install/deva_map_msgs/local/lib/python3.10/dist-packages/deva_map_msgs/msg/_ego_trajectory_point.py
-- Up-to-date: /home/linjiawei/load_mcap/install/deva_map_msgs/local/lib/python3.10/dist-packages/deva_map_msgs/msg/_ego_trajectory_point_s.c
-- Up-to-date: /home/linjiawei/load_mcap/install/deva_map_msgs/local/lib/python3.10/dist-packages/deva_map_msgs/msg/_lane_waypoint.py
-- Up-to-date: /home/linjiawei/load_mcap/install/deva_map_msgs/local/lib/python3.10/dist-packages/deva_map_msgs/msg/_lane_waypoint_s.c
-- Up-to-date: /home/linjiawei/load_mcap/install/deva_map_msgs/local/lib/python3.10/dist-packages/deva_map_msgs/msg/_local_map.py
-- Up-to-date: /home/linjiawei/load_mcap/install/deva_map_msgs/local/lib/python3.10/dist-packages/deva_map_msgs/msg/_local_map_s.c
-- Up-to-date: /home/linjiawei/load_mcap/install/deva_map_msgs/local/lib/python3.10/dist-packages/deva_map_msgs/msg/_local_map_header.py
-- Up-to-date: /home/linjiawei/load_mcap/install/deva_map_msgs/local/lib/python3.10/dist-packages/deva_map_msgs/msg/_local_map_header_s.c
-- Up-to-date: /home/linjiawei/load_mcap/install/deva_map_msgs/local/lib/python3.10/dist-packages/deva_map_msgs/msg/_obstacle_edge.py
-- Up-to-date: /home/linjiawei/load_mcap/install/deva_map_msgs/local/lib/python3.10/dist-packages/deva_map_msgs/msg/_obstacle_edge_s.c
-- Up-to-date: /home/linjiawei/load_mcap/install/deva_map_msgs/local/lib/python3.10/dist-packages/deva_map_msgs/msg/_path_point.py
-- Up-to-date: /home/linjiawei/load_mcap/install/deva_map_msgs/local/lib/python3.10/dist-packages/deva_map_msgs/msg/_path_point_s.c
-- Up-to-date: /home/linjiawei/load_mcap/install/deva_map_msgs/local/lib/python3.10/dist-packages/deva_map_msgs/msg/_reference_channal.py
-- Up-to-date: /home/linjiawei/load_mcap/install/deva_map_msgs/local/lib/python3.10/dist-packages/deva_map_msgs/msg/_reference_channal_s.c
-- Up-to-date: /home/linjiawei/load_mcap/install/deva_map_msgs/local/lib/python3.10/dist-packages/deva_map_msgs/msg/_st_local_map.py
-- Up-to-date: /home/linjiawei/load_mcap/install/deva_map_msgs/local/lib/python3.10/dist-packages/deva_map_msgs/msg/_st_local_map_s.c
-- Up-to-date: /home/linjiawei/load_mcap/install/deva_map_msgs/local/lib/python3.10/dist-packages/deva_map_msgs/msg/_traffic_light.py
-- Up-to-date: /home/linjiawei/load_mcap/install/deva_map_msgs/local/lib/python3.10/dist-packages/deva_map_msgs/msg/_traffic_light_s.c
-- Up-to-date: /home/linjiawei/load_mcap/install/deva_map_msgs/local/lib/python3.10/dist-packages/deva_map_msgs/msg/__init__.py
-- Up-to-date: /home/linjiawei/load_mcap/install/deva_map_msgs/local/lib/python3.10/dist-packages/deva_map_msgs/_deva_map_msgs_s.ep.rosidl_typesupport_fastrtps_c.c
-- Up-to-date: /home/linjiawei/load_mcap/install/deva_map_msgs/local/lib/python3.10/dist-packages/deva_map_msgs/_deva_map_msgs_s.ep.rosidl_typesupport_introspection_c.c
-- Up-to-date: /home/linjiawei/load_mcap/install/deva_map_msgs/local/lib/python3.10/dist-packages/deva_map_msgs/_deva_map_msgs_s.ep.rosidl_typesupport_c.c
-- Up-to-date: /home/linjiawei/load_mcap/install/deva_map_msgs/local/lib/python3.10/dist-packages/deva_map_msgs/libdeva_map_msgs__rosidl_generator_py.so
-- Up-to-date: /home/linjiawei/load_mcap/install/deva_map_msgs/local/lib/python3.10/dist-packages/deva_map_msgs/deva_map_msgs_s__rosidl_typesupport_c.cpython-310-x86_64-linux-gnu.so
-- Up-to-date: /home/linjiawei/load_mcap/install/deva_map_msgs/local/lib/python3.10/dist-packages/deva_map_msgs/deva_map_msgs_s__rosidl_typesupport_fastrtps_c.cpython-310-x86_64-linux-gnu.so
-- Up-to-date: /home/linjiawei/load_mcap/install/deva_map_msgs/local/lib/python3.10/dist-packages/deva_map_msgs/deva_map_msgs_s__rosidl_typesupport_introspection_c.cpython-310-x86_64-linux-gnu.so
Listing '/home/linjiawei/load_mcap/install/deva_map_msgs/local/lib/python3.10/dist-packages/deva_map_msgs'...
Listing '/home/linjiawei/load_mcap/install/deva_map_msgs/local/lib/python3.10/dist-packages/deva_map_msgs/msg'...
-- Up-to-date: /home/linjiawei/load_mcap/install/deva_map_msgs/local/lib/python3.10/dist-packages/deva_map_msgs/deva_map_msgs_s__rosidl_typesupport_fastrtps_c.cpython-310-x86_64-linux-gnu.so
-- Up-to-date: /home/linjiawei/load_mcap/install/deva_map_msgs/local/lib/python3.10/dist-packages/deva_map_msgs/deva_map_msgs_s__rosidl_typesupport_introspection_c.cpython-310-x86_64-linux-gnu.so
-- Up-to-date: /home/linjiawei/load_mcap/install/deva_map_msgs/local/lib/python3.10/dist-packages/deva_map_msgs/deva_map_msgs_s__rosidl_typesupport_c.cpython-310-x86_64-linux-gnu.so
-- Up-to-date: /home/linjiawei/load_mcap/install/deva_map_msgs/lib/libdeva_map_msgs__rosidl_generator_py.so
-- Up-to-date: /home/linjiawei/load_mcap/install/deva_map_msgs/share/deva_map_msgs/msg/AvpBoundary.idl
-- Up-to-date: /home/linjiawei/load_mcap/install/deva_map_msgs/share/deva_map_msgs/msg/AvpLocalMap.idl
-- Up-to-date: /home/linjiawei/load_mcap/install/deva_map_msgs/share/deva_map_msgs/msg/AvpSubLane.idl
-- Up-to-date: /home/linjiawei/load_mcap/install/deva_map_msgs/share/deva_map_msgs/msg/AvpSubMap.idl
-- Up-to-date: /home/linjiawei/load_mcap/install/deva_map_msgs/share/deva_map_msgs/msg/Channel.idl
-- Up-to-date: /home/linjiawei/load_mcap/install/deva_map_msgs/share/deva_map_msgs/msg/ChannelLaneInfo.idl
-- Up-to-date: /home/linjiawei/load_mcap/install/deva_map_msgs/share/deva_map_msgs/msg/ChannelLaneLine.idl
-- Up-to-date: /home/linjiawei/load_mcap/install/deva_map_msgs/share/deva_map_msgs/msg/ChannelLaneMarking.idl
-- Up-to-date: /home/linjiawei/load_mcap/install/deva_map_msgs/share/deva_map_msgs/msg/ChannelLaneSpeedLimitation.idl
-- Up-to-date: /home/linjiawei/load_mcap/install/deva_map_msgs/share/deva_map_msgs/msg/ChannelLaneType.idl
-- Up-to-date: /home/linjiawei/load_mcap/install/deva_map_msgs/share/deva_map_msgs/msg/ChannelMarkingType.idl
-- Up-to-date: /home/linjiawei/load_mcap/install/deva_map_msgs/share/deva_map_msgs/msg/ChannelObjectInfo.idl
-- Up-to-date: /home/linjiawei/load_mcap/install/deva_map_msgs/share/deva_map_msgs/msg/ChannelSignalInfo.idl
-- Up-to-date: /home/linjiawei/load_mcap/install/deva_map_msgs/share/deva_map_msgs/msg/ChannelTurnType.idl
-- Up-to-date: /home/linjiawei/load_mcap/install/deva_map_msgs/share/deva_map_msgs/msg/EgoTrajectory.idl
-- Up-to-date: /home/linjiawei/load_mcap/install/deva_map_msgs/share/deva_map_msgs/msg/EgoTrajectoryPoint.idl
-- Up-to-date: /home/linjiawei/load_mcap/install/deva_map_msgs/share/deva_map_msgs/msg/LaneWaypoint.idl
-- Up-to-date: /home/linjiawei/load_mcap/install/deva_map_msgs/share/deva_map_msgs/msg/LocalMap.idl
-- Up-to-date: /home/linjiawei/load_mcap/install/deva_map_msgs/share/deva_map_msgs/msg/LocalMapHeader.idl
-- Up-to-date: /home/linjiawei/load_mcap/install/deva_map_msgs/share/deva_map_msgs/msg/ObstacleEdge.idl
-- Up-to-date: /home/linjiawei/load_mcap/install/deva_map_msgs/share/deva_map_msgs/msg/PathPoint.idl
-- Up-to-date: /home/linjiawei/load_mcap/install/deva_map_msgs/share/deva_map_msgs/msg/ReferenceChannal.idl
-- Up-to-date: /home/linjiawei/load_mcap/install/deva_map_msgs/share/deva_map_msgs/msg/STLocalMap.idl
-- Up-to-date: /home/linjiawei/load_mcap/install/deva_map_msgs/share/deva_map_msgs/msg/TrafficLight.idl
-- Up-to-date: /home/linjiawei/load_mcap/install/deva_map_msgs/share/deva_map_msgs/msg/AvpBoundary.msg
-- Up-to-date: /home/linjiawei/load_mcap/install/deva_map_msgs/share/deva_map_msgs/msg/AvpLocalMap.msg
-- Up-to-date: /home/linjiawei/load_mcap/install/deva_map_msgs/share/deva_map_msgs/msg/AvpSubLane.msg
-- Up-to-date: /home/linjiawei/load_mcap/install/deva_map_msgs/share/deva_map_msgs/msg/AvpSubMap.msg
-- Up-to-date: /home/linjiawei/load_mcap/install/deva_map_msgs/share/deva_map_msgs/msg/Channel.msg
-- Up-to-date: /home/linjiawei/load_mcap/install/deva_map_msgs/share/deva_map_msgs/msg/ChannelLaneInfo.msg
-- Up-to-date: /home/linjiawei/load_mcap/install/deva_map_msgs/share/deva_map_msgs/msg/ChannelLaneLine.msg
-- Up-to-date: /home/linjiawei/load_mcap/install/deva_map_msgs/share/deva_map_msgs/msg/ChannelLaneMarking.msg
-- Up-to-date: /home/linjiawei/load_mcap/install/deva_map_msgs/share/deva_map_msgs/msg/ChannelLaneSpeedLimitation.msg
-- Up-to-date: /home/linjiawei/load_mcap/install/deva_map_msgs/share/deva_map_msgs/msg/ChannelLaneType.msg
-- Up-to-date: /home/linjiawei/load_mcap/install/deva_map_msgs/share/deva_map_msgs/msg/ChannelMarkingType.msg
-- Up-to-date: /home/linjiawei/load_mcap/install/deva_map_msgs/share/deva_map_msgs/msg/ChannelObjectInfo.msg
-- Up-to-date: /home/linjiawei/load_mcap/install/deva_map_msgs/share/deva_map_msgs/msg/ChannelSignalInfo.msg
-- Up-to-date: /home/linjiawei/load_mcap/install/deva_map_msgs/share/deva_map_msgs/msg/ChannelTurnType.msg
-- Up-to-date: /home/linjiawei/load_mcap/install/deva_map_msgs/share/deva_map_msgs/msg/EgoTrajectory.msg
-- Up-to-date: /home/linjiawei/load_mcap/install/deva_map_msgs/share/deva_map_msgs/msg/EgoTrajectoryPoint.msg
-- Up-to-date: /home/linjiawei/load_mcap/install/deva_map_msgs/share/deva_map_msgs/msg/LaneWaypoint.msg
-- Up-to-date: /home/linjiawei/load_mcap/install/deva_map_msgs/share/deva_map_msgs/msg/LocalMap.msg
-- Up-to-date: /home/linjiawei/load_mcap/install/deva_map_msgs/share/deva_map_msgs/msg/LocalMapHeader.msg
-- Up-to-date: /home/linjiawei/load_mcap/install/deva_map_msgs/share/deva_map_msgs/msg/ObstacleEdge.msg
-- Up-to-date: /home/linjiawei/load_mcap/install/deva_map_msgs/share/deva_map_msgs/msg/PathPoint.msg
-- Up-to-date: /home/linjiawei/load_mcap/install/deva_map_msgs/share/deva_map_msgs/msg/ReferenceChannal.msg
-- Up-to-date: /home/linjiawei/load_mcap/install/deva_map_msgs/share/deva_map_msgs/msg/STLocalMap.msg
-- Up-to-date: /home/linjiawei/load_mcap/install/deva_map_msgs/share/deva_map_msgs/msg/TrafficLight.msg
-- Up-to-date: /home/linjiawei/load_mcap/install/deva_map_msgs/share/ament_index/resource_index/package_run_dependencies/deva_map_msgs
-- Up-to-date: /home/linjiawei/load_mcap/install/deva_map_msgs/share/ament_index/resource_index/parent_prefix_path/deva_map_msgs
-- Up-to-date: /home/linjiawei/load_mcap/install/deva_map_msgs/share/deva_map_msgs/environment/ament_prefix_path.sh
-- Up-to-date: /home/linjiawei/load_mcap/install/deva_map_msgs/share/deva_map_msgs/environment/ament_prefix_path.dsv
-- Up-to-date: /home/linjiawei/load_mcap/install/deva_map_msgs/share/deva_map_msgs/environment/path.sh
-- Up-to-date: /home/linjiawei/load_mcap/install/deva_map_msgs/share/deva_map_msgs/environment/path.dsv
-- Up-to-date: /home/linjiawei/load_mcap/install/deva_map_msgs/share/deva_map_msgs/local_setup.bash
-- Up-to-date: /home/linjiawei/load_mcap/install/deva_map_msgs/share/deva_map_msgs/local_setup.sh
-- Up-to-date: /home/linjiawei/load_mcap/install/deva_map_msgs/share/deva_map_msgs/local_setup.zsh
-- Up-to-date: /home/linjiawei/load_mcap/install/deva_map_msgs/share/deva_map_msgs/local_setup.dsv
-- Installing: /home/linjiawei/load_mcap/install/deva_map_msgs/share/deva_map_msgs/package.dsv
-- Up-to-date: /home/linjiawei/load_mcap/install/deva_map_msgs/share/ament_index/resource_index/packages/deva_map_msgs
-- Up-to-date: /home/linjiawei/load_mcap/install/deva_map_msgs/share/deva_map_msgs/cmake/export_deva_map_msgs__rosidl_generator_cExport.cmake
-- Up-to-date: /home/linjiawei/load_mcap/install/deva_map_msgs/share/deva_map_msgs/cmake/export_deva_map_msgs__rosidl_generator_cExport-noconfig.cmake
-- Up-to-date: /home/linjiawei/load_mcap/install/deva_map_msgs/share/deva_map_msgs/cmake/export_deva_map_msgs__rosidl_typesupport_fastrtps_cExport.cmake
-- Up-to-date: /home/linjiawei/load_mcap/install/deva_map_msgs/share/deva_map_msgs/cmake/export_deva_map_msgs__rosidl_typesupport_fastrtps_cExport-noconfig.cmake
-- Up-to-date: /home/linjiawei/load_mcap/install/deva_map_msgs/share/deva_map_msgs/cmake/deva_map_msgs__rosidl_typesupport_introspection_cExport.cmake
-- Up-to-date: /home/linjiawei/load_mcap/install/deva_map_msgs/share/deva_map_msgs/cmake/deva_map_msgs__rosidl_typesupport_introspection_cExport-noconfig.cmake
-- Up-to-date: /home/linjiawei/load_mcap/install/deva_map_msgs/share/deva_map_msgs/cmake/deva_map_msgs__rosidl_typesupport_cExport.cmake
-- Up-to-date: /home/linjiawei/load_mcap/install/deva_map_msgs/share/deva_map_msgs/cmake/deva_map_msgs__rosidl_typesupport_cExport-noconfig.cmake
-- Up-to-date: /home/linjiawei/load_mcap/install/deva_map_msgs/share/deva_map_msgs/cmake/export_deva_map_msgs__rosidl_generator_cppExport.cmake
-- Up-to-date: /home/linjiawei/load_mcap/install/deva_map_msgs/share/deva_map_msgs/cmake/export_deva_map_msgs__rosidl_typesupport_fastrtps_cppExport.cmake
-- Up-to-date: /home/linjiawei/load_mcap/install/deva_map_msgs/share/deva_map_msgs/cmake/export_deva_map_msgs__rosidl_typesupport_fastrtps_cppExport-noconfig.cmake
-- Up-to-date: /home/linjiawei/load_mcap/install/deva_map_msgs/share/deva_map_msgs/cmake/deva_map_msgs__rosidl_typesupport_introspection_cppExport.cmake
-- Up-to-date: /home/linjiawei/load_mcap/install/deva_map_msgs/share/deva_map_msgs/cmake/deva_map_msgs__rosidl_typesupport_introspection_cppExport-noconfig.cmake
-- Up-to-date: /home/linjiawei/load_mcap/install/deva_map_msgs/share/deva_map_msgs/cmake/deva_map_msgs__rosidl_typesupport_cppExport.cmake
-- Up-to-date: /home/linjiawei/load_mcap/install/deva_map_msgs/share/deva_map_msgs/cmake/deva_map_msgs__rosidl_typesupport_cppExport-noconfig.cmake
-- Up-to-date: /home/linjiawei/load_mcap/install/deva_map_msgs/share/deva_map_msgs/cmake/export_deva_map_msgs__rosidl_generator_pyExport.cmake
-- Up-to-date: /home/linjiawei/load_mcap/install/deva_map_msgs/share/deva_map_msgs/cmake/export_deva_map_msgs__rosidl_generator_pyExport-noconfig.cmake
-- Up-to-date: /home/linjiawei/load_mcap/install/deva_map_msgs/share/deva_map_msgs/cmake/rosidl_cmake-extras.cmake
-- Up-to-date: /home/linjiawei/load_mcap/install/deva_map_msgs/share/deva_map_msgs/cmake/ament_cmake_export_dependencies-extras.cmake
-- Up-to-date: /home/linjiawei/load_mcap/install/deva_map_msgs/share/deva_map_msgs/cmake/ament_cmake_export_include_directories-extras.cmake
-- Up-to-date: /home/linjiawei/load_mcap/install/deva_map_msgs/share/deva_map_msgs/cmake/ament_cmake_export_libraries-extras.cmake
-- Up-to-date: /home/linjiawei/load_mcap/install/deva_map_msgs/share/deva_map_msgs/cmake/ament_cmake_export_targets-extras.cmake
-- Up-to-date: /home/linjiawei/load_mcap/install/deva_map_msgs/share/deva_map_msgs/cmake/rosidl_cmake_export_typesupport_targets-extras.cmake
-- Up-to-date: /home/linjiawei/load_mcap/install/deva_map_msgs/share/deva_map_msgs/cmake/rosidl_cmake_export_typesupport_libraries-extras.cmake
-- Up-to-date: /home/linjiawei/load_mcap/install/deva_map_msgs/share/deva_map_msgs/cmake/deva_map_msgsConfig.cmake
-- Up-to-date: /home/linjiawei/load_mcap/install/deva_map_msgs/share/deva_map_msgs/cmake/deva_map_msgsConfig-version.cmake
-- Up-to-date: /home/linjiawei/load_mcap/install/deva_map_msgs/share/deva_map_msgs/package.xml
