[0.023s] Invoking command in '/home/linjiawei/load_mcap/build/deva_control_msgs': CMAKE_PREFIX_PATH=/home/linjiawei/load_mcap/install/deva_planning_msgs2:/home/linjiawei/load_mcap/install/deva_map_msgs:/home/linjiawei/load_mcap/install/deva_perception_msgs:/home/linjiawei/load_mcap/install/deva_localization_msgs:/home/linjiawei/load_mcap/install/deva_common_msgs:/home/linjiawei/load_mcap/install/serialize_msgs:/home/linjiawei/load_mcap/install/rviz_plug_msg:/home/linjiawei/load_mcap/install/mcap_streamer:/home/linjiawei/load_mcap/install/fault_diagnosis:/home/linjiawei/load_mcap/install/environment_model_msgs:/home/linjiawei/load_mcap/install/deva_control_msgs:/home/linjiawei/load_mcap/install/deva_mdriver_msgs:/home/linjiawei/load_mcap/install/deva_planning_msgs:/home/linjiawei/load_mcap/install/deva_navi_msgs:/home/linjiawei/load_mcap/install/deva_gaode_routing_msgs:/home/linjiawei/load_mcap/install/deva_function_msgs:/home/linjiawei/load_mcap/install/deva_aeb_msgs:/home/linjiawei/load_mcap/install/deva_ads_msgs:/opt/ros/humble LD_LIBRARY_PATH=/home/linjiawei/load_mcap/install/deva_planning_msgs2/lib:/home/linjiawei/load_mcap/install/deva_map_msgs/lib:/home/linjiawei/load_mcap/install/deva_perception_msgs/lib:/home/linjiawei/load_mcap/install/deva_localization_msgs/lib:/home/linjiawei/load_mcap/install/deva_common_msgs/lib:/home/linjiawei/load_mcap/install/serialize_msgs/lib:/home/linjiawei/load_mcap/install/rviz_plug_msg/lib:/home/linjiawei/load_mcap/install/fault_diagnosis/lib:/home/linjiawei/load_mcap/install/environment_model_msgs/lib:/home/linjiawei/load_mcap/install/deva_control_msgs/lib:/home/linjiawei/load_mcap/install/deva_mdriver_msgs/lib:/home/linjiawei/load_mcap/install/deva_planning_msgs/lib:/home/linjiawei/load_mcap/install/deva_navi_msgs/lib:/home/linjiawei/load_mcap/install/deva_gaode_routing_msgs/lib:/home/linjiawei/load_mcap/install/deva_function_msgs/lib:/home/linjiawei/load_mcap/install/deva_aeb_msgs/lib:/home/linjiawei/load_mcap/install/deva_ads_msgs/lib:/opt/ros/humble/opt/rviz_ogre_vendor/lib:/opt/ros/humble/lib/x86_64-linux-gnu:/opt/ros/humble/lib:/usr/local/nvidia/lib64 /usr/bin/cmake --build /home/linjiawei/load_mcap/build/deva_control_msgs -- -j17 -l17
[0.083s] [  0%] Built target deva_control_msgs__cpp
[0.086s] [ 12%] Built target deva_control_msgs__rosidl_generator_c
[0.092s] [ 12%] Built target ament_cmake_python_copy_deva_control_msgs
[0.113s] [ 24%] Built target deva_control_msgs__rosidl_typesupport_cpp
[0.363s] running egg_info
[0.364s] writing deva_control_msgs.egg-info/PKG-INFO
[0.364s] writing dependency_links to deva_control_msgs.egg-info/dependency_links.txt
[0.364s] writing top-level names to deva_control_msgs.egg-info/top_level.txt
[0.367s] reading manifest file 'deva_control_msgs.egg-info/SOURCES.txt'
[0.368s] writing manifest file 'deva_control_msgs.egg-info/SOURCES.txt'
[0.994s] [ 33%] Built target ament_cmake_python_build_deva_control_msgs_egg
[0.994s] [ 36%] Built target deva_control_msgs__rosidl_typesupport_c
[0.994s] [ 48%] Built target deva_control_msgs__rosidl_typesupport_introspection_cpp
[0.995s] [ 71%] Built target deva_control_msgs__rosidl_typesupport_introspection_c
[0.995s] [ 73%] Built target deva_control_msgs__rosidl_typesupport_fastrtps_c
[0.995s] [ 84%] Built target deva_control_msgs__rosidl_typesupport_fastrtps_cpp
[1.018s] [ 84%] Built target deva_control_msgs
[1.042s] [ 85%] Built target deva_control_msgs__py
[1.071s] [ 96%] Built target deva_control_msgs__rosidl_generator_py
[1.096s] [ 97%] Built target deva_control_msgs__rosidl_typesupport_fastrtps_c__pyext
[1.096s] [ 98%] Built target deva_control_msgs__rosidl_typesupport_c__pyext
[1.102s] [100%] Built target deva_control_msgs__rosidl_typesupport_introspection_c__pyext
[1.116s] Invoked command in '/home/linjiawei/load_mcap/build/deva_control_msgs' returned '0': CMAKE_PREFIX_PATH=/home/linjiawei/load_mcap/install/deva_planning_msgs2:/home/linjiawei/load_mcap/install/deva_map_msgs:/home/linjiawei/load_mcap/install/deva_perception_msgs:/home/linjiawei/load_mcap/install/deva_localization_msgs:/home/linjiawei/load_mcap/install/deva_common_msgs:/home/linjiawei/load_mcap/install/serialize_msgs:/home/linjiawei/load_mcap/install/rviz_plug_msg:/home/linjiawei/load_mcap/install/mcap_streamer:/home/linjiawei/load_mcap/install/fault_diagnosis:/home/linjiawei/load_mcap/install/environment_model_msgs:/home/linjiawei/load_mcap/install/deva_control_msgs:/home/linjiawei/load_mcap/install/deva_mdriver_msgs:/home/linjiawei/load_mcap/install/deva_planning_msgs:/home/linjiawei/load_mcap/install/deva_navi_msgs:/home/linjiawei/load_mcap/install/deva_gaode_routing_msgs:/home/linjiawei/load_mcap/install/deva_function_msgs:/home/linjiawei/load_mcap/install/deva_aeb_msgs:/home/linjiawei/load_mcap/install/deva_ads_msgs:/opt/ros/humble LD_LIBRARY_PATH=/home/linjiawei/load_mcap/install/deva_planning_msgs2/lib:/home/linjiawei/load_mcap/install/deva_map_msgs/lib:/home/linjiawei/load_mcap/install/deva_perception_msgs/lib:/home/linjiawei/load_mcap/install/deva_localization_msgs/lib:/home/linjiawei/load_mcap/install/deva_common_msgs/lib:/home/linjiawei/load_mcap/install/serialize_msgs/lib:/home/linjiawei/load_mcap/install/rviz_plug_msg/lib:/home/linjiawei/load_mcap/install/fault_diagnosis/lib:/home/linjiawei/load_mcap/install/environment_model_msgs/lib:/home/linjiawei/load_mcap/install/deva_control_msgs/lib:/home/linjiawei/load_mcap/install/deva_mdriver_msgs/lib:/home/linjiawei/load_mcap/install/deva_planning_msgs/lib:/home/linjiawei/load_mcap/install/deva_navi_msgs/lib:/home/linjiawei/load_mcap/install/deva_gaode_routing_msgs/lib:/home/linjiawei/load_mcap/install/deva_function_msgs/lib:/home/linjiawei/load_mcap/install/deva_aeb_msgs/lib:/home/linjiawei/load_mcap/install/deva_ads_msgs/lib:/opt/ros/humble/opt/rviz_ogre_vendor/lib:/opt/ros/humble/lib/x86_64-linux-gnu:/opt/ros/humble/lib:/usr/local/nvidia/lib64 /usr/bin/cmake --build /home/linjiawei/load_mcap/build/deva_control_msgs -- -j17 -l17
[1.118s] Invoking command in '/home/linjiawei/load_mcap/build/deva_control_msgs': CMAKE_PREFIX_PATH=/home/linjiawei/load_mcap/install/deva_planning_msgs2:/home/linjiawei/load_mcap/install/deva_map_msgs:/home/linjiawei/load_mcap/install/deva_perception_msgs:/home/linjiawei/load_mcap/install/deva_localization_msgs:/home/linjiawei/load_mcap/install/deva_common_msgs:/home/linjiawei/load_mcap/install/serialize_msgs:/home/linjiawei/load_mcap/install/rviz_plug_msg:/home/linjiawei/load_mcap/install/mcap_streamer:/home/linjiawei/load_mcap/install/fault_diagnosis:/home/linjiawei/load_mcap/install/environment_model_msgs:/home/linjiawei/load_mcap/install/deva_control_msgs:/home/linjiawei/load_mcap/install/deva_mdriver_msgs:/home/linjiawei/load_mcap/install/deva_planning_msgs:/home/linjiawei/load_mcap/install/deva_navi_msgs:/home/linjiawei/load_mcap/install/deva_gaode_routing_msgs:/home/linjiawei/load_mcap/install/deva_function_msgs:/home/linjiawei/load_mcap/install/deva_aeb_msgs:/home/linjiawei/load_mcap/install/deva_ads_msgs:/opt/ros/humble LD_LIBRARY_PATH=/home/linjiawei/load_mcap/install/deva_planning_msgs2/lib:/home/linjiawei/load_mcap/install/deva_map_msgs/lib:/home/linjiawei/load_mcap/install/deva_perception_msgs/lib:/home/linjiawei/load_mcap/install/deva_localization_msgs/lib:/home/linjiawei/load_mcap/install/deva_common_msgs/lib:/home/linjiawei/load_mcap/install/serialize_msgs/lib:/home/linjiawei/load_mcap/install/rviz_plug_msg/lib:/home/linjiawei/load_mcap/install/fault_diagnosis/lib:/home/linjiawei/load_mcap/install/environment_model_msgs/lib:/home/linjiawei/load_mcap/install/deva_control_msgs/lib:/home/linjiawei/load_mcap/install/deva_mdriver_msgs/lib:/home/linjiawei/load_mcap/install/deva_planning_msgs/lib:/home/linjiawei/load_mcap/install/deva_navi_msgs/lib:/home/linjiawei/load_mcap/install/deva_gaode_routing_msgs/lib:/home/linjiawei/load_mcap/install/deva_function_msgs/lib:/home/linjiawei/load_mcap/install/deva_aeb_msgs/lib:/home/linjiawei/load_mcap/install/deva_ads_msgs/lib:/opt/ros/humble/opt/rviz_ogre_vendor/lib:/opt/ros/humble/lib/x86_64-linux-gnu:/opt/ros/humble/lib:/usr/local/nvidia/lib64 /usr/bin/cmake --install /home/linjiawei/load_mcap/build/deva_control_msgs
[1.136s] -- Install configuration: ""
[1.137s] -- Up-to-date: /home/linjiawei/load_mcap/install/deva_control_msgs/share/ament_index/resource_index/rosidl_interfaces/deva_control_msgs
[1.138s] -- Up-to-date: /home/linjiawei/load_mcap/install/deva_control_msgs/include/deva_control_msgs/deva_control_msgs
[1.138s] -- Up-to-date: /home/linjiawei/load_mcap/install/deva_control_msgs/include/deva_control_msgs/deva_control_msgs/msg
[1.138s] -- Up-to-date: /home/linjiawei/load_mcap/install/deva_control_msgs/include/deva_control_msgs/deva_control_msgs/msg/rosidl_generator_c__visibility_control.h
[1.138s] -- Up-to-date: /home/linjiawei/load_mcap/install/deva_control_msgs/include/deva_control_msgs/deva_control_msgs/msg/control_debug_signal.h
[1.138s] -- Up-to-date: /home/linjiawei/load_mcap/install/deva_control_msgs/include/deva_control_msgs/deva_control_msgs/msg/detail
[1.138s] -- Up-to-date: /home/linjiawei/load_mcap/install/deva_control_msgs/include/deva_control_msgs/deva_control_msgs/msg/detail/control_debug_signal__functions.c
[1.138s] -- Up-to-date: /home/linjiawei/load_mcap/install/deva_control_msgs/include/deva_control_msgs/deva_control_msgs/msg/detail/control_debug_signal__functions.h
[1.138s] -- Up-to-date: /home/linjiawei/load_mcap/install/deva_control_msgs/include/deva_control_msgs/deva_control_msgs/msg/detail/control_debug_signal__struct.h
[1.138s] -- Up-to-date: /home/linjiawei/load_mcap/install/deva_control_msgs/include/deva_control_msgs/deva_control_msgs/msg/detail/control_debug_signal__type_support.h
[1.138s] -- Up-to-date: /home/linjiawei/load_mcap/install/deva_control_msgs/include/deva_control_msgs/deva_control_msgs/msg/detail/control_monitor_msg__functions.c
[1.138s] -- Up-to-date: /home/linjiawei/load_mcap/install/deva_control_msgs/include/deva_control_msgs/deva_control_msgs/msg/detail/control_monitor_msg__functions.h
[1.138s] -- Up-to-date: /home/linjiawei/load_mcap/install/deva_control_msgs/include/deva_control_msgs/deva_control_msgs/msg/detail/control_monitor_msg__struct.h
[1.138s] -- Up-to-date: /home/linjiawei/load_mcap/install/deva_control_msgs/include/deva_control_msgs/deva_control_msgs/msg/detail/control_monitor_msg__type_support.h
[1.138s] -- Up-to-date: /home/linjiawei/load_mcap/install/deva_control_msgs/include/deva_control_msgs/deva_control_msgs/msg/detail/control_result__functions.c
[1.138s] -- Up-to-date: /home/linjiawei/load_mcap/install/deva_control_msgs/include/deva_control_msgs/deva_control_msgs/msg/detail/control_result__functions.h
[1.139s] -- Up-to-date: /home/linjiawei/load_mcap/install/deva_control_msgs/include/deva_control_msgs/deva_control_msgs/msg/detail/control_result__struct.h
[1.139s] -- Up-to-date: /home/linjiawei/load_mcap/install/deva_control_msgs/include/deva_control_msgs/deva_control_msgs/msg/detail/control_result__type_support.h
[1.139s] -- Up-to-date: /home/linjiawei/load_mcap/install/deva_control_msgs/include/deva_control_msgs/deva_control_msgs/msg/detail/control_status__functions.c
[1.139s] -- Up-to-date: /home/linjiawei/load_mcap/install/deva_control_msgs/include/deva_control_msgs/deva_control_msgs/msg/detail/control_status__functions.h
[1.139s] -- Up-to-date: /home/linjiawei/load_mcap/install/deva_control_msgs/include/deva_control_msgs/deva_control_msgs/msg/detail/control_status__struct.h
[1.139s] -- Up-to-date: /home/linjiawei/load_mcap/install/deva_control_msgs/include/deva_control_msgs/deva_control_msgs/msg/detail/control_status__type_support.h
[1.139s] -- Up-to-date: /home/linjiawei/load_mcap/install/deva_control_msgs/include/deva_control_msgs/deva_control_msgs/msg/detail/control_valid_limit__functions.c
[1.139s] -- Up-to-date: /home/linjiawei/load_mcap/install/deva_control_msgs/include/deva_control_msgs/deva_control_msgs/msg/detail/control_valid_limit__functions.h
[1.139s] -- Up-to-date: /home/linjiawei/load_mcap/install/deva_control_msgs/include/deva_control_msgs/deva_control_msgs/msg/detail/control_valid_limit__struct.h
[1.139s] -- Up-to-date: /home/linjiawei/load_mcap/install/deva_control_msgs/include/deva_control_msgs/deva_control_msgs/msg/detail/control_valid_limit__type_support.h
[1.139s] -- Up-to-date: /home/linjiawei/load_mcap/install/deva_control_msgs/include/deva_control_msgs/deva_control_msgs/msg/detail/parking_status__functions.c
[1.139s] -- Up-to-date: /home/linjiawei/load_mcap/install/deva_control_msgs/include/deva_control_msgs/deva_control_msgs/msg/detail/parking_status__functions.h
[1.139s] -- Up-to-date: /home/linjiawei/load_mcap/install/deva_control_msgs/include/deva_control_msgs/deva_control_msgs/msg/detail/parking_status__struct.h
[1.139s] -- Up-to-date: /home/linjiawei/load_mcap/install/deva_control_msgs/include/deva_control_msgs/deva_control_msgs/msg/detail/parking_status__type_support.h
[1.140s] -- Up-to-date: /home/linjiawei/load_mcap/install/deva_control_msgs/include/deva_control_msgs/deva_control_msgs/msg/detail/vehicle_control_command__functions.c
[1.140s] -- Up-to-date: /home/linjiawei/load_mcap/install/deva_control_msgs/include/deva_control_msgs/deva_control_msgs/msg/detail/vehicle_control_command__functions.h
[1.140s] -- Up-to-date: /home/linjiawei/load_mcap/install/deva_control_msgs/include/deva_control_msgs/deva_control_msgs/msg/detail/vehicle_control_command__struct.h
[1.140s] -- Up-to-date: /home/linjiawei/load_mcap/install/deva_control_msgs/include/deva_control_msgs/deva_control_msgs/msg/detail/vehicle_control_command__type_support.h
[1.141s] -- Up-to-date: /home/linjiawei/load_mcap/install/deva_control_msgs/include/deva_control_msgs/deva_control_msgs/msg/detail/vehicle_enable_command__functions.c
[1.141s] -- Up-to-date: /home/linjiawei/load_mcap/install/deva_control_msgs/include/deva_control_msgs/deva_control_msgs/msg/detail/vehicle_enable_command__functions.h
[1.141s] -- Up-to-date: /home/linjiawei/load_mcap/install/deva_control_msgs/include/deva_control_msgs/deva_control_msgs/msg/detail/vehicle_enable_command__struct.h
[1.141s] -- Up-to-date: /home/linjiawei/load_mcap/install/deva_control_msgs/include/deva_control_msgs/deva_control_msgs/msg/detail/vehicle_enable_command__type_support.h
[1.142s] -- Up-to-date: /home/linjiawei/load_mcap/install/deva_control_msgs/include/deva_control_msgs/deva_control_msgs/msg/detail/vehicle_limit_value__functions.c
[1.142s] -- Up-to-date: /home/linjiawei/load_mcap/install/deva_control_msgs/include/deva_control_msgs/deva_control_msgs/msg/detail/vehicle_limit_value__functions.h
[1.142s] -- Up-to-date: /home/linjiawei/load_mcap/install/deva_control_msgs/include/deva_control_msgs/deva_control_msgs/msg/detail/vehicle_limit_value__struct.h
[1.142s] -- Up-to-date: /home/linjiawei/load_mcap/install/deva_control_msgs/include/deva_control_msgs/deva_control_msgs/msg/detail/vehicle_limit_value__type_support.h
[1.142s] -- Up-to-date: /home/linjiawei/load_mcap/install/deva_control_msgs/include/deva_control_msgs/deva_control_msgs/msg/detail/vehicle_report_belt__functions.c
[1.142s] -- Up-to-date: /home/linjiawei/load_mcap/install/deva_control_msgs/include/deva_control_msgs/deva_control_msgs/msg/detail/vehicle_report_belt__functions.h
[1.142s] -- Up-to-date: /home/linjiawei/load_mcap/install/deva_control_msgs/include/deva_control_msgs/deva_control_msgs/msg/detail/vehicle_report_belt__struct.h
[1.142s] -- Up-to-date: /home/linjiawei/load_mcap/install/deva_control_msgs/include/deva_control_msgs/deva_control_msgs/msg/detail/vehicle_report_belt__type_support.h
[1.142s] -- Up-to-date: /home/linjiawei/load_mcap/install/deva_control_msgs/include/deva_control_msgs/deva_control_msgs/msg/detail/vehicle_report_common__functions.c
[1.142s] -- Up-to-date: /home/linjiawei/load_mcap/install/deva_control_msgs/include/deva_control_msgs/deva_control_msgs/msg/detail/vehicle_report_common__functions.h
[1.142s] -- Up-to-date: /home/linjiawei/load_mcap/install/deva_control_msgs/include/deva_control_msgs/deva_control_msgs/msg/detail/vehicle_report_common__struct.h
[1.143s] -- Up-to-date: /home/linjiawei/load_mcap/install/deva_control_msgs/include/deva_control_msgs/deva_control_msgs/msg/detail/vehicle_report_common__type_support.h
[1.143s] -- Up-to-date: /home/linjiawei/load_mcap/install/deva_control_msgs/include/deva_control_msgs/deva_control_msgs/msg/detail/vehicle_report_pedal__functions.c
[1.143s] -- Up-to-date: /home/linjiawei/load_mcap/install/deva_control_msgs/include/deva_control_msgs/deva_control_msgs/msg/detail/vehicle_report_pedal__functions.h
[1.143s] -- Up-to-date: /home/linjiawei/load_mcap/install/deva_control_msgs/include/deva_control_msgs/deva_control_msgs/msg/detail/vehicle_report_pedal__struct.h
[1.143s] -- Up-to-date: /home/linjiawei/load_mcap/install/deva_control_msgs/include/deva_control_msgs/deva_control_msgs/msg/detail/vehicle_report_pedal__type_support.h
[1.143s] -- Up-to-date: /home/linjiawei/load_mcap/install/deva_control_msgs/include/deva_control_msgs/deva_control_msgs/msg/detail/vehicle_status_command__functions.c
[1.143s] -- Up-to-date: /home/linjiawei/load_mcap/install/deva_control_msgs/include/deva_control_msgs/deva_control_msgs/msg/detail/vehicle_status_command__functions.h
[1.143s] -- Up-to-date: /home/linjiawei/load_mcap/install/deva_control_msgs/include/deva_control_msgs/deva_control_msgs/msg/detail/vehicle_status_command__struct.h
[1.143s] -- Up-to-date: /home/linjiawei/load_mcap/install/deva_control_msgs/include/deva_control_msgs/deva_control_msgs/msg/detail/vehicle_status_command__type_support.h
[1.143s] -- Up-to-date: /home/linjiawei/load_mcap/install/deva_control_msgs/include/deva_control_msgs/deva_control_msgs/msg/detail/wheel_speed__functions.c
[1.143s] -- Up-to-date: /home/linjiawei/load_mcap/install/deva_control_msgs/include/deva_control_msgs/deva_control_msgs/msg/detail/wheel_speed__functions.h
[1.143s] -- Up-to-date: /home/linjiawei/load_mcap/install/deva_control_msgs/include/deva_control_msgs/deva_control_msgs/msg/detail/wheel_speed__struct.h
[1.143s] -- Up-to-date: /home/linjiawei/load_mcap/install/deva_control_msgs/include/deva_control_msgs/deva_control_msgs/msg/detail/wheel_speed__type_support.h
[1.144s] -- Up-to-date: /home/linjiawei/load_mcap/install/deva_control_msgs/include/deva_control_msgs/deva_control_msgs/msg/control_monitor_msg.h
[1.144s] -- Up-to-date: /home/linjiawei/load_mcap/install/deva_control_msgs/include/deva_control_msgs/deva_control_msgs/msg/control_result.h
[1.144s] -- Up-to-date: /home/linjiawei/load_mcap/install/deva_control_msgs/include/deva_control_msgs/deva_control_msgs/msg/control_status.h
[1.144s] -- Up-to-date: /home/linjiawei/load_mcap/install/deva_control_msgs/include/deva_control_msgs/deva_control_msgs/msg/control_valid_limit.h
[1.144s] -- Up-to-date: /home/linjiawei/load_mcap/install/deva_control_msgs/include/deva_control_msgs/deva_control_msgs/msg/parking_status.h
[1.144s] -- Up-to-date: /home/linjiawei/load_mcap/install/deva_control_msgs/include/deva_control_msgs/deva_control_msgs/msg/vehicle_control_command.h
[1.144s] -- Up-to-date: /home/linjiawei/load_mcap/install/deva_control_msgs/include/deva_control_msgs/deva_control_msgs/msg/vehicle_enable_command.h
[1.144s] -- Up-to-date: /home/linjiawei/load_mcap/install/deva_control_msgs/include/deva_control_msgs/deva_control_msgs/msg/vehicle_limit_value.h
[1.145s] -- Up-to-date: /home/linjiawei/load_mcap/install/deva_control_msgs/include/deva_control_msgs/deva_control_msgs/msg/vehicle_report_belt.h
[1.145s] -- Up-to-date: /home/linjiawei/load_mcap/install/deva_control_msgs/include/deva_control_msgs/deva_control_msgs/msg/vehicle_report_common.h
[1.145s] -- Up-to-date: /home/linjiawei/load_mcap/install/deva_control_msgs/include/deva_control_msgs/deva_control_msgs/msg/vehicle_report_pedal.h
[1.145s] -- Up-to-date: /home/linjiawei/load_mcap/install/deva_control_msgs/include/deva_control_msgs/deva_control_msgs/msg/vehicle_status_command.h
[1.145s] -- Up-to-date: /home/linjiawei/load_mcap/install/deva_control_msgs/include/deva_control_msgs/deva_control_msgs/msg/wheel_speed.h
[1.145s] -- Up-to-date: /home/linjiawei/load_mcap/install/deva_control_msgs/share/deva_control_msgs/environment/library_path.sh
[1.145s] -- Up-to-date: /home/linjiawei/load_mcap/install/deva_control_msgs/share/deva_control_msgs/environment/library_path.dsv
[1.145s] -- Up-to-date: /home/linjiawei/load_mcap/install/deva_control_msgs/lib/libdeva_control_msgs__rosidl_generator_c.so
[1.146s] -- Up-to-date: /home/linjiawei/load_mcap/install/deva_control_msgs/include/deva_control_msgs/deva_control_msgs
[1.146s] -- Up-to-date: /home/linjiawei/load_mcap/install/deva_control_msgs/include/deva_control_msgs/deva_control_msgs/msg
[1.146s] -- Up-to-date: /home/linjiawei/load_mcap/install/deva_control_msgs/include/deva_control_msgs/deva_control_msgs/msg/rosidl_typesupport_fastrtps_c__visibility_control.h
[1.146s] -- Up-to-date: /home/linjiawei/load_mcap/install/deva_control_msgs/include/deva_control_msgs/deva_control_msgs/msg/detail
[1.146s] -- Up-to-date: /home/linjiawei/load_mcap/install/deva_control_msgs/include/deva_control_msgs/deva_control_msgs/msg/detail/control_debug_signal__rosidl_typesupport_fastrtps_c.h
[1.146s] -- Up-to-date: /home/linjiawei/load_mcap/install/deva_control_msgs/include/deva_control_msgs/deva_control_msgs/msg/detail/control_monitor_msg__rosidl_typesupport_fastrtps_c.h
[1.146s] -- Up-to-date: /home/linjiawei/load_mcap/install/deva_control_msgs/include/deva_control_msgs/deva_control_msgs/msg/detail/control_result__rosidl_typesupport_fastrtps_c.h
[1.146s] -- Up-to-date: /home/linjiawei/load_mcap/install/deva_control_msgs/include/deva_control_msgs/deva_control_msgs/msg/detail/control_status__rosidl_typesupport_fastrtps_c.h
[1.146s] -- Up-to-date: /home/linjiawei/load_mcap/install/deva_control_msgs/include/deva_control_msgs/deva_control_msgs/msg/detail/control_valid_limit__rosidl_typesupport_fastrtps_c.h
[1.146s] -- Up-to-date: /home/linjiawei/load_mcap/install/deva_control_msgs/include/deva_control_msgs/deva_control_msgs/msg/detail/parking_status__rosidl_typesupport_fastrtps_c.h
[1.146s] -- Up-to-date: /home/linjiawei/load_mcap/install/deva_control_msgs/include/deva_control_msgs/deva_control_msgs/msg/detail/vehicle_control_command__rosidl_typesupport_fastrtps_c.h
[1.146s] -- Up-to-date: /home/linjiawei/load_mcap/install/deva_control_msgs/include/deva_control_msgs/deva_control_msgs/msg/detail/vehicle_enable_command__rosidl_typesupport_fastrtps_c.h
[1.146s] -- Up-to-date: /home/linjiawei/load_mcap/install/deva_control_msgs/include/deva_control_msgs/deva_control_msgs/msg/detail/vehicle_limit_value__rosidl_typesupport_fastrtps_c.h
[1.146s] -- Up-to-date: /home/linjiawei/load_mcap/install/deva_control_msgs/include/deva_control_msgs/deva_control_msgs/msg/detail/vehicle_report_belt__rosidl_typesupport_fastrtps_c.h
[1.146s] -- Up-to-date: /home/linjiawei/load_mcap/install/deva_control_msgs/include/deva_control_msgs/deva_control_msgs/msg/detail/vehicle_report_common__rosidl_typesupport_fastrtps_c.h
[1.146s] -- Up-to-date: /home/linjiawei/load_mcap/install/deva_control_msgs/include/deva_control_msgs/deva_control_msgs/msg/detail/vehicle_report_pedal__rosidl_typesupport_fastrtps_c.h
[1.148s] -- Up-to-date: /home/linjiawei/load_mcap/install/deva_control_msgs/include/deva_control_msgs/deva_control_msgs/msg/detail/vehicle_status_command__rosidl_typesupport_fastrtps_c.h
[1.148s] -- Up-to-date: /home/linjiawei/load_mcap/install/deva_control_msgs/include/deva_control_msgs/deva_control_msgs/msg/detail/wheel_speed__rosidl_typesupport_fastrtps_c.h
[1.148s] -- Up-to-date: /home/linjiawei/load_mcap/install/deva_control_msgs/lib/libdeva_control_msgs__rosidl_typesupport_fastrtps_c.so
[1.148s] -- Up-to-date: /home/linjiawei/load_mcap/install/deva_control_msgs/include/deva_control_msgs/deva_control_msgs
[1.148s] -- Up-to-date: /home/linjiawei/load_mcap/install/deva_control_msgs/include/deva_control_msgs/deva_control_msgs/msg
[1.148s] -- Up-to-date: /home/linjiawei/load_mcap/install/deva_control_msgs/include/deva_control_msgs/deva_control_msgs/msg/rosidl_typesupport_introspection_c__visibility_control.h
[1.148s] -- Up-to-date: /home/linjiawei/load_mcap/install/deva_control_msgs/include/deva_control_msgs/deva_control_msgs/msg/detail
[1.148s] -- Up-to-date: /home/linjiawei/load_mcap/install/deva_control_msgs/include/deva_control_msgs/deva_control_msgs/msg/detail/control_debug_signal__rosidl_typesupport_introspection_c.h
[1.148s] -- Up-to-date: /home/linjiawei/load_mcap/install/deva_control_msgs/include/deva_control_msgs/deva_control_msgs/msg/detail/control_debug_signal__type_support.c
[1.148s] -- Up-to-date: /home/linjiawei/load_mcap/install/deva_control_msgs/include/deva_control_msgs/deva_control_msgs/msg/detail/control_monitor_msg__rosidl_typesupport_introspection_c.h
[1.148s] -- Up-to-date: /home/linjiawei/load_mcap/install/deva_control_msgs/include/deva_control_msgs/deva_control_msgs/msg/detail/control_monitor_msg__type_support.c
[1.149s] -- Up-to-date: /home/linjiawei/load_mcap/install/deva_control_msgs/include/deva_control_msgs/deva_control_msgs/msg/detail/control_result__rosidl_typesupport_introspection_c.h
[1.149s] -- Up-to-date: /home/linjiawei/load_mcap/install/deva_control_msgs/include/deva_control_msgs/deva_control_msgs/msg/detail/control_result__type_support.c
[1.149s] -- Up-to-date: /home/linjiawei/load_mcap/install/deva_control_msgs/include/deva_control_msgs/deva_control_msgs/msg/detail/control_status__rosidl_typesupport_introspection_c.h
[1.149s] -- Up-to-date: /home/linjiawei/load_mcap/install/deva_control_msgs/include/deva_control_msgs/deva_control_msgs/msg/detail/control_status__type_support.c
[1.149s] -- Up-to-date: /home/linjiawei/load_mcap/install/deva_control_msgs/include/deva_control_msgs/deva_control_msgs/msg/detail/control_valid_limit__rosidl_typesupport_introspection_c.h
[1.149s] -- Up-to-date: /home/linjiawei/load_mcap/install/deva_control_msgs/include/deva_control_msgs/deva_control_msgs/msg/detail/control_valid_limit__type_support.c
[1.149s] -- Up-to-date: /home/linjiawei/load_mcap/install/deva_control_msgs/include/deva_control_msgs/deva_control_msgs/msg/detail/parking_status__rosidl_typesupport_introspection_c.h
[1.149s] -- Up-to-date: /home/linjiawei/load_mcap/install/deva_control_msgs/include/deva_control_msgs/deva_control_msgs/msg/detail/parking_status__type_support.c
[1.149s] -- Up-to-date: /home/linjiawei/load_mcap/install/deva_control_msgs/include/deva_control_msgs/deva_control_msgs/msg/detail/vehicle_control_command__rosidl_typesupport_introspection_c.h
[1.149s] -- Up-to-date: /home/linjiawei/load_mcap/install/deva_control_msgs/include/deva_control_msgs/deva_control_msgs/msg/detail/vehicle_control_command__type_support.c
[1.149s] -- Up-to-date: /home/linjiawei/load_mcap/install/deva_control_msgs/include/deva_control_msgs/deva_control_msgs/msg/detail/vehicle_enable_command__rosidl_typesupport_introspection_c.h
[1.149s] -- Up-to-date: /home/linjiawei/load_mcap/install/deva_control_msgs/include/deva_control_msgs/deva_control_msgs/msg/detail/vehicle_enable_command__type_support.c
[1.149s] -- Up-to-date: /home/linjiawei/load_mcap/install/deva_control_msgs/include/deva_control_msgs/deva_control_msgs/msg/detail/vehicle_limit_value__rosidl_typesupport_introspection_c.h
[1.150s] -- Up-to-date: /home/linjiawei/load_mcap/install/deva_control_msgs/include/deva_control_msgs/deva_control_msgs/msg/detail/vehicle_limit_value__type_support.c
[1.150s] -- Up-to-date: /home/linjiawei/load_mcap/install/deva_control_msgs/include/deva_control_msgs/deva_control_msgs/msg/detail/vehicle_report_belt__rosidl_typesupport_introspection_c.h
[1.150s] -- Up-to-date: /home/linjiawei/load_mcap/install/deva_control_msgs/include/deva_control_msgs/deva_control_msgs/msg/detail/vehicle_report_belt__type_support.c
[1.150s] -- Up-to-date: /home/linjiawei/load_mcap/install/deva_control_msgs/include/deva_control_msgs/deva_control_msgs/msg/detail/vehicle_report_common__rosidl_typesupport_introspection_c.h
[1.150s] -- Up-to-date: /home/linjiawei/load_mcap/install/deva_control_msgs/include/deva_control_msgs/deva_control_msgs/msg/detail/vehicle_report_common__type_support.c
[1.150s] -- Up-to-date: /home/linjiawei/load_mcap/install/deva_control_msgs/include/deva_control_msgs/deva_control_msgs/msg/detail/vehicle_report_pedal__rosidl_typesupport_introspection_c.h
[1.150s] -- Up-to-date: /home/linjiawei/load_mcap/install/deva_control_msgs/include/deva_control_msgs/deva_control_msgs/msg/detail/vehicle_report_pedal__type_support.c
[1.150s] -- Up-to-date: /home/linjiawei/load_mcap/install/deva_control_msgs/include/deva_control_msgs/deva_control_msgs/msg/detail/vehicle_status_command__rosidl_typesupport_introspection_c.h
[1.150s] -- Up-to-date: /home/linjiawei/load_mcap/install/deva_control_msgs/include/deva_control_msgs/deva_control_msgs/msg/detail/vehicle_status_command__type_support.c
[1.150s] -- Up-to-date: /home/linjiawei/load_mcap/install/deva_control_msgs/include/deva_control_msgs/deva_control_msgs/msg/detail/wheel_speed__rosidl_typesupport_introspection_c.h
[1.150s] -- Up-to-date: /home/linjiawei/load_mcap/install/deva_control_msgs/include/deva_control_msgs/deva_control_msgs/msg/detail/wheel_speed__type_support.c
[1.150s] -- Up-to-date: /home/linjiawei/load_mcap/install/deva_control_msgs/lib/libdeva_control_msgs__rosidl_typesupport_introspection_c.so
[1.150s] -- Up-to-date: /home/linjiawei/load_mcap/install/deva_control_msgs/lib/libdeva_control_msgs__rosidl_typesupport_c.so
[1.150s] -- Up-to-date: /home/linjiawei/load_mcap/install/deva_control_msgs/include/deva_control_msgs/deva_control_msgs
[1.150s] -- Up-to-date: /home/linjiawei/load_mcap/install/deva_control_msgs/include/deva_control_msgs/deva_control_msgs/msg
[1.150s] -- Up-to-date: /home/linjiawei/load_mcap/install/deva_control_msgs/include/deva_control_msgs/deva_control_msgs/msg/rosidl_generator_cpp__visibility_control.hpp
[1.151s] -- Up-to-date: /home/linjiawei/load_mcap/install/deva_control_msgs/include/deva_control_msgs/deva_control_msgs/msg/control_debug_signal.hpp
[1.151s] -- Up-to-date: /home/linjiawei/load_mcap/install/deva_control_msgs/include/deva_control_msgs/deva_control_msgs/msg/detail
[1.151s] -- Up-to-date: /home/linjiawei/load_mcap/install/deva_control_msgs/include/deva_control_msgs/deva_control_msgs/msg/detail/control_debug_signal__builder.hpp
[1.151s] -- Up-to-date: /home/linjiawei/load_mcap/install/deva_control_msgs/include/deva_control_msgs/deva_control_msgs/msg/detail/control_debug_signal__struct.hpp
[1.151s] -- Up-to-date: /home/linjiawei/load_mcap/install/deva_control_msgs/include/deva_control_msgs/deva_control_msgs/msg/detail/control_debug_signal__traits.hpp
[1.151s] -- Up-to-date: /home/linjiawei/load_mcap/install/deva_control_msgs/include/deva_control_msgs/deva_control_msgs/msg/detail/control_debug_signal__type_support.hpp
[1.151s] -- Up-to-date: /home/linjiawei/load_mcap/install/deva_control_msgs/include/deva_control_msgs/deva_control_msgs/msg/detail/control_monitor_msg__builder.hpp
[1.151s] -- Up-to-date: /home/linjiawei/load_mcap/install/deva_control_msgs/include/deva_control_msgs/deva_control_msgs/msg/detail/control_monitor_msg__struct.hpp
[1.151s] -- Up-to-date: /home/linjiawei/load_mcap/install/deva_control_msgs/include/deva_control_msgs/deva_control_msgs/msg/detail/control_monitor_msg__traits.hpp
[1.151s] -- Up-to-date: /home/linjiawei/load_mcap/install/deva_control_msgs/include/deva_control_msgs/deva_control_msgs/msg/detail/control_monitor_msg__type_support.hpp
[1.151s] -- Up-to-date: /home/linjiawei/load_mcap/install/deva_control_msgs/include/deva_control_msgs/deva_control_msgs/msg/detail/control_result__builder.hpp
[1.151s] -- Up-to-date: /home/linjiawei/load_mcap/install/deva_control_msgs/include/deva_control_msgs/deva_control_msgs/msg/detail/control_result__struct.hpp
[1.151s] -- Up-to-date: /home/linjiawei/load_mcap/install/deva_control_msgs/include/deva_control_msgs/deva_control_msgs/msg/detail/control_result__traits.hpp
[1.151s] -- Up-to-date: /home/linjiawei/load_mcap/install/deva_control_msgs/include/deva_control_msgs/deva_control_msgs/msg/detail/control_result__type_support.hpp
[1.152s] -- Up-to-date: /home/linjiawei/load_mcap/install/deva_control_msgs/include/deva_control_msgs/deva_control_msgs/msg/detail/control_status__builder.hpp
[1.152s] -- Up-to-date: /home/linjiawei/load_mcap/install/deva_control_msgs/include/deva_control_msgs/deva_control_msgs/msg/detail/control_status__struct.hpp
[1.152s] -- Up-to-date: /home/linjiawei/load_mcap/install/deva_control_msgs/include/deva_control_msgs/deva_control_msgs/msg/detail/control_status__traits.hpp
[1.152s] -- Up-to-date: /home/linjiawei/load_mcap/install/deva_control_msgs/include/deva_control_msgs/deva_control_msgs/msg/detail/control_status__type_support.hpp
[1.152s] -- Up-to-date: /home/linjiawei/load_mcap/install/deva_control_msgs/include/deva_control_msgs/deva_control_msgs/msg/detail/control_valid_limit__builder.hpp
[1.152s] -- Up-to-date: /home/linjiawei/load_mcap/install/deva_control_msgs/include/deva_control_msgs/deva_control_msgs/msg/detail/control_valid_limit__struct.hpp
[1.152s] -- Up-to-date: /home/linjiawei/load_mcap/install/deva_control_msgs/include/deva_control_msgs/deva_control_msgs/msg/detail/control_valid_limit__traits.hpp
[1.152s] -- Up-to-date: /home/linjiawei/load_mcap/install/deva_control_msgs/include/deva_control_msgs/deva_control_msgs/msg/detail/control_valid_limit__type_support.hpp
[1.152s] -- Up-to-date: /home/linjiawei/load_mcap/install/deva_control_msgs/include/deva_control_msgs/deva_control_msgs/msg/detail/parking_status__builder.hpp
[1.153s] -- Up-to-date: /home/linjiawei/load_mcap/install/deva_control_msgs/include/deva_control_msgs/deva_control_msgs/msg/detail/parking_status__struct.hpp
[1.153s] -- Up-to-date: /home/linjiawei/load_mcap/install/deva_control_msgs/include/deva_control_msgs/deva_control_msgs/msg/detail/parking_status__traits.hpp
[1.153s] -- Up-to-date: /home/linjiawei/load_mcap/install/deva_control_msgs/include/deva_control_msgs/deva_control_msgs/msg/detail/parking_status__type_support.hpp
[1.153s] -- Up-to-date: /home/linjiawei/load_mcap/install/deva_control_msgs/include/deva_control_msgs/deva_control_msgs/msg/detail/vehicle_control_command__builder.hpp
[1.153s] -- Up-to-date: /home/linjiawei/load_mcap/install/deva_control_msgs/include/deva_control_msgs/deva_control_msgs/msg/detail/vehicle_control_command__struct.hpp
[1.153s] -- Up-to-date: /home/linjiawei/load_mcap/install/deva_control_msgs/include/deva_control_msgs/deva_control_msgs/msg/detail/vehicle_control_command__traits.hpp
[1.153s] -- Up-to-date: /home/linjiawei/load_mcap/install/deva_control_msgs/include/deva_control_msgs/deva_control_msgs/msg/detail/vehicle_control_command__type_support.hpp
[1.153s] -- Up-to-date: /home/linjiawei/load_mcap/install/deva_control_msgs/include/deva_control_msgs/deva_control_msgs/msg/detail/vehicle_enable_command__builder.hpp
[1.153s] -- Up-to-date: /home/linjiawei/load_mcap/install/deva_control_msgs/include/deva_control_msgs/deva_control_msgs/msg/detail/vehicle_enable_command__struct.hpp
[1.153s] -- Up-to-date: /home/linjiawei/load_mcap/install/deva_control_msgs/include/deva_control_msgs/deva_control_msgs/msg/detail/vehicle_enable_command__traits.hpp
[1.153s] -- Up-to-date: /home/linjiawei/load_mcap/install/deva_control_msgs/include/deva_control_msgs/deva_control_msgs/msg/detail/vehicle_enable_command__type_support.hpp
[1.154s] -- Up-to-date: /home/linjiawei/load_mcap/install/deva_control_msgs/include/deva_control_msgs/deva_control_msgs/msg/detail/vehicle_limit_value__builder.hpp
[1.154s] -- Up-to-date: /home/linjiawei/load_mcap/install/deva_control_msgs/include/deva_control_msgs/deva_control_msgs/msg/detail/vehicle_limit_value__struct.hpp
[1.154s] -- Up-to-date: /home/linjiawei/load_mcap/install/deva_control_msgs/include/deva_control_msgs/deva_control_msgs/msg/detail/vehicle_limit_value__traits.hpp
[1.154s] -- Up-to-date: /home/linjiawei/load_mcap/install/deva_control_msgs/include/deva_control_msgs/deva_control_msgs/msg/detail/vehicle_limit_value__type_support.hpp
[1.154s] -- Up-to-date: /home/linjiawei/load_mcap/install/deva_control_msgs/include/deva_control_msgs/deva_control_msgs/msg/detail/vehicle_report_belt__builder.hpp
[1.154s] -- Up-to-date: /home/linjiawei/load_mcap/install/deva_control_msgs/include/deva_control_msgs/deva_control_msgs/msg/detail/vehicle_report_belt__struct.hpp
[1.155s] -- Up-to-date: /home/linjiawei/load_mcap/install/deva_control_msgs/include/deva_control_msgs/deva_control_msgs/msg/detail/vehicle_report_belt__traits.hpp
[1.155s] -- Up-to-date: /home/linjiawei/load_mcap/install/deva_control_msgs/include/deva_control_msgs/deva_control_msgs/msg/detail/vehicle_report_belt__type_support.hpp
[1.155s] -- Up-to-date: /home/linjiawei/load_mcap/install/deva_control_msgs/include/deva_control_msgs/deva_control_msgs/msg/detail/vehicle_report_common__builder.hpp
[1.155s] -- Up-to-date: /home/linjiawei/load_mcap/install/deva_control_msgs/include/deva_control_msgs/deva_control_msgs/msg/detail/vehicle_report_common__struct.hpp
[1.155s] -- Up-to-date: /home/linjiawei/load_mcap/install/deva_control_msgs/include/deva_control_msgs/deva_control_msgs/msg/detail/vehicle_report_common__traits.hpp
[1.155s] -- Up-to-date: /home/linjiawei/load_mcap/install/deva_control_msgs/include/deva_control_msgs/deva_control_msgs/msg/detail/vehicle_report_common__type_support.hpp
[1.155s] -- Up-to-date: /home/linjiawei/load_mcap/install/deva_control_msgs/include/deva_control_msgs/deva_control_msgs/msg/detail/vehicle_report_pedal__builder.hpp
[1.155s] -- Up-to-date: /home/linjiawei/load_mcap/install/deva_control_msgs/include/deva_control_msgs/deva_control_msgs/msg/detail/vehicle_report_pedal__struct.hpp
[1.155s] -- Up-to-date: /home/linjiawei/load_mcap/install/deva_control_msgs/include/deva_control_msgs/deva_control_msgs/msg/detail/vehicle_report_pedal__traits.hpp
[1.155s] -- Up-to-date: /home/linjiawei/load_mcap/install/deva_control_msgs/include/deva_control_msgs/deva_control_msgs/msg/detail/vehicle_report_pedal__type_support.hpp
[1.155s] -- Up-to-date: /home/linjiawei/load_mcap/install/deva_control_msgs/include/deva_control_msgs/deva_control_msgs/msg/detail/vehicle_status_command__builder.hpp
[1.155s] -- Up-to-date: /home/linjiawei/load_mcap/install/deva_control_msgs/include/deva_control_msgs/deva_control_msgs/msg/detail/vehicle_status_command__struct.hpp
[1.155s] -- Up-to-date: /home/linjiawei/load_mcap/install/deva_control_msgs/include/deva_control_msgs/deva_control_msgs/msg/detail/vehicle_status_command__traits.hpp
[1.155s] -- Up-to-date: /home/linjiawei/load_mcap/install/deva_control_msgs/include/deva_control_msgs/deva_control_msgs/msg/detail/vehicle_status_command__type_support.hpp
[1.155s] -- Up-to-date: /home/linjiawei/load_mcap/install/deva_control_msgs/include/deva_control_msgs/deva_control_msgs/msg/detail/wheel_speed__builder.hpp
[1.156s] -- Up-to-date: /home/linjiawei/load_mcap/install/deva_control_msgs/include/deva_control_msgs/deva_control_msgs/msg/detail/wheel_speed__struct.hpp
[1.156s] -- Up-to-date: /home/linjiawei/load_mcap/install/deva_control_msgs/include/deva_control_msgs/deva_control_msgs/msg/detail/wheel_speed__traits.hpp
[1.156s] -- Up-to-date: /home/linjiawei/load_mcap/install/deva_control_msgs/include/deva_control_msgs/deva_control_msgs/msg/detail/wheel_speed__type_support.hpp
[1.156s] -- Up-to-date: /home/linjiawei/load_mcap/install/deva_control_msgs/include/deva_control_msgs/deva_control_msgs/msg/control_monitor_msg.hpp
[1.156s] -- Up-to-date: /home/linjiawei/load_mcap/install/deva_control_msgs/include/deva_control_msgs/deva_control_msgs/msg/control_result.hpp
[1.156s] -- Up-to-date: /home/linjiawei/load_mcap/install/deva_control_msgs/include/deva_control_msgs/deva_control_msgs/msg/control_status.hpp
[1.156s] -- Up-to-date: /home/linjiawei/load_mcap/install/deva_control_msgs/include/deva_control_msgs/deva_control_msgs/msg/control_valid_limit.hpp
[1.156s] -- Up-to-date: /home/linjiawei/load_mcap/install/deva_control_msgs/include/deva_control_msgs/deva_control_msgs/msg/parking_status.hpp
[1.156s] -- Up-to-date: /home/linjiawei/load_mcap/install/deva_control_msgs/include/deva_control_msgs/deva_control_msgs/msg/vehicle_control_command.hpp
[1.156s] -- Up-to-date: /home/linjiawei/load_mcap/install/deva_control_msgs/include/deva_control_msgs/deva_control_msgs/msg/vehicle_enable_command.hpp
[1.156s] -- Up-to-date: /home/linjiawei/load_mcap/install/deva_control_msgs/include/deva_control_msgs/deva_control_msgs/msg/vehicle_limit_value.hpp
[1.156s] -- Up-to-date: /home/linjiawei/load_mcap/install/deva_control_msgs/include/deva_control_msgs/deva_control_msgs/msg/vehicle_report_belt.hpp
[1.156s] -- Up-to-date: /home/linjiawei/load_mcap/install/deva_control_msgs/include/deva_control_msgs/deva_control_msgs/msg/vehicle_report_common.hpp
[1.156s] -- Up-to-date: /home/linjiawei/load_mcap/install/deva_control_msgs/include/deva_control_msgs/deva_control_msgs/msg/vehicle_report_pedal.hpp
[1.156s] -- Up-to-date: /home/linjiawei/load_mcap/install/deva_control_msgs/include/deva_control_msgs/deva_control_msgs/msg/vehicle_status_command.hpp
[1.156s] -- Up-to-date: /home/linjiawei/load_mcap/install/deva_control_msgs/include/deva_control_msgs/deva_control_msgs/msg/wheel_speed.hpp
[1.156s] -- Up-to-date: /home/linjiawei/load_mcap/install/deva_control_msgs/include/deva_control_msgs/deva_control_msgs
[1.156s] -- Up-to-date: /home/linjiawei/load_mcap/install/deva_control_msgs/include/deva_control_msgs/deva_control_msgs/msg
[1.156s] -- Up-to-date: /home/linjiawei/load_mcap/install/deva_control_msgs/include/deva_control_msgs/deva_control_msgs/msg/rosidl_typesupport_fastrtps_cpp__visibility_control.h
[1.157s] -- Up-to-date: /home/linjiawei/load_mcap/install/deva_control_msgs/include/deva_control_msgs/deva_control_msgs/msg/detail
[1.157s] -- Up-to-date: /home/linjiawei/load_mcap/install/deva_control_msgs/include/deva_control_msgs/deva_control_msgs/msg/detail/control_debug_signal__rosidl_typesupport_fastrtps_cpp.hpp
[1.157s] -- Up-to-date: /home/linjiawei/load_mcap/install/deva_control_msgs/include/deva_control_msgs/deva_control_msgs/msg/detail/dds_fastrtps
[1.157s] -- Up-to-date: /home/linjiawei/load_mcap/install/deva_control_msgs/include/deva_control_msgs/deva_control_msgs/msg/detail/control_monitor_msg__rosidl_typesupport_fastrtps_cpp.hpp
[1.157s] -- Up-to-date: /home/linjiawei/load_mcap/install/deva_control_msgs/include/deva_control_msgs/deva_control_msgs/msg/detail/control_result__rosidl_typesupport_fastrtps_cpp.hpp
[1.157s] -- Up-to-date: /home/linjiawei/load_mcap/install/deva_control_msgs/include/deva_control_msgs/deva_control_msgs/msg/detail/control_status__rosidl_typesupport_fastrtps_cpp.hpp
[1.157s] -- Up-to-date: /home/linjiawei/load_mcap/install/deva_control_msgs/include/deva_control_msgs/deva_control_msgs/msg/detail/control_valid_limit__rosidl_typesupport_fastrtps_cpp.hpp
[1.157s] -- Up-to-date: /home/linjiawei/load_mcap/install/deva_control_msgs/include/deva_control_msgs/deva_control_msgs/msg/detail/parking_status__rosidl_typesupport_fastrtps_cpp.hpp
[1.157s] -- Up-to-date: /home/linjiawei/load_mcap/install/deva_control_msgs/include/deva_control_msgs/deva_control_msgs/msg/detail/vehicle_control_command__rosidl_typesupport_fastrtps_cpp.hpp
[1.157s] -- Up-to-date: /home/linjiawei/load_mcap/install/deva_control_msgs/include/deva_control_msgs/deva_control_msgs/msg/detail/vehicle_enable_command__rosidl_typesupport_fastrtps_cpp.hpp
[1.157s] -- Up-to-date: /home/linjiawei/load_mcap/install/deva_control_msgs/include/deva_control_msgs/deva_control_msgs/msg/detail/vehicle_limit_value__rosidl_typesupport_fastrtps_cpp.hpp
[1.157s] -- Up-to-date: /home/linjiawei/load_mcap/install/deva_control_msgs/include/deva_control_msgs/deva_control_msgs/msg/detail/vehicle_report_belt__rosidl_typesupport_fastrtps_cpp.hpp
[1.157s] -- Up-to-date: /home/linjiawei/load_mcap/install/deva_control_msgs/include/deva_control_msgs/deva_control_msgs/msg/detail/vehicle_report_common__rosidl_typesupport_fastrtps_cpp.hpp
[1.157s] -- Up-to-date: /home/linjiawei/load_mcap/install/deva_control_msgs/include/deva_control_msgs/deva_control_msgs/msg/detail/vehicle_report_pedal__rosidl_typesupport_fastrtps_cpp.hpp
[1.157s] -- Up-to-date: /home/linjiawei/load_mcap/install/deva_control_msgs/include/deva_control_msgs/deva_control_msgs/msg/detail/vehicle_status_command__rosidl_typesupport_fastrtps_cpp.hpp
[1.157s] -- Up-to-date: /home/linjiawei/load_mcap/install/deva_control_msgs/include/deva_control_msgs/deva_control_msgs/msg/detail/wheel_speed__rosidl_typesupport_fastrtps_cpp.hpp
[1.157s] -- Up-to-date: /home/linjiawei/load_mcap/install/deva_control_msgs/lib/libdeva_control_msgs__rosidl_typesupport_fastrtps_cpp.so
[1.157s] -- Up-to-date: /home/linjiawei/load_mcap/install/deva_control_msgs/include/deva_control_msgs/deva_control_msgs
[1.157s] -- Up-to-date: /home/linjiawei/load_mcap/install/deva_control_msgs/include/deva_control_msgs/deva_control_msgs/msg
[1.158s] -- Up-to-date: /home/linjiawei/load_mcap/install/deva_control_msgs/include/deva_control_msgs/deva_control_msgs/msg/detail
[1.158s] -- Up-to-date: /home/linjiawei/load_mcap/install/deva_control_msgs/include/deva_control_msgs/deva_control_msgs/msg/detail/control_debug_signal__rosidl_typesupport_introspection_cpp.hpp
[1.158s] -- Up-to-date: /home/linjiawei/load_mcap/install/deva_control_msgs/include/deva_control_msgs/deva_control_msgs/msg/detail/control_debug_signal__type_support.cpp
[1.158s] -- Up-to-date: /home/linjiawei/load_mcap/install/deva_control_msgs/include/deva_control_msgs/deva_control_msgs/msg/detail/control_monitor_msg__rosidl_typesupport_introspection_cpp.hpp
[1.158s] -- Up-to-date: /home/linjiawei/load_mcap/install/deva_control_msgs/include/deva_control_msgs/deva_control_msgs/msg/detail/control_monitor_msg__type_support.cpp
[1.158s] -- Up-to-date: /home/linjiawei/load_mcap/install/deva_control_msgs/include/deva_control_msgs/deva_control_msgs/msg/detail/control_result__rosidl_typesupport_introspection_cpp.hpp
[1.158s] -- Up-to-date: /home/linjiawei/load_mcap/install/deva_control_msgs/include/deva_control_msgs/deva_control_msgs/msg/detail/control_result__type_support.cpp
[1.158s] -- Up-to-date: /home/linjiawei/load_mcap/install/deva_control_msgs/include/deva_control_msgs/deva_control_msgs/msg/detail/control_status__rosidl_typesupport_introspection_cpp.hpp
[1.158s] -- Up-to-date: /home/linjiawei/load_mcap/install/deva_control_msgs/include/deva_control_msgs/deva_control_msgs/msg/detail/control_status__type_support.cpp
[1.158s] -- Up-to-date: /home/linjiawei/load_mcap/install/deva_control_msgs/include/deva_control_msgs/deva_control_msgs/msg/detail/control_valid_limit__rosidl_typesupport_introspection_cpp.hpp
[1.158s] -- Up-to-date: /home/linjiawei/load_mcap/install/deva_control_msgs/include/deva_control_msgs/deva_control_msgs/msg/detail/control_valid_limit__type_support.cpp
[1.158s] -- Up-to-date: /home/linjiawei/load_mcap/install/deva_control_msgs/include/deva_control_msgs/deva_control_msgs/msg/detail/parking_status__rosidl_typesupport_introspection_cpp.hpp
[1.158s] -- Up-to-date: /home/linjiawei/load_mcap/install/deva_control_msgs/include/deva_control_msgs/deva_control_msgs/msg/detail/parking_status__type_support.cpp
[1.158s] -- Up-to-date: /home/linjiawei/load_mcap/install/deva_control_msgs/include/deva_control_msgs/deva_control_msgs/msg/detail/vehicle_control_command__rosidl_typesupport_introspection_cpp.hpp
[1.158s] -- Up-to-date: /home/linjiawei/load_mcap/install/deva_control_msgs/include/deva_control_msgs/deva_control_msgs/msg/detail/vehicle_control_command__type_support.cpp
[1.158s] -- Up-to-date: /home/linjiawei/load_mcap/install/deva_control_msgs/include/deva_control_msgs/deva_control_msgs/msg/detail/vehicle_enable_command__rosidl_typesupport_introspection_cpp.hpp
[1.158s] -- Up-to-date: /home/linjiawei/load_mcap/install/deva_control_msgs/include/deva_control_msgs/deva_control_msgs/msg/detail/vehicle_enable_command__type_support.cpp
[1.158s] -- Up-to-date: /home/linjiawei/load_mcap/install/deva_control_msgs/include/deva_control_msgs/deva_control_msgs/msg/detail/vehicle_limit_value__rosidl_typesupport_introspection_cpp.hpp
[1.158s] -- Up-to-date: /home/linjiawei/load_mcap/install/deva_control_msgs/include/deva_control_msgs/deva_control_msgs/msg/detail/vehicle_limit_value__type_support.cpp
[1.159s] -- Up-to-date: /home/linjiawei/load_mcap/install/deva_control_msgs/include/deva_control_msgs/deva_control_msgs/msg/detail/vehicle_report_belt__rosidl_typesupport_introspection_cpp.hpp
[1.159s] -- Up-to-date: /home/linjiawei/load_mcap/install/deva_control_msgs/include/deva_control_msgs/deva_control_msgs/msg/detail/vehicle_report_belt__type_support.cpp
[1.159s] -- Up-to-date: /home/linjiawei/load_mcap/install/deva_control_msgs/include/deva_control_msgs/deva_control_msgs/msg/detail/vehicle_report_common__rosidl_typesupport_introspection_cpp.hpp
[1.159s] -- Up-to-date: /home/linjiawei/load_mcap/install/deva_control_msgs/include/deva_control_msgs/deva_control_msgs/msg/detail/vehicle_report_common__type_support.cpp
[1.159s] -- Up-to-date: /home/linjiawei/load_mcap/install/deva_control_msgs/include/deva_control_msgs/deva_control_msgs/msg/detail/vehicle_report_pedal__rosidl_typesupport_introspection_cpp.hpp
[1.159s] -- Up-to-date: /home/linjiawei/load_mcap/install/deva_control_msgs/include/deva_control_msgs/deva_control_msgs/msg/detail/vehicle_report_pedal__type_support.cpp
[1.159s] -- Up-to-date: /home/linjiawei/load_mcap/install/deva_control_msgs/include/deva_control_msgs/deva_control_msgs/msg/detail/vehicle_status_command__rosidl_typesupport_introspection_cpp.hpp
[1.159s] -- Up-to-date: /home/linjiawei/load_mcap/install/deva_control_msgs/include/deva_control_msgs/deva_control_msgs/msg/detail/vehicle_status_command__type_support.cpp
[1.159s] -- Up-to-date: /home/linjiawei/load_mcap/install/deva_control_msgs/include/deva_control_msgs/deva_control_msgs/msg/detail/wheel_speed__rosidl_typesupport_introspection_cpp.hpp
[1.159s] -- Up-to-date: /home/linjiawei/load_mcap/install/deva_control_msgs/include/deva_control_msgs/deva_control_msgs/msg/detail/wheel_speed__type_support.cpp
[1.159s] -- Up-to-date: /home/linjiawei/load_mcap/install/deva_control_msgs/lib/libdeva_control_msgs__rosidl_typesupport_introspection_cpp.so
[1.159s] -- Up-to-date: /home/linjiawei/load_mcap/install/deva_control_msgs/lib/libdeva_control_msgs__rosidl_typesupport_cpp.so
[1.159s] -- Up-to-date: /home/linjiawei/load_mcap/install/deva_control_msgs/share/deva_control_msgs/environment/pythonpath.sh
[1.159s] -- Up-to-date: /home/linjiawei/load_mcap/install/deva_control_msgs/share/deva_control_msgs/environment/pythonpath.dsv
[1.159s] -- Up-to-date: /home/linjiawei/load_mcap/install/deva_control_msgs/local/lib/python3.10/dist-packages/deva_control_msgs-0.0.0-py3.10.egg-info
[1.159s] -- Installing: /home/linjiawei/load_mcap/install/deva_control_msgs/local/lib/python3.10/dist-packages/deva_control_msgs-0.0.0-py3.10.egg-info/PKG-INFO
[1.159s] -- Installing: /home/linjiawei/load_mcap/install/deva_control_msgs/local/lib/python3.10/dist-packages/deva_control_msgs-0.0.0-py3.10.egg-info/dependency_links.txt
[1.159s] -- Installing: /home/linjiawei/load_mcap/install/deva_control_msgs/local/lib/python3.10/dist-packages/deva_control_msgs-0.0.0-py3.10.egg-info/top_level.txt
[1.159s] -- Installing: /home/linjiawei/load_mcap/install/deva_control_msgs/local/lib/python3.10/dist-packages/deva_control_msgs-0.0.0-py3.10.egg-info/SOURCES.txt
[1.160s] -- Up-to-date: /home/linjiawei/load_mcap/install/deva_control_msgs/local/lib/python3.10/dist-packages/deva_control_msgs
[1.160s] -- Up-to-date: /home/linjiawei/load_mcap/install/deva_control_msgs/local/lib/python3.10/dist-packages/deva_control_msgs/__init__.py
[1.160s] -- Up-to-date: /home/linjiawei/load_mcap/install/deva_control_msgs/local/lib/python3.10/dist-packages/deva_control_msgs/msg
[1.160s] -- Up-to-date: /home/linjiawei/load_mcap/install/deva_control_msgs/local/lib/python3.10/dist-packages/deva_control_msgs/msg/_control_debug_signal.py
[1.160s] -- Up-to-date: /home/linjiawei/load_mcap/install/deva_control_msgs/local/lib/python3.10/dist-packages/deva_control_msgs/msg/_control_debug_signal_s.c
[1.160s] -- Up-to-date: /home/linjiawei/load_mcap/install/deva_control_msgs/local/lib/python3.10/dist-packages/deva_control_msgs/msg/_control_monitor_msg.py
[1.160s] -- Up-to-date: /home/linjiawei/load_mcap/install/deva_control_msgs/local/lib/python3.10/dist-packages/deva_control_msgs/msg/_control_monitor_msg_s.c
[1.160s] -- Up-to-date: /home/linjiawei/load_mcap/install/deva_control_msgs/local/lib/python3.10/dist-packages/deva_control_msgs/msg/_control_result.py
[1.160s] -- Up-to-date: /home/linjiawei/load_mcap/install/deva_control_msgs/local/lib/python3.10/dist-packages/deva_control_msgs/msg/_control_result_s.c
[1.160s] -- Up-to-date: /home/linjiawei/load_mcap/install/deva_control_msgs/local/lib/python3.10/dist-packages/deva_control_msgs/msg/_control_status.py
[1.160s] -- Up-to-date: /home/linjiawei/load_mcap/install/deva_control_msgs/local/lib/python3.10/dist-packages/deva_control_msgs/msg/_control_status_s.c
[1.160s] -- Up-to-date: /home/linjiawei/load_mcap/install/deva_control_msgs/local/lib/python3.10/dist-packages/deva_control_msgs/msg/_control_valid_limit.py
[1.160s] -- Up-to-date: /home/linjiawei/load_mcap/install/deva_control_msgs/local/lib/python3.10/dist-packages/deva_control_msgs/msg/_control_valid_limit_s.c
[1.160s] -- Up-to-date: /home/linjiawei/load_mcap/install/deva_control_msgs/local/lib/python3.10/dist-packages/deva_control_msgs/msg/_parking_status.py
[1.160s] -- Up-to-date: /home/linjiawei/load_mcap/install/deva_control_msgs/local/lib/python3.10/dist-packages/deva_control_msgs/msg/_parking_status_s.c
[1.160s] -- Up-to-date: /home/linjiawei/load_mcap/install/deva_control_msgs/local/lib/python3.10/dist-packages/deva_control_msgs/msg/_vehicle_control_command.py
[1.160s] -- Up-to-date: /home/linjiawei/load_mcap/install/deva_control_msgs/local/lib/python3.10/dist-packages/deva_control_msgs/msg/_vehicle_control_command_s.c
[1.160s] -- Up-to-date: /home/linjiawei/load_mcap/install/deva_control_msgs/local/lib/python3.10/dist-packages/deva_control_msgs/msg/_vehicle_enable_command.py
[1.160s] -- Up-to-date: /home/linjiawei/load_mcap/install/deva_control_msgs/local/lib/python3.10/dist-packages/deva_control_msgs/msg/_vehicle_enable_command_s.c
[1.161s] -- Up-to-date: /home/linjiawei/load_mcap/install/deva_control_msgs/local/lib/python3.10/dist-packages/deva_control_msgs/msg/_vehicle_limit_value.py
[1.161s] -- Up-to-date: /home/linjiawei/load_mcap/install/deva_control_msgs/local/lib/python3.10/dist-packages/deva_control_msgs/msg/_vehicle_limit_value_s.c
[1.161s] -- Up-to-date: /home/linjiawei/load_mcap/install/deva_control_msgs/local/lib/python3.10/dist-packages/deva_control_msgs/msg/_vehicle_report_belt.py
[1.161s] -- Up-to-date: /home/linjiawei/load_mcap/install/deva_control_msgs/local/lib/python3.10/dist-packages/deva_control_msgs/msg/_vehicle_report_belt_s.c
[1.161s] -- Up-to-date: /home/linjiawei/load_mcap/install/deva_control_msgs/local/lib/python3.10/dist-packages/deva_control_msgs/msg/_vehicle_report_common.py
[1.161s] -- Up-to-date: /home/linjiawei/load_mcap/install/deva_control_msgs/local/lib/python3.10/dist-packages/deva_control_msgs/msg/_vehicle_report_common_s.c
[1.161s] -- Up-to-date: /home/linjiawei/load_mcap/install/deva_control_msgs/local/lib/python3.10/dist-packages/deva_control_msgs/msg/_vehicle_report_pedal.py
[1.161s] -- Up-to-date: /home/linjiawei/load_mcap/install/deva_control_msgs/local/lib/python3.10/dist-packages/deva_control_msgs/msg/_vehicle_report_pedal_s.c
[1.161s] -- Up-to-date: /home/linjiawei/load_mcap/install/deva_control_msgs/local/lib/python3.10/dist-packages/deva_control_msgs/msg/_vehicle_status_command.py
[1.161s] -- Up-to-date: /home/linjiawei/load_mcap/install/deva_control_msgs/local/lib/python3.10/dist-packages/deva_control_msgs/msg/_vehicle_status_command_s.c
[1.161s] -- Up-to-date: /home/linjiawei/load_mcap/install/deva_control_msgs/local/lib/python3.10/dist-packages/deva_control_msgs/msg/_wheel_speed.py
[1.161s] -- Up-to-date: /home/linjiawei/load_mcap/install/deva_control_msgs/local/lib/python3.10/dist-packages/deva_control_msgs/msg/_wheel_speed_s.c
[1.161s] -- Up-to-date: /home/linjiawei/load_mcap/install/deva_control_msgs/local/lib/python3.10/dist-packages/deva_control_msgs/msg/__init__.py
[1.161s] -- Up-to-date: /home/linjiawei/load_mcap/install/deva_control_msgs/local/lib/python3.10/dist-packages/deva_control_msgs/_deva_control_msgs_s.ep.rosidl_typesupport_fastrtps_c.c
[1.161s] -- Up-to-date: /home/linjiawei/load_mcap/install/deva_control_msgs/local/lib/python3.10/dist-packages/deva_control_msgs/_deva_control_msgs_s.ep.rosidl_typesupport_introspection_c.c
[1.161s] -- Up-to-date: /home/linjiawei/load_mcap/install/deva_control_msgs/local/lib/python3.10/dist-packages/deva_control_msgs/_deva_control_msgs_s.ep.rosidl_typesupport_c.c
[1.161s] -- Up-to-date: /home/linjiawei/load_mcap/install/deva_control_msgs/local/lib/python3.10/dist-packages/deva_control_msgs/libdeva_control_msgs__rosidl_generator_py.so
[1.161s] -- Up-to-date: /home/linjiawei/load_mcap/install/deva_control_msgs/local/lib/python3.10/dist-packages/deva_control_msgs/deva_control_msgs_s__rosidl_typesupport_c.cpython-310-x86_64-linux-gnu.so
[1.161s] -- Up-to-date: /home/linjiawei/load_mcap/install/deva_control_msgs/local/lib/python3.10/dist-packages/deva_control_msgs/deva_control_msgs_s__rosidl_typesupport_fastrtps_c.cpython-310-x86_64-linux-gnu.so
[1.162s] -- Up-to-date: /home/linjiawei/load_mcap/install/deva_control_msgs/local/lib/python3.10/dist-packages/deva_control_msgs/deva_control_msgs_s__rosidl_typesupport_introspection_c.cpython-310-x86_64-linux-gnu.so
[1.174s] Listing '/home/linjiawei/load_mcap/install/deva_control_msgs/local/lib/python3.10/dist-packages/deva_control_msgs'...
[1.174s] Listing '/home/linjiawei/load_mcap/install/deva_control_msgs/local/lib/python3.10/dist-packages/deva_control_msgs/msg'...
[1.179s] -- Up-to-date: /home/linjiawei/load_mcap/install/deva_control_msgs/local/lib/python3.10/dist-packages/deva_control_msgs/deva_control_msgs_s__rosidl_typesupport_fastrtps_c.cpython-310-x86_64-linux-gnu.so
[1.179s] -- Up-to-date: /home/linjiawei/load_mcap/install/deva_control_msgs/local/lib/python3.10/dist-packages/deva_control_msgs/deva_control_msgs_s__rosidl_typesupport_introspection_c.cpython-310-x86_64-linux-gnu.so
[1.181s] -- Up-to-date: /home/linjiawei/load_mcap/install/deva_control_msgs/local/lib/python3.10/dist-packages/deva_control_msgs/deva_control_msgs_s__rosidl_typesupport_c.cpython-310-x86_64-linux-gnu.so
[1.181s] -- Up-to-date: /home/linjiawei/load_mcap/install/deva_control_msgs/lib/libdeva_control_msgs__rosidl_generator_py.so
[1.181s] -- Up-to-date: /home/linjiawei/load_mcap/install/deva_control_msgs/share/deva_control_msgs/msg/ControlDebugSignal.idl
[1.182s] -- Up-to-date: /home/linjiawei/load_mcap/install/deva_control_msgs/share/deva_control_msgs/msg/ControlMonitorMsg.idl
[1.182s] -- Up-to-date: /home/linjiawei/load_mcap/install/deva_control_msgs/share/deva_control_msgs/msg/ControlResult.idl
[1.182s] -- Up-to-date: /home/linjiawei/load_mcap/install/deva_control_msgs/share/deva_control_msgs/msg/ControlStatus.idl
[1.182s] -- Up-to-date: /home/linjiawei/load_mcap/install/deva_control_msgs/share/deva_control_msgs/msg/ControlValidLimit.idl
[1.182s] -- Up-to-date: /home/linjiawei/load_mcap/install/deva_control_msgs/share/deva_control_msgs/msg/ParkingStatus.idl
[1.182s] -- Up-to-date: /home/linjiawei/load_mcap/install/deva_control_msgs/share/deva_control_msgs/msg/VehicleControlCommand.idl
[1.183s] -- Up-to-date: /home/linjiawei/load_mcap/install/deva_control_msgs/share/deva_control_msgs/msg/VehicleEnableCommand.idl
[1.183s] -- Up-to-date: /home/linjiawei/load_mcap/install/deva_control_msgs/share/deva_control_msgs/msg/VehicleLimitValue.idl
[1.183s] -- Up-to-date: /home/linjiawei/load_mcap/install/deva_control_msgs/share/deva_control_msgs/msg/VehicleReportBelt.idl
[1.183s] -- Up-to-date: /home/linjiawei/load_mcap/install/deva_control_msgs/share/deva_control_msgs/msg/VehicleReportCommon.idl
[1.183s] -- Up-to-date: /home/linjiawei/load_mcap/install/deva_control_msgs/share/deva_control_msgs/msg/VehicleReportPedal.idl
[1.183s] -- Up-to-date: /home/linjiawei/load_mcap/install/deva_control_msgs/share/deva_control_msgs/msg/VehicleStatusCommand.idl
[1.184s] -- Up-to-date: /home/linjiawei/load_mcap/install/deva_control_msgs/share/deva_control_msgs/msg/WheelSpeed.idl
[1.184s] -- Up-to-date: /home/linjiawei/load_mcap/install/deva_control_msgs/share/deva_control_msgs/msg/ControlDebugSignal.msg
[1.184s] -- Up-to-date: /home/linjiawei/load_mcap/install/deva_control_msgs/share/deva_control_msgs/msg/ControlMonitorMsg.msg
[1.184s] -- Up-to-date: /home/linjiawei/load_mcap/install/deva_control_msgs/share/deva_control_msgs/msg/ControlResult.msg
[1.184s] -- Up-to-date: /home/linjiawei/load_mcap/install/deva_control_msgs/share/deva_control_msgs/msg/ControlStatus.msg
[1.184s] -- Up-to-date: /home/linjiawei/load_mcap/install/deva_control_msgs/share/deva_control_msgs/msg/ControlValidLimit.msg
[1.184s] -- Up-to-date: /home/linjiawei/load_mcap/install/deva_control_msgs/share/deva_control_msgs/msg/ParkingStatus.msg
[1.185s] -- Up-to-date: /home/linjiawei/load_mcap/install/deva_control_msgs/share/deva_control_msgs/msg/VehicleControlCommand.msg
[1.185s] -- Up-to-date: /home/linjiawei/load_mcap/install/deva_control_msgs/share/deva_control_msgs/msg/VehicleEnableCommand.msg
[1.185s] -- Up-to-date: /home/linjiawei/load_mcap/install/deva_control_msgs/share/deva_control_msgs/msg/VehicleLimitValue.msg
[1.185s] -- Up-to-date: /home/linjiawei/load_mcap/install/deva_control_msgs/share/deva_control_msgs/msg/VehicleReportBelt.msg
[1.185s] -- Up-to-date: /home/linjiawei/load_mcap/install/deva_control_msgs/share/deva_control_msgs/msg/VehicleReportCommon.msg
[1.185s] -- Up-to-date: /home/linjiawei/load_mcap/install/deva_control_msgs/share/deva_control_msgs/msg/VehicleReportPedal.msg
[1.186s] -- Up-to-date: /home/linjiawei/load_mcap/install/deva_control_msgs/share/deva_control_msgs/msg/VehicleStatusCommand.msg
[1.186s] -- Up-to-date: /home/linjiawei/load_mcap/install/deva_control_msgs/share/deva_control_msgs/msg/WheelSpeed.msg
[1.186s] -- Up-to-date: /home/linjiawei/load_mcap/install/deva_control_msgs/share/ament_index/resource_index/package_run_dependencies/deva_control_msgs
[1.186s] -- Up-to-date: /home/linjiawei/load_mcap/install/deva_control_msgs/share/ament_index/resource_index/parent_prefix_path/deva_control_msgs
[1.186s] -- Up-to-date: /home/linjiawei/load_mcap/install/deva_control_msgs/share/deva_control_msgs/environment/ament_prefix_path.sh
[1.186s] -- Up-to-date: /home/linjiawei/load_mcap/install/deva_control_msgs/share/deva_control_msgs/environment/ament_prefix_path.dsv
[1.187s] -- Up-to-date: /home/linjiawei/load_mcap/install/deva_control_msgs/share/deva_control_msgs/environment/path.sh
[1.187s] -- Up-to-date: /home/linjiawei/load_mcap/install/deva_control_msgs/share/deva_control_msgs/environment/path.dsv
[1.187s] -- Up-to-date: /home/linjiawei/load_mcap/install/deva_control_msgs/share/deva_control_msgs/local_setup.bash
[1.187s] -- Up-to-date: /home/linjiawei/load_mcap/install/deva_control_msgs/share/deva_control_msgs/local_setup.sh
[1.187s] -- Up-to-date: /home/linjiawei/load_mcap/install/deva_control_msgs/share/deva_control_msgs/local_setup.zsh
[1.187s] -- Up-to-date: /home/linjiawei/load_mcap/install/deva_control_msgs/share/deva_control_msgs/local_setup.dsv
[1.187s] -- Installing: /home/linjiawei/load_mcap/install/deva_control_msgs/share/deva_control_msgs/package.dsv
[1.187s] -- Up-to-date: /home/linjiawei/load_mcap/install/deva_control_msgs/share/ament_index/resource_index/packages/deva_control_msgs
[1.187s] -- Up-to-date: /home/linjiawei/load_mcap/install/deva_control_msgs/share/deva_control_msgs/cmake/export_deva_control_msgs__rosidl_generator_cExport.cmake
[1.187s] -- Up-to-date: /home/linjiawei/load_mcap/install/deva_control_msgs/share/deva_control_msgs/cmake/export_deva_control_msgs__rosidl_generator_cExport-noconfig.cmake
[1.188s] -- Up-to-date: /home/linjiawei/load_mcap/install/deva_control_msgs/share/deva_control_msgs/cmake/export_deva_control_msgs__rosidl_typesupport_fastrtps_cExport.cmake
[1.188s] -- Up-to-date: /home/linjiawei/load_mcap/install/deva_control_msgs/share/deva_control_msgs/cmake/export_deva_control_msgs__rosidl_typesupport_fastrtps_cExport-noconfig.cmake
[1.188s] -- Up-to-date: /home/linjiawei/load_mcap/install/deva_control_msgs/share/deva_control_msgs/cmake/deva_control_msgs__rosidl_typesupport_introspection_cExport.cmake
[1.188s] -- Up-to-date: /home/linjiawei/load_mcap/install/deva_control_msgs/share/deva_control_msgs/cmake/deva_control_msgs__rosidl_typesupport_introspection_cExport-noconfig.cmake
[1.188s] -- Up-to-date: /home/linjiawei/load_mcap/install/deva_control_msgs/share/deva_control_msgs/cmake/deva_control_msgs__rosidl_typesupport_cExport.cmake
[1.188s] -- Up-to-date: /home/linjiawei/load_mcap/install/deva_control_msgs/share/deva_control_msgs/cmake/deva_control_msgs__rosidl_typesupport_cExport-noconfig.cmake
[1.188s] -- Up-to-date: /home/linjiawei/load_mcap/install/deva_control_msgs/share/deva_control_msgs/cmake/export_deva_control_msgs__rosidl_generator_cppExport.cmake
[1.188s] -- Up-to-date: /home/linjiawei/load_mcap/install/deva_control_msgs/share/deva_control_msgs/cmake/export_deva_control_msgs__rosidl_typesupport_fastrtps_cppExport.cmake
[1.188s] -- Up-to-date: /home/linjiawei/load_mcap/install/deva_control_msgs/share/deva_control_msgs/cmake/export_deva_control_msgs__rosidl_typesupport_fastrtps_cppExport-noconfig.cmake
[1.188s] -- Up-to-date: /home/linjiawei/load_mcap/install/deva_control_msgs/share/deva_control_msgs/cmake/deva_control_msgs__rosidl_typesupport_introspection_cppExport.cmake
[1.188s] -- Up-to-date: /home/linjiawei/load_mcap/install/deva_control_msgs/share/deva_control_msgs/cmake/deva_control_msgs__rosidl_typesupport_introspection_cppExport-noconfig.cmake
[1.188s] -- Up-to-date: /home/linjiawei/load_mcap/install/deva_control_msgs/share/deva_control_msgs/cmake/deva_control_msgs__rosidl_typesupport_cppExport.cmake
[1.188s] -- Up-to-date: /home/linjiawei/load_mcap/install/deva_control_msgs/share/deva_control_msgs/cmake/deva_control_msgs__rosidl_typesupport_cppExport-noconfig.cmake
[1.189s] -- Up-to-date: /home/linjiawei/load_mcap/install/deva_control_msgs/share/deva_control_msgs/cmake/export_deva_control_msgs__rosidl_generator_pyExport.cmake
[1.189s] -- Up-to-date: /home/linjiawei/load_mcap/install/deva_control_msgs/share/deva_control_msgs/cmake/export_deva_control_msgs__rosidl_generator_pyExport-noconfig.cmake
[1.189s] -- Up-to-date: /home/linjiawei/load_mcap/install/deva_control_msgs/share/deva_control_msgs/cmake/rosidl_cmake-extras.cmake
[1.189s] -- Up-to-date: /home/linjiawei/load_mcap/install/deva_control_msgs/share/deva_control_msgs/cmake/ament_cmake_export_dependencies-extras.cmake
[1.189s] -- Up-to-date: /home/linjiawei/load_mcap/install/deva_control_msgs/share/deva_control_msgs/cmake/ament_cmake_export_include_directories-extras.cmake
[1.189s] -- Up-to-date: /home/linjiawei/load_mcap/install/deva_control_msgs/share/deva_control_msgs/cmake/ament_cmake_export_libraries-extras.cmake
[1.189s] -- Up-to-date: /home/linjiawei/load_mcap/install/deva_control_msgs/share/deva_control_msgs/cmake/ament_cmake_export_targets-extras.cmake
[1.189s] -- Up-to-date: /home/linjiawei/load_mcap/install/deva_control_msgs/share/deva_control_msgs/cmake/rosidl_cmake_export_typesupport_targets-extras.cmake
[1.189s] -- Up-to-date: /home/linjiawei/load_mcap/install/deva_control_msgs/share/deva_control_msgs/cmake/rosidl_cmake_export_typesupport_libraries-extras.cmake
[1.189s] -- Up-to-date: /home/linjiawei/load_mcap/install/deva_control_msgs/share/deva_control_msgs/cmake/deva_control_msgsConfig.cmake
[1.189s] -- Up-to-date: /home/linjiawei/load_mcap/install/deva_control_msgs/share/deva_control_msgs/cmake/deva_control_msgsConfig-version.cmake
[1.189s] -- Up-to-date: /home/linjiawei/load_mcap/install/deva_control_msgs/share/deva_control_msgs/package.xml
[1.211s] Invoked command in '/home/linjiawei/load_mcap/build/deva_control_msgs' returned '0': CMAKE_PREFIX_PATH=/home/linjiawei/load_mcap/install/deva_planning_msgs2:/home/linjiawei/load_mcap/install/deva_map_msgs:/home/linjiawei/load_mcap/install/deva_perception_msgs:/home/linjiawei/load_mcap/install/deva_localization_msgs:/home/linjiawei/load_mcap/install/deva_common_msgs:/home/linjiawei/load_mcap/install/serialize_msgs:/home/linjiawei/load_mcap/install/rviz_plug_msg:/home/linjiawei/load_mcap/install/mcap_streamer:/home/linjiawei/load_mcap/install/fault_diagnosis:/home/linjiawei/load_mcap/install/environment_model_msgs:/home/linjiawei/load_mcap/install/deva_control_msgs:/home/linjiawei/load_mcap/install/deva_mdriver_msgs:/home/linjiawei/load_mcap/install/deva_planning_msgs:/home/linjiawei/load_mcap/install/deva_navi_msgs:/home/linjiawei/load_mcap/install/deva_gaode_routing_msgs:/home/linjiawei/load_mcap/install/deva_function_msgs:/home/linjiawei/load_mcap/install/deva_aeb_msgs:/home/linjiawei/load_mcap/install/deva_ads_msgs:/opt/ros/humble LD_LIBRARY_PATH=/home/linjiawei/load_mcap/install/deva_planning_msgs2/lib:/home/linjiawei/load_mcap/install/deva_map_msgs/lib:/home/linjiawei/load_mcap/install/deva_perception_msgs/lib:/home/linjiawei/load_mcap/install/deva_localization_msgs/lib:/home/linjiawei/load_mcap/install/deva_common_msgs/lib:/home/linjiawei/load_mcap/install/serialize_msgs/lib:/home/linjiawei/load_mcap/install/rviz_plug_msg/lib:/home/linjiawei/load_mcap/install/fault_diagnosis/lib:/home/linjiawei/load_mcap/install/environment_model_msgs/lib:/home/linjiawei/load_mcap/install/deva_control_msgs/lib:/home/linjiawei/load_mcap/install/deva_mdriver_msgs/lib:/home/linjiawei/load_mcap/install/deva_planning_msgs/lib:/home/linjiawei/load_mcap/install/deva_navi_msgs/lib:/home/linjiawei/load_mcap/install/deva_gaode_routing_msgs/lib:/home/linjiawei/load_mcap/install/deva_function_msgs/lib:/home/linjiawei/load_mcap/install/deva_aeb_msgs/lib:/home/linjiawei/load_mcap/install/deva_ads_msgs/lib:/opt/ros/humble/opt/rviz_ogre_vendor/lib:/opt/ros/humble/lib/x86_64-linux-gnu:/opt/ros/humble/lib:/usr/local/nvidia/lib64 /usr/bin/cmake --install /home/linjiawei/load_mcap/build/deva_control_msgs
