[0.025s] Invoking command in '/home/linjiawei/load_mcap/build/rviz_plug_msg': CMAKE_PREFIX_PATH=${CMAKE_PREFIX_PATH}:/opt/ros/humble /usr/bin/cmake --build /home/linjiawei/load_mcap/build/rviz_plug_msg -- -j17 -l17
[0.084s] [ 11%] Built target rviz_plug_msg__rosidl_generator_c
[0.086s] [ 12%] Built target rviz_plug_msg__cpp
[0.101s] [ 12%] Built target ament_cmake_python_copy_rviz_plug_msg
[0.132s] [ 24%] Built target rviz_plug_msg__rosidl_typesupport_fastrtps_c
[0.135s] [ 35%] Built target rviz_plug_msg__rosidl_typesupport_introspection_c
[0.138s] [ 47%] Built target rviz_plug_msg__rosidl_typesupport_c
[0.140s] [ 58%] Built target rviz_plug_msg__rosidl_typesupport_fastrtps_cpp
[0.147s] [ 70%] Built target rviz_plug_msg__rosidl_typesupport_cpp
[0.157s] [ 81%] Built target rviz_plug_msg__rosidl_typesupport_introspection_cpp
[0.195s] [ 81%] Built target rviz_plug_msg
[0.217s] [ 82%] Built target rviz_plug_msg__py
[0.244s] [ 93%] Built target rviz_plug_msg__rosidl_generator_py
[0.270s] [ 97%] Built target rviz_plug_msg__rosidl_typesupport_fastrtps_c__pyext
[0.270s] [ 97%] Built target rviz_plug_msg__rosidl_typesupport_introspection_c__pyext
[0.272s] [100%] Built target rviz_plug_msg__rosidl_typesupport_c__pyext
[0.431s] running egg_info
[0.432s] writing rviz_plug_msg.egg-info/PKG-INFO
[0.432s] writing dependency_links to rviz_plug_msg.egg-info/dependency_links.txt
[0.432s] writing top-level names to rviz_plug_msg.egg-info/top_level.txt
[0.435s] reading manifest file 'rviz_plug_msg.egg-info/SOURCES.txt'
[0.436s] writing manifest file 'rviz_plug_msg.egg-info/SOURCES.txt'
[0.466s] [100%] Built target ament_cmake_python_build_rviz_plug_msg_egg
