[0.027s] Invoking command in '/home/linjiawei/load_mcap/build/serialize_msgs': CMAKE_PREFIX_PATH=${CMAKE_PREFIX_PATH}:/opt/ros/humble /usr/bin/cmake --build /home/linjiawei/load_mcap/build/serialize_msgs -- -j17 -l17
[0.091s] [  9%] Built target serialize_msgs__rosidl_generator_c
[0.093s] [ 12%] Built target serialize_msgs__cpp
[0.101s] [ 12%] Built target ament_cmake_python_copy_serialize_msgs
[0.122s] [ 22%] Built target serialize_msgs__rosidl_typesupport_fastrtps_c
[0.139s] [ 32%] Built target serialize_msgs__rosidl_typesupport_c
[0.139s] [ 41%] Built target serialize_msgs__rosidl_typesupport_introspection_c
[0.141s] [ 51%] Built target serialize_msgs__rosidl_typesupport_introspection_cpp
[0.144s] [ 61%] Built target serialize_msgs__rosidl_typesupport_fastrtps_cpp
[0.160s] [ 70%] Built target serialize_msgs__rosidl_typesupport_cpp
[0.184s] [ 70%] Built target serialize_msgs
[0.208s] [ 74%] Built target serialize_msgs__py
[0.233s] [ 80%] Built target serialize_msgs__rosidl_generator_py
[0.258s] [ 87%] Built target serialize_msgs__rosidl_typesupport_fastrtps_c__pyext
[0.258s] [ 93%] Built target serialize_msgs__rosidl_typesupport_introspection_c__pyext
[0.264s] [100%] Built target serialize_msgs__rosidl_typesupport_c__pyext
[0.410s] running egg_info
[0.411s] writing serialize_msgs.egg-info/PKG-INFO
[0.411s] writing dependency_links to serialize_msgs.egg-info/dependency_links.txt
[0.412s] writing top-level names to serialize_msgs.egg-info/top_level.txt
[0.416s] reading manifest file 'serialize_msgs.egg-info/SOURCES.txt'
[0.417s] writing manifest file 'serialize_msgs.egg-info/SOURCES.txt'
[0.449s] [100%] Built target ament_cmake_python_build_serialize_msgs_egg
