[0.029s] Invoking command in '/home/linjiawei/load_mcap/build/deva_ads_msgs': CMAKE_PREFIX_PATH=${CMAKE_PREFIX_PATH}:/opt/ros/humble /usr/bin/cmake --build /home/linjiawei/load_mcap/build/deva_ads_msgs -- -j17 -l17
[0.084s] [  1%] Built target deva_ads_msgs__cpp
[0.086s] [ 12%] Built target deva_ads_msgs__rosidl_generator_c
[0.095s] [ 12%] Built target ament_cmake_python_copy_deva_ads_msgs
[0.138s] [ 23%] Built target deva_ads_msgs__rosidl_typesupport_cpp
[0.140s] [ 34%] Built target deva_ads_msgs__rosidl_typesupport_introspection_cpp
[0.141s] [ 45%] Built target deva_ads_msgs__rosidl_typesupport_fastrtps_cpp
[0.142s] [ 56%] Built target deva_ads_msgs__rosidl_typesupport_fastrtps_c
[0.146s] [ 67%] Built target deva_ads_msgs__rosidl_typesupport_c
[0.150s] [ 78%] Built target deva_ads_msgs__rosidl_typesupport_introspection_c
[0.176s] [ 78%] Built target deva_ads_msgs
[0.200s] [ 80%] Built target deva_ads_msgs__py
[0.227s] [ 89%] Built target deva_ads_msgs__rosidl_generator_py
[0.253s] [ 92%] Built target deva_ads_msgs__rosidl_typesupport_c__pyext
[0.253s] [ 96%] Built target deva_ads_msgs__rosidl_typesupport_introspection_c__pyext
[0.254s] [100%] Built target deva_ads_msgs__rosidl_typesupport_fastrtps_c__pyext
[0.405s] running egg_info
[0.405s] writing deva_ads_msgs.egg-info/PKG-INFO
[0.406s] writing dependency_links to deva_ads_msgs.egg-info/dependency_links.txt
[0.406s] writing top-level names to deva_ads_msgs.egg-info/top_level.txt
[0.409s] reading manifest file 'deva_ads_msgs.egg-info/SOURCES.txt'
[0.410s] writing manifest file 'deva_ads_msgs.egg-info/SOURCES.txt'
[0.438s] [100%] Built target ament_cmake_python_build_deva_ads_msgs_egg
