[0.106s] DEBUG:colcon:Command line arguments: ['/usr/bin/colcon', 'build', '--packages-select', 'mcap_streamer']
[0.106s] DEBUG:colcon:Parsed command line arguments: Namespace(log_base=None, log_level=None, verb_name='build', build_base='build', install_base='install', merge_install=False, symlink_install=False, test_result_base=None, continue_on_error=False, executor='parallel', parallel_workers=17, event_handlers=None, ignore_user_meta=False, metas=['./colcon.meta'], base_paths=['.'], packages_ignore=None, packages_ignore_regex=None, paths=None, packages_up_to=None, packages_up_to_regex=None, packages_above=None, packages_above_and_dependencies=None, packages_above_depth=None, packages_select_by_dep=None, packages_skip_by_dep=None, packages_skip_up_to=None, packages_select_build_failed=False, packages_skip_build_finished=False, packages_select_test_failures=False, packages_skip_test_passed=False, packages_select=['mcap_streamer'], packages_skip=None, packages_select_regex=None, packages_skip_regex=None, packages_start=None, packages_end=None, allow_overriding=[], cmake_args=None, cmake_target=None, cmake_target_skip_unavailable=False, cmake_clean_cache=False, cmake_clean_first=False, cmake_force_configure=False, ament_cmake_args=None, catkin_cmake_args=None, catkin_skip_building_tests=False, verb_parser=<colcon_defaults.argument_parser.defaults.DefaultArgumentsDecorator object at 0x7f9ddcfc5a80>, verb_extension=<colcon_core.verb.build.BuildVerb object at 0x7f9ddd136f50>, main=<bound method BuildVerb.main of <colcon_core.verb.build.BuildVerb object at 0x7f9ddd136f50>>)
[0.281s] Level 1:colcon.colcon_core.package_discovery:discover_packages(colcon_meta) check parameters
[0.282s] Level 1:colcon.colcon_core.package_discovery:discover_packages(recursive) check parameters
[0.282s] Level 1:colcon.colcon_core.package_discovery:discover_packages(ignore) check parameters
[0.282s] Level 1:colcon.colcon_core.package_discovery:discover_packages(path) check parameters
[0.282s] Level 1:colcon.colcon_core.package_discovery:discover_packages(colcon_meta) discover
[0.282s] Level 1:colcon.colcon_core.package_discovery:discover_packages(recursive) discover
[0.282s] INFO:colcon.colcon_core.package_discovery:Crawling recursively for packages in '/home/linjiawei/load_mcap'
[0.282s] Level 1:colcon.colcon_core.package_identification:_identify(.) by extensions ['ignore', 'ignore_ament_install']
[0.282s] Level 1:colcon.colcon_core.package_identification:_identify(.) by extension 'ignore'
[0.282s] Level 1:colcon.colcon_core.package_identification:_identify(.) by extension 'ignore_ament_install'
[0.282s] Level 1:colcon.colcon_core.package_identification:_identify(.) by extensions ['colcon_pkg']
[0.282s] Level 1:colcon.colcon_core.package_identification:_identify(.) by extension 'colcon_pkg'
[0.282s] Level 1:colcon.colcon_core.package_identification:_identify(.) by extensions ['colcon_meta']
[0.282s] Level 1:colcon.colcon_core.package_identification:_identify(.) by extension 'colcon_meta'
[0.282s] Level 1:colcon.colcon_core.package_identification:_identify(.) by extensions ['ros']
[0.282s] Level 1:colcon.colcon_core.package_identification:_identify(.) by extension 'ros'
[0.294s] Level 1:colcon.colcon_core.package_identification:_identify(.) by extensions ['cmake', 'python']
[0.294s] Level 1:colcon.colcon_core.package_identification:_identify(.) by extension 'cmake'
[0.294s] Level 1:colcon.colcon_core.package_identification:_identify(.) by extension 'python'
[0.294s] Level 1:colcon.colcon_core.package_identification:_identify(.) by extensions ['python_setup_py']
[0.294s] Level 1:colcon.colcon_core.package_identification:_identify(.) by extension 'python_setup_py'
[0.294s] Level 1:colcon.colcon_core.package_identification:_identify(build) by extensions ['ignore', 'ignore_ament_install']
[0.294s] Level 1:colcon.colcon_core.package_identification:_identify(build) by extension 'ignore'
[0.294s] Level 1:colcon.colcon_core.package_identification:_identify(build) ignored
[0.294s] Level 1:colcon.colcon_core.package_identification:_identify(install) by extensions ['ignore', 'ignore_ament_install']
[0.294s] Level 1:colcon.colcon_core.package_identification:_identify(install) by extension 'ignore'
[0.294s] Level 1:colcon.colcon_core.package_identification:_identify(install) ignored
[0.294s] Level 1:colcon.colcon_core.package_identification:_identify(log) by extensions ['ignore', 'ignore_ament_install']
[0.295s] Level 1:colcon.colcon_core.package_identification:_identify(log) by extension 'ignore'
[0.295s] Level 1:colcon.colcon_core.package_identification:_identify(log) ignored
[0.295s] Level 1:colcon.colcon_core.package_identification:_identify(src) by extensions ['ignore', 'ignore_ament_install']
[0.295s] Level 1:colcon.colcon_core.package_identification:_identify(src) by extension 'ignore'
[0.295s] Level 1:colcon.colcon_core.package_identification:_identify(src) by extension 'ignore_ament_install'
[0.295s] Level 1:colcon.colcon_core.package_identification:_identify(src) by extensions ['colcon_pkg']
[0.295s] Level 1:colcon.colcon_core.package_identification:_identify(src) by extension 'colcon_pkg'
[0.295s] Level 1:colcon.colcon_core.package_identification:_identify(src) by extensions ['colcon_meta']
[0.295s] Level 1:colcon.colcon_core.package_identification:_identify(src) by extension 'colcon_meta'
[0.295s] Level 1:colcon.colcon_core.package_identification:_identify(src) by extensions ['ros']
[0.295s] Level 1:colcon.colcon_core.package_identification:_identify(src) by extension 'ros'
[0.295s] Level 1:colcon.colcon_core.package_identification:_identify(src) by extensions ['cmake', 'python']
[0.295s] Level 1:colcon.colcon_core.package_identification:_identify(src) by extension 'cmake'
[0.295s] Level 1:colcon.colcon_core.package_identification:_identify(src) by extension 'python'
[0.295s] Level 1:colcon.colcon_core.package_identification:_identify(src) by extensions ['python_setup_py']
[0.295s] Level 1:colcon.colcon_core.package_identification:_identify(src) by extension 'python_setup_py'
[0.295s] Level 1:colcon.colcon_core.package_identification:_identify(src/deva_ads_msgs) by extensions ['ignore', 'ignore_ament_install']
[0.295s] Level 1:colcon.colcon_core.package_identification:_identify(src/deva_ads_msgs) by extension 'ignore'
[0.295s] Level 1:colcon.colcon_core.package_identification:_identify(src/deva_ads_msgs) by extension 'ignore_ament_install'
[0.296s] Level 1:colcon.colcon_core.package_identification:_identify(src/deva_ads_msgs) by extensions ['colcon_pkg']
[0.296s] Level 1:colcon.colcon_core.package_identification:_identify(src/deva_ads_msgs) by extension 'colcon_pkg'
[0.296s] Level 1:colcon.colcon_core.package_identification:_identify(src/deva_ads_msgs) by extensions ['colcon_meta']
[0.296s] Level 1:colcon.colcon_core.package_identification:_identify(src/deva_ads_msgs) by extension 'colcon_meta'
[0.296s] Level 1:colcon.colcon_core.package_identification:_identify(src/deva_ads_msgs) by extensions ['ros']
[0.296s] Level 1:colcon.colcon_core.package_identification:_identify(src/deva_ads_msgs) by extension 'ros'
[0.298s] DEBUG:colcon.colcon_core.package_identification:Package 'src/deva_ads_msgs' with type 'ros.ament_cmake' and name 'deva_ads_msgs'
[0.299s] Level 1:colcon.colcon_core.package_identification:_identify(src/deva_aeb_msgs) by extensions ['ignore', 'ignore_ament_install']
[0.299s] Level 1:colcon.colcon_core.package_identification:_identify(src/deva_aeb_msgs) by extension 'ignore'
[0.299s] Level 1:colcon.colcon_core.package_identification:_identify(src/deva_aeb_msgs) by extension 'ignore_ament_install'
[0.299s] Level 1:colcon.colcon_core.package_identification:_identify(src/deva_aeb_msgs) by extensions ['colcon_pkg']
[0.299s] Level 1:colcon.colcon_core.package_identification:_identify(src/deva_aeb_msgs) by extension 'colcon_pkg'
[0.299s] Level 1:colcon.colcon_core.package_identification:_identify(src/deva_aeb_msgs) by extensions ['colcon_meta']
[0.299s] Level 1:colcon.colcon_core.package_identification:_identify(src/deva_aeb_msgs) by extension 'colcon_meta'
[0.299s] Level 1:colcon.colcon_core.package_identification:_identify(src/deva_aeb_msgs) by extensions ['ros']
[0.299s] Level 1:colcon.colcon_core.package_identification:_identify(src/deva_aeb_msgs) by extension 'ros'
[0.300s] DEBUG:colcon.colcon_core.package_identification:Package 'src/deva_aeb_msgs' with type 'ros.ament_cmake' and name 'deva_aeb_msgs'
[0.300s] Level 1:colcon.colcon_core.package_identification:_identify(src/deva_common_msgs) by extensions ['ignore', 'ignore_ament_install']
[0.300s] Level 1:colcon.colcon_core.package_identification:_identify(src/deva_common_msgs) by extension 'ignore'
[0.300s] Level 1:colcon.colcon_core.package_identification:_identify(src/deva_common_msgs) by extension 'ignore_ament_install'
[0.300s] Level 1:colcon.colcon_core.package_identification:_identify(src/deva_common_msgs) by extensions ['colcon_pkg']
[0.300s] Level 1:colcon.colcon_core.package_identification:_identify(src/deva_common_msgs) by extension 'colcon_pkg'
[0.300s] Level 1:colcon.colcon_core.package_identification:_identify(src/deva_common_msgs) by extensions ['colcon_meta']
[0.300s] Level 1:colcon.colcon_core.package_identification:_identify(src/deva_common_msgs) by extension 'colcon_meta'
[0.300s] Level 1:colcon.colcon_core.package_identification:_identify(src/deva_common_msgs) by extensions ['ros']
[0.300s] Level 1:colcon.colcon_core.package_identification:_identify(src/deva_common_msgs) by extension 'ros'
[0.301s] DEBUG:colcon.colcon_core.package_identification:Package 'src/deva_common_msgs' with type 'ros.ament_cmake' and name 'deva_common_msgs'
[0.301s] Level 1:colcon.colcon_core.package_identification:_identify(src/deva_control_msgs) by extensions ['ignore', 'ignore_ament_install']
[0.301s] Level 1:colcon.colcon_core.package_identification:_identify(src/deva_control_msgs) by extension 'ignore'
[0.301s] Level 1:colcon.colcon_core.package_identification:_identify(src/deva_control_msgs) by extension 'ignore_ament_install'
[0.301s] Level 1:colcon.colcon_core.package_identification:_identify(src/deva_control_msgs) by extensions ['colcon_pkg']
[0.301s] Level 1:colcon.colcon_core.package_identification:_identify(src/deva_control_msgs) by extension 'colcon_pkg'
[0.301s] Level 1:colcon.colcon_core.package_identification:_identify(src/deva_control_msgs) by extensions ['colcon_meta']
[0.302s] Level 1:colcon.colcon_core.package_identification:_identify(src/deva_control_msgs) by extension 'colcon_meta'
[0.302s] Level 1:colcon.colcon_core.package_identification:_identify(src/deva_control_msgs) by extensions ['ros']
[0.302s] Level 1:colcon.colcon_core.package_identification:_identify(src/deva_control_msgs) by extension 'ros'
[0.302s] DEBUG:colcon.colcon_core.package_identification:Package 'src/deva_control_msgs' with type 'ros.ament_cmake' and name 'deva_control_msgs'
[0.303s] Level 1:colcon.colcon_core.package_identification:_identify(src/deva_function_msgs) by extensions ['ignore', 'ignore_ament_install']
[0.303s] Level 1:colcon.colcon_core.package_identification:_identify(src/deva_function_msgs) by extension 'ignore'
[0.303s] Level 1:colcon.colcon_core.package_identification:_identify(src/deva_function_msgs) by extension 'ignore_ament_install'
[0.303s] Level 1:colcon.colcon_core.package_identification:_identify(src/deva_function_msgs) by extensions ['colcon_pkg']
[0.303s] Level 1:colcon.colcon_core.package_identification:_identify(src/deva_function_msgs) by extension 'colcon_pkg'
[0.303s] Level 1:colcon.colcon_core.package_identification:_identify(src/deva_function_msgs) by extensions ['colcon_meta']
[0.303s] Level 1:colcon.colcon_core.package_identification:_identify(src/deva_function_msgs) by extension 'colcon_meta'
[0.303s] Level 1:colcon.colcon_core.package_identification:_identify(src/deva_function_msgs) by extensions ['ros']
[0.303s] Level 1:colcon.colcon_core.package_identification:_identify(src/deva_function_msgs) by extension 'ros'
[0.304s] DEBUG:colcon.colcon_core.package_identification:Package 'src/deva_function_msgs' with type 'ros.ament_cmake' and name 'deva_function_msgs'
[0.304s] Level 1:colcon.colcon_core.package_identification:_identify(src/deva_gaode_routing_msgs) by extensions ['ignore', 'ignore_ament_install']
[0.304s] Level 1:colcon.colcon_core.package_identification:_identify(src/deva_gaode_routing_msgs) by extension 'ignore'
[0.304s] Level 1:colcon.colcon_core.package_identification:_identify(src/deva_gaode_routing_msgs) by extension 'ignore_ament_install'
[0.304s] Level 1:colcon.colcon_core.package_identification:_identify(src/deva_gaode_routing_msgs) by extensions ['colcon_pkg']
[0.304s] Level 1:colcon.colcon_core.package_identification:_identify(src/deva_gaode_routing_msgs) by extension 'colcon_pkg'
[0.304s] Level 1:colcon.colcon_core.package_identification:_identify(src/deva_gaode_routing_msgs) by extensions ['colcon_meta']
[0.304s] Level 1:colcon.colcon_core.package_identification:_identify(src/deva_gaode_routing_msgs) by extension 'colcon_meta'
[0.304s] Level 1:colcon.colcon_core.package_identification:_identify(src/deva_gaode_routing_msgs) by extensions ['ros']
[0.304s] Level 1:colcon.colcon_core.package_identification:_identify(src/deva_gaode_routing_msgs) by extension 'ros'
[0.305s] DEBUG:colcon.colcon_core.package_identification:Package 'src/deva_gaode_routing_msgs' with type 'ros.ament_cmake' and name 'deva_gaode_routing_msgs'
[0.305s] Level 1:colcon.colcon_core.package_identification:_identify(src/deva_localization_msgs) by extensions ['ignore', 'ignore_ament_install']
[0.305s] Level 1:colcon.colcon_core.package_identification:_identify(src/deva_localization_msgs) by extension 'ignore'
[0.305s] Level 1:colcon.colcon_core.package_identification:_identify(src/deva_localization_msgs) by extension 'ignore_ament_install'
[0.305s] Level 1:colcon.colcon_core.package_identification:_identify(src/deva_localization_msgs) by extensions ['colcon_pkg']
[0.305s] Level 1:colcon.colcon_core.package_identification:_identify(src/deva_localization_msgs) by extension 'colcon_pkg'
[0.305s] Level 1:colcon.colcon_core.package_identification:_identify(src/deva_localization_msgs) by extensions ['colcon_meta']
[0.305s] Level 1:colcon.colcon_core.package_identification:_identify(src/deva_localization_msgs) by extension 'colcon_meta'
[0.305s] Level 1:colcon.colcon_core.package_identification:_identify(src/deva_localization_msgs) by extensions ['ros']
[0.305s] Level 1:colcon.colcon_core.package_identification:_identify(src/deva_localization_msgs) by extension 'ros'
[0.306s] DEBUG:colcon.colcon_core.package_identification:Package 'src/deva_localization_msgs' with type 'ros.ament_cmake' and name 'deva_localization_msgs'
[0.306s] Level 1:colcon.colcon_core.package_identification:_identify(src/deva_map_msgs) by extensions ['ignore', 'ignore_ament_install']
[0.306s] Level 1:colcon.colcon_core.package_identification:_identify(src/deva_map_msgs) by extension 'ignore'
[0.306s] Level 1:colcon.colcon_core.package_identification:_identify(src/deva_map_msgs) by extension 'ignore_ament_install'
[0.306s] Level 1:colcon.colcon_core.package_identification:_identify(src/deva_map_msgs) by extensions ['colcon_pkg']
[0.306s] Level 1:colcon.colcon_core.package_identification:_identify(src/deva_map_msgs) by extension 'colcon_pkg'
[0.306s] Level 1:colcon.colcon_core.package_identification:_identify(src/deva_map_msgs) by extensions ['colcon_meta']
[0.306s] Level 1:colcon.colcon_core.package_identification:_identify(src/deva_map_msgs) by extension 'colcon_meta'
[0.306s] Level 1:colcon.colcon_core.package_identification:_identify(src/deva_map_msgs) by extensions ['ros']
[0.307s] Level 1:colcon.colcon_core.package_identification:_identify(src/deva_map_msgs) by extension 'ros'
[0.307s] DEBUG:colcon.colcon_core.package_identification:Package 'src/deva_map_msgs' with type 'ros.ament_cmake' and name 'deva_map_msgs'
[0.308s] Level 1:colcon.colcon_core.package_identification:_identify(src/deva_mdriver_msgs) by extensions ['ignore', 'ignore_ament_install']
[0.308s] Level 1:colcon.colcon_core.package_identification:_identify(src/deva_mdriver_msgs) by extension 'ignore'
[0.308s] Level 1:colcon.colcon_core.package_identification:_identify(src/deva_mdriver_msgs) by extension 'ignore_ament_install'
[0.308s] Level 1:colcon.colcon_core.package_identification:_identify(src/deva_mdriver_msgs) by extensions ['colcon_pkg']
[0.308s] Level 1:colcon.colcon_core.package_identification:_identify(src/deva_mdriver_msgs) by extension 'colcon_pkg'
[0.308s] Level 1:colcon.colcon_core.package_identification:_identify(src/deva_mdriver_msgs) by extensions ['colcon_meta']
[0.308s] Level 1:colcon.colcon_core.package_identification:_identify(src/deva_mdriver_msgs) by extension 'colcon_meta'
[0.308s] Level 1:colcon.colcon_core.package_identification:_identify(src/deva_mdriver_msgs) by extensions ['ros']
[0.308s] Level 1:colcon.colcon_core.package_identification:_identify(src/deva_mdriver_msgs) by extension 'ros'
[0.309s] DEBUG:colcon.colcon_core.package_identification:Package 'src/deva_mdriver_msgs' with type 'ros.ament_cmake' and name 'deva_mdriver_msgs'
[0.309s] Level 1:colcon.colcon_core.package_identification:_identify(src/deva_navi_msgs) by extensions ['ignore', 'ignore_ament_install']
[0.309s] Level 1:colcon.colcon_core.package_identification:_identify(src/deva_navi_msgs) by extension 'ignore'
[0.309s] Level 1:colcon.colcon_core.package_identification:_identify(src/deva_navi_msgs) by extension 'ignore_ament_install'
[0.309s] Level 1:colcon.colcon_core.package_identification:_identify(src/deva_navi_msgs) by extensions ['colcon_pkg']
[0.309s] Level 1:colcon.colcon_core.package_identification:_identify(src/deva_navi_msgs) by extension 'colcon_pkg'
[0.309s] Level 1:colcon.colcon_core.package_identification:_identify(src/deva_navi_msgs) by extensions ['colcon_meta']
[0.309s] Level 1:colcon.colcon_core.package_identification:_identify(src/deva_navi_msgs) by extension 'colcon_meta'
[0.309s] Level 1:colcon.colcon_core.package_identification:_identify(src/deva_navi_msgs) by extensions ['ros']
[0.309s] Level 1:colcon.colcon_core.package_identification:_identify(src/deva_navi_msgs) by extension 'ros'
[0.310s] DEBUG:colcon.colcon_core.package_identification:Package 'src/deva_navi_msgs' with type 'ros.ament_cmake' and name 'deva_navi_msgs'
[0.310s] Level 1:colcon.colcon_core.package_identification:_identify(src/deva_perception_msgs) by extensions ['ignore', 'ignore_ament_install']
[0.310s] Level 1:colcon.colcon_core.package_identification:_identify(src/deva_perception_msgs) by extension 'ignore'
[0.310s] Level 1:colcon.colcon_core.package_identification:_identify(src/deva_perception_msgs) by extension 'ignore_ament_install'
[0.310s] Level 1:colcon.colcon_core.package_identification:_identify(src/deva_perception_msgs) by extensions ['colcon_pkg']
[0.310s] Level 1:colcon.colcon_core.package_identification:_identify(src/deva_perception_msgs) by extension 'colcon_pkg'
[0.310s] Level 1:colcon.colcon_core.package_identification:_identify(src/deva_perception_msgs) by extensions ['colcon_meta']
[0.310s] Level 1:colcon.colcon_core.package_identification:_identify(src/deva_perception_msgs) by extension 'colcon_meta'
[0.310s] Level 1:colcon.colcon_core.package_identification:_identify(src/deva_perception_msgs) by extensions ['ros']
[0.310s] Level 1:colcon.colcon_core.package_identification:_identify(src/deva_perception_msgs) by extension 'ros'
[0.312s] DEBUG:colcon.colcon_core.package_identification:Package 'src/deva_perception_msgs' with type 'ros.ament_cmake' and name 'deva_perception_msgs'
[0.312s] Level 1:colcon.colcon_core.package_identification:_identify(src/deva_planning_msgs) by extensions ['ignore', 'ignore_ament_install']
[0.312s] Level 1:colcon.colcon_core.package_identification:_identify(src/deva_planning_msgs) by extension 'ignore'
[0.312s] Level 1:colcon.colcon_core.package_identification:_identify(src/deva_planning_msgs) by extension 'ignore_ament_install'
[0.312s] Level 1:colcon.colcon_core.package_identification:_identify(src/deva_planning_msgs) by extensions ['colcon_pkg']
[0.312s] Level 1:colcon.colcon_core.package_identification:_identify(src/deva_planning_msgs) by extension 'colcon_pkg'
[0.312s] Level 1:colcon.colcon_core.package_identification:_identify(src/deva_planning_msgs) by extensions ['colcon_meta']
[0.312s] Level 1:colcon.colcon_core.package_identification:_identify(src/deva_planning_msgs) by extension 'colcon_meta'
[0.312s] Level 1:colcon.colcon_core.package_identification:_identify(src/deva_planning_msgs) by extensions ['ros']
[0.312s] Level 1:colcon.colcon_core.package_identification:_identify(src/deva_planning_msgs) by extension 'ros'
[0.314s] DEBUG:colcon.colcon_core.package_identification:Package 'src/deva_planning_msgs' with type 'ros.ament_cmake' and name 'deva_planning_msgs'
[0.314s] Level 1:colcon.colcon_core.package_identification:_identify(src/deva_planning_msgs2) by extensions ['ignore', 'ignore_ament_install']
[0.314s] Level 1:colcon.colcon_core.package_identification:_identify(src/deva_planning_msgs2) by extension 'ignore'
[0.314s] Level 1:colcon.colcon_core.package_identification:_identify(src/deva_planning_msgs2) by extension 'ignore_ament_install'
[0.314s] Level 1:colcon.colcon_core.package_identification:_identify(src/deva_planning_msgs2) by extensions ['colcon_pkg']
[0.314s] Level 1:colcon.colcon_core.package_identification:_identify(src/deva_planning_msgs2) by extension 'colcon_pkg'
[0.314s] Level 1:colcon.colcon_core.package_identification:_identify(src/deva_planning_msgs2) by extensions ['colcon_meta']
[0.314s] Level 1:colcon.colcon_core.package_identification:_identify(src/deva_planning_msgs2) by extension 'colcon_meta'
[0.314s] Level 1:colcon.colcon_core.package_identification:_identify(src/deva_planning_msgs2) by extensions ['ros']
[0.314s] Level 1:colcon.colcon_core.package_identification:_identify(src/deva_planning_msgs2) by extension 'ros'
[0.316s] DEBUG:colcon.colcon_core.package_identification:Package 'src/deva_planning_msgs2' with type 'ros.ament_cmake' and name 'deva_planning_msgs2'
[0.316s] Level 1:colcon.colcon_core.package_identification:_identify(src/environment_model_msgs) by extensions ['ignore', 'ignore_ament_install']
[0.316s] Level 1:colcon.colcon_core.package_identification:_identify(src/environment_model_msgs) by extension 'ignore'
[0.316s] Level 1:colcon.colcon_core.package_identification:_identify(src/environment_model_msgs) by extension 'ignore_ament_install'
[0.316s] Level 1:colcon.colcon_core.package_identification:_identify(src/environment_model_msgs) by extensions ['colcon_pkg']
[0.316s] Level 1:colcon.colcon_core.package_identification:_identify(src/environment_model_msgs) by extension 'colcon_pkg'
[0.317s] Level 1:colcon.colcon_core.package_identification:_identify(src/environment_model_msgs) by extensions ['colcon_meta']
[0.317s] Level 1:colcon.colcon_core.package_identification:_identify(src/environment_model_msgs) by extension 'colcon_meta'
[0.317s] Level 1:colcon.colcon_core.package_identification:_identify(src/environment_model_msgs) by extensions ['ros']
[0.317s] Level 1:colcon.colcon_core.package_identification:_identify(src/environment_model_msgs) by extension 'ros'
[0.318s] DEBUG:colcon.colcon_core.package_identification:Package 'src/environment_model_msgs' with type 'ros.ament_cmake' and name 'environment_model_msgs'
[0.318s] Level 1:colcon.colcon_core.package_identification:_identify(src/fault_diagnosis) by extensions ['ignore', 'ignore_ament_install']
[0.318s] Level 1:colcon.colcon_core.package_identification:_identify(src/fault_diagnosis) by extension 'ignore'
[0.318s] Level 1:colcon.colcon_core.package_identification:_identify(src/fault_diagnosis) by extension 'ignore_ament_install'
[0.318s] Level 1:colcon.colcon_core.package_identification:_identify(src/fault_diagnosis) by extensions ['colcon_pkg']
[0.318s] Level 1:colcon.colcon_core.package_identification:_identify(src/fault_diagnosis) by extension 'colcon_pkg'
[0.318s] Level 1:colcon.colcon_core.package_identification:_identify(src/fault_diagnosis) by extensions ['colcon_meta']
[0.318s] Level 1:colcon.colcon_core.package_identification:_identify(src/fault_diagnosis) by extension 'colcon_meta'
[0.319s] Level 1:colcon.colcon_core.package_identification:_identify(src/fault_diagnosis) by extensions ['ros']
[0.319s] Level 1:colcon.colcon_core.package_identification:_identify(src/fault_diagnosis) by extension 'ros'
[0.320s] DEBUG:colcon.colcon_core.package_identification:Package 'src/fault_diagnosis' with type 'ros.ament_cmake' and name 'fault_diagnosis'
[0.320s] Level 1:colcon.colcon_core.package_identification:_identify(src/mcap_streamer) by extensions ['ignore', 'ignore_ament_install']
[0.320s] Level 1:colcon.colcon_core.package_identification:_identify(src/mcap_streamer) by extension 'ignore'
[0.320s] Level 1:colcon.colcon_core.package_identification:_identify(src/mcap_streamer) by extension 'ignore_ament_install'
[0.320s] Level 1:colcon.colcon_core.package_identification:_identify(src/mcap_streamer) by extensions ['colcon_pkg']
[0.320s] Level 1:colcon.colcon_core.package_identification:_identify(src/mcap_streamer) by extension 'colcon_pkg'
[0.320s] Level 1:colcon.colcon_core.package_identification:_identify(src/mcap_streamer) by extensions ['colcon_meta']
[0.320s] Level 1:colcon.colcon_core.package_identification:_identify(src/mcap_streamer) by extension 'colcon_meta'
[0.320s] Level 1:colcon.colcon_core.package_identification:_identify(src/mcap_streamer) by extensions ['ros']
[0.320s] Level 1:colcon.colcon_core.package_identification:_identify(src/mcap_streamer) by extension 'ros'
[0.322s] DEBUG:colcon.colcon_core.package_identification:Package 'src/mcap_streamer' with type 'ros.ament_cmake' and name 'mcap_streamer'
[0.322s] Level 1:colcon.colcon_core.package_identification:_identify(src/rviz_plug_msg) by extensions ['ignore', 'ignore_ament_install']
[0.322s] Level 1:colcon.colcon_core.package_identification:_identify(src/rviz_plug_msg) by extension 'ignore'
[0.322s] Level 1:colcon.colcon_core.package_identification:_identify(src/rviz_plug_msg) by extension 'ignore_ament_install'
[0.323s] Level 1:colcon.colcon_core.package_identification:_identify(src/rviz_plug_msg) by extensions ['colcon_pkg']
[0.323s] Level 1:colcon.colcon_core.package_identification:_identify(src/rviz_plug_msg) by extension 'colcon_pkg'
[0.323s] Level 1:colcon.colcon_core.package_identification:_identify(src/rviz_plug_msg) by extensions ['colcon_meta']
[0.323s] Level 1:colcon.colcon_core.package_identification:_identify(src/rviz_plug_msg) by extension 'colcon_meta'
[0.323s] Level 1:colcon.colcon_core.package_identification:_identify(src/rviz_plug_msg) by extensions ['ros']
[0.323s] Level 1:colcon.colcon_core.package_identification:_identify(src/rviz_plug_msg) by extension 'ros'
[0.324s] DEBUG:colcon.colcon_core.package_identification:Package 'src/rviz_plug_msg' with type 'ros.ament_cmake' and name 'rviz_plug_msg'
[0.324s] Level 1:colcon.colcon_core.package_identification:_identify(src/serialize_msgs) by extensions ['ignore', 'ignore_ament_install']
[0.324s] Level 1:colcon.colcon_core.package_identification:_identify(src/serialize_msgs) by extension 'ignore'
[0.324s] Level 1:colcon.colcon_core.package_identification:_identify(src/serialize_msgs) by extension 'ignore_ament_install'
[0.324s] Level 1:colcon.colcon_core.package_identification:_identify(src/serialize_msgs) by extensions ['colcon_pkg']
[0.324s] Level 1:colcon.colcon_core.package_identification:_identify(src/serialize_msgs) by extension 'colcon_pkg'
[0.325s] Level 1:colcon.colcon_core.package_identification:_identify(src/serialize_msgs) by extensions ['colcon_meta']
[0.325s] Level 1:colcon.colcon_core.package_identification:_identify(src/serialize_msgs) by extension 'colcon_meta'
[0.325s] Level 1:colcon.colcon_core.package_identification:_identify(src/serialize_msgs) by extensions ['ros']
[0.325s] Level 1:colcon.colcon_core.package_identification:_identify(src/serialize_msgs) by extension 'ros'
[0.326s] DEBUG:colcon.colcon_core.package_identification:Package 'src/serialize_msgs' with type 'ros.ament_cmake' and name 'serialize_msgs'
[0.326s] Level 1:colcon.colcon_core.package_discovery:discover_packages(recursive) using defaults
[0.326s] Level 1:colcon.colcon_core.package_discovery:discover_packages(ignore) discover
[0.326s] Level 1:colcon.colcon_core.package_discovery:discover_packages(ignore) using defaults
[0.326s] Level 1:colcon.colcon_core.package_discovery:discover_packages(path) discover
[0.326s] Level 1:colcon.colcon_core.package_discovery:discover_packages(path) using defaults
[0.368s] INFO:colcon.colcon_core.package_selection:Skipping not selected package 'deva_ads_msgs' in 'src/deva_ads_msgs'
[0.368s] INFO:colcon.colcon_core.package_selection:Skipping not selected package 'deva_common_msgs' in 'src/deva_common_msgs'
[0.368s] INFO:colcon.colcon_core.package_selection:Skipping not selected package 'deva_navi_msgs' in 'src/deva_navi_msgs'
[0.368s] INFO:colcon.colcon_core.package_selection:Skipping not selected package 'rviz_plug_msg' in 'src/rviz_plug_msg'
[0.368s] INFO:colcon.colcon_core.package_selection:Skipping not selected package 'serialize_msgs' in 'src/serialize_msgs'
[0.368s] INFO:colcon.colcon_core.package_selection:Skipping not selected package 'deva_aeb_msgs' in 'src/deva_aeb_msgs'
[0.368s] INFO:colcon.colcon_core.package_selection:Skipping not selected package 'deva_function_msgs' in 'src/deva_function_msgs'
[0.368s] INFO:colcon.colcon_core.package_selection:Skipping not selected package 'deva_gaode_routing_msgs' in 'src/deva_gaode_routing_msgs'
[0.368s] INFO:colcon.colcon_core.package_selection:Skipping not selected package 'deva_localization_msgs' in 'src/deva_localization_msgs'
[0.369s] INFO:colcon.colcon_core.package_selection:Skipping not selected package 'fault_diagnosis' in 'src/fault_diagnosis'
[0.369s] INFO:colcon.colcon_core.package_selection:Skipping not selected package 'deva_perception_msgs' in 'src/deva_perception_msgs'
[0.369s] INFO:colcon.colcon_core.package_selection:Skipping not selected package 'environment_model_msgs' in 'src/environment_model_msgs'
[0.369s] INFO:colcon.colcon_core.package_selection:Skipping not selected package 'deva_map_msgs' in 'src/deva_map_msgs'
[0.369s] INFO:colcon.colcon_core.package_selection:Skipping not selected package 'deva_planning_msgs' in 'src/deva_planning_msgs'
[0.369s] INFO:colcon.colcon_core.package_selection:Skipping not selected package 'deva_planning_msgs2' in 'src/deva_planning_msgs2'
[0.369s] INFO:colcon.colcon_core.package_selection:Skipping not selected package 'deva_control_msgs' in 'src/deva_control_msgs'
[0.369s] INFO:colcon.colcon_core.package_selection:Skipping not selected package 'deva_mdriver_msgs' in 'src/deva_mdriver_msgs'
[0.369s] Level 1:colcon.colcon_core.package_discovery:discover_packages(prefix_path) check parameters
[0.369s] Level 1:colcon.colcon_core.package_discovery:discover_packages(prefix_path) discover
[0.371s] DEBUG:colcon.colcon_installed_package_information.package_discovery:Found 274 installed packages in /opt/ros/humble
[0.373s] Level 1:colcon.colcon_core.package_discovery:discover_packages(prefix_path) using defaults
[0.410s] Level 5:colcon.colcon_core.verb:set package 'mcap_streamer' build argument 'cmake_args' from command line to 'None'
[0.410s] Level 5:colcon.colcon_core.verb:set package 'mcap_streamer' build argument 'cmake_target' from command line to 'None'
[0.410s] Level 5:colcon.colcon_core.verb:set package 'mcap_streamer' build argument 'cmake_target_skip_unavailable' from command line to 'False'
[0.410s] Level 5:colcon.colcon_core.verb:set package 'mcap_streamer' build argument 'cmake_clean_cache' from command line to 'False'
[0.410s] Level 5:colcon.colcon_core.verb:set package 'mcap_streamer' build argument 'cmake_clean_first' from command line to 'False'
[0.410s] Level 5:colcon.colcon_core.verb:set package 'mcap_streamer' build argument 'cmake_force_configure' from command line to 'False'
[0.410s] Level 5:colcon.colcon_core.verb:set package 'mcap_streamer' build argument 'ament_cmake_args' from command line to 'None'
[0.410s] Level 5:colcon.colcon_core.verb:set package 'mcap_streamer' build argument 'catkin_cmake_args' from command line to 'None'
[0.410s] Level 5:colcon.colcon_core.verb:set package 'mcap_streamer' build argument 'catkin_skip_building_tests' from command line to 'False'
[0.410s] DEBUG:colcon.colcon_core.verb:Building package 'mcap_streamer' with the following arguments: {'ament_cmake_args': None, 'build_base': '/home/linjiawei/load_mcap/build/mcap_streamer', 'catkin_cmake_args': None, 'catkin_skip_building_tests': False, 'cmake_args': None, 'cmake_clean_cache': False, 'cmake_clean_first': False, 'cmake_force_configure': False, 'cmake_target': None, 'cmake_target_skip_unavailable': False, 'install_base': '/home/linjiawei/load_mcap/install/mcap_streamer', 'merge_install': False, 'path': '/home/linjiawei/load_mcap/src/mcap_streamer', 'symlink_install': False, 'test_result_base': None}
[0.410s] INFO:colcon.colcon_core.executor:Executing jobs using 'parallel' executor
[0.412s] DEBUG:colcon.colcon_parallel_executor.executor.parallel:run_until_complete
[0.412s] INFO:colcon.colcon_ros.task.ament_cmake.build:Building ROS package in '/home/linjiawei/load_mcap/src/mcap_streamer' with build type 'ament_cmake'
[0.412s] INFO:colcon.colcon_cmake.task.cmake.build:Building CMake package in '/home/linjiawei/load_mcap/src/mcap_streamer'
[0.414s] INFO:colcon.colcon_core.plugin_system:Skipping extension 'colcon_core.shell.bat': Not used on non-Windows systems
[0.415s] INFO:colcon.colcon_core.shell:Skip shell extension 'powershell' for command environment: Not usable outside of PowerShell
[0.415s] DEBUG:colcon.colcon_core.shell:Skip shell extension 'dsv' for command environment
[0.422s] DEBUG:colcon.colcon_core.event_handler.log_command:Invoking command in '/home/linjiawei/load_mcap/build/mcap_streamer': CMAKE_PREFIX_PATH=/opt/ros/humble /usr/bin/cmake --build /home/linjiawei/load_mcap/build/mcap_streamer -- -j17 -l17
[14.110s] DEBUG:colcon.colcon_core.event_handler.log_command:Invoked command in '/home/linjiawei/load_mcap/build/mcap_streamer' returned '0': CMAKE_PREFIX_PATH=/opt/ros/humble /usr/bin/cmake --build /home/linjiawei/load_mcap/build/mcap_streamer -- -j17 -l17
[14.119s] DEBUG:colcon.colcon_core.event_handler.log_command:Invoking command in '/home/linjiawei/load_mcap/build/mcap_streamer': CMAKE_PREFIX_PATH=/opt/ros/humble /usr/bin/cmake --install /home/linjiawei/load_mcap/build/mcap_streamer
[14.133s] Level 1:colcon.colcon_core.environment:create_environment_scripts_only(mcap_streamer)
[14.133s] DEBUG:colcon.colcon_core.event_handler.log_command:Invoked command in '/home/linjiawei/load_mcap/build/mcap_streamer' returned '0': CMAKE_PREFIX_PATH=/opt/ros/humble /usr/bin/cmake --install /home/linjiawei/load_mcap/build/mcap_streamer
[14.135s] Level 1:colcon.colcon_core.environment:checking '/home/linjiawei/load_mcap/install/mcap_streamer' for CMake module files
[14.136s] Level 1:colcon.colcon_core.environment:checking '/home/linjiawei/load_mcap/install/mcap_streamer' for CMake config files
[14.136s] Level 1:colcon.colcon_core.shell:create_environment_hook('mcap_streamer', 'cmake_prefix_path')
[14.136s] INFO:colcon.colcon_core.shell:Creating environment hook '/home/linjiawei/load_mcap/install/mcap_streamer/share/mcap_streamer/hook/cmake_prefix_path.ps1'
[14.137s] INFO:colcon.colcon_core.shell:Creating environment descriptor '/home/linjiawei/load_mcap/install/mcap_streamer/share/mcap_streamer/hook/cmake_prefix_path.dsv'
[14.138s] INFO:colcon.colcon_core.shell:Creating environment hook '/home/linjiawei/load_mcap/install/mcap_streamer/share/mcap_streamer/hook/cmake_prefix_path.sh'
[14.138s] Level 1:colcon.colcon_core.environment:checking '/home/linjiawei/load_mcap/install/mcap_streamer/lib'
[14.139s] Level 1:colcon.colcon_core.environment:checking '/home/linjiawei/load_mcap/install/mcap_streamer/bin'
[14.139s] Level 1:colcon.colcon_core.environment:checking '/home/linjiawei/load_mcap/install/mcap_streamer/lib/pkgconfig/mcap_streamer.pc'
[14.139s] Level 1:colcon.colcon_core.environment:checking '/home/linjiawei/load_mcap/install/mcap_streamer/lib/python3.10/site-packages'
[14.139s] Level 1:colcon.colcon_core.environment:checking '/home/linjiawei/load_mcap/install/mcap_streamer/bin'
[14.140s] INFO:colcon.colcon_core.shell:Creating package script '/home/linjiawei/load_mcap/install/mcap_streamer/share/mcap_streamer/package.ps1'
[14.141s] INFO:colcon.colcon_core.shell:Creating package descriptor '/home/linjiawei/load_mcap/install/mcap_streamer/share/mcap_streamer/package.dsv'
[14.142s] INFO:colcon.colcon_core.shell:Creating package script '/home/linjiawei/load_mcap/install/mcap_streamer/share/mcap_streamer/package.sh'
[14.143s] INFO:colcon.colcon_core.shell:Creating package script '/home/linjiawei/load_mcap/install/mcap_streamer/share/mcap_streamer/package.bash'
[14.144s] INFO:colcon.colcon_core.shell:Creating package script '/home/linjiawei/load_mcap/install/mcap_streamer/share/mcap_streamer/package.zsh'
[14.144s] Level 1:colcon.colcon_core.environment:create_file_with_runtime_dependencies(/home/linjiawei/load_mcap/install/mcap_streamer/share/colcon-core/packages/mcap_streamer)
[14.145s] Level 1:colcon.colcon_core.environment:create_environment_scripts_only(mcap_streamer)
[14.145s] Level 1:colcon.colcon_core.environment:checking '/home/linjiawei/load_mcap/install/mcap_streamer' for CMake module files
[14.146s] Level 1:colcon.colcon_core.environment:checking '/home/linjiawei/load_mcap/install/mcap_streamer' for CMake config files
[14.146s] Level 1:colcon.colcon_core.shell:create_environment_hook('mcap_streamer', 'cmake_prefix_path')
[14.146s] INFO:colcon.colcon_core.shell:Creating environment hook '/home/linjiawei/load_mcap/install/mcap_streamer/share/mcap_streamer/hook/cmake_prefix_path.ps1'
[14.158s] INFO:colcon.colcon_core.shell:Creating environment descriptor '/home/linjiawei/load_mcap/install/mcap_streamer/share/mcap_streamer/hook/cmake_prefix_path.dsv'
[14.159s] INFO:colcon.colcon_core.shell:Creating environment hook '/home/linjiawei/load_mcap/install/mcap_streamer/share/mcap_streamer/hook/cmake_prefix_path.sh'
[14.159s] Level 1:colcon.colcon_core.environment:checking '/home/linjiawei/load_mcap/install/mcap_streamer/lib'
[14.159s] Level 1:colcon.colcon_core.environment:checking '/home/linjiawei/load_mcap/install/mcap_streamer/bin'
[14.159s] Level 1:colcon.colcon_core.environment:checking '/home/linjiawei/load_mcap/install/mcap_streamer/lib/pkgconfig/mcap_streamer.pc'
[14.160s] Level 1:colcon.colcon_core.environment:checking '/home/linjiawei/load_mcap/install/mcap_streamer/lib/python3.10/site-packages'
[14.160s] Level 1:colcon.colcon_core.environment:checking '/home/linjiawei/load_mcap/install/mcap_streamer/bin'
[14.160s] INFO:colcon.colcon_core.shell:Creating package script '/home/linjiawei/load_mcap/install/mcap_streamer/share/mcap_streamer/package.ps1'
[14.161s] INFO:colcon.colcon_core.shell:Creating package descriptor '/home/linjiawei/load_mcap/install/mcap_streamer/share/mcap_streamer/package.dsv'
[14.214s] INFO:colcon.colcon_core.shell:Creating package script '/home/linjiawei/load_mcap/install/mcap_streamer/share/mcap_streamer/package.sh'
[14.269s] INFO:colcon.colcon_core.shell:Creating package script '/home/linjiawei/load_mcap/install/mcap_streamer/share/mcap_streamer/package.bash'
[14.270s] INFO:colcon.colcon_core.shell:Creating package script '/home/linjiawei/load_mcap/install/mcap_streamer/share/mcap_streamer/package.zsh'
[14.270s] Level 1:colcon.colcon_core.environment:create_file_with_runtime_dependencies(/home/linjiawei/load_mcap/install/mcap_streamer/share/colcon-core/packages/mcap_streamer)
[14.271s] DEBUG:colcon.colcon_parallel_executor.executor.parallel:closing loop
[14.271s] DEBUG:colcon.colcon_parallel_executor.executor.parallel:loop closed
[14.271s] DEBUG:colcon.colcon_parallel_executor.executor.parallel:run_until_complete finished with '0'
[14.271s] DEBUG:colcon.colcon_core.event_reactor:joining thread
[14.277s] INFO:colcon.colcon_core.plugin_system:Skipping extension 'colcon_notification.desktop_notification.notify_send': Could not find 'notify-send'
[14.277s] INFO:colcon.colcon_core.plugin_system:Skipping extension 'colcon_notification.desktop_notification.terminal_notifier': Not used on non-Darwin systems
[14.277s] INFO:colcon.colcon_core.plugin_system:Skipping extension 'colcon_notification.desktop_notification.win32': Not used on non-Windows systems
[14.277s] INFO:colcon.colcon_notification.desktop_notification:Sending desktop notification using 'notify2'
[14.279s] DEBUG:colcon.colcon_notification.desktop_notification.notify2:Failed to initialize notify2: org.freedesktop.DBus.Error.Spawn.ExecFailed: /usr/bin/dbus-launch terminated abnormally without any error message
[14.280s] DEBUG:colcon.colcon_core.event_reactor:joined thread
[14.280s] INFO:colcon.colcon_core.shell:Creating prefix script '/home/linjiawei/load_mcap/install/local_setup.ps1'
[14.281s] INFO:colcon.colcon_core.shell:Creating prefix util module '/home/linjiawei/load_mcap/install/_local_setup_util_ps1.py'
[14.283s] INFO:colcon.colcon_core.shell:Creating prefix chain script '/home/linjiawei/load_mcap/install/setup.ps1'
[14.284s] INFO:colcon.colcon_core.shell:Creating prefix script '/home/linjiawei/load_mcap/install/local_setup.sh'
[14.285s] INFO:colcon.colcon_core.shell:Creating prefix util module '/home/linjiawei/load_mcap/install/_local_setup_util_sh.py'
[14.285s] INFO:colcon.colcon_core.shell:Creating prefix chain script '/home/linjiawei/load_mcap/install/setup.sh'
[14.286s] INFO:colcon.colcon_core.shell:Creating prefix script '/home/linjiawei/load_mcap/install/local_setup.bash'
[14.287s] INFO:colcon.colcon_core.shell:Creating prefix chain script '/home/linjiawei/load_mcap/install/setup.bash'
[14.288s] INFO:colcon.colcon_core.shell:Creating prefix script '/home/linjiawei/load_mcap/install/local_setup.zsh'
[14.288s] INFO:colcon.colcon_core.shell:Creating prefix chain script '/home/linjiawei/load_mcap/install/setup.zsh'
