[0.000000] (-) TimerEvent: {}
[0.000273] (-) JobUnselected: {'identifier': 'deva_ads_msgs'}
[0.000552] (-) JobUnselected: {'identifier': 'deva_aeb_msgs'}
[0.000577] (-) JobUnselected: {'identifier': 'deva_common_msgs'}
[0.000598] (-) JobUnselected: {'identifier': 'deva_control_msgs'}
[0.000618] (-) JobUnselected: {'identifier': 'deva_function_msgs'}
[0.000637] (-) JobUnselected: {'identifier': 'deva_gaode_routing_msgs'}
[0.000656] (-) JobUnselected: {'identifier': 'deva_localization_msgs'}
[0.000675] (-) JobUnselected: {'identifier': 'deva_map_msgs'}
[0.000694] (-) JobUnselected: {'identifier': 'deva_mdriver_msgs'}
[0.000719] (-) JobUnselected: {'identifier': 'deva_navi_msgs'}
[0.000738] (-) JobUnselected: {'identifier': 'deva_perception_msgs'}
[0.000757] (-) JobUnselected: {'identifier': 'deva_planning_msgs'}
[0.000776] (-) JobUnselected: {'identifier': 'deva_planning_msgs2'}
[0.000794] (-) JobUnselected: {'identifier': 'environment_model_msgs'}
[0.000812] (-) JobUnselected: {'identifier': 'fault_diagnosis'}
[0.000831] (-) JobUnselected: {'identifier': 'rviz_plug_msg'}
[0.000850] (-) JobUnselected: {'identifier': 'serialize_msgs'}
[0.000875] (mcap_streamer) JobQueued: {'identifier': 'mcap_streamer', 'dependencies': OrderedDict()}
[0.000901] (mcap_streamer) JobStarted: {'identifier': 'mcap_streamer'}
[0.007784] (mcap_streamer) JobProgress: {'identifier': 'mcap_streamer', 'progress': 'cmake'}
[0.008438] (mcap_streamer) JobProgress: {'identifier': 'mcap_streamer', 'progress': 'build'}
[0.009726] (mcap_streamer) Command: {'cmd': ['/usr/bin/cmake', '--build', '/home/linjiawei/load_mcap/build/mcap_streamer', '--', '-j17', '-l17'], 'cwd': '/home/linjiawei/load_mcap/build/mcap_streamer', 'env': OrderedDict([('LESSOPEN', '| /usr/bin/lesspipe %s'), ('VSCODE_CWD', '/home/linjiawei'), ('KUBERNETES_SERVICE_PORT', '443'), ('VSCODE_ESM_ENTRYPOINT', 'vs/workbench/api/node/extensionHostProcess'), ('KUBEBRAIN_SITE', 'mach'), ('KUBERNETES_PORT', 'tcp://10.68.0.1:443'), ('BRAIN_DAEMON_JUPYTER_DIR', '/data/jupyter'), ('USER', 'linjiawei'), ('SSH_CLIENT', '100.96.2.80 57616 22'), ('VSCODE_NLS_CONFIG', '{"userLocale":"zh-cn","osLocale":"zh-cn","resolvedLanguage":"zh-cn","defaultMessagesFile":"/home/linjiawei/.cursor-server/bin/ba90f2f88e4911312761abab9492c42442117cf0/out/nls.messages.json","languagePack":{"translationsConfigFile":"/home/linjiawei/.cursor-server/data/clp/6fe284ae87274d9cb2cdffc89b193492.zh-cn/tcf.json","messagesFile":"/home/linjiawei/.cursor-server/data/clp/6fe284ae87274d9cb2cdffc89b193492.zh-cn/ba90f2f88e4911312761abab9492c42442117cf0/nls.messages.json","corruptMarkerFile":"/home/linjiawei/.cursor-server/data/clp/6fe284ae87274d9cb2cdffc89b193492.zh-cn/corrupted.info"},"locale":"zh-cn","availableLanguages":{"*":"zh-cn"},"_languagePackId":"6fe284ae87274d9cb2cdffc89b193492.zh-cn","_languagePackSupport":true,"_translationsConfigFile":"/home/linjiawei/.cursor-server/data/clp/6fe284ae87274d9cb2cdffc89b193492.zh-cn/tcf.json","_cacheRoot":"/home/linjiawei/.cursor-server/data/clp/6fe284ae87274d9cb2cdffc89b193492.zh-cn","_resolvedLanguagePackCoreLocation":"/home/linjiawei/.cursor-server/data/clp/6fe284ae87274d9cb2cdffc89b193492.zh-cn/ba90f2f88e4911312761abab9492c42442117cf0","_corruptedFile":"/home/linjiawei/.cursor-server/data/clp/6fe284ae87274d9cb2cdffc89b193492.zh-cn/corrupted.info"}'), ('BRAIN_SHARED_READONLY', 'false'), ('KUBEBRAIN_PROCESS_ID', 'a339afdf-8e23-41dd-b3c2-ec44dfa27e9d'), ('VSCODE_HANDLES_UNCAUGHT_ERRORS', 'true'), ('HOSTNAME', 'ros'), ('XDG_SESSION_TYPE', 'tty'), ('SHLVL', '0'), ('LD_LIBRARY_PATH', '/opt/ros/humble/opt/rviz_ogre_vendor/lib:/opt/ros/humble/lib/x86_64-linux-gnu:/opt/ros/humble/lib:/usr/local/nvidia/lib64'), ('BROWSER', '/home/linjiawei/.cursor-server/bin/ba90f2f88e4911312761abab9492c42442117cf0/bin/helpers/browser.sh'), ('MOTD_SHOWN', 'pam'), ('HOME', '/home/linjiawei'), ('TMP_SIZE', '16777216K'), ('KUBEBRAIN_RUNTIME', 'ws2'), ('OLDPWD', '/home/linjiawei/load_mcap'), ('VSCODE_IPC_HOOK_CLI', '/run/user/10250/vscode-ipc-a2aff49f-58d2-441e-828d-ced252d61886.sock'), ('BRAIN_DAEMON_JUPYTER_TOKEN', '9c0e8eec-6994-41a4-9f6b-319d33bc630e'), ('ROS_PYTHON_VERSION', '3'), ('BRAIN_DAEMON_JUPYTER_BASE_URL', '/kapi/workspace.kubebrain.io/mach-mp/ws-00018098a82852e6/jupyter'), ('PCIDEVICE_MELLANOX_COM_MLNX_RDMA', ''), ('NO_COLOR', '1'), ('TOPOLOGY_ZONE', 'mach-cn-west-qy-dsxs-cm'), ('VSCODE_L10N_BUNDLE_LOCATION', 'vscode-local:/home/linjiawei/.cursor/extensions/ms-ceintl.vscode-language-pack-zh-hans-1.99.0-universal/translations/extensions/vscode.json-language-features.i18n.json'), ('ROS_DISTRO', 'humble'), ('LOGNAME', 'linjiawei'), ('FORCE_COLOR', '0'), ('VSCODE_HANDLES_SIGPIPE', 'true'), ('_', '/usr/bin/colcon'), ('ROS_VERSION', '2'), ('BRAIN_USERNAME', 'linjiawei'), ('XDG_SESSION_CLASS', 'user'), ('TERM', 'dumb'), ('XDG_SESSION_ID', 'c59'), ('KUBERNETES_PORT_443_TCP_ADDR', '10.68.0.1'), ('ROS_LOCALHOST_ONLY', '0'), ('COMPOSER_NO_INTERACTION', '1'), ('SHM_SIZE', '16777216K'), ('PATH', '/home/linjiawei/.local/bin:/home/linjiawei/.local/bin:/opt/ros/humble/bin:/opt/conda/bin:/kubebrain:/usr/local/nvidia/bin:/usr/local/sbin:/usr/local/bin:/usr/sbin:/usr/bin:/sbin:/bin'), ('VSCODE_AGENT_FOLDER', '/home/linjiawei/.cursor-server'), ('KUBEBRAIN_WORKSPACE_NAME', 'ws-00018098a82852e6'), ('XDG_RUNTIME_DIR', '/run/user/10250'), ('KUBERNETES_PORT_443_TCP_PORT', '443'), ('CURSOR_AGENT', '1'), ('DISPLAY', 'localhost:10.0'), ('KUBERNETES_PORT_443_TCP_PROTO', 'tcp'), ('KUBEBRAIN_RESOURCE_TYPE', 'workspace'), ('LANG', 'en_US.UTF-8'), ('LS_COLORS', ''), ('SSH_AUTH_SOCK', '/tmp/cursor-remote-ssh-auth-sock-5947a298-eaf8-4f15-adfc-973d91be4566.sock'), ('AMENT_PREFIX_PATH', '/opt/ros/humble'), ('BRAIN_DAEMON_JUPYTER_PORT', '8888'), ('SHELL', '/bin/bash'), ('VSCODE_SERVER_SHUTDOWN_TIMEOUT', '300'), ('TerminationGracePeriodSeconds', '30'), ('LESSCLOSE', '/usr/bin/lesspipe %s %s'), ('KUBERNETES_SERVICE_PORT_HTTPS', '443'), ('KUBERNETES_PORT_443_TCP', 'tcp://10.68.0.1:443'), ('KUBEBRAIN_QUOTA_GROUP', 'mp_ws'), ('KUBEBRAIN_CLUSTER_ENTRY', 'https://qy.machdrive.cn'), ('PWD', '/home/linjiawei/load_mcap/build/mcap_streamer'), ('BRAIN_SHARED_ROOT', '10.68.17.151:/'), ('KUBEBRAIN_NAMESPACE', 'mach-mp'), ('KUBERNETES_SERVICE_HOST', '10.68.0.1'), ('BRAIN_TOPOLOGY_LEAF_ROCE', ''), ('LC_ALL', 'en_US.UTF-8'), ('SSH_CONNECTION', '100.96.2.80 57616 100.97.82.77 22'), ('KUBEBRAIN_PROCESS_NAME', 'ws-00018098a82852e6-master'), ('KUBEBRAIN_WORKSPACE_NAMESPACE', ''), ('PYTHONPATH', '/opt/ros/humble/lib/python3.10/site-packages:/opt/ros/humble/local/lib/python3.10/dist-packages'), ('NVIDIA_VISIBLE_DEVICES', ''), ('COLCON', '1'), ('CMAKE_PREFIX_PATH', '/opt/ros/humble')]), 'shell': False}
[0.059269] (mcap_streamer) StdoutLine: {'line': b'[ 33%] Built target s3_downloader_lib\n'}
[0.063944] (mcap_streamer) StdoutLine: {'line': b'Consolidate compiler generated dependencies of target mcap_example\n'}
[0.082382] (mcap_streamer) StdoutLine: {'line': b'[ 50%] Building CXX object CMakeFiles/mcap_example.dir/src/mcap_example.cpp.o\n'}
[0.083076] (mcap_streamer) StdoutLine: {'line': b'[ 83%] Built target mcap_streamer_node\n'}
[0.099608] (-) TimerEvent: {}
[0.199765] (-) TimerEvent: {}
[0.299966] (-) TimerEvent: {}
[0.400141] (-) TimerEvent: {}
[0.500344] (-) TimerEvent: {}
[0.600567] (-) TimerEvent: {}
[0.700732] (-) TimerEvent: {}
[0.800867] (-) TimerEvent: {}
[0.901053] (-) TimerEvent: {}
[1.001256] (-) TimerEvent: {}
[1.101456] (-) TimerEvent: {}
[1.201701] (-) TimerEvent: {}
[1.301922] (-) TimerEvent: {}
[1.402120] (-) TimerEvent: {}
[1.502328] (-) TimerEvent: {}
[1.602579] (-) TimerEvent: {}
[1.702819] (-) TimerEvent: {}
[1.803048] (-) TimerEvent: {}
[1.903288] (-) TimerEvent: {}
[2.003536] (-) TimerEvent: {}
[2.103786] (-) TimerEvent: {}
[2.204036] (-) TimerEvent: {}
[2.304336] (-) TimerEvent: {}
[2.404633] (-) TimerEvent: {}
[2.504902] (-) TimerEvent: {}
[2.605143] (-) TimerEvent: {}
[2.705384] (-) TimerEvent: {}
[2.805629] (-) TimerEvent: {}
[2.905853] (-) TimerEvent: {}
[3.006032] (-) TimerEvent: {}
[3.106246] (-) TimerEvent: {}
[3.206481] (-) TimerEvent: {}
[3.306676] (-) TimerEvent: {}
[3.406910] (-) TimerEvent: {}
[3.507151] (-) TimerEvent: {}
[3.607358] (-) TimerEvent: {}
[3.707555] (-) TimerEvent: {}
[3.807748] (-) TimerEvent: {}
[3.907924] (-) TimerEvent: {}
[4.008071] (-) TimerEvent: {}
[4.108199] (-) TimerEvent: {}
[4.208316] (-) TimerEvent: {}
[4.308444] (-) TimerEvent: {}
[4.408585] (-) TimerEvent: {}
[4.508722] (-) TimerEvent: {}
[4.608840] (-) TimerEvent: {}
[4.708956] (-) TimerEvent: {}
[4.809082] (-) TimerEvent: {}
[4.909216] (-) TimerEvent: {}
[5.009386] (-) TimerEvent: {}
[5.109582] (-) TimerEvent: {}
[5.209811] (-) TimerEvent: {}
[5.310040] (-) TimerEvent: {}
[5.410257] (-) TimerEvent: {}
[5.510449] (-) TimerEvent: {}
[5.610632] (-) TimerEvent: {}
[5.710815] (-) TimerEvent: {}
[5.810980] (-) TimerEvent: {}
[5.911141] (-) TimerEvent: {}
[6.011307] (-) TimerEvent: {}
[6.111470] (-) TimerEvent: {}
[6.211629] (-) TimerEvent: {}
[6.311790] (-) TimerEvent: {}
[6.411948] (-) TimerEvent: {}
[6.512088] (-) TimerEvent: {}
[6.612229] (-) TimerEvent: {}
[6.712379] (-) TimerEvent: {}
[6.812533] (-) TimerEvent: {}
[6.912687] (-) TimerEvent: {}
[7.012850] (-) TimerEvent: {}
[7.113001] (-) TimerEvent: {}
[7.213210] (-) TimerEvent: {}
[7.313457] (-) TimerEvent: {}
[7.413690] (-) TimerEvent: {}
[7.513907] (-) TimerEvent: {}
[7.614145] (-) TimerEvent: {}
[7.714356] (-) TimerEvent: {}
[7.814541] (-) TimerEvent: {}
[7.914709] (-) TimerEvent: {}
[8.014919] (-) TimerEvent: {}
[8.115114] (-) TimerEvent: {}
[8.215278] (-) TimerEvent: {}
[8.315454] (-) TimerEvent: {}
[8.415704] (-) TimerEvent: {}
[8.515941] (-) TimerEvent: {}
[8.616159] (-) TimerEvent: {}
[8.716396] (-) TimerEvent: {}
[8.816646] (-) TimerEvent: {}
[8.916920] (-) TimerEvent: {}
[9.017156] (-) TimerEvent: {}
[9.117324] (-) TimerEvent: {}
[9.217514] (-) TimerEvent: {}
[9.317765] (-) TimerEvent: {}
[9.417986] (-) TimerEvent: {}
[9.518158] (-) TimerEvent: {}
[9.618311] (-) TimerEvent: {}
[9.718526] (-) TimerEvent: {}
[9.818734] (-) TimerEvent: {}
[9.918895] (-) TimerEvent: {}
[10.019069] (-) TimerEvent: {}
[10.119284] (-) TimerEvent: {}
[10.219521] (-) TimerEvent: {}
[10.319769] (-) TimerEvent: {}
[10.420007] (-) TimerEvent: {}
[10.520249] (-) TimerEvent: {}
[10.620493] (-) TimerEvent: {}
[10.720712] (-) TimerEvent: {}
[10.820884] (-) TimerEvent: {}
[10.921033] (-) TimerEvent: {}
[11.021176] (-) TimerEvent: {}
[11.121313] (-) TimerEvent: {}
[11.221443] (-) TimerEvent: {}
[11.321582] (-) TimerEvent: {}
[11.421724] (-) TimerEvent: {}
[11.521850] (-) TimerEvent: {}
[11.621988] (-) TimerEvent: {}
[11.722145] (-) TimerEvent: {}
[11.822302] (-) TimerEvent: {}
[11.922467] (-) TimerEvent: {}
[12.022613] (-) TimerEvent: {}
[12.122756] (-) TimerEvent: {}
[12.222900] (-) TimerEvent: {}
[12.323043] (-) TimerEvent: {}
[12.423188] (-) TimerEvent: {}
[12.523360] (-) TimerEvent: {}
[12.623537] (-) TimerEvent: {}
[12.723674] (-) TimerEvent: {}
[12.823806] (-) TimerEvent: {}
[12.923936] (-) TimerEvent: {}
[12.984686] (mcap_streamer) StdoutLine: {'line': b'[100%] Linking CXX executable mcap_example\n'}
[13.024039] (-) TimerEvent: {}
[13.124203] (-) TimerEvent: {}
[13.224389] (-) TimerEvent: {}
[13.324601] (-) TimerEvent: {}
[13.424843] (-) TimerEvent: {}
[13.525065] (-) TimerEvent: {}
[13.607739] (mcap_streamer) StdoutLine: {'line': b'[100%] Built target mcap_example\n'}
[13.619026] (mcap_streamer) CommandEnded: {'returncode': 0}
[13.619563] (mcap_streamer) JobProgress: {'identifier': 'mcap_streamer', 'progress': 'install'}
[13.625135] (-) TimerEvent: {}
[13.626354] (mcap_streamer) Command: {'cmd': ['/usr/bin/cmake', '--install', '/home/linjiawei/load_mcap/build/mcap_streamer'], 'cwd': '/home/linjiawei/load_mcap/build/mcap_streamer', 'env': OrderedDict([('LESSOPEN', '| /usr/bin/lesspipe %s'), ('VSCODE_CWD', '/home/linjiawei'), ('KUBERNETES_SERVICE_PORT', '443'), ('VSCODE_ESM_ENTRYPOINT', 'vs/workbench/api/node/extensionHostProcess'), ('KUBEBRAIN_SITE', 'mach'), ('KUBERNETES_PORT', 'tcp://10.68.0.1:443'), ('BRAIN_DAEMON_JUPYTER_DIR', '/data/jupyter'), ('USER', 'linjiawei'), ('SSH_CLIENT', '100.96.2.80 57616 22'), ('VSCODE_NLS_CONFIG', '{"userLocale":"zh-cn","osLocale":"zh-cn","resolvedLanguage":"zh-cn","defaultMessagesFile":"/home/linjiawei/.cursor-server/bin/ba90f2f88e4911312761abab9492c42442117cf0/out/nls.messages.json","languagePack":{"translationsConfigFile":"/home/linjiawei/.cursor-server/data/clp/6fe284ae87274d9cb2cdffc89b193492.zh-cn/tcf.json","messagesFile":"/home/linjiawei/.cursor-server/data/clp/6fe284ae87274d9cb2cdffc89b193492.zh-cn/ba90f2f88e4911312761abab9492c42442117cf0/nls.messages.json","corruptMarkerFile":"/home/linjiawei/.cursor-server/data/clp/6fe284ae87274d9cb2cdffc89b193492.zh-cn/corrupted.info"},"locale":"zh-cn","availableLanguages":{"*":"zh-cn"},"_languagePackId":"6fe284ae87274d9cb2cdffc89b193492.zh-cn","_languagePackSupport":true,"_translationsConfigFile":"/home/linjiawei/.cursor-server/data/clp/6fe284ae87274d9cb2cdffc89b193492.zh-cn/tcf.json","_cacheRoot":"/home/linjiawei/.cursor-server/data/clp/6fe284ae87274d9cb2cdffc89b193492.zh-cn","_resolvedLanguagePackCoreLocation":"/home/linjiawei/.cursor-server/data/clp/6fe284ae87274d9cb2cdffc89b193492.zh-cn/ba90f2f88e4911312761abab9492c42442117cf0","_corruptedFile":"/home/linjiawei/.cursor-server/data/clp/6fe284ae87274d9cb2cdffc89b193492.zh-cn/corrupted.info"}'), ('BRAIN_SHARED_READONLY', 'false'), ('KUBEBRAIN_PROCESS_ID', 'a339afdf-8e23-41dd-b3c2-ec44dfa27e9d'), ('VSCODE_HANDLES_UNCAUGHT_ERRORS', 'true'), ('HOSTNAME', 'ros'), ('XDG_SESSION_TYPE', 'tty'), ('SHLVL', '0'), ('LD_LIBRARY_PATH', '/opt/ros/humble/opt/rviz_ogre_vendor/lib:/opt/ros/humble/lib/x86_64-linux-gnu:/opt/ros/humble/lib:/usr/local/nvidia/lib64'), ('BROWSER', '/home/linjiawei/.cursor-server/bin/ba90f2f88e4911312761abab9492c42442117cf0/bin/helpers/browser.sh'), ('MOTD_SHOWN', 'pam'), ('HOME', '/home/linjiawei'), ('TMP_SIZE', '16777216K'), ('KUBEBRAIN_RUNTIME', 'ws2'), ('OLDPWD', '/home/linjiawei/load_mcap'), ('VSCODE_IPC_HOOK_CLI', '/run/user/10250/vscode-ipc-a2aff49f-58d2-441e-828d-ced252d61886.sock'), ('BRAIN_DAEMON_JUPYTER_TOKEN', '9c0e8eec-6994-41a4-9f6b-319d33bc630e'), ('ROS_PYTHON_VERSION', '3'), ('BRAIN_DAEMON_JUPYTER_BASE_URL', '/kapi/workspace.kubebrain.io/mach-mp/ws-00018098a82852e6/jupyter'), ('PCIDEVICE_MELLANOX_COM_MLNX_RDMA', ''), ('NO_COLOR', '1'), ('TOPOLOGY_ZONE', 'mach-cn-west-qy-dsxs-cm'), ('VSCODE_L10N_BUNDLE_LOCATION', 'vscode-local:/home/linjiawei/.cursor/extensions/ms-ceintl.vscode-language-pack-zh-hans-1.99.0-universal/translations/extensions/vscode.json-language-features.i18n.json'), ('ROS_DISTRO', 'humble'), ('LOGNAME', 'linjiawei'), ('FORCE_COLOR', '0'), ('VSCODE_HANDLES_SIGPIPE', 'true'), ('_', '/usr/bin/colcon'), ('ROS_VERSION', '2'), ('BRAIN_USERNAME', 'linjiawei'), ('XDG_SESSION_CLASS', 'user'), ('TERM', 'dumb'), ('XDG_SESSION_ID', 'c59'), ('KUBERNETES_PORT_443_TCP_ADDR', '10.68.0.1'), ('ROS_LOCALHOST_ONLY', '0'), ('COMPOSER_NO_INTERACTION', '1'), ('SHM_SIZE', '16777216K'), ('PATH', '/home/linjiawei/.local/bin:/home/linjiawei/.local/bin:/opt/ros/humble/bin:/opt/conda/bin:/kubebrain:/usr/local/nvidia/bin:/usr/local/sbin:/usr/local/bin:/usr/sbin:/usr/bin:/sbin:/bin'), ('VSCODE_AGENT_FOLDER', '/home/linjiawei/.cursor-server'), ('KUBEBRAIN_WORKSPACE_NAME', 'ws-00018098a82852e6'), ('XDG_RUNTIME_DIR', '/run/user/10250'), ('KUBERNETES_PORT_443_TCP_PORT', '443'), ('CURSOR_AGENT', '1'), ('DISPLAY', 'localhost:10.0'), ('KUBERNETES_PORT_443_TCP_PROTO', 'tcp'), ('KUBEBRAIN_RESOURCE_TYPE', 'workspace'), ('LANG', 'en_US.UTF-8'), ('LS_COLORS', ''), ('SSH_AUTH_SOCK', '/tmp/cursor-remote-ssh-auth-sock-5947a298-eaf8-4f15-adfc-973d91be4566.sock'), ('AMENT_PREFIX_PATH', '/opt/ros/humble'), ('BRAIN_DAEMON_JUPYTER_PORT', '8888'), ('SHELL', '/bin/bash'), ('VSCODE_SERVER_SHUTDOWN_TIMEOUT', '300'), ('TerminationGracePeriodSeconds', '30'), ('LESSCLOSE', '/usr/bin/lesspipe %s %s'), ('KUBERNETES_SERVICE_PORT_HTTPS', '443'), ('KUBERNETES_PORT_443_TCP', 'tcp://10.68.0.1:443'), ('KUBEBRAIN_QUOTA_GROUP', 'mp_ws'), ('KUBEBRAIN_CLUSTER_ENTRY', 'https://qy.machdrive.cn'), ('PWD', '/home/linjiawei/load_mcap/build/mcap_streamer'), ('BRAIN_SHARED_ROOT', '10.68.17.151:/'), ('KUBEBRAIN_NAMESPACE', 'mach-mp'), ('KUBERNETES_SERVICE_HOST', '10.68.0.1'), ('BRAIN_TOPOLOGY_LEAF_ROCE', ''), ('LC_ALL', 'en_US.UTF-8'), ('SSH_CONNECTION', '100.96.2.80 57616 100.97.82.77 22'), ('KUBEBRAIN_PROCESS_NAME', 'ws-00018098a82852e6-master'), ('KUBEBRAIN_WORKSPACE_NAMESPACE', ''), ('PYTHONPATH', '/opt/ros/humble/lib/python3.10/site-packages:/opt/ros/humble/local/lib/python3.10/dist-packages'), ('NVIDIA_VISIBLE_DEVICES', ''), ('COLCON', '1'), ('CMAKE_PREFIX_PATH', '/opt/ros/humble')]), 'shell': False}
[13.633219] (mcap_streamer) StdoutLine: {'line': b'-- Install configuration: ""\n'}
[13.633411] (mcap_streamer) StdoutLine: {'line': b'-- Up-to-date: /home/linjiawei/load_mcap/install/mcap_streamer/lib/mcap_streamer/mcap_streamer_node\n'}
[13.633629] (mcap_streamer) StdoutLine: {'line': b'-- Installing: /home/linjiawei/load_mcap/install/mcap_streamer/lib/mcap_streamer/mcap_example\n'}
[13.636938] (mcap_streamer) StdoutLine: {'line': b'-- Set runtime path of "/home/linjiawei/load_mcap/install/mcap_streamer/lib/mcap_streamer/mcap_example" to ""\n'}
[13.637019] (mcap_streamer) StdoutLine: {'line': b'-- Up-to-date: /home/linjiawei/load_mcap/install/mcap_streamer/share/mcap_streamer/config\n'}
[13.637102] (mcap_streamer) StdoutLine: {'line': b'-- Up-to-date: /home/linjiawei/load_mcap/install/mcap_streamer/share/mcap_streamer/config/mcap_streamer_params.yaml\n'}
[13.637178] (mcap_streamer) StdoutLine: {'line': b'-- Up-to-date: /home/linjiawei/load_mcap/install/mcap_streamer/share/mcap_streamer/config/mcap_reader_params.yaml\n'}
[13.637251] (mcap_streamer) StdoutLine: {'line': b'-- Up-to-date: /home/linjiawei/load_mcap/install/mcap_streamer/share/mcap_streamer/launch\n'}
[13.637325] (mcap_streamer) StdoutLine: {'line': b'-- Up-to-date: /home/linjiawei/load_mcap/install/mcap_streamer/share/mcap_streamer/launch/mcap_streamer.launch.py\n'}
[13.637400] (mcap_streamer) StdoutLine: {'line': b'-- Up-to-date: /home/linjiawei/load_mcap/install/mcap_streamer/share/mcap_streamer/launch/mcap_reader.launch.py\n'}
[13.637474] (mcap_streamer) StdoutLine: {'line': b'-- Up-to-date: /home/linjiawei/load_mcap/install/mcap_streamer/share/mcap_streamer/launch/mcap_streamer_with_reader.launch.py\n'}
[13.637549] (mcap_streamer) StdoutLine: {'line': b'-- Up-to-date: /home/linjiawei/load_mcap/install/mcap_streamer/share/mcap_streamer/launch/mcap_example.launch.py\n'}
[13.637620] (mcap_streamer) StdoutLine: {'line': b'-- Up-to-date: /home/linjiawei/load_mcap/install/mcap_streamer/share/ament_index/resource_index/package_run_dependencies/mcap_streamer\n'}
[13.637692] (mcap_streamer) StdoutLine: {'line': b'-- Up-to-date: /home/linjiawei/load_mcap/install/mcap_streamer/share/ament_index/resource_index/parent_prefix_path/mcap_streamer\n'}
[13.637764] (mcap_streamer) StdoutLine: {'line': b'-- Up-to-date: /home/linjiawei/load_mcap/install/mcap_streamer/share/mcap_streamer/environment/ament_prefix_path.sh\n'}
[13.637838] (mcap_streamer) StdoutLine: {'line': b'-- Up-to-date: /home/linjiawei/load_mcap/install/mcap_streamer/share/mcap_streamer/environment/ament_prefix_path.dsv\n'}
[13.637909] (mcap_streamer) StdoutLine: {'line': b'-- Up-to-date: /home/linjiawei/load_mcap/install/mcap_streamer/share/mcap_streamer/environment/path.sh\n'}
[13.638203] (mcap_streamer) StdoutLine: {'line': b'-- Up-to-date: /home/linjiawei/load_mcap/install/mcap_streamer/share/mcap_streamer/environment/path.dsv\n'}
[13.638367] (mcap_streamer) StdoutLine: {'line': b'-- Up-to-date: /home/linjiawei/load_mcap/install/mcap_streamer/share/mcap_streamer/local_setup.bash\n'}
[13.638453] (mcap_streamer) StdoutLine: {'line': b'-- Up-to-date: /home/linjiawei/load_mcap/install/mcap_streamer/share/mcap_streamer/local_setup.sh\n'}
[13.638530] (mcap_streamer) StdoutLine: {'line': b'-- Up-to-date: /home/linjiawei/load_mcap/install/mcap_streamer/share/mcap_streamer/local_setup.zsh\n'}
[13.638605] (mcap_streamer) StdoutLine: {'line': b'-- Up-to-date: /home/linjiawei/load_mcap/install/mcap_streamer/share/mcap_streamer/local_setup.dsv\n'}
[13.638675] (mcap_streamer) StdoutLine: {'line': b'-- Installing: /home/linjiawei/load_mcap/install/mcap_streamer/share/mcap_streamer/package.dsv\n'}
[13.638749] (mcap_streamer) StdoutLine: {'line': b'-- Up-to-date: /home/linjiawei/load_mcap/install/mcap_streamer/share/ament_index/resource_index/packages/mcap_streamer\n'}
[13.638868] (mcap_streamer) StdoutLine: {'line': b'-- Up-to-date: /home/linjiawei/load_mcap/install/mcap_streamer/share/mcap_streamer/cmake/mcap_streamerConfig.cmake\n'}
[13.638988] (mcap_streamer) StdoutLine: {'line': b'-- Up-to-date: /home/linjiawei/load_mcap/install/mcap_streamer/share/mcap_streamer/cmake/mcap_streamerConfig-version.cmake\n'}
[13.639068] (mcap_streamer) StdoutLine: {'line': b'-- Up-to-date: /home/linjiawei/load_mcap/install/mcap_streamer/share/mcap_streamer/package.xml\n'}
[13.639454] (mcap_streamer) CommandEnded: {'returncode': 0}
[13.658399] (mcap_streamer) JobEnded: {'identifier': 'mcap_streamer', 'rc': 0}
[13.659135] (-) EventReactorShutdown: {}
