[ 10%] Built target deva_ads_msgs__rosidl_generator_c
[ 12%] Built target deva_ads_msgs__cpp
[ 12%] Built target ament_cmake_python_copy_deva_ads_msgs
[ 23%] Built target deva_ads_msgs__rosidl_typesupport_fastrtps_c
[ 34%] Built target deva_ads_msgs__rosidl_typesupport_introspection_c
[ 45%] Built target deva_ads_msgs__rosidl_typesupport_cpp
[ 56%] Built target deva_ads_msgs__rosidl_typesupport_c
[ 67%] Built target deva_ads_msgs__rosidl_typesupport_fastrtps_cpp
[ 78%] Built target deva_ads_msgs__rosidl_typesupport_introspection_cpp
[ 78%] Built target deva_ads_msgs
[ 80%] Built target deva_ads_msgs__py
[ 89%] Built target deva_ads_msgs__rosidl_generator_py
[ 96%] Built target deva_ads_msgs__rosidl_typesupport_fastrtps_c__pyext
[ 96%] Built target deva_ads_msgs__rosidl_typesupport_introspection_c__pyext
[100%] Built target deva_ads_msgs__rosidl_typesupport_c__pyext
running egg_info
writing deva_ads_msgs.egg-info/PKG-INFO
writing dependency_links to deva_ads_msgs.egg-info/dependency_links.txt
writing top-level names to deva_ads_msgs.egg-info/top_level.txt
reading manifest file 'deva_ads_msgs.egg-info/SOURCES.txt'
writing manifest file 'deva_ads_msgs.egg-info/SOURCES.txt'
[100%] Built target ament_cmake_python_build_deva_ads_msgs_egg
