[0.033s] Invoking command in '/home/linjiawei/load_mcap/build/deva_ads_msgs': CMAKE_PREFIX_PATH=${CMAKE_PREFIX_PATH}:/opt/ros/humble /usr/bin/cmake --build /home/linjiawei/load_mcap/build/deva_ads_msgs -- -j17 -l17
[0.093s] [ 10%] Built target deva_ads_msgs__rosidl_generator_c
[0.094s] [ 12%] Built target deva_ads_msgs__cpp
[0.099s] [ 12%] Built target ament_cmake_python_copy_deva_ads_msgs
[0.154s] [ 23%] Built target deva_ads_msgs__rosidl_typesupport_fastrtps_c
[0.157s] [ 34%] Built target deva_ads_msgs__rosidl_typesupport_introspection_c
[0.157s] [ 45%] Built target deva_ads_msgs__rosidl_typesupport_cpp
[0.159s] [ 56%] Built target deva_ads_msgs__rosidl_typesupport_c
[0.166s] [ 67%] Built target deva_ads_msgs__rosidl_typesupport_fastrtps_cpp
[0.169s] [ 78%] Built target deva_ads_msgs__rosidl_typesupport_introspection_cpp
[0.205s] [ 78%] Built target deva_ads_msgs
[0.232s] [ 80%] Built target deva_ads_msgs__py
[0.258s] [ 89%] Built target deva_ads_msgs__rosidl_generator_py
[0.283s] [ 96%] Built target deva_ads_msgs__rosidl_typesupport_fastrtps_c__pyext
[0.283s] [ 96%] Built target deva_ads_msgs__rosidl_typesupport_introspection_c__pyext
[0.284s] [100%] Built target deva_ads_msgs__rosidl_typesupport_c__pyext
[0.463s] running egg_info
[0.463s] writing deva_ads_msgs.egg-info/PKG-INFO
[0.463s] writing dependency_links to deva_ads_msgs.egg-info/dependency_links.txt
[0.464s] writing top-level names to deva_ads_msgs.egg-info/top_level.txt
[0.467s] reading manifest file 'deva_ads_msgs.egg-info/SOURCES.txt'
[0.468s] writing manifest file 'deva_ads_msgs.egg-info/SOURCES.txt'
[0.498s] [100%] Built target ament_cmake_python_build_deva_ads_msgs_egg
