[  0%] Built target deva_control_msgs__cpp
[ 12%] Built target deva_control_msgs__rosidl_generator_c
[ 12%] Built target ament_cmake_python_copy_deva_control_msgs
[ 24%] Built target deva_control_msgs__rosidl_typesupport_cpp
[ 36%] Built target deva_control_msgs__rosidl_typesupport_c
[ 48%] Built target deva_control_msgs__rosidl_typesupport_fastrtps_cpp
[ 71%] Built target deva_control_msgs__rosidl_typesupport_introspection_c
[ 72%] Built target deva_control_msgs__rosidl_typesupport_introspection_cpp
[ 84%] Built target deva_control_msgs__rosidl_typesupport_fastrtps_c
[ 84%] Built target deva_control_msgs
[ 85%] Built target deva_control_msgs__py
[ 96%] Built target deva_control_msgs__rosidl_generator_py
[ 97%] Built target deva_control_msgs__rosidl_typesupport_fastrtps_c__pyext
[ 99%] Built target deva_control_msgs__rosidl_typesupport_introspection_c__pyext
[100%] Built target deva_control_msgs__rosidl_typesupport_c__pyext
running egg_info
writing deva_control_msgs.egg-info/PKG-INFO
writing dependency_links to deva_control_msgs.egg-info/dependency_links.txt
writing top-level names to deva_control_msgs.egg-info/top_level.txt
reading manifest file 'deva_control_msgs.egg-info/SOURCES.txt'
writing manifest file 'deva_control_msgs.egg-info/SOURCES.txt'
[100%] Built target ament_cmake_python_build_deva_control_msgs_egg
-- Install configuration: ""
-- Up-to-date: /home/linjiawei/load_mcap/install/deva_control_msgs/share/ament_index/resource_index/rosidl_interfaces/deva_control_msgs
-- Up-to-date: /home/linjiawei/load_mcap/install/deva_control_msgs/include/deva_control_msgs/deva_control_msgs
-- Up-to-date: /home/linjiawei/load_mcap/install/deva_control_msgs/include/deva_control_msgs/deva_control_msgs/msg
-- Up-to-date: /home/linjiawei/load_mcap/install/deva_control_msgs/include/deva_control_msgs/deva_control_msgs/msg/rosidl_generator_c__visibility_control.h
-- Up-to-date: /home/linjiawei/load_mcap/install/deva_control_msgs/include/deva_control_msgs/deva_control_msgs/msg/control_debug_signal.h
-- Up-to-date: /home/linjiawei/load_mcap/install/deva_control_msgs/include/deva_control_msgs/deva_control_msgs/msg/detail
-- Up-to-date: /home/linjiawei/load_mcap/install/deva_control_msgs/include/deva_control_msgs/deva_control_msgs/msg/detail/control_debug_signal__functions.c
-- Up-to-date: /home/linjiawei/load_mcap/install/deva_control_msgs/include/deva_control_msgs/deva_control_msgs/msg/detail/control_debug_signal__functions.h
-- Up-to-date: /home/linjiawei/load_mcap/install/deva_control_msgs/include/deva_control_msgs/deva_control_msgs/msg/detail/control_debug_signal__struct.h
-- Up-to-date: /home/linjiawei/load_mcap/install/deva_control_msgs/include/deva_control_msgs/deva_control_msgs/msg/detail/control_debug_signal__type_support.h
-- Up-to-date: /home/linjiawei/load_mcap/install/deva_control_msgs/include/deva_control_msgs/deva_control_msgs/msg/detail/control_monitor_msg__functions.c
-- Up-to-date: /home/linjiawei/load_mcap/install/deva_control_msgs/include/deva_control_msgs/deva_control_msgs/msg/detail/control_monitor_msg__functions.h
-- Up-to-date: /home/linjiawei/load_mcap/install/deva_control_msgs/include/deva_control_msgs/deva_control_msgs/msg/detail/control_monitor_msg__struct.h
-- Up-to-date: /home/linjiawei/load_mcap/install/deva_control_msgs/include/deva_control_msgs/deva_control_msgs/msg/detail/control_monitor_msg__type_support.h
-- Up-to-date: /home/linjiawei/load_mcap/install/deva_control_msgs/include/deva_control_msgs/deva_control_msgs/msg/detail/control_result__functions.c
-- Up-to-date: /home/linjiawei/load_mcap/install/deva_control_msgs/include/deva_control_msgs/deva_control_msgs/msg/detail/control_result__functions.h
-- Up-to-date: /home/linjiawei/load_mcap/install/deva_control_msgs/include/deva_control_msgs/deva_control_msgs/msg/detail/control_result__struct.h
-- Up-to-date: /home/linjiawei/load_mcap/install/deva_control_msgs/include/deva_control_msgs/deva_control_msgs/msg/detail/control_result__type_support.h
-- Up-to-date: /home/linjiawei/load_mcap/install/deva_control_msgs/include/deva_control_msgs/deva_control_msgs/msg/detail/control_status__functions.c
-- Up-to-date: /home/linjiawei/load_mcap/install/deva_control_msgs/include/deva_control_msgs/deva_control_msgs/msg/detail/control_status__functions.h
-- Up-to-date: /home/linjiawei/load_mcap/install/deva_control_msgs/include/deva_control_msgs/deva_control_msgs/msg/detail/control_status__struct.h
-- Up-to-date: /home/linjiawei/load_mcap/install/deva_control_msgs/include/deva_control_msgs/deva_control_msgs/msg/detail/control_status__type_support.h
-- Up-to-date: /home/linjiawei/load_mcap/install/deva_control_msgs/include/deva_control_msgs/deva_control_msgs/msg/detail/control_valid_limit__functions.c
-- Up-to-date: /home/linjiawei/load_mcap/install/deva_control_msgs/include/deva_control_msgs/deva_control_msgs/msg/detail/control_valid_limit__functions.h
-- Up-to-date: /home/linjiawei/load_mcap/install/deva_control_msgs/include/deva_control_msgs/deva_control_msgs/msg/detail/control_valid_limit__struct.h
-- Up-to-date: /home/linjiawei/load_mcap/install/deva_control_msgs/include/deva_control_msgs/deva_control_msgs/msg/detail/control_valid_limit__type_support.h
-- Up-to-date: /home/linjiawei/load_mcap/install/deva_control_msgs/include/deva_control_msgs/deva_control_msgs/msg/detail/parking_status__functions.c
-- Up-to-date: /home/linjiawei/load_mcap/install/deva_control_msgs/include/deva_control_msgs/deva_control_msgs/msg/detail/parking_status__functions.h
-- Up-to-date: /home/linjiawei/load_mcap/install/deva_control_msgs/include/deva_control_msgs/deva_control_msgs/msg/detail/parking_status__struct.h
-- Up-to-date: /home/linjiawei/load_mcap/install/deva_control_msgs/include/deva_control_msgs/deva_control_msgs/msg/detail/parking_status__type_support.h
-- Up-to-date: /home/linjiawei/load_mcap/install/deva_control_msgs/include/deva_control_msgs/deva_control_msgs/msg/detail/vehicle_control_command__functions.c
-- Up-to-date: /home/linjiawei/load_mcap/install/deva_control_msgs/include/deva_control_msgs/deva_control_msgs/msg/detail/vehicle_control_command__functions.h
-- Up-to-date: /home/linjiawei/load_mcap/install/deva_control_msgs/include/deva_control_msgs/deva_control_msgs/msg/detail/vehicle_control_command__struct.h
-- Up-to-date: /home/linjiawei/load_mcap/install/deva_control_msgs/include/deva_control_msgs/deva_control_msgs/msg/detail/vehicle_control_command__type_support.h
-- Up-to-date: /home/linjiawei/load_mcap/install/deva_control_msgs/include/deva_control_msgs/deva_control_msgs/msg/detail/vehicle_enable_command__functions.c
-- Up-to-date: /home/linjiawei/load_mcap/install/deva_control_msgs/include/deva_control_msgs/deva_control_msgs/msg/detail/vehicle_enable_command__functions.h
-- Up-to-date: /home/linjiawei/load_mcap/install/deva_control_msgs/include/deva_control_msgs/deva_control_msgs/msg/detail/vehicle_enable_command__struct.h
-- Up-to-date: /home/linjiawei/load_mcap/install/deva_control_msgs/include/deva_control_msgs/deva_control_msgs/msg/detail/vehicle_enable_command__type_support.h
-- Up-to-date: /home/linjiawei/load_mcap/install/deva_control_msgs/include/deva_control_msgs/deva_control_msgs/msg/detail/vehicle_limit_value__functions.c
-- Up-to-date: /home/linjiawei/load_mcap/install/deva_control_msgs/include/deva_control_msgs/deva_control_msgs/msg/detail/vehicle_limit_value__functions.h
-- Up-to-date: /home/linjiawei/load_mcap/install/deva_control_msgs/include/deva_control_msgs/deva_control_msgs/msg/detail/vehicle_limit_value__struct.h
-- Up-to-date: /home/linjiawei/load_mcap/install/deva_control_msgs/include/deva_control_msgs/deva_control_msgs/msg/detail/vehicle_limit_value__type_support.h
-- Up-to-date: /home/linjiawei/load_mcap/install/deva_control_msgs/include/deva_control_msgs/deva_control_msgs/msg/detail/vehicle_report_belt__functions.c
-- Up-to-date: /home/linjiawei/load_mcap/install/deva_control_msgs/include/deva_control_msgs/deva_control_msgs/msg/detail/vehicle_report_belt__functions.h
-- Up-to-date: /home/linjiawei/load_mcap/install/deva_control_msgs/include/deva_control_msgs/deva_control_msgs/msg/detail/vehicle_report_belt__struct.h
-- Up-to-date: /home/linjiawei/load_mcap/install/deva_control_msgs/include/deva_control_msgs/deva_control_msgs/msg/detail/vehicle_report_belt__type_support.h
-- Up-to-date: /home/linjiawei/load_mcap/install/deva_control_msgs/include/deva_control_msgs/deva_control_msgs/msg/detail/vehicle_report_common__functions.c
-- Up-to-date: /home/linjiawei/load_mcap/install/deva_control_msgs/include/deva_control_msgs/deva_control_msgs/msg/detail/vehicle_report_common__functions.h
-- Up-to-date: /home/linjiawei/load_mcap/install/deva_control_msgs/include/deva_control_msgs/deva_control_msgs/msg/detail/vehicle_report_common__struct.h
-- Up-to-date: /home/linjiawei/load_mcap/install/deva_control_msgs/include/deva_control_msgs/deva_control_msgs/msg/detail/vehicle_report_common__type_support.h
-- Up-to-date: /home/linjiawei/load_mcap/install/deva_control_msgs/include/deva_control_msgs/deva_control_msgs/msg/detail/vehicle_report_pedal__functions.c
-- Up-to-date: /home/linjiawei/load_mcap/install/deva_control_msgs/include/deva_control_msgs/deva_control_msgs/msg/detail/vehicle_report_pedal__functions.h
-- Up-to-date: /home/linjiawei/load_mcap/install/deva_control_msgs/include/deva_control_msgs/deva_control_msgs/msg/detail/vehicle_report_pedal__struct.h
-- Up-to-date: /home/linjiawei/load_mcap/install/deva_control_msgs/include/deva_control_msgs/deva_control_msgs/msg/detail/vehicle_report_pedal__type_support.h
-- Up-to-date: /home/linjiawei/load_mcap/install/deva_control_msgs/include/deva_control_msgs/deva_control_msgs/msg/detail/vehicle_status_command__functions.c
-- Up-to-date: /home/linjiawei/load_mcap/install/deva_control_msgs/include/deva_control_msgs/deva_control_msgs/msg/detail/vehicle_status_command__functions.h
-- Up-to-date: /home/linjiawei/load_mcap/install/deva_control_msgs/include/deva_control_msgs/deva_control_msgs/msg/detail/vehicle_status_command__struct.h
-- Up-to-date: /home/linjiawei/load_mcap/install/deva_control_msgs/include/deva_control_msgs/deva_control_msgs/msg/detail/vehicle_status_command__type_support.h
-- Up-to-date: /home/linjiawei/load_mcap/install/deva_control_msgs/include/deva_control_msgs/deva_control_msgs/msg/detail/wheel_speed__functions.c
-- Up-to-date: /home/linjiawei/load_mcap/install/deva_control_msgs/include/deva_control_msgs/deva_control_msgs/msg/detail/wheel_speed__functions.h
-- Up-to-date: /home/linjiawei/load_mcap/install/deva_control_msgs/include/deva_control_msgs/deva_control_msgs/msg/detail/wheel_speed__struct.h
-- Up-to-date: /home/linjiawei/load_mcap/install/deva_control_msgs/include/deva_control_msgs/deva_control_msgs/msg/detail/wheel_speed__type_support.h
-- Up-to-date: /home/linjiawei/load_mcap/install/deva_control_msgs/include/deva_control_msgs/deva_control_msgs/msg/control_monitor_msg.h
-- Up-to-date: /home/linjiawei/load_mcap/install/deva_control_msgs/include/deva_control_msgs/deva_control_msgs/msg/control_result.h
-- Up-to-date: /home/linjiawei/load_mcap/install/deva_control_msgs/include/deva_control_msgs/deva_control_msgs/msg/control_status.h
-- Up-to-date: /home/linjiawei/load_mcap/install/deva_control_msgs/include/deva_control_msgs/deva_control_msgs/msg/control_valid_limit.h
-- Up-to-date: /home/linjiawei/load_mcap/install/deva_control_msgs/include/deva_control_msgs/deva_control_msgs/msg/parking_status.h
-- Up-to-date: /home/linjiawei/load_mcap/install/deva_control_msgs/include/deva_control_msgs/deva_control_msgs/msg/vehicle_control_command.h
-- Up-to-date: /home/linjiawei/load_mcap/install/deva_control_msgs/include/deva_control_msgs/deva_control_msgs/msg/vehicle_enable_command.h
-- Up-to-date: /home/linjiawei/load_mcap/install/deva_control_msgs/include/deva_control_msgs/deva_control_msgs/msg/vehicle_limit_value.h
-- Up-to-date: /home/linjiawei/load_mcap/install/deva_control_msgs/include/deva_control_msgs/deva_control_msgs/msg/vehicle_report_belt.h
-- Up-to-date: /home/linjiawei/load_mcap/install/deva_control_msgs/include/deva_control_msgs/deva_control_msgs/msg/vehicle_report_common.h
-- Up-to-date: /home/linjiawei/load_mcap/install/deva_control_msgs/include/deva_control_msgs/deva_control_msgs/msg/vehicle_report_pedal.h
-- Up-to-date: /home/linjiawei/load_mcap/install/deva_control_msgs/include/deva_control_msgs/deva_control_msgs/msg/vehicle_status_command.h
-- Up-to-date: /home/linjiawei/load_mcap/install/deva_control_msgs/include/deva_control_msgs/deva_control_msgs/msg/wheel_speed.h
-- Up-to-date: /home/linjiawei/load_mcap/install/deva_control_msgs/share/deva_control_msgs/environment/library_path.sh
-- Up-to-date: /home/linjiawei/load_mcap/install/deva_control_msgs/share/deva_control_msgs/environment/library_path.dsv
-- Up-to-date: /home/linjiawei/load_mcap/install/deva_control_msgs/lib/libdeva_control_msgs__rosidl_generator_c.so
-- Up-to-date: /home/linjiawei/load_mcap/install/deva_control_msgs/include/deva_control_msgs/deva_control_msgs
-- Up-to-date: /home/linjiawei/load_mcap/install/deva_control_msgs/include/deva_control_msgs/deva_control_msgs/msg
-- Up-to-date: /home/linjiawei/load_mcap/install/deva_control_msgs/include/deva_control_msgs/deva_control_msgs/msg/rosidl_typesupport_fastrtps_c__visibility_control.h
-- Up-to-date: /home/linjiawei/load_mcap/install/deva_control_msgs/include/deva_control_msgs/deva_control_msgs/msg/detail
-- Up-to-date: /home/linjiawei/load_mcap/install/deva_control_msgs/include/deva_control_msgs/deva_control_msgs/msg/detail/control_debug_signal__rosidl_typesupport_fastrtps_c.h
-- Up-to-date: /home/linjiawei/load_mcap/install/deva_control_msgs/include/deva_control_msgs/deva_control_msgs/msg/detail/control_monitor_msg__rosidl_typesupport_fastrtps_c.h
-- Up-to-date: /home/linjiawei/load_mcap/install/deva_control_msgs/include/deva_control_msgs/deva_control_msgs/msg/detail/control_result__rosidl_typesupport_fastrtps_c.h
-- Up-to-date: /home/linjiawei/load_mcap/install/deva_control_msgs/include/deva_control_msgs/deva_control_msgs/msg/detail/control_status__rosidl_typesupport_fastrtps_c.h
-- Up-to-date: /home/linjiawei/load_mcap/install/deva_control_msgs/include/deva_control_msgs/deva_control_msgs/msg/detail/control_valid_limit__rosidl_typesupport_fastrtps_c.h
-- Up-to-date: /home/linjiawei/load_mcap/install/deva_control_msgs/include/deva_control_msgs/deva_control_msgs/msg/detail/parking_status__rosidl_typesupport_fastrtps_c.h
-- Up-to-date: /home/linjiawei/load_mcap/install/deva_control_msgs/include/deva_control_msgs/deva_control_msgs/msg/detail/vehicle_control_command__rosidl_typesupport_fastrtps_c.h
-- Up-to-date: /home/linjiawei/load_mcap/install/deva_control_msgs/include/deva_control_msgs/deva_control_msgs/msg/detail/vehicle_enable_command__rosidl_typesupport_fastrtps_c.h
-- Up-to-date: /home/linjiawei/load_mcap/install/deva_control_msgs/include/deva_control_msgs/deva_control_msgs/msg/detail/vehicle_limit_value__rosidl_typesupport_fastrtps_c.h
-- Up-to-date: /home/linjiawei/load_mcap/install/deva_control_msgs/include/deva_control_msgs/deva_control_msgs/msg/detail/vehicle_report_belt__rosidl_typesupport_fastrtps_c.h
-- Up-to-date: /home/linjiawei/load_mcap/install/deva_control_msgs/include/deva_control_msgs/deva_control_msgs/msg/detail/vehicle_report_common__rosidl_typesupport_fastrtps_c.h
-- Up-to-date: /home/linjiawei/load_mcap/install/deva_control_msgs/include/deva_control_msgs/deva_control_msgs/msg/detail/vehicle_report_pedal__rosidl_typesupport_fastrtps_c.h
-- Up-to-date: /home/linjiawei/load_mcap/install/deva_control_msgs/include/deva_control_msgs/deva_control_msgs/msg/detail/vehicle_status_command__rosidl_typesupport_fastrtps_c.h
-- Up-to-date: /home/linjiawei/load_mcap/install/deva_control_msgs/include/deva_control_msgs/deva_control_msgs/msg/detail/wheel_speed__rosidl_typesupport_fastrtps_c.h
-- Up-to-date: /home/linjiawei/load_mcap/install/deva_control_msgs/lib/libdeva_control_msgs__rosidl_typesupport_fastrtps_c.so
-- Up-to-date: /home/linjiawei/load_mcap/install/deva_control_msgs/include/deva_control_msgs/deva_control_msgs
-- Up-to-date: /home/linjiawei/load_mcap/install/deva_control_msgs/include/deva_control_msgs/deva_control_msgs/msg
-- Up-to-date: /home/linjiawei/load_mcap/install/deva_control_msgs/include/deva_control_msgs/deva_control_msgs/msg/rosidl_typesupport_introspection_c__visibility_control.h
-- Up-to-date: /home/linjiawei/load_mcap/install/deva_control_msgs/include/deva_control_msgs/deva_control_msgs/msg/detail
-- Up-to-date: /home/linjiawei/load_mcap/install/deva_control_msgs/include/deva_control_msgs/deva_control_msgs/msg/detail/control_debug_signal__rosidl_typesupport_introspection_c.h
-- Up-to-date: /home/linjiawei/load_mcap/install/deva_control_msgs/include/deva_control_msgs/deva_control_msgs/msg/detail/control_debug_signal__type_support.c
-- Up-to-date: /home/linjiawei/load_mcap/install/deva_control_msgs/include/deva_control_msgs/deva_control_msgs/msg/detail/control_monitor_msg__rosidl_typesupport_introspection_c.h
-- Up-to-date: /home/linjiawei/load_mcap/install/deva_control_msgs/include/deva_control_msgs/deva_control_msgs/msg/detail/control_monitor_msg__type_support.c
-- Up-to-date: /home/linjiawei/load_mcap/install/deva_control_msgs/include/deva_control_msgs/deva_control_msgs/msg/detail/control_result__rosidl_typesupport_introspection_c.h
-- Up-to-date: /home/linjiawei/load_mcap/install/deva_control_msgs/include/deva_control_msgs/deva_control_msgs/msg/detail/control_result__type_support.c
-- Up-to-date: /home/linjiawei/load_mcap/install/deva_control_msgs/include/deva_control_msgs/deva_control_msgs/msg/detail/control_status__rosidl_typesupport_introspection_c.h
-- Up-to-date: /home/linjiawei/load_mcap/install/deva_control_msgs/include/deva_control_msgs/deva_control_msgs/msg/detail/control_status__type_support.c
-- Up-to-date: /home/linjiawei/load_mcap/install/deva_control_msgs/include/deva_control_msgs/deva_control_msgs/msg/detail/control_valid_limit__rosidl_typesupport_introspection_c.h
-- Up-to-date: /home/linjiawei/load_mcap/install/deva_control_msgs/include/deva_control_msgs/deva_control_msgs/msg/detail/control_valid_limit__type_support.c
-- Up-to-date: /home/linjiawei/load_mcap/install/deva_control_msgs/include/deva_control_msgs/deva_control_msgs/msg/detail/parking_status__rosidl_typesupport_introspection_c.h
-- Up-to-date: /home/linjiawei/load_mcap/install/deva_control_msgs/include/deva_control_msgs/deva_control_msgs/msg/detail/parking_status__type_support.c
-- Up-to-date: /home/linjiawei/load_mcap/install/deva_control_msgs/include/deva_control_msgs/deva_control_msgs/msg/detail/vehicle_control_command__rosidl_typesupport_introspection_c.h
-- Up-to-date: /home/linjiawei/load_mcap/install/deva_control_msgs/include/deva_control_msgs/deva_control_msgs/msg/detail/vehicle_control_command__type_support.c
-- Up-to-date: /home/linjiawei/load_mcap/install/deva_control_msgs/include/deva_control_msgs/deva_control_msgs/msg/detail/vehicle_enable_command__rosidl_typesupport_introspection_c.h
-- Up-to-date: /home/linjiawei/load_mcap/install/deva_control_msgs/include/deva_control_msgs/deva_control_msgs/msg/detail/vehicle_enable_command__type_support.c
-- Up-to-date: /home/linjiawei/load_mcap/install/deva_control_msgs/include/deva_control_msgs/deva_control_msgs/msg/detail/vehicle_limit_value__rosidl_typesupport_introspection_c.h
-- Up-to-date: /home/linjiawei/load_mcap/install/deva_control_msgs/include/deva_control_msgs/deva_control_msgs/msg/detail/vehicle_limit_value__type_support.c
-- Up-to-date: /home/linjiawei/load_mcap/install/deva_control_msgs/include/deva_control_msgs/deva_control_msgs/msg/detail/vehicle_report_belt__rosidl_typesupport_introspection_c.h
-- Up-to-date: /home/linjiawei/load_mcap/install/deva_control_msgs/include/deva_control_msgs/deva_control_msgs/msg/detail/vehicle_report_belt__type_support.c
-- Up-to-date: /home/linjiawei/load_mcap/install/deva_control_msgs/include/deva_control_msgs/deva_control_msgs/msg/detail/vehicle_report_common__rosidl_typesupport_introspection_c.h
-- Up-to-date: /home/linjiawei/load_mcap/install/deva_control_msgs/include/deva_control_msgs/deva_control_msgs/msg/detail/vehicle_report_common__type_support.c
-- Up-to-date: /home/linjiawei/load_mcap/install/deva_control_msgs/include/deva_control_msgs/deva_control_msgs/msg/detail/vehicle_report_pedal__rosidl_typesupport_introspection_c.h
-- Up-to-date: /home/linjiawei/load_mcap/install/deva_control_msgs/include/deva_control_msgs/deva_control_msgs/msg/detail/vehicle_report_pedal__type_support.c
-- Up-to-date: /home/linjiawei/load_mcap/install/deva_control_msgs/include/deva_control_msgs/deva_control_msgs/msg/detail/vehicle_status_command__rosidl_typesupport_introspection_c.h
-- Up-to-date: /home/linjiawei/load_mcap/install/deva_control_msgs/include/deva_control_msgs/deva_control_msgs/msg/detail/vehicle_status_command__type_support.c
-- Up-to-date: /home/linjiawei/load_mcap/install/deva_control_msgs/include/deva_control_msgs/deva_control_msgs/msg/detail/wheel_speed__rosidl_typesupport_introspection_c.h
-- Up-to-date: /home/linjiawei/load_mcap/install/deva_control_msgs/include/deva_control_msgs/deva_control_msgs/msg/detail/wheel_speed__type_support.c
-- Up-to-date: /home/linjiawei/load_mcap/install/deva_control_msgs/lib/libdeva_control_msgs__rosidl_typesupport_introspection_c.so
-- Up-to-date: /home/linjiawei/load_mcap/install/deva_control_msgs/lib/libdeva_control_msgs__rosidl_typesupport_c.so
-- Up-to-date: /home/linjiawei/load_mcap/install/deva_control_msgs/include/deva_control_msgs/deva_control_msgs
-- Up-to-date: /home/linjiawei/load_mcap/install/deva_control_msgs/include/deva_control_msgs/deva_control_msgs/msg
-- Up-to-date: /home/linjiawei/load_mcap/install/deva_control_msgs/include/deva_control_msgs/deva_control_msgs/msg/rosidl_generator_cpp__visibility_control.hpp
-- Up-to-date: /home/linjiawei/load_mcap/install/deva_control_msgs/include/deva_control_msgs/deva_control_msgs/msg/control_debug_signal.hpp
-- Up-to-date: /home/linjiawei/load_mcap/install/deva_control_msgs/include/deva_control_msgs/deva_control_msgs/msg/detail
-- Up-to-date: /home/linjiawei/load_mcap/install/deva_control_msgs/include/deva_control_msgs/deva_control_msgs/msg/detail/control_debug_signal__builder.hpp
-- Up-to-date: /home/linjiawei/load_mcap/install/deva_control_msgs/include/deva_control_msgs/deva_control_msgs/msg/detail/control_debug_signal__struct.hpp
-- Up-to-date: /home/linjiawei/load_mcap/install/deva_control_msgs/include/deva_control_msgs/deva_control_msgs/msg/detail/control_debug_signal__traits.hpp
-- Up-to-date: /home/linjiawei/load_mcap/install/deva_control_msgs/include/deva_control_msgs/deva_control_msgs/msg/detail/control_debug_signal__type_support.hpp
-- Up-to-date: /home/linjiawei/load_mcap/install/deva_control_msgs/include/deva_control_msgs/deva_control_msgs/msg/detail/control_monitor_msg__builder.hpp
-- Up-to-date: /home/linjiawei/load_mcap/install/deva_control_msgs/include/deva_control_msgs/deva_control_msgs/msg/detail/control_monitor_msg__struct.hpp
-- Up-to-date: /home/linjiawei/load_mcap/install/deva_control_msgs/include/deva_control_msgs/deva_control_msgs/msg/detail/control_monitor_msg__traits.hpp
-- Up-to-date: /home/linjiawei/load_mcap/install/deva_control_msgs/include/deva_control_msgs/deva_control_msgs/msg/detail/control_monitor_msg__type_support.hpp
-- Up-to-date: /home/linjiawei/load_mcap/install/deva_control_msgs/include/deva_control_msgs/deva_control_msgs/msg/detail/control_result__builder.hpp
-- Up-to-date: /home/linjiawei/load_mcap/install/deva_control_msgs/include/deva_control_msgs/deva_control_msgs/msg/detail/control_result__struct.hpp
-- Up-to-date: /home/linjiawei/load_mcap/install/deva_control_msgs/include/deva_control_msgs/deva_control_msgs/msg/detail/control_result__traits.hpp
-- Up-to-date: /home/linjiawei/load_mcap/install/deva_control_msgs/include/deva_control_msgs/deva_control_msgs/msg/detail/control_result__type_support.hpp
-- Up-to-date: /home/linjiawei/load_mcap/install/deva_control_msgs/include/deva_control_msgs/deva_control_msgs/msg/detail/control_status__builder.hpp
-- Up-to-date: /home/linjiawei/load_mcap/install/deva_control_msgs/include/deva_control_msgs/deva_control_msgs/msg/detail/control_status__struct.hpp
-- Up-to-date: /home/linjiawei/load_mcap/install/deva_control_msgs/include/deva_control_msgs/deva_control_msgs/msg/detail/control_status__traits.hpp
-- Up-to-date: /home/linjiawei/load_mcap/install/deva_control_msgs/include/deva_control_msgs/deva_control_msgs/msg/detail/control_status__type_support.hpp
-- Up-to-date: /home/linjiawei/load_mcap/install/deva_control_msgs/include/deva_control_msgs/deva_control_msgs/msg/detail/control_valid_limit__builder.hpp
-- Up-to-date: /home/linjiawei/load_mcap/install/deva_control_msgs/include/deva_control_msgs/deva_control_msgs/msg/detail/control_valid_limit__struct.hpp
-- Up-to-date: /home/linjiawei/load_mcap/install/deva_control_msgs/include/deva_control_msgs/deva_control_msgs/msg/detail/control_valid_limit__traits.hpp
-- Up-to-date: /home/linjiawei/load_mcap/install/deva_control_msgs/include/deva_control_msgs/deva_control_msgs/msg/detail/control_valid_limit__type_support.hpp
-- Up-to-date: /home/linjiawei/load_mcap/install/deva_control_msgs/include/deva_control_msgs/deva_control_msgs/msg/detail/parking_status__builder.hpp
-- Up-to-date: /home/linjiawei/load_mcap/install/deva_control_msgs/include/deva_control_msgs/deva_control_msgs/msg/detail/parking_status__struct.hpp
-- Up-to-date: /home/linjiawei/load_mcap/install/deva_control_msgs/include/deva_control_msgs/deva_control_msgs/msg/detail/parking_status__traits.hpp
-- Up-to-date: /home/linjiawei/load_mcap/install/deva_control_msgs/include/deva_control_msgs/deva_control_msgs/msg/detail/parking_status__type_support.hpp
-- Up-to-date: /home/linjiawei/load_mcap/install/deva_control_msgs/include/deva_control_msgs/deva_control_msgs/msg/detail/vehicle_control_command__builder.hpp
-- Up-to-date: /home/linjiawei/load_mcap/install/deva_control_msgs/include/deva_control_msgs/deva_control_msgs/msg/detail/vehicle_control_command__struct.hpp
-- Up-to-date: /home/linjiawei/load_mcap/install/deva_control_msgs/include/deva_control_msgs/deva_control_msgs/msg/detail/vehicle_control_command__traits.hpp
-- Up-to-date: /home/linjiawei/load_mcap/install/deva_control_msgs/include/deva_control_msgs/deva_control_msgs/msg/detail/vehicle_control_command__type_support.hpp
-- Up-to-date: /home/linjiawei/load_mcap/install/deva_control_msgs/include/deva_control_msgs/deva_control_msgs/msg/detail/vehicle_enable_command__builder.hpp
-- Up-to-date: /home/linjiawei/load_mcap/install/deva_control_msgs/include/deva_control_msgs/deva_control_msgs/msg/detail/vehicle_enable_command__struct.hpp
-- Up-to-date: /home/linjiawei/load_mcap/install/deva_control_msgs/include/deva_control_msgs/deva_control_msgs/msg/detail/vehicle_enable_command__traits.hpp
-- Up-to-date: /home/linjiawei/load_mcap/install/deva_control_msgs/include/deva_control_msgs/deva_control_msgs/msg/detail/vehicle_enable_command__type_support.hpp
-- Up-to-date: /home/linjiawei/load_mcap/install/deva_control_msgs/include/deva_control_msgs/deva_control_msgs/msg/detail/vehicle_limit_value__builder.hpp
-- Up-to-date: /home/linjiawei/load_mcap/install/deva_control_msgs/include/deva_control_msgs/deva_control_msgs/msg/detail/vehicle_limit_value__struct.hpp
-- Up-to-date: /home/linjiawei/load_mcap/install/deva_control_msgs/include/deva_control_msgs/deva_control_msgs/msg/detail/vehicle_limit_value__traits.hpp
-- Up-to-date: /home/linjiawei/load_mcap/install/deva_control_msgs/include/deva_control_msgs/deva_control_msgs/msg/detail/vehicle_limit_value__type_support.hpp
-- Up-to-date: /home/linjiawei/load_mcap/install/deva_control_msgs/include/deva_control_msgs/deva_control_msgs/msg/detail/vehicle_report_belt__builder.hpp
-- Up-to-date: /home/linjiawei/load_mcap/install/deva_control_msgs/include/deva_control_msgs/deva_control_msgs/msg/detail/vehicle_report_belt__struct.hpp
-- Up-to-date: /home/linjiawei/load_mcap/install/deva_control_msgs/include/deva_control_msgs/deva_control_msgs/msg/detail/vehicle_report_belt__traits.hpp
-- Up-to-date: /home/linjiawei/load_mcap/install/deva_control_msgs/include/deva_control_msgs/deva_control_msgs/msg/detail/vehicle_report_belt__type_support.hpp
-- Up-to-date: /home/linjiawei/load_mcap/install/deva_control_msgs/include/deva_control_msgs/deva_control_msgs/msg/detail/vehicle_report_common__builder.hpp
-- Up-to-date: /home/linjiawei/load_mcap/install/deva_control_msgs/include/deva_control_msgs/deva_control_msgs/msg/detail/vehicle_report_common__struct.hpp
-- Up-to-date: /home/linjiawei/load_mcap/install/deva_control_msgs/include/deva_control_msgs/deva_control_msgs/msg/detail/vehicle_report_common__traits.hpp
-- Up-to-date: /home/linjiawei/load_mcap/install/deva_control_msgs/include/deva_control_msgs/deva_control_msgs/msg/detail/vehicle_report_common__type_support.hpp
-- Up-to-date: /home/linjiawei/load_mcap/install/deva_control_msgs/include/deva_control_msgs/deva_control_msgs/msg/detail/vehicle_report_pedal__builder.hpp
-- Up-to-date: /home/linjiawei/load_mcap/install/deva_control_msgs/include/deva_control_msgs/deva_control_msgs/msg/detail/vehicle_report_pedal__struct.hpp
-- Up-to-date: /home/linjiawei/load_mcap/install/deva_control_msgs/include/deva_control_msgs/deva_control_msgs/msg/detail/vehicle_report_pedal__traits.hpp
-- Up-to-date: /home/linjiawei/load_mcap/install/deva_control_msgs/include/deva_control_msgs/deva_control_msgs/msg/detail/vehicle_report_pedal__type_support.hpp
-- Up-to-date: /home/linjiawei/load_mcap/install/deva_control_msgs/include/deva_control_msgs/deva_control_msgs/msg/detail/vehicle_status_command__builder.hpp
-- Up-to-date: /home/linjiawei/load_mcap/install/deva_control_msgs/include/deva_control_msgs/deva_control_msgs/msg/detail/vehicle_status_command__struct.hpp
-- Up-to-date: /home/linjiawei/load_mcap/install/deva_control_msgs/include/deva_control_msgs/deva_control_msgs/msg/detail/vehicle_status_command__traits.hpp
-- Up-to-date: /home/linjiawei/load_mcap/install/deva_control_msgs/include/deva_control_msgs/deva_control_msgs/msg/detail/vehicle_status_command__type_support.hpp
-- Up-to-date: /home/linjiawei/load_mcap/install/deva_control_msgs/include/deva_control_msgs/deva_control_msgs/msg/detail/wheel_speed__builder.hpp
-- Up-to-date: /home/linjiawei/load_mcap/install/deva_control_msgs/include/deva_control_msgs/deva_control_msgs/msg/detail/wheel_speed__struct.hpp
-- Up-to-date: /home/linjiawei/load_mcap/install/deva_control_msgs/include/deva_control_msgs/deva_control_msgs/msg/detail/wheel_speed__traits.hpp
-- Up-to-date: /home/linjiawei/load_mcap/install/deva_control_msgs/include/deva_control_msgs/deva_control_msgs/msg/detail/wheel_speed__type_support.hpp
-- Up-to-date: /home/linjiawei/load_mcap/install/deva_control_msgs/include/deva_control_msgs/deva_control_msgs/msg/control_monitor_msg.hpp
-- Up-to-date: /home/linjiawei/load_mcap/install/deva_control_msgs/include/deva_control_msgs/deva_control_msgs/msg/control_result.hpp
-- Up-to-date: /home/linjiawei/load_mcap/install/deva_control_msgs/include/deva_control_msgs/deva_control_msgs/msg/control_status.hpp
-- Up-to-date: /home/linjiawei/load_mcap/install/deva_control_msgs/include/deva_control_msgs/deva_control_msgs/msg/control_valid_limit.hpp
-- Up-to-date: /home/linjiawei/load_mcap/install/deva_control_msgs/include/deva_control_msgs/deva_control_msgs/msg/parking_status.hpp
-- Up-to-date: /home/linjiawei/load_mcap/install/deva_control_msgs/include/deva_control_msgs/deva_control_msgs/msg/vehicle_control_command.hpp
-- Up-to-date: /home/linjiawei/load_mcap/install/deva_control_msgs/include/deva_control_msgs/deva_control_msgs/msg/vehicle_enable_command.hpp
-- Up-to-date: /home/linjiawei/load_mcap/install/deva_control_msgs/include/deva_control_msgs/deva_control_msgs/msg/vehicle_limit_value.hpp
-- Up-to-date: /home/linjiawei/load_mcap/install/deva_control_msgs/include/deva_control_msgs/deva_control_msgs/msg/vehicle_report_belt.hpp
-- Up-to-date: /home/linjiawei/load_mcap/install/deva_control_msgs/include/deva_control_msgs/deva_control_msgs/msg/vehicle_report_common.hpp
-- Up-to-date: /home/linjiawei/load_mcap/install/deva_control_msgs/include/deva_control_msgs/deva_control_msgs/msg/vehicle_report_pedal.hpp
-- Up-to-date: /home/linjiawei/load_mcap/install/deva_control_msgs/include/deva_control_msgs/deva_control_msgs/msg/vehicle_status_command.hpp
-- Up-to-date: /home/linjiawei/load_mcap/install/deva_control_msgs/include/deva_control_msgs/deva_control_msgs/msg/wheel_speed.hpp
-- Up-to-date: /home/linjiawei/load_mcap/install/deva_control_msgs/include/deva_control_msgs/deva_control_msgs
-- Up-to-date: /home/linjiawei/load_mcap/install/deva_control_msgs/include/deva_control_msgs/deva_control_msgs/msg
-- Up-to-date: /home/linjiawei/load_mcap/install/deva_control_msgs/include/deva_control_msgs/deva_control_msgs/msg/rosidl_typesupport_fastrtps_cpp__visibility_control.h
-- Up-to-date: /home/linjiawei/load_mcap/install/deva_control_msgs/include/deva_control_msgs/deva_control_msgs/msg/detail
-- Up-to-date: /home/linjiawei/load_mcap/install/deva_control_msgs/include/deva_control_msgs/deva_control_msgs/msg/detail/control_debug_signal__rosidl_typesupport_fastrtps_cpp.hpp
-- Up-to-date: /home/linjiawei/load_mcap/install/deva_control_msgs/include/deva_control_msgs/deva_control_msgs/msg/detail/dds_fastrtps
-- Up-to-date: /home/linjiawei/load_mcap/install/deva_control_msgs/include/deva_control_msgs/deva_control_msgs/msg/detail/control_monitor_msg__rosidl_typesupport_fastrtps_cpp.hpp
-- Up-to-date: /home/linjiawei/load_mcap/install/deva_control_msgs/include/deva_control_msgs/deva_control_msgs/msg/detail/control_result__rosidl_typesupport_fastrtps_cpp.hpp
-- Up-to-date: /home/linjiawei/load_mcap/install/deva_control_msgs/include/deva_control_msgs/deva_control_msgs/msg/detail/control_status__rosidl_typesupport_fastrtps_cpp.hpp
-- Up-to-date: /home/linjiawei/load_mcap/install/deva_control_msgs/include/deva_control_msgs/deva_control_msgs/msg/detail/control_valid_limit__rosidl_typesupport_fastrtps_cpp.hpp
-- Up-to-date: /home/linjiawei/load_mcap/install/deva_control_msgs/include/deva_control_msgs/deva_control_msgs/msg/detail/parking_status__rosidl_typesupport_fastrtps_cpp.hpp
-- Up-to-date: /home/linjiawei/load_mcap/install/deva_control_msgs/include/deva_control_msgs/deva_control_msgs/msg/detail/vehicle_control_command__rosidl_typesupport_fastrtps_cpp.hpp
-- Up-to-date: /home/linjiawei/load_mcap/install/deva_control_msgs/include/deva_control_msgs/deva_control_msgs/msg/detail/vehicle_enable_command__rosidl_typesupport_fastrtps_cpp.hpp
-- Up-to-date: /home/linjiawei/load_mcap/install/deva_control_msgs/include/deva_control_msgs/deva_control_msgs/msg/detail/vehicle_limit_value__rosidl_typesupport_fastrtps_cpp.hpp
-- Up-to-date: /home/linjiawei/load_mcap/install/deva_control_msgs/include/deva_control_msgs/deva_control_msgs/msg/detail/vehicle_report_belt__rosidl_typesupport_fastrtps_cpp.hpp
-- Up-to-date: /home/linjiawei/load_mcap/install/deva_control_msgs/include/deva_control_msgs/deva_control_msgs/msg/detail/vehicle_report_common__rosidl_typesupport_fastrtps_cpp.hpp
-- Up-to-date: /home/linjiawei/load_mcap/install/deva_control_msgs/include/deva_control_msgs/deva_control_msgs/msg/detail/vehicle_report_pedal__rosidl_typesupport_fastrtps_cpp.hpp
-- Up-to-date: /home/linjiawei/load_mcap/install/deva_control_msgs/include/deva_control_msgs/deva_control_msgs/msg/detail/vehicle_status_command__rosidl_typesupport_fastrtps_cpp.hpp
-- Up-to-date: /home/linjiawei/load_mcap/install/deva_control_msgs/include/deva_control_msgs/deva_control_msgs/msg/detail/wheel_speed__rosidl_typesupport_fastrtps_cpp.hpp
-- Up-to-date: /home/linjiawei/load_mcap/install/deva_control_msgs/lib/libdeva_control_msgs__rosidl_typesupport_fastrtps_cpp.so
-- Up-to-date: /home/linjiawei/load_mcap/install/deva_control_msgs/include/deva_control_msgs/deva_control_msgs
-- Up-to-date: /home/linjiawei/load_mcap/install/deva_control_msgs/include/deva_control_msgs/deva_control_msgs/msg
-- Up-to-date: /home/linjiawei/load_mcap/install/deva_control_msgs/include/deva_control_msgs/deva_control_msgs/msg/detail
-- Up-to-date: /home/linjiawei/load_mcap/install/deva_control_msgs/include/deva_control_msgs/deva_control_msgs/msg/detail/control_debug_signal__rosidl_typesupport_introspection_cpp.hpp
-- Up-to-date: /home/linjiawei/load_mcap/install/deva_control_msgs/include/deva_control_msgs/deva_control_msgs/msg/detail/control_debug_signal__type_support.cpp
-- Up-to-date: /home/linjiawei/load_mcap/install/deva_control_msgs/include/deva_control_msgs/deva_control_msgs/msg/detail/control_monitor_msg__rosidl_typesupport_introspection_cpp.hpp
-- Up-to-date: /home/linjiawei/load_mcap/install/deva_control_msgs/include/deva_control_msgs/deva_control_msgs/msg/detail/control_monitor_msg__type_support.cpp
-- Up-to-date: /home/linjiawei/load_mcap/install/deva_control_msgs/include/deva_control_msgs/deva_control_msgs/msg/detail/control_result__rosidl_typesupport_introspection_cpp.hpp
-- Up-to-date: /home/linjiawei/load_mcap/install/deva_control_msgs/include/deva_control_msgs/deva_control_msgs/msg/detail/control_result__type_support.cpp
-- Up-to-date: /home/linjiawei/load_mcap/install/deva_control_msgs/include/deva_control_msgs/deva_control_msgs/msg/detail/control_status__rosidl_typesupport_introspection_cpp.hpp
-- Up-to-date: /home/linjiawei/load_mcap/install/deva_control_msgs/include/deva_control_msgs/deva_control_msgs/msg/detail/control_status__type_support.cpp
-- Up-to-date: /home/linjiawei/load_mcap/install/deva_control_msgs/include/deva_control_msgs/deva_control_msgs/msg/detail/control_valid_limit__rosidl_typesupport_introspection_cpp.hpp
-- Up-to-date: /home/linjiawei/load_mcap/install/deva_control_msgs/include/deva_control_msgs/deva_control_msgs/msg/detail/control_valid_limit__type_support.cpp
-- Up-to-date: /home/linjiawei/load_mcap/install/deva_control_msgs/include/deva_control_msgs/deva_control_msgs/msg/detail/parking_status__rosidl_typesupport_introspection_cpp.hpp
-- Up-to-date: /home/linjiawei/load_mcap/install/deva_control_msgs/include/deva_control_msgs/deva_control_msgs/msg/detail/parking_status__type_support.cpp
-- Up-to-date: /home/linjiawei/load_mcap/install/deva_control_msgs/include/deva_control_msgs/deva_control_msgs/msg/detail/vehicle_control_command__rosidl_typesupport_introspection_cpp.hpp
-- Up-to-date: /home/linjiawei/load_mcap/install/deva_control_msgs/include/deva_control_msgs/deva_control_msgs/msg/detail/vehicle_control_command__type_support.cpp
-- Up-to-date: /home/linjiawei/load_mcap/install/deva_control_msgs/include/deva_control_msgs/deva_control_msgs/msg/detail/vehicle_enable_command__rosidl_typesupport_introspection_cpp.hpp
-- Up-to-date: /home/linjiawei/load_mcap/install/deva_control_msgs/include/deva_control_msgs/deva_control_msgs/msg/detail/vehicle_enable_command__type_support.cpp
-- Up-to-date: /home/linjiawei/load_mcap/install/deva_control_msgs/include/deva_control_msgs/deva_control_msgs/msg/detail/vehicle_limit_value__rosidl_typesupport_introspection_cpp.hpp
-- Up-to-date: /home/linjiawei/load_mcap/install/deva_control_msgs/include/deva_control_msgs/deva_control_msgs/msg/detail/vehicle_limit_value__type_support.cpp
-- Up-to-date: /home/linjiawei/load_mcap/install/deva_control_msgs/include/deva_control_msgs/deva_control_msgs/msg/detail/vehicle_report_belt__rosidl_typesupport_introspection_cpp.hpp
-- Up-to-date: /home/linjiawei/load_mcap/install/deva_control_msgs/include/deva_control_msgs/deva_control_msgs/msg/detail/vehicle_report_belt__type_support.cpp
-- Up-to-date: /home/linjiawei/load_mcap/install/deva_control_msgs/include/deva_control_msgs/deva_control_msgs/msg/detail/vehicle_report_common__rosidl_typesupport_introspection_cpp.hpp
-- Up-to-date: /home/linjiawei/load_mcap/install/deva_control_msgs/include/deva_control_msgs/deva_control_msgs/msg/detail/vehicle_report_common__type_support.cpp
-- Up-to-date: /home/linjiawei/load_mcap/install/deva_control_msgs/include/deva_control_msgs/deva_control_msgs/msg/detail/vehicle_report_pedal__rosidl_typesupport_introspection_cpp.hpp
-- Up-to-date: /home/linjiawei/load_mcap/install/deva_control_msgs/include/deva_control_msgs/deva_control_msgs/msg/detail/vehicle_report_pedal__type_support.cpp
-- Up-to-date: /home/linjiawei/load_mcap/install/deva_control_msgs/include/deva_control_msgs/deva_control_msgs/msg/detail/vehicle_status_command__rosidl_typesupport_introspection_cpp.hpp
-- Up-to-date: /home/linjiawei/load_mcap/install/deva_control_msgs/include/deva_control_msgs/deva_control_msgs/msg/detail/vehicle_status_command__type_support.cpp
-- Up-to-date: /home/linjiawei/load_mcap/install/deva_control_msgs/include/deva_control_msgs/deva_control_msgs/msg/detail/wheel_speed__rosidl_typesupport_introspection_cpp.hpp
-- Up-to-date: /home/linjiawei/load_mcap/install/deva_control_msgs/include/deva_control_msgs/deva_control_msgs/msg/detail/wheel_speed__type_support.cpp
-- Up-to-date: /home/linjiawei/load_mcap/install/deva_control_msgs/lib/libdeva_control_msgs__rosidl_typesupport_introspection_cpp.so
-- Up-to-date: /home/linjiawei/load_mcap/install/deva_control_msgs/lib/libdeva_control_msgs__rosidl_typesupport_cpp.so
-- Up-to-date: /home/linjiawei/load_mcap/install/deva_control_msgs/share/deva_control_msgs/environment/pythonpath.sh
-- Up-to-date: /home/linjiawei/load_mcap/install/deva_control_msgs/share/deva_control_msgs/environment/pythonpath.dsv
-- Up-to-date: /home/linjiawei/load_mcap/install/deva_control_msgs/local/lib/python3.10/dist-packages/deva_control_msgs-0.0.0-py3.10.egg-info
-- Installing: /home/linjiawei/load_mcap/install/deva_control_msgs/local/lib/python3.10/dist-packages/deva_control_msgs-0.0.0-py3.10.egg-info/PKG-INFO
-- Installing: /home/linjiawei/load_mcap/install/deva_control_msgs/local/lib/python3.10/dist-packages/deva_control_msgs-0.0.0-py3.10.egg-info/dependency_links.txt
-- Installing: /home/linjiawei/load_mcap/install/deva_control_msgs/local/lib/python3.10/dist-packages/deva_control_msgs-0.0.0-py3.10.egg-info/top_level.txt
-- Installing: /home/linjiawei/load_mcap/install/deva_control_msgs/local/lib/python3.10/dist-packages/deva_control_msgs-0.0.0-py3.10.egg-info/SOURCES.txt
-- Up-to-date: /home/linjiawei/load_mcap/install/deva_control_msgs/local/lib/python3.10/dist-packages/deva_control_msgs
-- Up-to-date: /home/linjiawei/load_mcap/install/deva_control_msgs/local/lib/python3.10/dist-packages/deva_control_msgs/__init__.py
-- Up-to-date: /home/linjiawei/load_mcap/install/deva_control_msgs/local/lib/python3.10/dist-packages/deva_control_msgs/msg
-- Up-to-date: /home/linjiawei/load_mcap/install/deva_control_msgs/local/lib/python3.10/dist-packages/deva_control_msgs/msg/_control_debug_signal.py
-- Up-to-date: /home/linjiawei/load_mcap/install/deva_control_msgs/local/lib/python3.10/dist-packages/deva_control_msgs/msg/_control_debug_signal_s.c
-- Up-to-date: /home/linjiawei/load_mcap/install/deva_control_msgs/local/lib/python3.10/dist-packages/deva_control_msgs/msg/_control_monitor_msg.py
-- Up-to-date: /home/linjiawei/load_mcap/install/deva_control_msgs/local/lib/python3.10/dist-packages/deva_control_msgs/msg/_control_monitor_msg_s.c
-- Up-to-date: /home/linjiawei/load_mcap/install/deva_control_msgs/local/lib/python3.10/dist-packages/deva_control_msgs/msg/_control_result.py
-- Up-to-date: /home/linjiawei/load_mcap/install/deva_control_msgs/local/lib/python3.10/dist-packages/deva_control_msgs/msg/_control_result_s.c
-- Up-to-date: /home/linjiawei/load_mcap/install/deva_control_msgs/local/lib/python3.10/dist-packages/deva_control_msgs/msg/_control_status.py
-- Up-to-date: /home/linjiawei/load_mcap/install/deva_control_msgs/local/lib/python3.10/dist-packages/deva_control_msgs/msg/_control_status_s.c
-- Up-to-date: /home/linjiawei/load_mcap/install/deva_control_msgs/local/lib/python3.10/dist-packages/deva_control_msgs/msg/_control_valid_limit.py
-- Up-to-date: /home/linjiawei/load_mcap/install/deva_control_msgs/local/lib/python3.10/dist-packages/deva_control_msgs/msg/_control_valid_limit_s.c
-- Up-to-date: /home/linjiawei/load_mcap/install/deva_control_msgs/local/lib/python3.10/dist-packages/deva_control_msgs/msg/_parking_status.py
-- Up-to-date: /home/linjiawei/load_mcap/install/deva_control_msgs/local/lib/python3.10/dist-packages/deva_control_msgs/msg/_parking_status_s.c
-- Up-to-date: /home/linjiawei/load_mcap/install/deva_control_msgs/local/lib/python3.10/dist-packages/deva_control_msgs/msg/_vehicle_control_command.py
-- Up-to-date: /home/linjiawei/load_mcap/install/deva_control_msgs/local/lib/python3.10/dist-packages/deva_control_msgs/msg/_vehicle_control_command_s.c
-- Up-to-date: /home/linjiawei/load_mcap/install/deva_control_msgs/local/lib/python3.10/dist-packages/deva_control_msgs/msg/_vehicle_enable_command.py
-- Up-to-date: /home/linjiawei/load_mcap/install/deva_control_msgs/local/lib/python3.10/dist-packages/deva_control_msgs/msg/_vehicle_enable_command_s.c
-- Up-to-date: /home/linjiawei/load_mcap/install/deva_control_msgs/local/lib/python3.10/dist-packages/deva_control_msgs/msg/_vehicle_limit_value.py
-- Up-to-date: /home/linjiawei/load_mcap/install/deva_control_msgs/local/lib/python3.10/dist-packages/deva_control_msgs/msg/_vehicle_limit_value_s.c
-- Up-to-date: /home/linjiawei/load_mcap/install/deva_control_msgs/local/lib/python3.10/dist-packages/deva_control_msgs/msg/_vehicle_report_belt.py
-- Up-to-date: /home/linjiawei/load_mcap/install/deva_control_msgs/local/lib/python3.10/dist-packages/deva_control_msgs/msg/_vehicle_report_belt_s.c
-- Up-to-date: /home/linjiawei/load_mcap/install/deva_control_msgs/local/lib/python3.10/dist-packages/deva_control_msgs/msg/_vehicle_report_common.py
-- Up-to-date: /home/linjiawei/load_mcap/install/deva_control_msgs/local/lib/python3.10/dist-packages/deva_control_msgs/msg/_vehicle_report_common_s.c
-- Up-to-date: /home/linjiawei/load_mcap/install/deva_control_msgs/local/lib/python3.10/dist-packages/deva_control_msgs/msg/_vehicle_report_pedal.py
-- Up-to-date: /home/linjiawei/load_mcap/install/deva_control_msgs/local/lib/python3.10/dist-packages/deva_control_msgs/msg/_vehicle_report_pedal_s.c
-- Up-to-date: /home/linjiawei/load_mcap/install/deva_control_msgs/local/lib/python3.10/dist-packages/deva_control_msgs/msg/_vehicle_status_command.py
-- Up-to-date: /home/linjiawei/load_mcap/install/deva_control_msgs/local/lib/python3.10/dist-packages/deva_control_msgs/msg/_vehicle_status_command_s.c
-- Up-to-date: /home/linjiawei/load_mcap/install/deva_control_msgs/local/lib/python3.10/dist-packages/deva_control_msgs/msg/_wheel_speed.py
-- Up-to-date: /home/linjiawei/load_mcap/install/deva_control_msgs/local/lib/python3.10/dist-packages/deva_control_msgs/msg/_wheel_speed_s.c
-- Up-to-date: /home/linjiawei/load_mcap/install/deva_control_msgs/local/lib/python3.10/dist-packages/deva_control_msgs/msg/__init__.py
-- Up-to-date: /home/linjiawei/load_mcap/install/deva_control_msgs/local/lib/python3.10/dist-packages/deva_control_msgs/_deva_control_msgs_s.ep.rosidl_typesupport_fastrtps_c.c
-- Up-to-date: /home/linjiawei/load_mcap/install/deva_control_msgs/local/lib/python3.10/dist-packages/deva_control_msgs/_deva_control_msgs_s.ep.rosidl_typesupport_introspection_c.c
-- Up-to-date: /home/linjiawei/load_mcap/install/deva_control_msgs/local/lib/python3.10/dist-packages/deva_control_msgs/_deva_control_msgs_s.ep.rosidl_typesupport_c.c
-- Up-to-date: /home/linjiawei/load_mcap/install/deva_control_msgs/local/lib/python3.10/dist-packages/deva_control_msgs/libdeva_control_msgs__rosidl_generator_py.so
-- Up-to-date: /home/linjiawei/load_mcap/install/deva_control_msgs/local/lib/python3.10/dist-packages/deva_control_msgs/deva_control_msgs_s__rosidl_typesupport_c.cpython-310-x86_64-linux-gnu.so
-- Up-to-date: /home/linjiawei/load_mcap/install/deva_control_msgs/local/lib/python3.10/dist-packages/deva_control_msgs/deva_control_msgs_s__rosidl_typesupport_fastrtps_c.cpython-310-x86_64-linux-gnu.so
-- Up-to-date: /home/linjiawei/load_mcap/install/deva_control_msgs/local/lib/python3.10/dist-packages/deva_control_msgs/deva_control_msgs_s__rosidl_typesupport_introspection_c.cpython-310-x86_64-linux-gnu.so
Listing '/home/linjiawei/load_mcap/install/deva_control_msgs/local/lib/python3.10/dist-packages/deva_control_msgs'...
Listing '/home/linjiawei/load_mcap/install/deva_control_msgs/local/lib/python3.10/dist-packages/deva_control_msgs/msg'...
-- Up-to-date: /home/linjiawei/load_mcap/install/deva_control_msgs/local/lib/python3.10/dist-packages/deva_control_msgs/deva_control_msgs_s__rosidl_typesupport_fastrtps_c.cpython-310-x86_64-linux-gnu.so
-- Up-to-date: /home/linjiawei/load_mcap/install/deva_control_msgs/local/lib/python3.10/dist-packages/deva_control_msgs/deva_control_msgs_s__rosidl_typesupport_introspection_c.cpython-310-x86_64-linux-gnu.so
-- Up-to-date: /home/linjiawei/load_mcap/install/deva_control_msgs/local/lib/python3.10/dist-packages/deva_control_msgs/deva_control_msgs_s__rosidl_typesupport_c.cpython-310-x86_64-linux-gnu.so
-- Up-to-date: /home/linjiawei/load_mcap/install/deva_control_msgs/lib/libdeva_control_msgs__rosidl_generator_py.so
-- Up-to-date: /home/linjiawei/load_mcap/install/deva_control_msgs/share/deva_control_msgs/msg/ControlDebugSignal.idl
-- Up-to-date: /home/linjiawei/load_mcap/install/deva_control_msgs/share/deva_control_msgs/msg/ControlMonitorMsg.idl
-- Up-to-date: /home/linjiawei/load_mcap/install/deva_control_msgs/share/deva_control_msgs/msg/ControlResult.idl
-- Up-to-date: /home/linjiawei/load_mcap/install/deva_control_msgs/share/deva_control_msgs/msg/ControlStatus.idl
-- Up-to-date: /home/linjiawei/load_mcap/install/deva_control_msgs/share/deva_control_msgs/msg/ControlValidLimit.idl
-- Up-to-date: /home/linjiawei/load_mcap/install/deva_control_msgs/share/deva_control_msgs/msg/ParkingStatus.idl
-- Up-to-date: /home/linjiawei/load_mcap/install/deva_control_msgs/share/deva_control_msgs/msg/VehicleControlCommand.idl
-- Up-to-date: /home/linjiawei/load_mcap/install/deva_control_msgs/share/deva_control_msgs/msg/VehicleEnableCommand.idl
-- Up-to-date: /home/linjiawei/load_mcap/install/deva_control_msgs/share/deva_control_msgs/msg/VehicleLimitValue.idl
-- Up-to-date: /home/linjiawei/load_mcap/install/deva_control_msgs/share/deva_control_msgs/msg/VehicleReportBelt.idl
-- Up-to-date: /home/linjiawei/load_mcap/install/deva_control_msgs/share/deva_control_msgs/msg/VehicleReportCommon.idl
-- Up-to-date: /home/linjiawei/load_mcap/install/deva_control_msgs/share/deva_control_msgs/msg/VehicleReportPedal.idl
-- Up-to-date: /home/linjiawei/load_mcap/install/deva_control_msgs/share/deva_control_msgs/msg/VehicleStatusCommand.idl
-- Up-to-date: /home/linjiawei/load_mcap/install/deva_control_msgs/share/deva_control_msgs/msg/WheelSpeed.idl
-- Up-to-date: /home/linjiawei/load_mcap/install/deva_control_msgs/share/deva_control_msgs/msg/ControlDebugSignal.msg
-- Up-to-date: /home/linjiawei/load_mcap/install/deva_control_msgs/share/deva_control_msgs/msg/ControlMonitorMsg.msg
-- Up-to-date: /home/linjiawei/load_mcap/install/deva_control_msgs/share/deva_control_msgs/msg/ControlResult.msg
-- Up-to-date: /home/linjiawei/load_mcap/install/deva_control_msgs/share/deva_control_msgs/msg/ControlStatus.msg
-- Up-to-date: /home/linjiawei/load_mcap/install/deva_control_msgs/share/deva_control_msgs/msg/ControlValidLimit.msg
-- Up-to-date: /home/linjiawei/load_mcap/install/deva_control_msgs/share/deva_control_msgs/msg/ParkingStatus.msg
-- Up-to-date: /home/linjiawei/load_mcap/install/deva_control_msgs/share/deva_control_msgs/msg/VehicleControlCommand.msg
-- Up-to-date: /home/linjiawei/load_mcap/install/deva_control_msgs/share/deva_control_msgs/msg/VehicleEnableCommand.msg
-- Up-to-date: /home/linjiawei/load_mcap/install/deva_control_msgs/share/deva_control_msgs/msg/VehicleLimitValue.msg
-- Up-to-date: /home/linjiawei/load_mcap/install/deva_control_msgs/share/deva_control_msgs/msg/VehicleReportBelt.msg
-- Up-to-date: /home/linjiawei/load_mcap/install/deva_control_msgs/share/deva_control_msgs/msg/VehicleReportCommon.msg
-- Up-to-date: /home/linjiawei/load_mcap/install/deva_control_msgs/share/deva_control_msgs/msg/VehicleReportPedal.msg
-- Up-to-date: /home/linjiawei/load_mcap/install/deva_control_msgs/share/deva_control_msgs/msg/VehicleStatusCommand.msg
-- Up-to-date: /home/linjiawei/load_mcap/install/deva_control_msgs/share/deva_control_msgs/msg/WheelSpeed.msg
-- Up-to-date: /home/linjiawei/load_mcap/install/deva_control_msgs/share/ament_index/resource_index/package_run_dependencies/deva_control_msgs
-- Up-to-date: /home/linjiawei/load_mcap/install/deva_control_msgs/share/ament_index/resource_index/parent_prefix_path/deva_control_msgs
-- Up-to-date: /home/linjiawei/load_mcap/install/deva_control_msgs/share/deva_control_msgs/environment/ament_prefix_path.sh
-- Up-to-date: /home/linjiawei/load_mcap/install/deva_control_msgs/share/deva_control_msgs/environment/ament_prefix_path.dsv
-- Up-to-date: /home/linjiawei/load_mcap/install/deva_control_msgs/share/deva_control_msgs/environment/path.sh
-- Up-to-date: /home/linjiawei/load_mcap/install/deva_control_msgs/share/deva_control_msgs/environment/path.dsv
-- Up-to-date: /home/linjiawei/load_mcap/install/deva_control_msgs/share/deva_control_msgs/local_setup.bash
-- Up-to-date: /home/linjiawei/load_mcap/install/deva_control_msgs/share/deva_control_msgs/local_setup.sh
-- Up-to-date: /home/linjiawei/load_mcap/install/deva_control_msgs/share/deva_control_msgs/local_setup.zsh
-- Up-to-date: /home/linjiawei/load_mcap/install/deva_control_msgs/share/deva_control_msgs/local_setup.dsv
-- Installing: /home/linjiawei/load_mcap/install/deva_control_msgs/share/deva_control_msgs/package.dsv
-- Up-to-date: /home/linjiawei/load_mcap/install/deva_control_msgs/share/ament_index/resource_index/packages/deva_control_msgs
-- Up-to-date: /home/linjiawei/load_mcap/install/deva_control_msgs/share/deva_control_msgs/cmake/export_deva_control_msgs__rosidl_generator_cExport.cmake
-- Up-to-date: /home/linjiawei/load_mcap/install/deva_control_msgs/share/deva_control_msgs/cmake/export_deva_control_msgs__rosidl_generator_cExport-noconfig.cmake
-- Up-to-date: /home/linjiawei/load_mcap/install/deva_control_msgs/share/deva_control_msgs/cmake/export_deva_control_msgs__rosidl_typesupport_fastrtps_cExport.cmake
-- Up-to-date: /home/linjiawei/load_mcap/install/deva_control_msgs/share/deva_control_msgs/cmake/export_deva_control_msgs__rosidl_typesupport_fastrtps_cExport-noconfig.cmake
-- Up-to-date: /home/linjiawei/load_mcap/install/deva_control_msgs/share/deva_control_msgs/cmake/deva_control_msgs__rosidl_typesupport_introspection_cExport.cmake
-- Up-to-date: /home/linjiawei/load_mcap/install/deva_control_msgs/share/deva_control_msgs/cmake/deva_control_msgs__rosidl_typesupport_introspection_cExport-noconfig.cmake
-- Up-to-date: /home/linjiawei/load_mcap/install/deva_control_msgs/share/deva_control_msgs/cmake/deva_control_msgs__rosidl_typesupport_cExport.cmake
-- Up-to-date: /home/linjiawei/load_mcap/install/deva_control_msgs/share/deva_control_msgs/cmake/deva_control_msgs__rosidl_typesupport_cExport-noconfig.cmake
-- Up-to-date: /home/linjiawei/load_mcap/install/deva_control_msgs/share/deva_control_msgs/cmake/export_deva_control_msgs__rosidl_generator_cppExport.cmake
-- Up-to-date: /home/linjiawei/load_mcap/install/deva_control_msgs/share/deva_control_msgs/cmake/export_deva_control_msgs__rosidl_typesupport_fastrtps_cppExport.cmake
-- Up-to-date: /home/linjiawei/load_mcap/install/deva_control_msgs/share/deva_control_msgs/cmake/export_deva_control_msgs__rosidl_typesupport_fastrtps_cppExport-noconfig.cmake
-- Up-to-date: /home/linjiawei/load_mcap/install/deva_control_msgs/share/deva_control_msgs/cmake/deva_control_msgs__rosidl_typesupport_introspection_cppExport.cmake
-- Up-to-date: /home/linjiawei/load_mcap/install/deva_control_msgs/share/deva_control_msgs/cmake/deva_control_msgs__rosidl_typesupport_introspection_cppExport-noconfig.cmake
-- Up-to-date: /home/linjiawei/load_mcap/install/deva_control_msgs/share/deva_control_msgs/cmake/deva_control_msgs__rosidl_typesupport_cppExport.cmake
-- Up-to-date: /home/linjiawei/load_mcap/install/deva_control_msgs/share/deva_control_msgs/cmake/deva_control_msgs__rosidl_typesupport_cppExport-noconfig.cmake
-- Up-to-date: /home/linjiawei/load_mcap/install/deva_control_msgs/share/deva_control_msgs/cmake/export_deva_control_msgs__rosidl_generator_pyExport.cmake
-- Up-to-date: /home/linjiawei/load_mcap/install/deva_control_msgs/share/deva_control_msgs/cmake/export_deva_control_msgs__rosidl_generator_pyExport-noconfig.cmake
-- Up-to-date: /home/linjiawei/load_mcap/install/deva_control_msgs/share/deva_control_msgs/cmake/rosidl_cmake-extras.cmake
-- Up-to-date: /home/linjiawei/load_mcap/install/deva_control_msgs/share/deva_control_msgs/cmake/ament_cmake_export_dependencies-extras.cmake
-- Up-to-date: /home/linjiawei/load_mcap/install/deva_control_msgs/share/deva_control_msgs/cmake/ament_cmake_export_include_directories-extras.cmake
-- Up-to-date: /home/linjiawei/load_mcap/install/deva_control_msgs/share/deva_control_msgs/cmake/ament_cmake_export_libraries-extras.cmake
-- Up-to-date: /home/linjiawei/load_mcap/install/deva_control_msgs/share/deva_control_msgs/cmake/ament_cmake_export_targets-extras.cmake
-- Up-to-date: /home/linjiawei/load_mcap/install/deva_control_msgs/share/deva_control_msgs/cmake/rosidl_cmake_export_typesupport_targets-extras.cmake
-- Up-to-date: /home/linjiawei/load_mcap/install/deva_control_msgs/share/deva_control_msgs/cmake/rosidl_cmake_export_typesupport_libraries-extras.cmake
-- Up-to-date: /home/linjiawei/load_mcap/install/deva_control_msgs/share/deva_control_msgs/cmake/deva_control_msgsConfig.cmake
-- Up-to-date: /home/linjiawei/load_mcap/install/deva_control_msgs/share/deva_control_msgs/cmake/deva_control_msgsConfig-version.cmake
-- Up-to-date: /home/linjiawei/load_mcap/install/deva_control_msgs/share/deva_control_msgs/package.xml
