[0.000000] (-) TimerEvent: {}
[0.000225] (-) JobUnselected: {'identifier': 'deva_ads_msgs'}
[0.000258] (-) JobUnselected: {'identifier': 'deva_aeb_msgs'}
[0.000280] (-) JobUnselected: {'identifier': 'deva_common_msgs'}
[0.000300] (-) JobUnselected: {'identifier': 'deva_control_msgs'}
[0.000319] (-) JobUnselected: {'identifier': 'deva_function_msgs'}
[0.000336] (-) JobUnselected: {'identifier': 'deva_gaode_routing_msgs'}
[0.000354] (-) JobUnselected: {'identifier': 'deva_localization_msgs'}
[0.000372] (-) JobUnselected: {'identifier': 'deva_map_msgs'}
[0.000389] (-) JobUnselected: {'identifier': 'deva_mdriver_msgs'}
[0.000406] (-) JobUnselected: {'identifier': 'deva_navi_msgs'}
[0.000423] (-) JobUnselected: {'identifier': 'deva_perception_msgs'}
[0.000440] (-) JobUnselected: {'identifier': 'deva_planning_msgs'}
[0.000458] (-) JobUnselected: {'identifier': 'deva_planning_msgs2'}
[0.000475] (-) JobUnselected: {'identifier': 'environment_model_msgs'}
[0.000493] (-) JobUnselected: {'identifier': 'fault_diagnosis'}
[0.000510] (-) JobUnselected: {'identifier': 'rviz_plug_msg'}
[0.000528] (-) JobUnselected: {'identifier': 'serialize_msgs'}
[0.000550] (mcap_streamer) JobQueued: {'identifier': 'mcap_streamer', 'dependencies': OrderedDict()}
[0.000798] (mcap_streamer) JobStarted: {'identifier': 'mcap_streamer'}
[0.009889] (mcap_streamer) JobProgress: {'identifier': 'mcap_streamer', 'progress': 'cmake'}
[0.010535] (mcap_streamer) JobProgress: {'identifier': 'mcap_streamer', 'progress': 'build'}
[0.011410] (mcap_streamer) Command: {'cmd': ['/usr/bin/cmake', '--build', '/home/linjiawei/load_mcap/build/mcap_streamer', '--', '-j17', '-l17'], 'cwd': '/home/linjiawei/load_mcap/build/mcap_streamer', 'env': OrderedDict([('LESSOPEN', '| /usr/bin/lesspipe %s'), ('VSCODE_CWD', '/home/linjiawei'), ('KUBERNETES_SERVICE_PORT', '443'), ('VSCODE_ESM_ENTRYPOINT', 'vs/workbench/api/node/extensionHostProcess'), ('KUBEBRAIN_SITE', 'mach'), ('KUBERNETES_PORT', 'tcp://10.68.0.1:443'), ('BRAIN_DAEMON_JUPYTER_DIR', '/data/jupyter'), ('USER', 'linjiawei'), ('SSH_CLIENT', '100.96.74.10 41472 22'), ('VSCODE_NLS_CONFIG', '{"userLocale":"zh-cn","osLocale":"zh-cn","resolvedLanguage":"en","defaultMessagesFile":"/home/linjiawei/.cursor-server/bin/ba90f2f88e4911312761abab9492c42442117cf0/out/nls.messages.json","locale":"zh-cn","availableLanguages":{}}'), ('BRAIN_SHARED_READONLY', 'false'), ('KUBEBRAIN_PROCESS_ID', 'a339afdf-8e23-41dd-b3c2-ec44dfa27e9d'), ('VSCODE_HANDLES_UNCAUGHT_ERRORS', 'true'), ('HOSTNAME', 'ros'), ('XDG_SESSION_TYPE', 'tty'), ('SHLVL', '0'), ('LD_LIBRARY_PATH', '/home/linjiawei/load_mcap/install/serialize_msgs/lib:/home/linjiawei/load_mcap/install/rviz_plug_msg/lib:/home/linjiawei/load_mcap/install/fault_diagnosis/lib:/home/linjiawei/load_mcap/install/environment_model_msgs/lib:/home/linjiawei/load_mcap/install/deva_control_msgs/lib:/home/linjiawei/load_mcap/install/deva_planning_msgs2/lib:/home/linjiawei/load_mcap/install/deva_mdriver_msgs/lib:/home/linjiawei/load_mcap/install/deva_planning_msgs/lib:/home/linjiawei/load_mcap/install/deva_map_msgs/lib:/home/linjiawei/load_mcap/install/deva_perception_msgs/lib:/home/linjiawei/load_mcap/install/deva_navi_msgs/lib:/home/linjiawei/load_mcap/install/deva_localization_msgs/lib:/home/linjiawei/load_mcap/install/deva_gaode_routing_msgs/lib:/home/linjiawei/load_mcap/install/deva_function_msgs/lib:/home/linjiawei/load_mcap/install/deva_aeb_msgs/lib:/home/linjiawei/load_mcap/install/deva_common_msgs/lib:/home/linjiawei/load_mcap/install/deva_ads_msgs/lib:/opt/ros/humble/opt/rviz_ogre_vendor/lib:/opt/ros/humble/lib/x86_64-linux-gnu:/opt/ros/humble/lib:/usr/local/nvidia/lib64'), ('BROWSER', '/home/linjiawei/.cursor-server/bin/ba90f2f88e4911312761abab9492c42442117cf0/bin/helpers/browser.sh'), ('MOTD_SHOWN', 'pam'), ('HOME', '/home/linjiawei'), ('TMP_SIZE', '16777216K'), ('KUBEBRAIN_RUNTIME', 'ws2'), ('OLDPWD', '/home/linjiawei/load_mcap'), ('VSCODE_IPC_HOOK_CLI', '/run/user/10250/vscode-ipc-0323b2dc-99b7-4f37-8e79-51601ada4bc8.sock'), ('BRAIN_DAEMON_JUPYTER_TOKEN', '9c0e8eec-6994-41a4-9f6b-319d33bc630e'), ('ROS_PYTHON_VERSION', '3'), ('BRAIN_DAEMON_JUPYTER_BASE_URL', '/kapi/workspace.kubebrain.io/mach-mp/ws-00018098a82852e6/jupyter'), ('PCIDEVICE_MELLANOX_COM_MLNX_RDMA', ''), ('NO_COLOR', '1'), ('TOPOLOGY_ZONE', 'mach-cn-west-qy-dsxs-cm'), ('VSCODE_L10N_BUNDLE_LOCATION', 'vscode-local:/home/linjiawei/.cursor/extensions/ms-ceintl.vscode-language-pack-zh-hans-1.99.0-universal/translations/extensions/vscode.json-language-features.i18n.json'), ('COLCON_PREFIX_PATH', '/home/linjiawei/load_mcap/install'), ('ROS_DISTRO', 'humble'), ('LOGNAME', 'linjiawei'), ('FORCE_COLOR', '0'), ('VSCODE_HANDLES_SIGPIPE', 'true'), ('_', '/usr/bin/colcon'), ('ROS_VERSION', '2'), ('BRAIN_USERNAME', 'linjiawei'), ('XDG_SESSION_CLASS', 'user'), ('TERM', 'dumb'), ('XDG_SESSION_ID', 'c44'), ('KUBERNETES_PORT_443_TCP_ADDR', '10.68.0.1'), ('ROS_LOCALHOST_ONLY', '0'), ('COMPOSER_NO_INTERACTION', '1'), ('SHM_SIZE', '16777216K'), ('PATH', '/home/linjiawei/.local/bin:/home/linjiawei/.local/bin:/opt/ros/humble/bin:/opt/conda/bin:/kubebrain:/usr/local/nvidia/bin:/usr/local/sbin:/usr/local/bin:/usr/sbin:/usr/bin:/sbin:/bin'), ('VSCODE_AGENT_FOLDER', '/home/linjiawei/.cursor-server'), ('KUBEBRAIN_WORKSPACE_NAME', 'ws-00018098a82852e6'), ('XDG_RUNTIME_DIR', '/run/user/10250'), ('KUBERNETES_PORT_443_TCP_PORT', '443'), ('CURSOR_AGENT', '1'), ('DISPLAY', 'localhost:11.0'), ('KUBERNETES_PORT_443_TCP_PROTO', 'tcp'), ('KUBEBRAIN_RESOURCE_TYPE', 'workspace'), ('LANG', 'en_US.UTF-8'), ('LS_COLORS', ''), ('SSH_AUTH_SOCK', '/tmp/cursor-remote-ssh-auth-sock-5947a298-eaf8-4f15-adfc-973d91be4566.sock'), ('AMENT_PREFIX_PATH', '/home/linjiawei/load_mcap/install/serialize_msgs:/home/linjiawei/load_mcap/install/rviz_plug_msg:/home/linjiawei/load_mcap/install/mcap_streamer:/home/linjiawei/load_mcap/install/fault_diagnosis:/home/linjiawei/load_mcap/install/environment_model_msgs:/home/linjiawei/load_mcap/install/deva_control_msgs:/home/linjiawei/load_mcap/install/deva_planning_msgs2:/home/linjiawei/load_mcap/install/deva_mdriver_msgs:/home/linjiawei/load_mcap/install/deva_planning_msgs:/home/linjiawei/load_mcap/install/deva_map_msgs:/home/linjiawei/load_mcap/install/deva_perception_msgs:/home/linjiawei/load_mcap/install/deva_navi_msgs:/home/linjiawei/load_mcap/install/deva_localization_msgs:/home/linjiawei/load_mcap/install/deva_gaode_routing_msgs:/home/linjiawei/load_mcap/install/deva_function_msgs:/home/linjiawei/load_mcap/install/deva_aeb_msgs:/home/linjiawei/load_mcap/install/deva_common_msgs:/home/linjiawei/load_mcap/install/deva_ads_msgs:/opt/ros/humble'), ('BRAIN_DAEMON_JUPYTER_PORT', '8888'), ('SHELL', '/bin/bash'), ('VSCODE_SERVER_SHUTDOWN_TIMEOUT', '300'), ('TerminationGracePeriodSeconds', '30'), ('LESSCLOSE', '/usr/bin/lesspipe %s %s'), ('KUBERNETES_SERVICE_PORT_HTTPS', '443'), ('KUBERNETES_PORT_443_TCP', 'tcp://10.68.0.1:443'), ('KUBEBRAIN_QUOTA_GROUP', 'mp_ws'), ('KUBEBRAIN_CLUSTER_ENTRY', 'https://qy.machdrive.cn'), ('PWD', '/home/linjiawei/load_mcap/build/mcap_streamer'), ('BRAIN_SHARED_ROOT', '10.68.17.151:/'), ('KUBEBRAIN_NAMESPACE', 'mach-mp'), ('KUBERNETES_SERVICE_HOST', '10.68.0.1'), ('BRAIN_TOPOLOGY_LEAF_ROCE', ''), ('LC_ALL', 'en_US.UTF-8'), ('SSH_CONNECTION', '100.96.74.10 41472 100.97.82.77 22'), ('KUBEBRAIN_PROCESS_NAME', 'ws-00018098a82852e6-master'), ('KUBEBRAIN_WORKSPACE_NAMESPACE', ''), ('PYTHONPATH', '/home/linjiawei/load_mcap/install/serialize_msgs/local/lib/python3.10/dist-packages:/home/linjiawei/load_mcap/install/rviz_plug_msg/local/lib/python3.10/dist-packages:/home/linjiawei/load_mcap/install/fault_diagnosis/local/lib/python3.10/dist-packages:/home/linjiawei/load_mcap/install/environment_model_msgs/local/lib/python3.10/dist-packages:/home/linjiawei/load_mcap/install/deva_control_msgs/local/lib/python3.10/dist-packages:/home/linjiawei/load_mcap/install/deva_planning_msgs2/local/lib/python3.10/dist-packages:/home/linjiawei/load_mcap/install/deva_mdriver_msgs/local/lib/python3.10/dist-packages:/home/linjiawei/load_mcap/install/deva_planning_msgs/local/lib/python3.10/dist-packages:/home/linjiawei/load_mcap/install/deva_map_msgs/local/lib/python3.10/dist-packages:/home/linjiawei/load_mcap/install/deva_perception_msgs/local/lib/python3.10/dist-packages:/home/linjiawei/load_mcap/install/deva_navi_msgs/local/lib/python3.10/dist-packages:/home/linjiawei/load_mcap/install/deva_localization_msgs/local/lib/python3.10/dist-packages:/home/linjiawei/load_mcap/install/deva_gaode_routing_msgs/local/lib/python3.10/dist-packages:/home/linjiawei/load_mcap/install/deva_function_msgs/local/lib/python3.10/dist-packages:/home/linjiawei/load_mcap/install/deva_aeb_msgs/local/lib/python3.10/dist-packages:/home/linjiawei/load_mcap/install/deva_common_msgs/local/lib/python3.10/dist-packages:/home/linjiawei/load_mcap/install/deva_ads_msgs/local/lib/python3.10/dist-packages:/opt/ros/humble/lib/python3.10/site-packages:/opt/ros/humble/local/lib/python3.10/dist-packages'), ('NVIDIA_VISIBLE_DEVICES', ''), ('COLCON', '1'), ('CMAKE_PREFIX_PATH', '/home/linjiawei/load_mcap/install/serialize_msgs:/home/linjiawei/load_mcap/install/rviz_plug_msg:/home/linjiawei/load_mcap/install/mcap_streamer:/home/linjiawei/load_mcap/install/fault_diagnosis:/home/linjiawei/load_mcap/install/environment_model_msgs:/home/linjiawei/load_mcap/install/deva_control_msgs:/home/linjiawei/load_mcap/install/deva_planning_msgs2:/home/linjiawei/load_mcap/install/deva_mdriver_msgs:/home/linjiawei/load_mcap/install/deva_planning_msgs:/home/linjiawei/load_mcap/install/deva_map_msgs:/home/linjiawei/load_mcap/install/deva_perception_msgs:/home/linjiawei/load_mcap/install/deva_navi_msgs:/home/linjiawei/load_mcap/install/deva_localization_msgs:/home/linjiawei/load_mcap/install/deva_gaode_routing_msgs:/home/linjiawei/load_mcap/install/deva_function_msgs:/home/linjiawei/load_mcap/install/deva_aeb_msgs:/home/linjiawei/load_mcap/install/deva_common_msgs:/home/linjiawei/load_mcap/install/deva_ads_msgs:/opt/ros/humble')]), 'shell': False}
[0.038294] (mcap_streamer) StdoutLine: {'line': b'-- Found ament_cmake: 1.3.12 (/opt/ros/humble/share/ament_cmake/cmake)\n'}
[0.099741] (-) TimerEvent: {}
[0.186267] (mcap_streamer) StdoutLine: {'line': b'-- Found rclcpp: 16.0.15 (/opt/ros/humble/share/rclcpp/cmake)\n'}
[0.199813] (-) TimerEvent: {}
[0.210658] (mcap_streamer) StdoutLine: {'line': b'-- Found rosidl_generator_c: 3.1.7 (/opt/ros/humble/share/rosidl_generator_c/cmake)\n'}
[0.213122] (mcap_streamer) StdoutLine: {'line': b'-- Found rosidl_adapter: 3.1.7 (/opt/ros/humble/share/rosidl_adapter/cmake)\n'}
[0.218811] (mcap_streamer) StdoutLine: {'line': b'-- Found rosidl_generator_cpp: 3.1.7 (/opt/ros/humble/share/rosidl_generator_cpp/cmake)\n'}
[0.228690] (mcap_streamer) StdoutLine: {'line': b'-- Using all available rosidl_typesupport_c: rosidl_typesupport_fastrtps_c;rosidl_typesupport_introspection_c\n'}
[0.241313] (mcap_streamer) StdoutLine: {'line': b'-- Using all available rosidl_typesupport_cpp: rosidl_typesupport_fastrtps_cpp;rosidl_typesupport_introspection_cpp\n'}
[0.274023] (mcap_streamer) StdoutLine: {'line': b'-- Found rmw_implementation_cmake: 6.1.2 (/opt/ros/humble/share/rmw_implementation_cmake/cmake)\n'}
[0.275884] (mcap_streamer) StdoutLine: {'line': b'-- Found rmw_fastrtps_cpp: 6.2.9 (/opt/ros/humble/share/rmw_fastrtps_cpp/cmake)\n'}
[0.299891] (-) TimerEvent: {}
[0.361629] (mcap_streamer) StdoutLine: {'line': b"-- Using RMW implementation 'rmw_fastrtps_cpp' as default\n"}
[0.399967] (-) TimerEvent: {}
[0.411169] (mcap_streamer) StdoutLine: {'line': b'-- Found rosbag2_cpp: 0.15.15 (/opt/ros/humble/share/rosbag2_cpp/cmake)\n'}
[0.429863] (mcap_streamer) StdoutLine: {'line': b'-- Found ament_lint_auto: 0.12.14 (/opt/ros/humble/share/ament_lint_auto/cmake)\n'}
[0.500077] (-) TimerEvent: {}
[0.516639] (mcap_streamer) StdoutLine: {'line': b"-- Added test 'cppcheck' to perform static code analysis on C / C++ code\n"}
[0.516837] (mcap_streamer) StdoutLine: {'line': b'-- Configured cppcheck include dirs: $<BUILD_INTERFACE:/home/linjiawei/load_mcap/src/mcap_streamer/include>\n'}
[0.516901] (mcap_streamer) StdoutLine: {'line': b'-- Configured cppcheck exclude dirs and/or files: \n'}
[0.517193] (mcap_streamer) StdoutLine: {'line': b"-- Added test 'flake8' to check Python code syntax and style conventions\n"}
[0.517559] (mcap_streamer) StdoutLine: {'line': b"-- Added test 'lint_cmake' to check CMake code style\n"}
[0.517876] (mcap_streamer) StdoutLine: {'line': b"-- Added test 'pep257' to check Python code against some of the docstring style conventions in PEP 257\n"}
[0.518522] (mcap_streamer) StdoutLine: {'line': b"-- Added test 'uncrustify' to check C / C++ code style\n"}
[0.518587] (mcap_streamer) StdoutLine: {'line': b'-- Configured uncrustify additional arguments: \n'}
[0.518841] (mcap_streamer) StdoutLine: {'line': b"-- Added test 'xmllint' to check XML markup files\n"}
[0.519488] (mcap_streamer) StdoutLine: {'line': b'-- Configuring done\n'}
[0.533368] (mcap_streamer) StdoutLine: {'line': b'-- Generating done\n'}
[0.539224] (mcap_streamer) StdoutLine: {'line': b'-- Build files have been written to: /home/linjiawei/load_mcap/build/mcap_streamer\n'}
[0.567379] (mcap_streamer) StdoutLine: {'line': b'Consolidate compiler generated dependencies of target s3_downloader_lib\n'}
[0.569772] (mcap_streamer) StdoutLine: {'line': b'Consolidate compiler generated dependencies of target mcap_reader_node\n'}
[0.580485] (mcap_streamer) StdoutLine: {'line': b'[ 33%] Built target s3_downloader_lib\n'}
[0.584248] (mcap_streamer) StdoutLine: {'line': b'[ 50%] Building CXX object CMakeFiles/mcap_reader_node.dir/src/mcap_reader_node.cpp.o\n'}
[0.596136] (mcap_streamer) StdoutLine: {'line': b'Consolidate compiler generated dependencies of target mcap_streamer_node\n'}
[0.600144] (-) TimerEvent: {}
[0.610047] (mcap_streamer) StdoutLine: {'line': b'[ 83%] Built target mcap_streamer_node\n'}
[0.700249] (-) TimerEvent: {}
[0.800396] (-) TimerEvent: {}
[0.900539] (-) TimerEvent: {}
[1.000688] (-) TimerEvent: {}
[1.100849] (-) TimerEvent: {}
[1.201007] (-) TimerEvent: {}
[1.301146] (-) TimerEvent: {}
[1.401294] (-) TimerEvent: {}
[1.501432] (-) TimerEvent: {}
[1.601604] (-) TimerEvent: {}
[1.701769] (-) TimerEvent: {}
[1.801920] (-) TimerEvent: {}
[1.902073] (-) TimerEvent: {}
[2.002229] (-) TimerEvent: {}
[2.102420] (-) TimerEvent: {}
[2.202644] (-) TimerEvent: {}
[2.302870] (-) TimerEvent: {}
[2.403031] (-) TimerEvent: {}
[2.503138] (-) TimerEvent: {}
[2.603266] (-) TimerEvent: {}
[2.703421] (-) TimerEvent: {}
[2.803534] (-) TimerEvent: {}
[2.903637] (-) TimerEvent: {}
[3.003781] (-) TimerEvent: {}
[3.087426] (mcap_streamer) StderrLine: {'line': b'/home/linjiawei/load_mcap/src/mcap_streamer/src/mcap_reader_node.cpp: In member function \xe2\x80\x98std::string McapReaderNode::formatValue(const MessageMember*, const uint8_t*, size_t&, int)\xe2\x80\x99:\n'}
[3.087639] (mcap_streamer) StderrLine: {'line': b'/home/linjiawei/load_mcap/src/mcap_streamer/src/mcap_reader_node.cpp:487:68: error: \xe2\x80\x98const rosidl_message_type_support_t\xe2\x80\x99 {aka \xe2\x80\x98const struct rosidl_message_type_support_t\xe2\x80\x99} has no member named \xe2\x80\x98size_\xe2\x80\x99\n'}
[3.087708] (mcap_streamer) StderrLine: {'line': b'  487 |           oss << formatMessage(member->members_, member->members_->size_, data, offset, indent + 2);\n'}
[3.087766] (mcap_streamer) StderrLine: {'line': b'      |                                                                    ^~~~~\n'}
[3.088450] (mcap_streamer) StderrLine: {'line': b'/home/linjiawei/load_mcap/src/mcap_streamer/src/mcap_reader_node.cpp:509:64: error: \xe2\x80\x98const rosidl_message_type_support_t\xe2\x80\x99 {aka \xe2\x80\x98const struct rosidl_message_type_support_t\xe2\x80\x99} has no member named \xe2\x80\x98size_\xe2\x80\x99\n'}
[3.088521] (mcap_streamer) StderrLine: {'line': b'  509 |       oss << formatMessage(member->members_, member->members_->size_, data, offset, indent + 1);\n'}
[3.088574] (mcap_streamer) StderrLine: {'line': b'      |                                                                ^~~~~\n'}
[3.092223] (mcap_streamer) StderrLine: {'line': b'/home/linjiawei/load_mcap/src/mcap_streamer/src/mcap_reader_node.cpp: In member function \xe2\x80\x98std::string McapReaderNode::deserializeMessage(const string&, std::shared_ptr<rclcpp::SerializedMessage>)\xe2\x80\x99:\n'}
[3.092644] (mcap_streamer) StderrLine: {'line': b'/home/linjiawei/load_mcap/src/mcap_streamer/src/mcap_reader_node.cpp:606:82: error: no matching function for call to \xe2\x80\x98get_message_type_support_handle(const string&, const char [37])\xe2\x80\x99\n'}
[3.092703] (mcap_streamer) StderrLine: {'line': b'  606 |       auto type_support = rosidl_typesupport_cpp::get_message_type_support_handle(\n'}
[3.092761] (mcap_streamer) StderrLine: {'line': b'      |                           ~~~~~~~~~~~~~~~~~~~~~~~~~~~~~~~~~~~~~~~~~~~~~~~~~~~~~~~^\n'}
[3.092814] (mcap_streamer) StderrLine: {'line': b'  607 |         topic_type, "rosidl_typesupport_introspection_cpp");\n'}
[3.092866] (mcap_streamer) StderrLine: {'line': b'      |         ~~~~~~~~~~~~~~~~~~~~~~~~~~~~~~~~~~~~~~~~~~~~~~~~~~~                       \n'}
[3.092918] (mcap_streamer) StderrLine: {'line': b'In file included from /opt/ros/humble/include/builtin_interfaces/builtin_interfaces/msg/detail/duration__type_support.hpp:12,\n'}
[3.092968] (mcap_streamer) StderrLine: {'line': b'                 from /opt/ros/humble/include/builtin_interfaces/builtin_interfaces/msg/duration.hpp:10,\n'}
[3.093019] (mcap_streamer) StderrLine: {'line': b'                 from /opt/ros/humble/include/rclcpp/rclcpp/duration.hpp:20,\n'}
[3.093073] (mcap_streamer) StderrLine: {'line': b'                 from /opt/ros/humble/include/rclcpp/rclcpp/qos.hpp:20,\n'}
[3.093124] (mcap_streamer) StderrLine: {'line': b'                 from /opt/ros/humble/include/rclcpp/rclcpp/node_interfaces/node_graph_interface.hpp:32,\n'}
[3.093174] (mcap_streamer) StderrLine: {'line': b'                 from /opt/ros/humble/include/rclcpp/rclcpp/client.hpp:42,\n'}
[3.093225] (mcap_streamer) StderrLine: {'line': b'                 from /opt/ros/humble/include/rclcpp/rclcpp/callback_group.hpp:24,\n'}
[3.093275] (mcap_streamer) StderrLine: {'line': b'                 from /opt/ros/humble/include/rclcpp/rclcpp/any_executable.hpp:20,\n'}
[3.093326] (mcap_streamer) StderrLine: {'line': b'                 from /opt/ros/humble/include/rclcpp/rclcpp/memory_strategy.hpp:25,\n'}
[3.093377] (mcap_streamer) StderrLine: {'line': b'                 from /opt/ros/humble/include/rclcpp/rclcpp/memory_strategies.hpp:18,\n'}
[3.093428] (mcap_streamer) StderrLine: {'line': b'                 from /opt/ros/humble/include/rclcpp/rclcpp/executor_options.hpp:20,\n'}
[3.093478] (mcap_streamer) StderrLine: {'line': b'                 from /opt/ros/humble/include/rclcpp/rclcpp/executor.hpp:37,\n'}
[3.093529] (mcap_streamer) StderrLine: {'line': b'                 from /opt/ros/humble/include/rclcpp/rclcpp/executors/multi_threaded_executor.hpp:25,\n'}
[3.093590] (mcap_streamer) StderrLine: {'line': b'                 from /opt/ros/humble/include/rclcpp/rclcpp/executors.hpp:21,\n'}
[3.093642] (mcap_streamer) StderrLine: {'line': b'                 from /opt/ros/humble/include/rclcpp/rclcpp/rclcpp.hpp:155,\n'}
[3.093693] (mcap_streamer) StderrLine: {'line': b'                 from /home/linjiawei/load_mcap/src/mcap_streamer/src/mcap_reader_node.cpp:1:\n'}
[3.093742] (mcap_streamer) StderrLine: {'line': b'/opt/ros/humble/include/rosidl_runtime_cpp/rosidl_typesupport_cpp/message_type_support.hpp:25:39: note: candidate: \xe2\x80\x98template<class T> const rosidl_message_type_support_t* rosidl_typesupport_cpp::get_message_type_support_handle()\xe2\x80\x99\n'}
[3.093794] (mcap_streamer) StderrLine: {'line': b'   25 | const rosidl_message_type_support_t * get_message_type_support_handle();\n'}
[3.093842] (mcap_streamer) StderrLine: {'line': b'      |                                       ^~~~~~~~~~~~~~~~~~~~~~~~~~~~~~~\n'}
[3.093892] (mcap_streamer) StderrLine: {'line': b'/opt/ros/humble/include/rosidl_runtime_cpp/rosidl_typesupport_cpp/message_type_support.hpp:25:39: note:   template argument deduction/substitution failed:\n'}
[3.093942] (mcap_streamer) StderrLine: {'line': b'/home/linjiawei/load_mcap/src/mcap_streamer/src/mcap_reader_node.cpp:606:82: note:   candidate expects 0 arguments, 2 provided\n'}
[3.093994] (mcap_streamer) StderrLine: {'line': b'  606 |       auto type_support = rosidl_typesupport_cpp::get_message_type_support_handle(\n'}
[3.094044] (mcap_streamer) StderrLine: {'line': b'      |                           ~~~~~~~~~~~~~~~~~~~~~~~~~~~~~~~~~~~~~~~~~~~~~~~~~~~~~~~^\n'}
[3.094094] (mcap_streamer) StderrLine: {'line': b'  607 |         topic_type, "rosidl_typesupport_introspection_cpp");\n'}
[3.094143] (mcap_streamer) StderrLine: {'line': b'      |         ~~~~~~~~~~~~~~~~~~~~~~~~~~~~~~~~~~~~~~~~~~~~~~~~~~~                       \n'}
[3.094195] (mcap_streamer) StderrLine: {'line': b'/home/linjiawei/load_mcap/src/mcap_streamer/src/mcap_reader_node.cpp:612:79: error: no matching function for call to \xe2\x80\x98get_message_type_support_handle(const string&, const char [23])\xe2\x80\x99\n'}
[3.094249] (mcap_streamer) StderrLine: {'line': b'  612 |         type_support = rosidl_typesupport_cpp::get_message_type_support_handle(\n'}
[3.094302] (mcap_streamer) StderrLine: {'line': b'      |                        ~~~~~~~~~~~~~~~~~~~~~~~~~~~~~~~~~~~~~~~~~~~~~~~~~~~~~~~^\n'}
[3.094352] (mcap_streamer) StderrLine: {'line': b'  613 |           topic_type, "rosidl_typesupport_cpp");\n'}
[3.094403] (mcap_streamer) StderrLine: {'line': b'      |           ~~~~~~~~~~~~~~~~~~~~~~~~~~~~~~~~~~~~~                                \n'}
[3.094454] (mcap_streamer) StderrLine: {'line': b'In file included from /opt/ros/humble/include/builtin_interfaces/builtin_interfaces/msg/detail/duration__type_support.hpp:12,\n'}
[3.094504] (mcap_streamer) StderrLine: {'line': b'                 from /opt/ros/humble/include/builtin_interfaces/builtin_interfaces/msg/duration.hpp:10,\n'}
[3.094555] (mcap_streamer) StderrLine: {'line': b'                 from /opt/ros/humble/include/rclcpp/rclcpp/duration.hpp:20,\n'}
[3.094605] (mcap_streamer) StderrLine: {'line': b'                 from /opt/ros/humble/include/rclcpp/rclcpp/qos.hpp:20,\n'}
[3.094653] (mcap_streamer) StderrLine: {'line': b'                 from /opt/ros/humble/include/rclcpp/rclcpp/node_interfaces/node_graph_interface.hpp:32,\n'}
[3.094702] (mcap_streamer) StderrLine: {'line': b'                 from /opt/ros/humble/include/rclcpp/rclcpp/client.hpp:42,\n'}
[3.094754] (mcap_streamer) StderrLine: {'line': b'                 from /opt/ros/humble/include/rclcpp/rclcpp/callback_group.hpp:24,\n'}
[3.094805] (mcap_streamer) StderrLine: {'line': b'                 from /opt/ros/humble/include/rclcpp/rclcpp/any_executable.hpp:20,\n'}
[3.094855] (mcap_streamer) StderrLine: {'line': b'                 from /opt/ros/humble/include/rclcpp/rclcpp/memory_strategy.hpp:25,\n'}
[3.094905] (mcap_streamer) StderrLine: {'line': b'                 from /opt/ros/humble/include/rclcpp/rclcpp/memory_strategies.hpp:18,\n'}
[3.094955] (mcap_streamer) StderrLine: {'line': b'                 from /opt/ros/humble/include/rclcpp/rclcpp/executor_options.hpp:20,\n'}
[3.095004] (mcap_streamer) StderrLine: {'line': b'                 from /opt/ros/humble/include/rclcpp/rclcpp/executor.hpp:37,\n'}
[3.095055] (mcap_streamer) StderrLine: {'line': b'                 from /opt/ros/humble/include/rclcpp/rclcpp/executors/multi_threaded_executor.hpp:25,\n'}
[3.095104] (mcap_streamer) StderrLine: {'line': b'                 from /opt/ros/humble/include/rclcpp/rclcpp/executors.hpp:21,\n'}
[3.095154] (mcap_streamer) StderrLine: {'line': b'                 from /opt/ros/humble/include/rclcpp/rclcpp/rclcpp.hpp:155,\n'}
[3.095203] (mcap_streamer) StderrLine: {'line': b'                 from /home/linjiawei/load_mcap/src/mcap_streamer/src/mcap_reader_node.cpp:1:\n'}
[3.095253] (mcap_streamer) StderrLine: {'line': b'/opt/ros/humble/include/rosidl_runtime_cpp/rosidl_typesupport_cpp/message_type_support.hpp:25:39: note: candidate: \xe2\x80\x98template<class T> const rosidl_message_type_support_t* rosidl_typesupport_cpp::get_message_type_support_handle()\xe2\x80\x99\n'}
[3.095322] (mcap_streamer) StderrLine: {'line': b'   25 | const rosidl_message_type_support_t * get_message_type_support_handle();\n'}
[3.095379] (mcap_streamer) StderrLine: {'line': b'      |                                       ^~~~~~~~~~~~~~~~~~~~~~~~~~~~~~~\n'}
[3.095436] (mcap_streamer) StderrLine: {'line': b'/opt/ros/humble/include/rosidl_runtime_cpp/rosidl_typesupport_cpp/message_type_support.hpp:25:39: note:   template argument deduction/substitution failed:\n'}
[3.095489] (mcap_streamer) StderrLine: {'line': b'/home/linjiawei/load_mcap/src/mcap_streamer/src/mcap_reader_node.cpp:612:79: note:   candidate expects 0 arguments, 2 provided\n'}
[3.095540] (mcap_streamer) StderrLine: {'line': b'  612 |         type_support = rosidl_typesupport_cpp::get_message_type_support_handle(\n'}
[3.095592] (mcap_streamer) StderrLine: {'line': b'      |                        ~~~~~~~~~~~~~~~~~~~~~~~~~~~~~~~~~~~~~~~~~~~~~~~~~~~~~~~^\n'}
[3.095642] (mcap_streamer) StderrLine: {'line': b'  613 |           topic_type, "rosidl_typesupport_cpp");\n'}
[3.095691] (mcap_streamer) StderrLine: {'line': b'      |           ~~~~~~~~~~~~~~~~~~~~~~~~~~~~~~~~~~~~~                                \n'}
[3.103853] (-) TimerEvent: {}
[3.203964] (-) TimerEvent: {}
[3.304087] (-) TimerEvent: {}
[3.404202] (-) TimerEvent: {}
[3.504361] (-) TimerEvent: {}
[3.604510] (-) TimerEvent: {}
[3.704619] (-) TimerEvent: {}
[3.804717] (-) TimerEvent: {}
[3.904813] (-) TimerEvent: {}
[4.004910] (-) TimerEvent: {}
[4.026210] (mcap_streamer) StderrLine: {'line': b'gmake[2]: *** [CMakeFiles/mcap_reader_node.dir/build.make:76: CMakeFiles/mcap_reader_node.dir/src/mcap_reader_node.cpp.o] Error 1\n'}
[4.026632] (mcap_streamer) StderrLine: {'line': b'gmake[1]: *** [CMakeFiles/Makefile2:193: CMakeFiles/mcap_reader_node.dir/all] Error 2\n'}
[4.026914] (mcap_streamer) StderrLine: {'line': b'gmake: *** [Makefile:146: all] Error 2\n'}
[4.029052] (mcap_streamer) CommandEnded: {'returncode': 2}
[4.041500] (mcap_streamer) JobEnded: {'identifier': 'mcap_streamer', 'rc': 2}
[4.051845] (-) EventReactorShutdown: {}
