[0.020s] Invoking command in '/home/linjiawei/load_mcap/build/deva_ads_msgs': CMAKE_PREFIX_PATH=${CMAKE_PREFIX_PATH}:/opt/ros/humble /usr/bin/cmake /home/linjiawei/load_mcap/src/deva_ads_msgs -DCMAKE_INSTALL_PREFIX=/home/linjiawei/load_mcap/install/deva_ads_msgs
[0.081s] -- The C compiler identification is GNU 11.3.0
[0.140s] -- The CXX compiler identification is GNU 11.3.0
[0.148s] -- Detecting C compiler ABI info
[0.224s] -- Detecting C compiler ABI info - done
[0.232s] -- Check for working C compiler: /usr/bin/cc - skipped
[0.232s] -- Detecting C compile features
[0.232s] -- Detecting C compile features - done
[0.236s] -- Detecting CXX compiler ABI info
[0.321s] -- Detecting CXX compiler ABI info - done
[0.329s] -- Check for working CXX compiler: /usr/bin/c++ - skipped
[0.329s] -- Detecting CXX compile features
[0.330s] -- Detecting CXX compile features - done
[0.331s] -- Found ament_cmake: 1.3.12 (/opt/ros/humble/share/ament_cmake/cmake)
[0.498s] -- Found Python3: /usr/bin/python3 (found version "3.10.6") found components: Interpreter 
[0.583s] -- Found rosidl_default_generators: 1.2.0 (/opt/ros/humble/share/rosidl_default_generators/cmake)
[0.587s] -- Using all available rosidl_typesupport_c: rosidl_typesupport_fastrtps_c;rosidl_typesupport_introspection_c
[0.591s] -- Found rosidl_adapter: 3.1.7 (/opt/ros/humble/share/rosidl_adapter/cmake)
[0.623s] -- Using all available rosidl_typesupport_cpp: rosidl_typesupport_fastrtps_cpp;rosidl_typesupport_introspection_cpp
[0.652s] -- Found geometry_msgs: 4.9.0 (/opt/ros/humble/share/geometry_msgs/cmake)
[1.010s] -- Found ament_cmake_ros: 0.10.0 (/opt/ros/humble/share/ament_cmake_ros/cmake)
[1.276s] -- Using all available rosidl_typesupport_c: rosidl_typesupport_fastrtps_c;rosidl_typesupport_introspection_c
[1.639s] -- Using all available rosidl_typesupport_cpp: rosidl_typesupport_fastrtps_cpp;rosidl_typesupport_introspection_cpp
[1.664s] -- Found PythonInterp: /usr/bin/python3 (found suitable version "3.10.6", minimum required is "3.6") 
[1.665s] -- Found python_cmake_module: 0.10.0 (/opt/ros/humble/share/python_cmake_module/cmake)
[1.694s] -- Found PythonLibs: /usr/lib/x86_64-linux-gnu/libpython3.10.so (found suitable version "3.10.6", minimum required is "3.5") 
[1.694s] -- Using PYTHON_EXECUTABLE: /usr/bin/python3
[1.695s] -- Using PYTHON_INCLUDE_DIRS: /usr/include/python3.10
[1.695s] -- Using PYTHON_LIBRARIES: /usr/lib/x86_64-linux-gnu/libpython3.10.so
[1.718s] -- Found PythonExtra: .so  
[1.805s] -- Configuring done
[1.878s] -- Generating done
[1.905s] -- Build files have been written to: /home/linjiawei/load_mcap/build/deva_ads_msgs
[1.916s] Invoked command in '/home/linjiawei/load_mcap/build/deva_ads_msgs' returned '0': CMAKE_PREFIX_PATH=${CMAKE_PREFIX_PATH}:/opt/ros/humble /usr/bin/cmake /home/linjiawei/load_mcap/src/deva_ads_msgs -DCMAKE_INSTALL_PREFIX=/home/linjiawei/load_mcap/install/deva_ads_msgs
[1.917s] Invoking command in '/home/linjiawei/load_mcap/build/deva_ads_msgs': CMAKE_PREFIX_PATH=${CMAKE_PREFIX_PATH}:/opt/ros/humble /usr/bin/cmake --build /home/linjiawei/load_mcap/build/deva_ads_msgs -- -j17 -l17
[1.959s] [  1%] [34m[1mGenerating C code for ROS interfaces[0m
[1.972s] [  3%] [34m[1mGenerating C++ code for ROS interfaces[0m
[1.980s] [  3%] Built target ament_cmake_python_copy_deva_ads_msgs
[2.250s] running egg_info
[2.251s] creating deva_ads_msgs.egg-info
[2.251s] writing deva_ads_msgs.egg-info/PKG-INFO
[2.251s] writing dependency_links to deva_ads_msgs.egg-info/dependency_links.txt
[2.252s] writing top-level names to deva_ads_msgs.egg-info/top_level.txt
[2.252s] writing manifest file 'deva_ads_msgs.egg-info/SOURCES.txt'
[2.255s] reading manifest file 'deva_ads_msgs.egg-info/SOURCES.txt'
[2.256s] writing manifest file 'deva_ads_msgs.egg-info/SOURCES.txt'
[2.284s] [  3%] Built target ament_cmake_python_build_deva_ads_msgs_egg
[2.616s] [  5%] [32mBuilding C object CMakeFiles/deva_ads_msgs__rosidl_generator_c.dir/rosidl_generator_c/deva_ads_msgs/msg/detail/ads_info__functions.c.o[0m
[2.617s] [  7%] [32mBuilding C object CMakeFiles/deva_ads_msgs__rosidl_generator_c.dir/rosidl_generator_c/deva_ads_msgs/msg/detail/ads_marker_array__functions.c.o[0m
[2.618s] [  9%] [32mBuilding C object CMakeFiles/deva_ads_msgs__rosidl_generator_c.dir/rosidl_generator_c/deva_ads_msgs/msg/detail/ads_marker__functions.c.o[0m
[2.625s] [ 10%] [32mBuilding C object CMakeFiles/deva_ads_msgs__rosidl_generator_c.dir/rosidl_generator_c/deva_ads_msgs/msg/detail/ads_marker_array_vec__functions.c.o[0m
[2.629s] [ 10%] Built target deva_ads_msgs__cpp
[2.658s] [ 12%] [34m[1mGenerating C++ type support dispatch for ROS interfaces[0m
[2.662s] [ 14%] [34m[1mGenerating C++ type support for eProsima Fast-RTPS[0m
[2.671s] [ 16%] [34m[1mGenerating C++ introspection for ROS interfaces[0m
[2.684s] [ 18%] [32m[1mLinking C shared library libdeva_ads_msgs__rosidl_generator_c.so[0m
[2.754s] [ 18%] Built target deva_ads_msgs__rosidl_generator_c
[2.769s] [ 20%] [34m[1mGenerating C type support for eProsima Fast-RTPS[0m
[2.772s] [ 21%] [34m[1mGenerating C type support dispatch for ROS interfaces[0m
[2.777s] [ 23%] [34m[1mGenerating C introspection for ROS interfaces[0m
[3.253s] [ 25%] [32mBuilding CXX object CMakeFiles/deva_ads_msgs__rosidl_typesupport_c.dir/rosidl_typesupport_c/deva_ads_msgs/msg/ads_info__type_support.cpp.o[0m
[3.268s] [ 27%] [32mBuilding CXX object CMakeFiles/deva_ads_msgs__rosidl_typesupport_c.dir/rosidl_typesupport_c/deva_ads_msgs/msg/ads_marker__type_support.cpp.o[0m
[3.274s] [ 29%] [32mBuilding CXX object CMakeFiles/deva_ads_msgs__rosidl_typesupport_c.dir/rosidl_typesupport_c/deva_ads_msgs/msg/ads_marker_array__type_support.cpp.o[0m
[3.278s] [ 30%] [32mBuilding CXX object CMakeFiles/deva_ads_msgs__rosidl_typesupport_c.dir/rosidl_typesupport_c/deva_ads_msgs/msg/ads_marker_array_vec__type_support.cpp.o[0m
[3.295s] [ 32%] [32mBuilding CXX object CMakeFiles/deva_ads_msgs__rosidl_typesupport_introspection_cpp.dir/rosidl_typesupport_introspection_cpp/deva_ads_msgs/msg/detail/ads_marker__type_support.cpp.o[0m
[3.302s] [ 34%] [32mBuilding CXX object CMakeFiles/deva_ads_msgs__rosidl_typesupport_introspection_cpp.dir/rosidl_typesupport_introspection_cpp/deva_ads_msgs/msg/detail/ads_info__type_support.cpp.o[0m
[3.312s] [ 36%] [32mBuilding CXX object CMakeFiles/deva_ads_msgs__rosidl_typesupport_fastrtps_cpp.dir/rosidl_typesupport_fastrtps_cpp/deva_ads_msgs/msg/detail/dds_fastrtps/ads_marker__type_support.cpp.o[0m
[3.313s] [ 38%] [32mBuilding CXX object CMakeFiles/deva_ads_msgs__rosidl_typesupport_fastrtps_cpp.dir/rosidl_typesupport_fastrtps_cpp/deva_ads_msgs/msg/detail/dds_fastrtps/ads_marker_array__type_support.cpp.o[0m
[3.316s] [ 40%] [32mBuilding CXX object CMakeFiles/deva_ads_msgs__rosidl_typesupport_fastrtps_cpp.dir/rosidl_typesupport_fastrtps_cpp/deva_ads_msgs/msg/detail/dds_fastrtps/ads_info__type_support.cpp.o[0m
[3.319s] [ 41%] [32mBuilding CXX object CMakeFiles/deva_ads_msgs__rosidl_typesupport_introspection_cpp.dir/rosidl_typesupport_introspection_cpp/deva_ads_msgs/msg/detail/ads_marker_array__type_support.cpp.o[0m
[3.322s] [ 43%] [32mBuilding CXX object CMakeFiles/deva_ads_msgs__rosidl_typesupport_fastrtps_cpp.dir/rosidl_typesupport_fastrtps_cpp/deva_ads_msgs/msg/detail/dds_fastrtps/ads_marker_array_vec__type_support.cpp.o[0m
[3.363s] [ 45%] [32mBuilding CXX object CMakeFiles/deva_ads_msgs__rosidl_typesupport_introspection_cpp.dir/rosidl_typesupport_introspection_cpp/deva_ads_msgs/msg/detail/ads_marker_array_vec__type_support.cpp.o[0m
[3.400s] [ 47%] [32m[1mLinking CXX shared library libdeva_ads_msgs__rosidl_typesupport_c.so[0m
[3.439s] [ 49%] [32mBuilding CXX object CMakeFiles/deva_ads_msgs__rosidl_typesupport_fastrtps_c.dir/rosidl_typesupport_fastrtps_c/deva_ads_msgs/msg/detail/ads_info__type_support_c.cpp.o[0m
[3.458s] [ 50%] [32mBuilding CXX object CMakeFiles/deva_ads_msgs__rosidl_typesupport_fastrtps_c.dir/rosidl_typesupport_fastrtps_c/deva_ads_msgs/msg/detail/ads_marker__type_support_c.cpp.o[0m
[3.469s] [ 52%] [32mBuilding CXX object CMakeFiles/deva_ads_msgs__rosidl_typesupport_fastrtps_c.dir/rosidl_typesupport_fastrtps_c/deva_ads_msgs/msg/detail/ads_marker_array__type_support_c.cpp.o[0m
[3.476s] [ 54%] [32mBuilding CXX object CMakeFiles/deva_ads_msgs__rosidl_typesupport_fastrtps_c.dir/rosidl_typesupport_fastrtps_c/deva_ads_msgs/msg/detail/ads_marker_array_vec__type_support_c.cpp.o[0m
[3.486s] [ 56%] [32mBuilding C object CMakeFiles/deva_ads_msgs__rosidl_typesupport_introspection_c.dir/rosidl_typesupport_introspection_c/deva_ads_msgs/msg/detail/ads_info__type_support.c.o[0m
[3.505s] [ 58%] [32mBuilding C object CMakeFiles/deva_ads_msgs__rosidl_typesupport_introspection_c.dir/rosidl_typesupport_introspection_c/deva_ads_msgs/msg/detail/ads_marker__type_support.c.o[0m
[3.526s] [ 60%] [32mBuilding C object CMakeFiles/deva_ads_msgs__rosidl_typesupport_introspection_c.dir/rosidl_typesupport_introspection_c/deva_ads_msgs/msg/detail/ads_marker_array__type_support.c.o[0m
[3.546s] [ 61%] [32mBuilding CXX object CMakeFiles/deva_ads_msgs__rosidl_typesupport_cpp.dir/rosidl_typesupport_cpp/deva_ads_msgs/msg/ads_info__type_support.cpp.o[0m
[3.587s] [ 61%] Built target deva_ads_msgs__rosidl_typesupport_c
[3.630s] [ 63%] [32mBuilding CXX object CMakeFiles/deva_ads_msgs__rosidl_typesupport_cpp.dir/rosidl_typesupport_cpp/deva_ads_msgs/msg/ads_marker__type_support.cpp.o[0m
[3.642s] [ 65%] [32mBuilding CXX object CMakeFiles/deva_ads_msgs__rosidl_typesupport_cpp.dir/rosidl_typesupport_cpp/deva_ads_msgs/msg/ads_marker_array__type_support.cpp.o[0m
[3.653s] [ 67%] [32mBuilding C object CMakeFiles/deva_ads_msgs__rosidl_typesupport_introspection_c.dir/rosidl_typesupport_introspection_c/deva_ads_msgs/msg/detail/ads_marker_array_vec__type_support.c.o[0m
[3.654s] [ 69%] [32mBuilding CXX object CMakeFiles/deva_ads_msgs__rosidl_typesupport_cpp.dir/rosidl_typesupport_cpp/deva_ads_msgs/msg/ads_marker_array_vec__type_support.cpp.o[0m
[3.784s] [ 70%] [32m[1mLinking C shared library libdeva_ads_msgs__rosidl_typesupport_introspection_c.so[0m
[3.927s] [ 70%] Built target deva_ads_msgs__rosidl_typesupport_introspection_c
[4.213s] [ 72%] [32m[1mLinking CXX shared library libdeva_ads_msgs__rosidl_typesupport_fastrtps_c.so[0m
[4.331s] [ 74%] [32m[1mLinking CXX shared library libdeva_ads_msgs__rosidl_typesupport_cpp.so[0m
[4.410s] [ 74%] Built target deva_ads_msgs__rosidl_typesupport_fastrtps_c
[4.429s] [ 76%] [32m[1mLinking CXX shared library libdeva_ads_msgs__rosidl_typesupport_fastrtps_cpp.so[0m
[4.510s] [ 76%] Built target deva_ads_msgs__rosidl_typesupport_cpp
[4.606s] [ 76%] Built target deva_ads_msgs__rosidl_typesupport_fastrtps_cpp
[4.616s] [ 78%] [32m[1mLinking CXX shared library libdeva_ads_msgs__rosidl_typesupport_introspection_cpp.so[0m
[4.902s] [ 78%] Built target deva_ads_msgs__rosidl_typesupport_introspection_cpp
[4.982s] [ 78%] Built target deva_ads_msgs
[5.112s] [ 80%] [34m[1mGenerating Python code for ROS interfaces[0m
[6.280s] [ 80%] Built target deva_ads_msgs__py
[6.358s] [ 81%] [32mBuilding C object CMakeFiles/deva_ads_msgs__rosidl_generator_py.dir/rosidl_generator_py/deva_ads_msgs/msg/_ads_info_s.c.o[0m
[6.384s] [ 85%] [32mBuilding C object CMakeFiles/deva_ads_msgs__rosidl_generator_py.dir/rosidl_generator_py/deva_ads_msgs/msg/_ads_marker_s.c.o[0m
[6.384s] [ 85%] [32mBuilding C object CMakeFiles/deva_ads_msgs__rosidl_generator_py.dir/rosidl_generator_py/deva_ads_msgs/msg/_ads_marker_array_s.c.o[0m
[6.407s] [ 87%] [32mBuilding C object CMakeFiles/deva_ads_msgs__rosidl_generator_py.dir/rosidl_generator_py/deva_ads_msgs/msg/_ads_marker_array_vec_s.c.o[0m
[6.659s] [ 89%] [32m[1mLinking C shared library rosidl_generator_py/deva_ads_msgs/libdeva_ads_msgs__rosidl_generator_py.so[0m
[6.823s] [ 89%] Built target deva_ads_msgs__rosidl_generator_py
[6.945s] [ 90%] [32mBuilding C object CMakeFiles/deva_ads_msgs__rosidl_typesupport_fastrtps_c__pyext.dir/rosidl_generator_py/deva_ads_msgs/_deva_ads_msgs_s.ep.rosidl_typesupport_fastrtps_c.c.o[0m
[6.949s] [ 92%] [32mBuilding C object CMakeFiles/deva_ads_msgs__rosidl_typesupport_introspection_c__pyext.dir/rosidl_generator_py/deva_ads_msgs/_deva_ads_msgs_s.ep.rosidl_typesupport_introspection_c.c.o[0m
[6.958s] [ 94%] [32mBuilding C object CMakeFiles/deva_ads_msgs__rosidl_typesupport_c__pyext.dir/rosidl_generator_py/deva_ads_msgs/_deva_ads_msgs_s.ep.rosidl_typesupport_c.c.o[0m
[7.165s] [ 96%] [32m[1mLinking C shared library rosidl_generator_py/deva_ads_msgs/deva_ads_msgs_s__rosidl_typesupport_c.cpython-310-x86_64-linux-gnu.so[0m
[7.187s] [ 98%] [32m[1mLinking C shared library rosidl_generator_py/deva_ads_msgs/deva_ads_msgs_s__rosidl_typesupport_fastrtps_c.cpython-310-x86_64-linux-gnu.so[0m
[7.197s] [100%] [32m[1mLinking C shared library rosidl_generator_py/deva_ads_msgs/deva_ads_msgs_s__rosidl_typesupport_introspection_c.cpython-310-x86_64-linux-gnu.so[0m
[7.256s] [100%] Built target deva_ads_msgs__rosidl_typesupport_c__pyext
[7.267s] [100%] Built target deva_ads_msgs__rosidl_typesupport_fastrtps_c__pyext
[7.306s] [100%] Built target deva_ads_msgs__rosidl_typesupport_introspection_c__pyext
[7.320s] Invoked command in '/home/linjiawei/load_mcap/build/deva_ads_msgs' returned '0': CMAKE_PREFIX_PATH=${CMAKE_PREFIX_PATH}:/opt/ros/humble /usr/bin/cmake --build /home/linjiawei/load_mcap/build/deva_ads_msgs -- -j17 -l17
[7.322s] Invoking command in '/home/linjiawei/load_mcap/build/deva_ads_msgs': CMAKE_PREFIX_PATH=${CMAKE_PREFIX_PATH}:/opt/ros/humble /usr/bin/cmake --install /home/linjiawei/load_mcap/build/deva_ads_msgs
[7.331s] -- Install configuration: ""
[7.331s] -- Installing: /home/linjiawei/load_mcap/install/deva_ads_msgs/share/ament_index/resource_index/rosidl_interfaces/deva_ads_msgs
[7.331s] -- Installing: /home/linjiawei/load_mcap/install/deva_ads_msgs/include/deva_ads_msgs/deva_ads_msgs
[7.331s] -- Installing: /home/linjiawei/load_mcap/install/deva_ads_msgs/include/deva_ads_msgs/deva_ads_msgs/msg
[7.331s] -- Installing: /home/linjiawei/load_mcap/install/deva_ads_msgs/include/deva_ads_msgs/deva_ads_msgs/msg/rosidl_generator_c__visibility_control.h
[7.331s] -- Installing: /home/linjiawei/load_mcap/install/deva_ads_msgs/include/deva_ads_msgs/deva_ads_msgs/msg/ads_info.h
[7.331s] -- Installing: /home/linjiawei/load_mcap/install/deva_ads_msgs/include/deva_ads_msgs/deva_ads_msgs/msg/detail
[7.339s] -- Installing: /home/linjiawei/load_mcap/install/deva_ads_msgs/include/deva_ads_msgs/deva_ads_msgs/msg/detail/ads_info__functions.c
[7.339s] -- Installing: /home/linjiawei/load_mcap/install/deva_ads_msgs/include/deva_ads_msgs/deva_ads_msgs/msg/detail/ads_info__functions.h
[7.339s] -- Installing: /home/linjiawei/load_mcap/install/deva_ads_msgs/include/deva_ads_msgs/deva_ads_msgs/msg/detail/ads_info__struct.h
[7.339s] -- Installing: /home/linjiawei/load_mcap/install/deva_ads_msgs/include/deva_ads_msgs/deva_ads_msgs/msg/detail/ads_info__type_support.h
[7.339s] -- Installing: /home/linjiawei/load_mcap/install/deva_ads_msgs/include/deva_ads_msgs/deva_ads_msgs/msg/detail/ads_marker__functions.c
[7.340s] -- Installing: /home/linjiawei/load_mcap/install/deva_ads_msgs/include/deva_ads_msgs/deva_ads_msgs/msg/detail/ads_marker__functions.h
[7.340s] -- Installing: /home/linjiawei/load_mcap/install/deva_ads_msgs/include/deva_ads_msgs/deva_ads_msgs/msg/detail/ads_marker__struct.h
[7.340s] -- Installing: /home/linjiawei/load_mcap/install/deva_ads_msgs/include/deva_ads_msgs/deva_ads_msgs/msg/detail/ads_marker__type_support.h
[7.340s] -- Installing: /home/linjiawei/load_mcap/install/deva_ads_msgs/include/deva_ads_msgs/deva_ads_msgs/msg/detail/ads_marker_array__functions.c
[7.340s] -- Installing: /home/linjiawei/load_mcap/install/deva_ads_msgs/include/deva_ads_msgs/deva_ads_msgs/msg/detail/ads_marker_array__functions.h
[7.340s] -- Installing: /home/linjiawei/load_mcap/install/deva_ads_msgs/include/deva_ads_msgs/deva_ads_msgs/msg/detail/ads_marker_array__struct.h
[7.394s] -- Installing: /home/linjiawei/load_mcap/install/deva_ads_msgs/include/deva_ads_msgs/deva_ads_msgs/msg/detail/ads_marker_array__type_support.h
[7.394s] -- Installing: /home/linjiawei/load_mcap/install/deva_ads_msgs/include/deva_ads_msgs/deva_ads_msgs/msg/detail/ads_marker_array_vec__functions.c
[7.394s] -- Installing: /home/linjiawei/load_mcap/install/deva_ads_msgs/include/deva_ads_msgs/deva_ads_msgs/msg/detail/ads_marker_array_vec__functions.h
[7.394s] -- Installing: /home/linjiawei/load_mcap/install/deva_ads_msgs/include/deva_ads_msgs/deva_ads_msgs/msg/detail/ads_marker_array_vec__struct.h
[7.395s] -- Installing: /home/linjiawei/load_mcap/install/deva_ads_msgs/include/deva_ads_msgs/deva_ads_msgs/msg/detail/ads_marker_array_vec__type_support.h
[7.395s] -- Installing: /home/linjiawei/load_mcap/install/deva_ads_msgs/include/deva_ads_msgs/deva_ads_msgs/msg/ads_marker.h
[7.395s] -- Installing: /home/linjiawei/load_mcap/install/deva_ads_msgs/include/deva_ads_msgs/deva_ads_msgs/msg/ads_marker_array.h
[7.395s] -- Installing: /home/linjiawei/load_mcap/install/deva_ads_msgs/include/deva_ads_msgs/deva_ads_msgs/msg/ads_marker_array_vec.h
[7.395s] -- Installing: /home/linjiawei/load_mcap/install/deva_ads_msgs/share/deva_ads_msgs/environment/library_path.sh
[7.395s] -- Installing: /home/linjiawei/load_mcap/install/deva_ads_msgs/share/deva_ads_msgs/environment/library_path.dsv
[7.395s] -- Installing: /home/linjiawei/load_mcap/install/deva_ads_msgs/lib/libdeva_ads_msgs__rosidl_generator_c.so
[7.395s] -- Set runtime path of "/home/linjiawei/load_mcap/install/deva_ads_msgs/lib/libdeva_ads_msgs__rosidl_generator_c.so" to ""
[7.396s] -- Up-to-date: /home/linjiawei/load_mcap/install/deva_ads_msgs/include/deva_ads_msgs/deva_ads_msgs
[7.396s] -- Up-to-date: /home/linjiawei/load_mcap/install/deva_ads_msgs/include/deva_ads_msgs/deva_ads_msgs/msg
[7.396s] -- Installing: /home/linjiawei/load_mcap/install/deva_ads_msgs/include/deva_ads_msgs/deva_ads_msgs/msg/rosidl_typesupport_fastrtps_c__visibility_control.h
[7.396s] -- Up-to-date: /home/linjiawei/load_mcap/install/deva_ads_msgs/include/deva_ads_msgs/deva_ads_msgs/msg/detail
[7.396s] -- Installing: /home/linjiawei/load_mcap/install/deva_ads_msgs/include/deva_ads_msgs/deva_ads_msgs/msg/detail/ads_info__rosidl_typesupport_fastrtps_c.h
[7.396s] -- Installing: /home/linjiawei/load_mcap/install/deva_ads_msgs/include/deva_ads_msgs/deva_ads_msgs/msg/detail/ads_marker__rosidl_typesupport_fastrtps_c.h
[7.396s] -- Installing: /home/linjiawei/load_mcap/install/deva_ads_msgs/include/deva_ads_msgs/deva_ads_msgs/msg/detail/ads_marker_array__rosidl_typesupport_fastrtps_c.h
[7.396s] -- Installing: /home/linjiawei/load_mcap/install/deva_ads_msgs/include/deva_ads_msgs/deva_ads_msgs/msg/detail/ads_marker_array_vec__rosidl_typesupport_fastrtps_c.h
[7.396s] -- Installing: /home/linjiawei/load_mcap/install/deva_ads_msgs/lib/libdeva_ads_msgs__rosidl_typesupport_fastrtps_c.so
[7.396s] -- Set runtime path of "/home/linjiawei/load_mcap/install/deva_ads_msgs/lib/libdeva_ads_msgs__rosidl_typesupport_fastrtps_c.so" to ""
[7.396s] -- Up-to-date: /home/linjiawei/load_mcap/install/deva_ads_msgs/include/deva_ads_msgs/deva_ads_msgs
[7.397s] -- Up-to-date: /home/linjiawei/load_mcap/install/deva_ads_msgs/include/deva_ads_msgs/deva_ads_msgs/msg
[7.397s] -- Installing: /home/linjiawei/load_mcap/install/deva_ads_msgs/include/deva_ads_msgs/deva_ads_msgs/msg/rosidl_typesupport_introspection_c__visibility_control.h
[7.397s] -- Up-to-date: /home/linjiawei/load_mcap/install/deva_ads_msgs/include/deva_ads_msgs/deva_ads_msgs/msg/detail
[7.397s] -- Installing: /home/linjiawei/load_mcap/install/deva_ads_msgs/include/deva_ads_msgs/deva_ads_msgs/msg/detail/ads_info__rosidl_typesupport_introspection_c.h
[7.397s] -- Installing: /home/linjiawei/load_mcap/install/deva_ads_msgs/include/deva_ads_msgs/deva_ads_msgs/msg/detail/ads_info__type_support.c
[7.397s] -- Installing: /home/linjiawei/load_mcap/install/deva_ads_msgs/include/deva_ads_msgs/deva_ads_msgs/msg/detail/ads_marker__rosidl_typesupport_introspection_c.h
[7.397s] -- Installing: /home/linjiawei/load_mcap/install/deva_ads_msgs/include/deva_ads_msgs/deva_ads_msgs/msg/detail/ads_marker__type_support.c
[7.397s] -- Installing: /home/linjiawei/load_mcap/install/deva_ads_msgs/include/deva_ads_msgs/deva_ads_msgs/msg/detail/ads_marker_array__rosidl_typesupport_introspection_c.h
[7.397s] -- Installing: /home/linjiawei/load_mcap/install/deva_ads_msgs/include/deva_ads_msgs/deva_ads_msgs/msg/detail/ads_marker_array__type_support.c
[7.397s] -- Installing: /home/linjiawei/load_mcap/install/deva_ads_msgs/include/deva_ads_msgs/deva_ads_msgs/msg/detail/ads_marker_array_vec__rosidl_typesupport_introspection_c.h
[7.397s] -- Installing: /home/linjiawei/load_mcap/install/deva_ads_msgs/include/deva_ads_msgs/deva_ads_msgs/msg/detail/ads_marker_array_vec__type_support.c
[7.398s] -- Installing: /home/linjiawei/load_mcap/install/deva_ads_msgs/lib/libdeva_ads_msgs__rosidl_typesupport_introspection_c.so
[7.398s] -- Set runtime path of "/home/linjiawei/load_mcap/install/deva_ads_msgs/lib/libdeva_ads_msgs__rosidl_typesupport_introspection_c.so" to ""
[7.398s] -- Installing: /home/linjiawei/load_mcap/install/deva_ads_msgs/lib/libdeva_ads_msgs__rosidl_typesupport_c.so
[7.398s] -- Set runtime path of "/home/linjiawei/load_mcap/install/deva_ads_msgs/lib/libdeva_ads_msgs__rosidl_typesupport_c.so" to ""
[7.398s] -- Up-to-date: /home/linjiawei/load_mcap/install/deva_ads_msgs/include/deva_ads_msgs/deva_ads_msgs
[7.398s] -- Up-to-date: /home/linjiawei/load_mcap/install/deva_ads_msgs/include/deva_ads_msgs/deva_ads_msgs/msg
[7.398s] -- Installing: /home/linjiawei/load_mcap/install/deva_ads_msgs/include/deva_ads_msgs/deva_ads_msgs/msg/rosidl_generator_cpp__visibility_control.hpp
[7.402s] -- Installing: /home/linjiawei/load_mcap/install/deva_ads_msgs/include/deva_ads_msgs/deva_ads_msgs/msg/ads_info.hpp
[7.402s] -- Up-to-date: /home/linjiawei/load_mcap/install/deva_ads_msgs/include/deva_ads_msgs/deva_ads_msgs/msg/detail
[7.402s] -- Installing: /home/linjiawei/load_mcap/install/deva_ads_msgs/include/deva_ads_msgs/deva_ads_msgs/msg/detail/ads_info__builder.hpp
[7.403s] -- Installing: /home/linjiawei/load_mcap/install/deva_ads_msgs/include/deva_ads_msgs/deva_ads_msgs/msg/detail/ads_info__struct.hpp
[7.403s] -- Installing: /home/linjiawei/load_mcap/install/deva_ads_msgs/include/deva_ads_msgs/deva_ads_msgs/msg/detail/ads_info__traits.hpp
[7.403s] -- Installing: /home/linjiawei/load_mcap/install/deva_ads_msgs/include/deva_ads_msgs/deva_ads_msgs/msg/detail/ads_info__type_support.hpp
[7.403s] -- Installing: /home/linjiawei/load_mcap/install/deva_ads_msgs/include/deva_ads_msgs/deva_ads_msgs/msg/detail/ads_marker__builder.hpp
[7.403s] -- Installing: /home/linjiawei/load_mcap/install/deva_ads_msgs/include/deva_ads_msgs/deva_ads_msgs/msg/detail/ads_marker__struct.hpp
[7.403s] -- Installing: /home/linjiawei/load_mcap/install/deva_ads_msgs/include/deva_ads_msgs/deva_ads_msgs/msg/detail/ads_marker__traits.hpp
[7.403s] -- Installing: /home/linjiawei/load_mcap/install/deva_ads_msgs/include/deva_ads_msgs/deva_ads_msgs/msg/detail/ads_marker__type_support.hpp
[7.403s] -- Installing: /home/linjiawei/load_mcap/install/deva_ads_msgs/include/deva_ads_msgs/deva_ads_msgs/msg/detail/ads_marker_array__builder.hpp
[7.403s] -- Installing: /home/linjiawei/load_mcap/install/deva_ads_msgs/include/deva_ads_msgs/deva_ads_msgs/msg/detail/ads_marker_array__struct.hpp
[7.404s] -- Installing: /home/linjiawei/load_mcap/install/deva_ads_msgs/include/deva_ads_msgs/deva_ads_msgs/msg/detail/ads_marker_array__traits.hpp
[7.404s] -- Installing: /home/linjiawei/load_mcap/install/deva_ads_msgs/include/deva_ads_msgs/deva_ads_msgs/msg/detail/ads_marker_array__type_support.hpp
[7.404s] -- Installing: /home/linjiawei/load_mcap/install/deva_ads_msgs/include/deva_ads_msgs/deva_ads_msgs/msg/detail/ads_marker_array_vec__builder.hpp
[7.404s] -- Installing: /home/linjiawei/load_mcap/install/deva_ads_msgs/include/deva_ads_msgs/deva_ads_msgs/msg/detail/ads_marker_array_vec__struct.hpp
[7.404s] -- Installing: /home/linjiawei/load_mcap/install/deva_ads_msgs/include/deva_ads_msgs/deva_ads_msgs/msg/detail/ads_marker_array_vec__traits.hpp
[7.404s] -- Installing: /home/linjiawei/load_mcap/install/deva_ads_msgs/include/deva_ads_msgs/deva_ads_msgs/msg/detail/ads_marker_array_vec__type_support.hpp
[7.404s] -- Installing: /home/linjiawei/load_mcap/install/deva_ads_msgs/include/deva_ads_msgs/deva_ads_msgs/msg/ads_marker.hpp
[7.404s] -- Installing: /home/linjiawei/load_mcap/install/deva_ads_msgs/include/deva_ads_msgs/deva_ads_msgs/msg/ads_marker_array.hpp
[7.404s] -- Installing: /home/linjiawei/load_mcap/install/deva_ads_msgs/include/deva_ads_msgs/deva_ads_msgs/msg/ads_marker_array_vec.hpp
[7.404s] -- Up-to-date: /home/linjiawei/load_mcap/install/deva_ads_msgs/include/deva_ads_msgs/deva_ads_msgs
[7.405s] -- Up-to-date: /home/linjiawei/load_mcap/install/deva_ads_msgs/include/deva_ads_msgs/deva_ads_msgs/msg
[7.405s] -- Installing: /home/linjiawei/load_mcap/install/deva_ads_msgs/include/deva_ads_msgs/deva_ads_msgs/msg/rosidl_typesupport_fastrtps_cpp__visibility_control.h
[7.405s] -- Up-to-date: /home/linjiawei/load_mcap/install/deva_ads_msgs/include/deva_ads_msgs/deva_ads_msgs/msg/detail
[7.405s] -- Installing: /home/linjiawei/load_mcap/install/deva_ads_msgs/include/deva_ads_msgs/deva_ads_msgs/msg/detail/ads_info__rosidl_typesupport_fastrtps_cpp.hpp
[7.405s] -- Installing: /home/linjiawei/load_mcap/install/deva_ads_msgs/include/deva_ads_msgs/deva_ads_msgs/msg/detail/dds_fastrtps
[7.405s] -- Installing: /home/linjiawei/load_mcap/install/deva_ads_msgs/include/deva_ads_msgs/deva_ads_msgs/msg/detail/ads_marker__rosidl_typesupport_fastrtps_cpp.hpp
[7.405s] -- Installing: /home/linjiawei/load_mcap/install/deva_ads_msgs/include/deva_ads_msgs/deva_ads_msgs/msg/detail/ads_marker_array__rosidl_typesupport_fastrtps_cpp.hpp
[7.405s] -- Installing: /home/linjiawei/load_mcap/install/deva_ads_msgs/include/deva_ads_msgs/deva_ads_msgs/msg/detail/ads_marker_array_vec__rosidl_typesupport_fastrtps_cpp.hpp
[7.405s] -- Installing: /home/linjiawei/load_mcap/install/deva_ads_msgs/lib/libdeva_ads_msgs__rosidl_typesupport_fastrtps_cpp.so
[7.405s] -- Set runtime path of "/home/linjiawei/load_mcap/install/deva_ads_msgs/lib/libdeva_ads_msgs__rosidl_typesupport_fastrtps_cpp.so" to ""
[7.406s] -- Up-to-date: /home/linjiawei/load_mcap/install/deva_ads_msgs/include/deva_ads_msgs/deva_ads_msgs
[7.406s] -- Up-to-date: /home/linjiawei/load_mcap/install/deva_ads_msgs/include/deva_ads_msgs/deva_ads_msgs/msg
[7.406s] -- Up-to-date: /home/linjiawei/load_mcap/install/deva_ads_msgs/include/deva_ads_msgs/deva_ads_msgs/msg/detail
[7.406s] -- Installing: /home/linjiawei/load_mcap/install/deva_ads_msgs/include/deva_ads_msgs/deva_ads_msgs/msg/detail/ads_info__rosidl_typesupport_introspection_cpp.hpp
[7.406s] -- Installing: /home/linjiawei/load_mcap/install/deva_ads_msgs/include/deva_ads_msgs/deva_ads_msgs/msg/detail/ads_info__type_support.cpp
[7.406s] -- Installing: /home/linjiawei/load_mcap/install/deva_ads_msgs/include/deva_ads_msgs/deva_ads_msgs/msg/detail/ads_marker__rosidl_typesupport_introspection_cpp.hpp
[7.406s] -- Installing: /home/linjiawei/load_mcap/install/deva_ads_msgs/include/deva_ads_msgs/deva_ads_msgs/msg/detail/ads_marker__type_support.cpp
[7.406s] -- Installing: /home/linjiawei/load_mcap/install/deva_ads_msgs/include/deva_ads_msgs/deva_ads_msgs/msg/detail/ads_marker_array__rosidl_typesupport_introspection_cpp.hpp
[7.406s] -- Installing: /home/linjiawei/load_mcap/install/deva_ads_msgs/include/deva_ads_msgs/deva_ads_msgs/msg/detail/ads_marker_array__type_support.cpp
[7.406s] -- Installing: /home/linjiawei/load_mcap/install/deva_ads_msgs/include/deva_ads_msgs/deva_ads_msgs/msg/detail/ads_marker_array_vec__rosidl_typesupport_introspection_cpp.hpp
[7.411s] -- Installing: /home/linjiawei/load_mcap/install/deva_ads_msgs/include/deva_ads_msgs/deva_ads_msgs/msg/detail/ads_marker_array_vec__type_support.cpp
[7.411s] -- Installing: /home/linjiawei/load_mcap/install/deva_ads_msgs/lib/libdeva_ads_msgs__rosidl_typesupport_introspection_cpp.so
[7.417s] -- Set runtime path of "/home/linjiawei/load_mcap/install/deva_ads_msgs/lib/libdeva_ads_msgs__rosidl_typesupport_introspection_cpp.so" to ""
[7.417s] -- Installing: /home/linjiawei/load_mcap/install/deva_ads_msgs/lib/libdeva_ads_msgs__rosidl_typesupport_cpp.so
[7.417s] -- Set runtime path of "/home/linjiawei/load_mcap/install/deva_ads_msgs/lib/libdeva_ads_msgs__rosidl_typesupport_cpp.so" to ""
[7.417s] -- Installing: /home/linjiawei/load_mcap/install/deva_ads_msgs/share/deva_ads_msgs/environment/pythonpath.sh
[7.417s] -- Installing: /home/linjiawei/load_mcap/install/deva_ads_msgs/share/deva_ads_msgs/environment/pythonpath.dsv
[7.418s] -- Installing: /home/linjiawei/load_mcap/install/deva_ads_msgs/local/lib/python3.10/dist-packages/deva_ads_msgs-0.0.0-py3.10.egg-info
[7.418s] -- Installing: /home/linjiawei/load_mcap/install/deva_ads_msgs/local/lib/python3.10/dist-packages/deva_ads_msgs-0.0.0-py3.10.egg-info/PKG-INFO
[7.418s] -- Installing: /home/linjiawei/load_mcap/install/deva_ads_msgs/local/lib/python3.10/dist-packages/deva_ads_msgs-0.0.0-py3.10.egg-info/dependency_links.txt
[7.418s] -- Installing: /home/linjiawei/load_mcap/install/deva_ads_msgs/local/lib/python3.10/dist-packages/deva_ads_msgs-0.0.0-py3.10.egg-info/top_level.txt
[7.418s] -- Installing: /home/linjiawei/load_mcap/install/deva_ads_msgs/local/lib/python3.10/dist-packages/deva_ads_msgs-0.0.0-py3.10.egg-info/SOURCES.txt
[7.418s] -- Installing: /home/linjiawei/load_mcap/install/deva_ads_msgs/local/lib/python3.10/dist-packages/deva_ads_msgs
[7.418s] -- Installing: /home/linjiawei/load_mcap/install/deva_ads_msgs/local/lib/python3.10/dist-packages/deva_ads_msgs/__init__.py
[7.418s] -- Installing: /home/linjiawei/load_mcap/install/deva_ads_msgs/local/lib/python3.10/dist-packages/deva_ads_msgs/msg
[7.418s] -- Installing: /home/linjiawei/load_mcap/install/deva_ads_msgs/local/lib/python3.10/dist-packages/deva_ads_msgs/msg/_ads_info.py
[7.418s] -- Installing: /home/linjiawei/load_mcap/install/deva_ads_msgs/local/lib/python3.10/dist-packages/deva_ads_msgs/msg/_ads_info_s.c
[7.419s] -- Installing: /home/linjiawei/load_mcap/install/deva_ads_msgs/local/lib/python3.10/dist-packages/deva_ads_msgs/msg/_ads_marker.py
[7.419s] -- Installing: /home/linjiawei/load_mcap/install/deva_ads_msgs/local/lib/python3.10/dist-packages/deva_ads_msgs/msg/_ads_marker_s.c
[7.419s] -- Installing: /home/linjiawei/load_mcap/install/deva_ads_msgs/local/lib/python3.10/dist-packages/deva_ads_msgs/msg/_ads_marker_array.py
[7.419s] -- Installing: /home/linjiawei/load_mcap/install/deva_ads_msgs/local/lib/python3.10/dist-packages/deva_ads_msgs/msg/_ads_marker_array_s.c
[7.419s] -- Installing: /home/linjiawei/load_mcap/install/deva_ads_msgs/local/lib/python3.10/dist-packages/deva_ads_msgs/msg/_ads_marker_array_vec.py
[7.419s] -- Installing: /home/linjiawei/load_mcap/install/deva_ads_msgs/local/lib/python3.10/dist-packages/deva_ads_msgs/msg/_ads_marker_array_vec_s.c
[7.419s] -- Installing: /home/linjiawei/load_mcap/install/deva_ads_msgs/local/lib/python3.10/dist-packages/deva_ads_msgs/msg/__init__.py
[7.419s] -- Installing: /home/linjiawei/load_mcap/install/deva_ads_msgs/local/lib/python3.10/dist-packages/deva_ads_msgs/_deva_ads_msgs_s.ep.rosidl_typesupport_fastrtps_c.c
[7.419s] -- Installing: /home/linjiawei/load_mcap/install/deva_ads_msgs/local/lib/python3.10/dist-packages/deva_ads_msgs/_deva_ads_msgs_s.ep.rosidl_typesupport_introspection_c.c
[7.419s] -- Installing: /home/linjiawei/load_mcap/install/deva_ads_msgs/local/lib/python3.10/dist-packages/deva_ads_msgs/_deva_ads_msgs_s.ep.rosidl_typesupport_c.c
[7.419s] -- Installing: /home/linjiawei/load_mcap/install/deva_ads_msgs/local/lib/python3.10/dist-packages/deva_ads_msgs/libdeva_ads_msgs__rosidl_generator_py.so
[7.419s] -- Installing: /home/linjiawei/load_mcap/install/deva_ads_msgs/local/lib/python3.10/dist-packages/deva_ads_msgs/deva_ads_msgs_s__rosidl_typesupport_c.cpython-310-x86_64-linux-gnu.so
[7.419s] -- Installing: /home/linjiawei/load_mcap/install/deva_ads_msgs/local/lib/python3.10/dist-packages/deva_ads_msgs/deva_ads_msgs_s__rosidl_typesupport_fastrtps_c.cpython-310-x86_64-linux-gnu.so
[7.427s] -- Installing: /home/linjiawei/load_mcap/install/deva_ads_msgs/local/lib/python3.10/dist-packages/deva_ads_msgs/deva_ads_msgs_s__rosidl_typesupport_introspection_c.cpython-310-x86_64-linux-gnu.so
[7.521s] Listing '/home/linjiawei/load_mcap/install/deva_ads_msgs/local/lib/python3.10/dist-packages/deva_ads_msgs'...
[7.522s] Compiling '/home/linjiawei/load_mcap/install/deva_ads_msgs/local/lib/python3.10/dist-packages/deva_ads_msgs/__init__.py'...
[7.522s] Listing '/home/linjiawei/load_mcap/install/deva_ads_msgs/local/lib/python3.10/dist-packages/deva_ads_msgs/msg'...
[7.522s] Compiling '/home/linjiawei/load_mcap/install/deva_ads_msgs/local/lib/python3.10/dist-packages/deva_ads_msgs/msg/__init__.py'...
[7.522s] Compiling '/home/linjiawei/load_mcap/install/deva_ads_msgs/local/lib/python3.10/dist-packages/deva_ads_msgs/msg/_ads_info.py'...
[7.522s] Compiling '/home/linjiawei/load_mcap/install/deva_ads_msgs/local/lib/python3.10/dist-packages/deva_ads_msgs/msg/_ads_marker.py'...
[7.522s] Compiling '/home/linjiawei/load_mcap/install/deva_ads_msgs/local/lib/python3.10/dist-packages/deva_ads_msgs/msg/_ads_marker_array.py'...
[7.522s] Compiling '/home/linjiawei/load_mcap/install/deva_ads_msgs/local/lib/python3.10/dist-packages/deva_ads_msgs/msg/_ads_marker_array_vec.py'...
[7.528s] -- Installing: /home/linjiawei/load_mcap/install/deva_ads_msgs/local/lib/python3.10/dist-packages/deva_ads_msgs/deva_ads_msgs_s__rosidl_typesupport_fastrtps_c.cpython-310-x86_64-linux-gnu.so
[7.528s] -- Set runtime path of "/home/linjiawei/load_mcap/install/deva_ads_msgs/local/lib/python3.10/dist-packages/deva_ads_msgs/deva_ads_msgs_s__rosidl_typesupport_fastrtps_c.cpython-310-x86_64-linux-gnu.so" to ""
[7.528s] -- Installing: /home/linjiawei/load_mcap/install/deva_ads_msgs/local/lib/python3.10/dist-packages/deva_ads_msgs/deva_ads_msgs_s__rosidl_typesupport_introspection_c.cpython-310-x86_64-linux-gnu.so
[7.528s] -- Set runtime path of "/home/linjiawei/load_mcap/install/deva_ads_msgs/local/lib/python3.10/dist-packages/deva_ads_msgs/deva_ads_msgs_s__rosidl_typesupport_introspection_c.cpython-310-x86_64-linux-gnu.so" to ""
[7.528s] -- Installing: /home/linjiawei/load_mcap/install/deva_ads_msgs/local/lib/python3.10/dist-packages/deva_ads_msgs/deva_ads_msgs_s__rosidl_typesupport_c.cpython-310-x86_64-linux-gnu.so
[7.529s] -- Set runtime path of "/home/linjiawei/load_mcap/install/deva_ads_msgs/local/lib/python3.10/dist-packages/deva_ads_msgs/deva_ads_msgs_s__rosidl_typesupport_c.cpython-310-x86_64-linux-gnu.so" to ""
[7.529s] -- Installing: /home/linjiawei/load_mcap/install/deva_ads_msgs/lib/libdeva_ads_msgs__rosidl_generator_py.so
[7.529s] -- Set runtime path of "/home/linjiawei/load_mcap/install/deva_ads_msgs/lib/libdeva_ads_msgs__rosidl_generator_py.so" to ""
[7.529s] -- Installing: /home/linjiawei/load_mcap/install/deva_ads_msgs/share/deva_ads_msgs/msg/AdsInfo.idl
[7.529s] -- Installing: /home/linjiawei/load_mcap/install/deva_ads_msgs/share/deva_ads_msgs/msg/AdsMarker.idl
[7.529s] -- Installing: /home/linjiawei/load_mcap/install/deva_ads_msgs/share/deva_ads_msgs/msg/AdsMarkerArray.idl
[7.529s] -- Installing: /home/linjiawei/load_mcap/install/deva_ads_msgs/share/deva_ads_msgs/msg/AdsMarkerArrayVec.idl
[7.530s] -- Installing: /home/linjiawei/load_mcap/install/deva_ads_msgs/share/deva_ads_msgs/msg/AdsInfo.msg
[7.530s] -- Installing: /home/linjiawei/load_mcap/install/deva_ads_msgs/share/deva_ads_msgs/msg/AdsMarker.msg
[7.530s] -- Installing: /home/linjiawei/load_mcap/install/deva_ads_msgs/share/deva_ads_msgs/msg/AdsMarkerArray.msg
[7.530s] -- Installing: /home/linjiawei/load_mcap/install/deva_ads_msgs/share/deva_ads_msgs/msg/AdsMarkerArrayVec.msg
[7.530s] -- Installing: /home/linjiawei/load_mcap/install/deva_ads_msgs/share/ament_index/resource_index/package_run_dependencies/deva_ads_msgs
[7.530s] -- Installing: /home/linjiawei/load_mcap/install/deva_ads_msgs/share/ament_index/resource_index/parent_prefix_path/deva_ads_msgs
[7.530s] -- Installing: /home/linjiawei/load_mcap/install/deva_ads_msgs/share/deva_ads_msgs/environment/ament_prefix_path.sh
[7.530s] -- Installing: /home/linjiawei/load_mcap/install/deva_ads_msgs/share/deva_ads_msgs/environment/ament_prefix_path.dsv
[7.530s] -- Installing: /home/linjiawei/load_mcap/install/deva_ads_msgs/share/deva_ads_msgs/environment/path.sh
[7.530s] -- Installing: /home/linjiawei/load_mcap/install/deva_ads_msgs/share/deva_ads_msgs/environment/path.dsv
[7.531s] -- Installing: /home/linjiawei/load_mcap/install/deva_ads_msgs/share/deva_ads_msgs/local_setup.bash
[7.531s] -- Installing: /home/linjiawei/load_mcap/install/deva_ads_msgs/share/deva_ads_msgs/local_setup.sh
[7.531s] -- Installing: /home/linjiawei/load_mcap/install/deva_ads_msgs/share/deva_ads_msgs/local_setup.zsh
[7.531s] -- Installing: /home/linjiawei/load_mcap/install/deva_ads_msgs/share/deva_ads_msgs/local_setup.dsv
[7.531s] -- Installing: /home/linjiawei/load_mcap/install/deva_ads_msgs/share/deva_ads_msgs/package.dsv
[7.531s] -- Installing: /home/linjiawei/load_mcap/install/deva_ads_msgs/share/ament_index/resource_index/packages/deva_ads_msgs
[7.531s] -- Installing: /home/linjiawei/load_mcap/install/deva_ads_msgs/share/deva_ads_msgs/cmake/export_deva_ads_msgs__rosidl_generator_cExport.cmake
[7.531s] -- Installing: /home/linjiawei/load_mcap/install/deva_ads_msgs/share/deva_ads_msgs/cmake/export_deva_ads_msgs__rosidl_generator_cExport-noconfig.cmake
[7.532s] -- Installing: /home/linjiawei/load_mcap/install/deva_ads_msgs/share/deva_ads_msgs/cmake/export_deva_ads_msgs__rosidl_typesupport_fastrtps_cExport.cmake
[7.532s] -- Installing: /home/linjiawei/load_mcap/install/deva_ads_msgs/share/deva_ads_msgs/cmake/export_deva_ads_msgs__rosidl_typesupport_fastrtps_cExport-noconfig.cmake
[7.532s] -- Installing: /home/linjiawei/load_mcap/install/deva_ads_msgs/share/deva_ads_msgs/cmake/deva_ads_msgs__rosidl_typesupport_introspection_cExport.cmake
[7.563s] -- Installing: /home/linjiawei/load_mcap/install/deva_ads_msgs/share/deva_ads_msgs/cmake/deva_ads_msgs__rosidl_typesupport_introspection_cExport-noconfig.cmake
[7.563s] -- Installing: /home/linjiawei/load_mcap/install/deva_ads_msgs/share/deva_ads_msgs/cmake/deva_ads_msgs__rosidl_typesupport_cExport.cmake
[7.563s] -- Installing: /home/linjiawei/load_mcap/install/deva_ads_msgs/share/deva_ads_msgs/cmake/deva_ads_msgs__rosidl_typesupport_cExport-noconfig.cmake
[7.563s] -- Installing: /home/linjiawei/load_mcap/install/deva_ads_msgs/share/deva_ads_msgs/cmake/export_deva_ads_msgs__rosidl_generator_cppExport.cmake
[7.563s] -- Installing: /home/linjiawei/load_mcap/install/deva_ads_msgs/share/deva_ads_msgs/cmake/export_deva_ads_msgs__rosidl_typesupport_fastrtps_cppExport.cmake
[7.563s] -- Installing: /home/linjiawei/load_mcap/install/deva_ads_msgs/share/deva_ads_msgs/cmake/export_deva_ads_msgs__rosidl_typesupport_fastrtps_cppExport-noconfig.cmake
[7.563s] -- Installing: /home/linjiawei/load_mcap/install/deva_ads_msgs/share/deva_ads_msgs/cmake/deva_ads_msgs__rosidl_typesupport_introspection_cppExport.cmake
[7.563s] -- Installing: /home/linjiawei/load_mcap/install/deva_ads_msgs/share/deva_ads_msgs/cmake/deva_ads_msgs__rosidl_typesupport_introspection_cppExport-noconfig.cmake
[7.563s] -- Installing: /home/linjiawei/load_mcap/install/deva_ads_msgs/share/deva_ads_msgs/cmake/deva_ads_msgs__rosidl_typesupport_cppExport.cmake
[7.564s] -- Installing: /home/linjiawei/load_mcap/install/deva_ads_msgs/share/deva_ads_msgs/cmake/deva_ads_msgs__rosidl_typesupport_cppExport-noconfig.cmake
[7.564s] -- Installing: /home/linjiawei/load_mcap/install/deva_ads_msgs/share/deva_ads_msgs/cmake/export_deva_ads_msgs__rosidl_generator_pyExport.cmake
[7.564s] -- Installing: /home/linjiawei/load_mcap/install/deva_ads_msgs/share/deva_ads_msgs/cmake/export_deva_ads_msgs__rosidl_generator_pyExport-noconfig.cmake
[7.564s] -- Installing: /home/linjiawei/load_mcap/install/deva_ads_msgs/share/deva_ads_msgs/cmake/rosidl_cmake-extras.cmake
[7.564s] -- Installing: /home/linjiawei/load_mcap/install/deva_ads_msgs/share/deva_ads_msgs/cmake/ament_cmake_export_dependencies-extras.cmake
[7.564s] -- Installing: /home/linjiawei/load_mcap/install/deva_ads_msgs/share/deva_ads_msgs/cmake/ament_cmake_export_include_directories-extras.cmake
[7.564s] -- Installing: /home/linjiawei/load_mcap/install/deva_ads_msgs/share/deva_ads_msgs/cmake/ament_cmake_export_libraries-extras.cmake
[7.564s] -- Installing: /home/linjiawei/load_mcap/install/deva_ads_msgs/share/deva_ads_msgs/cmake/ament_cmake_export_targets-extras.cmake
[7.564s] -- Installing: /home/linjiawei/load_mcap/install/deva_ads_msgs/share/deva_ads_msgs/cmake/rosidl_cmake_export_typesupport_targets-extras.cmake
[7.565s] -- Installing: /home/linjiawei/load_mcap/install/deva_ads_msgs/share/deva_ads_msgs/cmake/rosidl_cmake_export_typesupport_libraries-extras.cmake
[7.565s] -- Installing: /home/linjiawei/load_mcap/install/deva_ads_msgs/share/deva_ads_msgs/cmake/deva_ads_msgsConfig.cmake
[7.565s] -- Installing: /home/linjiawei/load_mcap/install/deva_ads_msgs/share/deva_ads_msgs/cmake/deva_ads_msgsConfig-version.cmake
[7.565s] -- Installing: /home/linjiawei/load_mcap/install/deva_ads_msgs/share/deva_ads_msgs/package.xml
[7.568s] Invoked command in '/home/linjiawei/load_mcap/build/deva_ads_msgs' returned '0': CMAKE_PREFIX_PATH=${CMAKE_PREFIX_PATH}:/opt/ros/humble /usr/bin/cmake --install /home/linjiawei/load_mcap/build/deva_ads_msgs
