[0.029s] Invoking command in '/home/linjiawei/load_mcap/build/deva_ads_msgs': CMAKE_PREFIX_PATH=${CMAKE_PREFIX_PATH}:/opt/ros/humble /usr/bin/cmake --build /home/linjiawei/load_mcap/build/deva_ads_msgs -- -j17 -l17
[0.085s] [  1%] Built target deva_ads_msgs__cpp
[0.088s] [ 12%] Built target deva_ads_msgs__rosidl_generator_c
[0.097s] [ 12%] Built target ament_cmake_python_copy_deva_ads_msgs
[0.141s] [ 23%] Built target deva_ads_msgs__rosidl_typesupport_cpp
[0.145s] [ 34%] Built target deva_ads_msgs__rosidl_typesupport_fastrtps_cpp
[0.154s] [ 45%] Built target deva_ads_msgs__rosidl_typesupport_introspection_c
[0.154s] [ 56%] Built target deva_ads_msgs__rosidl_typesupport_introspection_cpp
[0.156s] [ 67%] Built target deva_ads_msgs__rosidl_typesupport_c
[0.158s] [ 78%] Built target deva_ads_msgs__rosidl_typesupport_fastrtps_c
[0.184s] [ 78%] Built target deva_ads_msgs
[0.208s] [ 80%] Built target deva_ads_msgs__py
[0.234s] [ 89%] Built target deva_ads_msgs__rosidl_generator_py
[0.260s] [ 98%] Built target deva_ads_msgs__rosidl_typesupport_introspection_c__pyext
[0.260s] [100%] Built target deva_ads_msgs__rosidl_typesupport_fastrtps_c__pyext
[0.260s] [100%] Built target deva_ads_msgs__rosidl_typesupport_c__pyext
[0.402s] running egg_info
[0.403s] writing deva_ads_msgs.egg-info/PKG-INFO
[0.403s] writing dependency_links to deva_ads_msgs.egg-info/dependency_links.txt
[0.404s] writing top-level names to deva_ads_msgs.egg-info/top_level.txt
[0.407s] reading manifest file 'deva_ads_msgs.egg-info/SOURCES.txt'
[0.407s] writing manifest file 'deva_ads_msgs.egg-info/SOURCES.txt'
[0.435s] [100%] Built target ament_cmake_python_build_deva_ads_msgs_egg
[0.452s] Invoked command in '/home/linjiawei/load_mcap/build/deva_ads_msgs' returned '0': CMAKE_PREFIX_PATH=${CMAKE_PREFIX_PATH}:/opt/ros/humble /usr/bin/cmake --build /home/linjiawei/load_mcap/build/deva_ads_msgs -- -j17 -l17
[0.468s] Invoking command in '/home/linjiawei/load_mcap/build/deva_ads_msgs': CMAKE_PREFIX_PATH=${CMAKE_PREFIX_PATH}:/opt/ros/humble /usr/bin/cmake --install /home/linjiawei/load_mcap/build/deva_ads_msgs
[0.483s] -- Install configuration: ""
[0.483s] -- Up-to-date: /home/linjiawei/load_mcap/install/deva_ads_msgs/share/ament_index/resource_index/rosidl_interfaces/deva_ads_msgs
[0.484s] -- Up-to-date: /home/linjiawei/load_mcap/install/deva_ads_msgs/include/deva_ads_msgs/deva_ads_msgs
[0.484s] -- Up-to-date: /home/linjiawei/load_mcap/install/deva_ads_msgs/include/deva_ads_msgs/deva_ads_msgs/msg
[0.484s] -- Up-to-date: /home/linjiawei/load_mcap/install/deva_ads_msgs/include/deva_ads_msgs/deva_ads_msgs/msg/rosidl_generator_c__visibility_control.h
[0.484s] -- Up-to-date: /home/linjiawei/load_mcap/install/deva_ads_msgs/include/deva_ads_msgs/deva_ads_msgs/msg/ads_info.h
[0.484s] -- Up-to-date: /home/linjiawei/load_mcap/install/deva_ads_msgs/include/deva_ads_msgs/deva_ads_msgs/msg/detail
[0.484s] -- Up-to-date: /home/linjiawei/load_mcap/install/deva_ads_msgs/include/deva_ads_msgs/deva_ads_msgs/msg/detail/ads_info__functions.c
[0.484s] -- Up-to-date: /home/linjiawei/load_mcap/install/deva_ads_msgs/include/deva_ads_msgs/deva_ads_msgs/msg/detail/ads_info__functions.h
[0.484s] -- Up-to-date: /home/linjiawei/load_mcap/install/deva_ads_msgs/include/deva_ads_msgs/deva_ads_msgs/msg/detail/ads_info__struct.h
[0.484s] -- Up-to-date: /home/linjiawei/load_mcap/install/deva_ads_msgs/include/deva_ads_msgs/deva_ads_msgs/msg/detail/ads_info__type_support.h
[0.484s] -- Up-to-date: /home/linjiawei/load_mcap/install/deva_ads_msgs/include/deva_ads_msgs/deva_ads_msgs/msg/detail/ads_marker__functions.c
[0.485s] -- Up-to-date: /home/linjiawei/load_mcap/install/deva_ads_msgs/include/deva_ads_msgs/deva_ads_msgs/msg/detail/ads_marker__functions.h
[0.485s] -- Up-to-date: /home/linjiawei/load_mcap/install/deva_ads_msgs/include/deva_ads_msgs/deva_ads_msgs/msg/detail/ads_marker__struct.h
[0.485s] -- Up-to-date: /home/linjiawei/load_mcap/install/deva_ads_msgs/include/deva_ads_msgs/deva_ads_msgs/msg/detail/ads_marker__type_support.h
[0.485s] -- Up-to-date: /home/linjiawei/load_mcap/install/deva_ads_msgs/include/deva_ads_msgs/deva_ads_msgs/msg/detail/ads_marker_array__functions.c
[0.485s] -- Up-to-date: /home/linjiawei/load_mcap/install/deva_ads_msgs/include/deva_ads_msgs/deva_ads_msgs/msg/detail/ads_marker_array__functions.h
[0.485s] -- Up-to-date: /home/linjiawei/load_mcap/install/deva_ads_msgs/include/deva_ads_msgs/deva_ads_msgs/msg/detail/ads_marker_array__struct.h
[0.486s] -- Up-to-date: /home/linjiawei/load_mcap/install/deva_ads_msgs/include/deva_ads_msgs/deva_ads_msgs/msg/detail/ads_marker_array__type_support.h
[0.486s] -- Up-to-date: /home/linjiawei/load_mcap/install/deva_ads_msgs/include/deva_ads_msgs/deva_ads_msgs/msg/detail/ads_marker_array_vec__functions.c
[0.486s] -- Up-to-date: /home/linjiawei/load_mcap/install/deva_ads_msgs/include/deva_ads_msgs/deva_ads_msgs/msg/detail/ads_marker_array_vec__functions.h
[0.486s] -- Up-to-date: /home/linjiawei/load_mcap/install/deva_ads_msgs/include/deva_ads_msgs/deva_ads_msgs/msg/detail/ads_marker_array_vec__struct.h
[0.487s] -- Up-to-date: /home/linjiawei/load_mcap/install/deva_ads_msgs/include/deva_ads_msgs/deva_ads_msgs/msg/detail/ads_marker_array_vec__type_support.h
[0.487s] -- Up-to-date: /home/linjiawei/load_mcap/install/deva_ads_msgs/include/deva_ads_msgs/deva_ads_msgs/msg/ads_marker.h
[0.487s] -- Up-to-date: /home/linjiawei/load_mcap/install/deva_ads_msgs/include/deva_ads_msgs/deva_ads_msgs/msg/ads_marker_array.h
[0.487s] -- Up-to-date: /home/linjiawei/load_mcap/install/deva_ads_msgs/include/deva_ads_msgs/deva_ads_msgs/msg/ads_marker_array_vec.h
[0.487s] -- Up-to-date: /home/linjiawei/load_mcap/install/deva_ads_msgs/share/deva_ads_msgs/environment/library_path.sh
[0.488s] -- Up-to-date: /home/linjiawei/load_mcap/install/deva_ads_msgs/share/deva_ads_msgs/environment/library_path.dsv
[0.489s] -- Up-to-date: /home/linjiawei/load_mcap/install/deva_ads_msgs/lib/libdeva_ads_msgs__rosidl_generator_c.so
[0.489s] -- Up-to-date: /home/linjiawei/load_mcap/install/deva_ads_msgs/include/deva_ads_msgs/deva_ads_msgs
[0.489s] -- Up-to-date: /home/linjiawei/load_mcap/install/deva_ads_msgs/include/deva_ads_msgs/deva_ads_msgs/msg
[0.489s] -- Up-to-date: /home/linjiawei/load_mcap/install/deva_ads_msgs/include/deva_ads_msgs/deva_ads_msgs/msg/rosidl_typesupport_fastrtps_c__visibility_control.h
[0.489s] -- Up-to-date: /home/linjiawei/load_mcap/install/deva_ads_msgs/include/deva_ads_msgs/deva_ads_msgs/msg/detail
[0.489s] -- Up-to-date: /home/linjiawei/load_mcap/install/deva_ads_msgs/include/deva_ads_msgs/deva_ads_msgs/msg/detail/ads_info__rosidl_typesupport_fastrtps_c.h
[0.489s] -- Up-to-date: /home/linjiawei/load_mcap/install/deva_ads_msgs/include/deva_ads_msgs/deva_ads_msgs/msg/detail/ads_marker__rosidl_typesupport_fastrtps_c.h
[0.489s] -- Up-to-date: /home/linjiawei/load_mcap/install/deva_ads_msgs/include/deva_ads_msgs/deva_ads_msgs/msg/detail/ads_marker_array__rosidl_typesupport_fastrtps_c.h
[0.489s] -- Up-to-date: /home/linjiawei/load_mcap/install/deva_ads_msgs/include/deva_ads_msgs/deva_ads_msgs/msg/detail/ads_marker_array_vec__rosidl_typesupport_fastrtps_c.h
[0.490s] -- Up-to-date: /home/linjiawei/load_mcap/install/deva_ads_msgs/lib/libdeva_ads_msgs__rosidl_typesupport_fastrtps_c.so
[0.490s] -- Up-to-date: /home/linjiawei/load_mcap/install/deva_ads_msgs/include/deva_ads_msgs/deva_ads_msgs
[0.490s] -- Up-to-date: /home/linjiawei/load_mcap/install/deva_ads_msgs/include/deva_ads_msgs/deva_ads_msgs/msg
[0.491s] -- Up-to-date: /home/linjiawei/load_mcap/install/deva_ads_msgs/include/deva_ads_msgs/deva_ads_msgs/msg/rosidl_typesupport_introspection_c__visibility_control.h
[0.491s] -- Up-to-date: /home/linjiawei/load_mcap/install/deva_ads_msgs/include/deva_ads_msgs/deva_ads_msgs/msg/detail
[0.491s] -- Up-to-date: /home/linjiawei/load_mcap/install/deva_ads_msgs/include/deva_ads_msgs/deva_ads_msgs/msg/detail/ads_info__rosidl_typesupport_introspection_c.h
[0.491s] -- Up-to-date: /home/linjiawei/load_mcap/install/deva_ads_msgs/include/deva_ads_msgs/deva_ads_msgs/msg/detail/ads_info__type_support.c
[0.491s] -- Up-to-date: /home/linjiawei/load_mcap/install/deva_ads_msgs/include/deva_ads_msgs/deva_ads_msgs/msg/detail/ads_marker__rosidl_typesupport_introspection_c.h
[0.491s] -- Up-to-date: /home/linjiawei/load_mcap/install/deva_ads_msgs/include/deva_ads_msgs/deva_ads_msgs/msg/detail/ads_marker__type_support.c
[0.491s] -- Up-to-date: /home/linjiawei/load_mcap/install/deva_ads_msgs/include/deva_ads_msgs/deva_ads_msgs/msg/detail/ads_marker_array__rosidl_typesupport_introspection_c.h
[0.491s] -- Up-to-date: /home/linjiawei/load_mcap/install/deva_ads_msgs/include/deva_ads_msgs/deva_ads_msgs/msg/detail/ads_marker_array__type_support.c
[0.491s] -- Up-to-date: /home/linjiawei/load_mcap/install/deva_ads_msgs/include/deva_ads_msgs/deva_ads_msgs/msg/detail/ads_marker_array_vec__rosidl_typesupport_introspection_c.h
[0.492s] -- Up-to-date: /home/linjiawei/load_mcap/install/deva_ads_msgs/include/deva_ads_msgs/deva_ads_msgs/msg/detail/ads_marker_array_vec__type_support.c
[0.492s] -- Up-to-date: /home/linjiawei/load_mcap/install/deva_ads_msgs/lib/libdeva_ads_msgs__rosidl_typesupport_introspection_c.so
[0.492s] -- Up-to-date: /home/linjiawei/load_mcap/install/deva_ads_msgs/lib/libdeva_ads_msgs__rosidl_typesupport_c.so
[0.492s] -- Up-to-date: /home/linjiawei/load_mcap/install/deva_ads_msgs/include/deva_ads_msgs/deva_ads_msgs
[0.495s] -- Up-to-date: /home/linjiawei/load_mcap/install/deva_ads_msgs/include/deva_ads_msgs/deva_ads_msgs/msg
[0.495s] -- Up-to-date: /home/linjiawei/load_mcap/install/deva_ads_msgs/include/deva_ads_msgs/deva_ads_msgs/msg/rosidl_generator_cpp__visibility_control.hpp
[0.495s] -- Up-to-date: /home/linjiawei/load_mcap/install/deva_ads_msgs/include/deva_ads_msgs/deva_ads_msgs/msg/ads_info.hpp
[0.495s] -- Up-to-date: /home/linjiawei/load_mcap/install/deva_ads_msgs/include/deva_ads_msgs/deva_ads_msgs/msg/detail
[0.495s] -- Up-to-date: /home/linjiawei/load_mcap/install/deva_ads_msgs/include/deva_ads_msgs/deva_ads_msgs/msg/detail/ads_info__builder.hpp
[0.495s] -- Up-to-date: /home/linjiawei/load_mcap/install/deva_ads_msgs/include/deva_ads_msgs/deva_ads_msgs/msg/detail/ads_info__struct.hpp
[0.495s] -- Up-to-date: /home/linjiawei/load_mcap/install/deva_ads_msgs/include/deva_ads_msgs/deva_ads_msgs/msg/detail/ads_info__traits.hpp
[0.495s] -- Up-to-date: /home/linjiawei/load_mcap/install/deva_ads_msgs/include/deva_ads_msgs/deva_ads_msgs/msg/detail/ads_info__type_support.hpp
[0.495s] -- Up-to-date: /home/linjiawei/load_mcap/install/deva_ads_msgs/include/deva_ads_msgs/deva_ads_msgs/msg/detail/ads_marker__builder.hpp
[0.496s] -- Up-to-date: /home/linjiawei/load_mcap/install/deva_ads_msgs/include/deva_ads_msgs/deva_ads_msgs/msg/detail/ads_marker__struct.hpp
[0.504s] -- Up-to-date: /home/linjiawei/load_mcap/install/deva_ads_msgs/include/deva_ads_msgs/deva_ads_msgs/msg/detail/ads_marker__traits.hpp
[0.504s] -- Up-to-date: /home/linjiawei/load_mcap/install/deva_ads_msgs/include/deva_ads_msgs/deva_ads_msgs/msg/detail/ads_marker__type_support.hpp
[0.504s] -- Up-to-date: /home/linjiawei/load_mcap/install/deva_ads_msgs/include/deva_ads_msgs/deva_ads_msgs/msg/detail/ads_marker_array__builder.hpp
[0.504s] -- Up-to-date: /home/linjiawei/load_mcap/install/deva_ads_msgs/include/deva_ads_msgs/deva_ads_msgs/msg/detail/ads_marker_array__struct.hpp
[0.504s] -- Up-to-date: /home/linjiawei/load_mcap/install/deva_ads_msgs/include/deva_ads_msgs/deva_ads_msgs/msg/detail/ads_marker_array__traits.hpp
[0.505s] -- Up-to-date: /home/linjiawei/load_mcap/install/deva_ads_msgs/include/deva_ads_msgs/deva_ads_msgs/msg/detail/ads_marker_array__type_support.hpp
[0.505s] -- Up-to-date: /home/linjiawei/load_mcap/install/deva_ads_msgs/include/deva_ads_msgs/deva_ads_msgs/msg/detail/ads_marker_array_vec__builder.hpp
[0.505s] -- Up-to-date: /home/linjiawei/load_mcap/install/deva_ads_msgs/include/deva_ads_msgs/deva_ads_msgs/msg/detail/ads_marker_array_vec__struct.hpp
[0.505s] -- Up-to-date: /home/linjiawei/load_mcap/install/deva_ads_msgs/include/deva_ads_msgs/deva_ads_msgs/msg/detail/ads_marker_array_vec__traits.hpp
[0.508s] -- Up-to-date: /home/linjiawei/load_mcap/install/deva_ads_msgs/include/deva_ads_msgs/deva_ads_msgs/msg/detail/ads_marker_array_vec__type_support.hpp
[0.508s] -- Up-to-date: /home/linjiawei/load_mcap/install/deva_ads_msgs/include/deva_ads_msgs/deva_ads_msgs/msg/ads_marker.hpp
[0.508s] -- Up-to-date: /home/linjiawei/load_mcap/install/deva_ads_msgs/include/deva_ads_msgs/deva_ads_msgs/msg/ads_marker_array.hpp
[0.508s] -- Up-to-date: /home/linjiawei/load_mcap/install/deva_ads_msgs/include/deva_ads_msgs/deva_ads_msgs/msg/ads_marker_array_vec.hpp
[0.511s] -- Up-to-date: /home/linjiawei/load_mcap/install/deva_ads_msgs/include/deva_ads_msgs/deva_ads_msgs
[0.511s] -- Up-to-date: /home/linjiawei/load_mcap/install/deva_ads_msgs/include/deva_ads_msgs/deva_ads_msgs/msg
[0.511s] -- Up-to-date: /home/linjiawei/load_mcap/install/deva_ads_msgs/include/deva_ads_msgs/deva_ads_msgs/msg/rosidl_typesupport_fastrtps_cpp__visibility_control.h
[0.511s] -- Up-to-date: /home/linjiawei/load_mcap/install/deva_ads_msgs/include/deva_ads_msgs/deva_ads_msgs/msg/detail
[0.511s] -- Up-to-date: /home/linjiawei/load_mcap/install/deva_ads_msgs/include/deva_ads_msgs/deva_ads_msgs/msg/detail/ads_info__rosidl_typesupport_fastrtps_cpp.hpp
[0.512s] -- Up-to-date: /home/linjiawei/load_mcap/install/deva_ads_msgs/include/deva_ads_msgs/deva_ads_msgs/msg/detail/dds_fastrtps
[0.512s] -- Up-to-date: /home/linjiawei/load_mcap/install/deva_ads_msgs/include/deva_ads_msgs/deva_ads_msgs/msg/detail/ads_marker__rosidl_typesupport_fastrtps_cpp.hpp
[0.512s] -- Up-to-date: /home/linjiawei/load_mcap/install/deva_ads_msgs/include/deva_ads_msgs/deva_ads_msgs/msg/detail/ads_marker_array__rosidl_typesupport_fastrtps_cpp.hpp
[0.512s] -- Up-to-date: /home/linjiawei/load_mcap/install/deva_ads_msgs/include/deva_ads_msgs/deva_ads_msgs/msg/detail/ads_marker_array_vec__rosidl_typesupport_fastrtps_cpp.hpp
[0.514s] -- Up-to-date: /home/linjiawei/load_mcap/install/deva_ads_msgs/lib/libdeva_ads_msgs__rosidl_typesupport_fastrtps_cpp.so
[0.514s] -- Up-to-date: /home/linjiawei/load_mcap/install/deva_ads_msgs/include/deva_ads_msgs/deva_ads_msgs
[0.514s] -- Up-to-date: /home/linjiawei/load_mcap/install/deva_ads_msgs/include/deva_ads_msgs/deva_ads_msgs/msg
[0.514s] -- Up-to-date: /home/linjiawei/load_mcap/install/deva_ads_msgs/include/deva_ads_msgs/deva_ads_msgs/msg/detail
[0.514s] -- Up-to-date: /home/linjiawei/load_mcap/install/deva_ads_msgs/include/deva_ads_msgs/deva_ads_msgs/msg/detail/ads_info__rosidl_typesupport_introspection_cpp.hpp
[0.514s] -- Up-to-date: /home/linjiawei/load_mcap/install/deva_ads_msgs/include/deva_ads_msgs/deva_ads_msgs/msg/detail/ads_info__type_support.cpp
[0.514s] -- Up-to-date: /home/linjiawei/load_mcap/install/deva_ads_msgs/include/deva_ads_msgs/deva_ads_msgs/msg/detail/ads_marker__rosidl_typesupport_introspection_cpp.hpp
[0.516s] -- Up-to-date: /home/linjiawei/load_mcap/install/deva_ads_msgs/include/deva_ads_msgs/deva_ads_msgs/msg/detail/ads_marker__type_support.cpp
[0.516s] -- Up-to-date: /home/linjiawei/load_mcap/install/deva_ads_msgs/include/deva_ads_msgs/deva_ads_msgs/msg/detail/ads_marker_array__rosidl_typesupport_introspection_cpp.hpp
[0.516s] -- Up-to-date: /home/linjiawei/load_mcap/install/deva_ads_msgs/include/deva_ads_msgs/deva_ads_msgs/msg/detail/ads_marker_array__type_support.cpp
[0.516s] -- Up-to-date: /home/linjiawei/load_mcap/install/deva_ads_msgs/include/deva_ads_msgs/deva_ads_msgs/msg/detail/ads_marker_array_vec__rosidl_typesupport_introspection_cpp.hpp
[0.516s] -- Up-to-date: /home/linjiawei/load_mcap/install/deva_ads_msgs/include/deva_ads_msgs/deva_ads_msgs/msg/detail/ads_marker_array_vec__type_support.cpp
[0.517s] -- Up-to-date: /home/linjiawei/load_mcap/install/deva_ads_msgs/lib/libdeva_ads_msgs__rosidl_typesupport_introspection_cpp.so
[0.518s] -- Up-to-date: /home/linjiawei/load_mcap/install/deva_ads_msgs/lib/libdeva_ads_msgs__rosidl_typesupport_cpp.so
[0.518s] -- Up-to-date: /home/linjiawei/load_mcap/install/deva_ads_msgs/share/deva_ads_msgs/environment/pythonpath.sh
[0.518s] -- Up-to-date: /home/linjiawei/load_mcap/install/deva_ads_msgs/share/deva_ads_msgs/environment/pythonpath.dsv
[0.518s] -- Up-to-date: /home/linjiawei/load_mcap/install/deva_ads_msgs/local/lib/python3.10/dist-packages/deva_ads_msgs-0.0.0-py3.10.egg-info
[0.518s] -- Installing: /home/linjiawei/load_mcap/install/deva_ads_msgs/local/lib/python3.10/dist-packages/deva_ads_msgs-0.0.0-py3.10.egg-info/PKG-INFO
[0.522s] -- Installing: /home/linjiawei/load_mcap/install/deva_ads_msgs/local/lib/python3.10/dist-packages/deva_ads_msgs-0.0.0-py3.10.egg-info/dependency_links.txt
[0.522s] -- Installing: /home/linjiawei/load_mcap/install/deva_ads_msgs/local/lib/python3.10/dist-packages/deva_ads_msgs-0.0.0-py3.10.egg-info/top_level.txt
[0.524s] -- Installing: /home/linjiawei/load_mcap/install/deva_ads_msgs/local/lib/python3.10/dist-packages/deva_ads_msgs-0.0.0-py3.10.egg-info/SOURCES.txt
[0.524s] -- Up-to-date: /home/linjiawei/load_mcap/install/deva_ads_msgs/local/lib/python3.10/dist-packages/deva_ads_msgs
[0.524s] -- Up-to-date: /home/linjiawei/load_mcap/install/deva_ads_msgs/local/lib/python3.10/dist-packages/deva_ads_msgs/__init__.py
[0.525s] -- Up-to-date: /home/linjiawei/load_mcap/install/deva_ads_msgs/local/lib/python3.10/dist-packages/deva_ads_msgs/msg
[0.525s] -- Up-to-date: /home/linjiawei/load_mcap/install/deva_ads_msgs/local/lib/python3.10/dist-packages/deva_ads_msgs/msg/_ads_info.py
[0.525s] -- Up-to-date: /home/linjiawei/load_mcap/install/deva_ads_msgs/local/lib/python3.10/dist-packages/deva_ads_msgs/msg/_ads_info_s.c
[0.525s] -- Up-to-date: /home/linjiawei/load_mcap/install/deva_ads_msgs/local/lib/python3.10/dist-packages/deva_ads_msgs/msg/_ads_marker.py
[0.525s] -- Up-to-date: /home/linjiawei/load_mcap/install/deva_ads_msgs/local/lib/python3.10/dist-packages/deva_ads_msgs/msg/_ads_marker_s.c
[0.525s] -- Up-to-date: /home/linjiawei/load_mcap/install/deva_ads_msgs/local/lib/python3.10/dist-packages/deva_ads_msgs/msg/_ads_marker_array.py
[0.525s] -- Up-to-date: /home/linjiawei/load_mcap/install/deva_ads_msgs/local/lib/python3.10/dist-packages/deva_ads_msgs/msg/_ads_marker_array_s.c
[0.525s] -- Up-to-date: /home/linjiawei/load_mcap/install/deva_ads_msgs/local/lib/python3.10/dist-packages/deva_ads_msgs/msg/_ads_marker_array_vec.py
[0.525s] -- Up-to-date: /home/linjiawei/load_mcap/install/deva_ads_msgs/local/lib/python3.10/dist-packages/deva_ads_msgs/msg/_ads_marker_array_vec_s.c
[0.525s] -- Up-to-date: /home/linjiawei/load_mcap/install/deva_ads_msgs/local/lib/python3.10/dist-packages/deva_ads_msgs/msg/__init__.py
[0.526s] -- Up-to-date: /home/linjiawei/load_mcap/install/deva_ads_msgs/local/lib/python3.10/dist-packages/deva_ads_msgs/_deva_ads_msgs_s.ep.rosidl_typesupport_fastrtps_c.c
[0.527s] -- Up-to-date: /home/linjiawei/load_mcap/install/deva_ads_msgs/local/lib/python3.10/dist-packages/deva_ads_msgs/_deva_ads_msgs_s.ep.rosidl_typesupport_introspection_c.c
[0.527s] -- Up-to-date: /home/linjiawei/load_mcap/install/deva_ads_msgs/local/lib/python3.10/dist-packages/deva_ads_msgs/_deva_ads_msgs_s.ep.rosidl_typesupport_c.c
[0.527s] -- Up-to-date: /home/linjiawei/load_mcap/install/deva_ads_msgs/local/lib/python3.10/dist-packages/deva_ads_msgs/libdeva_ads_msgs__rosidl_generator_py.so
[0.527s] -- Up-to-date: /home/linjiawei/load_mcap/install/deva_ads_msgs/local/lib/python3.10/dist-packages/deva_ads_msgs/deva_ads_msgs_s__rosidl_typesupport_c.cpython-310-x86_64-linux-gnu.so
[0.527s] -- Up-to-date: /home/linjiawei/load_mcap/install/deva_ads_msgs/local/lib/python3.10/dist-packages/deva_ads_msgs/deva_ads_msgs_s__rosidl_typesupport_fastrtps_c.cpython-310-x86_64-linux-gnu.so
[0.527s] -- Up-to-date: /home/linjiawei/load_mcap/install/deva_ads_msgs/local/lib/python3.10/dist-packages/deva_ads_msgs/deva_ads_msgs_s__rosidl_typesupport_introspection_c.cpython-310-x86_64-linux-gnu.so
[0.618s] Listing '/home/linjiawei/load_mcap/install/deva_ads_msgs/local/lib/python3.10/dist-packages/deva_ads_msgs'...
[0.618s] Listing '/home/linjiawei/load_mcap/install/deva_ads_msgs/local/lib/python3.10/dist-packages/deva_ads_msgs/msg'...
[0.628s] -- Up-to-date: /home/linjiawei/load_mcap/install/deva_ads_msgs/local/lib/python3.10/dist-packages/deva_ads_msgs/deva_ads_msgs_s__rosidl_typesupport_fastrtps_c.cpython-310-x86_64-linux-gnu.so
[0.629s] -- Up-to-date: /home/linjiawei/load_mcap/install/deva_ads_msgs/local/lib/python3.10/dist-packages/deva_ads_msgs/deva_ads_msgs_s__rosidl_typesupport_introspection_c.cpython-310-x86_64-linux-gnu.so
[0.629s] -- Up-to-date: /home/linjiawei/load_mcap/install/deva_ads_msgs/local/lib/python3.10/dist-packages/deva_ads_msgs/deva_ads_msgs_s__rosidl_typesupport_c.cpython-310-x86_64-linux-gnu.so
[0.629s] -- Up-to-date: /home/linjiawei/load_mcap/install/deva_ads_msgs/lib/libdeva_ads_msgs__rosidl_generator_py.so
[0.630s] -- Up-to-date: /home/linjiawei/load_mcap/install/deva_ads_msgs/share/deva_ads_msgs/msg/AdsInfo.idl
[0.630s] -- Up-to-date: /home/linjiawei/load_mcap/install/deva_ads_msgs/share/deva_ads_msgs/msg/AdsMarker.idl
[0.630s] -- Up-to-date: /home/linjiawei/load_mcap/install/deva_ads_msgs/share/deva_ads_msgs/msg/AdsMarkerArray.idl
[0.630s] -- Up-to-date: /home/linjiawei/load_mcap/install/deva_ads_msgs/share/deva_ads_msgs/msg/AdsMarkerArrayVec.idl
[0.630s] -- Up-to-date: /home/linjiawei/load_mcap/install/deva_ads_msgs/share/deva_ads_msgs/msg/AdsInfo.msg
[0.630s] -- Up-to-date: /home/linjiawei/load_mcap/install/deva_ads_msgs/share/deva_ads_msgs/msg/AdsMarker.msg
[0.630s] -- Up-to-date: /home/linjiawei/load_mcap/install/deva_ads_msgs/share/deva_ads_msgs/msg/AdsMarkerArray.msg
[0.630s] -- Up-to-date: /home/linjiawei/load_mcap/install/deva_ads_msgs/share/deva_ads_msgs/msg/AdsMarkerArrayVec.msg
[0.630s] -- Up-to-date: /home/linjiawei/load_mcap/install/deva_ads_msgs/share/ament_index/resource_index/package_run_dependencies/deva_ads_msgs
[0.631s] -- Up-to-date: /home/linjiawei/load_mcap/install/deva_ads_msgs/share/ament_index/resource_index/parent_prefix_path/deva_ads_msgs
[0.631s] -- Up-to-date: /home/linjiawei/load_mcap/install/deva_ads_msgs/share/deva_ads_msgs/environment/ament_prefix_path.sh
[0.631s] -- Up-to-date: /home/linjiawei/load_mcap/install/deva_ads_msgs/share/deva_ads_msgs/environment/ament_prefix_path.dsv
[0.631s] -- Up-to-date: /home/linjiawei/load_mcap/install/deva_ads_msgs/share/deva_ads_msgs/environment/path.sh
[0.631s] -- Up-to-date: /home/linjiawei/load_mcap/install/deva_ads_msgs/share/deva_ads_msgs/environment/path.dsv
[0.631s] -- Up-to-date: /home/linjiawei/load_mcap/install/deva_ads_msgs/share/deva_ads_msgs/local_setup.bash
[0.631s] -- Up-to-date: /home/linjiawei/load_mcap/install/deva_ads_msgs/share/deva_ads_msgs/local_setup.sh
[0.631s] -- Up-to-date: /home/linjiawei/load_mcap/install/deva_ads_msgs/share/deva_ads_msgs/local_setup.zsh
[0.631s] -- Up-to-date: /home/linjiawei/load_mcap/install/deva_ads_msgs/share/deva_ads_msgs/local_setup.dsv
[0.631s] -- Installing: /home/linjiawei/load_mcap/install/deva_ads_msgs/share/deva_ads_msgs/package.dsv
[0.632s] -- Up-to-date: /home/linjiawei/load_mcap/install/deva_ads_msgs/share/ament_index/resource_index/packages/deva_ads_msgs
[0.632s] -- Up-to-date: /home/linjiawei/load_mcap/install/deva_ads_msgs/share/deva_ads_msgs/cmake/export_deva_ads_msgs__rosidl_generator_cExport.cmake
[0.632s] -- Up-to-date: /home/linjiawei/load_mcap/install/deva_ads_msgs/share/deva_ads_msgs/cmake/export_deva_ads_msgs__rosidl_generator_cExport-noconfig.cmake
[0.633s] -- Up-to-date: /home/linjiawei/load_mcap/install/deva_ads_msgs/share/deva_ads_msgs/cmake/export_deva_ads_msgs__rosidl_typesupport_fastrtps_cExport.cmake
[0.633s] -- Up-to-date: /home/linjiawei/load_mcap/install/deva_ads_msgs/share/deva_ads_msgs/cmake/export_deva_ads_msgs__rosidl_typesupport_fastrtps_cExport-noconfig.cmake
[0.633s] -- Up-to-date: /home/linjiawei/load_mcap/install/deva_ads_msgs/share/deva_ads_msgs/cmake/deva_ads_msgs__rosidl_typesupport_introspection_cExport.cmake
[0.633s] -- Up-to-date: /home/linjiawei/load_mcap/install/deva_ads_msgs/share/deva_ads_msgs/cmake/deva_ads_msgs__rosidl_typesupport_introspection_cExport-noconfig.cmake
[0.633s] -- Up-to-date: /home/linjiawei/load_mcap/install/deva_ads_msgs/share/deva_ads_msgs/cmake/deva_ads_msgs__rosidl_typesupport_cExport.cmake
[0.633s] -- Up-to-date: /home/linjiawei/load_mcap/install/deva_ads_msgs/share/deva_ads_msgs/cmake/deva_ads_msgs__rosidl_typesupport_cExport-noconfig.cmake
[0.633s] -- Up-to-date: /home/linjiawei/load_mcap/install/deva_ads_msgs/share/deva_ads_msgs/cmake/export_deva_ads_msgs__rosidl_generator_cppExport.cmake
[0.633s] -- Up-to-date: /home/linjiawei/load_mcap/install/deva_ads_msgs/share/deva_ads_msgs/cmake/export_deva_ads_msgs__rosidl_typesupport_fastrtps_cppExport.cmake
[0.633s] -- Up-to-date: /home/linjiawei/load_mcap/install/deva_ads_msgs/share/deva_ads_msgs/cmake/export_deva_ads_msgs__rosidl_typesupport_fastrtps_cppExport-noconfig.cmake
[0.633s] -- Up-to-date: /home/linjiawei/load_mcap/install/deva_ads_msgs/share/deva_ads_msgs/cmake/deva_ads_msgs__rosidl_typesupport_introspection_cppExport.cmake
[0.633s] -- Up-to-date: /home/linjiawei/load_mcap/install/deva_ads_msgs/share/deva_ads_msgs/cmake/deva_ads_msgs__rosidl_typesupport_introspection_cppExport-noconfig.cmake
[0.634s] -- Up-to-date: /home/linjiawei/load_mcap/install/deva_ads_msgs/share/deva_ads_msgs/cmake/deva_ads_msgs__rosidl_typesupport_cppExport.cmake
[0.634s] -- Up-to-date: /home/linjiawei/load_mcap/install/deva_ads_msgs/share/deva_ads_msgs/cmake/deva_ads_msgs__rosidl_typesupport_cppExport-noconfig.cmake
[0.634s] -- Up-to-date: /home/linjiawei/load_mcap/install/deva_ads_msgs/share/deva_ads_msgs/cmake/export_deva_ads_msgs__rosidl_generator_pyExport.cmake
[0.634s] -- Up-to-date: /home/linjiawei/load_mcap/install/deva_ads_msgs/share/deva_ads_msgs/cmake/export_deva_ads_msgs__rosidl_generator_pyExport-noconfig.cmake
[0.634s] -- Up-to-date: /home/linjiawei/load_mcap/install/deva_ads_msgs/share/deva_ads_msgs/cmake/rosidl_cmake-extras.cmake
[0.634s] -- Up-to-date: /home/linjiawei/load_mcap/install/deva_ads_msgs/share/deva_ads_msgs/cmake/ament_cmake_export_dependencies-extras.cmake
[0.634s] -- Up-to-date: /home/linjiawei/load_mcap/install/deva_ads_msgs/share/deva_ads_msgs/cmake/ament_cmake_export_include_directories-extras.cmake
[0.634s] -- Up-to-date: /home/linjiawei/load_mcap/install/deva_ads_msgs/share/deva_ads_msgs/cmake/ament_cmake_export_libraries-extras.cmake
[0.635s] -- Up-to-date: /home/linjiawei/load_mcap/install/deva_ads_msgs/share/deva_ads_msgs/cmake/ament_cmake_export_targets-extras.cmake
[0.635s] -- Up-to-date: /home/linjiawei/load_mcap/install/deva_ads_msgs/share/deva_ads_msgs/cmake/rosidl_cmake_export_typesupport_targets-extras.cmake
[0.635s] -- Up-to-date: /home/linjiawei/load_mcap/install/deva_ads_msgs/share/deva_ads_msgs/cmake/rosidl_cmake_export_typesupport_libraries-extras.cmake
[0.635s] -- Up-to-date: /home/linjiawei/load_mcap/install/deva_ads_msgs/share/deva_ads_msgs/cmake/deva_ads_msgsConfig.cmake
[0.635s] -- Up-to-date: /home/linjiawei/load_mcap/install/deva_ads_msgs/share/deva_ads_msgs/cmake/deva_ads_msgsConfig-version.cmake
[0.635s] -- Up-to-date: /home/linjiawei/load_mcap/install/deva_ads_msgs/share/deva_ads_msgs/package.xml
[0.751s] Invoked command in '/home/linjiawei/load_mcap/build/deva_ads_msgs' returned '0': CMAKE_PREFIX_PATH=${CMAKE_PREFIX_PATH}:/opt/ros/humble /usr/bin/cmake --install /home/linjiawei/load_mcap/build/deva_ads_msgs
