[0.012s] Invoking command in '/home/linjiawei/load_mcap/build/mcap_streamer': CMAKE_PREFIX_PATH=${CMAKE_PREFIX_PATH}:/opt/ros/humble /usr/bin/cmake --build /home/linjiawei/load_mcap/build/mcap_streamer -- -j17 -l17
[0.056s] Consolidate compiler generated dependencies of target s3_downloader_lib
[0.068s] [ 16%] Building CXX object CMakeFiles/s3_downloader_lib.dir/src/s3_downloader.cpp.o
[0.072s] [ 50%] Built target mcap_reader_node
[0.596s] [ 66%] Linking CXX static library libs3_downloader_lib.a
[0.649s] [ 66%] Built target s3_downloader_lib
[0.676s] [ 83%] Building CXX object CMakeFiles/mcap_streamer_node.dir/src/mcap_streamer_node.cpp.o
[5.893s] [100%] Linking CXX executable mcap_streamer_node
[6.080s] [100%] Built target mcap_streamer_node
[6.092s] Invoked command in '/home/linjiawei/load_mcap/build/mcap_streamer' returned '0': CMAKE_PREFIX_PATH=${CMAKE_PREFIX_PATH}:/opt/ros/humble /usr/bin/cmake --build /home/linjiawei/load_mcap/build/mcap_streamer -- -j17 -l17
[6.103s] Invoking command in '/home/linjiawei/load_mcap/build/mcap_streamer': CMAKE_PREFIX_PATH=${CMAKE_PREFIX_PATH}:/opt/ros/humble /usr/bin/cmake --install /home/linjiawei/load_mcap/build/mcap_streamer
[6.110s] -- Install configuration: ""
[6.110s] -- Installing: /home/linjiawei/load_mcap/install/mcap_streamer/lib/mcap_streamer/mcap_streamer_node
[6.111s] -- Set runtime path of "/home/linjiawei/load_mcap/install/mcap_streamer/lib/mcap_streamer/mcap_streamer_node" to ""
[6.112s] -- Up-to-date: /home/linjiawei/load_mcap/install/mcap_streamer/lib/mcap_streamer/mcap_reader_node
[6.112s] -- Up-to-date: /home/linjiawei/load_mcap/install/mcap_streamer/share/mcap_streamer/config
[6.112s] -- Up-to-date: /home/linjiawei/load_mcap/install/mcap_streamer/share/mcap_streamer/config/mcap_streamer_params.yaml
[6.112s] -- Up-to-date: /home/linjiawei/load_mcap/install/mcap_streamer/share/mcap_streamer/config/mcap_reader_params.yaml
[6.112s] -- Up-to-date: /home/linjiawei/load_mcap/install/mcap_streamer/share/mcap_streamer/launch
[6.112s] -- Up-to-date: /home/linjiawei/load_mcap/install/mcap_streamer/share/mcap_streamer/launch/mcap_streamer.launch.py
[6.113s] -- Up-to-date: /home/linjiawei/load_mcap/install/mcap_streamer/share/mcap_streamer/launch/mcap_reader.launch.py
[6.113s] -- Up-to-date: /home/linjiawei/load_mcap/install/mcap_streamer/share/mcap_streamer/launch/mcap_streamer_with_reader.launch.py
[6.113s] -- Up-to-date: /home/linjiawei/load_mcap/install/mcap_streamer/share/ament_index/resource_index/package_run_dependencies/mcap_streamer
[6.113s] -- Up-to-date: /home/linjiawei/load_mcap/install/mcap_streamer/share/ament_index/resource_index/parent_prefix_path/mcap_streamer
[6.113s] -- Up-to-date: /home/linjiawei/load_mcap/install/mcap_streamer/share/mcap_streamer/environment/ament_prefix_path.sh
[6.113s] -- Up-to-date: /home/linjiawei/load_mcap/install/mcap_streamer/share/mcap_streamer/environment/ament_prefix_path.dsv
[6.113s] -- Up-to-date: /home/linjiawei/load_mcap/install/mcap_streamer/share/mcap_streamer/environment/path.sh
[6.113s] -- Up-to-date: /home/linjiawei/load_mcap/install/mcap_streamer/share/mcap_streamer/environment/path.dsv
[6.113s] -- Up-to-date: /home/linjiawei/load_mcap/install/mcap_streamer/share/mcap_streamer/local_setup.bash
[6.113s] -- Up-to-date: /home/linjiawei/load_mcap/install/mcap_streamer/share/mcap_streamer/local_setup.sh
[6.113s] -- Up-to-date: /home/linjiawei/load_mcap/install/mcap_streamer/share/mcap_streamer/local_setup.zsh
[6.113s] -- Up-to-date: /home/linjiawei/load_mcap/install/mcap_streamer/share/mcap_streamer/local_setup.dsv
[6.113s] -- Installing: /home/linjiawei/load_mcap/install/mcap_streamer/share/mcap_streamer/package.dsv
[6.113s] -- Up-to-date: /home/linjiawei/load_mcap/install/mcap_streamer/share/ament_index/resource_index/packages/mcap_streamer
[6.113s] -- Up-to-date: /home/linjiawei/load_mcap/install/mcap_streamer/share/mcap_streamer/cmake/mcap_streamerConfig.cmake
[6.114s] -- Up-to-date: /home/linjiawei/load_mcap/install/mcap_streamer/share/mcap_streamer/cmake/mcap_streamerConfig-version.cmake
[6.114s] -- Up-to-date: /home/linjiawei/load_mcap/install/mcap_streamer/share/mcap_streamer/package.xml
[6.114s] Invoked command in '/home/linjiawei/load_mcap/build/mcap_streamer' returned '0': CMAKE_PREFIX_PATH=${CMAKE_PREFIX_PATH}:/opt/ros/humble /usr/bin/cmake --install /home/linjiawei/load_mcap/build/mcap_streamer
