[  0%] Built target deva_navi_msgs__cpp
[ 12%] Built target deva_navi_msgs__rosidl_generator_c
[ 12%] Built target ament_cmake_python_copy_deva_navi_msgs
[ 24%] Built target deva_navi_msgs__rosidl_typesupport_cpp
[ 36%] Built target deva_navi_msgs__rosidl_typesupport_fastrtps_cpp
[ 48%] Built target deva_navi_msgs__rosidl_typesupport_c
[ 61%] Built target deva_navi_msgs__rosidl_typesupport_introspection_c
[ 73%] Built target deva_navi_msgs__rosidl_typesupport_fastrtps_c
[ 86%] Built target deva_navi_msgs__rosidl_typesupport_introspection_cpp
[ 86%] Built target deva_navi_msgs
[ 86%] Built target deva_navi_msgs__py
[ 98%] Built target deva_navi_msgs__rosidl_generator_py
[ 99%] Built target deva_navi_msgs__rosidl_typesupport_c__pyext
[100%] Built target deva_navi_msgs__rosidl_typesupport_fastrtps_c__pyext
[100%] Built target deva_navi_msgs__rosidl_typesupport_introspection_c__pyext
running egg_info
writing deva_navi_msgs.egg-info/PKG-INFO
writing dependency_links to deva_navi_msgs.egg-info/dependency_links.txt
writing top-level names to deva_navi_msgs.egg-info/top_level.txt
reading manifest file 'deva_navi_msgs.egg-info/SOURCES.txt'
writing manifest file 'deva_navi_msgs.egg-info/SOURCES.txt'
[100%] Built target ament_cmake_python_build_deva_navi_msgs_egg
