[0.032s] Invoking command in '/home/linjiawei/load_mcap/build/deva_navi_msgs': CMAKE_PREFIX_PATH=${CMAKE_PREFIX_PATH}:/opt/ros/humble /usr/bin/cmake --build /home/linjiawei/load_mcap/build/deva_navi_msgs -- -j17 -l17
[0.105s] [  0%] Built target deva_navi_msgs__cpp
[0.121s] [ 12%] Built target deva_navi_msgs__rosidl_generator_c
[0.134s] [ 12%] Built target ament_cmake_python_copy_deva_navi_msgs
[0.159s] [ 24%] Built target deva_navi_msgs__rosidl_typesupport_cpp
[0.168s] [ 36%] Built target deva_navi_msgs__rosidl_typesupport_fastrtps_cpp
[0.180s] [ 48%] Built target deva_navi_msgs__rosidl_typesupport_c
[0.181s] [ 61%] Built target deva_navi_msgs__rosidl_typesupport_introspection_c
[0.184s] [ 73%] Built target deva_navi_msgs__rosidl_typesupport_fastrtps_c
[0.190s] [ 86%] Built target deva_navi_msgs__rosidl_typesupport_introspection_cpp
[0.215s] [ 86%] Built target deva_navi_msgs
[0.241s] [ 86%] Built target deva_navi_msgs__py
[0.286s] [ 98%] Built target deva_navi_msgs__rosidl_generator_py
[0.312s] [ 99%] Built target deva_navi_msgs__rosidl_typesupport_c__pyext
[0.313s] [100%] Built target deva_navi_msgs__rosidl_typesupport_fastrtps_c__pyext
[0.313s] [100%] Built target deva_navi_msgs__rosidl_typesupport_introspection_c__pyext
[0.445s] running egg_info
[0.446s] writing deva_navi_msgs.egg-info/PKG-INFO
[0.446s] writing dependency_links to deva_navi_msgs.egg-info/dependency_links.txt
[0.446s] writing top-level names to deva_navi_msgs.egg-info/top_level.txt
[0.450s] reading manifest file 'deva_navi_msgs.egg-info/SOURCES.txt'
[0.451s] writing manifest file 'deva_navi_msgs.egg-info/SOURCES.txt'
[0.480s] [100%] Built target ament_cmake_python_build_deva_navi_msgs_egg
