[0.000000] (-) TimerEvent: {}
[0.000262] (-) JobUnselected: {'identifier': 'deva_ads_msgs'}
[0.000295] (-) JobUnselected: {'identifier': 'deva_aeb_msgs'}
[0.000318] (-) JobUnselected: {'identifier': 'deva_common_msgs'}
[0.000338] (-) JobUnselected: {'identifier': 'deva_control_msgs'}
[0.000356] (-) JobUnselected: {'identifier': 'deva_function_msgs'}
[0.000375] (-) JobUnselected: {'identifier': 'deva_gaode_routing_msgs'}
[0.000393] (-) JobUnselected: {'identifier': 'deva_localization_msgs'}
[0.000410] (-) JobUnselected: {'identifier': 'deva_map_msgs'}
[0.000427] (-) JobUnselected: {'identifier': 'deva_mdriver_msgs'}
[0.000446] (-) JobUnselected: {'identifier': 'deva_navi_msgs'}
[0.000463] (-) JobUnselected: {'identifier': 'deva_perception_msgs'}
[0.000480] (-) JobUnselected: {'identifier': 'deva_planning_msgs'}
[0.000498] (-) JobUnselected: {'identifier': 'deva_planning_msgs2'}
[0.000515] (-) JobUnselected: {'identifier': 'environment_model_msgs'}
[0.000532] (-) JobUnselected: {'identifier': 'fault_diagnosis'}
[0.000550] (-) JobUnselected: {'identifier': 'rviz_plug_msg'}
[0.000568] (-) JobUnselected: {'identifier': 'serialize_msgs'}
[0.000589] (mcap_streamer) JobQueued: {'identifier': 'mcap_streamer', 'dependencies': OrderedDict()}
[0.000611] (mcap_streamer) JobStarted: {'identifier': 'mcap_streamer'}
[0.009828] (mcap_streamer) JobProgress: {'identifier': 'mcap_streamer', 'progress': 'cmake'}
[0.011052] (mcap_streamer) JobProgress: {'identifier': 'mcap_streamer', 'progress': 'build'}
[0.011512] (mcap_streamer) Command: {'cmd': ['/usr/bin/cmake', '--build', '/home/linjiawei/load_mcap/build/mcap_streamer', '--', '-j17', '-l17'], 'cwd': '/home/linjiawei/load_mcap/build/mcap_streamer', 'env': OrderedDict([('LESSOPEN', '| /usr/bin/lesspipe %s'), ('VSCODE_CWD', '/home/linjiawei'), ('KUBERNETES_SERVICE_PORT', '443'), ('VSCODE_ESM_ENTRYPOINT', 'vs/workbench/api/node/extensionHostProcess'), ('KUBEBRAIN_SITE', 'mach'), ('KUBERNETES_PORT', 'tcp://10.68.0.1:443'), ('BRAIN_DAEMON_JUPYTER_DIR', '/data/jupyter'), ('USER', 'linjiawei'), ('SSH_CLIENT', '100.96.74.10 41472 22'), ('VSCODE_NLS_CONFIG', '{"userLocale":"zh-cn","osLocale":"zh-cn","resolvedLanguage":"en","defaultMessagesFile":"/home/linjiawei/.cursor-server/bin/ba90f2f88e4911312761abab9492c42442117cf0/out/nls.messages.json","locale":"zh-cn","availableLanguages":{}}'), ('BRAIN_SHARED_READONLY', 'false'), ('KUBEBRAIN_PROCESS_ID', 'a339afdf-8e23-41dd-b3c2-ec44dfa27e9d'), ('VSCODE_HANDLES_UNCAUGHT_ERRORS', 'true'), ('HOSTNAME', 'ros'), ('XDG_SESSION_TYPE', 'tty'), ('SHLVL', '0'), ('LD_LIBRARY_PATH', '/home/linjiawei/load_mcap/install/rviz_plug_msg/lib:/home/linjiawei/load_mcap/install/deva_control_msgs/lib:/home/linjiawei/load_mcap/install/deva_mdriver_msgs/lib:/home/linjiawei/load_mcap/install/deva_navi_msgs/lib:/home/linjiawei/load_mcap/install/deva_function_msgs/lib:/home/linjiawei/load_mcap/install/deva_aeb_msgs/lib:/home/linjiawei/load_mcap/install/deva_planning_msgs2/lib:/home/linjiawei/load_mcap/install/deva_planning_msgs/lib:/home/linjiawei/load_mcap/install/deva_map_msgs/lib:/home/linjiawei/load_mcap/install/deva_perception_msgs/lib:/home/linjiawei/load_mcap/install/deva_localization_msgs/lib:/home/linjiawei/load_mcap/install/fault_diagnosis/lib:/home/linjiawei/load_mcap/install/deva_ads_msgs/lib:/home/linjiawei/load_mcap/install/environment_model_msgs/lib:/home/linjiawei/load_mcap/install/deva_gaode_routing_msgs/lib:/home/linjiawei/load_mcap/install/serialize_msgs/lib:/home/linjiawei/load_mcap/install/deva_common_msgs/lib:/opt/ros/humble/opt/rviz_ogre_vendor/lib:/opt/ros/humble/lib/x86_64-linux-gnu:/opt/ros/humble/lib:/usr/local/nvidia/lib64'), ('BROWSER', '/home/linjiawei/.cursor-server/bin/ba90f2f88e4911312761abab9492c42442117cf0/bin/helpers/browser.sh'), ('MOTD_SHOWN', 'pam'), ('HOME', '/home/linjiawei'), ('TMP_SIZE', '16777216K'), ('KUBEBRAIN_RUNTIME', 'ws2'), ('OLDPWD', '/home/linjiawei/load_mcap'), ('VSCODE_IPC_HOOK_CLI', '/run/user/10250/vscode-ipc-d1d99e00-2f5b-465e-83d1-4ebe11e0858b.sock'), ('BRAIN_DAEMON_JUPYTER_TOKEN', '9c0e8eec-6994-41a4-9f6b-319d33bc630e'), ('ROS_PYTHON_VERSION', '3'), ('BRAIN_DAEMON_JUPYTER_BASE_URL', '/kapi/workspace.kubebrain.io/mach-mp/ws-00018098a82852e6/jupyter'), ('PCIDEVICE_MELLANOX_COM_MLNX_RDMA', ''), ('NO_COLOR', '1'), ('TOPOLOGY_ZONE', 'mach-cn-west-qy-dsxs-cm'), ('VSCODE_L10N_BUNDLE_LOCATION', 'vscode-local:/home/linjiawei/.cursor/extensions/ms-ceintl.vscode-language-pack-zh-hans-1.99.0-universal/translations/extensions/vscode.json-language-features.i18n.json'), ('COLCON_PREFIX_PATH', '/home/linjiawei/load_mcap/install'), ('ROS_DISTRO', 'humble'), ('LOGNAME', 'linjiawei'), ('FORCE_COLOR', '0'), ('VSCODE_HANDLES_SIGPIPE', 'true'), ('_', '/usr/bin/colcon'), ('ROS_VERSION', '2'), ('BRAIN_USERNAME', 'linjiawei'), ('XDG_SESSION_CLASS', 'user'), ('TERM', 'dumb'), ('XDG_SESSION_ID', 'c44'), ('KUBERNETES_PORT_443_TCP_ADDR', '10.68.0.1'), ('ROS_LOCALHOST_ONLY', '0'), ('COMPOSER_NO_INTERACTION', '1'), ('SHM_SIZE', '16777216K'), ('PATH', '/home/linjiawei/.local/bin:/home/linjiawei/.local/bin:/opt/ros/humble/bin:/opt/conda/bin:/kubebrain:/usr/local/nvidia/bin:/usr/local/sbin:/usr/local/bin:/usr/sbin:/usr/bin:/sbin:/bin'), ('VSCODE_AGENT_FOLDER', '/home/linjiawei/.cursor-server'), ('KUBEBRAIN_WORKSPACE_NAME', 'ws-00018098a82852e6'), ('XDG_RUNTIME_DIR', '/run/user/10250'), ('KUBERNETES_PORT_443_TCP_PORT', '443'), ('CURSOR_AGENT', '1'), ('DISPLAY', 'localhost:11.0'), ('KUBERNETES_PORT_443_TCP_PROTO', 'tcp'), ('KUBEBRAIN_RESOURCE_TYPE', 'workspace'), ('LANG', 'en_US.UTF-8'), ('LS_COLORS', ''), ('SSH_AUTH_SOCK', '/tmp/cursor-remote-ssh-auth-sock-5947a298-eaf8-4f15-adfc-973d91be4566.sock'), ('AMENT_PREFIX_PATH', '/home/linjiawei/load_mcap/install/rviz_plug_msg:/home/linjiawei/load_mcap/install/deva_control_msgs:/home/linjiawei/load_mcap/install/deva_mdriver_msgs:/home/linjiawei/load_mcap/install/deva_navi_msgs:/home/linjiawei/load_mcap/install/deva_function_msgs:/home/linjiawei/load_mcap/install/deva_aeb_msgs:/home/linjiawei/load_mcap/install/deva_planning_msgs2:/home/linjiawei/load_mcap/install/deva_planning_msgs:/home/linjiawei/load_mcap/install/deva_map_msgs:/home/linjiawei/load_mcap/install/deva_perception_msgs:/home/linjiawei/load_mcap/install/deva_localization_msgs:/home/linjiawei/load_mcap/install/fault_diagnosis:/home/linjiawei/load_mcap/install/deva_ads_msgs:/home/linjiawei/load_mcap/install/environment_model_msgs:/home/linjiawei/load_mcap/install/deva_gaode_routing_msgs:/home/linjiawei/load_mcap/install/serialize_msgs:/home/linjiawei/load_mcap/install/deva_common_msgs:/home/linjiawei/load_mcap/install/mcap_streamer:/opt/ros/humble'), ('BRAIN_DAEMON_JUPYTER_PORT', '8888'), ('SHELL', '/bin/bash'), ('VSCODE_SERVER_SHUTDOWN_TIMEOUT', '300'), ('TerminationGracePeriodSeconds', '30'), ('LESSCLOSE', '/usr/bin/lesspipe %s %s'), ('KUBERNETES_SERVICE_PORT_HTTPS', '443'), ('KUBERNETES_PORT_443_TCP', 'tcp://10.68.0.1:443'), ('KUBEBRAIN_QUOTA_GROUP', 'mp_ws'), ('KUBEBRAIN_CLUSTER_ENTRY', 'https://qy.machdrive.cn'), ('PWD', '/home/linjiawei/load_mcap/build/mcap_streamer'), ('BRAIN_SHARED_ROOT', '10.68.17.151:/'), ('KUBEBRAIN_NAMESPACE', 'mach-mp'), ('KUBERNETES_SERVICE_HOST', '10.68.0.1'), ('BRAIN_TOPOLOGY_LEAF_ROCE', ''), ('LC_ALL', 'en_US.UTF-8'), ('SSH_CONNECTION', '100.96.74.10 41472 100.97.82.77 22'), ('KUBEBRAIN_PROCESS_NAME', 'ws-00018098a82852e6-master'), ('KUBEBRAIN_WORKSPACE_NAMESPACE', ''), ('PYTHONPATH', '/home/linjiawei/load_mcap/install/rviz_plug_msg/local/lib/python3.10/dist-packages:/home/linjiawei/load_mcap/install/deva_control_msgs/local/lib/python3.10/dist-packages:/home/linjiawei/load_mcap/install/deva_mdriver_msgs/local/lib/python3.10/dist-packages:/home/linjiawei/load_mcap/install/deva_navi_msgs/local/lib/python3.10/dist-packages:/home/linjiawei/load_mcap/install/deva_function_msgs/local/lib/python3.10/dist-packages:/home/linjiawei/load_mcap/install/deva_aeb_msgs/local/lib/python3.10/dist-packages:/home/linjiawei/load_mcap/install/deva_planning_msgs2/local/lib/python3.10/dist-packages:/home/linjiawei/load_mcap/install/deva_planning_msgs/local/lib/python3.10/dist-packages:/home/linjiawei/load_mcap/install/deva_map_msgs/local/lib/python3.10/dist-packages:/home/linjiawei/load_mcap/install/deva_perception_msgs/local/lib/python3.10/dist-packages:/home/linjiawei/load_mcap/install/deva_localization_msgs/local/lib/python3.10/dist-packages:/home/linjiawei/load_mcap/install/fault_diagnosis/local/lib/python3.10/dist-packages:/home/linjiawei/load_mcap/install/deva_ads_msgs/local/lib/python3.10/dist-packages:/home/linjiawei/load_mcap/install/environment_model_msgs/local/lib/python3.10/dist-packages:/home/linjiawei/load_mcap/install/deva_gaode_routing_msgs/local/lib/python3.10/dist-packages:/home/linjiawei/load_mcap/install/serialize_msgs/local/lib/python3.10/dist-packages:/home/linjiawei/load_mcap/install/deva_common_msgs/local/lib/python3.10/dist-packages:/opt/ros/humble/lib/python3.10/site-packages:/opt/ros/humble/local/lib/python3.10/dist-packages'), ('NVIDIA_VISIBLE_DEVICES', ''), ('COLCON', '1'), ('CMAKE_PREFIX_PATH', '/home/linjiawei/load_mcap/install/rviz_plug_msg:/home/linjiawei/load_mcap/install/deva_control_msgs:/home/linjiawei/load_mcap/install/deva_mdriver_msgs:/home/linjiawei/load_mcap/install/deva_navi_msgs:/home/linjiawei/load_mcap/install/deva_function_msgs:/home/linjiawei/load_mcap/install/deva_aeb_msgs:/home/linjiawei/load_mcap/install/deva_planning_msgs2:/home/linjiawei/load_mcap/install/deva_planning_msgs:/home/linjiawei/load_mcap/install/deva_map_msgs:/home/linjiawei/load_mcap/install/deva_perception_msgs:/home/linjiawei/load_mcap/install/deva_localization_msgs:/home/linjiawei/load_mcap/install/fault_diagnosis:/home/linjiawei/load_mcap/install/deva_ads_msgs:/home/linjiawei/load_mcap/install/environment_model_msgs:/home/linjiawei/load_mcap/install/deva_gaode_routing_msgs:/home/linjiawei/load_mcap/install/serialize_msgs:/home/linjiawei/load_mcap/install/deva_common_msgs:/home/linjiawei/load_mcap/install/mcap_streamer:/opt/ros/humble')]), 'shell': False}
[0.068999] (mcap_streamer) StdoutLine: {'line': b'[ 33%] Built target s3_downloader_lib\n'}
[0.073280] (mcap_streamer) StdoutLine: {'line': b'[ 66%] Built target mcap_reader_node\n'}
[0.086079] (mcap_streamer) StdoutLine: {'line': b'Consolidate compiler generated dependencies of target mcap_streamer_node\n'}
[0.099563] (-) TimerEvent: {}
[0.100239] (mcap_streamer) StdoutLine: {'line': b'[ 83%] Building CXX object CMakeFiles/mcap_streamer_node.dir/src/mcap_streamer_node.cpp.o\n'}
[0.199676] (-) TimerEvent: {}
[0.299816] (-) TimerEvent: {}
[0.399997] (-) TimerEvent: {}
[0.500167] (-) TimerEvent: {}
[0.600294] (-) TimerEvent: {}
[0.700458] (-) TimerEvent: {}
[0.800615] (-) TimerEvent: {}
[0.900720] (-) TimerEvent: {}
[1.000826] (-) TimerEvent: {}
[1.100934] (-) TimerEvent: {}
[1.201034] (-) TimerEvent: {}
[1.301132] (-) TimerEvent: {}
[1.401233] (-) TimerEvent: {}
[1.501356] (-) TimerEvent: {}
[1.601490] (-) TimerEvent: {}
[1.701591] (-) TimerEvent: {}
[1.801693] (-) TimerEvent: {}
[1.901848] (-) TimerEvent: {}
[2.002021] (-) TimerEvent: {}
[2.102161] (-) TimerEvent: {}
[2.202269] (-) TimerEvent: {}
[2.302371] (-) TimerEvent: {}
[2.402493] (-) TimerEvent: {}
[2.502658] (-) TimerEvent: {}
[2.602808] (-) TimerEvent: {}
[2.702965] (-) TimerEvent: {}
[2.762400] (mcap_streamer) StderrLine: {'line': b'/home/linjiawei/load_mcap/src/mcap_streamer/src/mcap_streamer_node.cpp: In member function \xe2\x80\x98bool McapStreamerNode::setupBagReader(const string&)\xe2\x80\x99:\n'}
[2.762599] (mcap_streamer) StderrLine: {'line': b'/home/linjiawei/load_mcap/src/mcap_streamer/src/mcap_streamer_node.cpp:440:14: warning: unused variable \xe2\x80\x98success_count\xe2\x80\x99 [-Wunused-variable]\n'}
[2.762665] (mcap_streamer) StderrLine: {'line': b'  440 |       size_t success_count = available_topics.size();\n'}
[2.762721] (mcap_streamer) StderrLine: {'line': b'      |              ^~~~~~~~~~~~~\n'}
[2.762774] (mcap_streamer) StderrLine: {'line': b'/home/linjiawei/load_mcap/src/mcap_streamer/src/mcap_streamer_node.cpp:441:14: warning: unused variable \xe2\x80\x98fail_count\xe2\x80\x99 [-Wunused-variable]\n'}
[2.762827] (mcap_streamer) StderrLine: {'line': b'  441 |       size_t fail_count = unavailable_topics.size();\n'}
[2.762882] (mcap_streamer) StderrLine: {'line': b'      |              ^~~~~~~~~~\n'}
[2.803036] (-) TimerEvent: {}
[2.903141] (-) TimerEvent: {}
[3.003254] (-) TimerEvent: {}
[3.103371] (-) TimerEvent: {}
[3.203545] (-) TimerEvent: {}
[3.303747] (-) TimerEvent: {}
[3.403910] (-) TimerEvent: {}
[3.504064] (-) TimerEvent: {}
[3.604200] (-) TimerEvent: {}
[3.704309] (-) TimerEvent: {}
[3.804414] (-) TimerEvent: {}
[3.904561] (-) TimerEvent: {}
[4.004715] (-) TimerEvent: {}
[4.104864] (-) TimerEvent: {}
[4.204994] (-) TimerEvent: {}
[4.305095] (-) TimerEvent: {}
[4.405199] (-) TimerEvent: {}
[4.505344] (-) TimerEvent: {}
[4.605508] (-) TimerEvent: {}
[4.705716] (-) TimerEvent: {}
[4.805900] (-) TimerEvent: {}
[4.906033] (-) TimerEvent: {}
[5.006166] (-) TimerEvent: {}
[5.106297] (-) TimerEvent: {}
[5.206407] (-) TimerEvent: {}
[5.271736] (mcap_streamer) StdoutLine: {'line': b'[100%] Linking CXX executable mcap_streamer_node\n'}
[5.306489] (-) TimerEvent: {}
[5.406594] (-) TimerEvent: {}
[5.457013] (mcap_streamer) StdoutLine: {'line': b'[100%] Built target mcap_streamer_node\n'}
[5.468601] (mcap_streamer) CommandEnded: {'returncode': 0}
[5.469063] (mcap_streamer) JobProgress: {'identifier': 'mcap_streamer', 'progress': 'install'}
[5.477597] (mcap_streamer) Command: {'cmd': ['/usr/bin/cmake', '--install', '/home/linjiawei/load_mcap/build/mcap_streamer'], 'cwd': '/home/linjiawei/load_mcap/build/mcap_streamer', 'env': OrderedDict([('LESSOPEN', '| /usr/bin/lesspipe %s'), ('VSCODE_CWD', '/home/linjiawei'), ('KUBERNETES_SERVICE_PORT', '443'), ('VSCODE_ESM_ENTRYPOINT', 'vs/workbench/api/node/extensionHostProcess'), ('KUBEBRAIN_SITE', 'mach'), ('KUBERNETES_PORT', 'tcp://10.68.0.1:443'), ('BRAIN_DAEMON_JUPYTER_DIR', '/data/jupyter'), ('USER', 'linjiawei'), ('SSH_CLIENT', '100.96.74.10 41472 22'), ('VSCODE_NLS_CONFIG', '{"userLocale":"zh-cn","osLocale":"zh-cn","resolvedLanguage":"en","defaultMessagesFile":"/home/linjiawei/.cursor-server/bin/ba90f2f88e4911312761abab9492c42442117cf0/out/nls.messages.json","locale":"zh-cn","availableLanguages":{}}'), ('BRAIN_SHARED_READONLY', 'false'), ('KUBEBRAIN_PROCESS_ID', 'a339afdf-8e23-41dd-b3c2-ec44dfa27e9d'), ('VSCODE_HANDLES_UNCAUGHT_ERRORS', 'true'), ('HOSTNAME', 'ros'), ('XDG_SESSION_TYPE', 'tty'), ('SHLVL', '0'), ('LD_LIBRARY_PATH', '/home/linjiawei/load_mcap/install/rviz_plug_msg/lib:/home/linjiawei/load_mcap/install/deva_control_msgs/lib:/home/linjiawei/load_mcap/install/deva_mdriver_msgs/lib:/home/linjiawei/load_mcap/install/deva_navi_msgs/lib:/home/linjiawei/load_mcap/install/deva_function_msgs/lib:/home/linjiawei/load_mcap/install/deva_aeb_msgs/lib:/home/linjiawei/load_mcap/install/deva_planning_msgs2/lib:/home/linjiawei/load_mcap/install/deva_planning_msgs/lib:/home/linjiawei/load_mcap/install/deva_map_msgs/lib:/home/linjiawei/load_mcap/install/deva_perception_msgs/lib:/home/linjiawei/load_mcap/install/deva_localization_msgs/lib:/home/linjiawei/load_mcap/install/fault_diagnosis/lib:/home/linjiawei/load_mcap/install/deva_ads_msgs/lib:/home/linjiawei/load_mcap/install/environment_model_msgs/lib:/home/linjiawei/load_mcap/install/deva_gaode_routing_msgs/lib:/home/linjiawei/load_mcap/install/serialize_msgs/lib:/home/linjiawei/load_mcap/install/deva_common_msgs/lib:/opt/ros/humble/opt/rviz_ogre_vendor/lib:/opt/ros/humble/lib/x86_64-linux-gnu:/opt/ros/humble/lib:/usr/local/nvidia/lib64'), ('BROWSER', '/home/linjiawei/.cursor-server/bin/ba90f2f88e4911312761abab9492c42442117cf0/bin/helpers/browser.sh'), ('MOTD_SHOWN', 'pam'), ('HOME', '/home/linjiawei'), ('TMP_SIZE', '16777216K'), ('KUBEBRAIN_RUNTIME', 'ws2'), ('OLDPWD', '/home/linjiawei/load_mcap'), ('VSCODE_IPC_HOOK_CLI', '/run/user/10250/vscode-ipc-d1d99e00-2f5b-465e-83d1-4ebe11e0858b.sock'), ('BRAIN_DAEMON_JUPYTER_TOKEN', '9c0e8eec-6994-41a4-9f6b-319d33bc630e'), ('ROS_PYTHON_VERSION', '3'), ('BRAIN_DAEMON_JUPYTER_BASE_URL', '/kapi/workspace.kubebrain.io/mach-mp/ws-00018098a82852e6/jupyter'), ('PCIDEVICE_MELLANOX_COM_MLNX_RDMA', ''), ('NO_COLOR', '1'), ('TOPOLOGY_ZONE', 'mach-cn-west-qy-dsxs-cm'), ('VSCODE_L10N_BUNDLE_LOCATION', 'vscode-local:/home/linjiawei/.cursor/extensions/ms-ceintl.vscode-language-pack-zh-hans-1.99.0-universal/translations/extensions/vscode.json-language-features.i18n.json'), ('COLCON_PREFIX_PATH', '/home/linjiawei/load_mcap/install'), ('ROS_DISTRO', 'humble'), ('LOGNAME', 'linjiawei'), ('FORCE_COLOR', '0'), ('VSCODE_HANDLES_SIGPIPE', 'true'), ('_', '/usr/bin/colcon'), ('ROS_VERSION', '2'), ('BRAIN_USERNAME', 'linjiawei'), ('XDG_SESSION_CLASS', 'user'), ('TERM', 'dumb'), ('XDG_SESSION_ID', 'c44'), ('KUBERNETES_PORT_443_TCP_ADDR', '10.68.0.1'), ('ROS_LOCALHOST_ONLY', '0'), ('COMPOSER_NO_INTERACTION', '1'), ('SHM_SIZE', '16777216K'), ('PATH', '/home/linjiawei/.local/bin:/home/linjiawei/.local/bin:/opt/ros/humble/bin:/opt/conda/bin:/kubebrain:/usr/local/nvidia/bin:/usr/local/sbin:/usr/local/bin:/usr/sbin:/usr/bin:/sbin:/bin'), ('VSCODE_AGENT_FOLDER', '/home/linjiawei/.cursor-server'), ('KUBEBRAIN_WORKSPACE_NAME', 'ws-00018098a82852e6'), ('XDG_RUNTIME_DIR', '/run/user/10250'), ('KUBERNETES_PORT_443_TCP_PORT', '443'), ('CURSOR_AGENT', '1'), ('DISPLAY', 'localhost:11.0'), ('KUBERNETES_PORT_443_TCP_PROTO', 'tcp'), ('KUBEBRAIN_RESOURCE_TYPE', 'workspace'), ('LANG', 'en_US.UTF-8'), ('LS_COLORS', ''), ('SSH_AUTH_SOCK', '/tmp/cursor-remote-ssh-auth-sock-5947a298-eaf8-4f15-adfc-973d91be4566.sock'), ('AMENT_PREFIX_PATH', '/home/linjiawei/load_mcap/install/rviz_plug_msg:/home/linjiawei/load_mcap/install/deva_control_msgs:/home/linjiawei/load_mcap/install/deva_mdriver_msgs:/home/linjiawei/load_mcap/install/deva_navi_msgs:/home/linjiawei/load_mcap/install/deva_function_msgs:/home/linjiawei/load_mcap/install/deva_aeb_msgs:/home/linjiawei/load_mcap/install/deva_planning_msgs2:/home/linjiawei/load_mcap/install/deva_planning_msgs:/home/linjiawei/load_mcap/install/deva_map_msgs:/home/linjiawei/load_mcap/install/deva_perception_msgs:/home/linjiawei/load_mcap/install/deva_localization_msgs:/home/linjiawei/load_mcap/install/fault_diagnosis:/home/linjiawei/load_mcap/install/deva_ads_msgs:/home/linjiawei/load_mcap/install/environment_model_msgs:/home/linjiawei/load_mcap/install/deva_gaode_routing_msgs:/home/linjiawei/load_mcap/install/serialize_msgs:/home/linjiawei/load_mcap/install/deva_common_msgs:/home/linjiawei/load_mcap/install/mcap_streamer:/opt/ros/humble'), ('BRAIN_DAEMON_JUPYTER_PORT', '8888'), ('SHELL', '/bin/bash'), ('VSCODE_SERVER_SHUTDOWN_TIMEOUT', '300'), ('TerminationGracePeriodSeconds', '30'), ('LESSCLOSE', '/usr/bin/lesspipe %s %s'), ('KUBERNETES_SERVICE_PORT_HTTPS', '443'), ('KUBERNETES_PORT_443_TCP', 'tcp://10.68.0.1:443'), ('KUBEBRAIN_QUOTA_GROUP', 'mp_ws'), ('KUBEBRAIN_CLUSTER_ENTRY', 'https://qy.machdrive.cn'), ('PWD', '/home/linjiawei/load_mcap/build/mcap_streamer'), ('BRAIN_SHARED_ROOT', '10.68.17.151:/'), ('KUBEBRAIN_NAMESPACE', 'mach-mp'), ('KUBERNETES_SERVICE_HOST', '10.68.0.1'), ('BRAIN_TOPOLOGY_LEAF_ROCE', ''), ('LC_ALL', 'en_US.UTF-8'), ('SSH_CONNECTION', '100.96.74.10 41472 100.97.82.77 22'), ('KUBEBRAIN_PROCESS_NAME', 'ws-00018098a82852e6-master'), ('KUBEBRAIN_WORKSPACE_NAMESPACE', ''), ('PYTHONPATH', '/home/linjiawei/load_mcap/install/rviz_plug_msg/local/lib/python3.10/dist-packages:/home/linjiawei/load_mcap/install/deva_control_msgs/local/lib/python3.10/dist-packages:/home/linjiawei/load_mcap/install/deva_mdriver_msgs/local/lib/python3.10/dist-packages:/home/linjiawei/load_mcap/install/deva_navi_msgs/local/lib/python3.10/dist-packages:/home/linjiawei/load_mcap/install/deva_function_msgs/local/lib/python3.10/dist-packages:/home/linjiawei/load_mcap/install/deva_aeb_msgs/local/lib/python3.10/dist-packages:/home/linjiawei/load_mcap/install/deva_planning_msgs2/local/lib/python3.10/dist-packages:/home/linjiawei/load_mcap/install/deva_planning_msgs/local/lib/python3.10/dist-packages:/home/linjiawei/load_mcap/install/deva_map_msgs/local/lib/python3.10/dist-packages:/home/linjiawei/load_mcap/install/deva_perception_msgs/local/lib/python3.10/dist-packages:/home/linjiawei/load_mcap/install/deva_localization_msgs/local/lib/python3.10/dist-packages:/home/linjiawei/load_mcap/install/fault_diagnosis/local/lib/python3.10/dist-packages:/home/linjiawei/load_mcap/install/deva_ads_msgs/local/lib/python3.10/dist-packages:/home/linjiawei/load_mcap/install/environment_model_msgs/local/lib/python3.10/dist-packages:/home/linjiawei/load_mcap/install/deva_gaode_routing_msgs/local/lib/python3.10/dist-packages:/home/linjiawei/load_mcap/install/serialize_msgs/local/lib/python3.10/dist-packages:/home/linjiawei/load_mcap/install/deva_common_msgs/local/lib/python3.10/dist-packages:/opt/ros/humble/lib/python3.10/site-packages:/opt/ros/humble/local/lib/python3.10/dist-packages'), ('NVIDIA_VISIBLE_DEVICES', ''), ('COLCON', '1'), ('CMAKE_PREFIX_PATH', '/home/linjiawei/load_mcap/install/rviz_plug_msg:/home/linjiawei/load_mcap/install/deva_control_msgs:/home/linjiawei/load_mcap/install/deva_mdriver_msgs:/home/linjiawei/load_mcap/install/deva_navi_msgs:/home/linjiawei/load_mcap/install/deva_function_msgs:/home/linjiawei/load_mcap/install/deva_aeb_msgs:/home/linjiawei/load_mcap/install/deva_planning_msgs2:/home/linjiawei/load_mcap/install/deva_planning_msgs:/home/linjiawei/load_mcap/install/deva_map_msgs:/home/linjiawei/load_mcap/install/deva_perception_msgs:/home/linjiawei/load_mcap/install/deva_localization_msgs:/home/linjiawei/load_mcap/install/fault_diagnosis:/home/linjiawei/load_mcap/install/deva_ads_msgs:/home/linjiawei/load_mcap/install/environment_model_msgs:/home/linjiawei/load_mcap/install/deva_gaode_routing_msgs:/home/linjiawei/load_mcap/install/serialize_msgs:/home/linjiawei/load_mcap/install/deva_common_msgs:/home/linjiawei/load_mcap/install/mcap_streamer:/opt/ros/humble')]), 'shell': False}
[5.485636] (mcap_streamer) StdoutLine: {'line': b'-- Install configuration: ""\n'}
[5.485831] (mcap_streamer) StdoutLine: {'line': b'-- Installing: /home/linjiawei/load_mcap/install/mcap_streamer/lib/mcap_streamer/mcap_streamer_node\n'}
[5.486883] (mcap_streamer) StdoutLine: {'line': b'-- Set runtime path of "/home/linjiawei/load_mcap/install/mcap_streamer/lib/mcap_streamer/mcap_streamer_node" to ""\n'}
[5.487019] (mcap_streamer) StdoutLine: {'line': b'-- Up-to-date: /home/linjiawei/load_mcap/install/mcap_streamer/lib/mcap_streamer/mcap_reader_node\n'}
[5.487503] (mcap_streamer) StdoutLine: {'line': b'-- Up-to-date: /home/linjiawei/load_mcap/install/mcap_streamer/share/mcap_streamer/config\n'}
[5.487571] (mcap_streamer) StdoutLine: {'line': b'-- Up-to-date: /home/linjiawei/load_mcap/install/mcap_streamer/share/mcap_streamer/config/mcap_streamer_params.yaml\n'}
[5.487630] (mcap_streamer) StdoutLine: {'line': b'-- Up-to-date: /home/linjiawei/load_mcap/install/mcap_streamer/share/mcap_streamer/config/mcap_reader_params.yaml\n'}
[5.487698] (mcap_streamer) StdoutLine: {'line': b'-- Up-to-date: /home/linjiawei/load_mcap/install/mcap_streamer/share/mcap_streamer/launch\n'}
[5.487750] (mcap_streamer) StdoutLine: {'line': b'-- Up-to-date: /home/linjiawei/load_mcap/install/mcap_streamer/share/mcap_streamer/launch/mcap_streamer.launch.py\n'}
[5.487800] (mcap_streamer) StdoutLine: {'line': b'-- Up-to-date: /home/linjiawei/load_mcap/install/mcap_streamer/share/mcap_streamer/launch/mcap_reader.launch.py\n'}
[5.487854] (mcap_streamer) StdoutLine: {'line': b'-- Up-to-date: /home/linjiawei/load_mcap/install/mcap_streamer/share/mcap_streamer/launch/mcap_streamer_with_reader.launch.py\n'}
[5.487904] (mcap_streamer) StdoutLine: {'line': b'-- Up-to-date: /home/linjiawei/load_mcap/install/mcap_streamer/share/ament_index/resource_index/package_run_dependencies/mcap_streamer\n'}
[5.487953] (mcap_streamer) StdoutLine: {'line': b'-- Up-to-date: /home/linjiawei/load_mcap/install/mcap_streamer/share/ament_index/resource_index/parent_prefix_path/mcap_streamer\n'}
[5.488005] (mcap_streamer) StdoutLine: {'line': b'-- Up-to-date: /home/linjiawei/load_mcap/install/mcap_streamer/share/mcap_streamer/environment/ament_prefix_path.sh\n'}
[5.488055] (mcap_streamer) StdoutLine: {'line': b'-- Up-to-date: /home/linjiawei/load_mcap/install/mcap_streamer/share/mcap_streamer/environment/ament_prefix_path.dsv\n'}
[5.488105] (mcap_streamer) StdoutLine: {'line': b'-- Up-to-date: /home/linjiawei/load_mcap/install/mcap_streamer/share/mcap_streamer/environment/path.sh\n'}
[5.488162] (mcap_streamer) StdoutLine: {'line': b'-- Up-to-date: /home/linjiawei/load_mcap/install/mcap_streamer/share/mcap_streamer/environment/path.dsv\n'}
[5.488211] (mcap_streamer) StdoutLine: {'line': b'-- Up-to-date: /home/linjiawei/load_mcap/install/mcap_streamer/share/mcap_streamer/local_setup.bash\n'}
[5.488259] (mcap_streamer) StdoutLine: {'line': b'-- Up-to-date: /home/linjiawei/load_mcap/install/mcap_streamer/share/mcap_streamer/local_setup.sh\n'}
[5.488312] (mcap_streamer) StdoutLine: {'line': b'-- Up-to-date: /home/linjiawei/load_mcap/install/mcap_streamer/share/mcap_streamer/local_setup.zsh\n'}
[5.488363] (mcap_streamer) StdoutLine: {'line': b'-- Up-to-date: /home/linjiawei/load_mcap/install/mcap_streamer/share/mcap_streamer/local_setup.dsv\n'}
[5.488416] (mcap_streamer) StdoutLine: {'line': b'-- Installing: /home/linjiawei/load_mcap/install/mcap_streamer/share/mcap_streamer/package.dsv\n'}
[5.488540] (mcap_streamer) StdoutLine: {'line': b'-- Up-to-date: /home/linjiawei/load_mcap/install/mcap_streamer/share/ament_index/resource_index/packages/mcap_streamer\n'}
[5.488603] (mcap_streamer) StdoutLine: {'line': b'-- Up-to-date: /home/linjiawei/load_mcap/install/mcap_streamer/share/mcap_streamer/cmake/mcap_streamerConfig.cmake\n'}
[5.488657] (mcap_streamer) StdoutLine: {'line': b'-- Up-to-date: /home/linjiawei/load_mcap/install/mcap_streamer/share/mcap_streamer/cmake/mcap_streamerConfig-version.cmake\n'}
[5.488715] (mcap_streamer) StdoutLine: {'line': b'-- Up-to-date: /home/linjiawei/load_mcap/install/mcap_streamer/share/mcap_streamer/package.xml\n'}
[5.489466] (mcap_streamer) CommandEnded: {'returncode': 0}
[5.506762] (-) TimerEvent: {}
[5.509506] (mcap_streamer) JobEnded: {'identifier': 'mcap_streamer', 'rc': 0}
[5.510154] (-) EventReactorShutdown: {}
