[0.025s] Invoking command in '/home/linjiawei/load_mcap/build/rviz_plug_msg': CMAKE_PREFIX_PATH=${CMAKE_PREFIX_PATH}:/opt/ros/humble /usr/bin/cmake --build /home/linjiawei/load_mcap/build/rviz_plug_msg -- -j17 -l17
[0.088s] [ 11%] Built target rviz_plug_msg__rosidl_generator_c
[0.093s] [ 12%] Built target rviz_plug_msg__cpp
[0.096s] [ 12%] Built target ament_cmake_python_copy_rviz_plug_msg
[0.153s] [ 24%] Built target rviz_plug_msg__rosidl_typesupport_introspection_c
[0.155s] [ 35%] Built target rviz_plug_msg__rosidl_typesupport_fastrtps_c
[0.162s] [ 47%] Built target rviz_plug_msg__rosidl_typesupport_c
[0.163s] [ 58%] Built target rviz_plug_msg__rosidl_typesupport_cpp
[0.164s] [ 70%] Built target rviz_plug_msg__rosidl_typesupport_fastrtps_cpp
[0.166s] [ 81%] Built target rviz_plug_msg__rosidl_typesupport_introspection_cpp
[0.190s] [ 81%] Built target rviz_plug_msg
[0.214s] [ 82%] Built target rviz_plug_msg__py
[0.242s] [ 93%] Built target rviz_plug_msg__rosidl_generator_py
[0.267s] [ 95%] Built target rviz_plug_msg__rosidl_typesupport_fastrtps_c__pyext
[0.269s] [ 98%] Built target rviz_plug_msg__rosidl_typesupport_c__pyext
[0.269s] [100%] Built target rviz_plug_msg__rosidl_typesupport_introspection_c__pyext
[0.437s] running egg_info
[0.439s] writing rviz_plug_msg.egg-info/PKG-INFO
[0.439s] writing dependency_links to rviz_plug_msg.egg-info/dependency_links.txt
[0.439s] writing top-level names to rviz_plug_msg.egg-info/top_level.txt
[0.443s] reading manifest file 'rviz_plug_msg.egg-info/SOURCES.txt'
[0.443s] writing manifest file 'rviz_plug_msg.egg-info/SOURCES.txt'
[0.472s] [100%] Built target ament_cmake_python_build_rviz_plug_msg_egg
