[0.028s] Invoking command in '/home/linjiawei/load_mcap/build/deva_ads_msgs': CMAKE_PREFIX_PATH=${CMAKE_PREFIX_PATH}:/opt/ros/humble /usr/bin/cmake --build /home/linjiawei/load_mcap/build/deva_ads_msgs -- -j17 -l17
[0.087s] [  1%] Built target deva_ads_msgs__cpp
[0.089s] [ 12%] Built target deva_ads_msgs__rosidl_generator_c
[0.124s] [ 12%] Built target ament_cmake_python_copy_deva_ads_msgs
[0.155s] [ 23%] Built target deva_ads_msgs__rosidl_typesupport_cpp
[0.157s] [ 34%] Built target deva_ads_msgs__rosidl_typesupport_fastrtps_cpp
[0.161s] [ 56%] Built target deva_ads_msgs__rosidl_typesupport_introspection_cpp
[0.161s] [ 56%] Built target deva_ads_msgs__rosidl_typesupport_fastrtps_c
[0.168s] [ 67%] Built target deva_ads_msgs__rosidl_typesupport_introspection_c
[0.169s] [ 78%] Built target deva_ads_msgs__rosidl_typesupport_c
[0.194s] [ 78%] Built target deva_ads_msgs
[0.222s] [ 80%] Built target deva_ads_msgs__py
[0.248s] [ 89%] Built target deva_ads_msgs__rosidl_generator_py
[0.279s] [ 92%] Built target deva_ads_msgs__rosidl_typesupport_fastrtps_c__pyext
[0.280s] [ 96%] Built target deva_ads_msgs__rosidl_typesupport_introspection_c__pyext
[0.281s] [100%] Built target deva_ads_msgs__rosidl_typesupport_c__pyext
[0.441s] running egg_info
[0.442s] writing deva_ads_msgs.egg-info/PKG-INFO
[0.442s] writing dependency_links to deva_ads_msgs.egg-info/dependency_links.txt
[0.442s] writing top-level names to deva_ads_msgs.egg-info/top_level.txt
[0.445s] reading manifest file 'deva_ads_msgs.egg-info/SOURCES.txt'
[0.446s] writing manifest file 'deva_ads_msgs.egg-info/SOURCES.txt'
[0.477s] [100%] Built target ament_cmake_python_build_deva_ads_msgs_egg
[0.489s] Invoked command in '/home/linjiawei/load_mcap/build/deva_ads_msgs' returned '0': CMAKE_PREFIX_PATH=${CMAKE_PREFIX_PATH}:/opt/ros/humble /usr/bin/cmake --build /home/linjiawei/load_mcap/build/deva_ads_msgs -- -j17 -l17
[0.491s] Invoking command in '/home/linjiawei/load_mcap/build/deva_ads_msgs': CMAKE_PREFIX_PATH=${CMAKE_PREFIX_PATH}:/opt/ros/humble /usr/bin/cmake --install /home/linjiawei/load_mcap/build/deva_ads_msgs
[0.494s] Invoked command in '/home/linjiawei/load_mcap/build/deva_ads_msgs' returned '-2': CMAKE_PREFIX_PATH=${CMAKE_PREFIX_PATH}:/opt/ros/humble /usr/bin/cmake --install /home/linjiawei/load_mcap/build/deva_ads_msgs
