[0.019s] Invoking command in '/home/linjiawei/load_mcap/build/deva_map_msgs': CMAKE_PREFIX_PATH=/home/linjiawei/load_mcap/install/deva_perception_msgs:/home/linjiawei/load_mcap/install/deva_localization_msgs:/home/linjiawei/load_mcap/install/deva_common_msgs:/home/linjiawei/load_mcap/install/serialize_msgs:/home/linjiawei/load_mcap/install/rviz_plug_msg:/home/linjiawei/load_mcap/install/mcap_streamer:/home/linjiawei/load_mcap/install/fault_diagnosis:/home/linjiawei/load_mcap/install/environment_model_msgs:/home/linjiawei/load_mcap/install/deva_control_msgs:/home/linjiawei/load_mcap/install/deva_planning_msgs2:/home/linjiawei/load_mcap/install/deva_mdriver_msgs:/home/linjiawei/load_mcap/install/deva_planning_msgs:/home/linjiawei/load_mcap/install/deva_map_msgs:/home/linjiawei/load_mcap/install/deva_navi_msgs:/home/linjiawei/load_mcap/install/deva_gaode_routing_msgs:/home/linjiawei/load_mcap/install/deva_function_msgs:/home/linjiawei/load_mcap/install/deva_aeb_msgs:/home/linjiawei/load_mcap/install/deva_ads_msgs:/opt/ros/humble LD_LIBRARY_PATH=/home/linjiawei/load_mcap/install/deva_perception_msgs/lib:/home/linjiawei/load_mcap/install/deva_localization_msgs/lib:/home/linjiawei/load_mcap/install/deva_common_msgs/lib:/home/linjiawei/load_mcap/install/serialize_msgs/lib:/home/linjiawei/load_mcap/install/rviz_plug_msg/lib:/home/linjiawei/load_mcap/install/fault_diagnosis/lib:/home/linjiawei/load_mcap/install/environment_model_msgs/lib:/home/linjiawei/load_mcap/install/deva_control_msgs/lib:/home/linjiawei/load_mcap/install/deva_planning_msgs2/lib:/home/linjiawei/load_mcap/install/deva_mdriver_msgs/lib:/home/linjiawei/load_mcap/install/deva_planning_msgs/lib:/home/linjiawei/load_mcap/install/deva_map_msgs/lib:/home/linjiawei/load_mcap/install/deva_navi_msgs/lib:/home/linjiawei/load_mcap/install/deva_gaode_routing_msgs/lib:/home/linjiawei/load_mcap/install/deva_function_msgs/lib:/home/linjiawei/load_mcap/install/deva_aeb_msgs/lib:/home/linjiawei/load_mcap/install/deva_ads_msgs/lib:/opt/ros/humble/opt/rviz_ogre_vendor/lib:/opt/ros/humble/lib/x86_64-linux-gnu:/opt/ros/humble/lib:/usr/local/nvidia/lib64 /usr/bin/cmake --build /home/linjiawei/load_mcap/build/deva_map_msgs -- -j17 -l17
[0.085s] [  0%] Built target deva_map_msgs__cpp
[0.095s] [  0%] Built target ament_cmake_python_copy_deva_map_msgs
[0.095s] [ 13%] Built target deva_map_msgs__rosidl_generator_c
[0.120s] [ 25%] Built target deva_map_msgs__rosidl_typesupport_cpp
[0.122s] [ 38%] Built target deva_map_msgs__rosidl_typesupport_introspection_cpp
[0.125s] [ 50%] Built target deva_map_msgs__rosidl_typesupport_c
[0.128s] [ 62%] Built target deva_map_msgs__rosidl_typesupport_fastrtps_cpp
[0.129s] [ 74%] Built target deva_map_msgs__rosidl_typesupport_introspection_c
[0.132s] [ 86%] Built target deva_map_msgs__rosidl_typesupport_fastrtps_c
[0.157s] [ 86%] Built target deva_map_msgs
[0.182s] [ 86%] Built target deva_map_msgs__py
[0.215s] [ 97%] Built target deva_map_msgs__rosidl_generator_py
[0.240s] [ 98%] Built target deva_map_msgs__rosidl_typesupport_introspection_c__pyext
[0.241s] [ 99%] Built target deva_map_msgs__rosidl_typesupport_fastrtps_c__pyext
[0.243s] [100%] Built target deva_map_msgs__rosidl_typesupport_c__pyext
[0.368s] running egg_info
[0.368s] writing deva_map_msgs.egg-info/PKG-INFO
[0.369s] writing dependency_links to deva_map_msgs.egg-info/dependency_links.txt
[0.369s] writing top-level names to deva_map_msgs.egg-info/top_level.txt
[0.372s] reading manifest file 'deva_map_msgs.egg-info/SOURCES.txt'
[0.373s] writing manifest file 'deva_map_msgs.egg-info/SOURCES.txt'
[0.400s] [100%] Built target ament_cmake_python_build_deva_map_msgs_egg
[0.412s] Invoked command in '/home/linjiawei/load_mcap/build/deva_map_msgs' returned '0': CMAKE_PREFIX_PATH=/home/linjiawei/load_mcap/install/deva_perception_msgs:/home/linjiawei/load_mcap/install/deva_localization_msgs:/home/linjiawei/load_mcap/install/deva_common_msgs:/home/linjiawei/load_mcap/install/serialize_msgs:/home/linjiawei/load_mcap/install/rviz_plug_msg:/home/linjiawei/load_mcap/install/mcap_streamer:/home/linjiawei/load_mcap/install/fault_diagnosis:/home/linjiawei/load_mcap/install/environment_model_msgs:/home/linjiawei/load_mcap/install/deva_control_msgs:/home/linjiawei/load_mcap/install/deva_planning_msgs2:/home/linjiawei/load_mcap/install/deva_mdriver_msgs:/home/linjiawei/load_mcap/install/deva_planning_msgs:/home/linjiawei/load_mcap/install/deva_map_msgs:/home/linjiawei/load_mcap/install/deva_navi_msgs:/home/linjiawei/load_mcap/install/deva_gaode_routing_msgs:/home/linjiawei/load_mcap/install/deva_function_msgs:/home/linjiawei/load_mcap/install/deva_aeb_msgs:/home/linjiawei/load_mcap/install/deva_ads_msgs:/opt/ros/humble LD_LIBRARY_PATH=/home/linjiawei/load_mcap/install/deva_perception_msgs/lib:/home/linjiawei/load_mcap/install/deva_localization_msgs/lib:/home/linjiawei/load_mcap/install/deva_common_msgs/lib:/home/linjiawei/load_mcap/install/serialize_msgs/lib:/home/linjiawei/load_mcap/install/rviz_plug_msg/lib:/home/linjiawei/load_mcap/install/fault_diagnosis/lib:/home/linjiawei/load_mcap/install/environment_model_msgs/lib:/home/linjiawei/load_mcap/install/deva_control_msgs/lib:/home/linjiawei/load_mcap/install/deva_planning_msgs2/lib:/home/linjiawei/load_mcap/install/deva_mdriver_msgs/lib:/home/linjiawei/load_mcap/install/deva_planning_msgs/lib:/home/linjiawei/load_mcap/install/deva_map_msgs/lib:/home/linjiawei/load_mcap/install/deva_navi_msgs/lib:/home/linjiawei/load_mcap/install/deva_gaode_routing_msgs/lib:/home/linjiawei/load_mcap/install/deva_function_msgs/lib:/home/linjiawei/load_mcap/install/deva_aeb_msgs/lib:/home/linjiawei/load_mcap/install/deva_ads_msgs/lib:/opt/ros/humble/opt/rviz_ogre_vendor/lib:/opt/ros/humble/lib/x86_64-linux-gnu:/opt/ros/humble/lib:/usr/local/nvidia/lib64 /usr/bin/cmake --build /home/linjiawei/load_mcap/build/deva_map_msgs -- -j17 -l17
[0.414s] Invoking command in '/home/linjiawei/load_mcap/build/deva_map_msgs': CMAKE_PREFIX_PATH=/home/linjiawei/load_mcap/install/deva_perception_msgs:/home/linjiawei/load_mcap/install/deva_localization_msgs:/home/linjiawei/load_mcap/install/deva_common_msgs:/home/linjiawei/load_mcap/install/serialize_msgs:/home/linjiawei/load_mcap/install/rviz_plug_msg:/home/linjiawei/load_mcap/install/mcap_streamer:/home/linjiawei/load_mcap/install/fault_diagnosis:/home/linjiawei/load_mcap/install/environment_model_msgs:/home/linjiawei/load_mcap/install/deva_control_msgs:/home/linjiawei/load_mcap/install/deva_planning_msgs2:/home/linjiawei/load_mcap/install/deva_mdriver_msgs:/home/linjiawei/load_mcap/install/deva_planning_msgs:/home/linjiawei/load_mcap/install/deva_map_msgs:/home/linjiawei/load_mcap/install/deva_navi_msgs:/home/linjiawei/load_mcap/install/deva_gaode_routing_msgs:/home/linjiawei/load_mcap/install/deva_function_msgs:/home/linjiawei/load_mcap/install/deva_aeb_msgs:/home/linjiawei/load_mcap/install/deva_ads_msgs:/opt/ros/humble LD_LIBRARY_PATH=/home/linjiawei/load_mcap/install/deva_perception_msgs/lib:/home/linjiawei/load_mcap/install/deva_localization_msgs/lib:/home/linjiawei/load_mcap/install/deva_common_msgs/lib:/home/linjiawei/load_mcap/install/serialize_msgs/lib:/home/linjiawei/load_mcap/install/rviz_plug_msg/lib:/home/linjiawei/load_mcap/install/fault_diagnosis/lib:/home/linjiawei/load_mcap/install/environment_model_msgs/lib:/home/linjiawei/load_mcap/install/deva_control_msgs/lib:/home/linjiawei/load_mcap/install/deva_planning_msgs2/lib:/home/linjiawei/load_mcap/install/deva_mdriver_msgs/lib:/home/linjiawei/load_mcap/install/deva_planning_msgs/lib:/home/linjiawei/load_mcap/install/deva_map_msgs/lib:/home/linjiawei/load_mcap/install/deva_navi_msgs/lib:/home/linjiawei/load_mcap/install/deva_gaode_routing_msgs/lib:/home/linjiawei/load_mcap/install/deva_function_msgs/lib:/home/linjiawei/load_mcap/install/deva_aeb_msgs/lib:/home/linjiawei/load_mcap/install/deva_ads_msgs/lib:/opt/ros/humble/opt/rviz_ogre_vendor/lib:/opt/ros/humble/lib/x86_64-linux-gnu:/opt/ros/humble/lib:/usr/local/nvidia/lib64 /usr/bin/cmake --install /home/linjiawei/load_mcap/build/deva_map_msgs
[0.422s] -- Install configuration: ""
[0.422s] -- Up-to-date: /home/linjiawei/load_mcap/install/deva_map_msgs/share/ament_index/resource_index/rosidl_interfaces/deva_map_msgs
[0.422s] -- Up-to-date: /home/linjiawei/load_mcap/install/deva_map_msgs/include/deva_map_msgs/deva_map_msgs
[0.422s] -- Up-to-date: /home/linjiawei/load_mcap/install/deva_map_msgs/include/deva_map_msgs/deva_map_msgs/msg
[0.422s] -- Up-to-date: /home/linjiawei/load_mcap/install/deva_map_msgs/include/deva_map_msgs/deva_map_msgs/msg/rosidl_generator_c__visibility_control.h
[0.422s] -- Up-to-date: /home/linjiawei/load_mcap/install/deva_map_msgs/include/deva_map_msgs/deva_map_msgs/msg/avp_boundary.h
[0.423s] -- Up-to-date: /home/linjiawei/load_mcap/install/deva_map_msgs/include/deva_map_msgs/deva_map_msgs/msg/detail
[0.423s] -- Up-to-date: /home/linjiawei/load_mcap/install/deva_map_msgs/include/deva_map_msgs/deva_map_msgs/msg/detail/avp_boundary__functions.c
[0.423s] -- Up-to-date: /home/linjiawei/load_mcap/install/deva_map_msgs/include/deva_map_msgs/deva_map_msgs/msg/detail/avp_boundary__functions.h
[0.423s] -- Up-to-date: /home/linjiawei/load_mcap/install/deva_map_msgs/include/deva_map_msgs/deva_map_msgs/msg/detail/avp_boundary__struct.h
[0.423s] -- Up-to-date: /home/linjiawei/load_mcap/install/deva_map_msgs/include/deva_map_msgs/deva_map_msgs/msg/detail/avp_boundary__type_support.h
[0.423s] -- Up-to-date: /home/linjiawei/load_mcap/install/deva_map_msgs/include/deva_map_msgs/deva_map_msgs/msg/detail/avp_local_map__functions.c
[0.423s] -- Up-to-date: /home/linjiawei/load_mcap/install/deva_map_msgs/include/deva_map_msgs/deva_map_msgs/msg/detail/avp_local_map__functions.h
[0.423s] -- Up-to-date: /home/linjiawei/load_mcap/install/deva_map_msgs/include/deva_map_msgs/deva_map_msgs/msg/detail/avp_local_map__struct.h
[0.423s] -- Up-to-date: /home/linjiawei/load_mcap/install/deva_map_msgs/include/deva_map_msgs/deva_map_msgs/msg/detail/avp_local_map__type_support.h
[0.423s] -- Up-to-date: /home/linjiawei/load_mcap/install/deva_map_msgs/include/deva_map_msgs/deva_map_msgs/msg/detail/avp_sub_lane__functions.c
[0.423s] -- Up-to-date: /home/linjiawei/load_mcap/install/deva_map_msgs/include/deva_map_msgs/deva_map_msgs/msg/detail/avp_sub_lane__functions.h
[0.424s] -- Up-to-date: /home/linjiawei/load_mcap/install/deva_map_msgs/include/deva_map_msgs/deva_map_msgs/msg/detail/avp_sub_lane__struct.h
[0.424s] -- Up-to-date: /home/linjiawei/load_mcap/install/deva_map_msgs/include/deva_map_msgs/deva_map_msgs/msg/detail/avp_sub_lane__type_support.h
[0.424s] -- Up-to-date: /home/linjiawei/load_mcap/install/deva_map_msgs/include/deva_map_msgs/deva_map_msgs/msg/detail/avp_sub_map__functions.c
[0.424s] -- Up-to-date: /home/linjiawei/load_mcap/install/deva_map_msgs/include/deva_map_msgs/deva_map_msgs/msg/detail/avp_sub_map__functions.h
[0.424s] -- Up-to-date: /home/linjiawei/load_mcap/install/deva_map_msgs/include/deva_map_msgs/deva_map_msgs/msg/detail/avp_sub_map__struct.h
[0.424s] -- Up-to-date: /home/linjiawei/load_mcap/install/deva_map_msgs/include/deva_map_msgs/deva_map_msgs/msg/detail/avp_sub_map__type_support.h
[0.424s] -- Up-to-date: /home/linjiawei/load_mcap/install/deva_map_msgs/include/deva_map_msgs/deva_map_msgs/msg/detail/channel__functions.c
[0.424s] -- Up-to-date: /home/linjiawei/load_mcap/install/deva_map_msgs/include/deva_map_msgs/deva_map_msgs/msg/detail/channel__functions.h
[0.424s] -- Up-to-date: /home/linjiawei/load_mcap/install/deva_map_msgs/include/deva_map_msgs/deva_map_msgs/msg/detail/channel__struct.h
[0.424s] -- Up-to-date: /home/linjiawei/load_mcap/install/deva_map_msgs/include/deva_map_msgs/deva_map_msgs/msg/detail/channel__type_support.h
[0.425s] -- Up-to-date: /home/linjiawei/load_mcap/install/deva_map_msgs/include/deva_map_msgs/deva_map_msgs/msg/detail/channel_lane_info__functions.c
[0.425s] -- Up-to-date: /home/linjiawei/load_mcap/install/deva_map_msgs/include/deva_map_msgs/deva_map_msgs/msg/detail/channel_lane_info__functions.h
[0.425s] -- Up-to-date: /home/linjiawei/load_mcap/install/deva_map_msgs/include/deva_map_msgs/deva_map_msgs/msg/detail/channel_lane_info__struct.h
[0.425s] -- Up-to-date: /home/linjiawei/load_mcap/install/deva_map_msgs/include/deva_map_msgs/deva_map_msgs/msg/detail/channel_lane_info__type_support.h
[0.425s] -- Up-to-date: /home/linjiawei/load_mcap/install/deva_map_msgs/include/deva_map_msgs/deva_map_msgs/msg/detail/channel_lane_line__functions.c
[0.425s] -- Up-to-date: /home/linjiawei/load_mcap/install/deva_map_msgs/include/deva_map_msgs/deva_map_msgs/msg/detail/channel_lane_line__functions.h
[0.425s] -- Up-to-date: /home/linjiawei/load_mcap/install/deva_map_msgs/include/deva_map_msgs/deva_map_msgs/msg/detail/channel_lane_line__struct.h
[0.425s] -- Up-to-date: /home/linjiawei/load_mcap/install/deva_map_msgs/include/deva_map_msgs/deva_map_msgs/msg/detail/channel_lane_line__type_support.h
[0.425s] -- Up-to-date: /home/linjiawei/load_mcap/install/deva_map_msgs/include/deva_map_msgs/deva_map_msgs/msg/detail/channel_lane_marking__functions.c
[0.425s] -- Up-to-date: /home/linjiawei/load_mcap/install/deva_map_msgs/include/deva_map_msgs/deva_map_msgs/msg/detail/channel_lane_marking__functions.h
[0.425s] -- Up-to-date: /home/linjiawei/load_mcap/install/deva_map_msgs/include/deva_map_msgs/deva_map_msgs/msg/detail/channel_lane_marking__struct.h
[0.425s] -- Up-to-date: /home/linjiawei/load_mcap/install/deva_map_msgs/include/deva_map_msgs/deva_map_msgs/msg/detail/channel_lane_marking__type_support.h
[0.425s] -- Up-to-date: /home/linjiawei/load_mcap/install/deva_map_msgs/include/deva_map_msgs/deva_map_msgs/msg/detail/channel_lane_speed_limitation__functions.c
[0.426s] -- Up-to-date: /home/linjiawei/load_mcap/install/deva_map_msgs/include/deva_map_msgs/deva_map_msgs/msg/detail/channel_lane_speed_limitation__functions.h
[0.426s] -- Up-to-date: /home/linjiawei/load_mcap/install/deva_map_msgs/include/deva_map_msgs/deva_map_msgs/msg/detail/channel_lane_speed_limitation__struct.h
[0.426s] -- Up-to-date: /home/linjiawei/load_mcap/install/deva_map_msgs/include/deva_map_msgs/deva_map_msgs/msg/detail/channel_lane_speed_limitation__type_support.h
[0.426s] -- Up-to-date: /home/linjiawei/load_mcap/install/deva_map_msgs/include/deva_map_msgs/deva_map_msgs/msg/detail/channel_lane_type__functions.c
[0.426s] -- Up-to-date: /home/linjiawei/load_mcap/install/deva_map_msgs/include/deva_map_msgs/deva_map_msgs/msg/detail/channel_lane_type__functions.h
[0.426s] -- Up-to-date: /home/linjiawei/load_mcap/install/deva_map_msgs/include/deva_map_msgs/deva_map_msgs/msg/detail/channel_lane_type__struct.h
[0.426s] -- Up-to-date: /home/linjiawei/load_mcap/install/deva_map_msgs/include/deva_map_msgs/deva_map_msgs/msg/detail/channel_lane_type__type_support.h
[0.426s] -- Up-to-date: /home/linjiawei/load_mcap/install/deva_map_msgs/include/deva_map_msgs/deva_map_msgs/msg/detail/channel_marking_type__functions.c
[0.426s] -- Up-to-date: /home/linjiawei/load_mcap/install/deva_map_msgs/include/deva_map_msgs/deva_map_msgs/msg/detail/channel_marking_type__functions.h
[0.426s] -- Up-to-date: /home/linjiawei/load_mcap/install/deva_map_msgs/include/deva_map_msgs/deva_map_msgs/msg/detail/channel_marking_type__struct.h
[0.426s] -- Up-to-date: /home/linjiawei/load_mcap/install/deva_map_msgs/include/deva_map_msgs/deva_map_msgs/msg/detail/channel_marking_type__type_support.h
[0.426s] -- Up-to-date: /home/linjiawei/load_mcap/install/deva_map_msgs/include/deva_map_msgs/deva_map_msgs/msg/detail/channel_object_info__functions.c
[0.426s] -- Up-to-date: /home/linjiawei/load_mcap/install/deva_map_msgs/include/deva_map_msgs/deva_map_msgs/msg/detail/channel_object_info__functions.h
[0.426s] -- Up-to-date: /home/linjiawei/load_mcap/install/deva_map_msgs/include/deva_map_msgs/deva_map_msgs/msg/detail/channel_object_info__struct.h
[0.426s] -- Up-to-date: /home/linjiawei/load_mcap/install/deva_map_msgs/include/deva_map_msgs/deva_map_msgs/msg/detail/channel_object_info__type_support.h
[0.426s] -- Up-to-date: /home/linjiawei/load_mcap/install/deva_map_msgs/include/deva_map_msgs/deva_map_msgs/msg/detail/channel_signal_info__functions.c
[0.427s] -- Up-to-date: /home/linjiawei/load_mcap/install/deva_map_msgs/include/deva_map_msgs/deva_map_msgs/msg/detail/channel_signal_info__functions.h
[0.427s] -- Up-to-date: /home/linjiawei/load_mcap/install/deva_map_msgs/include/deva_map_msgs/deva_map_msgs/msg/detail/channel_signal_info__struct.h
[0.427s] -- Up-to-date: /home/linjiawei/load_mcap/install/deva_map_msgs/include/deva_map_msgs/deva_map_msgs/msg/detail/channel_signal_info__type_support.h
[0.427s] -- Up-to-date: /home/linjiawei/load_mcap/install/deva_map_msgs/include/deva_map_msgs/deva_map_msgs/msg/detail/channel_turn_type__functions.c
[0.427s] -- Up-to-date: /home/linjiawei/load_mcap/install/deva_map_msgs/include/deva_map_msgs/deva_map_msgs/msg/detail/channel_turn_type__functions.h
[0.427s] -- Up-to-date: /home/linjiawei/load_mcap/install/deva_map_msgs/include/deva_map_msgs/deva_map_msgs/msg/detail/channel_turn_type__struct.h
[0.427s] -- Up-to-date: /home/linjiawei/load_mcap/install/deva_map_msgs/include/deva_map_msgs/deva_map_msgs/msg/detail/channel_turn_type__type_support.h
[0.427s] -- Up-to-date: /home/linjiawei/load_mcap/install/deva_map_msgs/include/deva_map_msgs/deva_map_msgs/msg/detail/ego_trajectory__functions.c
[0.427s] -- Up-to-date: /home/linjiawei/load_mcap/install/deva_map_msgs/include/deva_map_msgs/deva_map_msgs/msg/detail/ego_trajectory__functions.h
[0.427s] -- Up-to-date: /home/linjiawei/load_mcap/install/deva_map_msgs/include/deva_map_msgs/deva_map_msgs/msg/detail/ego_trajectory__struct.h
[0.427s] -- Up-to-date: /home/linjiawei/load_mcap/install/deva_map_msgs/include/deva_map_msgs/deva_map_msgs/msg/detail/ego_trajectory__type_support.h
[0.427s] -- Up-to-date: /home/linjiawei/load_mcap/install/deva_map_msgs/include/deva_map_msgs/deva_map_msgs/msg/detail/ego_trajectory_point__functions.c
[0.427s] -- Up-to-date: /home/linjiawei/load_mcap/install/deva_map_msgs/include/deva_map_msgs/deva_map_msgs/msg/detail/ego_trajectory_point__functions.h
[0.427s] -- Up-to-date: /home/linjiawei/load_mcap/install/deva_map_msgs/include/deva_map_msgs/deva_map_msgs/msg/detail/ego_trajectory_point__struct.h
[0.427s] -- Up-to-date: /home/linjiawei/load_mcap/install/deva_map_msgs/include/deva_map_msgs/deva_map_msgs/msg/detail/ego_trajectory_point__type_support.h
[0.428s] -- Up-to-date: /home/linjiawei/load_mcap/install/deva_map_msgs/include/deva_map_msgs/deva_map_msgs/msg/detail/lane_waypoint__functions.c
[0.428s] -- Up-to-date: /home/linjiawei/load_mcap/install/deva_map_msgs/include/deva_map_msgs/deva_map_msgs/msg/detail/lane_waypoint__functions.h
[0.428s] -- Up-to-date: /home/linjiawei/load_mcap/install/deva_map_msgs/include/deva_map_msgs/deva_map_msgs/msg/detail/lane_waypoint__struct.h
[0.428s] -- Up-to-date: /home/linjiawei/load_mcap/install/deva_map_msgs/include/deva_map_msgs/deva_map_msgs/msg/detail/lane_waypoint__type_support.h
[0.428s] -- Up-to-date: /home/linjiawei/load_mcap/install/deva_map_msgs/include/deva_map_msgs/deva_map_msgs/msg/detail/local_map__functions.c
[0.428s] -- Up-to-date: /home/linjiawei/load_mcap/install/deva_map_msgs/include/deva_map_msgs/deva_map_msgs/msg/detail/local_map__functions.h
[0.428s] -- Up-to-date: /home/linjiawei/load_mcap/install/deva_map_msgs/include/deva_map_msgs/deva_map_msgs/msg/detail/local_map__struct.h
[0.428s] -- Up-to-date: /home/linjiawei/load_mcap/install/deva_map_msgs/include/deva_map_msgs/deva_map_msgs/msg/detail/local_map__type_support.h
[0.428s] -- Up-to-date: /home/linjiawei/load_mcap/install/deva_map_msgs/include/deva_map_msgs/deva_map_msgs/msg/detail/local_map_header__functions.c
[0.428s] -- Up-to-date: /home/linjiawei/load_mcap/install/deva_map_msgs/include/deva_map_msgs/deva_map_msgs/msg/detail/local_map_header__functions.h
[0.428s] -- Up-to-date: /home/linjiawei/load_mcap/install/deva_map_msgs/include/deva_map_msgs/deva_map_msgs/msg/detail/local_map_header__struct.h
[0.428s] -- Up-to-date: /home/linjiawei/load_mcap/install/deva_map_msgs/include/deva_map_msgs/deva_map_msgs/msg/detail/local_map_header__type_support.h
[0.428s] -- Up-to-date: /home/linjiawei/load_mcap/install/deva_map_msgs/include/deva_map_msgs/deva_map_msgs/msg/detail/obstacle_edge__functions.c
[0.428s] -- Up-to-date: /home/linjiawei/load_mcap/install/deva_map_msgs/include/deva_map_msgs/deva_map_msgs/msg/detail/obstacle_edge__functions.h
[0.428s] -- Up-to-date: /home/linjiawei/load_mcap/install/deva_map_msgs/include/deva_map_msgs/deva_map_msgs/msg/detail/obstacle_edge__struct.h
[0.428s] -- Up-to-date: /home/linjiawei/load_mcap/install/deva_map_msgs/include/deva_map_msgs/deva_map_msgs/msg/detail/obstacle_edge__type_support.h
[0.429s] -- Up-to-date: /home/linjiawei/load_mcap/install/deva_map_msgs/include/deva_map_msgs/deva_map_msgs/msg/detail/path_point__functions.c
[0.429s] -- Up-to-date: /home/linjiawei/load_mcap/install/deva_map_msgs/include/deva_map_msgs/deva_map_msgs/msg/detail/path_point__functions.h
[0.429s] -- Up-to-date: /home/linjiawei/load_mcap/install/deva_map_msgs/include/deva_map_msgs/deva_map_msgs/msg/detail/path_point__struct.h
[0.429s] -- Up-to-date: /home/linjiawei/load_mcap/install/deva_map_msgs/include/deva_map_msgs/deva_map_msgs/msg/detail/path_point__type_support.h
[0.429s] -- Up-to-date: /home/linjiawei/load_mcap/install/deva_map_msgs/include/deva_map_msgs/deva_map_msgs/msg/detail/reference_channal__functions.c
[0.429s] -- Up-to-date: /home/linjiawei/load_mcap/install/deva_map_msgs/include/deva_map_msgs/deva_map_msgs/msg/detail/reference_channal__functions.h
[0.429s] -- Up-to-date: /home/linjiawei/load_mcap/install/deva_map_msgs/include/deva_map_msgs/deva_map_msgs/msg/detail/reference_channal__struct.h
[0.429s] -- Up-to-date: /home/linjiawei/load_mcap/install/deva_map_msgs/include/deva_map_msgs/deva_map_msgs/msg/detail/reference_channal__type_support.h
[0.429s] -- Up-to-date: /home/linjiawei/load_mcap/install/deva_map_msgs/include/deva_map_msgs/deva_map_msgs/msg/detail/st_local_map__functions.c
[0.429s] -- Up-to-date: /home/linjiawei/load_mcap/install/deva_map_msgs/include/deva_map_msgs/deva_map_msgs/msg/detail/st_local_map__functions.h
[0.429s] -- Up-to-date: /home/linjiawei/load_mcap/install/deva_map_msgs/include/deva_map_msgs/deva_map_msgs/msg/detail/st_local_map__struct.h
[0.429s] -- Up-to-date: /home/linjiawei/load_mcap/install/deva_map_msgs/include/deva_map_msgs/deva_map_msgs/msg/detail/st_local_map__type_support.h
[0.429s] -- Up-to-date: /home/linjiawei/load_mcap/install/deva_map_msgs/include/deva_map_msgs/deva_map_msgs/msg/detail/traffic_light__functions.c
[0.429s] -- Up-to-date: /home/linjiawei/load_mcap/install/deva_map_msgs/include/deva_map_msgs/deva_map_msgs/msg/detail/traffic_light__functions.h
[0.429s] -- Up-to-date: /home/linjiawei/load_mcap/install/deva_map_msgs/include/deva_map_msgs/deva_map_msgs/msg/detail/traffic_light__struct.h
[0.429s] -- Up-to-date: /home/linjiawei/load_mcap/install/deva_map_msgs/include/deva_map_msgs/deva_map_msgs/msg/detail/traffic_light__type_support.h
[0.430s] -- Up-to-date: /home/linjiawei/load_mcap/install/deva_map_msgs/include/deva_map_msgs/deva_map_msgs/msg/avp_local_map.h
[0.430s] -- Up-to-date: /home/linjiawei/load_mcap/install/deva_map_msgs/include/deva_map_msgs/deva_map_msgs/msg/avp_sub_lane.h
[0.430s] -- Up-to-date: /home/linjiawei/load_mcap/install/deva_map_msgs/include/deva_map_msgs/deva_map_msgs/msg/avp_sub_map.h
[0.430s] -- Up-to-date: /home/linjiawei/load_mcap/install/deva_map_msgs/include/deva_map_msgs/deva_map_msgs/msg/channel.h
[0.430s] -- Up-to-date: /home/linjiawei/load_mcap/install/deva_map_msgs/include/deva_map_msgs/deva_map_msgs/msg/channel_lane_info.h
[0.430s] -- Up-to-date: /home/linjiawei/load_mcap/install/deva_map_msgs/include/deva_map_msgs/deva_map_msgs/msg/channel_lane_line.h
[0.430s] -- Up-to-date: /home/linjiawei/load_mcap/install/deva_map_msgs/include/deva_map_msgs/deva_map_msgs/msg/channel_lane_marking.h
[0.430s] -- Up-to-date: /home/linjiawei/load_mcap/install/deva_map_msgs/include/deva_map_msgs/deva_map_msgs/msg/channel_lane_speed_limitation.h
[0.430s] -- Up-to-date: /home/linjiawei/load_mcap/install/deva_map_msgs/include/deva_map_msgs/deva_map_msgs/msg/channel_lane_type.h
[0.430s] -- Up-to-date: /home/linjiawei/load_mcap/install/deva_map_msgs/include/deva_map_msgs/deva_map_msgs/msg/channel_marking_type.h
[0.430s] -- Up-to-date: /home/linjiawei/load_mcap/install/deva_map_msgs/include/deva_map_msgs/deva_map_msgs/msg/channel_object_info.h
[0.430s] -- Up-to-date: /home/linjiawei/load_mcap/install/deva_map_msgs/include/deva_map_msgs/deva_map_msgs/msg/channel_signal_info.h
[0.430s] -- Up-to-date: /home/linjiawei/load_mcap/install/deva_map_msgs/include/deva_map_msgs/deva_map_msgs/msg/channel_turn_type.h
[0.430s] -- Up-to-date: /home/linjiawei/load_mcap/install/deva_map_msgs/include/deva_map_msgs/deva_map_msgs/msg/ego_trajectory.h
[0.430s] -- Up-to-date: /home/linjiawei/load_mcap/install/deva_map_msgs/include/deva_map_msgs/deva_map_msgs/msg/ego_trajectory_point.h
[0.431s] -- Up-to-date: /home/linjiawei/load_mcap/install/deva_map_msgs/include/deva_map_msgs/deva_map_msgs/msg/lane_waypoint.h
[0.431s] -- Up-to-date: /home/linjiawei/load_mcap/install/deva_map_msgs/include/deva_map_msgs/deva_map_msgs/msg/local_map.h
[0.431s] -- Up-to-date: /home/linjiawei/load_mcap/install/deva_map_msgs/include/deva_map_msgs/deva_map_msgs/msg/local_map_header.h
[0.431s] -- Up-to-date: /home/linjiawei/load_mcap/install/deva_map_msgs/include/deva_map_msgs/deva_map_msgs/msg/obstacle_edge.h
[0.431s] -- Up-to-date: /home/linjiawei/load_mcap/install/deva_map_msgs/include/deva_map_msgs/deva_map_msgs/msg/path_point.h
[0.431s] -- Up-to-date: /home/linjiawei/load_mcap/install/deva_map_msgs/include/deva_map_msgs/deva_map_msgs/msg/reference_channal.h
[0.431s] -- Up-to-date: /home/linjiawei/load_mcap/install/deva_map_msgs/include/deva_map_msgs/deva_map_msgs/msg/st_local_map.h
[0.431s] -- Up-to-date: /home/linjiawei/load_mcap/install/deva_map_msgs/include/deva_map_msgs/deva_map_msgs/msg/traffic_light.h
[0.431s] -- Up-to-date: /home/linjiawei/load_mcap/install/deva_map_msgs/share/deva_map_msgs/environment/library_path.sh
[0.431s] -- Up-to-date: /home/linjiawei/load_mcap/install/deva_map_msgs/share/deva_map_msgs/environment/library_path.dsv
[0.431s] -- Up-to-date: /home/linjiawei/load_mcap/install/deva_map_msgs/lib/libdeva_map_msgs__rosidl_generator_c.so
[0.431s] -- Up-to-date: /home/linjiawei/load_mcap/install/deva_map_msgs/include/deva_map_msgs/deva_map_msgs
[0.431s] -- Up-to-date: /home/linjiawei/load_mcap/install/deva_map_msgs/include/deva_map_msgs/deva_map_msgs/msg
[0.431s] -- Up-to-date: /home/linjiawei/load_mcap/install/deva_map_msgs/include/deva_map_msgs/deva_map_msgs/msg/rosidl_typesupport_fastrtps_c__visibility_control.h
[0.431s] -- Up-to-date: /home/linjiawei/load_mcap/install/deva_map_msgs/include/deva_map_msgs/deva_map_msgs/msg/detail
[0.431s] -- Up-to-date: /home/linjiawei/load_mcap/install/deva_map_msgs/include/deva_map_msgs/deva_map_msgs/msg/detail/avp_boundary__rosidl_typesupport_fastrtps_c.h
[0.432s] -- Up-to-date: /home/linjiawei/load_mcap/install/deva_map_msgs/include/deva_map_msgs/deva_map_msgs/msg/detail/avp_local_map__rosidl_typesupport_fastrtps_c.h
[0.432s] -- Up-to-date: /home/linjiawei/load_mcap/install/deva_map_msgs/include/deva_map_msgs/deva_map_msgs/msg/detail/avp_sub_lane__rosidl_typesupport_fastrtps_c.h
[0.432s] -- Up-to-date: /home/linjiawei/load_mcap/install/deva_map_msgs/include/deva_map_msgs/deva_map_msgs/msg/detail/avp_sub_map__rosidl_typesupport_fastrtps_c.h
[0.432s] -- Up-to-date: /home/linjiawei/load_mcap/install/deva_map_msgs/include/deva_map_msgs/deva_map_msgs/msg/detail/channel__rosidl_typesupport_fastrtps_c.h
[0.432s] -- Up-to-date: /home/linjiawei/load_mcap/install/deva_map_msgs/include/deva_map_msgs/deva_map_msgs/msg/detail/channel_lane_info__rosidl_typesupport_fastrtps_c.h
[0.432s] -- Up-to-date: /home/linjiawei/load_mcap/install/deva_map_msgs/include/deva_map_msgs/deva_map_msgs/msg/detail/channel_lane_line__rosidl_typesupport_fastrtps_c.h
[0.432s] -- Up-to-date: /home/linjiawei/load_mcap/install/deva_map_msgs/include/deva_map_msgs/deva_map_msgs/msg/detail/channel_lane_marking__rosidl_typesupport_fastrtps_c.h
[0.432s] -- Up-to-date: /home/linjiawei/load_mcap/install/deva_map_msgs/include/deva_map_msgs/deva_map_msgs/msg/detail/channel_lane_speed_limitation__rosidl_typesupport_fastrtps_c.h
[0.432s] -- Up-to-date: /home/linjiawei/load_mcap/install/deva_map_msgs/include/deva_map_msgs/deva_map_msgs/msg/detail/channel_lane_type__rosidl_typesupport_fastrtps_c.h
[0.432s] -- Up-to-date: /home/linjiawei/load_mcap/install/deva_map_msgs/include/deva_map_msgs/deva_map_msgs/msg/detail/channel_marking_type__rosidl_typesupport_fastrtps_c.h
[0.432s] -- Up-to-date: /home/linjiawei/load_mcap/install/deva_map_msgs/include/deva_map_msgs/deva_map_msgs/msg/detail/channel_object_info__rosidl_typesupport_fastrtps_c.h
[0.432s] -- Up-to-date: /home/linjiawei/load_mcap/install/deva_map_msgs/include/deva_map_msgs/deva_map_msgs/msg/detail/channel_signal_info__rosidl_typesupport_fastrtps_c.h
[0.432s] -- Up-to-date: /home/linjiawei/load_mcap/install/deva_map_msgs/include/deva_map_msgs/deva_map_msgs/msg/detail/channel_turn_type__rosidl_typesupport_fastrtps_c.h
[0.432s] -- Up-to-date: /home/linjiawei/load_mcap/install/deva_map_msgs/include/deva_map_msgs/deva_map_msgs/msg/detail/ego_trajectory__rosidl_typesupport_fastrtps_c.h
[0.433s] -- Up-to-date: /home/linjiawei/load_mcap/install/deva_map_msgs/include/deva_map_msgs/deva_map_msgs/msg/detail/ego_trajectory_point__rosidl_typesupport_fastrtps_c.h
[0.433s] -- Up-to-date: /home/linjiawei/load_mcap/install/deva_map_msgs/include/deva_map_msgs/deva_map_msgs/msg/detail/lane_waypoint__rosidl_typesupport_fastrtps_c.h
[0.433s] -- Up-to-date: /home/linjiawei/load_mcap/install/deva_map_msgs/include/deva_map_msgs/deva_map_msgs/msg/detail/local_map__rosidl_typesupport_fastrtps_c.h
[0.433s] -- Up-to-date: /home/linjiawei/load_mcap/install/deva_map_msgs/include/deva_map_msgs/deva_map_msgs/msg/detail/local_map_header__rosidl_typesupport_fastrtps_c.h
[0.433s] -- Up-to-date: /home/linjiawei/load_mcap/install/deva_map_msgs/include/deva_map_msgs/deva_map_msgs/msg/detail/obstacle_edge__rosidl_typesupport_fastrtps_c.h
[0.433s] -- Up-to-date: /home/linjiawei/load_mcap/install/deva_map_msgs/include/deva_map_msgs/deva_map_msgs/msg/detail/path_point__rosidl_typesupport_fastrtps_c.h
[0.433s] -- Up-to-date: /home/linjiawei/load_mcap/install/deva_map_msgs/include/deva_map_msgs/deva_map_msgs/msg/detail/reference_channal__rosidl_typesupport_fastrtps_c.h
[0.433s] -- Up-to-date: /home/linjiawei/load_mcap/install/deva_map_msgs/include/deva_map_msgs/deva_map_msgs/msg/detail/st_local_map__rosidl_typesupport_fastrtps_c.h
[0.433s] -- Up-to-date: /home/linjiawei/load_mcap/install/deva_map_msgs/include/deva_map_msgs/deva_map_msgs/msg/detail/traffic_light__rosidl_typesupport_fastrtps_c.h
[0.433s] -- Up-to-date: /home/linjiawei/load_mcap/install/deva_map_msgs/lib/libdeva_map_msgs__rosidl_typesupport_fastrtps_c.so
[0.433s] -- Up-to-date: /home/linjiawei/load_mcap/install/deva_map_msgs/include/deva_map_msgs/deva_map_msgs
[0.433s] -- Up-to-date: /home/linjiawei/load_mcap/install/deva_map_msgs/include/deva_map_msgs/deva_map_msgs/msg
[0.433s] -- Up-to-date: /home/linjiawei/load_mcap/install/deva_map_msgs/include/deva_map_msgs/deva_map_msgs/msg/rosidl_typesupport_introspection_c__visibility_control.h
[0.433s] -- Up-to-date: /home/linjiawei/load_mcap/install/deva_map_msgs/include/deva_map_msgs/deva_map_msgs/msg/detail
[0.433s] -- Up-to-date: /home/linjiawei/load_mcap/install/deva_map_msgs/include/deva_map_msgs/deva_map_msgs/msg/detail/avp_boundary__rosidl_typesupport_introspection_c.h
[0.434s] -- Up-to-date: /home/linjiawei/load_mcap/install/deva_map_msgs/include/deva_map_msgs/deva_map_msgs/msg/detail/avp_boundary__type_support.c
[0.434s] -- Up-to-date: /home/linjiawei/load_mcap/install/deva_map_msgs/include/deva_map_msgs/deva_map_msgs/msg/detail/avp_local_map__rosidl_typesupport_introspection_c.h
[0.434s] -- Up-to-date: /home/linjiawei/load_mcap/install/deva_map_msgs/include/deva_map_msgs/deva_map_msgs/msg/detail/avp_local_map__type_support.c
[0.434s] -- Up-to-date: /home/linjiawei/load_mcap/install/deva_map_msgs/include/deva_map_msgs/deva_map_msgs/msg/detail/avp_sub_lane__rosidl_typesupport_introspection_c.h
[0.434s] -- Up-to-date: /home/linjiawei/load_mcap/install/deva_map_msgs/include/deva_map_msgs/deva_map_msgs/msg/detail/avp_sub_lane__type_support.c
[0.434s] -- Up-to-date: /home/linjiawei/load_mcap/install/deva_map_msgs/include/deva_map_msgs/deva_map_msgs/msg/detail/avp_sub_map__rosidl_typesupport_introspection_c.h
[0.434s] -- Up-to-date: /home/linjiawei/load_mcap/install/deva_map_msgs/include/deva_map_msgs/deva_map_msgs/msg/detail/avp_sub_map__type_support.c
[0.434s] -- Up-to-date: /home/linjiawei/load_mcap/install/deva_map_msgs/include/deva_map_msgs/deva_map_msgs/msg/detail/channel__rosidl_typesupport_introspection_c.h
[0.434s] -- Up-to-date: /home/linjiawei/load_mcap/install/deva_map_msgs/include/deva_map_msgs/deva_map_msgs/msg/detail/channel__type_support.c
[0.434s] -- Up-to-date: /home/linjiawei/load_mcap/install/deva_map_msgs/include/deva_map_msgs/deva_map_msgs/msg/detail/channel_lane_info__rosidl_typesupport_introspection_c.h
[0.434s] -- Up-to-date: /home/linjiawei/load_mcap/install/deva_map_msgs/include/deva_map_msgs/deva_map_msgs/msg/detail/channel_lane_info__type_support.c
[0.434s] -- Up-to-date: /home/linjiawei/load_mcap/install/deva_map_msgs/include/deva_map_msgs/deva_map_msgs/msg/detail/channel_lane_line__rosidl_typesupport_introspection_c.h
[0.434s] -- Up-to-date: /home/linjiawei/load_mcap/install/deva_map_msgs/include/deva_map_msgs/deva_map_msgs/msg/detail/channel_lane_line__type_support.c
[0.434s] -- Up-to-date: /home/linjiawei/load_mcap/install/deva_map_msgs/include/deva_map_msgs/deva_map_msgs/msg/detail/channel_lane_marking__rosidl_typesupport_introspection_c.h
[0.435s] -- Up-to-date: /home/linjiawei/load_mcap/install/deva_map_msgs/include/deva_map_msgs/deva_map_msgs/msg/detail/channel_lane_marking__type_support.c
[0.435s] -- Up-to-date: /home/linjiawei/load_mcap/install/deva_map_msgs/include/deva_map_msgs/deva_map_msgs/msg/detail/channel_lane_speed_limitation__rosidl_typesupport_introspection_c.h
[0.435s] -- Up-to-date: /home/linjiawei/load_mcap/install/deva_map_msgs/include/deva_map_msgs/deva_map_msgs/msg/detail/channel_lane_speed_limitation__type_support.c
[0.435s] -- Up-to-date: /home/linjiawei/load_mcap/install/deva_map_msgs/include/deva_map_msgs/deva_map_msgs/msg/detail/channel_lane_type__rosidl_typesupport_introspection_c.h
[0.435s] -- Up-to-date: /home/linjiawei/load_mcap/install/deva_map_msgs/include/deva_map_msgs/deva_map_msgs/msg/detail/channel_lane_type__type_support.c
[0.435s] -- Up-to-date: /home/linjiawei/load_mcap/install/deva_map_msgs/include/deva_map_msgs/deva_map_msgs/msg/detail/channel_marking_type__rosidl_typesupport_introspection_c.h
[0.435s] -- Up-to-date: /home/linjiawei/load_mcap/install/deva_map_msgs/include/deva_map_msgs/deva_map_msgs/msg/detail/channel_marking_type__type_support.c
[0.435s] -- Up-to-date: /home/linjiawei/load_mcap/install/deva_map_msgs/include/deva_map_msgs/deva_map_msgs/msg/detail/channel_object_info__rosidl_typesupport_introspection_c.h
[0.435s] -- Up-to-date: /home/linjiawei/load_mcap/install/deva_map_msgs/include/deva_map_msgs/deva_map_msgs/msg/detail/channel_object_info__type_support.c
[0.435s] -- Up-to-date: /home/linjiawei/load_mcap/install/deva_map_msgs/include/deva_map_msgs/deva_map_msgs/msg/detail/channel_signal_info__rosidl_typesupport_introspection_c.h
[0.435s] -- Up-to-date: /home/linjiawei/load_mcap/install/deva_map_msgs/include/deva_map_msgs/deva_map_msgs/msg/detail/channel_signal_info__type_support.c
[0.435s] -- Up-to-date: /home/linjiawei/load_mcap/install/deva_map_msgs/include/deva_map_msgs/deva_map_msgs/msg/detail/channel_turn_type__rosidl_typesupport_introspection_c.h
[0.435s] -- Up-to-date: /home/linjiawei/load_mcap/install/deva_map_msgs/include/deva_map_msgs/deva_map_msgs/msg/detail/channel_turn_type__type_support.c
[0.435s] -- Up-to-date: /home/linjiawei/load_mcap/install/deva_map_msgs/include/deva_map_msgs/deva_map_msgs/msg/detail/ego_trajectory__rosidl_typesupport_introspection_c.h
[0.435s] -- Up-to-date: /home/linjiawei/load_mcap/install/deva_map_msgs/include/deva_map_msgs/deva_map_msgs/msg/detail/ego_trajectory__type_support.c
[0.435s] -- Up-to-date: /home/linjiawei/load_mcap/install/deva_map_msgs/include/deva_map_msgs/deva_map_msgs/msg/detail/ego_trajectory_point__rosidl_typesupport_introspection_c.h
[0.436s] -- Up-to-date: /home/linjiawei/load_mcap/install/deva_map_msgs/include/deva_map_msgs/deva_map_msgs/msg/detail/ego_trajectory_point__type_support.c
[0.436s] -- Up-to-date: /home/linjiawei/load_mcap/install/deva_map_msgs/include/deva_map_msgs/deva_map_msgs/msg/detail/lane_waypoint__rosidl_typesupport_introspection_c.h
[0.436s] -- Up-to-date: /home/linjiawei/load_mcap/install/deva_map_msgs/include/deva_map_msgs/deva_map_msgs/msg/detail/lane_waypoint__type_support.c
[0.436s] -- Up-to-date: /home/linjiawei/load_mcap/install/deva_map_msgs/include/deva_map_msgs/deva_map_msgs/msg/detail/local_map__rosidl_typesupport_introspection_c.h
[0.436s] -- Up-to-date: /home/linjiawei/load_mcap/install/deva_map_msgs/include/deva_map_msgs/deva_map_msgs/msg/detail/local_map__type_support.c
[0.436s] -- Up-to-date: /home/linjiawei/load_mcap/install/deva_map_msgs/include/deva_map_msgs/deva_map_msgs/msg/detail/local_map_header__rosidl_typesupport_introspection_c.h
[0.436s] -- Up-to-date: /home/linjiawei/load_mcap/install/deva_map_msgs/include/deva_map_msgs/deva_map_msgs/msg/detail/local_map_header__type_support.c
[0.436s] -- Up-to-date: /home/linjiawei/load_mcap/install/deva_map_msgs/include/deva_map_msgs/deva_map_msgs/msg/detail/obstacle_edge__rosidl_typesupport_introspection_c.h
[0.436s] -- Up-to-date: /home/linjiawei/load_mcap/install/deva_map_msgs/include/deva_map_msgs/deva_map_msgs/msg/detail/obstacle_edge__type_support.c
[0.436s] -- Up-to-date: /home/linjiawei/load_mcap/install/deva_map_msgs/include/deva_map_msgs/deva_map_msgs/msg/detail/path_point__rosidl_typesupport_introspection_c.h
[0.436s] -- Up-to-date: /home/linjiawei/load_mcap/install/deva_map_msgs/include/deva_map_msgs/deva_map_msgs/msg/detail/path_point__type_support.c
[0.436s] -- Up-to-date: /home/linjiawei/load_mcap/install/deva_map_msgs/include/deva_map_msgs/deva_map_msgs/msg/detail/reference_channal__rosidl_typesupport_introspection_c.h
[0.436s] -- Up-to-date: /home/linjiawei/load_mcap/install/deva_map_msgs/include/deva_map_msgs/deva_map_msgs/msg/detail/reference_channal__type_support.c
[0.436s] -- Up-to-date: /home/linjiawei/load_mcap/install/deva_map_msgs/include/deva_map_msgs/deva_map_msgs/msg/detail/st_local_map__rosidl_typesupport_introspection_c.h
[0.437s] -- Up-to-date: /home/linjiawei/load_mcap/install/deva_map_msgs/include/deva_map_msgs/deva_map_msgs/msg/detail/st_local_map__type_support.c
[0.437s] -- Up-to-date: /home/linjiawei/load_mcap/install/deva_map_msgs/include/deva_map_msgs/deva_map_msgs/msg/detail/traffic_light__rosidl_typesupport_introspection_c.h
[0.437s] -- Up-to-date: /home/linjiawei/load_mcap/install/deva_map_msgs/include/deva_map_msgs/deva_map_msgs/msg/detail/traffic_light__type_support.c
[0.437s] -- Up-to-date: /home/linjiawei/load_mcap/install/deva_map_msgs/lib/libdeva_map_msgs__rosidl_typesupport_introspection_c.so
[0.437s] -- Up-to-date: /home/linjiawei/load_mcap/install/deva_map_msgs/lib/libdeva_map_msgs__rosidl_typesupport_c.so
[0.437s] -- Up-to-date: /home/linjiawei/load_mcap/install/deva_map_msgs/include/deva_map_msgs/deva_map_msgs
[0.437s] -- Up-to-date: /home/linjiawei/load_mcap/install/deva_map_msgs/include/deva_map_msgs/deva_map_msgs/msg
[0.437s] -- Up-to-date: /home/linjiawei/load_mcap/install/deva_map_msgs/include/deva_map_msgs/deva_map_msgs/msg/rosidl_generator_cpp__visibility_control.hpp
[0.437s] -- Up-to-date: /home/linjiawei/load_mcap/install/deva_map_msgs/include/deva_map_msgs/deva_map_msgs/msg/avp_boundary.hpp
[0.437s] -- Up-to-date: /home/linjiawei/load_mcap/install/deva_map_msgs/include/deva_map_msgs/deva_map_msgs/msg/detail
[0.437s] -- Up-to-date: /home/linjiawei/load_mcap/install/deva_map_msgs/include/deva_map_msgs/deva_map_msgs/msg/detail/avp_boundary__builder.hpp
[0.437s] -- Up-to-date: /home/linjiawei/load_mcap/install/deva_map_msgs/include/deva_map_msgs/deva_map_msgs/msg/detail/avp_boundary__struct.hpp
[0.437s] -- Up-to-date: /home/linjiawei/load_mcap/install/deva_map_msgs/include/deva_map_msgs/deva_map_msgs/msg/detail/avp_boundary__traits.hpp
[0.437s] -- Up-to-date: /home/linjiawei/load_mcap/install/deva_map_msgs/include/deva_map_msgs/deva_map_msgs/msg/detail/avp_boundary__type_support.hpp
[0.437s] -- Up-to-date: /home/linjiawei/load_mcap/install/deva_map_msgs/include/deva_map_msgs/deva_map_msgs/msg/detail/avp_local_map__builder.hpp
[0.438s] -- Up-to-date: /home/linjiawei/load_mcap/install/deva_map_msgs/include/deva_map_msgs/deva_map_msgs/msg/detail/avp_local_map__struct.hpp
[0.438s] -- Up-to-date: /home/linjiawei/load_mcap/install/deva_map_msgs/include/deva_map_msgs/deva_map_msgs/msg/detail/avp_local_map__traits.hpp
[0.438s] -- Up-to-date: /home/linjiawei/load_mcap/install/deva_map_msgs/include/deva_map_msgs/deva_map_msgs/msg/detail/avp_local_map__type_support.hpp
[0.438s] -- Up-to-date: /home/linjiawei/load_mcap/install/deva_map_msgs/include/deva_map_msgs/deva_map_msgs/msg/detail/avp_sub_lane__builder.hpp
[0.438s] -- Up-to-date: /home/linjiawei/load_mcap/install/deva_map_msgs/include/deva_map_msgs/deva_map_msgs/msg/detail/avp_sub_lane__struct.hpp
[0.438s] -- Up-to-date: /home/linjiawei/load_mcap/install/deva_map_msgs/include/deva_map_msgs/deva_map_msgs/msg/detail/avp_sub_lane__traits.hpp
[0.438s] -- Up-to-date: /home/linjiawei/load_mcap/install/deva_map_msgs/include/deva_map_msgs/deva_map_msgs/msg/detail/avp_sub_lane__type_support.hpp
[0.438s] -- Up-to-date: /home/linjiawei/load_mcap/install/deva_map_msgs/include/deva_map_msgs/deva_map_msgs/msg/detail/avp_sub_map__builder.hpp
[0.438s] -- Up-to-date: /home/linjiawei/load_mcap/install/deva_map_msgs/include/deva_map_msgs/deva_map_msgs/msg/detail/avp_sub_map__struct.hpp
[0.438s] -- Up-to-date: /home/linjiawei/load_mcap/install/deva_map_msgs/include/deva_map_msgs/deva_map_msgs/msg/detail/avp_sub_map__traits.hpp
[0.438s] -- Up-to-date: /home/linjiawei/load_mcap/install/deva_map_msgs/include/deva_map_msgs/deva_map_msgs/msg/detail/avp_sub_map__type_support.hpp
[0.438s] -- Up-to-date: /home/linjiawei/load_mcap/install/deva_map_msgs/include/deva_map_msgs/deva_map_msgs/msg/detail/channel__builder.hpp
[0.438s] -- Up-to-date: /home/linjiawei/load_mcap/install/deva_map_msgs/include/deva_map_msgs/deva_map_msgs/msg/detail/channel__struct.hpp
[0.438s] -- Up-to-date: /home/linjiawei/load_mcap/install/deva_map_msgs/include/deva_map_msgs/deva_map_msgs/msg/detail/channel__traits.hpp
[0.439s] -- Up-to-date: /home/linjiawei/load_mcap/install/deva_map_msgs/include/deva_map_msgs/deva_map_msgs/msg/detail/channel__type_support.hpp
[0.439s] -- Up-to-date: /home/linjiawei/load_mcap/install/deva_map_msgs/include/deva_map_msgs/deva_map_msgs/msg/detail/channel_lane_info__builder.hpp
[0.439s] -- Up-to-date: /home/linjiawei/load_mcap/install/deva_map_msgs/include/deva_map_msgs/deva_map_msgs/msg/detail/channel_lane_info__struct.hpp
[0.439s] -- Up-to-date: /home/linjiawei/load_mcap/install/deva_map_msgs/include/deva_map_msgs/deva_map_msgs/msg/detail/channel_lane_info__traits.hpp
[0.439s] -- Up-to-date: /home/linjiawei/load_mcap/install/deva_map_msgs/include/deva_map_msgs/deva_map_msgs/msg/detail/channel_lane_info__type_support.hpp
[0.439s] -- Up-to-date: /home/linjiawei/load_mcap/install/deva_map_msgs/include/deva_map_msgs/deva_map_msgs/msg/detail/channel_lane_line__builder.hpp
[0.439s] -- Up-to-date: /home/linjiawei/load_mcap/install/deva_map_msgs/include/deva_map_msgs/deva_map_msgs/msg/detail/channel_lane_line__struct.hpp
[0.439s] -- Up-to-date: /home/linjiawei/load_mcap/install/deva_map_msgs/include/deva_map_msgs/deva_map_msgs/msg/detail/channel_lane_line__traits.hpp
[0.439s] -- Up-to-date: /home/linjiawei/load_mcap/install/deva_map_msgs/include/deva_map_msgs/deva_map_msgs/msg/detail/channel_lane_line__type_support.hpp
[0.439s] -- Up-to-date: /home/linjiawei/load_mcap/install/deva_map_msgs/include/deva_map_msgs/deva_map_msgs/msg/detail/channel_lane_marking__builder.hpp
[0.439s] -- Up-to-date: /home/linjiawei/load_mcap/install/deva_map_msgs/include/deva_map_msgs/deva_map_msgs/msg/detail/channel_lane_marking__struct.hpp
[0.439s] -- Up-to-date: /home/linjiawei/load_mcap/install/deva_map_msgs/include/deva_map_msgs/deva_map_msgs/msg/detail/channel_lane_marking__traits.hpp
[0.439s] -- Up-to-date: /home/linjiawei/load_mcap/install/deva_map_msgs/include/deva_map_msgs/deva_map_msgs/msg/detail/channel_lane_marking__type_support.hpp
[0.439s] -- Up-to-date: /home/linjiawei/load_mcap/install/deva_map_msgs/include/deva_map_msgs/deva_map_msgs/msg/detail/channel_lane_speed_limitation__builder.hpp
[0.439s] -- Up-to-date: /home/linjiawei/load_mcap/install/deva_map_msgs/include/deva_map_msgs/deva_map_msgs/msg/detail/channel_lane_speed_limitation__struct.hpp
[0.439s] -- Up-to-date: /home/linjiawei/load_mcap/install/deva_map_msgs/include/deva_map_msgs/deva_map_msgs/msg/detail/channel_lane_speed_limitation__traits.hpp
[0.440s] -- Up-to-date: /home/linjiawei/load_mcap/install/deva_map_msgs/include/deva_map_msgs/deva_map_msgs/msg/detail/channel_lane_speed_limitation__type_support.hpp
[0.440s] -- Up-to-date: /home/linjiawei/load_mcap/install/deva_map_msgs/include/deva_map_msgs/deva_map_msgs/msg/detail/channel_lane_type__builder.hpp
[0.440s] -- Up-to-date: /home/linjiawei/load_mcap/install/deva_map_msgs/include/deva_map_msgs/deva_map_msgs/msg/detail/channel_lane_type__struct.hpp
[0.440s] -- Up-to-date: /home/linjiawei/load_mcap/install/deva_map_msgs/include/deva_map_msgs/deva_map_msgs/msg/detail/channel_lane_type__traits.hpp
[0.440s] -- Up-to-date: /home/linjiawei/load_mcap/install/deva_map_msgs/include/deva_map_msgs/deva_map_msgs/msg/detail/channel_lane_type__type_support.hpp
[0.440s] -- Up-to-date: /home/linjiawei/load_mcap/install/deva_map_msgs/include/deva_map_msgs/deva_map_msgs/msg/detail/channel_marking_type__builder.hpp
[0.440s] -- Up-to-date: /home/linjiawei/load_mcap/install/deva_map_msgs/include/deva_map_msgs/deva_map_msgs/msg/detail/channel_marking_type__struct.hpp
[0.440s] -- Up-to-date: /home/linjiawei/load_mcap/install/deva_map_msgs/include/deva_map_msgs/deva_map_msgs/msg/detail/channel_marking_type__traits.hpp
[0.440s] -- Up-to-date: /home/linjiawei/load_mcap/install/deva_map_msgs/include/deva_map_msgs/deva_map_msgs/msg/detail/channel_marking_type__type_support.hpp
[0.440s] -- Up-to-date: /home/linjiawei/load_mcap/install/deva_map_msgs/include/deva_map_msgs/deva_map_msgs/msg/detail/channel_object_info__builder.hpp
[0.440s] -- Up-to-date: /home/linjiawei/load_mcap/install/deva_map_msgs/include/deva_map_msgs/deva_map_msgs/msg/detail/channel_object_info__struct.hpp
[0.440s] -- Up-to-date: /home/linjiawei/load_mcap/install/deva_map_msgs/include/deva_map_msgs/deva_map_msgs/msg/detail/channel_object_info__traits.hpp
[0.440s] -- Up-to-date: /home/linjiawei/load_mcap/install/deva_map_msgs/include/deva_map_msgs/deva_map_msgs/msg/detail/channel_object_info__type_support.hpp
[0.440s] -- Up-to-date: /home/linjiawei/load_mcap/install/deva_map_msgs/include/deva_map_msgs/deva_map_msgs/msg/detail/channel_signal_info__builder.hpp
[0.441s] -- Up-to-date: /home/linjiawei/load_mcap/install/deva_map_msgs/include/deva_map_msgs/deva_map_msgs/msg/detail/channel_signal_info__struct.hpp
[0.441s] -- Up-to-date: /home/linjiawei/load_mcap/install/deva_map_msgs/include/deva_map_msgs/deva_map_msgs/msg/detail/channel_signal_info__traits.hpp
[0.441s] -- Up-to-date: /home/linjiawei/load_mcap/install/deva_map_msgs/include/deva_map_msgs/deva_map_msgs/msg/detail/channel_signal_info__type_support.hpp
[0.441s] -- Up-to-date: /home/linjiawei/load_mcap/install/deva_map_msgs/include/deva_map_msgs/deva_map_msgs/msg/detail/channel_turn_type__builder.hpp
[0.441s] -- Up-to-date: /home/linjiawei/load_mcap/install/deva_map_msgs/include/deva_map_msgs/deva_map_msgs/msg/detail/channel_turn_type__struct.hpp
[0.441s] -- Up-to-date: /home/linjiawei/load_mcap/install/deva_map_msgs/include/deva_map_msgs/deva_map_msgs/msg/detail/channel_turn_type__traits.hpp
[0.441s] -- Up-to-date: /home/linjiawei/load_mcap/install/deva_map_msgs/include/deva_map_msgs/deva_map_msgs/msg/detail/channel_turn_type__type_support.hpp
[0.441s] -- Up-to-date: /home/linjiawei/load_mcap/install/deva_map_msgs/include/deva_map_msgs/deva_map_msgs/msg/detail/ego_trajectory__builder.hpp
[0.441s] -- Up-to-date: /home/linjiawei/load_mcap/install/deva_map_msgs/include/deva_map_msgs/deva_map_msgs/msg/detail/ego_trajectory__struct.hpp
[0.441s] -- Up-to-date: /home/linjiawei/load_mcap/install/deva_map_msgs/include/deva_map_msgs/deva_map_msgs/msg/detail/ego_trajectory__traits.hpp
[0.441s] -- Up-to-date: /home/linjiawei/load_mcap/install/deva_map_msgs/include/deva_map_msgs/deva_map_msgs/msg/detail/ego_trajectory__type_support.hpp
[0.441s] -- Up-to-date: /home/linjiawei/load_mcap/install/deva_map_msgs/include/deva_map_msgs/deva_map_msgs/msg/detail/ego_trajectory_point__builder.hpp
[0.441s] -- Up-to-date: /home/linjiawei/load_mcap/install/deva_map_msgs/include/deva_map_msgs/deva_map_msgs/msg/detail/ego_trajectory_point__struct.hpp
[0.441s] -- Up-to-date: /home/linjiawei/load_mcap/install/deva_map_msgs/include/deva_map_msgs/deva_map_msgs/msg/detail/ego_trajectory_point__traits.hpp
[0.441s] -- Up-to-date: /home/linjiawei/load_mcap/install/deva_map_msgs/include/deva_map_msgs/deva_map_msgs/msg/detail/ego_trajectory_point__type_support.hpp
[0.442s] -- Up-to-date: /home/linjiawei/load_mcap/install/deva_map_msgs/include/deva_map_msgs/deva_map_msgs/msg/detail/lane_waypoint__builder.hpp
[0.442s] -- Up-to-date: /home/linjiawei/load_mcap/install/deva_map_msgs/include/deva_map_msgs/deva_map_msgs/msg/detail/lane_waypoint__struct.hpp
[0.442s] -- Up-to-date: /home/linjiawei/load_mcap/install/deva_map_msgs/include/deva_map_msgs/deva_map_msgs/msg/detail/lane_waypoint__traits.hpp
[0.442s] -- Up-to-date: /home/linjiawei/load_mcap/install/deva_map_msgs/include/deva_map_msgs/deva_map_msgs/msg/detail/lane_waypoint__type_support.hpp
[0.442s] -- Up-to-date: /home/linjiawei/load_mcap/install/deva_map_msgs/include/deva_map_msgs/deva_map_msgs/msg/detail/local_map__builder.hpp
[0.442s] -- Up-to-date: /home/linjiawei/load_mcap/install/deva_map_msgs/include/deva_map_msgs/deva_map_msgs/msg/detail/local_map__struct.hpp
[0.442s] -- Up-to-date: /home/linjiawei/load_mcap/install/deva_map_msgs/include/deva_map_msgs/deva_map_msgs/msg/detail/local_map__traits.hpp
[0.442s] -- Up-to-date: /home/linjiawei/load_mcap/install/deva_map_msgs/include/deva_map_msgs/deva_map_msgs/msg/detail/local_map__type_support.hpp
[0.442s] -- Up-to-date: /home/linjiawei/load_mcap/install/deva_map_msgs/include/deva_map_msgs/deva_map_msgs/msg/detail/local_map_header__builder.hpp
[0.442s] -- Up-to-date: /home/linjiawei/load_mcap/install/deva_map_msgs/include/deva_map_msgs/deva_map_msgs/msg/detail/local_map_header__struct.hpp
[0.442s] -- Up-to-date: /home/linjiawei/load_mcap/install/deva_map_msgs/include/deva_map_msgs/deva_map_msgs/msg/detail/local_map_header__traits.hpp
[0.443s] -- Up-to-date: /home/linjiawei/load_mcap/install/deva_map_msgs/include/deva_map_msgs/deva_map_msgs/msg/detail/local_map_header__type_support.hpp
[0.443s] -- Up-to-date: /home/linjiawei/load_mcap/install/deva_map_msgs/include/deva_map_msgs/deva_map_msgs/msg/detail/obstacle_edge__builder.hpp
[0.443s] -- Up-to-date: /home/linjiawei/load_mcap/install/deva_map_msgs/include/deva_map_msgs/deva_map_msgs/msg/detail/obstacle_edge__struct.hpp
[0.443s] -- Up-to-date: /home/linjiawei/load_mcap/install/deva_map_msgs/include/deva_map_msgs/deva_map_msgs/msg/detail/obstacle_edge__traits.hpp
[0.443s] -- Up-to-date: /home/linjiawei/load_mcap/install/deva_map_msgs/include/deva_map_msgs/deva_map_msgs/msg/detail/obstacle_edge__type_support.hpp
[0.443s] -- Up-to-date: /home/linjiawei/load_mcap/install/deva_map_msgs/include/deva_map_msgs/deva_map_msgs/msg/detail/path_point__builder.hpp
[0.443s] -- Up-to-date: /home/linjiawei/load_mcap/install/deva_map_msgs/include/deva_map_msgs/deva_map_msgs/msg/detail/path_point__struct.hpp
[0.443s] -- Up-to-date: /home/linjiawei/load_mcap/install/deva_map_msgs/include/deva_map_msgs/deva_map_msgs/msg/detail/path_point__traits.hpp
[0.443s] -- Up-to-date: /home/linjiawei/load_mcap/install/deva_map_msgs/include/deva_map_msgs/deva_map_msgs/msg/detail/path_point__type_support.hpp
[0.443s] -- Up-to-date: /home/linjiawei/load_mcap/install/deva_map_msgs/include/deva_map_msgs/deva_map_msgs/msg/detail/reference_channal__builder.hpp
[0.443s] -- Up-to-date: /home/linjiawei/load_mcap/install/deva_map_msgs/include/deva_map_msgs/deva_map_msgs/msg/detail/reference_channal__struct.hpp
[0.443s] -- Up-to-date: /home/linjiawei/load_mcap/install/deva_map_msgs/include/deva_map_msgs/deva_map_msgs/msg/detail/reference_channal__traits.hpp
[0.443s] -- Up-to-date: /home/linjiawei/load_mcap/install/deva_map_msgs/include/deva_map_msgs/deva_map_msgs/msg/detail/reference_channal__type_support.hpp
[0.443s] -- Up-to-date: /home/linjiawei/load_mcap/install/deva_map_msgs/include/deva_map_msgs/deva_map_msgs/msg/detail/st_local_map__builder.hpp
[0.443s] -- Up-to-date: /home/linjiawei/load_mcap/install/deva_map_msgs/include/deva_map_msgs/deva_map_msgs/msg/detail/st_local_map__struct.hpp
[0.443s] -- Up-to-date: /home/linjiawei/load_mcap/install/deva_map_msgs/include/deva_map_msgs/deva_map_msgs/msg/detail/st_local_map__traits.hpp
[0.444s] -- Up-to-date: /home/linjiawei/load_mcap/install/deva_map_msgs/include/deva_map_msgs/deva_map_msgs/msg/detail/st_local_map__type_support.hpp
[0.444s] -- Up-to-date: /home/linjiawei/load_mcap/install/deva_map_msgs/include/deva_map_msgs/deva_map_msgs/msg/detail/traffic_light__builder.hpp
[0.444s] -- Up-to-date: /home/linjiawei/load_mcap/install/deva_map_msgs/include/deva_map_msgs/deva_map_msgs/msg/detail/traffic_light__struct.hpp
[0.444s] -- Up-to-date: /home/linjiawei/load_mcap/install/deva_map_msgs/include/deva_map_msgs/deva_map_msgs/msg/detail/traffic_light__traits.hpp
[0.444s] -- Up-to-date: /home/linjiawei/load_mcap/install/deva_map_msgs/include/deva_map_msgs/deva_map_msgs/msg/detail/traffic_light__type_support.hpp
[0.444s] -- Up-to-date: /home/linjiawei/load_mcap/install/deva_map_msgs/include/deva_map_msgs/deva_map_msgs/msg/avp_local_map.hpp
[0.444s] -- Up-to-date: /home/linjiawei/load_mcap/install/deva_map_msgs/include/deva_map_msgs/deva_map_msgs/msg/avp_sub_lane.hpp
[0.444s] -- Up-to-date: /home/linjiawei/load_mcap/install/deva_map_msgs/include/deva_map_msgs/deva_map_msgs/msg/avp_sub_map.hpp
[0.444s] -- Up-to-date: /home/linjiawei/load_mcap/install/deva_map_msgs/include/deva_map_msgs/deva_map_msgs/msg/channel.hpp
[0.444s] -- Up-to-date: /home/linjiawei/load_mcap/install/deva_map_msgs/include/deva_map_msgs/deva_map_msgs/msg/channel_lane_info.hpp
[0.444s] -- Up-to-date: /home/linjiawei/load_mcap/install/deva_map_msgs/include/deva_map_msgs/deva_map_msgs/msg/channel_lane_line.hpp
[0.444s] -- Up-to-date: /home/linjiawei/load_mcap/install/deva_map_msgs/include/deva_map_msgs/deva_map_msgs/msg/channel_lane_marking.hpp
[0.444s] -- Up-to-date: /home/linjiawei/load_mcap/install/deva_map_msgs/include/deva_map_msgs/deva_map_msgs/msg/channel_lane_speed_limitation.hpp
[0.444s] -- Up-to-date: /home/linjiawei/load_mcap/install/deva_map_msgs/include/deva_map_msgs/deva_map_msgs/msg/channel_lane_type.hpp
[0.444s] -- Up-to-date: /home/linjiawei/load_mcap/install/deva_map_msgs/include/deva_map_msgs/deva_map_msgs/msg/channel_marking_type.hpp
[0.445s] -- Up-to-date: /home/linjiawei/load_mcap/install/deva_map_msgs/include/deva_map_msgs/deva_map_msgs/msg/channel_object_info.hpp
[0.445s] -- Up-to-date: /home/linjiawei/load_mcap/install/deva_map_msgs/include/deva_map_msgs/deva_map_msgs/msg/channel_signal_info.hpp
[0.445s] -- Up-to-date: /home/linjiawei/load_mcap/install/deva_map_msgs/include/deva_map_msgs/deva_map_msgs/msg/channel_turn_type.hpp
[0.445s] -- Up-to-date: /home/linjiawei/load_mcap/install/deva_map_msgs/include/deva_map_msgs/deva_map_msgs/msg/ego_trajectory.hpp
[0.445s] -- Up-to-date: /home/linjiawei/load_mcap/install/deva_map_msgs/include/deva_map_msgs/deva_map_msgs/msg/ego_trajectory_point.hpp
[0.445s] -- Up-to-date: /home/linjiawei/load_mcap/install/deva_map_msgs/include/deva_map_msgs/deva_map_msgs/msg/lane_waypoint.hpp
[0.445s] -- Up-to-date: /home/linjiawei/load_mcap/install/deva_map_msgs/include/deva_map_msgs/deva_map_msgs/msg/local_map.hpp
[0.445s] -- Up-to-date: /home/linjiawei/load_mcap/install/deva_map_msgs/include/deva_map_msgs/deva_map_msgs/msg/local_map_header.hpp
[0.445s] -- Up-to-date: /home/linjiawei/load_mcap/install/deva_map_msgs/include/deva_map_msgs/deva_map_msgs/msg/obstacle_edge.hpp
[0.445s] -- Up-to-date: /home/linjiawei/load_mcap/install/deva_map_msgs/include/deva_map_msgs/deva_map_msgs/msg/path_point.hpp
[0.445s] -- Up-to-date: /home/linjiawei/load_mcap/install/deva_map_msgs/include/deva_map_msgs/deva_map_msgs/msg/reference_channal.hpp
[0.445s] -- Up-to-date: /home/linjiawei/load_mcap/install/deva_map_msgs/include/deva_map_msgs/deva_map_msgs/msg/st_local_map.hpp
[0.445s] -- Up-to-date: /home/linjiawei/load_mcap/install/deva_map_msgs/include/deva_map_msgs/deva_map_msgs/msg/traffic_light.hpp
[0.445s] -- Up-to-date: /home/linjiawei/load_mcap/install/deva_map_msgs/include/deva_map_msgs/deva_map_msgs
[0.445s] -- Up-to-date: /home/linjiawei/load_mcap/install/deva_map_msgs/include/deva_map_msgs/deva_map_msgs/msg
[0.445s] -- Up-to-date: /home/linjiawei/load_mcap/install/deva_map_msgs/include/deva_map_msgs/deva_map_msgs/msg/rosidl_typesupport_fastrtps_cpp__visibility_control.h
[0.446s] -- Up-to-date: /home/linjiawei/load_mcap/install/deva_map_msgs/include/deva_map_msgs/deva_map_msgs/msg/detail
[0.446s] -- Up-to-date: /home/linjiawei/load_mcap/install/deva_map_msgs/include/deva_map_msgs/deva_map_msgs/msg/detail/avp_boundary__rosidl_typesupport_fastrtps_cpp.hpp
[0.446s] -- Up-to-date: /home/linjiawei/load_mcap/install/deva_map_msgs/include/deva_map_msgs/deva_map_msgs/msg/detail/dds_fastrtps
[0.446s] -- Up-to-date: /home/linjiawei/load_mcap/install/deva_map_msgs/include/deva_map_msgs/deva_map_msgs/msg/detail/avp_local_map__rosidl_typesupport_fastrtps_cpp.hpp
[0.446s] -- Up-to-date: /home/linjiawei/load_mcap/install/deva_map_msgs/include/deva_map_msgs/deva_map_msgs/msg/detail/avp_sub_lane__rosidl_typesupport_fastrtps_cpp.hpp
[0.446s] -- Up-to-date: /home/linjiawei/load_mcap/install/deva_map_msgs/include/deva_map_msgs/deva_map_msgs/msg/detail/avp_sub_map__rosidl_typesupport_fastrtps_cpp.hpp
[0.446s] -- Up-to-date: /home/linjiawei/load_mcap/install/deva_map_msgs/include/deva_map_msgs/deva_map_msgs/msg/detail/channel__rosidl_typesupport_fastrtps_cpp.hpp
[0.446s] -- Up-to-date: /home/linjiawei/load_mcap/install/deva_map_msgs/include/deva_map_msgs/deva_map_msgs/msg/detail/channel_lane_info__rosidl_typesupport_fastrtps_cpp.hpp
[0.446s] -- Up-to-date: /home/linjiawei/load_mcap/install/deva_map_msgs/include/deva_map_msgs/deva_map_msgs/msg/detail/channel_lane_line__rosidl_typesupport_fastrtps_cpp.hpp
[0.446s] -- Up-to-date: /home/linjiawei/load_mcap/install/deva_map_msgs/include/deva_map_msgs/deva_map_msgs/msg/detail/channel_lane_marking__rosidl_typesupport_fastrtps_cpp.hpp
[0.446s] -- Up-to-date: /home/linjiawei/load_mcap/install/deva_map_msgs/include/deva_map_msgs/deva_map_msgs/msg/detail/channel_lane_speed_limitation__rosidl_typesupport_fastrtps_cpp.hpp
[0.446s] -- Up-to-date: /home/linjiawei/load_mcap/install/deva_map_msgs/include/deva_map_msgs/deva_map_msgs/msg/detail/channel_lane_type__rosidl_typesupport_fastrtps_cpp.hpp
[0.446s] -- Up-to-date: /home/linjiawei/load_mcap/install/deva_map_msgs/include/deva_map_msgs/deva_map_msgs/msg/detail/channel_marking_type__rosidl_typesupport_fastrtps_cpp.hpp
[0.447s] -- Up-to-date: /home/linjiawei/load_mcap/install/deva_map_msgs/include/deva_map_msgs/deva_map_msgs/msg/detail/channel_object_info__rosidl_typesupport_fastrtps_cpp.hpp
[0.447s] -- Up-to-date: /home/linjiawei/load_mcap/install/deva_map_msgs/include/deva_map_msgs/deva_map_msgs/msg/detail/channel_signal_info__rosidl_typesupport_fastrtps_cpp.hpp
[0.447s] -- Up-to-date: /home/linjiawei/load_mcap/install/deva_map_msgs/include/deva_map_msgs/deva_map_msgs/msg/detail/channel_turn_type__rosidl_typesupport_fastrtps_cpp.hpp
[0.447s] -- Up-to-date: /home/linjiawei/load_mcap/install/deva_map_msgs/include/deva_map_msgs/deva_map_msgs/msg/detail/ego_trajectory__rosidl_typesupport_fastrtps_cpp.hpp
[0.447s] -- Up-to-date: /home/linjiawei/load_mcap/install/deva_map_msgs/include/deva_map_msgs/deva_map_msgs/msg/detail/ego_trajectory_point__rosidl_typesupport_fastrtps_cpp.hpp
[0.447s] -- Up-to-date: /home/linjiawei/load_mcap/install/deva_map_msgs/include/deva_map_msgs/deva_map_msgs/msg/detail/lane_waypoint__rosidl_typesupport_fastrtps_cpp.hpp
[0.447s] -- Up-to-date: /home/linjiawei/load_mcap/install/deva_map_msgs/include/deva_map_msgs/deva_map_msgs/msg/detail/local_map__rosidl_typesupport_fastrtps_cpp.hpp
[0.447s] -- Up-to-date: /home/linjiawei/load_mcap/install/deva_map_msgs/include/deva_map_msgs/deva_map_msgs/msg/detail/local_map_header__rosidl_typesupport_fastrtps_cpp.hpp
[0.447s] -- Up-to-date: /home/linjiawei/load_mcap/install/deva_map_msgs/include/deva_map_msgs/deva_map_msgs/msg/detail/obstacle_edge__rosidl_typesupport_fastrtps_cpp.hpp
[0.447s] -- Up-to-date: /home/linjiawei/load_mcap/install/deva_map_msgs/include/deva_map_msgs/deva_map_msgs/msg/detail/path_point__rosidl_typesupport_fastrtps_cpp.hpp
[0.447s] -- Up-to-date: /home/linjiawei/load_mcap/install/deva_map_msgs/include/deva_map_msgs/deva_map_msgs/msg/detail/reference_channal__rosidl_typesupport_fastrtps_cpp.hpp
[0.447s] -- Up-to-date: /home/linjiawei/load_mcap/install/deva_map_msgs/include/deva_map_msgs/deva_map_msgs/msg/detail/st_local_map__rosidl_typesupport_fastrtps_cpp.hpp
[0.447s] -- Up-to-date: /home/linjiawei/load_mcap/install/deva_map_msgs/include/deva_map_msgs/deva_map_msgs/msg/detail/traffic_light__rosidl_typesupport_fastrtps_cpp.hpp
[0.447s] -- Up-to-date: /home/linjiawei/load_mcap/install/deva_map_msgs/lib/libdeva_map_msgs__rosidl_typesupport_fastrtps_cpp.so
[0.448s] -- Up-to-date: /home/linjiawei/load_mcap/install/deva_map_msgs/include/deva_map_msgs/deva_map_msgs
[0.448s] -- Up-to-date: /home/linjiawei/load_mcap/install/deva_map_msgs/include/deva_map_msgs/deva_map_msgs/msg
[0.448s] -- Up-to-date: /home/linjiawei/load_mcap/install/deva_map_msgs/include/deva_map_msgs/deva_map_msgs/msg/detail
[0.448s] -- Up-to-date: /home/linjiawei/load_mcap/install/deva_map_msgs/include/deva_map_msgs/deva_map_msgs/msg/detail/avp_boundary__rosidl_typesupport_introspection_cpp.hpp
[0.448s] -- Up-to-date: /home/linjiawei/load_mcap/install/deva_map_msgs/include/deva_map_msgs/deva_map_msgs/msg/detail/avp_boundary__type_support.cpp
[0.448s] -- Up-to-date: /home/linjiawei/load_mcap/install/deva_map_msgs/include/deva_map_msgs/deva_map_msgs/msg/detail/avp_local_map__rosidl_typesupport_introspection_cpp.hpp
[0.448s] -- Up-to-date: /home/linjiawei/load_mcap/install/deva_map_msgs/include/deva_map_msgs/deva_map_msgs/msg/detail/avp_local_map__type_support.cpp
[0.448s] -- Up-to-date: /home/linjiawei/load_mcap/install/deva_map_msgs/include/deva_map_msgs/deva_map_msgs/msg/detail/avp_sub_lane__rosidl_typesupport_introspection_cpp.hpp
[0.448s] -- Up-to-date: /home/linjiawei/load_mcap/install/deva_map_msgs/include/deva_map_msgs/deva_map_msgs/msg/detail/avp_sub_lane__type_support.cpp
[0.448s] -- Up-to-date: /home/linjiawei/load_mcap/install/deva_map_msgs/include/deva_map_msgs/deva_map_msgs/msg/detail/avp_sub_map__rosidl_typesupport_introspection_cpp.hpp
[0.448s] -- Up-to-date: /home/linjiawei/load_mcap/install/deva_map_msgs/include/deva_map_msgs/deva_map_msgs/msg/detail/avp_sub_map__type_support.cpp
[0.448s] -- Up-to-date: /home/linjiawei/load_mcap/install/deva_map_msgs/include/deva_map_msgs/deva_map_msgs/msg/detail/channel__rosidl_typesupport_introspection_cpp.hpp
[0.448s] -- Up-to-date: /home/linjiawei/load_mcap/install/deva_map_msgs/include/deva_map_msgs/deva_map_msgs/msg/detail/channel__type_support.cpp
[0.448s] -- Up-to-date: /home/linjiawei/load_mcap/install/deva_map_msgs/include/deva_map_msgs/deva_map_msgs/msg/detail/channel_lane_info__rosidl_typesupport_introspection_cpp.hpp
[0.448s] -- Up-to-date: /home/linjiawei/load_mcap/install/deva_map_msgs/include/deva_map_msgs/deva_map_msgs/msg/detail/channel_lane_info__type_support.cpp
[0.448s] -- Up-to-date: /home/linjiawei/load_mcap/install/deva_map_msgs/include/deva_map_msgs/deva_map_msgs/msg/detail/channel_lane_line__rosidl_typesupport_introspection_cpp.hpp
[0.449s] -- Up-to-date: /home/linjiawei/load_mcap/install/deva_map_msgs/include/deva_map_msgs/deva_map_msgs/msg/detail/channel_lane_line__type_support.cpp
[0.449s] -- Up-to-date: /home/linjiawei/load_mcap/install/deva_map_msgs/include/deva_map_msgs/deva_map_msgs/msg/detail/channel_lane_marking__rosidl_typesupport_introspection_cpp.hpp
[0.449s] -- Up-to-date: /home/linjiawei/load_mcap/install/deva_map_msgs/include/deva_map_msgs/deva_map_msgs/msg/detail/channel_lane_marking__type_support.cpp
[0.449s] -- Up-to-date: /home/linjiawei/load_mcap/install/deva_map_msgs/include/deva_map_msgs/deva_map_msgs/msg/detail/channel_lane_speed_limitation__rosidl_typesupport_introspection_cpp.hpp
[0.449s] -- Up-to-date: /home/linjiawei/load_mcap/install/deva_map_msgs/include/deva_map_msgs/deva_map_msgs/msg/detail/channel_lane_speed_limitation__type_support.cpp
[0.449s] -- Up-to-date: /home/linjiawei/load_mcap/install/deva_map_msgs/include/deva_map_msgs/deva_map_msgs/msg/detail/channel_lane_type__rosidl_typesupport_introspection_cpp.hpp
[0.449s] -- Up-to-date: /home/linjiawei/load_mcap/install/deva_map_msgs/include/deva_map_msgs/deva_map_msgs/msg/detail/channel_lane_type__type_support.cpp
[0.449s] -- Up-to-date: /home/linjiawei/load_mcap/install/deva_map_msgs/include/deva_map_msgs/deva_map_msgs/msg/detail/channel_marking_type__rosidl_typesupport_introspection_cpp.hpp
[0.449s] -- Up-to-date: /home/linjiawei/load_mcap/install/deva_map_msgs/include/deva_map_msgs/deva_map_msgs/msg/detail/channel_marking_type__type_support.cpp
[0.449s] -- Up-to-date: /home/linjiawei/load_mcap/install/deva_map_msgs/include/deva_map_msgs/deva_map_msgs/msg/detail/channel_object_info__rosidl_typesupport_introspection_cpp.hpp
[0.449s] -- Up-to-date: /home/linjiawei/load_mcap/install/deva_map_msgs/include/deva_map_msgs/deva_map_msgs/msg/detail/channel_object_info__type_support.cpp
[0.449s] -- Up-to-date: /home/linjiawei/load_mcap/install/deva_map_msgs/include/deva_map_msgs/deva_map_msgs/msg/detail/channel_signal_info__rosidl_typesupport_introspection_cpp.hpp
[0.449s] -- Up-to-date: /home/linjiawei/load_mcap/install/deva_map_msgs/include/deva_map_msgs/deva_map_msgs/msg/detail/channel_signal_info__type_support.cpp
[0.449s] -- Up-to-date: /home/linjiawei/load_mcap/install/deva_map_msgs/include/deva_map_msgs/deva_map_msgs/msg/detail/channel_turn_type__rosidl_typesupport_introspection_cpp.hpp
[0.449s] -- Up-to-date: /home/linjiawei/load_mcap/install/deva_map_msgs/include/deva_map_msgs/deva_map_msgs/msg/detail/channel_turn_type__type_support.cpp
[0.450s] -- Up-to-date: /home/linjiawei/load_mcap/install/deva_map_msgs/include/deva_map_msgs/deva_map_msgs/msg/detail/ego_trajectory__rosidl_typesupport_introspection_cpp.hpp
[0.450s] -- Up-to-date: /home/linjiawei/load_mcap/install/deva_map_msgs/include/deva_map_msgs/deva_map_msgs/msg/detail/ego_trajectory__type_support.cpp
[0.450s] -- Up-to-date: /home/linjiawei/load_mcap/install/deva_map_msgs/include/deva_map_msgs/deva_map_msgs/msg/detail/ego_trajectory_point__rosidl_typesupport_introspection_cpp.hpp
[0.450s] -- Up-to-date: /home/linjiawei/load_mcap/install/deva_map_msgs/include/deva_map_msgs/deva_map_msgs/msg/detail/ego_trajectory_point__type_support.cpp
[0.450s] -- Up-to-date: /home/linjiawei/load_mcap/install/deva_map_msgs/include/deva_map_msgs/deva_map_msgs/msg/detail/lane_waypoint__rosidl_typesupport_introspection_cpp.hpp
[0.450s] -- Up-to-date: /home/linjiawei/load_mcap/install/deva_map_msgs/include/deva_map_msgs/deva_map_msgs/msg/detail/lane_waypoint__type_support.cpp
[0.450s] -- Up-to-date: /home/linjiawei/load_mcap/install/deva_map_msgs/include/deva_map_msgs/deva_map_msgs/msg/detail/local_map__rosidl_typesupport_introspection_cpp.hpp
[0.450s] -- Up-to-date: /home/linjiawei/load_mcap/install/deva_map_msgs/include/deva_map_msgs/deva_map_msgs/msg/detail/local_map__type_support.cpp
[0.450s] -- Up-to-date: /home/linjiawei/load_mcap/install/deva_map_msgs/include/deva_map_msgs/deva_map_msgs/msg/detail/local_map_header__rosidl_typesupport_introspection_cpp.hpp
[0.450s] -- Up-to-date: /home/linjiawei/load_mcap/install/deva_map_msgs/include/deva_map_msgs/deva_map_msgs/msg/detail/local_map_header__type_support.cpp
[0.450s] -- Up-to-date: /home/linjiawei/load_mcap/install/deva_map_msgs/include/deva_map_msgs/deva_map_msgs/msg/detail/obstacle_edge__rosidl_typesupport_introspection_cpp.hpp
[0.450s] -- Up-to-date: /home/linjiawei/load_mcap/install/deva_map_msgs/include/deva_map_msgs/deva_map_msgs/msg/detail/obstacle_edge__type_support.cpp
[0.450s] -- Up-to-date: /home/linjiawei/load_mcap/install/deva_map_msgs/include/deva_map_msgs/deva_map_msgs/msg/detail/path_point__rosidl_typesupport_introspection_cpp.hpp
[0.450s] -- Up-to-date: /home/linjiawei/load_mcap/install/deva_map_msgs/include/deva_map_msgs/deva_map_msgs/msg/detail/path_point__type_support.cpp
[0.450s] -- Up-to-date: /home/linjiawei/load_mcap/install/deva_map_msgs/include/deva_map_msgs/deva_map_msgs/msg/detail/reference_channal__rosidl_typesupport_introspection_cpp.hpp
[0.450s] -- Up-to-date: /home/linjiawei/load_mcap/install/deva_map_msgs/include/deva_map_msgs/deva_map_msgs/msg/detail/reference_channal__type_support.cpp
[0.450s] -- Up-to-date: /home/linjiawei/load_mcap/install/deva_map_msgs/include/deva_map_msgs/deva_map_msgs/msg/detail/st_local_map__rosidl_typesupport_introspection_cpp.hpp
[0.450s] -- Up-to-date: /home/linjiawei/load_mcap/install/deva_map_msgs/include/deva_map_msgs/deva_map_msgs/msg/detail/st_local_map__type_support.cpp
[0.450s] -- Up-to-date: /home/linjiawei/load_mcap/install/deva_map_msgs/include/deva_map_msgs/deva_map_msgs/msg/detail/traffic_light__rosidl_typesupport_introspection_cpp.hpp
[0.451s] -- Up-to-date: /home/linjiawei/load_mcap/install/deva_map_msgs/include/deva_map_msgs/deva_map_msgs/msg/detail/traffic_light__type_support.cpp
[0.451s] -- Up-to-date: /home/linjiawei/load_mcap/install/deva_map_msgs/lib/libdeva_map_msgs__rosidl_typesupport_introspection_cpp.so
[0.451s] -- Up-to-date: /home/linjiawei/load_mcap/install/deva_map_msgs/lib/libdeva_map_msgs__rosidl_typesupport_cpp.so
[0.451s] -- Up-to-date: /home/linjiawei/load_mcap/install/deva_map_msgs/share/deva_map_msgs/environment/pythonpath.sh
[0.451s] -- Up-to-date: /home/linjiawei/load_mcap/install/deva_map_msgs/share/deva_map_msgs/environment/pythonpath.dsv
[0.451s] -- Up-to-date: /home/linjiawei/load_mcap/install/deva_map_msgs/local/lib/python3.10/dist-packages/deva_map_msgs-0.0.0-py3.10.egg-info
[0.451s] -- Installing: /home/linjiawei/load_mcap/install/deva_map_msgs/local/lib/python3.10/dist-packages/deva_map_msgs-0.0.0-py3.10.egg-info/PKG-INFO
[0.451s] -- Installing: /home/linjiawei/load_mcap/install/deva_map_msgs/local/lib/python3.10/dist-packages/deva_map_msgs-0.0.0-py3.10.egg-info/dependency_links.txt
[0.451s] -- Installing: /home/linjiawei/load_mcap/install/deva_map_msgs/local/lib/python3.10/dist-packages/deva_map_msgs-0.0.0-py3.10.egg-info/top_level.txt
[0.451s] -- Installing: /home/linjiawei/load_mcap/install/deva_map_msgs/local/lib/python3.10/dist-packages/deva_map_msgs-0.0.0-py3.10.egg-info/SOURCES.txt
[0.451s] -- Up-to-date: /home/linjiawei/load_mcap/install/deva_map_msgs/local/lib/python3.10/dist-packages/deva_map_msgs
[0.451s] -- Up-to-date: /home/linjiawei/load_mcap/install/deva_map_msgs/local/lib/python3.10/dist-packages/deva_map_msgs/__init__.py
[0.451s] -- Up-to-date: /home/linjiawei/load_mcap/install/deva_map_msgs/local/lib/python3.10/dist-packages/deva_map_msgs/msg
[0.451s] -- Up-to-date: /home/linjiawei/load_mcap/install/deva_map_msgs/local/lib/python3.10/dist-packages/deva_map_msgs/msg/_avp_boundary.py
[0.451s] -- Up-to-date: /home/linjiawei/load_mcap/install/deva_map_msgs/local/lib/python3.10/dist-packages/deva_map_msgs/msg/_avp_boundary_s.c
[0.451s] -- Up-to-date: /home/linjiawei/load_mcap/install/deva_map_msgs/local/lib/python3.10/dist-packages/deva_map_msgs/msg/_avp_local_map.py
[0.451s] -- Up-to-date: /home/linjiawei/load_mcap/install/deva_map_msgs/local/lib/python3.10/dist-packages/deva_map_msgs/msg/_avp_local_map_s.c
[0.451s] -- Up-to-date: /home/linjiawei/load_mcap/install/deva_map_msgs/local/lib/python3.10/dist-packages/deva_map_msgs/msg/_avp_sub_lane.py
[0.451s] -- Up-to-date: /home/linjiawei/load_mcap/install/deva_map_msgs/local/lib/python3.10/dist-packages/deva_map_msgs/msg/_avp_sub_lane_s.c
[0.452s] -- Up-to-date: /home/linjiawei/load_mcap/install/deva_map_msgs/local/lib/python3.10/dist-packages/deva_map_msgs/msg/_avp_sub_map.py
[0.452s] -- Up-to-date: /home/linjiawei/load_mcap/install/deva_map_msgs/local/lib/python3.10/dist-packages/deva_map_msgs/msg/_avp_sub_map_s.c
[0.452s] -- Up-to-date: /home/linjiawei/load_mcap/install/deva_map_msgs/local/lib/python3.10/dist-packages/deva_map_msgs/msg/_channel.py
[0.452s] -- Up-to-date: /home/linjiawei/load_mcap/install/deva_map_msgs/local/lib/python3.10/dist-packages/deva_map_msgs/msg/_channel_s.c
[0.452s] -- Up-to-date: /home/linjiawei/load_mcap/install/deva_map_msgs/local/lib/python3.10/dist-packages/deva_map_msgs/msg/_channel_lane_info.py
[0.452s] -- Up-to-date: /home/linjiawei/load_mcap/install/deva_map_msgs/local/lib/python3.10/dist-packages/deva_map_msgs/msg/_channel_lane_info_s.c
[0.452s] -- Up-to-date: /home/linjiawei/load_mcap/install/deva_map_msgs/local/lib/python3.10/dist-packages/deva_map_msgs/msg/_channel_lane_line.py
[0.452s] -- Up-to-date: /home/linjiawei/load_mcap/install/deva_map_msgs/local/lib/python3.10/dist-packages/deva_map_msgs/msg/_channel_lane_line_s.c
[0.452s] -- Up-to-date: /home/linjiawei/load_mcap/install/deva_map_msgs/local/lib/python3.10/dist-packages/deva_map_msgs/msg/_channel_lane_marking.py
[0.452s] -- Up-to-date: /home/linjiawei/load_mcap/install/deva_map_msgs/local/lib/python3.10/dist-packages/deva_map_msgs/msg/_channel_lane_marking_s.c
[0.452s] -- Up-to-date: /home/linjiawei/load_mcap/install/deva_map_msgs/local/lib/python3.10/dist-packages/deva_map_msgs/msg/_channel_lane_speed_limitation.py
[0.452s] -- Up-to-date: /home/linjiawei/load_mcap/install/deva_map_msgs/local/lib/python3.10/dist-packages/deva_map_msgs/msg/_channel_lane_speed_limitation_s.c
[0.452s] -- Up-to-date: /home/linjiawei/load_mcap/install/deva_map_msgs/local/lib/python3.10/dist-packages/deva_map_msgs/msg/_channel_lane_type.py
[0.452s] -- Up-to-date: /home/linjiawei/load_mcap/install/deva_map_msgs/local/lib/python3.10/dist-packages/deva_map_msgs/msg/_channel_lane_type_s.c
[0.452s] -- Up-to-date: /home/linjiawei/load_mcap/install/deva_map_msgs/local/lib/python3.10/dist-packages/deva_map_msgs/msg/_channel_marking_type.py
[0.452s] -- Up-to-date: /home/linjiawei/load_mcap/install/deva_map_msgs/local/lib/python3.10/dist-packages/deva_map_msgs/msg/_channel_marking_type_s.c
[0.452s] -- Up-to-date: /home/linjiawei/load_mcap/install/deva_map_msgs/local/lib/python3.10/dist-packages/deva_map_msgs/msg/_channel_object_info.py
[0.452s] -- Up-to-date: /home/linjiawei/load_mcap/install/deva_map_msgs/local/lib/python3.10/dist-packages/deva_map_msgs/msg/_channel_object_info_s.c
[0.452s] -- Up-to-date: /home/linjiawei/load_mcap/install/deva_map_msgs/local/lib/python3.10/dist-packages/deva_map_msgs/msg/_channel_signal_info.py
[0.452s] -- Up-to-date: /home/linjiawei/load_mcap/install/deva_map_msgs/local/lib/python3.10/dist-packages/deva_map_msgs/msg/_channel_signal_info_s.c
[0.453s] -- Up-to-date: /home/linjiawei/load_mcap/install/deva_map_msgs/local/lib/python3.10/dist-packages/deva_map_msgs/msg/_channel_turn_type.py
[0.453s] -- Up-to-date: /home/linjiawei/load_mcap/install/deva_map_msgs/local/lib/python3.10/dist-packages/deva_map_msgs/msg/_channel_turn_type_s.c
[0.453s] -- Up-to-date: /home/linjiawei/load_mcap/install/deva_map_msgs/local/lib/python3.10/dist-packages/deva_map_msgs/msg/_ego_trajectory.py
[0.453s] -- Up-to-date: /home/linjiawei/load_mcap/install/deva_map_msgs/local/lib/python3.10/dist-packages/deva_map_msgs/msg/_ego_trajectory_s.c
[0.453s] -- Up-to-date: /home/linjiawei/load_mcap/install/deva_map_msgs/local/lib/python3.10/dist-packages/deva_map_msgs/msg/_ego_trajectory_point.py
[0.453s] -- Up-to-date: /home/linjiawei/load_mcap/install/deva_map_msgs/local/lib/python3.10/dist-packages/deva_map_msgs/msg/_ego_trajectory_point_s.c
[0.453s] -- Up-to-date: /home/linjiawei/load_mcap/install/deva_map_msgs/local/lib/python3.10/dist-packages/deva_map_msgs/msg/_lane_waypoint.py
[0.453s] -- Up-to-date: /home/linjiawei/load_mcap/install/deva_map_msgs/local/lib/python3.10/dist-packages/deva_map_msgs/msg/_lane_waypoint_s.c
[0.453s] -- Up-to-date: /home/linjiawei/load_mcap/install/deva_map_msgs/local/lib/python3.10/dist-packages/deva_map_msgs/msg/_local_map.py
[0.453s] -- Up-to-date: /home/linjiawei/load_mcap/install/deva_map_msgs/local/lib/python3.10/dist-packages/deva_map_msgs/msg/_local_map_s.c
[0.453s] -- Up-to-date: /home/linjiawei/load_mcap/install/deva_map_msgs/local/lib/python3.10/dist-packages/deva_map_msgs/msg/_local_map_header.py
[0.453s] -- Up-to-date: /home/linjiawei/load_mcap/install/deva_map_msgs/local/lib/python3.10/dist-packages/deva_map_msgs/msg/_local_map_header_s.c
[0.453s] -- Up-to-date: /home/linjiawei/load_mcap/install/deva_map_msgs/local/lib/python3.10/dist-packages/deva_map_msgs/msg/_obstacle_edge.py
[0.453s] -- Up-to-date: /home/linjiawei/load_mcap/install/deva_map_msgs/local/lib/python3.10/dist-packages/deva_map_msgs/msg/_obstacle_edge_s.c
[0.453s] -- Up-to-date: /home/linjiawei/load_mcap/install/deva_map_msgs/local/lib/python3.10/dist-packages/deva_map_msgs/msg/_path_point.py
[0.453s] -- Up-to-date: /home/linjiawei/load_mcap/install/deva_map_msgs/local/lib/python3.10/dist-packages/deva_map_msgs/msg/_path_point_s.c
[0.453s] -- Up-to-date: /home/linjiawei/load_mcap/install/deva_map_msgs/local/lib/python3.10/dist-packages/deva_map_msgs/msg/_reference_channal.py
[0.453s] -- Up-to-date: /home/linjiawei/load_mcap/install/deva_map_msgs/local/lib/python3.10/dist-packages/deva_map_msgs/msg/_reference_channal_s.c
[0.453s] -- Up-to-date: /home/linjiawei/load_mcap/install/deva_map_msgs/local/lib/python3.10/dist-packages/deva_map_msgs/msg/_st_local_map.py
[0.454s] -- Up-to-date: /home/linjiawei/load_mcap/install/deva_map_msgs/local/lib/python3.10/dist-packages/deva_map_msgs/msg/_st_local_map_s.c
[0.454s] -- Up-to-date: /home/linjiawei/load_mcap/install/deva_map_msgs/local/lib/python3.10/dist-packages/deva_map_msgs/msg/_traffic_light.py
[0.454s] -- Up-to-date: /home/linjiawei/load_mcap/install/deva_map_msgs/local/lib/python3.10/dist-packages/deva_map_msgs/msg/_traffic_light_s.c
[0.454s] -- Up-to-date: /home/linjiawei/load_mcap/install/deva_map_msgs/local/lib/python3.10/dist-packages/deva_map_msgs/msg/__init__.py
[0.454s] -- Up-to-date: /home/linjiawei/load_mcap/install/deva_map_msgs/local/lib/python3.10/dist-packages/deva_map_msgs/_deva_map_msgs_s.ep.rosidl_typesupport_fastrtps_c.c
[0.454s] -- Up-to-date: /home/linjiawei/load_mcap/install/deva_map_msgs/local/lib/python3.10/dist-packages/deva_map_msgs/_deva_map_msgs_s.ep.rosidl_typesupport_introspection_c.c
[0.454s] -- Up-to-date: /home/linjiawei/load_mcap/install/deva_map_msgs/local/lib/python3.10/dist-packages/deva_map_msgs/_deva_map_msgs_s.ep.rosidl_typesupport_c.c
[0.454s] -- Up-to-date: /home/linjiawei/load_mcap/install/deva_map_msgs/local/lib/python3.10/dist-packages/deva_map_msgs/libdeva_map_msgs__rosidl_generator_py.so
[0.454s] -- Up-to-date: /home/linjiawei/load_mcap/install/deva_map_msgs/local/lib/python3.10/dist-packages/deva_map_msgs/deva_map_msgs_s__rosidl_typesupport_c.cpython-310-x86_64-linux-gnu.so
[0.454s] -- Up-to-date: /home/linjiawei/load_mcap/install/deva_map_msgs/local/lib/python3.10/dist-packages/deva_map_msgs/deva_map_msgs_s__rosidl_typesupport_fastrtps_c.cpython-310-x86_64-linux-gnu.so
[0.454s] -- Up-to-date: /home/linjiawei/load_mcap/install/deva_map_msgs/local/lib/python3.10/dist-packages/deva_map_msgs/deva_map_msgs_s__rosidl_typesupport_introspection_c.cpython-310-x86_64-linux-gnu.so
[0.483s] Listing '/home/linjiawei/load_mcap/install/deva_map_msgs/local/lib/python3.10/dist-packages/deva_map_msgs'...
[0.483s] Listing '/home/linjiawei/load_mcap/install/deva_map_msgs/local/lib/python3.10/dist-packages/deva_map_msgs/msg'...
[0.487s] -- Up-to-date: /home/linjiawei/load_mcap/install/deva_map_msgs/local/lib/python3.10/dist-packages/deva_map_msgs/deva_map_msgs_s__rosidl_typesupport_fastrtps_c.cpython-310-x86_64-linux-gnu.so
[0.488s] -- Up-to-date: /home/linjiawei/load_mcap/install/deva_map_msgs/local/lib/python3.10/dist-packages/deva_map_msgs/deva_map_msgs_s__rosidl_typesupport_introspection_c.cpython-310-x86_64-linux-gnu.so
[0.488s] -- Up-to-date: /home/linjiawei/load_mcap/install/deva_map_msgs/local/lib/python3.10/dist-packages/deva_map_msgs/deva_map_msgs_s__rosidl_typesupport_c.cpython-310-x86_64-linux-gnu.so
[0.488s] -- Up-to-date: /home/linjiawei/load_mcap/install/deva_map_msgs/lib/libdeva_map_msgs__rosidl_generator_py.so
[0.488s] -- Up-to-date: /home/linjiawei/load_mcap/install/deva_map_msgs/share/deva_map_msgs/msg/AvpBoundary.idl
[0.488s] -- Up-to-date: /home/linjiawei/load_mcap/install/deva_map_msgs/share/deva_map_msgs/msg/AvpLocalMap.idl
[0.489s] -- Up-to-date: /home/linjiawei/load_mcap/install/deva_map_msgs/share/deva_map_msgs/msg/AvpSubLane.idl
[0.489s] -- Up-to-date: /home/linjiawei/load_mcap/install/deva_map_msgs/share/deva_map_msgs/msg/AvpSubMap.idl
[0.489s] -- Up-to-date: /home/linjiawei/load_mcap/install/deva_map_msgs/share/deva_map_msgs/msg/Channel.idl
[0.489s] -- Up-to-date: /home/linjiawei/load_mcap/install/deva_map_msgs/share/deva_map_msgs/msg/ChannelLaneInfo.idl
[0.489s] -- Up-to-date: /home/linjiawei/load_mcap/install/deva_map_msgs/share/deva_map_msgs/msg/ChannelLaneLine.idl
[0.489s] -- Up-to-date: /home/linjiawei/load_mcap/install/deva_map_msgs/share/deva_map_msgs/msg/ChannelLaneMarking.idl
[0.489s] -- Up-to-date: /home/linjiawei/load_mcap/install/deva_map_msgs/share/deva_map_msgs/msg/ChannelLaneSpeedLimitation.idl
[0.489s] -- Up-to-date: /home/linjiawei/load_mcap/install/deva_map_msgs/share/deva_map_msgs/msg/ChannelLaneType.idl
[0.489s] -- Up-to-date: /home/linjiawei/load_mcap/install/deva_map_msgs/share/deva_map_msgs/msg/ChannelMarkingType.idl
[0.489s] -- Up-to-date: /home/linjiawei/load_mcap/install/deva_map_msgs/share/deva_map_msgs/msg/ChannelObjectInfo.idl
[0.489s] -- Up-to-date: /home/linjiawei/load_mcap/install/deva_map_msgs/share/deva_map_msgs/msg/ChannelSignalInfo.idl
[0.489s] -- Up-to-date: /home/linjiawei/load_mcap/install/deva_map_msgs/share/deva_map_msgs/msg/ChannelTurnType.idl
[0.489s] -- Up-to-date: /home/linjiawei/load_mcap/install/deva_map_msgs/share/deva_map_msgs/msg/EgoTrajectory.idl
[0.490s] -- Up-to-date: /home/linjiawei/load_mcap/install/deva_map_msgs/share/deva_map_msgs/msg/EgoTrajectoryPoint.idl
[0.490s] -- Up-to-date: /home/linjiawei/load_mcap/install/deva_map_msgs/share/deva_map_msgs/msg/LaneWaypoint.idl
[0.490s] -- Up-to-date: /home/linjiawei/load_mcap/install/deva_map_msgs/share/deva_map_msgs/msg/LocalMap.idl
[0.490s] -- Up-to-date: /home/linjiawei/load_mcap/install/deva_map_msgs/share/deva_map_msgs/msg/LocalMapHeader.idl
[0.490s] -- Up-to-date: /home/linjiawei/load_mcap/install/deva_map_msgs/share/deva_map_msgs/msg/ObstacleEdge.idl
[0.490s] -- Up-to-date: /home/linjiawei/load_mcap/install/deva_map_msgs/share/deva_map_msgs/msg/PathPoint.idl
[0.490s] -- Up-to-date: /home/linjiawei/load_mcap/install/deva_map_msgs/share/deva_map_msgs/msg/ReferenceChannal.idl
[0.490s] -- Up-to-date: /home/linjiawei/load_mcap/install/deva_map_msgs/share/deva_map_msgs/msg/STLocalMap.idl
[0.490s] -- Up-to-date: /home/linjiawei/load_mcap/install/deva_map_msgs/share/deva_map_msgs/msg/TrafficLight.idl
[0.490s] -- Up-to-date: /home/linjiawei/load_mcap/install/deva_map_msgs/share/deva_map_msgs/msg/AvpBoundary.msg
[0.490s] -- Up-to-date: /home/linjiawei/load_mcap/install/deva_map_msgs/share/deva_map_msgs/msg/AvpLocalMap.msg
[0.490s] -- Up-to-date: /home/linjiawei/load_mcap/install/deva_map_msgs/share/deva_map_msgs/msg/AvpSubLane.msg
[0.490s] -- Up-to-date: /home/linjiawei/load_mcap/install/deva_map_msgs/share/deva_map_msgs/msg/AvpSubMap.msg
[0.490s] -- Up-to-date: /home/linjiawei/load_mcap/install/deva_map_msgs/share/deva_map_msgs/msg/Channel.msg
[0.491s] -- Up-to-date: /home/linjiawei/load_mcap/install/deva_map_msgs/share/deva_map_msgs/msg/ChannelLaneInfo.msg
[0.491s] -- Up-to-date: /home/linjiawei/load_mcap/install/deva_map_msgs/share/deva_map_msgs/msg/ChannelLaneLine.msg
[0.491s] -- Up-to-date: /home/linjiawei/load_mcap/install/deva_map_msgs/share/deva_map_msgs/msg/ChannelLaneMarking.msg
[0.491s] -- Up-to-date: /home/linjiawei/load_mcap/install/deva_map_msgs/share/deva_map_msgs/msg/ChannelLaneSpeedLimitation.msg
[0.491s] -- Up-to-date: /home/linjiawei/load_mcap/install/deva_map_msgs/share/deva_map_msgs/msg/ChannelLaneType.msg
[0.491s] -- Up-to-date: /home/linjiawei/load_mcap/install/deva_map_msgs/share/deva_map_msgs/msg/ChannelMarkingType.msg
[0.491s] -- Up-to-date: /home/linjiawei/load_mcap/install/deva_map_msgs/share/deva_map_msgs/msg/ChannelObjectInfo.msg
[0.491s] -- Up-to-date: /home/linjiawei/load_mcap/install/deva_map_msgs/share/deva_map_msgs/msg/ChannelSignalInfo.msg
[0.491s] -- Up-to-date: /home/linjiawei/load_mcap/install/deva_map_msgs/share/deva_map_msgs/msg/ChannelTurnType.msg
[0.491s] -- Up-to-date: /home/linjiawei/load_mcap/install/deva_map_msgs/share/deva_map_msgs/msg/EgoTrajectory.msg
[0.491s] -- Up-to-date: /home/linjiawei/load_mcap/install/deva_map_msgs/share/deva_map_msgs/msg/EgoTrajectoryPoint.msg
[0.491s] -- Up-to-date: /home/linjiawei/load_mcap/install/deva_map_msgs/share/deva_map_msgs/msg/LaneWaypoint.msg
[0.491s] -- Up-to-date: /home/linjiawei/load_mcap/install/deva_map_msgs/share/deva_map_msgs/msg/LocalMap.msg
[0.491s] -- Up-to-date: /home/linjiawei/load_mcap/install/deva_map_msgs/share/deva_map_msgs/msg/LocalMapHeader.msg
[0.492s] -- Up-to-date: /home/linjiawei/load_mcap/install/deva_map_msgs/share/deva_map_msgs/msg/ObstacleEdge.msg
[0.492s] -- Up-to-date: /home/linjiawei/load_mcap/install/deva_map_msgs/share/deva_map_msgs/msg/PathPoint.msg
[0.492s] -- Up-to-date: /home/linjiawei/load_mcap/install/deva_map_msgs/share/deva_map_msgs/msg/ReferenceChannal.msg
[0.492s] -- Up-to-date: /home/linjiawei/load_mcap/install/deva_map_msgs/share/deva_map_msgs/msg/STLocalMap.msg
[0.492s] -- Up-to-date: /home/linjiawei/load_mcap/install/deva_map_msgs/share/deva_map_msgs/msg/TrafficLight.msg
[0.492s] -- Up-to-date: /home/linjiawei/load_mcap/install/deva_map_msgs/share/ament_index/resource_index/package_run_dependencies/deva_map_msgs
[0.492s] -- Up-to-date: /home/linjiawei/load_mcap/install/deva_map_msgs/share/ament_index/resource_index/parent_prefix_path/deva_map_msgs
[0.492s] -- Up-to-date: /home/linjiawei/load_mcap/install/deva_map_msgs/share/deva_map_msgs/environment/ament_prefix_path.sh
[0.492s] -- Up-to-date: /home/linjiawei/load_mcap/install/deva_map_msgs/share/deva_map_msgs/environment/ament_prefix_path.dsv
[0.492s] -- Up-to-date: /home/linjiawei/load_mcap/install/deva_map_msgs/share/deva_map_msgs/environment/path.sh
[0.492s] -- Up-to-date: /home/linjiawei/load_mcap/install/deva_map_msgs/share/deva_map_msgs/environment/path.dsv
[0.492s] -- Up-to-date: /home/linjiawei/load_mcap/install/deva_map_msgs/share/deva_map_msgs/local_setup.bash
[0.492s] -- Up-to-date: /home/linjiawei/load_mcap/install/deva_map_msgs/share/deva_map_msgs/local_setup.sh
[0.492s] -- Up-to-date: /home/linjiawei/load_mcap/install/deva_map_msgs/share/deva_map_msgs/local_setup.zsh
[0.492s] -- Up-to-date: /home/linjiawei/load_mcap/install/deva_map_msgs/share/deva_map_msgs/local_setup.dsv
[0.493s] -- Installing: /home/linjiawei/load_mcap/install/deva_map_msgs/share/deva_map_msgs/package.dsv
[0.493s] -- Up-to-date: /home/linjiawei/load_mcap/install/deva_map_msgs/share/ament_index/resource_index/packages/deva_map_msgs
[0.493s] -- Up-to-date: /home/linjiawei/load_mcap/install/deva_map_msgs/share/deva_map_msgs/cmake/export_deva_map_msgs__rosidl_generator_cExport.cmake
[0.493s] -- Up-to-date: /home/linjiawei/load_mcap/install/deva_map_msgs/share/deva_map_msgs/cmake/export_deva_map_msgs__rosidl_generator_cExport-noconfig.cmake
[0.493s] -- Up-to-date: /home/linjiawei/load_mcap/install/deva_map_msgs/share/deva_map_msgs/cmake/export_deva_map_msgs__rosidl_typesupport_fastrtps_cExport.cmake
[0.493s] -- Up-to-date: /home/linjiawei/load_mcap/install/deva_map_msgs/share/deva_map_msgs/cmake/export_deva_map_msgs__rosidl_typesupport_fastrtps_cExport-noconfig.cmake
[0.493s] -- Up-to-date: /home/linjiawei/load_mcap/install/deva_map_msgs/share/deva_map_msgs/cmake/deva_map_msgs__rosidl_typesupport_introspection_cExport.cmake
[0.493s] -- Up-to-date: /home/linjiawei/load_mcap/install/deva_map_msgs/share/deva_map_msgs/cmake/deva_map_msgs__rosidl_typesupport_introspection_cExport-noconfig.cmake
[0.493s] -- Up-to-date: /home/linjiawei/load_mcap/install/deva_map_msgs/share/deva_map_msgs/cmake/deva_map_msgs__rosidl_typesupport_cExport.cmake
[0.493s] -- Up-to-date: /home/linjiawei/load_mcap/install/deva_map_msgs/share/deva_map_msgs/cmake/deva_map_msgs__rosidl_typesupport_cExport-noconfig.cmake
[0.493s] -- Up-to-date: /home/linjiawei/load_mcap/install/deva_map_msgs/share/deva_map_msgs/cmake/export_deva_map_msgs__rosidl_generator_cppExport.cmake
[0.493s] -- Up-to-date: /home/linjiawei/load_mcap/install/deva_map_msgs/share/deva_map_msgs/cmake/export_deva_map_msgs__rosidl_typesupport_fastrtps_cppExport.cmake
[0.493s] -- Up-to-date: /home/linjiawei/load_mcap/install/deva_map_msgs/share/deva_map_msgs/cmake/export_deva_map_msgs__rosidl_typesupport_fastrtps_cppExport-noconfig.cmake
[0.493s] -- Up-to-date: /home/linjiawei/load_mcap/install/deva_map_msgs/share/deva_map_msgs/cmake/deva_map_msgs__rosidl_typesupport_introspection_cppExport.cmake
[0.494s] -- Up-to-date: /home/linjiawei/load_mcap/install/deva_map_msgs/share/deva_map_msgs/cmake/deva_map_msgs__rosidl_typesupport_introspection_cppExport-noconfig.cmake
[0.494s] -- Up-to-date: /home/linjiawei/load_mcap/install/deva_map_msgs/share/deva_map_msgs/cmake/deva_map_msgs__rosidl_typesupport_cppExport.cmake
[0.494s] -- Up-to-date: /home/linjiawei/load_mcap/install/deva_map_msgs/share/deva_map_msgs/cmake/deva_map_msgs__rosidl_typesupport_cppExport-noconfig.cmake
[0.494s] -- Up-to-date: /home/linjiawei/load_mcap/install/deva_map_msgs/share/deva_map_msgs/cmake/export_deva_map_msgs__rosidl_generator_pyExport.cmake
[0.494s] -- Up-to-date: /home/linjiawei/load_mcap/install/deva_map_msgs/share/deva_map_msgs/cmake/export_deva_map_msgs__rosidl_generator_pyExport-noconfig.cmake
[0.494s] -- Up-to-date: /home/linjiawei/load_mcap/install/deva_map_msgs/share/deva_map_msgs/cmake/rosidl_cmake-extras.cmake
[0.494s] -- Up-to-date: /home/linjiawei/load_mcap/install/deva_map_msgs/share/deva_map_msgs/cmake/ament_cmake_export_dependencies-extras.cmake
[0.494s] -- Up-to-date: /home/linjiawei/load_mcap/install/deva_map_msgs/share/deva_map_msgs/cmake/ament_cmake_export_include_directories-extras.cmake
[0.494s] -- Up-to-date: /home/linjiawei/load_mcap/install/deva_map_msgs/share/deva_map_msgs/cmake/ament_cmake_export_libraries-extras.cmake
[0.494s] -- Up-to-date: /home/linjiawei/load_mcap/install/deva_map_msgs/share/deva_map_msgs/cmake/ament_cmake_export_targets-extras.cmake
[0.494s] -- Up-to-date: /home/linjiawei/load_mcap/install/deva_map_msgs/share/deva_map_msgs/cmake/rosidl_cmake_export_typesupport_targets-extras.cmake
[0.494s] -- Up-to-date: /home/linjiawei/load_mcap/install/deva_map_msgs/share/deva_map_msgs/cmake/rosidl_cmake_export_typesupport_libraries-extras.cmake
[0.494s] -- Up-to-date: /home/linjiawei/load_mcap/install/deva_map_msgs/share/deva_map_msgs/cmake/deva_map_msgsConfig.cmake
[0.494s] -- Up-to-date: /home/linjiawei/load_mcap/install/deva_map_msgs/share/deva_map_msgs/cmake/deva_map_msgsConfig-version.cmake
[0.494s] -- Up-to-date: /home/linjiawei/load_mcap/install/deva_map_msgs/share/deva_map_msgs/package.xml
[0.497s] Invoked command in '/home/linjiawei/load_mcap/build/deva_map_msgs' returned '0': CMAKE_PREFIX_PATH=/home/linjiawei/load_mcap/install/deva_perception_msgs:/home/linjiawei/load_mcap/install/deva_localization_msgs:/home/linjiawei/load_mcap/install/deva_common_msgs:/home/linjiawei/load_mcap/install/serialize_msgs:/home/linjiawei/load_mcap/install/rviz_plug_msg:/home/linjiawei/load_mcap/install/mcap_streamer:/home/linjiawei/load_mcap/install/fault_diagnosis:/home/linjiawei/load_mcap/install/environment_model_msgs:/home/linjiawei/load_mcap/install/deva_control_msgs:/home/linjiawei/load_mcap/install/deva_planning_msgs2:/home/linjiawei/load_mcap/install/deva_mdriver_msgs:/home/linjiawei/load_mcap/install/deva_planning_msgs:/home/linjiawei/load_mcap/install/deva_map_msgs:/home/linjiawei/load_mcap/install/deva_navi_msgs:/home/linjiawei/load_mcap/install/deva_gaode_routing_msgs:/home/linjiawei/load_mcap/install/deva_function_msgs:/home/linjiawei/load_mcap/install/deva_aeb_msgs:/home/linjiawei/load_mcap/install/deva_ads_msgs:/opt/ros/humble LD_LIBRARY_PATH=/home/linjiawei/load_mcap/install/deva_perception_msgs/lib:/home/linjiawei/load_mcap/install/deva_localization_msgs/lib:/home/linjiawei/load_mcap/install/deva_common_msgs/lib:/home/linjiawei/load_mcap/install/serialize_msgs/lib:/home/linjiawei/load_mcap/install/rviz_plug_msg/lib:/home/linjiawei/load_mcap/install/fault_diagnosis/lib:/home/linjiawei/load_mcap/install/environment_model_msgs/lib:/home/linjiawei/load_mcap/install/deva_control_msgs/lib:/home/linjiawei/load_mcap/install/deva_planning_msgs2/lib:/home/linjiawei/load_mcap/install/deva_mdriver_msgs/lib:/home/linjiawei/load_mcap/install/deva_planning_msgs/lib:/home/linjiawei/load_mcap/install/deva_map_msgs/lib:/home/linjiawei/load_mcap/install/deva_navi_msgs/lib:/home/linjiawei/load_mcap/install/deva_gaode_routing_msgs/lib:/home/linjiawei/load_mcap/install/deva_function_msgs/lib:/home/linjiawei/load_mcap/install/deva_aeb_msgs/lib:/home/linjiawei/load_mcap/install/deva_ads_msgs/lib:/opt/ros/humble/opt/rviz_ogre_vendor/lib:/opt/ros/humble/lib/x86_64-linux-gnu:/opt/ros/humble/lib:/usr/local/nvidia/lib64 /usr/bin/cmake --install /home/linjiawei/load_mcap/build/deva_map_msgs
