[  9%] Built target serialize_msgs__rosidl_generator_c
[ 12%] Built target serialize_msgs__cpp
[ 12%] Built target ament_cmake_python_copy_serialize_msgs
[ 22%] Built target serialize_msgs__rosidl_typesupport_fastrtps_c
[ 32%] Built target serialize_msgs__rosidl_typesupport_introspection_c
[ 45%] Built target serialize_msgs__rosidl_typesupport_cpp
[ 51%] Built target serialize_msgs__rosidl_typesupport_c
[ 61%] Built target serialize_msgs__rosidl_typesupport_introspection_cpp
[ 70%] Built target serialize_msgs__rosidl_typesupport_fastrtps_cpp
[ 70%] Built target serialize_msgs
[ 74%] Built target serialize_msgs__py
[ 80%] Built target serialize_msgs__rosidl_generator_py
[ 87%] Built target serialize_msgs__rosidl_typesupport_introspection_c__pyext
[ 93%] Built target serialize_msgs__rosidl_typesupport_fastrtps_c__pyext
[100%] Built target serialize_msgs__rosidl_typesupport_c__pyext
running egg_info
writing serialize_msgs.egg-info/PKG-INFO
writing dependency_links to serialize_msgs.egg-info/dependency_links.txt
writing top-level names to serialize_msgs.egg-info/top_level.txt
reading manifest file 'serialize_msgs.egg-info/SOURCES.txt'
writing manifest file 'serialize_msgs.egg-info/SOURCES.txt'
[100%] Built target ament_cmake_python_build_serialize_msgs_egg
-- Install configuration: ""
-- Up-to-date: /home/linjiawei/load_mcap/install/serialize_msgs/share/ament_index/resource_index/rosidl_interfaces/serialize_msgs
-- Up-to-date: /home/linjiawei/load_mcap/install/serialize_msgs/include/serialize_msgs/serialize_msgs
