[0.026s] Invoking command in '/home/linjiawei/load_mcap/build/serialize_msgs': CMAKE_PREFIX_PATH=${CMAKE_PREFIX_PATH}:/opt/ros/humble /usr/bin/cmake --build /home/linjiawei/load_mcap/build/serialize_msgs -- -j17 -l17
[0.086s] [  9%] Built target serialize_msgs__rosidl_generator_c
[0.093s] [ 12%] Built target serialize_msgs__cpp
[0.124s] [ 12%] Built target ament_cmake_python_copy_serialize_msgs
[0.126s] [ 22%] Built target serialize_msgs__rosidl_typesupport_fastrtps_c
[0.128s] [ 32%] Built target serialize_msgs__rosidl_typesupport_introspection_c
[0.132s] [ 45%] Built target serialize_msgs__rosidl_typesupport_cpp
[0.132s] [ 51%] Built target serialize_msgs__rosidl_typesupport_c
[0.141s] [ 61%] Built target serialize_msgs__rosidl_typesupport_introspection_cpp
[0.155s] [ 70%] Built target serialize_msgs__rosidl_typesupport_fastrtps_cpp
[0.181s] [ 70%] Built target serialize_msgs
[0.204s] [ 74%] Built target serialize_msgs__py
[0.229s] [ 80%] Built target serialize_msgs__rosidl_generator_py
[0.255s] [ 87%] Built target serialize_msgs__rosidl_typesupport_introspection_c__pyext
[0.256s] [ 93%] Built target serialize_msgs__rosidl_typesupport_fastrtps_c__pyext
[0.264s] [100%] Built target serialize_msgs__rosidl_typesupport_c__pyext
[0.419s] running egg_info
[0.420s] writing serialize_msgs.egg-info/PKG-INFO
[0.420s] writing dependency_links to serialize_msgs.egg-info/dependency_links.txt
[0.420s] writing top-level names to serialize_msgs.egg-info/top_level.txt
[0.423s] reading manifest file 'serialize_msgs.egg-info/SOURCES.txt'
[0.424s] writing manifest file 'serialize_msgs.egg-info/SOURCES.txt'
[0.454s] [100%] Built target ament_cmake_python_build_serialize_msgs_egg
[0.466s] Invoked command in '/home/linjiawei/load_mcap/build/serialize_msgs' returned '0': CMAKE_PREFIX_PATH=${CMAKE_PREFIX_PATH}:/opt/ros/humble /usr/bin/cmake --build /home/linjiawei/load_mcap/build/serialize_msgs -- -j17 -l17
[0.467s] Invoking command in '/home/linjiawei/load_mcap/build/serialize_msgs': CMAKE_PREFIX_PATH=${CMAKE_PREFIX_PATH}:/opt/ros/humble /usr/bin/cmake --install /home/linjiawei/load_mcap/build/serialize_msgs
[0.476s] -- Install configuration: ""
[0.476s] -- Up-to-date: /home/linjiawei/load_mcap/install/serialize_msgs/share/ament_index/resource_index/rosidl_interfaces/serialize_msgs
[0.476s] -- Up-to-date: /home/linjiawei/load_mcap/install/serialize_msgs/include/serialize_msgs/serialize_msgs
[0.490s] Invoked command in '/home/linjiawei/load_mcap/build/serialize_msgs' returned '-2': CMAKE_PREFIX_PATH=${CMAKE_PREFIX_PATH}:/opt/ros/humble /usr/bin/cmake --install /home/linjiawei/load_mcap/build/serialize_msgs
