[0.000000] (-) TimerEvent: {}
[0.000669] (-) JobUnselected: {'identifier': 'deva_ads_msgs'}
[0.000709] (-) JobUnselected: {'identifier': 'deva_aeb_msgs'}
[0.000730] (-) JobUnselected: {'identifier': 'deva_common_msgs'}
[0.000750] (-) JobUnselected: {'identifier': 'deva_control_msgs'}
[0.000767] (-) JobUnselected: {'identifier': 'deva_function_msgs'}
[0.000785] (-) JobUnselected: {'identifier': 'deva_gaode_routing_msgs'}
[0.000802] (-) JobUnselected: {'identifier': 'deva_localization_msgs'}
[0.000819] (-) JobUnselected: {'identifier': 'deva_map_msgs'}
[0.000836] (-) JobUnselected: {'identifier': 'deva_mdriver_msgs'}
[0.000853] (-) JobUnselected: {'identifier': 'deva_navi_msgs'}
[0.000870] (-) JobUnselected: {'identifier': 'deva_perception_msgs'}
[0.000887] (-) JobUnselected: {'identifier': 'deva_planning_msgs'}
[0.000900] (-) JobUnselected: {'identifier': 'deva_planning_msgs2'}
[0.000918] (-) JobUnselected: {'identifier': 'environment_model_msgs'}
[0.000935] (-) JobUnselected: {'identifier': 'fault_diagnosis'}
[0.000952] (-) JobUnselected: {'identifier': 'rviz_plug_msg'}
[0.000969] (-) JobUnselected: {'identifier': 'serialize_msgs'}
[0.000989] (mcap_streamer) JobQueued: {'identifier': 'mcap_streamer', 'dependencies': OrderedDict()}
[0.001010] (mcap_streamer) JobStarted: {'identifier': 'mcap_streamer'}
[0.010262] (mcap_streamer) JobProgress: {'identifier': 'mcap_streamer', 'progress': 'cmake'}
[0.010984] (mcap_streamer) JobProgress: {'identifier': 'mcap_streamer', 'progress': 'build'}
[0.012177] (mcap_streamer) Command: {'cmd': ['/usr/bin/cmake', '--build', '/home/linjiawei/load_mcap/build/mcap_streamer', '--', '-j17', '-l17'], 'cwd': '/home/linjiawei/load_mcap/build/mcap_streamer', 'env': OrderedDict([('LESSOPEN', '| /usr/bin/lesspipe %s'), ('VSCODE_CWD', '/home/linjiawei'), ('KUBERNETES_SERVICE_PORT', '443'), ('VSCODE_ESM_ENTRYPOINT', 'vs/workbench/api/node/extensionHostProcess'), ('KUBEBRAIN_SITE', 'mach'), ('KUBERNETES_PORT', 'tcp://10.68.0.1:443'), ('BRAIN_DAEMON_JUPYTER_DIR', '/data/jupyter'), ('USER', 'linjiawei'), ('SSH_CLIENT', '100.96.74.10 41472 22'), ('VSCODE_NLS_CONFIG', '{"userLocale":"zh-cn","osLocale":"zh-cn","resolvedLanguage":"en","defaultMessagesFile":"/home/linjiawei/.cursor-server/bin/ba90f2f88e4911312761abab9492c42442117cf0/out/nls.messages.json","locale":"zh-cn","availableLanguages":{}}'), ('BRAIN_SHARED_READONLY', 'false'), ('KUBEBRAIN_PROCESS_ID', 'a339afdf-8e23-41dd-b3c2-ec44dfa27e9d'), ('VSCODE_HANDLES_UNCAUGHT_ERRORS', 'true'), ('HOSTNAME', 'ros'), ('XDG_SESSION_TYPE', 'tty'), ('SHLVL', '0'), ('LD_LIBRARY_PATH', '/home/linjiawei/load_mcap/install/serialize_msgs/lib:/home/linjiawei/load_mcap/install/rviz_plug_msg/lib:/home/linjiawei/load_mcap/install/fault_diagnosis/lib:/home/linjiawei/load_mcap/install/environment_model_msgs/lib:/home/linjiawei/load_mcap/install/deva_control_msgs/lib:/home/linjiawei/load_mcap/install/deva_planning_msgs2/lib:/home/linjiawei/load_mcap/install/deva_mdriver_msgs/lib:/home/linjiawei/load_mcap/install/deva_planning_msgs/lib:/home/linjiawei/load_mcap/install/deva_map_msgs/lib:/home/linjiawei/load_mcap/install/deva_perception_msgs/lib:/home/linjiawei/load_mcap/install/deva_navi_msgs/lib:/home/linjiawei/load_mcap/install/deva_localization_msgs/lib:/home/linjiawei/load_mcap/install/deva_gaode_routing_msgs/lib:/home/linjiawei/load_mcap/install/deva_function_msgs/lib:/home/linjiawei/load_mcap/install/deva_aeb_msgs/lib:/home/linjiawei/load_mcap/install/deva_common_msgs/lib:/home/linjiawei/load_mcap/install/deva_ads_msgs/lib:/opt/ros/humble/opt/rviz_ogre_vendor/lib:/opt/ros/humble/lib/x86_64-linux-gnu:/opt/ros/humble/lib:/usr/local/nvidia/lib64'), ('BROWSER', '/home/linjiawei/.cursor-server/bin/ba90f2f88e4911312761abab9492c42442117cf0/bin/helpers/browser.sh'), ('MOTD_SHOWN', 'pam'), ('HOME', '/home/linjiawei'), ('TMP_SIZE', '16777216K'), ('KUBEBRAIN_RUNTIME', 'ws2'), ('OLDPWD', '/home/linjiawei/load_mcap'), ('VSCODE_IPC_HOOK_CLI', '/run/user/10250/vscode-ipc-d1d99e00-2f5b-465e-83d1-4ebe11e0858b.sock'), ('BRAIN_DAEMON_JUPYTER_TOKEN', '9c0e8eec-6994-41a4-9f6b-319d33bc630e'), ('ROS_PYTHON_VERSION', '3'), ('BRAIN_DAEMON_JUPYTER_BASE_URL', '/kapi/workspace.kubebrain.io/mach-mp/ws-00018098a82852e6/jupyter'), ('PCIDEVICE_MELLANOX_COM_MLNX_RDMA', ''), ('NO_COLOR', '1'), ('TOPOLOGY_ZONE', 'mach-cn-west-qy-dsxs-cm'), ('VSCODE_L10N_BUNDLE_LOCATION', 'vscode-local:/home/linjiawei/.cursor/extensions/ms-ceintl.vscode-language-pack-zh-hans-1.99.0-universal/translations/extensions/vscode.json-language-features.i18n.json'), ('COLCON_PREFIX_PATH', '/home/linjiawei/load_mcap/install'), ('ROS_DISTRO', 'humble'), ('LOGNAME', 'linjiawei'), ('FORCE_COLOR', '0'), ('VSCODE_HANDLES_SIGPIPE', 'true'), ('_', '/usr/bin/colcon'), ('ROS_VERSION', '2'), ('BRAIN_USERNAME', 'linjiawei'), ('XDG_SESSION_CLASS', 'user'), ('TERM', 'dumb'), ('XDG_SESSION_ID', 'c44'), ('KUBERNETES_PORT_443_TCP_ADDR', '10.68.0.1'), ('ROS_LOCALHOST_ONLY', '0'), ('COMPOSER_NO_INTERACTION', '1'), ('SHM_SIZE', '16777216K'), ('PATH', '/home/linjiawei/.local/bin:/home/linjiawei/.local/bin:/opt/ros/humble/bin:/opt/conda/bin:/kubebrain:/usr/local/nvidia/bin:/usr/local/sbin:/usr/local/bin:/usr/sbin:/usr/bin:/sbin:/bin'), ('VSCODE_AGENT_FOLDER', '/home/linjiawei/.cursor-server'), ('KUBEBRAIN_WORKSPACE_NAME', 'ws-00018098a82852e6'), ('XDG_RUNTIME_DIR', '/run/user/10250'), ('KUBERNETES_PORT_443_TCP_PORT', '443'), ('CURSOR_AGENT', '1'), ('DISPLAY', 'localhost:11.0'), ('KUBERNETES_PORT_443_TCP_PROTO', 'tcp'), ('KUBEBRAIN_RESOURCE_TYPE', 'workspace'), ('LANG', 'en_US.UTF-8'), ('LS_COLORS', ''), ('SSH_AUTH_SOCK', '/tmp/cursor-remote-ssh-auth-sock-5947a298-eaf8-4f15-adfc-973d91be4566.sock'), ('AMENT_PREFIX_PATH', '/home/linjiawei/load_mcap/install/serialize_msgs:/home/linjiawei/load_mcap/install/rviz_plug_msg:/home/linjiawei/load_mcap/install/mcap_streamer:/home/linjiawei/load_mcap/install/fault_diagnosis:/home/linjiawei/load_mcap/install/environment_model_msgs:/home/linjiawei/load_mcap/install/deva_control_msgs:/home/linjiawei/load_mcap/install/deva_planning_msgs2:/home/linjiawei/load_mcap/install/deva_mdriver_msgs:/home/linjiawei/load_mcap/install/deva_planning_msgs:/home/linjiawei/load_mcap/install/deva_map_msgs:/home/linjiawei/load_mcap/install/deva_perception_msgs:/home/linjiawei/load_mcap/install/deva_navi_msgs:/home/linjiawei/load_mcap/install/deva_localization_msgs:/home/linjiawei/load_mcap/install/deva_gaode_routing_msgs:/home/linjiawei/load_mcap/install/deva_function_msgs:/home/linjiawei/load_mcap/install/deva_aeb_msgs:/home/linjiawei/load_mcap/install/deva_common_msgs:/home/linjiawei/load_mcap/install/deva_ads_msgs:/opt/ros/humble'), ('BRAIN_DAEMON_JUPYTER_PORT', '8888'), ('SHELL', '/bin/bash'), ('VSCODE_SERVER_SHUTDOWN_TIMEOUT', '300'), ('TerminationGracePeriodSeconds', '30'), ('LESSCLOSE', '/usr/bin/lesspipe %s %s'), ('KUBERNETES_SERVICE_PORT_HTTPS', '443'), ('KUBERNETES_PORT_443_TCP', 'tcp://10.68.0.1:443'), ('KUBEBRAIN_QUOTA_GROUP', 'mp_ws'), ('KUBEBRAIN_CLUSTER_ENTRY', 'https://qy.machdrive.cn'), ('PWD', '/home/linjiawei/load_mcap/build/mcap_streamer'), ('BRAIN_SHARED_ROOT', '10.68.17.151:/'), ('KUBEBRAIN_NAMESPACE', 'mach-mp'), ('KUBERNETES_SERVICE_HOST', '10.68.0.1'), ('BRAIN_TOPOLOGY_LEAF_ROCE', ''), ('LC_ALL', 'en_US.UTF-8'), ('SSH_CONNECTION', '100.96.74.10 41472 100.97.82.77 22'), ('KUBEBRAIN_PROCESS_NAME', 'ws-00018098a82852e6-master'), ('KUBEBRAIN_WORKSPACE_NAMESPACE', ''), ('PYTHONPATH', '/home/linjiawei/load_mcap/install/serialize_msgs/local/lib/python3.10/dist-packages:/home/linjiawei/load_mcap/install/rviz_plug_msg/local/lib/python3.10/dist-packages:/home/linjiawei/load_mcap/install/fault_diagnosis/local/lib/python3.10/dist-packages:/home/linjiawei/load_mcap/install/environment_model_msgs/local/lib/python3.10/dist-packages:/home/linjiawei/load_mcap/install/deva_control_msgs/local/lib/python3.10/dist-packages:/home/linjiawei/load_mcap/install/deva_planning_msgs2/local/lib/python3.10/dist-packages:/home/linjiawei/load_mcap/install/deva_mdriver_msgs/local/lib/python3.10/dist-packages:/home/linjiawei/load_mcap/install/deva_planning_msgs/local/lib/python3.10/dist-packages:/home/linjiawei/load_mcap/install/deva_map_msgs/local/lib/python3.10/dist-packages:/home/linjiawei/load_mcap/install/deva_perception_msgs/local/lib/python3.10/dist-packages:/home/linjiawei/load_mcap/install/deva_navi_msgs/local/lib/python3.10/dist-packages:/home/linjiawei/load_mcap/install/deva_localization_msgs/local/lib/python3.10/dist-packages:/home/linjiawei/load_mcap/install/deva_gaode_routing_msgs/local/lib/python3.10/dist-packages:/home/linjiawei/load_mcap/install/deva_function_msgs/local/lib/python3.10/dist-packages:/home/linjiawei/load_mcap/install/deva_aeb_msgs/local/lib/python3.10/dist-packages:/home/linjiawei/load_mcap/install/deva_common_msgs/local/lib/python3.10/dist-packages:/home/linjiawei/load_mcap/install/deva_ads_msgs/local/lib/python3.10/dist-packages:/opt/ros/humble/lib/python3.10/site-packages:/opt/ros/humble/local/lib/python3.10/dist-packages'), ('NVIDIA_VISIBLE_DEVICES', ''), ('COLCON', '1'), ('CMAKE_PREFIX_PATH', '/home/linjiawei/load_mcap/install/serialize_msgs:/home/linjiawei/load_mcap/install/rviz_plug_msg:/home/linjiawei/load_mcap/install/mcap_streamer:/home/linjiawei/load_mcap/install/fault_diagnosis:/home/linjiawei/load_mcap/install/environment_model_msgs:/home/linjiawei/load_mcap/install/deva_control_msgs:/home/linjiawei/load_mcap/install/deva_planning_msgs2:/home/linjiawei/load_mcap/install/deva_mdriver_msgs:/home/linjiawei/load_mcap/install/deva_planning_msgs:/home/linjiawei/load_mcap/install/deva_map_msgs:/home/linjiawei/load_mcap/install/deva_perception_msgs:/home/linjiawei/load_mcap/install/deva_navi_msgs:/home/linjiawei/load_mcap/install/deva_localization_msgs:/home/linjiawei/load_mcap/install/deva_gaode_routing_msgs:/home/linjiawei/load_mcap/install/deva_function_msgs:/home/linjiawei/load_mcap/install/deva_aeb_msgs:/home/linjiawei/load_mcap/install/deva_common_msgs:/home/linjiawei/load_mcap/install/deva_ads_msgs:/opt/ros/humble')]), 'shell': False}
[0.061586] (mcap_streamer) StdoutLine: {'line': b'Consolidate compiler generated dependencies of target mcap_reader_node\n'}
[0.068063] (mcap_streamer) StdoutLine: {'line': b'[ 33%] Built target s3_downloader_lib\n'}
[0.075892] (mcap_streamer) StdoutLine: {'line': b'[ 50%] Building CXX object CMakeFiles/mcap_reader_node.dir/src/mcap_reader_node.cpp.o\n'}
[0.095491] (mcap_streamer) StdoutLine: {'line': b'[ 83%] Built target mcap_streamer_node\n'}
[0.099476] (-) TimerEvent: {}
[0.199608] (-) TimerEvent: {}
[0.299728] (-) TimerEvent: {}
[0.399842] (-) TimerEvent: {}
[0.499965] (-) TimerEvent: {}
[0.600092] (-) TimerEvent: {}
[0.700242] (-) TimerEvent: {}
[0.800408] (-) TimerEvent: {}
[0.900543] (-) TimerEvent: {}
[1.000647] (-) TimerEvent: {}
[1.100751] (-) TimerEvent: {}
[1.200866] (-) TimerEvent: {}
[1.300986] (-) TimerEvent: {}
[1.401093] (-) TimerEvent: {}
[1.501199] (-) TimerEvent: {}
[1.601310] (-) TimerEvent: {}
[1.701427] (-) TimerEvent: {}
[1.801543] (-) TimerEvent: {}
[1.901654] (-) TimerEvent: {}
[2.001754] (-) TimerEvent: {}
[2.101854] (-) TimerEvent: {}
[2.201977] (-) TimerEvent: {}
[2.302102] (-) TimerEvent: {}
[2.402203] (-) TimerEvent: {}
[2.429207] (mcap_streamer) StderrLine: {'line': b'/home/linjiawei/load_mcap/src/mcap_streamer/src/mcap_reader_node.cpp: In member function \xe2\x80\x98void McapReaderNode::messageCallback(const string&, const string&, std::shared_ptr<rclcpp::SerializedMessage>)\xe2\x80\x99:\n'}
[2.429424] (mcap_streamer) StderrLine: {'line': b'/home/linjiawei/load_mcap/src/mcap_streamer/src/mcap_reader_node.cpp:177:48: warning: unused parameter \xe2\x80\x98msg\xe2\x80\x99 [-Wunused-parameter]\n'}
[2.429492] (mcap_streamer) StderrLine: {'line': b'  177 |     std::shared_ptr<rclcpp::SerializedMessage> msg)\n'}
[2.429548] (mcap_streamer) StderrLine: {'line': b'      |     ~~~~~~~~~~~~~~~~~~~~~~~~~~~~~~~~~~~~~~~~~~~^~~\n'}
[2.502286] (-) TimerEvent: {}
[2.602400] (-) TimerEvent: {}
[2.702525] (-) TimerEvent: {}
[2.802648] (-) TimerEvent: {}
[2.902778] (-) TimerEvent: {}
[3.002900] (-) TimerEvent: {}
[3.103026] (-) TimerEvent: {}
[3.203260] (-) TimerEvent: {}
[3.303545] (-) TimerEvent: {}
[3.403743] (-) TimerEvent: {}
[3.503892] (-) TimerEvent: {}
[3.604001] (-) TimerEvent: {}
[3.704113] (-) TimerEvent: {}
[3.804283] (-) TimerEvent: {}
[3.904469] (-) TimerEvent: {}
[4.004606] (-) TimerEvent: {}
[4.104733] (-) TimerEvent: {}
[4.204869] (-) TimerEvent: {}
[4.304997] (-) TimerEvent: {}
[4.358320] (mcap_streamer) StdoutLine: {'line': b'[100%] Linking CXX executable mcap_reader_node\n'}
[4.405078] (-) TimerEvent: {}
[4.505185] (-) TimerEvent: {}
[4.533701] (mcap_streamer) StdoutLine: {'line': b'[100%] Built target mcap_reader_node\n'}
[4.544726] (mcap_streamer) CommandEnded: {'returncode': 0}
[4.545886] (mcap_streamer) JobProgress: {'identifier': 'mcap_streamer', 'progress': 'install'}
[4.554586] (mcap_streamer) Command: {'cmd': ['/usr/bin/cmake', '--install', '/home/linjiawei/load_mcap/build/mcap_streamer'], 'cwd': '/home/linjiawei/load_mcap/build/mcap_streamer', 'env': OrderedDict([('LESSOPEN', '| /usr/bin/lesspipe %s'), ('VSCODE_CWD', '/home/linjiawei'), ('KUBERNETES_SERVICE_PORT', '443'), ('VSCODE_ESM_ENTRYPOINT', 'vs/workbench/api/node/extensionHostProcess'), ('KUBEBRAIN_SITE', 'mach'), ('KUBERNETES_PORT', 'tcp://10.68.0.1:443'), ('BRAIN_DAEMON_JUPYTER_DIR', '/data/jupyter'), ('USER', 'linjiawei'), ('SSH_CLIENT', '100.96.74.10 41472 22'), ('VSCODE_NLS_CONFIG', '{"userLocale":"zh-cn","osLocale":"zh-cn","resolvedLanguage":"en","defaultMessagesFile":"/home/linjiawei/.cursor-server/bin/ba90f2f88e4911312761abab9492c42442117cf0/out/nls.messages.json","locale":"zh-cn","availableLanguages":{}}'), ('BRAIN_SHARED_READONLY', 'false'), ('KUBEBRAIN_PROCESS_ID', 'a339afdf-8e23-41dd-b3c2-ec44dfa27e9d'), ('VSCODE_HANDLES_UNCAUGHT_ERRORS', 'true'), ('HOSTNAME', 'ros'), ('XDG_SESSION_TYPE', 'tty'), ('SHLVL', '0'), ('LD_LIBRARY_PATH', '/home/linjiawei/load_mcap/install/serialize_msgs/lib:/home/linjiawei/load_mcap/install/rviz_plug_msg/lib:/home/linjiawei/load_mcap/install/fault_diagnosis/lib:/home/linjiawei/load_mcap/install/environment_model_msgs/lib:/home/linjiawei/load_mcap/install/deva_control_msgs/lib:/home/linjiawei/load_mcap/install/deva_planning_msgs2/lib:/home/linjiawei/load_mcap/install/deva_mdriver_msgs/lib:/home/linjiawei/load_mcap/install/deva_planning_msgs/lib:/home/linjiawei/load_mcap/install/deva_map_msgs/lib:/home/linjiawei/load_mcap/install/deva_perception_msgs/lib:/home/linjiawei/load_mcap/install/deva_navi_msgs/lib:/home/linjiawei/load_mcap/install/deva_localization_msgs/lib:/home/linjiawei/load_mcap/install/deva_gaode_routing_msgs/lib:/home/linjiawei/load_mcap/install/deva_function_msgs/lib:/home/linjiawei/load_mcap/install/deva_aeb_msgs/lib:/home/linjiawei/load_mcap/install/deva_common_msgs/lib:/home/linjiawei/load_mcap/install/deva_ads_msgs/lib:/opt/ros/humble/opt/rviz_ogre_vendor/lib:/opt/ros/humble/lib/x86_64-linux-gnu:/opt/ros/humble/lib:/usr/local/nvidia/lib64'), ('BROWSER', '/home/linjiawei/.cursor-server/bin/ba90f2f88e4911312761abab9492c42442117cf0/bin/helpers/browser.sh'), ('MOTD_SHOWN', 'pam'), ('HOME', '/home/linjiawei'), ('TMP_SIZE', '16777216K'), ('KUBEBRAIN_RUNTIME', 'ws2'), ('OLDPWD', '/home/linjiawei/load_mcap'), ('VSCODE_IPC_HOOK_CLI', '/run/user/10250/vscode-ipc-d1d99e00-2f5b-465e-83d1-4ebe11e0858b.sock'), ('BRAIN_DAEMON_JUPYTER_TOKEN', '9c0e8eec-6994-41a4-9f6b-319d33bc630e'), ('ROS_PYTHON_VERSION', '3'), ('BRAIN_DAEMON_JUPYTER_BASE_URL', '/kapi/workspace.kubebrain.io/mach-mp/ws-00018098a82852e6/jupyter'), ('PCIDEVICE_MELLANOX_COM_MLNX_RDMA', ''), ('NO_COLOR', '1'), ('TOPOLOGY_ZONE', 'mach-cn-west-qy-dsxs-cm'), ('VSCODE_L10N_BUNDLE_LOCATION', 'vscode-local:/home/linjiawei/.cursor/extensions/ms-ceintl.vscode-language-pack-zh-hans-1.99.0-universal/translations/extensions/vscode.json-language-features.i18n.json'), ('COLCON_PREFIX_PATH', '/home/linjiawei/load_mcap/install'), ('ROS_DISTRO', 'humble'), ('LOGNAME', 'linjiawei'), ('FORCE_COLOR', '0'), ('VSCODE_HANDLES_SIGPIPE', 'true'), ('_', '/usr/bin/colcon'), ('ROS_VERSION', '2'), ('BRAIN_USERNAME', 'linjiawei'), ('XDG_SESSION_CLASS', 'user'), ('TERM', 'dumb'), ('XDG_SESSION_ID', 'c44'), ('KUBERNETES_PORT_443_TCP_ADDR', '10.68.0.1'), ('ROS_LOCALHOST_ONLY', '0'), ('COMPOSER_NO_INTERACTION', '1'), ('SHM_SIZE', '16777216K'), ('PATH', '/home/linjiawei/.local/bin:/home/linjiawei/.local/bin:/opt/ros/humble/bin:/opt/conda/bin:/kubebrain:/usr/local/nvidia/bin:/usr/local/sbin:/usr/local/bin:/usr/sbin:/usr/bin:/sbin:/bin'), ('VSCODE_AGENT_FOLDER', '/home/linjiawei/.cursor-server'), ('KUBEBRAIN_WORKSPACE_NAME', 'ws-00018098a82852e6'), ('XDG_RUNTIME_DIR', '/run/user/10250'), ('KUBERNETES_PORT_443_TCP_PORT', '443'), ('CURSOR_AGENT', '1'), ('DISPLAY', 'localhost:11.0'), ('KUBERNETES_PORT_443_TCP_PROTO', 'tcp'), ('KUBEBRAIN_RESOURCE_TYPE', 'workspace'), ('LANG', 'en_US.UTF-8'), ('LS_COLORS', ''), ('SSH_AUTH_SOCK', '/tmp/cursor-remote-ssh-auth-sock-5947a298-eaf8-4f15-adfc-973d91be4566.sock'), ('AMENT_PREFIX_PATH', '/home/linjiawei/load_mcap/install/serialize_msgs:/home/linjiawei/load_mcap/install/rviz_plug_msg:/home/linjiawei/load_mcap/install/mcap_streamer:/home/linjiawei/load_mcap/install/fault_diagnosis:/home/linjiawei/load_mcap/install/environment_model_msgs:/home/linjiawei/load_mcap/install/deva_control_msgs:/home/linjiawei/load_mcap/install/deva_planning_msgs2:/home/linjiawei/load_mcap/install/deva_mdriver_msgs:/home/linjiawei/load_mcap/install/deva_planning_msgs:/home/linjiawei/load_mcap/install/deva_map_msgs:/home/linjiawei/load_mcap/install/deva_perception_msgs:/home/linjiawei/load_mcap/install/deva_navi_msgs:/home/linjiawei/load_mcap/install/deva_localization_msgs:/home/linjiawei/load_mcap/install/deva_gaode_routing_msgs:/home/linjiawei/load_mcap/install/deva_function_msgs:/home/linjiawei/load_mcap/install/deva_aeb_msgs:/home/linjiawei/load_mcap/install/deva_common_msgs:/home/linjiawei/load_mcap/install/deva_ads_msgs:/opt/ros/humble'), ('BRAIN_DAEMON_JUPYTER_PORT', '8888'), ('SHELL', '/bin/bash'), ('VSCODE_SERVER_SHUTDOWN_TIMEOUT', '300'), ('TerminationGracePeriodSeconds', '30'), ('LESSCLOSE', '/usr/bin/lesspipe %s %s'), ('KUBERNETES_SERVICE_PORT_HTTPS', '443'), ('KUBERNETES_PORT_443_TCP', 'tcp://10.68.0.1:443'), ('KUBEBRAIN_QUOTA_GROUP', 'mp_ws'), ('KUBEBRAIN_CLUSTER_ENTRY', 'https://qy.machdrive.cn'), ('PWD', '/home/linjiawei/load_mcap/build/mcap_streamer'), ('BRAIN_SHARED_ROOT', '10.68.17.151:/'), ('KUBEBRAIN_NAMESPACE', 'mach-mp'), ('KUBERNETES_SERVICE_HOST', '10.68.0.1'), ('BRAIN_TOPOLOGY_LEAF_ROCE', ''), ('LC_ALL', 'en_US.UTF-8'), ('SSH_CONNECTION', '100.96.74.10 41472 100.97.82.77 22'), ('KUBEBRAIN_PROCESS_NAME', 'ws-00018098a82852e6-master'), ('KUBEBRAIN_WORKSPACE_NAMESPACE', ''), ('PYTHONPATH', '/home/linjiawei/load_mcap/install/serialize_msgs/local/lib/python3.10/dist-packages:/home/linjiawei/load_mcap/install/rviz_plug_msg/local/lib/python3.10/dist-packages:/home/linjiawei/load_mcap/install/fault_diagnosis/local/lib/python3.10/dist-packages:/home/linjiawei/load_mcap/install/environment_model_msgs/local/lib/python3.10/dist-packages:/home/linjiawei/load_mcap/install/deva_control_msgs/local/lib/python3.10/dist-packages:/home/linjiawei/load_mcap/install/deva_planning_msgs2/local/lib/python3.10/dist-packages:/home/linjiawei/load_mcap/install/deva_mdriver_msgs/local/lib/python3.10/dist-packages:/home/linjiawei/load_mcap/install/deva_planning_msgs/local/lib/python3.10/dist-packages:/home/linjiawei/load_mcap/install/deva_map_msgs/local/lib/python3.10/dist-packages:/home/linjiawei/load_mcap/install/deva_perception_msgs/local/lib/python3.10/dist-packages:/home/linjiawei/load_mcap/install/deva_navi_msgs/local/lib/python3.10/dist-packages:/home/linjiawei/load_mcap/install/deva_localization_msgs/local/lib/python3.10/dist-packages:/home/linjiawei/load_mcap/install/deva_gaode_routing_msgs/local/lib/python3.10/dist-packages:/home/linjiawei/load_mcap/install/deva_function_msgs/local/lib/python3.10/dist-packages:/home/linjiawei/load_mcap/install/deva_aeb_msgs/local/lib/python3.10/dist-packages:/home/linjiawei/load_mcap/install/deva_common_msgs/local/lib/python3.10/dist-packages:/home/linjiawei/load_mcap/install/deva_ads_msgs/local/lib/python3.10/dist-packages:/opt/ros/humble/lib/python3.10/site-packages:/opt/ros/humble/local/lib/python3.10/dist-packages'), ('NVIDIA_VISIBLE_DEVICES', ''), ('COLCON', '1'), ('CMAKE_PREFIX_PATH', '/home/linjiawei/load_mcap/install/serialize_msgs:/home/linjiawei/load_mcap/install/rviz_plug_msg:/home/linjiawei/load_mcap/install/mcap_streamer:/home/linjiawei/load_mcap/install/fault_diagnosis:/home/linjiawei/load_mcap/install/environment_model_msgs:/home/linjiawei/load_mcap/install/deva_control_msgs:/home/linjiawei/load_mcap/install/deva_planning_msgs2:/home/linjiawei/load_mcap/install/deva_mdriver_msgs:/home/linjiawei/load_mcap/install/deva_planning_msgs:/home/linjiawei/load_mcap/install/deva_map_msgs:/home/linjiawei/load_mcap/install/deva_perception_msgs:/home/linjiawei/load_mcap/install/deva_navi_msgs:/home/linjiawei/load_mcap/install/deva_localization_msgs:/home/linjiawei/load_mcap/install/deva_gaode_routing_msgs:/home/linjiawei/load_mcap/install/deva_function_msgs:/home/linjiawei/load_mcap/install/deva_aeb_msgs:/home/linjiawei/load_mcap/install/deva_common_msgs:/home/linjiawei/load_mcap/install/deva_ads_msgs:/opt/ros/humble')]), 'shell': False}
[4.562871] (mcap_streamer) StdoutLine: {'line': b'-- Install configuration: ""\n'}
[4.563038] (mcap_streamer) StdoutLine: {'line': b'-- Up-to-date: /home/linjiawei/load_mcap/install/mcap_streamer/lib/mcap_streamer/mcap_streamer_node\n'}
[4.563258] (mcap_streamer) StdoutLine: {'line': b'-- Installing: /home/linjiawei/load_mcap/install/mcap_streamer/lib/mcap_streamer/mcap_reader_node\n'}
[4.564314] (mcap_streamer) StdoutLine: {'line': b'-- Set runtime path of "/home/linjiawei/load_mcap/install/mcap_streamer/lib/mcap_streamer/mcap_reader_node" to ""\n'}
[4.564700] (mcap_streamer) StdoutLine: {'line': b'-- Up-to-date: /home/linjiawei/load_mcap/install/mcap_streamer/share/mcap_streamer/config\n'}
[4.564769] (mcap_streamer) StdoutLine: {'line': b'-- Up-to-date: /home/linjiawei/load_mcap/install/mcap_streamer/share/mcap_streamer/config/mcap_streamer_params.yaml\n'}
[4.564840] (mcap_streamer) StdoutLine: {'line': b'-- Up-to-date: /home/linjiawei/load_mcap/install/mcap_streamer/share/mcap_streamer/config/mcap_reader_params.yaml\n'}
[4.564912] (mcap_streamer) StdoutLine: {'line': b'-- Up-to-date: /home/linjiawei/load_mcap/install/mcap_streamer/share/mcap_streamer/launch\n'}
[4.564983] (mcap_streamer) StdoutLine: {'line': b'-- Up-to-date: /home/linjiawei/load_mcap/install/mcap_streamer/share/mcap_streamer/launch/mcap_streamer.launch.py\n'}
[4.565053] (mcap_streamer) StdoutLine: {'line': b'-- Up-to-date: /home/linjiawei/load_mcap/install/mcap_streamer/share/mcap_streamer/launch/mcap_reader.launch.py\n'}
[4.565123] (mcap_streamer) StdoutLine: {'line': b'-- Up-to-date: /home/linjiawei/load_mcap/install/mcap_streamer/share/mcap_streamer/launch/mcap_streamer_with_reader.launch.py\n'}
[4.565195] (mcap_streamer) StdoutLine: {'line': b'-- Up-to-date: /home/linjiawei/load_mcap/install/mcap_streamer/share/ament_index/resource_index/package_run_dependencies/mcap_streamer\n'}
[4.565266] (mcap_streamer) StdoutLine: {'line': b'-- Up-to-date: /home/linjiawei/load_mcap/install/mcap_streamer/share/ament_index/resource_index/parent_prefix_path/mcap_streamer\n'}
[4.565337] (mcap_streamer) StdoutLine: {'line': b'-- Up-to-date: /home/linjiawei/load_mcap/install/mcap_streamer/share/mcap_streamer/environment/ament_prefix_path.sh\n'}
[4.565417] (mcap_streamer) StdoutLine: {'line': b'-- Up-to-date: /home/linjiawei/load_mcap/install/mcap_streamer/share/mcap_streamer/environment/ament_prefix_path.dsv\n'}
[4.565490] (mcap_streamer) StdoutLine: {'line': b'-- Up-to-date: /home/linjiawei/load_mcap/install/mcap_streamer/share/mcap_streamer/environment/path.sh\n'}
[4.565560] (mcap_streamer) StdoutLine: {'line': b'-- Up-to-date: /home/linjiawei/load_mcap/install/mcap_streamer/share/mcap_streamer/environment/path.dsv\n'}
[4.565632] (mcap_streamer) StdoutLine: {'line': b'-- Up-to-date: /home/linjiawei/load_mcap/install/mcap_streamer/share/mcap_streamer/local_setup.bash\n'}
[4.565980] (mcap_streamer) StdoutLine: {'line': b'-- Up-to-date: /home/linjiawei/load_mcap/install/mcap_streamer/share/mcap_streamer/local_setup.sh\n'}
[4.566054] (mcap_streamer) StdoutLine: {'line': b'-- Up-to-date: /home/linjiawei/load_mcap/install/mcap_streamer/share/mcap_streamer/local_setup.zsh\n'}
[4.566358] (mcap_streamer) StdoutLine: {'line': b'-- Up-to-date: /home/linjiawei/load_mcap/install/mcap_streamer/share/mcap_streamer/local_setup.dsv\n'}
[4.566431] (mcap_streamer) StdoutLine: {'line': b'-- Installing: /home/linjiawei/load_mcap/install/mcap_streamer/share/mcap_streamer/package.dsv\n'}
[4.566501] (mcap_streamer) StdoutLine: {'line': b'-- Up-to-date: /home/linjiawei/load_mcap/install/mcap_streamer/share/ament_index/resource_index/packages/mcap_streamer\n'}
[4.566808] (mcap_streamer) StdoutLine: {'line': b'-- Up-to-date: /home/linjiawei/load_mcap/install/mcap_streamer/share/mcap_streamer/cmake/mcap_streamerConfig.cmake\n'}
[4.566885] (mcap_streamer) StdoutLine: {'line': b'-- Up-to-date: /home/linjiawei/load_mcap/install/mcap_streamer/share/mcap_streamer/cmake/mcap_streamerConfig-version.cmake\n'}
[4.566956] (mcap_streamer) StdoutLine: {'line': b'-- Up-to-date: /home/linjiawei/load_mcap/install/mcap_streamer/share/mcap_streamer/package.xml\n'}
[4.567026] (mcap_streamer) CommandEnded: {'returncode': 0}
[4.605279] (-) TimerEvent: {}
[4.611159] (mcap_streamer) JobEnded: {'identifier': 'mcap_streamer', 'rc': 0}
[4.611813] (-) EventReactorShutdown: {}
