[0.031s] Invoking command in '/home/linjiawei/load_mcap/build/mcap_streamer': CMAKE_PREFIX_PATH=${CMAKE_PREFIX_PATH}:/opt/ros/humble /usr/bin/cmake --build /home/linjiawei/load_mcap/build/mcap_streamer -- -j17 -l17
[0.073s] [35m[1mConsolidate compiler generated dependencies of target mcap_reader_node[0m
[0.090s] [ 33%] Built target s3_downloader_lib
[0.094s] [ 50%] [32mBuilding CXX object CMakeFiles/mcap_reader_node.dir/src/mcap_reader_node.cpp.o[0m
[0.143s] [ 83%] Built target mcap_streamer_node
[2.606s] [01m[K/home/linjiawei/load_mcap/src/mcap_streamer/src/mcap_reader_node.cpp:[m[K In member function ‘[01m[Kvoid McapReaderNode::messageCallback(const string&, const string&, std::shared_ptr<rclcpp::SerializedMessage>)[m[K’:
[2.606s] [01m[K/home/linjiawei/load_mcap/src/mcap_streamer/src/mcap_reader_node.cpp:212:77:[m[K [01;35m[Kwarning: [m[Kunused parameter ‘[01m[Ktopic_type[m[K’ [[01;35m[K]8;;https://gcc.gnu.org/onlinedocs/gcc/Warning-Options.html#index-Wunused-parameter-Wunused-parameter]8;;[m[K]
[2.606s]   212 |   void messageCallback(const std::string & topic_name , [01;35m[Kconst std::string & topic_type[m[K , std::shared_ptr<rclcpp::SerializedMessage> msg)
[2.606s]       |                                                         [01;35m[K~~~~~~~~~~~~~~~~~~~~^~~~~~~~~~[m[K
[4.623s] [100%] [32m[1mLinking CXX executable mcap_reader_node[0m
[4.798s] [100%] Built target mcap_reader_node
[4.810s] Invoked command in '/home/linjiawei/load_mcap/build/mcap_streamer' returned '0': CMAKE_PREFIX_PATH=${CMAKE_PREFIX_PATH}:/opt/ros/humble /usr/bin/cmake --build /home/linjiawei/load_mcap/build/mcap_streamer -- -j17 -l17
[4.812s] Invoking command in '/home/linjiawei/load_mcap/build/mcap_streamer': CMAKE_PREFIX_PATH=${CMAKE_PREFIX_PATH}:/opt/ros/humble /usr/bin/cmake --install /home/linjiawei/load_mcap/build/mcap_streamer
[4.819s] -- Install configuration: ""
[4.820s] -- Up-to-date: /home/linjiawei/load_mcap/install/mcap_streamer/lib/mcap_streamer/mcap_streamer_node
[4.820s] -- Installing: /home/linjiawei/load_mcap/install/mcap_streamer/lib/mcap_streamer/mcap_reader_node
[4.821s] -- Set runtime path of "/home/linjiawei/load_mcap/install/mcap_streamer/lib/mcap_streamer/mcap_reader_node" to ""
[4.821s] -- Up-to-date: /home/linjiawei/load_mcap/install/mcap_streamer/share/mcap_streamer/config
[4.821s] -- Up-to-date: /home/linjiawei/load_mcap/install/mcap_streamer/share/mcap_streamer/config/mcap_streamer_params.yaml
[4.821s] -- Installing: /home/linjiawei/load_mcap/install/mcap_streamer/share/mcap_streamer/config/mcap_reader_params.yaml
[4.821s] -- Up-to-date: /home/linjiawei/load_mcap/install/mcap_streamer/share/mcap_streamer/launch
[4.821s] -- Up-to-date: /home/linjiawei/load_mcap/install/mcap_streamer/share/mcap_streamer/launch/mcap_streamer.launch.py
[4.821s] -- Up-to-date: /home/linjiawei/load_mcap/install/mcap_streamer/share/mcap_streamer/launch/mcap_reader.launch.py
[4.821s] -- Up-to-date: /home/linjiawei/load_mcap/install/mcap_streamer/share/mcap_streamer/launch/mcap_streamer_with_reader.launch.py
[4.822s] -- Up-to-date: /home/linjiawei/load_mcap/install/mcap_streamer/share/ament_index/resource_index/package_run_dependencies/mcap_streamer
[4.822s] -- Up-to-date: /home/linjiawei/load_mcap/install/mcap_streamer/share/ament_index/resource_index/parent_prefix_path/mcap_streamer
[4.822s] -- Up-to-date: /home/linjiawei/load_mcap/install/mcap_streamer/share/mcap_streamer/environment/ament_prefix_path.sh
[4.822s] -- Up-to-date: /home/linjiawei/load_mcap/install/mcap_streamer/share/mcap_streamer/environment/ament_prefix_path.dsv
[4.822s] -- Up-to-date: /home/linjiawei/load_mcap/install/mcap_streamer/share/mcap_streamer/environment/path.sh
[4.822s] -- Up-to-date: /home/linjiawei/load_mcap/install/mcap_streamer/share/mcap_streamer/environment/path.dsv
[4.822s] -- Up-to-date: /home/linjiawei/load_mcap/install/mcap_streamer/share/mcap_streamer/local_setup.bash
[4.822s] -- Up-to-date: /home/linjiawei/load_mcap/install/mcap_streamer/share/mcap_streamer/local_setup.sh
[4.822s] -- Up-to-date: /home/linjiawei/load_mcap/install/mcap_streamer/share/mcap_streamer/local_setup.zsh
[4.822s] -- Up-to-date: /home/linjiawei/load_mcap/install/mcap_streamer/share/mcap_streamer/local_setup.dsv
[4.822s] -- Installing: /home/linjiawei/load_mcap/install/mcap_streamer/share/mcap_streamer/package.dsv
[4.822s] -- Up-to-date: /home/linjiawei/load_mcap/install/mcap_streamer/share/ament_index/resource_index/packages/mcap_streamer
[4.822s] -- Up-to-date: /home/linjiawei/load_mcap/install/mcap_streamer/share/mcap_streamer/cmake/mcap_streamerConfig.cmake
[4.822s] -- Up-to-date: /home/linjiawei/load_mcap/install/mcap_streamer/share/mcap_streamer/cmake/mcap_streamerConfig-version.cmake
[4.822s] -- Up-to-date: /home/linjiawei/load_mcap/install/mcap_streamer/share/mcap_streamer/package.xml
[4.823s] Invoked command in '/home/linjiawei/load_mcap/build/mcap_streamer' returned '0': CMAKE_PREFIX_PATH=${CMAKE_PREFIX_PATH}:/opt/ros/humble /usr/bin/cmake --install /home/linjiawei/load_mcap/build/mcap_streamer
