[  0%] Built target deva_common_msgs__cpp
[ 12%] Built target deva_common_msgs__rosidl_generator_c
[ 12%] Built target ament_cmake_python_copy_deva_common_msgs
[ 24%] Built target deva_common_msgs__rosidl_typesupport_cpp
[ 36%] Built target deva_common_msgs__rosidl_typesupport_fastrtps_cpp
[ 48%] Built target deva_common_msgs__rosidl_typesupport_fastrtps_c
[ 60%] Built target deva_common_msgs__rosidl_typesupport_introspection_c
[ 72%] Built target deva_common_msgs__rosidl_typesupport_introspection_cpp
[ 84%] Built target deva_common_msgs__rosidl_typesupport_c
[ 84%] Built target deva_common_msgs
[ 85%] Built target deva_common_msgs__py
[ 96%] Built target deva_common_msgs__rosidl_generator_py
[ 97%] Built target deva_common_msgs__rosidl_typesupport_c__pyext
[ 99%] Built target deva_common_msgs__rosidl_typesupport_fastrtps_c__pyext
[100%] Built target deva_common_msgs__rosidl_typesupport_introspection_c__pyext
running egg_info
writing deva_common_msgs.egg-info/PKG-INFO
writing dependency_links to deva_common_msgs.egg-info/dependency_links.txt
writing top-level names to deva_common_msgs.egg-info/top_level.txt
reading manifest file 'deva_common_msgs.egg-info/SOURCES.txt'
writing manifest file 'deva_common_msgs.egg-info/SOURCES.txt'
[100%] Built target ament_cmake_python_build_deva_common_msgs_egg
