[0.000000] (-) TimerEvent: {}
[0.000235] (-) JobUnselected: {'identifier': 'deva_ads_msgs'}
[0.000269] (-) JobUnselected: {'identifier': 'deva_aeb_msgs'}
[0.000290] (-) JobUnselected: {'identifier': 'deva_common_msgs'}
[0.000310] (-) JobUnselected: {'identifier': 'deva_control_msgs'}
[0.000327] (-) JobUnselected: {'identifier': 'deva_function_msgs'}
[0.000345] (-) JobUnselected: {'identifier': 'deva_gaode_routing_msgs'}
[0.000362] (-) JobUnselected: {'identifier': 'deva_localization_msgs'}
[0.000380] (-) JobUnselected: {'identifier': 'deva_map_msgs'}
[0.000397] (-) JobUnselected: {'identifier': 'deva_mdriver_msgs'}
[0.000415] (-) JobUnselected: {'identifier': 'deva_navi_msgs'}
[0.000432] (-) JobUnselected: {'identifier': 'deva_perception_msgs'}
[0.000450] (-) JobUnselected: {'identifier': 'deva_planning_msgs'}
[0.000467] (-) JobUnselected: {'identifier': 'deva_planning_msgs2'}
[0.000484] (-) JobUnselected: {'identifier': 'environment_model_msgs'}
[0.000501] (-) JobUnselected: {'identifier': 'fault_diagnosis'}
[0.000519] (-) JobUnselected: {'identifier': 'rviz_plug_msg'}
[0.000536] (-) JobUnselected: {'identifier': 'serialize_msgs'}
[0.000557] (mcap_streamer) JobQueued: {'identifier': 'mcap_streamer', 'dependencies': OrderedDict()}
[0.000802] (mcap_streamer) JobStarted: {'identifier': 'mcap_streamer'}
[0.007350] (mcap_streamer) JobProgress: {'identifier': 'mcap_streamer', 'progress': 'cmake'}
[0.007960] (mcap_streamer) JobProgress: {'identifier': 'mcap_streamer', 'progress': 'build'}
[0.009110] (mcap_streamer) Command: {'cmd': ['/usr/bin/cmake', '--build', '/home/linjiawei/load_mcap/build/mcap_streamer', '--', '-j17', '-l17'], 'cwd': '/home/linjiawei/load_mcap/build/mcap_streamer', 'env': OrderedDict([('LESSOPEN', '| /usr/bin/lesspipe %s'), ('VSCODE_CWD', '/home/linjiawei'), ('KUBERNETES_SERVICE_PORT', '443'), ('VSCODE_ESM_ENTRYPOINT', 'vs/workbench/api/node/extensionHostProcess'), ('KUBEBRAIN_SITE', 'mach'), ('KUBERNETES_PORT', 'tcp://10.68.0.1:443'), ('BRAIN_DAEMON_JUPYTER_DIR', '/data/jupyter'), ('USER', 'linjiawei'), ('SSH_CLIENT', '100.96.2.80 57616 22'), ('VSCODE_NLS_CONFIG', '{"userLocale":"zh-cn","osLocale":"zh-cn","resolvedLanguage":"zh-cn","defaultMessagesFile":"/home/linjiawei/.cursor-server/bin/ba90f2f88e4911312761abab9492c42442117cf0/out/nls.messages.json","languagePack":{"translationsConfigFile":"/home/linjiawei/.cursor-server/data/clp/6fe284ae87274d9cb2cdffc89b193492.zh-cn/tcf.json","messagesFile":"/home/linjiawei/.cursor-server/data/clp/6fe284ae87274d9cb2cdffc89b193492.zh-cn/ba90f2f88e4911312761abab9492c42442117cf0/nls.messages.json","corruptMarkerFile":"/home/linjiawei/.cursor-server/data/clp/6fe284ae87274d9cb2cdffc89b193492.zh-cn/corrupted.info"},"locale":"zh-cn","availableLanguages":{"*":"zh-cn"},"_languagePackId":"6fe284ae87274d9cb2cdffc89b193492.zh-cn","_languagePackSupport":true,"_translationsConfigFile":"/home/linjiawei/.cursor-server/data/clp/6fe284ae87274d9cb2cdffc89b193492.zh-cn/tcf.json","_cacheRoot":"/home/linjiawei/.cursor-server/data/clp/6fe284ae87274d9cb2cdffc89b193492.zh-cn","_resolvedLanguagePackCoreLocation":"/home/linjiawei/.cursor-server/data/clp/6fe284ae87274d9cb2cdffc89b193492.zh-cn/ba90f2f88e4911312761abab9492c42442117cf0","_corruptedFile":"/home/linjiawei/.cursor-server/data/clp/6fe284ae87274d9cb2cdffc89b193492.zh-cn/corrupted.info"}'), ('BRAIN_SHARED_READONLY', 'false'), ('KUBEBRAIN_PROCESS_ID', 'a339afdf-8e23-41dd-b3c2-ec44dfa27e9d'), ('VSCODE_HANDLES_UNCAUGHT_ERRORS', 'true'), ('HOSTNAME', 'ros'), ('XDG_SESSION_TYPE', 'tty'), ('SHLVL', '1'), ('LD_LIBRARY_PATH', '/opt/ros/humble/opt/rviz_ogre_vendor/lib:/opt/ros/humble/lib/x86_64-linux-gnu:/opt/ros/humble/lib:/usr/local/nvidia/lib64'), ('BROWSER', '/home/linjiawei/.cursor-server/bin/ba90f2f88e4911312761abab9492c42442117cf0/bin/helpers/browser.sh'), ('MOTD_SHOWN', 'pam'), ('HOME', '/home/linjiawei'), ('TMP_SIZE', '16777216K'), ('KUBEBRAIN_RUNTIME', 'ws2'), ('OLDPWD', '/home/linjiawei/load_mcap'), ('VSCODE_IPC_HOOK_CLI', '/run/user/10250/vscode-ipc-a2aff49f-58d2-441e-828d-ced252d61886.sock'), ('BRAIN_DAEMON_JUPYTER_TOKEN', '9c0e8eec-6994-41a4-9f6b-319d33bc630e'), ('ROS_PYTHON_VERSION', '3'), ('BRAIN_DAEMON_JUPYTER_BASE_URL', '/kapi/workspace.kubebrain.io/mach-mp/ws-00018098a82852e6/jupyter'), ('PCIDEVICE_MELLANOX_COM_MLNX_RDMA', ''), ('NO_COLOR', '1'), ('TOPOLOGY_ZONE', 'mach-cn-west-qy-dsxs-cm'), ('VSCODE_L10N_BUNDLE_LOCATION', 'vscode-local:/home/linjiawei/.cursor/extensions/ms-ceintl.vscode-language-pack-zh-hans-1.99.0-universal/translations/extensions/vscode.json-language-features.i18n.json'), ('ROS_DISTRO', 'humble'), ('LOGNAME', 'linjiawei'), ('FORCE_COLOR', '0'), ('VSCODE_HANDLES_SIGPIPE', 'true'), ('_', '/usr/bin/colcon'), ('ROS_VERSION', '2'), ('BRAIN_USERNAME', 'linjiawei'), ('XDG_SESSION_CLASS', 'user'), ('TERM', 'dumb'), ('XDG_SESSION_ID', 'c59'), ('KUBERNETES_PORT_443_TCP_ADDR', '10.68.0.1'), ('ROS_LOCALHOST_ONLY', '0'), ('COMPOSER_NO_INTERACTION', '1'), ('SHM_SIZE', '16777216K'), ('PATH', '/home/linjiawei/.local/bin:/home/linjiawei/.local/bin:/opt/ros/humble/bin:/opt/conda/bin:/kubebrain:/usr/local/nvidia/bin:/usr/local/sbin:/usr/local/bin:/usr/sbin:/usr/bin:/sbin:/bin'), ('VSCODE_AGENT_FOLDER', '/home/linjiawei/.cursor-server'), ('KUBEBRAIN_WORKSPACE_NAME', 'ws-00018098a82852e6'), ('XDG_RUNTIME_DIR', '/run/user/10250'), ('KUBERNETES_PORT_443_TCP_PORT', '443'), ('CURSOR_AGENT', '1'), ('DISPLAY', 'localhost:10.0'), ('KUBERNETES_PORT_443_TCP_PROTO', 'tcp'), ('KUBEBRAIN_RESOURCE_TYPE', 'workspace'), ('LANG', 'en_US.UTF-8'), ('LS_COLORS', ''), ('SSH_AUTH_SOCK', '/tmp/cursor-remote-ssh-auth-sock-5947a298-eaf8-4f15-adfc-973d91be4566.sock'), ('AMENT_PREFIX_PATH', '/opt/ros/humble'), ('BRAIN_DAEMON_JUPYTER_PORT', '8888'), ('SHELL', '/bin/bash'), ('VSCODE_SERVER_SHUTDOWN_TIMEOUT', '300'), ('TerminationGracePeriodSeconds', '30'), ('LESSCLOSE', '/usr/bin/lesspipe %s %s'), ('KUBERNETES_SERVICE_PORT_HTTPS', '443'), ('KUBERNETES_PORT_443_TCP', 'tcp://10.68.0.1:443'), ('KUBEBRAIN_QUOTA_GROUP', 'mp_ws'), ('KUBEBRAIN_CLUSTER_ENTRY', 'https://qy.machdrive.cn'), ('PWD', '/home/linjiawei/load_mcap/build/mcap_streamer'), ('BRAIN_SHARED_ROOT', '10.68.17.151:/'), ('KUBEBRAIN_NAMESPACE', 'mach-mp'), ('KUBERNETES_SERVICE_HOST', '10.68.0.1'), ('BRAIN_TOPOLOGY_LEAF_ROCE', ''), ('LC_ALL', 'en_US.UTF-8'), ('SSH_CONNECTION', '100.96.2.80 57616 100.97.82.77 22'), ('KUBEBRAIN_PROCESS_NAME', 'ws-00018098a82852e6-master'), ('KUBEBRAIN_WORKSPACE_NAMESPACE', ''), ('PYTHONPATH', '/opt/ros/humble/lib/python3.10/site-packages:/opt/ros/humble/local/lib/python3.10/dist-packages'), ('NVIDIA_VISIBLE_DEVICES', ''), ('COLCON', '1'), ('CMAKE_PREFIX_PATH', '/opt/ros/humble')]), 'shell': False}
[0.050980] (mcap_streamer) StdoutLine: {'line': b'Consolidate compiler generated dependencies of target ros_message_converter_lib\n'}
[0.058216] (mcap_streamer) StdoutLine: {'line': b'[ 25%] Built target s3_downloader_lib\n'}
[0.061043] (mcap_streamer) StdoutLine: {'line': b'[ 37%] Building CXX object CMakeFiles/ros_message_converter_lib.dir/src/ros_message_converter.cpp.o\n'}
[0.081014] (mcap_streamer) StdoutLine: {'line': b'[ 62%] Built target mcap_streamer_node\n'}
[0.099722] (-) TimerEvent: {}
[0.199844] (-) TimerEvent: {}
[0.299975] (-) TimerEvent: {}
[0.400124] (-) TimerEvent: {}
[0.500261] (-) TimerEvent: {}
[0.600396] (-) TimerEvent: {}
[0.700526] (-) TimerEvent: {}
[0.800666] (-) TimerEvent: {}
[0.900814] (-) TimerEvent: {}
[0.980800] (mcap_streamer) StdoutLine: {'line': b'[ 75%] Linking CXX static library libros_message_converter_lib.a\n'}
[1.001025] (-) TimerEvent: {}
[1.031972] (mcap_streamer) StdoutLine: {'line': b'[ 75%] Built target ros_message_converter_lib\n'}
[1.049608] (mcap_streamer) StdoutLine: {'line': b'Consolidate compiler generated dependencies of target mcap_example\n'}
[1.067479] (mcap_streamer) StdoutLine: {'line': b'[ 87%] Building CXX object CMakeFiles/mcap_example.dir/src/mcap_example.cpp.o\n'}
[1.101101] (-) TimerEvent: {}
[1.201233] (-) TimerEvent: {}
[1.301354] (-) TimerEvent: {}
[1.401491] (-) TimerEvent: {}
[1.501631] (-) TimerEvent: {}
[1.601751] (-) TimerEvent: {}
[1.701868] (-) TimerEvent: {}
[1.802022] (-) TimerEvent: {}
[1.902171] (-) TimerEvent: {}
[2.002352] (-) TimerEvent: {}
[2.102506] (-) TimerEvent: {}
[2.202646] (-) TimerEvent: {}
[2.302761] (-) TimerEvent: {}
[2.402886] (-) TimerEvent: {}
[2.503002] (-) TimerEvent: {}
[2.603115] (-) TimerEvent: {}
[2.703237] (-) TimerEvent: {}
[2.803381] (-) TimerEvent: {}
[2.903509] (-) TimerEvent: {}
[3.003622] (-) TimerEvent: {}
[3.103738] (-) TimerEvent: {}
[3.203864] (-) TimerEvent: {}
[3.303979] (-) TimerEvent: {}
[3.404096] (-) TimerEvent: {}
[3.504296] (-) TimerEvent: {}
[3.604490] (-) TimerEvent: {}
[3.704619] (-) TimerEvent: {}
[3.804739] (-) TimerEvent: {}
[3.904849] (-) TimerEvent: {}
[4.004959] (-) TimerEvent: {}
[4.105060] (-) TimerEvent: {}
[4.205173] (-) TimerEvent: {}
[4.305290] (-) TimerEvent: {}
[4.405420] (-) TimerEvent: {}
[4.505560] (-) TimerEvent: {}
[4.605692] (-) TimerEvent: {}
[4.705799] (-) TimerEvent: {}
[4.805934] (-) TimerEvent: {}
[4.906070] (-) TimerEvent: {}
[5.006196] (-) TimerEvent: {}
[5.106300] (-) TimerEvent: {}
[5.206407] (-) TimerEvent: {}
[5.306518] (-) TimerEvent: {}
[5.406663] (-) TimerEvent: {}
[5.506819] (-) TimerEvent: {}
[5.606993] (-) TimerEvent: {}
[5.707143] (-) TimerEvent: {}
[5.807270] (-) TimerEvent: {}
[5.907380] (-) TimerEvent: {}
[6.007491] (-) TimerEvent: {}
[6.107591] (-) TimerEvent: {}
[6.207704] (-) TimerEvent: {}
[6.307837] (-) TimerEvent: {}
[6.407965] (-) TimerEvent: {}
[6.508069] (-) TimerEvent: {}
[6.608188] (-) TimerEvent: {}
[6.708294] (-) TimerEvent: {}
[6.808403] (-) TimerEvent: {}
[6.908513] (-) TimerEvent: {}
[7.008644] (-) TimerEvent: {}
[7.108773] (-) TimerEvent: {}
[7.208907] (-) TimerEvent: {}
[7.309042] (-) TimerEvent: {}
[7.409164] (-) TimerEvent: {}
[7.509273] (-) TimerEvent: {}
[7.609407] (-) TimerEvent: {}
[7.709542] (-) TimerEvent: {}
[7.809678] (-) TimerEvent: {}
[7.909811] (-) TimerEvent: {}
[8.009925] (-) TimerEvent: {}
[8.110029] (-) TimerEvent: {}
[8.210137] (-) TimerEvent: {}
[8.310259] (-) TimerEvent: {}
[8.410405] (-) TimerEvent: {}
[8.510567] (-) TimerEvent: {}
[8.610729] (-) TimerEvent: {}
[8.710847] (-) TimerEvent: {}
[8.810973] (-) TimerEvent: {}
[8.911087] (-) TimerEvent: {}
[9.011204] (-) TimerEvent: {}
[9.111376] (-) TimerEvent: {}
[9.211594] (-) TimerEvent: {}
[9.311767] (-) TimerEvent: {}
[9.411934] (-) TimerEvent: {}
[9.512105] (-) TimerEvent: {}
[9.612326] (-) TimerEvent: {}
[9.712481] (-) TimerEvent: {}
[9.812610] (-) TimerEvent: {}
[9.912760] (-) TimerEvent: {}
[10.012916] (-) TimerEvent: {}
[10.113048] (-) TimerEvent: {}
[10.213174] (-) TimerEvent: {}
[10.313298] (-) TimerEvent: {}
[10.413426] (-) TimerEvent: {}
[10.513544] (-) TimerEvent: {}
[10.613710] (-) TimerEvent: {}
[10.713879] (-) TimerEvent: {}
[10.814030] (-) TimerEvent: {}
[10.914164] (-) TimerEvent: {}
[11.014306] (-) TimerEvent: {}
[11.114426] (-) TimerEvent: {}
[11.214591] (-) TimerEvent: {}
[11.314785] (-) TimerEvent: {}
[11.414946] (-) TimerEvent: {}
[11.515077] (-) TimerEvent: {}
[11.615223] (-) TimerEvent: {}
[11.715374] (-) TimerEvent: {}
[11.815537] (-) TimerEvent: {}
[11.915699] (-) TimerEvent: {}
[12.015841] (-) TimerEvent: {}
[12.115972] (-) TimerEvent: {}
[12.216112] (-) TimerEvent: {}
[12.316238] (-) TimerEvent: {}
[12.416382] (-) TimerEvent: {}
[12.516526] (-) TimerEvent: {}
[12.616682] (-) TimerEvent: {}
[12.716822] (-) TimerEvent: {}
[12.816966] (-) TimerEvent: {}
[12.917092] (-) TimerEvent: {}
[13.017204] (-) TimerEvent: {}
[13.117302] (-) TimerEvent: {}
[13.217404] (-) TimerEvent: {}
[13.317516] (-) TimerEvent: {}
[13.417632] (-) TimerEvent: {}
[13.517734] (-) TimerEvent: {}
[13.617840] (-) TimerEvent: {}
[13.717966] (-) TimerEvent: {}
[13.818120] (-) TimerEvent: {}
[13.918312] (-) TimerEvent: {}
[14.018512] (-) TimerEvent: {}
[14.118639] (-) TimerEvent: {}
[14.218764] (-) TimerEvent: {}
[14.262981] (mcap_streamer) StdoutLine: {'line': b'[100%] Linking CXX executable mcap_example\n'}
[14.318864] (-) TimerEvent: {}
[14.419007] (-) TimerEvent: {}
[14.519128] (-) TimerEvent: {}
[14.619250] (-) TimerEvent: {}
[14.719413] (-) TimerEvent: {}
[14.819600] (-) TimerEvent: {}
[14.886456] (mcap_streamer) StdoutLine: {'line': b'[100%] Built target mcap_example\n'}
[14.896369] (mcap_streamer) CommandEnded: {'returncode': 0}
[14.897162] (mcap_streamer) JobProgress: {'identifier': 'mcap_streamer', 'progress': 'install'}
[14.905261] (mcap_streamer) Command: {'cmd': ['/usr/bin/cmake', '--install', '/home/linjiawei/load_mcap/build/mcap_streamer'], 'cwd': '/home/linjiawei/load_mcap/build/mcap_streamer', 'env': OrderedDict([('LESSOPEN', '| /usr/bin/lesspipe %s'), ('VSCODE_CWD', '/home/linjiawei'), ('KUBERNETES_SERVICE_PORT', '443'), ('VSCODE_ESM_ENTRYPOINT', 'vs/workbench/api/node/extensionHostProcess'), ('KUBEBRAIN_SITE', 'mach'), ('KUBERNETES_PORT', 'tcp://10.68.0.1:443'), ('BRAIN_DAEMON_JUPYTER_DIR', '/data/jupyter'), ('USER', 'linjiawei'), ('SSH_CLIENT', '100.96.2.80 57616 22'), ('VSCODE_NLS_CONFIG', '{"userLocale":"zh-cn","osLocale":"zh-cn","resolvedLanguage":"zh-cn","defaultMessagesFile":"/home/linjiawei/.cursor-server/bin/ba90f2f88e4911312761abab9492c42442117cf0/out/nls.messages.json","languagePack":{"translationsConfigFile":"/home/linjiawei/.cursor-server/data/clp/6fe284ae87274d9cb2cdffc89b193492.zh-cn/tcf.json","messagesFile":"/home/linjiawei/.cursor-server/data/clp/6fe284ae87274d9cb2cdffc89b193492.zh-cn/ba90f2f88e4911312761abab9492c42442117cf0/nls.messages.json","corruptMarkerFile":"/home/linjiawei/.cursor-server/data/clp/6fe284ae87274d9cb2cdffc89b193492.zh-cn/corrupted.info"},"locale":"zh-cn","availableLanguages":{"*":"zh-cn"},"_languagePackId":"6fe284ae87274d9cb2cdffc89b193492.zh-cn","_languagePackSupport":true,"_translationsConfigFile":"/home/linjiawei/.cursor-server/data/clp/6fe284ae87274d9cb2cdffc89b193492.zh-cn/tcf.json","_cacheRoot":"/home/linjiawei/.cursor-server/data/clp/6fe284ae87274d9cb2cdffc89b193492.zh-cn","_resolvedLanguagePackCoreLocation":"/home/linjiawei/.cursor-server/data/clp/6fe284ae87274d9cb2cdffc89b193492.zh-cn/ba90f2f88e4911312761abab9492c42442117cf0","_corruptedFile":"/home/linjiawei/.cursor-server/data/clp/6fe284ae87274d9cb2cdffc89b193492.zh-cn/corrupted.info"}'), ('BRAIN_SHARED_READONLY', 'false'), ('KUBEBRAIN_PROCESS_ID', 'a339afdf-8e23-41dd-b3c2-ec44dfa27e9d'), ('VSCODE_HANDLES_UNCAUGHT_ERRORS', 'true'), ('HOSTNAME', 'ros'), ('XDG_SESSION_TYPE', 'tty'), ('SHLVL', '1'), ('LD_LIBRARY_PATH', '/opt/ros/humble/opt/rviz_ogre_vendor/lib:/opt/ros/humble/lib/x86_64-linux-gnu:/opt/ros/humble/lib:/usr/local/nvidia/lib64'), ('BROWSER', '/home/linjiawei/.cursor-server/bin/ba90f2f88e4911312761abab9492c42442117cf0/bin/helpers/browser.sh'), ('MOTD_SHOWN', 'pam'), ('HOME', '/home/linjiawei'), ('TMP_SIZE', '16777216K'), ('KUBEBRAIN_RUNTIME', 'ws2'), ('OLDPWD', '/home/linjiawei/load_mcap'), ('VSCODE_IPC_HOOK_CLI', '/run/user/10250/vscode-ipc-a2aff49f-58d2-441e-828d-ced252d61886.sock'), ('BRAIN_DAEMON_JUPYTER_TOKEN', '9c0e8eec-6994-41a4-9f6b-319d33bc630e'), ('ROS_PYTHON_VERSION', '3'), ('BRAIN_DAEMON_JUPYTER_BASE_URL', '/kapi/workspace.kubebrain.io/mach-mp/ws-00018098a82852e6/jupyter'), ('PCIDEVICE_MELLANOX_COM_MLNX_RDMA', ''), ('NO_COLOR', '1'), ('TOPOLOGY_ZONE', 'mach-cn-west-qy-dsxs-cm'), ('VSCODE_L10N_BUNDLE_LOCATION', 'vscode-local:/home/linjiawei/.cursor/extensions/ms-ceintl.vscode-language-pack-zh-hans-1.99.0-universal/translations/extensions/vscode.json-language-features.i18n.json'), ('ROS_DISTRO', 'humble'), ('LOGNAME', 'linjiawei'), ('FORCE_COLOR', '0'), ('VSCODE_HANDLES_SIGPIPE', 'true'), ('_', '/usr/bin/colcon'), ('ROS_VERSION', '2'), ('BRAIN_USERNAME', 'linjiawei'), ('XDG_SESSION_CLASS', 'user'), ('TERM', 'dumb'), ('XDG_SESSION_ID', 'c59'), ('KUBERNETES_PORT_443_TCP_ADDR', '10.68.0.1'), ('ROS_LOCALHOST_ONLY', '0'), ('COMPOSER_NO_INTERACTION', '1'), ('SHM_SIZE', '16777216K'), ('PATH', '/home/linjiawei/.local/bin:/home/linjiawei/.local/bin:/opt/ros/humble/bin:/opt/conda/bin:/kubebrain:/usr/local/nvidia/bin:/usr/local/sbin:/usr/local/bin:/usr/sbin:/usr/bin:/sbin:/bin'), ('VSCODE_AGENT_FOLDER', '/home/linjiawei/.cursor-server'), ('KUBEBRAIN_WORKSPACE_NAME', 'ws-00018098a82852e6'), ('XDG_RUNTIME_DIR', '/run/user/10250'), ('KUBERNETES_PORT_443_TCP_PORT', '443'), ('CURSOR_AGENT', '1'), ('DISPLAY', 'localhost:10.0'), ('KUBERNETES_PORT_443_TCP_PROTO', 'tcp'), ('KUBEBRAIN_RESOURCE_TYPE', 'workspace'), ('LANG', 'en_US.UTF-8'), ('LS_COLORS', ''), ('SSH_AUTH_SOCK', '/tmp/cursor-remote-ssh-auth-sock-5947a298-eaf8-4f15-adfc-973d91be4566.sock'), ('AMENT_PREFIX_PATH', '/opt/ros/humble'), ('BRAIN_DAEMON_JUPYTER_PORT', '8888'), ('SHELL', '/bin/bash'), ('VSCODE_SERVER_SHUTDOWN_TIMEOUT', '300'), ('TerminationGracePeriodSeconds', '30'), ('LESSCLOSE', '/usr/bin/lesspipe %s %s'), ('KUBERNETES_SERVICE_PORT_HTTPS', '443'), ('KUBERNETES_PORT_443_TCP', 'tcp://10.68.0.1:443'), ('KUBEBRAIN_QUOTA_GROUP', 'mp_ws'), ('KUBEBRAIN_CLUSTER_ENTRY', 'https://qy.machdrive.cn'), ('PWD', '/home/linjiawei/load_mcap/build/mcap_streamer'), ('BRAIN_SHARED_ROOT', '10.68.17.151:/'), ('KUBEBRAIN_NAMESPACE', 'mach-mp'), ('KUBERNETES_SERVICE_HOST', '10.68.0.1'), ('BRAIN_TOPOLOGY_LEAF_ROCE', ''), ('LC_ALL', 'en_US.UTF-8'), ('SSH_CONNECTION', '100.96.2.80 57616 100.97.82.77 22'), ('KUBEBRAIN_PROCESS_NAME', 'ws-00018098a82852e6-master'), ('KUBEBRAIN_WORKSPACE_NAMESPACE', ''), ('PYTHONPATH', '/opt/ros/humble/lib/python3.10/site-packages:/opt/ros/humble/local/lib/python3.10/dist-packages'), ('NVIDIA_VISIBLE_DEVICES', ''), ('COLCON', '1'), ('CMAKE_PREFIX_PATH', '/opt/ros/humble')]), 'shell': False}
[14.912322] (mcap_streamer) StdoutLine: {'line': b'-- Install configuration: ""\n'}
[14.912480] (mcap_streamer) StdoutLine: {'line': b'-- Up-to-date: /home/linjiawei/load_mcap/install/mcap_streamer/lib/mcap_streamer/mcap_streamer_node\n'}
[14.912715] (mcap_streamer) StdoutLine: {'line': b'-- Installing: /home/linjiawei/load_mcap/install/mcap_streamer/lib/mcap_streamer/mcap_example\n'}
[14.915576] (mcap_streamer) StdoutLine: {'line': b'-- Set runtime path of "/home/linjiawei/load_mcap/install/mcap_streamer/lib/mcap_streamer/mcap_example" to ""\n'}
[14.915766] (mcap_streamer) StdoutLine: {'line': b'-- Installing: /home/linjiawei/load_mcap/install/mcap_streamer/lib/mcap_streamer/libs3_downloader_lib.a\n'}
[14.915826] (mcap_streamer) StdoutLine: {'line': b'-- Installing: /home/linjiawei/load_mcap/install/mcap_streamer/lib/mcap_streamer/libros_message_converter_lib.a\n'}
[14.916017] (mcap_streamer) StdoutLine: {'line': b'-- Installing: /home/linjiawei/load_mcap/install/mcap_streamer/include\n'}
[14.916502] (mcap_streamer) StdoutLine: {'line': b'-- Installing: /home/linjiawei/load_mcap/install/mcap_streamer/include/mcap_streamer\n'}
[14.916560] (mcap_streamer) StdoutLine: {'line': b'-- Installing: /home/linjiawei/load_mcap/install/mcap_streamer/include/mcap_streamer/s3_downloader.hpp\n'}
[14.916626] (mcap_streamer) StdoutLine: {'line': b'-- Installing: /home/linjiawei/load_mcap/install/mcap_streamer/include/mcap_streamer/ros_message_converter.hpp\n'}
[14.916695] (mcap_streamer) StdoutLine: {'line': b'-- Up-to-date: /home/linjiawei/load_mcap/install/mcap_streamer/share/mcap_streamer/config\n'}
[14.916764] (mcap_streamer) StdoutLine: {'line': b'-- Up-to-date: /home/linjiawei/load_mcap/install/mcap_streamer/share/mcap_streamer/config/mcap_streamer_params.yaml\n'}
[14.916990] (mcap_streamer) StdoutLine: {'line': b'-- Up-to-date: /home/linjiawei/load_mcap/install/mcap_streamer/share/mcap_streamer/config/mcap_reader_params.yaml\n'}
[14.917046] (mcap_streamer) StdoutLine: {'line': b'-- Up-to-date: /home/linjiawei/load_mcap/install/mcap_streamer/share/mcap_streamer/launch\n'}
[14.917116] (mcap_streamer) StdoutLine: {'line': b'-- Up-to-date: /home/linjiawei/load_mcap/install/mcap_streamer/share/mcap_streamer/launch/mcap_streamer.launch.py\n'}
[14.917184] (mcap_streamer) StdoutLine: {'line': b'-- Up-to-date: /home/linjiawei/load_mcap/install/mcap_streamer/share/mcap_streamer/launch/mcap_reader.launch.py\n'}
[14.917253] (mcap_streamer) StdoutLine: {'line': b'-- Up-to-date: /home/linjiawei/load_mcap/install/mcap_streamer/share/mcap_streamer/launch/mcap_streamer_with_reader.launch.py\n'}
[14.917322] (mcap_streamer) StdoutLine: {'line': b'-- Up-to-date: /home/linjiawei/load_mcap/install/mcap_streamer/share/mcap_streamer/launch/mcap_example.launch.py\n'}
[14.917388] (mcap_streamer) StdoutLine: {'line': b'-- Up-to-date: /home/linjiawei/load_mcap/install/mcap_streamer/share/ament_index/resource_index/package_run_dependencies/mcap_streamer\n'}
[14.917521] (mcap_streamer) StdoutLine: {'line': b'-- Installing: /home/linjiawei/load_mcap/install/mcap_streamer/share/ament_index/resource_index/parent_prefix_path/mcap_streamer\n'}
[14.917573] (mcap_streamer) StdoutLine: {'line': b'-- Up-to-date: /home/linjiawei/load_mcap/install/mcap_streamer/share/mcap_streamer/environment/ament_prefix_path.sh\n'}
[14.917622] (mcap_streamer) StdoutLine: {'line': b'-- Installing: /home/linjiawei/load_mcap/install/mcap_streamer/share/mcap_streamer/environment/ament_prefix_path.dsv\n'}
[14.917672] (mcap_streamer) StdoutLine: {'line': b'-- Up-to-date: /home/linjiawei/load_mcap/install/mcap_streamer/share/mcap_streamer/environment/path.sh\n'}
[14.917722] (mcap_streamer) StdoutLine: {'line': b'-- Installing: /home/linjiawei/load_mcap/install/mcap_streamer/share/mcap_streamer/environment/path.dsv\n'}
[14.917770] (mcap_streamer) StdoutLine: {'line': b'-- Up-to-date: /home/linjiawei/load_mcap/install/mcap_streamer/share/mcap_streamer/local_setup.bash\n'}
[14.917822] (mcap_streamer) StdoutLine: {'line': b'-- Up-to-date: /home/linjiawei/load_mcap/install/mcap_streamer/share/mcap_streamer/local_setup.sh\n'}
[14.917872] (mcap_streamer) StdoutLine: {'line': b'-- Up-to-date: /home/linjiawei/load_mcap/install/mcap_streamer/share/mcap_streamer/local_setup.zsh\n'}
[14.917935] (mcap_streamer) StdoutLine: {'line': b'-- Installing: /home/linjiawei/load_mcap/install/mcap_streamer/share/mcap_streamer/local_setup.dsv\n'}
[14.917987] (mcap_streamer) StdoutLine: {'line': b'-- Installing: /home/linjiawei/load_mcap/install/mcap_streamer/share/mcap_streamer/package.dsv\n'}
[14.918037] (mcap_streamer) StdoutLine: {'line': b'-- Up-to-date: /home/linjiawei/load_mcap/install/mcap_streamer/share/ament_index/resource_index/packages/mcap_streamer\n'}
[14.918097] (mcap_streamer) StdoutLine: {'line': b'-- Up-to-date: /home/linjiawei/load_mcap/install/mcap_streamer/share/mcap_streamer/cmake/mcap_streamerConfig.cmake\n'}
[14.918171] (mcap_streamer) StdoutLine: {'line': b'-- Up-to-date: /home/linjiawei/load_mcap/install/mcap_streamer/share/mcap_streamer/cmake/mcap_streamerConfig-version.cmake\n'}
[14.918245] (mcap_streamer) StdoutLine: {'line': b'-- Up-to-date: /home/linjiawei/load_mcap/install/mcap_streamer/share/mcap_streamer/package.xml\n'}
[14.918709] (mcap_streamer) CommandEnded: {'returncode': 0}
[14.919723] (-) TimerEvent: {}
[14.954362] (mcap_streamer) JobEnded: {'identifier': 'mcap_streamer', 'rc': 0}
[14.954949] (-) EventReactorShutdown: {}
