[0.032s] Invoking command in '/home/linjiawei/load_mcap/build/deva_common_msgs': CMAKE_PREFIX_PATH=${CMAKE_PREFIX_PATH}:/opt/ros/humble /usr/bin/cmake --build /home/linjiawei/load_mcap/build/deva_common_msgs -- -j17 -l17
[0.092s] [  0%] Built target deva_common_msgs__cpp
[0.097s] [ 12%] Built target deva_common_msgs__rosidl_generator_c
[0.103s] [ 12%] Built target ament_cmake_python_copy_deva_common_msgs
[0.132s] [ 24%] Built target deva_common_msgs__rosidl_typesupport_cpp
[0.144s] [ 36%] Built target deva_common_msgs__rosidl_typesupport_fastrtps_cpp
[0.148s] [ 48%] Built target deva_common_msgs__rosidl_typesupport_introspection_cpp
[0.151s] [ 60%] Built target deva_common_msgs__rosidl_typesupport_introspection_c
[0.155s] [ 72%] Built target deva_common_msgs__rosidl_typesupport_fastrtps_c
[0.166s] [ 84%] Built target deva_common_msgs__rosidl_typesupport_c
[0.199s] [ 84%] Built target deva_common_msgs
[0.228s] [ 85%] Built target deva_common_msgs__py
[0.259s] [ 96%] Built target deva_common_msgs__rosidl_generator_py
[0.286s] [ 98%] Built target deva_common_msgs__rosidl_typesupport_introspection_c__pyext
[0.286s] [ 99%] Built target deva_common_msgs__rosidl_typesupport_fastrtps_c__pyext
[0.288s] [100%] Built target deva_common_msgs__rosidl_typesupport_c__pyext
[0.397s] running egg_info
[0.398s] writing deva_common_msgs.egg-info/PKG-INFO
[0.398s] writing dependency_links to deva_common_msgs.egg-info/dependency_links.txt
[0.398s] writing top-level names to deva_common_msgs.egg-info/top_level.txt
[0.401s] reading manifest file 'deva_common_msgs.egg-info/SOURCES.txt'
[0.402s] writing manifest file 'deva_common_msgs.egg-info/SOURCES.txt'
[0.432s] [100%] Built target ament_cmake_python_build_deva_common_msgs_egg
[0.446s] Invoked command in '/home/linjiawei/load_mcap/build/deva_common_msgs' returned '0': CMAKE_PREFIX_PATH=${CMAKE_PREFIX_PATH}:/opt/ros/humble /usr/bin/cmake --build /home/linjiawei/load_mcap/build/deva_common_msgs -- -j17 -l17
[0.458s] Invoking command in '/home/linjiawei/load_mcap/build/deva_common_msgs': CMAKE_PREFIX_PATH=${CMAKE_PREFIX_PATH}:/opt/ros/humble /usr/bin/cmake --install /home/linjiawei/load_mcap/build/deva_common_msgs
[0.467s] -- Install configuration: ""
[0.468s] -- Up-to-date: /home/linjiawei/load_mcap/install/deva_common_msgs/share/ament_index/resource_index/rosidl_interfaces/deva_common_msgs
[0.469s] -- Up-to-date: /home/linjiawei/load_mcap/install/deva_common_msgs/include/deva_common_msgs/deva_common_msgs
[0.469s] -- Up-to-date: /home/linjiawei/load_mcap/install/deva_common_msgs/include/deva_common_msgs/deva_common_msgs/msg
[0.469s] -- Up-to-date: /home/linjiawei/load_mcap/install/deva_common_msgs/include/deva_common_msgs/deva_common_msgs/msg/rosidl_generator_c__visibility_control.h
[0.469s] -- Up-to-date: /home/linjiawei/load_mcap/install/deva_common_msgs/include/deva_common_msgs/deva_common_msgs/msg/bounding_box.h
[0.470s] -- Up-to-date: /home/linjiawei/load_mcap/install/deva_common_msgs/include/deva_common_msgs/deva_common_msgs/msg/detail
[0.470s] -- Up-to-date: /home/linjiawei/load_mcap/install/deva_common_msgs/include/deva_common_msgs/deva_common_msgs/msg/detail/bounding_box__functions.c
[0.470s] -- Up-to-date: /home/linjiawei/load_mcap/install/deva_common_msgs/include/deva_common_msgs/deva_common_msgs/msg/detail/bounding_box__functions.h
[0.470s] -- Up-to-date: /home/linjiawei/load_mcap/install/deva_common_msgs/include/deva_common_msgs/deva_common_msgs/msg/detail/bounding_box__struct.h
[0.470s] -- Up-to-date: /home/linjiawei/load_mcap/install/deva_common_msgs/include/deva_common_msgs/deva_common_msgs/msg/detail/bounding_box__type_support.h
[0.470s] -- Up-to-date: /home/linjiawei/load_mcap/install/deva_common_msgs/include/deva_common_msgs/deva_common_msgs/msg/detail/bounding_box2d__functions.c
[0.470s] -- Up-to-date: /home/linjiawei/load_mcap/install/deva_common_msgs/include/deva_common_msgs/deva_common_msgs/msg/detail/bounding_box2d__functions.h
[0.470s] -- Up-to-date: /home/linjiawei/load_mcap/install/deva_common_msgs/include/deva_common_msgs/deva_common_msgs/msg/detail/bounding_box2d__struct.h
[0.470s] -- Up-to-date: /home/linjiawei/load_mcap/install/deva_common_msgs/include/deva_common_msgs/deva_common_msgs/msg/detail/bounding_box2d__type_support.h
[0.470s] -- Up-to-date: /home/linjiawei/load_mcap/install/deva_common_msgs/include/deva_common_msgs/deva_common_msgs/msg/detail/dimension__functions.c
[0.470s] -- Up-to-date: /home/linjiawei/load_mcap/install/deva_common_msgs/include/deva_common_msgs/deva_common_msgs/msg/detail/dimension__functions.h
[0.471s] -- Up-to-date: /home/linjiawei/load_mcap/install/deva_common_msgs/include/deva_common_msgs/deva_common_msgs/msg/detail/dimension__struct.h
[0.471s] -- Up-to-date: /home/linjiawei/load_mcap/install/deva_common_msgs/include/deva_common_msgs/deva_common_msgs/msg/detail/dimension__type_support.h
[0.471s] -- Up-to-date: /home/linjiawei/load_mcap/install/deva_common_msgs/include/deva_common_msgs/deva_common_msgs/msg/detail/disperse_curve__functions.c
[0.471s] -- Up-to-date: /home/linjiawei/load_mcap/install/deva_common_msgs/include/deva_common_msgs/deva_common_msgs/msg/detail/disperse_curve__functions.h
[0.471s] -- Up-to-date: /home/linjiawei/load_mcap/install/deva_common_msgs/include/deva_common_msgs/deva_common_msgs/msg/detail/disperse_curve__struct.h
[0.471s] -- Up-to-date: /home/linjiawei/load_mcap/install/deva_common_msgs/include/deva_common_msgs/deva_common_msgs/msg/detail/disperse_curve__type_support.h
[0.471s] -- Up-to-date: /home/linjiawei/load_mcap/install/deva_common_msgs/include/deva_common_msgs/deva_common_msgs/msg/detail/equation_curve__functions.c
[0.471s] -- Up-to-date: /home/linjiawei/load_mcap/install/deva_common_msgs/include/deva_common_msgs/deva_common_msgs/msg/detail/equation_curve__functions.h
[0.471s] -- Up-to-date: /home/linjiawei/load_mcap/install/deva_common_msgs/include/deva_common_msgs/deva_common_msgs/msg/detail/equation_curve__struct.h
[0.471s] -- Up-to-date: /home/linjiawei/load_mcap/install/deva_common_msgs/include/deva_common_msgs/deva_common_msgs/msg/detail/equation_curve__type_support.h
[0.472s] -- Up-to-date: /home/linjiawei/load_mcap/install/deva_common_msgs/include/deva_common_msgs/deva_common_msgs/msg/detail/ground_point__functions.c
[0.472s] -- Up-to-date: /home/linjiawei/load_mcap/install/deva_common_msgs/include/deva_common_msgs/deva_common_msgs/msg/detail/ground_point__functions.h
[0.472s] -- Up-to-date: /home/linjiawei/load_mcap/install/deva_common_msgs/include/deva_common_msgs/deva_common_msgs/msg/detail/ground_point__struct.h
[0.472s] -- Up-to-date: /home/linjiawei/load_mcap/install/deva_common_msgs/include/deva_common_msgs/deva_common_msgs/msg/detail/ground_point__type_support.h
[0.472s] -- Up-to-date: /home/linjiawei/load_mcap/install/deva_common_msgs/include/deva_common_msgs/deva_common_msgs/msg/detail/header__functions.c
[0.472s] -- Up-to-date: /home/linjiawei/load_mcap/install/deva_common_msgs/include/deva_common_msgs/deva_common_msgs/msg/detail/header__functions.h
[0.472s] -- Up-to-date: /home/linjiawei/load_mcap/install/deva_common_msgs/include/deva_common_msgs/deva_common_msgs/msg/detail/header__struct.h
[0.472s] -- Up-to-date: /home/linjiawei/load_mcap/install/deva_common_msgs/include/deva_common_msgs/deva_common_msgs/msg/detail/header__type_support.h
[0.473s] -- Up-to-date: /home/linjiawei/load_mcap/install/deva_common_msgs/include/deva_common_msgs/deva_common_msgs/msg/detail/kv__functions.c
[0.473s] -- Up-to-date: /home/linjiawei/load_mcap/install/deva_common_msgs/include/deva_common_msgs/deva_common_msgs/msg/detail/kv__functions.h
[0.473s] -- Up-to-date: /home/linjiawei/load_mcap/install/deva_common_msgs/include/deva_common_msgs/deva_common_msgs/msg/detail/kv__struct.h
[0.473s] -- Up-to-date: /home/linjiawei/load_mcap/install/deva_common_msgs/include/deva_common_msgs/deva_common_msgs/msg/detail/kv__type_support.h
[0.474s] -- Up-to-date: /home/linjiawei/load_mcap/install/deva_common_msgs/include/deva_common_msgs/deva_common_msgs/msg/detail/line2d__functions.c
[0.474s] -- Up-to-date: /home/linjiawei/load_mcap/install/deva_common_msgs/include/deva_common_msgs/deva_common_msgs/msg/detail/line2d__functions.h
[0.474s] -- Up-to-date: /home/linjiawei/load_mcap/install/deva_common_msgs/include/deva_common_msgs/deva_common_msgs/msg/detail/line2d__struct.h
[0.474s] -- Up-to-date: /home/linjiawei/load_mcap/install/deva_common_msgs/include/deva_common_msgs/deva_common_msgs/msg/detail/line2d__type_support.h
[0.474s] -- Up-to-date: /home/linjiawei/load_mcap/install/deva_common_msgs/include/deva_common_msgs/deva_common_msgs/msg/detail/line_segment__functions.c
[0.474s] -- Up-to-date: /home/linjiawei/load_mcap/install/deva_common_msgs/include/deva_common_msgs/deva_common_msgs/msg/detail/line_segment__functions.h
[0.474s] -- Up-to-date: /home/linjiawei/load_mcap/install/deva_common_msgs/include/deva_common_msgs/deva_common_msgs/msg/detail/line_segment__struct.h
[0.474s] -- Up-to-date: /home/linjiawei/load_mcap/install/deva_common_msgs/include/deva_common_msgs/deva_common_msgs/msg/detail/line_segment__type_support.h
[0.474s] -- Up-to-date: /home/linjiawei/load_mcap/install/deva_common_msgs/include/deva_common_msgs/deva_common_msgs/msg/detail/point2d__functions.c
[0.474s] -- Up-to-date: /home/linjiawei/load_mcap/install/deva_common_msgs/include/deva_common_msgs/deva_common_msgs/msg/detail/point2d__functions.h
[0.475s] -- Up-to-date: /home/linjiawei/load_mcap/install/deva_common_msgs/include/deva_common_msgs/deva_common_msgs/msg/detail/point2d__struct.h
[0.475s] -- Up-to-date: /home/linjiawei/load_mcap/install/deva_common_msgs/include/deva_common_msgs/deva_common_msgs/msg/detail/point2d__type_support.h
[0.475s] -- Up-to-date: /home/linjiawei/load_mcap/install/deva_common_msgs/include/deva_common_msgs/deva_common_msgs/msg/detail/serialize__functions.c
[0.475s] -- Up-to-date: /home/linjiawei/load_mcap/install/deva_common_msgs/include/deva_common_msgs/deva_common_msgs/msg/detail/serialize__functions.h
[0.475s] -- Up-to-date: /home/linjiawei/load_mcap/install/deva_common_msgs/include/deva_common_msgs/deva_common_msgs/msg/detail/serialize__struct.h
[0.475s] -- Up-to-date: /home/linjiawei/load_mcap/install/deva_common_msgs/include/deva_common_msgs/deva_common_msgs/msg/detail/serialize__type_support.h
[0.475s] -- Up-to-date: /home/linjiawei/load_mcap/install/deva_common_msgs/include/deva_common_msgs/deva_common_msgs/msg/detail/string__functions.c
[0.475s] -- Up-to-date: /home/linjiawei/load_mcap/install/deva_common_msgs/include/deva_common_msgs/deva_common_msgs/msg/detail/string__functions.h
[0.475s] -- Up-to-date: /home/linjiawei/load_mcap/install/deva_common_msgs/include/deva_common_msgs/deva_common_msgs/msg/detail/string__struct.h
[0.475s] -- Up-to-date: /home/linjiawei/load_mcap/install/deva_common_msgs/include/deva_common_msgs/deva_common_msgs/msg/detail/string__type_support.h
[0.475s] -- Up-to-date: /home/linjiawei/load_mcap/install/deva_common_msgs/include/deva_common_msgs/deva_common_msgs/msg/bounding_box2d.h
[0.476s] -- Up-to-date: /home/linjiawei/load_mcap/install/deva_common_msgs/include/deva_common_msgs/deva_common_msgs/msg/dimension.h
[0.476s] -- Up-to-date: /home/linjiawei/load_mcap/install/deva_common_msgs/include/deva_common_msgs/deva_common_msgs/msg/disperse_curve.h
[0.476s] -- Up-to-date: /home/linjiawei/load_mcap/install/deva_common_msgs/include/deva_common_msgs/deva_common_msgs/msg/equation_curve.h
[0.476s] -- Up-to-date: /home/linjiawei/load_mcap/install/deva_common_msgs/include/deva_common_msgs/deva_common_msgs/msg/ground_point.h
[0.476s] -- Up-to-date: /home/linjiawei/load_mcap/install/deva_common_msgs/include/deva_common_msgs/deva_common_msgs/msg/header.h
[0.476s] -- Up-to-date: /home/linjiawei/load_mcap/install/deva_common_msgs/include/deva_common_msgs/deva_common_msgs/msg/kv.h
[0.476s] -- Up-to-date: /home/linjiawei/load_mcap/install/deva_common_msgs/include/deva_common_msgs/deva_common_msgs/msg/line2d.h
[0.476s] -- Up-to-date: /home/linjiawei/load_mcap/install/deva_common_msgs/include/deva_common_msgs/deva_common_msgs/msg/line_segment.h
[0.476s] -- Up-to-date: /home/linjiawei/load_mcap/install/deva_common_msgs/include/deva_common_msgs/deva_common_msgs/msg/point2d.h
[0.476s] -- Up-to-date: /home/linjiawei/load_mcap/install/deva_common_msgs/include/deva_common_msgs/deva_common_msgs/msg/serialize.h
[0.477s] -- Up-to-date: /home/linjiawei/load_mcap/install/deva_common_msgs/include/deva_common_msgs/deva_common_msgs/msg/string.h
[0.477s] -- Up-to-date: /home/linjiawei/load_mcap/install/deva_common_msgs/share/deva_common_msgs/environment/library_path.sh
[0.477s] -- Up-to-date: /home/linjiawei/load_mcap/install/deva_common_msgs/share/deva_common_msgs/environment/library_path.dsv
[0.477s] -- Up-to-date: /home/linjiawei/load_mcap/install/deva_common_msgs/lib/libdeva_common_msgs__rosidl_generator_c.so
[0.477s] -- Up-to-date: /home/linjiawei/load_mcap/install/deva_common_msgs/include/deva_common_msgs/deva_common_msgs
[0.477s] -- Up-to-date: /home/linjiawei/load_mcap/install/deva_common_msgs/include/deva_common_msgs/deva_common_msgs/msg
[0.477s] -- Up-to-date: /home/linjiawei/load_mcap/install/deva_common_msgs/include/deva_common_msgs/deva_common_msgs/msg/rosidl_typesupport_fastrtps_c__visibility_control.h
[0.477s] -- Up-to-date: /home/linjiawei/load_mcap/install/deva_common_msgs/include/deva_common_msgs/deva_common_msgs/msg/detail
[0.477s] -- Up-to-date: /home/linjiawei/load_mcap/install/deva_common_msgs/include/deva_common_msgs/deva_common_msgs/msg/detail/bounding_box__rosidl_typesupport_fastrtps_c.h
[0.478s] -- Up-to-date: /home/linjiawei/load_mcap/install/deva_common_msgs/include/deva_common_msgs/deva_common_msgs/msg/detail/bounding_box2d__rosidl_typesupport_fastrtps_c.h
[0.478s] -- Up-to-date: /home/linjiawei/load_mcap/install/deva_common_msgs/include/deva_common_msgs/deva_common_msgs/msg/detail/dimension__rosidl_typesupport_fastrtps_c.h
[0.478s] -- Up-to-date: /home/linjiawei/load_mcap/install/deva_common_msgs/include/deva_common_msgs/deva_common_msgs/msg/detail/disperse_curve__rosidl_typesupport_fastrtps_c.h
[0.478s] -- Up-to-date: /home/linjiawei/load_mcap/install/deva_common_msgs/include/deva_common_msgs/deva_common_msgs/msg/detail/equation_curve__rosidl_typesupport_fastrtps_c.h
[0.478s] -- Up-to-date: /home/linjiawei/load_mcap/install/deva_common_msgs/include/deva_common_msgs/deva_common_msgs/msg/detail/ground_point__rosidl_typesupport_fastrtps_c.h
[0.478s] -- Up-to-date: /home/linjiawei/load_mcap/install/deva_common_msgs/include/deva_common_msgs/deva_common_msgs/msg/detail/header__rosidl_typesupport_fastrtps_c.h
[0.478s] -- Up-to-date: /home/linjiawei/load_mcap/install/deva_common_msgs/include/deva_common_msgs/deva_common_msgs/msg/detail/kv__rosidl_typesupport_fastrtps_c.h
[0.478s] -- Up-to-date: /home/linjiawei/load_mcap/install/deva_common_msgs/include/deva_common_msgs/deva_common_msgs/msg/detail/line2d__rosidl_typesupport_fastrtps_c.h
[0.478s] -- Up-to-date: /home/linjiawei/load_mcap/install/deva_common_msgs/include/deva_common_msgs/deva_common_msgs/msg/detail/line_segment__rosidl_typesupport_fastrtps_c.h
[0.478s] -- Up-to-date: /home/linjiawei/load_mcap/install/deva_common_msgs/include/deva_common_msgs/deva_common_msgs/msg/detail/point2d__rosidl_typesupport_fastrtps_c.h
[0.479s] -- Up-to-date: /home/linjiawei/load_mcap/install/deva_common_msgs/include/deva_common_msgs/deva_common_msgs/msg/detail/serialize__rosidl_typesupport_fastrtps_c.h
[0.479s] -- Up-to-date: /home/linjiawei/load_mcap/install/deva_common_msgs/include/deva_common_msgs/deva_common_msgs/msg/detail/string__rosidl_typesupport_fastrtps_c.h
[0.479s] -- Up-to-date: /home/linjiawei/load_mcap/install/deva_common_msgs/lib/libdeva_common_msgs__rosidl_typesupport_fastrtps_c.so
[0.479s] -- Up-to-date: /home/linjiawei/load_mcap/install/deva_common_msgs/include/deva_common_msgs/deva_common_msgs
[0.479s] -- Up-to-date: /home/linjiawei/load_mcap/install/deva_common_msgs/include/deva_common_msgs/deva_common_msgs/msg
[0.479s] -- Up-to-date: /home/linjiawei/load_mcap/install/deva_common_msgs/include/deva_common_msgs/deva_common_msgs/msg/rosidl_typesupport_introspection_c__visibility_control.h
[0.479s] -- Up-to-date: /home/linjiawei/load_mcap/install/deva_common_msgs/include/deva_common_msgs/deva_common_msgs/msg/detail
[0.480s] -- Up-to-date: /home/linjiawei/load_mcap/install/deva_common_msgs/include/deva_common_msgs/deva_common_msgs/msg/detail/bounding_box__rosidl_typesupport_introspection_c.h
[0.480s] -- Up-to-date: /home/linjiawei/load_mcap/install/deva_common_msgs/include/deva_common_msgs/deva_common_msgs/msg/detail/bounding_box__type_support.c
[0.480s] -- Up-to-date: /home/linjiawei/load_mcap/install/deva_common_msgs/include/deva_common_msgs/deva_common_msgs/msg/detail/bounding_box2d__rosidl_typesupport_introspection_c.h
[0.480s] -- Up-to-date: /home/linjiawei/load_mcap/install/deva_common_msgs/include/deva_common_msgs/deva_common_msgs/msg/detail/bounding_box2d__type_support.c
[0.480s] -- Up-to-date: /home/linjiawei/load_mcap/install/deva_common_msgs/include/deva_common_msgs/deva_common_msgs/msg/detail/dimension__rosidl_typesupport_introspection_c.h
[0.480s] -- Up-to-date: /home/linjiawei/load_mcap/install/deva_common_msgs/include/deva_common_msgs/deva_common_msgs/msg/detail/dimension__type_support.c
[0.480s] -- Up-to-date: /home/linjiawei/load_mcap/install/deva_common_msgs/include/deva_common_msgs/deva_common_msgs/msg/detail/disperse_curve__rosidl_typesupport_introspection_c.h
[0.480s] -- Up-to-date: /home/linjiawei/load_mcap/install/deva_common_msgs/include/deva_common_msgs/deva_common_msgs/msg/detail/disperse_curve__type_support.c
[0.480s] -- Up-to-date: /home/linjiawei/load_mcap/install/deva_common_msgs/include/deva_common_msgs/deva_common_msgs/msg/detail/equation_curve__rosidl_typesupport_introspection_c.h
[0.480s] -- Up-to-date: /home/linjiawei/load_mcap/install/deva_common_msgs/include/deva_common_msgs/deva_common_msgs/msg/detail/equation_curve__type_support.c
[0.481s] -- Up-to-date: /home/linjiawei/load_mcap/install/deva_common_msgs/include/deva_common_msgs/deva_common_msgs/msg/detail/ground_point__rosidl_typesupport_introspection_c.h
[0.481s] -- Up-to-date: /home/linjiawei/load_mcap/install/deva_common_msgs/include/deva_common_msgs/deva_common_msgs/msg/detail/ground_point__type_support.c
[0.481s] -- Up-to-date: /home/linjiawei/load_mcap/install/deva_common_msgs/include/deva_common_msgs/deva_common_msgs/msg/detail/header__rosidl_typesupport_introspection_c.h
[0.481s] -- Up-to-date: /home/linjiawei/load_mcap/install/deva_common_msgs/include/deva_common_msgs/deva_common_msgs/msg/detail/header__type_support.c
[0.481s] -- Up-to-date: /home/linjiawei/load_mcap/install/deva_common_msgs/include/deva_common_msgs/deva_common_msgs/msg/detail/kv__rosidl_typesupport_introspection_c.h
[0.481s] -- Up-to-date: /home/linjiawei/load_mcap/install/deva_common_msgs/include/deva_common_msgs/deva_common_msgs/msg/detail/kv__type_support.c
[0.481s] -- Up-to-date: /home/linjiawei/load_mcap/install/deva_common_msgs/include/deva_common_msgs/deva_common_msgs/msg/detail/line2d__rosidl_typesupport_introspection_c.h
[0.481s] -- Up-to-date: /home/linjiawei/load_mcap/install/deva_common_msgs/include/deva_common_msgs/deva_common_msgs/msg/detail/line2d__type_support.c
[0.481s] -- Up-to-date: /home/linjiawei/load_mcap/install/deva_common_msgs/include/deva_common_msgs/deva_common_msgs/msg/detail/line_segment__rosidl_typesupport_introspection_c.h
[0.481s] -- Up-to-date: /home/linjiawei/load_mcap/install/deva_common_msgs/include/deva_common_msgs/deva_common_msgs/msg/detail/line_segment__type_support.c
[0.481s] -- Up-to-date: /home/linjiawei/load_mcap/install/deva_common_msgs/include/deva_common_msgs/deva_common_msgs/msg/detail/point2d__rosidl_typesupport_introspection_c.h
[0.481s] -- Up-to-date: /home/linjiawei/load_mcap/install/deva_common_msgs/include/deva_common_msgs/deva_common_msgs/msg/detail/point2d__type_support.c
[0.482s] -- Up-to-date: /home/linjiawei/load_mcap/install/deva_common_msgs/include/deva_common_msgs/deva_common_msgs/msg/detail/serialize__rosidl_typesupport_introspection_c.h
[0.482s] -- Up-to-date: /home/linjiawei/load_mcap/install/deva_common_msgs/include/deva_common_msgs/deva_common_msgs/msg/detail/serialize__type_support.c
[0.482s] -- Up-to-date: /home/linjiawei/load_mcap/install/deva_common_msgs/include/deva_common_msgs/deva_common_msgs/msg/detail/string__rosidl_typesupport_introspection_c.h
[0.482s] -- Up-to-date: /home/linjiawei/load_mcap/install/deva_common_msgs/include/deva_common_msgs/deva_common_msgs/msg/detail/string__type_support.c
[0.482s] -- Up-to-date: /home/linjiawei/load_mcap/install/deva_common_msgs/lib/libdeva_common_msgs__rosidl_typesupport_introspection_c.so
[0.482s] -- Up-to-date: /home/linjiawei/load_mcap/install/deva_common_msgs/lib/libdeva_common_msgs__rosidl_typesupport_c.so
[0.482s] -- Up-to-date: /home/linjiawei/load_mcap/install/deva_common_msgs/include/deva_common_msgs/deva_common_msgs
[0.482s] -- Up-to-date: /home/linjiawei/load_mcap/install/deva_common_msgs/include/deva_common_msgs/deva_common_msgs/msg
[0.482s] -- Up-to-date: /home/linjiawei/load_mcap/install/deva_common_msgs/include/deva_common_msgs/deva_common_msgs/msg/rosidl_generator_cpp__visibility_control.hpp
[0.482s] -- Up-to-date: /home/linjiawei/load_mcap/install/deva_common_msgs/include/deva_common_msgs/deva_common_msgs/msg/bounding_box.hpp
[0.482s] -- Up-to-date: /home/linjiawei/load_mcap/install/deva_common_msgs/include/deva_common_msgs/deva_common_msgs/msg/detail
[0.482s] -- Up-to-date: /home/linjiawei/load_mcap/install/deva_common_msgs/include/deva_common_msgs/deva_common_msgs/msg/detail/bounding_box__builder.hpp
[0.483s] -- Up-to-date: /home/linjiawei/load_mcap/install/deva_common_msgs/include/deva_common_msgs/deva_common_msgs/msg/detail/bounding_box__struct.hpp
[0.483s] -- Up-to-date: /home/linjiawei/load_mcap/install/deva_common_msgs/include/deva_common_msgs/deva_common_msgs/msg/detail/bounding_box__traits.hpp
[0.483s] -- Up-to-date: /home/linjiawei/load_mcap/install/deva_common_msgs/include/deva_common_msgs/deva_common_msgs/msg/detail/bounding_box__type_support.hpp
[0.483s] -- Up-to-date: /home/linjiawei/load_mcap/install/deva_common_msgs/include/deva_common_msgs/deva_common_msgs/msg/detail/bounding_box2d__builder.hpp
[0.483s] -- Up-to-date: /home/linjiawei/load_mcap/install/deva_common_msgs/include/deva_common_msgs/deva_common_msgs/msg/detail/bounding_box2d__struct.hpp
[0.483s] -- Up-to-date: /home/linjiawei/load_mcap/install/deva_common_msgs/include/deva_common_msgs/deva_common_msgs/msg/detail/bounding_box2d__traits.hpp
[0.483s] -- Up-to-date: /home/linjiawei/load_mcap/install/deva_common_msgs/include/deva_common_msgs/deva_common_msgs/msg/detail/bounding_box2d__type_support.hpp
[0.483s] -- Up-to-date: /home/linjiawei/load_mcap/install/deva_common_msgs/include/deva_common_msgs/deva_common_msgs/msg/detail/dimension__builder.hpp
[0.483s] -- Up-to-date: /home/linjiawei/load_mcap/install/deva_common_msgs/include/deva_common_msgs/deva_common_msgs/msg/detail/dimension__struct.hpp
[0.483s] -- Up-to-date: /home/linjiawei/load_mcap/install/deva_common_msgs/include/deva_common_msgs/deva_common_msgs/msg/detail/dimension__traits.hpp
[0.483s] -- Up-to-date: /home/linjiawei/load_mcap/install/deva_common_msgs/include/deva_common_msgs/deva_common_msgs/msg/detail/dimension__type_support.hpp
[0.483s] -- Up-to-date: /home/linjiawei/load_mcap/install/deva_common_msgs/include/deva_common_msgs/deva_common_msgs/msg/detail/disperse_curve__builder.hpp
[0.483s] -- Up-to-date: /home/linjiawei/load_mcap/install/deva_common_msgs/include/deva_common_msgs/deva_common_msgs/msg/detail/disperse_curve__struct.hpp
[0.484s] -- Up-to-date: /home/linjiawei/load_mcap/install/deva_common_msgs/include/deva_common_msgs/deva_common_msgs/msg/detail/disperse_curve__traits.hpp
[0.484s] -- Up-to-date: /home/linjiawei/load_mcap/install/deva_common_msgs/include/deva_common_msgs/deva_common_msgs/msg/detail/disperse_curve__type_support.hpp
[0.484s] -- Up-to-date: /home/linjiawei/load_mcap/install/deva_common_msgs/include/deva_common_msgs/deva_common_msgs/msg/detail/equation_curve__builder.hpp
[0.484s] -- Up-to-date: /home/linjiawei/load_mcap/install/deva_common_msgs/include/deva_common_msgs/deva_common_msgs/msg/detail/equation_curve__struct.hpp
[0.484s] -- Up-to-date: /home/linjiawei/load_mcap/install/deva_common_msgs/include/deva_common_msgs/deva_common_msgs/msg/detail/equation_curve__traits.hpp
[0.484s] -- Up-to-date: /home/linjiawei/load_mcap/install/deva_common_msgs/include/deva_common_msgs/deva_common_msgs/msg/detail/equation_curve__type_support.hpp
[0.484s] -- Up-to-date: /home/linjiawei/load_mcap/install/deva_common_msgs/include/deva_common_msgs/deva_common_msgs/msg/detail/ground_point__builder.hpp
[0.484s] -- Up-to-date: /home/linjiawei/load_mcap/install/deva_common_msgs/include/deva_common_msgs/deva_common_msgs/msg/detail/ground_point__struct.hpp
[0.484s] -- Up-to-date: /home/linjiawei/load_mcap/install/deva_common_msgs/include/deva_common_msgs/deva_common_msgs/msg/detail/ground_point__traits.hpp
[0.484s] -- Up-to-date: /home/linjiawei/load_mcap/install/deva_common_msgs/include/deva_common_msgs/deva_common_msgs/msg/detail/ground_point__type_support.hpp
[0.484s] -- Up-to-date: /home/linjiawei/load_mcap/install/deva_common_msgs/include/deva_common_msgs/deva_common_msgs/msg/detail/header__builder.hpp
[0.484s] -- Up-to-date: /home/linjiawei/load_mcap/install/deva_common_msgs/include/deva_common_msgs/deva_common_msgs/msg/detail/header__struct.hpp
[0.484s] -- Up-to-date: /home/linjiawei/load_mcap/install/deva_common_msgs/include/deva_common_msgs/deva_common_msgs/msg/detail/header__traits.hpp
[0.484s] -- Up-to-date: /home/linjiawei/load_mcap/install/deva_common_msgs/include/deva_common_msgs/deva_common_msgs/msg/detail/header__type_support.hpp
[0.484s] -- Up-to-date: /home/linjiawei/load_mcap/install/deva_common_msgs/include/deva_common_msgs/deva_common_msgs/msg/detail/kv__builder.hpp
[0.484s] -- Up-to-date: /home/linjiawei/load_mcap/install/deva_common_msgs/include/deva_common_msgs/deva_common_msgs/msg/detail/kv__struct.hpp
[0.484s] -- Up-to-date: /home/linjiawei/load_mcap/install/deva_common_msgs/include/deva_common_msgs/deva_common_msgs/msg/detail/kv__traits.hpp
[0.484s] -- Up-to-date: /home/linjiawei/load_mcap/install/deva_common_msgs/include/deva_common_msgs/deva_common_msgs/msg/detail/kv__type_support.hpp
[0.485s] -- Up-to-date: /home/linjiawei/load_mcap/install/deva_common_msgs/include/deva_common_msgs/deva_common_msgs/msg/detail/line2d__builder.hpp
[0.485s] -- Up-to-date: /home/linjiawei/load_mcap/install/deva_common_msgs/include/deva_common_msgs/deva_common_msgs/msg/detail/line2d__struct.hpp
[0.485s] -- Up-to-date: /home/linjiawei/load_mcap/install/deva_common_msgs/include/deva_common_msgs/deva_common_msgs/msg/detail/line2d__traits.hpp
[0.485s] -- Up-to-date: /home/linjiawei/load_mcap/install/deva_common_msgs/include/deva_common_msgs/deva_common_msgs/msg/detail/line2d__type_support.hpp
[0.485s] -- Up-to-date: /home/linjiawei/load_mcap/install/deva_common_msgs/include/deva_common_msgs/deva_common_msgs/msg/detail/line_segment__builder.hpp
[0.485s] -- Up-to-date: /home/linjiawei/load_mcap/install/deva_common_msgs/include/deva_common_msgs/deva_common_msgs/msg/detail/line_segment__struct.hpp
[0.485s] -- Up-to-date: /home/linjiawei/load_mcap/install/deva_common_msgs/include/deva_common_msgs/deva_common_msgs/msg/detail/line_segment__traits.hpp
[0.485s] -- Up-to-date: /home/linjiawei/load_mcap/install/deva_common_msgs/include/deva_common_msgs/deva_common_msgs/msg/detail/line_segment__type_support.hpp
[0.485s] -- Up-to-date: /home/linjiawei/load_mcap/install/deva_common_msgs/include/deva_common_msgs/deva_common_msgs/msg/detail/point2d__builder.hpp
[0.485s] -- Up-to-date: /home/linjiawei/load_mcap/install/deva_common_msgs/include/deva_common_msgs/deva_common_msgs/msg/detail/point2d__struct.hpp
[0.485s] -- Up-to-date: /home/linjiawei/load_mcap/install/deva_common_msgs/include/deva_common_msgs/deva_common_msgs/msg/detail/point2d__traits.hpp
[0.485s] -- Up-to-date: /home/linjiawei/load_mcap/install/deva_common_msgs/include/deva_common_msgs/deva_common_msgs/msg/detail/point2d__type_support.hpp
[0.485s] -- Up-to-date: /home/linjiawei/load_mcap/install/deva_common_msgs/include/deva_common_msgs/deva_common_msgs/msg/detail/serialize__builder.hpp
[0.485s] -- Up-to-date: /home/linjiawei/load_mcap/install/deva_common_msgs/include/deva_common_msgs/deva_common_msgs/msg/detail/serialize__struct.hpp
[0.485s] -- Up-to-date: /home/linjiawei/load_mcap/install/deva_common_msgs/include/deva_common_msgs/deva_common_msgs/msg/detail/serialize__traits.hpp
[0.485s] -- Up-to-date: /home/linjiawei/load_mcap/install/deva_common_msgs/include/deva_common_msgs/deva_common_msgs/msg/detail/serialize__type_support.hpp
[0.485s] -- Up-to-date: /home/linjiawei/load_mcap/install/deva_common_msgs/include/deva_common_msgs/deva_common_msgs/msg/detail/string__builder.hpp
[0.485s] -- Up-to-date: /home/linjiawei/load_mcap/install/deva_common_msgs/include/deva_common_msgs/deva_common_msgs/msg/detail/string__struct.hpp
[0.486s] -- Up-to-date: /home/linjiawei/load_mcap/install/deva_common_msgs/include/deva_common_msgs/deva_common_msgs/msg/detail/string__traits.hpp
[0.486s] -- Up-to-date: /home/linjiawei/load_mcap/install/deva_common_msgs/include/deva_common_msgs/deva_common_msgs/msg/detail/string__type_support.hpp
[0.486s] -- Up-to-date: /home/linjiawei/load_mcap/install/deva_common_msgs/include/deva_common_msgs/deva_common_msgs/msg/bounding_box2d.hpp
[0.486s] -- Up-to-date: /home/linjiawei/load_mcap/install/deva_common_msgs/include/deva_common_msgs/deva_common_msgs/msg/dimension.hpp
[0.486s] -- Up-to-date: /home/linjiawei/load_mcap/install/deva_common_msgs/include/deva_common_msgs/deva_common_msgs/msg/disperse_curve.hpp
[0.486s] -- Up-to-date: /home/linjiawei/load_mcap/install/deva_common_msgs/include/deva_common_msgs/deva_common_msgs/msg/equation_curve.hpp
[0.486s] -- Up-to-date: /home/linjiawei/load_mcap/install/deva_common_msgs/include/deva_common_msgs/deva_common_msgs/msg/ground_point.hpp
[0.486s] -- Up-to-date: /home/linjiawei/load_mcap/install/deva_common_msgs/include/deva_common_msgs/deva_common_msgs/msg/header.hpp
[0.486s] -- Up-to-date: /home/linjiawei/load_mcap/install/deva_common_msgs/include/deva_common_msgs/deva_common_msgs/msg/kv.hpp
[0.486s] -- Up-to-date: /home/linjiawei/load_mcap/install/deva_common_msgs/include/deva_common_msgs/deva_common_msgs/msg/line2d.hpp
[0.486s] -- Up-to-date: /home/linjiawei/load_mcap/install/deva_common_msgs/include/deva_common_msgs/deva_common_msgs/msg/line_segment.hpp
[0.486s] -- Up-to-date: /home/linjiawei/load_mcap/install/deva_common_msgs/include/deva_common_msgs/deva_common_msgs/msg/point2d.hpp
[0.486s] -- Up-to-date: /home/linjiawei/load_mcap/install/deva_common_msgs/include/deva_common_msgs/deva_common_msgs/msg/serialize.hpp
[0.486s] -- Up-to-date: /home/linjiawei/load_mcap/install/deva_common_msgs/include/deva_common_msgs/deva_common_msgs/msg/string.hpp
[0.486s] -- Up-to-date: /home/linjiawei/load_mcap/install/deva_common_msgs/include/deva_common_msgs/deva_common_msgs
[0.486s] -- Up-to-date: /home/linjiawei/load_mcap/install/deva_common_msgs/include/deva_common_msgs/deva_common_msgs/msg
[0.486s] -- Up-to-date: /home/linjiawei/load_mcap/install/deva_common_msgs/include/deva_common_msgs/deva_common_msgs/msg/rosidl_typesupport_fastrtps_cpp__visibility_control.h
[0.486s] -- Up-to-date: /home/linjiawei/load_mcap/install/deva_common_msgs/include/deva_common_msgs/deva_common_msgs/msg/detail
[0.487s] -- Up-to-date: /home/linjiawei/load_mcap/install/deva_common_msgs/include/deva_common_msgs/deva_common_msgs/msg/detail/bounding_box__rosidl_typesupport_fastrtps_cpp.hpp
[0.487s] -- Up-to-date: /home/linjiawei/load_mcap/install/deva_common_msgs/include/deva_common_msgs/deva_common_msgs/msg/detail/dds_fastrtps
[0.487s] -- Up-to-date: /home/linjiawei/load_mcap/install/deva_common_msgs/include/deva_common_msgs/deva_common_msgs/msg/detail/bounding_box2d__rosidl_typesupport_fastrtps_cpp.hpp
[0.487s] -- Up-to-date: /home/linjiawei/load_mcap/install/deva_common_msgs/include/deva_common_msgs/deva_common_msgs/msg/detail/dimension__rosidl_typesupport_fastrtps_cpp.hpp
[0.487s] -- Up-to-date: /home/linjiawei/load_mcap/install/deva_common_msgs/include/deva_common_msgs/deva_common_msgs/msg/detail/disperse_curve__rosidl_typesupport_fastrtps_cpp.hpp
[0.487s] -- Up-to-date: /home/linjiawei/load_mcap/install/deva_common_msgs/include/deva_common_msgs/deva_common_msgs/msg/detail/equation_curve__rosidl_typesupport_fastrtps_cpp.hpp
[0.487s] -- Up-to-date: /home/linjiawei/load_mcap/install/deva_common_msgs/include/deva_common_msgs/deva_common_msgs/msg/detail/ground_point__rosidl_typesupport_fastrtps_cpp.hpp
[0.487s] -- Up-to-date: /home/linjiawei/load_mcap/install/deva_common_msgs/include/deva_common_msgs/deva_common_msgs/msg/detail/header__rosidl_typesupport_fastrtps_cpp.hpp
[0.487s] -- Up-to-date: /home/linjiawei/load_mcap/install/deva_common_msgs/include/deva_common_msgs/deva_common_msgs/msg/detail/kv__rosidl_typesupport_fastrtps_cpp.hpp
[0.487s] -- Up-to-date: /home/linjiawei/load_mcap/install/deva_common_msgs/include/deva_common_msgs/deva_common_msgs/msg/detail/line2d__rosidl_typesupport_fastrtps_cpp.hpp
[0.487s] -- Up-to-date: /home/linjiawei/load_mcap/install/deva_common_msgs/include/deva_common_msgs/deva_common_msgs/msg/detail/line_segment__rosidl_typesupport_fastrtps_cpp.hpp
[0.487s] -- Up-to-date: /home/linjiawei/load_mcap/install/deva_common_msgs/include/deva_common_msgs/deva_common_msgs/msg/detail/point2d__rosidl_typesupport_fastrtps_cpp.hpp
[0.487s] -- Up-to-date: /home/linjiawei/load_mcap/install/deva_common_msgs/include/deva_common_msgs/deva_common_msgs/msg/detail/serialize__rosidl_typesupport_fastrtps_cpp.hpp
[0.487s] -- Up-to-date: /home/linjiawei/load_mcap/install/deva_common_msgs/include/deva_common_msgs/deva_common_msgs/msg/detail/string__rosidl_typesupport_fastrtps_cpp.hpp
[0.487s] -- Up-to-date: /home/linjiawei/load_mcap/install/deva_common_msgs/lib/libdeva_common_msgs__rosidl_typesupport_fastrtps_cpp.so
[0.487s] -- Up-to-date: /home/linjiawei/load_mcap/install/deva_common_msgs/include/deva_common_msgs/deva_common_msgs
[0.487s] -- Up-to-date: /home/linjiawei/load_mcap/install/deva_common_msgs/include/deva_common_msgs/deva_common_msgs/msg
[0.487s] -- Up-to-date: /home/linjiawei/load_mcap/install/deva_common_msgs/include/deva_common_msgs/deva_common_msgs/msg/detail
[0.488s] -- Up-to-date: /home/linjiawei/load_mcap/install/deva_common_msgs/include/deva_common_msgs/deva_common_msgs/msg/detail/bounding_box__rosidl_typesupport_introspection_cpp.hpp
[0.488s] -- Up-to-date: /home/linjiawei/load_mcap/install/deva_common_msgs/include/deva_common_msgs/deva_common_msgs/msg/detail/bounding_box__type_support.cpp
[0.488s] -- Up-to-date: /home/linjiawei/load_mcap/install/deva_common_msgs/include/deva_common_msgs/deva_common_msgs/msg/detail/bounding_box2d__rosidl_typesupport_introspection_cpp.hpp
[0.488s] -- Up-to-date: /home/linjiawei/load_mcap/install/deva_common_msgs/include/deva_common_msgs/deva_common_msgs/msg/detail/bounding_box2d__type_support.cpp
[0.488s] -- Up-to-date: /home/linjiawei/load_mcap/install/deva_common_msgs/include/deva_common_msgs/deva_common_msgs/msg/detail/dimension__rosidl_typesupport_introspection_cpp.hpp
[0.488s] -- Up-to-date: /home/linjiawei/load_mcap/install/deva_common_msgs/include/deva_common_msgs/deva_common_msgs/msg/detail/dimension__type_support.cpp
[0.488s] -- Up-to-date: /home/linjiawei/load_mcap/install/deva_common_msgs/include/deva_common_msgs/deva_common_msgs/msg/detail/disperse_curve__rosidl_typesupport_introspection_cpp.hpp
[0.488s] -- Up-to-date: /home/linjiawei/load_mcap/install/deva_common_msgs/include/deva_common_msgs/deva_common_msgs/msg/detail/disperse_curve__type_support.cpp
[0.488s] -- Up-to-date: /home/linjiawei/load_mcap/install/deva_common_msgs/include/deva_common_msgs/deva_common_msgs/msg/detail/equation_curve__rosidl_typesupport_introspection_cpp.hpp
[0.488s] -- Up-to-date: /home/linjiawei/load_mcap/install/deva_common_msgs/include/deva_common_msgs/deva_common_msgs/msg/detail/equation_curve__type_support.cpp
[0.488s] -- Up-to-date: /home/linjiawei/load_mcap/install/deva_common_msgs/include/deva_common_msgs/deva_common_msgs/msg/detail/ground_point__rosidl_typesupport_introspection_cpp.hpp
[0.488s] -- Up-to-date: /home/linjiawei/load_mcap/install/deva_common_msgs/include/deva_common_msgs/deva_common_msgs/msg/detail/ground_point__type_support.cpp
[0.488s] -- Up-to-date: /home/linjiawei/load_mcap/install/deva_common_msgs/include/deva_common_msgs/deva_common_msgs/msg/detail/header__rosidl_typesupport_introspection_cpp.hpp
[0.488s] -- Up-to-date: /home/linjiawei/load_mcap/install/deva_common_msgs/include/deva_common_msgs/deva_common_msgs/msg/detail/header__type_support.cpp
[0.488s] -- Up-to-date: /home/linjiawei/load_mcap/install/deva_common_msgs/include/deva_common_msgs/deva_common_msgs/msg/detail/kv__rosidl_typesupport_introspection_cpp.hpp
[0.488s] -- Up-to-date: /home/linjiawei/load_mcap/install/deva_common_msgs/include/deva_common_msgs/deva_common_msgs/msg/detail/kv__type_support.cpp
[0.488s] -- Up-to-date: /home/linjiawei/load_mcap/install/deva_common_msgs/include/deva_common_msgs/deva_common_msgs/msg/detail/line2d__rosidl_typesupport_introspection_cpp.hpp
[0.488s] -- Up-to-date: /home/linjiawei/load_mcap/install/deva_common_msgs/include/deva_common_msgs/deva_common_msgs/msg/detail/line2d__type_support.cpp
[0.489s] -- Up-to-date: /home/linjiawei/load_mcap/install/deva_common_msgs/include/deva_common_msgs/deva_common_msgs/msg/detail/line_segment__rosidl_typesupport_introspection_cpp.hpp
[0.489s] -- Up-to-date: /home/linjiawei/load_mcap/install/deva_common_msgs/include/deva_common_msgs/deva_common_msgs/msg/detail/line_segment__type_support.cpp
[0.489s] -- Up-to-date: /home/linjiawei/load_mcap/install/deva_common_msgs/include/deva_common_msgs/deva_common_msgs/msg/detail/point2d__rosidl_typesupport_introspection_cpp.hpp
[0.489s] -- Up-to-date: /home/linjiawei/load_mcap/install/deva_common_msgs/include/deva_common_msgs/deva_common_msgs/msg/detail/point2d__type_support.cpp
[0.489s] -- Up-to-date: /home/linjiawei/load_mcap/install/deva_common_msgs/include/deva_common_msgs/deva_common_msgs/msg/detail/serialize__rosidl_typesupport_introspection_cpp.hpp
[0.489s] -- Up-to-date: /home/linjiawei/load_mcap/install/deva_common_msgs/include/deva_common_msgs/deva_common_msgs/msg/detail/serialize__type_support.cpp
[0.489s] -- Up-to-date: /home/linjiawei/load_mcap/install/deva_common_msgs/include/deva_common_msgs/deva_common_msgs/msg/detail/string__rosidl_typesupport_introspection_cpp.hpp
[0.489s] -- Up-to-date: /home/linjiawei/load_mcap/install/deva_common_msgs/include/deva_common_msgs/deva_common_msgs/msg/detail/string__type_support.cpp
[0.489s] -- Up-to-date: /home/linjiawei/load_mcap/install/deva_common_msgs/lib/libdeva_common_msgs__rosidl_typesupport_introspection_cpp.so
[0.489s] -- Up-to-date: /home/linjiawei/load_mcap/install/deva_common_msgs/lib/libdeva_common_msgs__rosidl_typesupport_cpp.so
[0.489s] -- Up-to-date: /home/linjiawei/load_mcap/install/deva_common_msgs/share/deva_common_msgs/environment/pythonpath.sh
[0.489s] -- Up-to-date: /home/linjiawei/load_mcap/install/deva_common_msgs/share/deva_common_msgs/environment/pythonpath.dsv
[0.489s] -- Up-to-date: /home/linjiawei/load_mcap/install/deva_common_msgs/local/lib/python3.10/dist-packages/deva_common_msgs-0.0.0-py3.10.egg-info
[0.489s] -- Installing: /home/linjiawei/load_mcap/install/deva_common_msgs/local/lib/python3.10/dist-packages/deva_common_msgs-0.0.0-py3.10.egg-info/PKG-INFO
[0.489s] -- Installing: /home/linjiawei/load_mcap/install/deva_common_msgs/local/lib/python3.10/dist-packages/deva_common_msgs-0.0.0-py3.10.egg-info/dependency_links.txt
[0.489s] -- Installing: /home/linjiawei/load_mcap/install/deva_common_msgs/local/lib/python3.10/dist-packages/deva_common_msgs-0.0.0-py3.10.egg-info/top_level.txt
[0.490s] -- Installing: /home/linjiawei/load_mcap/install/deva_common_msgs/local/lib/python3.10/dist-packages/deva_common_msgs-0.0.0-py3.10.egg-info/SOURCES.txt
[0.490s] -- Up-to-date: /home/linjiawei/load_mcap/install/deva_common_msgs/local/lib/python3.10/dist-packages/deva_common_msgs
[0.490s] -- Up-to-date: /home/linjiawei/load_mcap/install/deva_common_msgs/local/lib/python3.10/dist-packages/deva_common_msgs/__init__.py
[0.490s] -- Up-to-date: /home/linjiawei/load_mcap/install/deva_common_msgs/local/lib/python3.10/dist-packages/deva_common_msgs/msg
[0.490s] -- Up-to-date: /home/linjiawei/load_mcap/install/deva_common_msgs/local/lib/python3.10/dist-packages/deva_common_msgs/msg/_bounding_box.py
[0.490s] -- Up-to-date: /home/linjiawei/load_mcap/install/deva_common_msgs/local/lib/python3.10/dist-packages/deva_common_msgs/msg/_bounding_box_s.c
[0.490s] -- Up-to-date: /home/linjiawei/load_mcap/install/deva_common_msgs/local/lib/python3.10/dist-packages/deva_common_msgs/msg/_bounding_box2d.py
[0.490s] -- Up-to-date: /home/linjiawei/load_mcap/install/deva_common_msgs/local/lib/python3.10/dist-packages/deva_common_msgs/msg/_bounding_box2d_s.c
[0.491s] -- Up-to-date: /home/linjiawei/load_mcap/install/deva_common_msgs/local/lib/python3.10/dist-packages/deva_common_msgs/msg/_dimension.py
[0.491s] -- Up-to-date: /home/linjiawei/load_mcap/install/deva_common_msgs/local/lib/python3.10/dist-packages/deva_common_msgs/msg/_dimension_s.c
[0.491s] -- Up-to-date: /home/linjiawei/load_mcap/install/deva_common_msgs/local/lib/python3.10/dist-packages/deva_common_msgs/msg/_disperse_curve.py
[0.491s] -- Up-to-date: /home/linjiawei/load_mcap/install/deva_common_msgs/local/lib/python3.10/dist-packages/deva_common_msgs/msg/_disperse_curve_s.c
[0.491s] -- Up-to-date: /home/linjiawei/load_mcap/install/deva_common_msgs/local/lib/python3.10/dist-packages/deva_common_msgs/msg/_equation_curve.py
[0.491s] -- Up-to-date: /home/linjiawei/load_mcap/install/deva_common_msgs/local/lib/python3.10/dist-packages/deva_common_msgs/msg/_equation_curve_s.c
[0.491s] -- Up-to-date: /home/linjiawei/load_mcap/install/deva_common_msgs/local/lib/python3.10/dist-packages/deva_common_msgs/msg/_ground_point.py
[0.491s] -- Up-to-date: /home/linjiawei/load_mcap/install/deva_common_msgs/local/lib/python3.10/dist-packages/deva_common_msgs/msg/_ground_point_s.c
[0.492s] -- Up-to-date: /home/linjiawei/load_mcap/install/deva_common_msgs/local/lib/python3.10/dist-packages/deva_common_msgs/msg/_header.py
[0.492s] -- Up-to-date: /home/linjiawei/load_mcap/install/deva_common_msgs/local/lib/python3.10/dist-packages/deva_common_msgs/msg/_header_s.c
[0.492s] -- Up-to-date: /home/linjiawei/load_mcap/install/deva_common_msgs/local/lib/python3.10/dist-packages/deva_common_msgs/msg/_kv.py
[0.492s] -- Up-to-date: /home/linjiawei/load_mcap/install/deva_common_msgs/local/lib/python3.10/dist-packages/deva_common_msgs/msg/_kv_s.c
[0.492s] -- Up-to-date: /home/linjiawei/load_mcap/install/deva_common_msgs/local/lib/python3.10/dist-packages/deva_common_msgs/msg/_line2d.py
[0.492s] -- Up-to-date: /home/linjiawei/load_mcap/install/deva_common_msgs/local/lib/python3.10/dist-packages/deva_common_msgs/msg/_line2d_s.c
[0.492s] -- Up-to-date: /home/linjiawei/load_mcap/install/deva_common_msgs/local/lib/python3.10/dist-packages/deva_common_msgs/msg/_line_segment.py
[0.493s] -- Up-to-date: /home/linjiawei/load_mcap/install/deva_common_msgs/local/lib/python3.10/dist-packages/deva_common_msgs/msg/_line_segment_s.c
[0.493s] -- Up-to-date: /home/linjiawei/load_mcap/install/deva_common_msgs/local/lib/python3.10/dist-packages/deva_common_msgs/msg/_point2d.py
[0.493s] -- Up-to-date: /home/linjiawei/load_mcap/install/deva_common_msgs/local/lib/python3.10/dist-packages/deva_common_msgs/msg/_point2d_s.c
[0.493s] -- Up-to-date: /home/linjiawei/load_mcap/install/deva_common_msgs/local/lib/python3.10/dist-packages/deva_common_msgs/msg/_serialize.py
[0.494s] -- Up-to-date: /home/linjiawei/load_mcap/install/deva_common_msgs/local/lib/python3.10/dist-packages/deva_common_msgs/msg/_serialize_s.c
[0.495s] -- Up-to-date: /home/linjiawei/load_mcap/install/deva_common_msgs/local/lib/python3.10/dist-packages/deva_common_msgs/msg/_string.py
[0.495s] -- Up-to-date: /home/linjiawei/load_mcap/install/deva_common_msgs/local/lib/python3.10/dist-packages/deva_common_msgs/msg/_string_s.c
[0.496s] -- Up-to-date: /home/linjiawei/load_mcap/install/deva_common_msgs/local/lib/python3.10/dist-packages/deva_common_msgs/msg/__init__.py
[0.496s] -- Up-to-date: /home/linjiawei/load_mcap/install/deva_common_msgs/local/lib/python3.10/dist-packages/deva_common_msgs/_deva_common_msgs_s.ep.rosidl_typesupport_fastrtps_c.c
[0.497s] -- Up-to-date: /home/linjiawei/load_mcap/install/deva_common_msgs/local/lib/python3.10/dist-packages/deva_common_msgs/_deva_common_msgs_s.ep.rosidl_typesupport_introspection_c.c
[0.497s] -- Up-to-date: /home/linjiawei/load_mcap/install/deva_common_msgs/local/lib/python3.10/dist-packages/deva_common_msgs/_deva_common_msgs_s.ep.rosidl_typesupport_c.c
[0.497s] -- Up-to-date: /home/linjiawei/load_mcap/install/deva_common_msgs/local/lib/python3.10/dist-packages/deva_common_msgs/libdeva_common_msgs__rosidl_generator_py.so
[0.500s] -- Up-to-date: /home/linjiawei/load_mcap/install/deva_common_msgs/local/lib/python3.10/dist-packages/deva_common_msgs/deva_common_msgs_s__rosidl_typesupport_introspection_c.cpython-310-x86_64-linux-gnu.so
[0.500s] -- Up-to-date: /home/linjiawei/load_mcap/install/deva_common_msgs/local/lib/python3.10/dist-packages/deva_common_msgs/deva_common_msgs_s__rosidl_typesupport_fastrtps_c.cpython-310-x86_64-linux-gnu.so
[0.500s] -- Up-to-date: /home/linjiawei/load_mcap/install/deva_common_msgs/local/lib/python3.10/dist-packages/deva_common_msgs/deva_common_msgs_s__rosidl_typesupport_c.cpython-310-x86_64-linux-gnu.so
[0.583s] Listing '/home/linjiawei/load_mcap/install/deva_common_msgs/local/lib/python3.10/dist-packages/deva_common_msgs'...
[0.583s] Listing '/home/linjiawei/load_mcap/install/deva_common_msgs/local/lib/python3.10/dist-packages/deva_common_msgs/msg'...
[0.587s] -- Up-to-date: /home/linjiawei/load_mcap/install/deva_common_msgs/local/lib/python3.10/dist-packages/deva_common_msgs/deva_common_msgs_s__rosidl_typesupport_fastrtps_c.cpython-310-x86_64-linux-gnu.so
[0.587s] -- Up-to-date: /home/linjiawei/load_mcap/install/deva_common_msgs/local/lib/python3.10/dist-packages/deva_common_msgs/deva_common_msgs_s__rosidl_typesupport_introspection_c.cpython-310-x86_64-linux-gnu.so
[0.587s] -- Up-to-date: /home/linjiawei/load_mcap/install/deva_common_msgs/local/lib/python3.10/dist-packages/deva_common_msgs/deva_common_msgs_s__rosidl_typesupport_c.cpython-310-x86_64-linux-gnu.so
[0.587s] -- Up-to-date: /home/linjiawei/load_mcap/install/deva_common_msgs/lib/libdeva_common_msgs__rosidl_generator_py.so
[0.587s] -- Up-to-date: /home/linjiawei/load_mcap/install/deva_common_msgs/share/deva_common_msgs/msg/BoundingBox.idl
[0.587s] -- Up-to-date: /home/linjiawei/load_mcap/install/deva_common_msgs/share/deva_common_msgs/msg/BoundingBox2d.idl
[0.587s] -- Up-to-date: /home/linjiawei/load_mcap/install/deva_common_msgs/share/deva_common_msgs/msg/Dimension.idl
[0.587s] -- Up-to-date: /home/linjiawei/load_mcap/install/deva_common_msgs/share/deva_common_msgs/msg/DisperseCurve.idl
[0.587s] -- Up-to-date: /home/linjiawei/load_mcap/install/deva_common_msgs/share/deva_common_msgs/msg/EquationCurve.idl
[0.588s] -- Up-to-date: /home/linjiawei/load_mcap/install/deva_common_msgs/share/deva_common_msgs/msg/GroundPoint.idl
[0.588s] -- Up-to-date: /home/linjiawei/load_mcap/install/deva_common_msgs/share/deva_common_msgs/msg/Header.idl
[0.588s] -- Up-to-date: /home/linjiawei/load_mcap/install/deva_common_msgs/share/deva_common_msgs/msg/KV.idl
[0.588s] -- Up-to-date: /home/linjiawei/load_mcap/install/deva_common_msgs/share/deva_common_msgs/msg/Line2d.idl
[0.588s] -- Up-to-date: /home/linjiawei/load_mcap/install/deva_common_msgs/share/deva_common_msgs/msg/LineSegment.idl
[0.588s] -- Up-to-date: /home/linjiawei/load_mcap/install/deva_common_msgs/share/deva_common_msgs/msg/Point2d.idl
[0.588s] -- Up-to-date: /home/linjiawei/load_mcap/install/deva_common_msgs/share/deva_common_msgs/msg/Serialize.idl
[0.588s] -- Up-to-date: /home/linjiawei/load_mcap/install/deva_common_msgs/share/deva_common_msgs/msg/String.idl
[0.588s] -- Up-to-date: /home/linjiawei/load_mcap/install/deva_common_msgs/share/deva_common_msgs/msg/BoundingBox.msg
[0.588s] -- Up-to-date: /home/linjiawei/load_mcap/install/deva_common_msgs/share/deva_common_msgs/msg/BoundingBox2d.msg
[0.588s] -- Up-to-date: /home/linjiawei/load_mcap/install/deva_common_msgs/share/deva_common_msgs/msg/Dimension.msg
[0.588s] -- Up-to-date: /home/linjiawei/load_mcap/install/deva_common_msgs/share/deva_common_msgs/msg/DisperseCurve.msg
[0.588s] -- Up-to-date: /home/linjiawei/load_mcap/install/deva_common_msgs/share/deva_common_msgs/msg/EquationCurve.msg
[0.588s] -- Up-to-date: /home/linjiawei/load_mcap/install/deva_common_msgs/share/deva_common_msgs/msg/GroundPoint.msg
[0.588s] -- Up-to-date: /home/linjiawei/load_mcap/install/deva_common_msgs/share/deva_common_msgs/msg/Header.msg
[0.588s] -- Up-to-date: /home/linjiawei/load_mcap/install/deva_common_msgs/share/deva_common_msgs/msg/KV.msg
[0.588s] -- Up-to-date: /home/linjiawei/load_mcap/install/deva_common_msgs/share/deva_common_msgs/msg/Line2d.msg
[0.588s] -- Up-to-date: /home/linjiawei/load_mcap/install/deva_common_msgs/share/deva_common_msgs/msg/LineSegment.msg
[0.588s] -- Up-to-date: /home/linjiawei/load_mcap/install/deva_common_msgs/share/deva_common_msgs/msg/Point2d.msg
[0.589s] -- Up-to-date: /home/linjiawei/load_mcap/install/deva_common_msgs/share/deva_common_msgs/msg/Serialize.msg
[0.589s] -- Up-to-date: /home/linjiawei/load_mcap/install/deva_common_msgs/share/deva_common_msgs/msg/String.msg
[0.589s] -- Up-to-date: /home/linjiawei/load_mcap/install/deva_common_msgs/share/ament_index/resource_index/package_run_dependencies/deva_common_msgs
[0.589s] -- Up-to-date: /home/linjiawei/load_mcap/install/deva_common_msgs/share/ament_index/resource_index/parent_prefix_path/deva_common_msgs
[0.589s] -- Up-to-date: /home/linjiawei/load_mcap/install/deva_common_msgs/share/deva_common_msgs/environment/ament_prefix_path.sh
[0.589s] -- Up-to-date: /home/linjiawei/load_mcap/install/deva_common_msgs/share/deva_common_msgs/environment/ament_prefix_path.dsv
[0.589s] -- Up-to-date: /home/linjiawei/load_mcap/install/deva_common_msgs/share/deva_common_msgs/environment/path.sh
[0.589s] -- Up-to-date: /home/linjiawei/load_mcap/install/deva_common_msgs/share/deva_common_msgs/environment/path.dsv
[0.589s] -- Up-to-date: /home/linjiawei/load_mcap/install/deva_common_msgs/share/deva_common_msgs/local_setup.bash
[0.589s] -- Up-to-date: /home/linjiawei/load_mcap/install/deva_common_msgs/share/deva_common_msgs/local_setup.sh
[0.589s] -- Up-to-date: /home/linjiawei/load_mcap/install/deva_common_msgs/share/deva_common_msgs/local_setup.zsh
[0.589s] -- Up-to-date: /home/linjiawei/load_mcap/install/deva_common_msgs/share/deva_common_msgs/local_setup.dsv
[0.589s] -- Installing: /home/linjiawei/load_mcap/install/deva_common_msgs/share/deva_common_msgs/package.dsv
[0.589s] -- Up-to-date: /home/linjiawei/load_mcap/install/deva_common_msgs/share/ament_index/resource_index/packages/deva_common_msgs
[0.589s] -- Up-to-date: /home/linjiawei/load_mcap/install/deva_common_msgs/share/deva_common_msgs/cmake/export_deva_common_msgs__rosidl_generator_cExport.cmake
[0.589s] -- Up-to-date: /home/linjiawei/load_mcap/install/deva_common_msgs/share/deva_common_msgs/cmake/export_deva_common_msgs__rosidl_generator_cExport-noconfig.cmake
[0.589s] -- Up-to-date: /home/linjiawei/load_mcap/install/deva_common_msgs/share/deva_common_msgs/cmake/export_deva_common_msgs__rosidl_typesupport_fastrtps_cExport.cmake
[0.590s] -- Up-to-date: /home/linjiawei/load_mcap/install/deva_common_msgs/share/deva_common_msgs/cmake/export_deva_common_msgs__rosidl_typesupport_fastrtps_cExport-noconfig.cmake
[0.590s] -- Up-to-date: /home/linjiawei/load_mcap/install/deva_common_msgs/share/deva_common_msgs/cmake/deva_common_msgs__rosidl_typesupport_introspection_cExport.cmake
[0.590s] -- Up-to-date: /home/linjiawei/load_mcap/install/deva_common_msgs/share/deva_common_msgs/cmake/deva_common_msgs__rosidl_typesupport_introspection_cExport-noconfig.cmake
[0.590s] -- Up-to-date: /home/linjiawei/load_mcap/install/deva_common_msgs/share/deva_common_msgs/cmake/deva_common_msgs__rosidl_typesupport_cExport.cmake
[0.590s] -- Up-to-date: /home/linjiawei/load_mcap/install/deva_common_msgs/share/deva_common_msgs/cmake/deva_common_msgs__rosidl_typesupport_cExport-noconfig.cmake
[0.590s] -- Up-to-date: /home/linjiawei/load_mcap/install/deva_common_msgs/share/deva_common_msgs/cmake/export_deva_common_msgs__rosidl_generator_cppExport.cmake
[0.590s] -- Up-to-date: /home/linjiawei/load_mcap/install/deva_common_msgs/share/deva_common_msgs/cmake/export_deva_common_msgs__rosidl_typesupport_fastrtps_cppExport.cmake
[0.590s] -- Up-to-date: /home/linjiawei/load_mcap/install/deva_common_msgs/share/deva_common_msgs/cmake/export_deva_common_msgs__rosidl_typesupport_fastrtps_cppExport-noconfig.cmake
[0.590s] -- Up-to-date: /home/linjiawei/load_mcap/install/deva_common_msgs/share/deva_common_msgs/cmake/deva_common_msgs__rosidl_typesupport_introspection_cppExport.cmake
[0.590s] -- Up-to-date: /home/linjiawei/load_mcap/install/deva_common_msgs/share/deva_common_msgs/cmake/deva_common_msgs__rosidl_typesupport_introspection_cppExport-noconfig.cmake
[0.590s] -- Up-to-date: /home/linjiawei/load_mcap/install/deva_common_msgs/share/deva_common_msgs/cmake/deva_common_msgs__rosidl_typesupport_cppExport.cmake
[0.590s] -- Up-to-date: /home/linjiawei/load_mcap/install/deva_common_msgs/share/deva_common_msgs/cmake/deva_common_msgs__rosidl_typesupport_cppExport-noconfig.cmake
[0.590s] -- Up-to-date: /home/linjiawei/load_mcap/install/deva_common_msgs/share/deva_common_msgs/cmake/export_deva_common_msgs__rosidl_generator_pyExport.cmake
[0.590s] -- Up-to-date: /home/linjiawei/load_mcap/install/deva_common_msgs/share/deva_common_msgs/cmake/export_deva_common_msgs__rosidl_generator_pyExport-noconfig.cmake
[0.590s] -- Up-to-date: /home/linjiawei/load_mcap/install/deva_common_msgs/share/deva_common_msgs/cmake/rosidl_cmake-extras.cmake
[0.590s] -- Up-to-date: /home/linjiawei/load_mcap/install/deva_common_msgs/share/deva_common_msgs/cmake/ament_cmake_export_dependencies-extras.cmake
[0.590s] -- Up-to-date: /home/linjiawei/load_mcap/install/deva_common_msgs/share/deva_common_msgs/cmake/ament_cmake_export_include_directories-extras.cmake
[0.590s] -- Up-to-date: /home/linjiawei/load_mcap/install/deva_common_msgs/share/deva_common_msgs/cmake/ament_cmake_export_libraries-extras.cmake
[0.590s] -- Up-to-date: /home/linjiawei/load_mcap/install/deva_common_msgs/share/deva_common_msgs/cmake/ament_cmake_export_targets-extras.cmake
[0.591s] -- Up-to-date: /home/linjiawei/load_mcap/install/deva_common_msgs/share/deva_common_msgs/cmake/rosidl_cmake_export_typesupport_targets-extras.cmake
[0.591s] -- Up-to-date: /home/linjiawei/load_mcap/install/deva_common_msgs/share/deva_common_msgs/cmake/rosidl_cmake_export_typesupport_libraries-extras.cmake
[0.591s] -- Up-to-date: /home/linjiawei/load_mcap/install/deva_common_msgs/share/deva_common_msgs/cmake/deva_common_msgsConfig.cmake
[0.591s] -- Up-to-date: /home/linjiawei/load_mcap/install/deva_common_msgs/share/deva_common_msgs/cmake/deva_common_msgsConfig-version.cmake
[0.591s] -- Up-to-date: /home/linjiawei/load_mcap/install/deva_common_msgs/share/deva_common_msgs/package.xml
[0.595s] Invoked command in '/home/linjiawei/load_mcap/build/deva_common_msgs' returned '0': CMAKE_PREFIX_PATH=${CMAKE_PREFIX_PATH}:/opt/ros/humble /usr/bin/cmake --install /home/linjiawei/load_mcap/build/deva_common_msgs
