[0.026s] Invoking command in '/home/linjiawei/load_mcap/build/deva_mdriver_msgs': AMENT_PREFIX_PATH=/home/linjiawei/load_mcap/install/deva_planning_msgs:/home/linjiawei/load_mcap/install/deva_map_msgs:/home/linjiawei/load_mcap/install/deva_perception_msgs:/home/linjiawei/load_mcap/install/deva_localization_msgs:/home/linjiawei/load_mcap/install/deva_common_msgs:${AMENT_PREFIX_PATH} CMAKE_PREFIX_PATH=/home/linjiawei/load_mcap/install/deva_planning_msgs:/home/linjiawei/load_mcap/install/deva_map_msgs:/home/linjiawei/load_mcap/install/deva_perception_msgs:/home/linjiawei/load_mcap/install/deva_localization_msgs:/home/linjiawei/load_mcap/install/deva_common_msgs:/opt/ros/humble LD_LIBRARY_PATH=/home/linjiawei/load_mcap/install/deva_planning_msgs/lib:/home/linjiawei/load_mcap/install/deva_map_msgs/lib:/home/linjiawei/load_mcap/install/deva_perception_msgs/lib:/home/linjiawei/load_mcap/install/deva_localization_msgs/lib:/home/linjiawei/load_mcap/install/deva_common_msgs/lib:${LD_LIBRARY_PATH} PYTHONPATH=/home/linjiawei/load_mcap/install/deva_planning_msgs/local/lib/python3.10/dist-packages:/home/linjiawei/load_mcap/install/deva_map_msgs/local/lib/python3.10/dist-packages:/home/linjiawei/load_mcap/install/deva_perception_msgs/local/lib/python3.10/dist-packages:/home/linjiawei/load_mcap/install/deva_localization_msgs/local/lib/python3.10/dist-packages:/home/linjiawei/load_mcap/install/deva_common_msgs/local/lib/python3.10/dist-packages:${PYTHONPATH} /usr/bin/cmake --build /home/linjiawei/load_mcap/build/deva_mdriver_msgs -- -j17 -l17
[0.082s] [  0%] Built target deva_mdriver_msgs__cpp
[0.085s] [ 12%] Built target deva_mdriver_msgs__rosidl_generator_c
[0.086s] [ 12%] Built target ament_cmake_python_copy_deva_mdriver_msgs
[0.111s] [ 24%] Built target deva_mdriver_msgs__rosidl_typesupport_c
[0.112s] [ 36%] Built target deva_mdriver_msgs__rosidl_typesupport_introspection_cpp
[0.113s] [ 48%] Built target deva_mdriver_msgs__rosidl_typesupport_cpp
[0.113s] [ 60%] Built target deva_mdriver_msgs__rosidl_typesupport_introspection_c
[0.117s] [ 72%] Built target deva_mdriver_msgs__rosidl_typesupport_fastrtps_cpp
[0.123s] [ 84%] Built target deva_mdriver_msgs__rosidl_typesupport_fastrtps_c
[0.146s] [ 84%] Built target deva_mdriver_msgs
[0.168s] [ 85%] Built target deva_mdriver_msgs__py
[0.194s] [ 96%] Built target deva_mdriver_msgs__rosidl_generator_py
[0.216s] [ 99%] Built target deva_mdriver_msgs__rosidl_typesupport_introspection_c__pyext
[0.216s] [ 99%] Built target deva_mdriver_msgs__rosidl_typesupport_fastrtps_c__pyext
[0.216s] [100%] Built target deva_mdriver_msgs__rosidl_typesupport_c__pyext
[0.344s] running egg_info
[0.345s] writing deva_mdriver_msgs.egg-info/PKG-INFO
[0.345s] writing dependency_links to deva_mdriver_msgs.egg-info/dependency_links.txt
[0.345s] writing top-level names to deva_mdriver_msgs.egg-info/top_level.txt
[0.348s] reading manifest file 'deva_mdriver_msgs.egg-info/SOURCES.txt'
[0.349s] writing manifest file 'deva_mdriver_msgs.egg-info/SOURCES.txt'
[0.376s] [100%] Built target ament_cmake_python_build_deva_mdriver_msgs_egg
[0.388s] Invoked command in '/home/linjiawei/load_mcap/build/deva_mdriver_msgs' returned '0': AMENT_PREFIX_PATH=/home/linjiawei/load_mcap/install/deva_planning_msgs:/home/linjiawei/load_mcap/install/deva_map_msgs:/home/linjiawei/load_mcap/install/deva_perception_msgs:/home/linjiawei/load_mcap/install/deva_localization_msgs:/home/linjiawei/load_mcap/install/deva_common_msgs:${AMENT_PREFIX_PATH} CMAKE_PREFIX_PATH=/home/linjiawei/load_mcap/install/deva_planning_msgs:/home/linjiawei/load_mcap/install/deva_map_msgs:/home/linjiawei/load_mcap/install/deva_perception_msgs:/home/linjiawei/load_mcap/install/deva_localization_msgs:/home/linjiawei/load_mcap/install/deva_common_msgs:/opt/ros/humble LD_LIBRARY_PATH=/home/linjiawei/load_mcap/install/deva_planning_msgs/lib:/home/linjiawei/load_mcap/install/deva_map_msgs/lib:/home/linjiawei/load_mcap/install/deva_perception_msgs/lib:/home/linjiawei/load_mcap/install/deva_localization_msgs/lib:/home/linjiawei/load_mcap/install/deva_common_msgs/lib:${LD_LIBRARY_PATH} PYTHONPATH=/home/linjiawei/load_mcap/install/deva_planning_msgs/local/lib/python3.10/dist-packages:/home/linjiawei/load_mcap/install/deva_map_msgs/local/lib/python3.10/dist-packages:/home/linjiawei/load_mcap/install/deva_perception_msgs/local/lib/python3.10/dist-packages:/home/linjiawei/load_mcap/install/deva_localization_msgs/local/lib/python3.10/dist-packages:/home/linjiawei/load_mcap/install/deva_common_msgs/local/lib/python3.10/dist-packages:${PYTHONPATH} /usr/bin/cmake --build /home/linjiawei/load_mcap/build/deva_mdriver_msgs -- -j17 -l17
[0.390s] Invoking command in '/home/linjiawei/load_mcap/build/deva_mdriver_msgs': AMENT_PREFIX_PATH=/home/linjiawei/load_mcap/install/deva_planning_msgs:/home/linjiawei/load_mcap/install/deva_map_msgs:/home/linjiawei/load_mcap/install/deva_perception_msgs:/home/linjiawei/load_mcap/install/deva_localization_msgs:/home/linjiawei/load_mcap/install/deva_common_msgs:${AMENT_PREFIX_PATH} CMAKE_PREFIX_PATH=/home/linjiawei/load_mcap/install/deva_planning_msgs:/home/linjiawei/load_mcap/install/deva_map_msgs:/home/linjiawei/load_mcap/install/deva_perception_msgs:/home/linjiawei/load_mcap/install/deva_localization_msgs:/home/linjiawei/load_mcap/install/deva_common_msgs:/opt/ros/humble LD_LIBRARY_PATH=/home/linjiawei/load_mcap/install/deva_planning_msgs/lib:/home/linjiawei/load_mcap/install/deva_map_msgs/lib:/home/linjiawei/load_mcap/install/deva_perception_msgs/lib:/home/linjiawei/load_mcap/install/deva_localization_msgs/lib:/home/linjiawei/load_mcap/install/deva_common_msgs/lib:${LD_LIBRARY_PATH} PYTHONPATH=/home/linjiawei/load_mcap/install/deva_planning_msgs/local/lib/python3.10/dist-packages:/home/linjiawei/load_mcap/install/deva_map_msgs/local/lib/python3.10/dist-packages:/home/linjiawei/load_mcap/install/deva_perception_msgs/local/lib/python3.10/dist-packages:/home/linjiawei/load_mcap/install/deva_localization_msgs/local/lib/python3.10/dist-packages:/home/linjiawei/load_mcap/install/deva_common_msgs/local/lib/python3.10/dist-packages:${PYTHONPATH} /usr/bin/cmake --install /home/linjiawei/load_mcap/build/deva_mdriver_msgs
[0.397s] -- Install configuration: ""
[0.397s] -- Up-to-date: /home/linjiawei/load_mcap/install/deva_mdriver_msgs/share/ament_index/resource_index/rosidl_interfaces/deva_mdriver_msgs
[0.397s] -- Up-to-date: /home/linjiawei/load_mcap/install/deva_mdriver_msgs/include/deva_mdriver_msgs/deva_mdriver_msgs
[0.397s] -- Up-to-date: /home/linjiawei/load_mcap/install/deva_mdriver_msgs/include/deva_mdriver_msgs/deva_mdriver_msgs/msg
[0.397s] -- Up-to-date: /home/linjiawei/load_mcap/install/deva_mdriver_msgs/include/deva_mdriver_msgs/deva_mdriver_msgs/msg/rosidl_generator_c__visibility_control.h
[0.397s] -- Up-to-date: /home/linjiawei/load_mcap/install/deva_mdriver_msgs/include/deva_mdriver_msgs/deva_mdriver_msgs/msg/acc_heading_steering_stats.h
[0.397s] -- Up-to-date: /home/linjiawei/load_mcap/install/deva_mdriver_msgs/include/deva_mdriver_msgs/deva_mdriver_msgs/msg/detail
[0.397s] -- Up-to-date: /home/linjiawei/load_mcap/install/deva_mdriver_msgs/include/deva_mdriver_msgs/deva_mdriver_msgs/msg/detail/acc_heading_steering_stats__functions.c
[0.397s] -- Up-to-date: /home/linjiawei/load_mcap/install/deva_mdriver_msgs/include/deva_mdriver_msgs/deva_mdriver_msgs/msg/detail/acc_heading_steering_stats__functions.h
[0.397s] -- Up-to-date: /home/linjiawei/load_mcap/install/deva_mdriver_msgs/include/deva_mdriver_msgs/deva_mdriver_msgs/msg/detail/acc_heading_steering_stats__struct.h
[0.398s] -- Up-to-date: /home/linjiawei/load_mcap/install/deva_mdriver_msgs/include/deva_mdriver_msgs/deva_mdriver_msgs/msg/detail/acc_heading_steering_stats__type_support.h
[0.398s] -- Up-to-date: /home/linjiawei/load_mcap/install/deva_mdriver_msgs/include/deva_mdriver_msgs/deva_mdriver_msgs/msg/detail/center_line__functions.c
[0.398s] -- Up-to-date: /home/linjiawei/load_mcap/install/deva_mdriver_msgs/include/deva_mdriver_msgs/deva_mdriver_msgs/msg/detail/center_line__functions.h
[0.398s] -- Up-to-date: /home/linjiawei/load_mcap/install/deva_mdriver_msgs/include/deva_mdriver_msgs/deva_mdriver_msgs/msg/detail/center_line__struct.h
[0.398s] -- Up-to-date: /home/linjiawei/load_mcap/install/deva_mdriver_msgs/include/deva_mdriver_msgs/deva_mdriver_msgs/msg/detail/center_line__type_support.h
[0.398s] -- Up-to-date: /home/linjiawei/load_mcap/install/deva_mdriver_msgs/include/deva_mdriver_msgs/deva_mdriver_msgs/msg/detail/center_line_point__functions.c
[0.398s] -- Up-to-date: /home/linjiawei/load_mcap/install/deva_mdriver_msgs/include/deva_mdriver_msgs/deva_mdriver_msgs/msg/detail/center_line_point__functions.h
[0.398s] -- Up-to-date: /home/linjiawei/load_mcap/install/deva_mdriver_msgs/include/deva_mdriver_msgs/deva_mdriver_msgs/msg/detail/center_line_point__struct.h
[0.398s] -- Up-to-date: /home/linjiawei/load_mcap/install/deva_mdriver_msgs/include/deva_mdriver_msgs/deva_mdriver_msgs/msg/detail/center_line_point__type_support.h
[0.398s] -- Up-to-date: /home/linjiawei/load_mcap/install/deva_mdriver_msgs/include/deva_mdriver_msgs/deva_mdriver_msgs/msg/detail/center_lines__functions.c
[0.399s] -- Up-to-date: /home/linjiawei/load_mcap/install/deva_mdriver_msgs/include/deva_mdriver_msgs/deva_mdriver_msgs/msg/detail/center_lines__functions.h
[0.399s] -- Up-to-date: /home/linjiawei/load_mcap/install/deva_mdriver_msgs/include/deva_mdriver_msgs/deva_mdriver_msgs/msg/detail/center_lines__struct.h
[0.399s] -- Up-to-date: /home/linjiawei/load_mcap/install/deva_mdriver_msgs/include/deva_mdriver_msgs/deva_mdriver_msgs/msg/detail/center_lines__type_support.h
[0.399s] -- Up-to-date: /home/linjiawei/load_mcap/install/deva_mdriver_msgs/include/deva_mdriver_msgs/deva_mdriver_msgs/msg/detail/debug_info__functions.c
[0.399s] -- Up-to-date: /home/linjiawei/load_mcap/install/deva_mdriver_msgs/include/deva_mdriver_msgs/deva_mdriver_msgs/msg/detail/debug_info__functions.h
[0.399s] -- Up-to-date: /home/linjiawei/load_mcap/install/deva_mdriver_msgs/include/deva_mdriver_msgs/deva_mdriver_msgs/msg/detail/debug_info__struct.h
[0.399s] -- Up-to-date: /home/linjiawei/load_mcap/install/deva_mdriver_msgs/include/deva_mdriver_msgs/deva_mdriver_msgs/msg/detail/debug_info__type_support.h
[0.399s] -- Up-to-date: /home/linjiawei/load_mcap/install/deva_mdriver_msgs/include/deva_mdriver_msgs/deva_mdriver_msgs/msg/detail/m_prediction_obstacle__functions.c
[0.399s] -- Up-to-date: /home/linjiawei/load_mcap/install/deva_mdriver_msgs/include/deva_mdriver_msgs/deva_mdriver_msgs/msg/detail/m_prediction_obstacle__functions.h
[0.399s] -- Up-to-date: /home/linjiawei/load_mcap/install/deva_mdriver_msgs/include/deva_mdriver_msgs/deva_mdriver_msgs/msg/detail/m_prediction_obstacle__struct.h
[0.399s] -- Up-to-date: /home/linjiawei/load_mcap/install/deva_mdriver_msgs/include/deva_mdriver_msgs/deva_mdriver_msgs/msg/detail/m_prediction_obstacle__type_support.h
[0.399s] -- Up-to-date: /home/linjiawei/load_mcap/install/deva_mdriver_msgs/include/deva_mdriver_msgs/deva_mdriver_msgs/msg/detail/m_world__functions.c
[0.399s] -- Up-to-date: /home/linjiawei/load_mcap/install/deva_mdriver_msgs/include/deva_mdriver_msgs/deva_mdriver_msgs/msg/detail/m_world__functions.h
[0.399s] -- Up-to-date: /home/linjiawei/load_mcap/install/deva_mdriver_msgs/include/deva_mdriver_msgs/deva_mdriver_msgs/msg/detail/m_world__struct.h
[0.400s] -- Up-to-date: /home/linjiawei/load_mcap/install/deva_mdriver_msgs/include/deva_mdriver_msgs/deva_mdriver_msgs/msg/detail/m_world__type_support.h
[0.400s] -- Up-to-date: /home/linjiawei/load_mcap/install/deva_mdriver_msgs/include/deva_mdriver_msgs/deva_mdriver_msgs/msg/detail/mdriver_meta_action__functions.c
[0.400s] -- Up-to-date: /home/linjiawei/load_mcap/install/deva_mdriver_msgs/include/deva_mdriver_msgs/deva_mdriver_msgs/msg/detail/mdriver_meta_action__functions.h
[0.400s] -- Up-to-date: /home/linjiawei/load_mcap/install/deva_mdriver_msgs/include/deva_mdriver_msgs/deva_mdriver_msgs/msg/detail/mdriver_meta_action__struct.h
[0.400s] -- Up-to-date: /home/linjiawei/load_mcap/install/deva_mdriver_msgs/include/deva_mdriver_msgs/deva_mdriver_msgs/msg/detail/mdriver_meta_action__type_support.h
[0.400s] -- Up-to-date: /home/linjiawei/load_mcap/install/deva_mdriver_msgs/include/deva_mdriver_msgs/deva_mdriver_msgs/msg/detail/mdriver_ref_line__functions.c
[0.400s] -- Up-to-date: /home/linjiawei/load_mcap/install/deva_mdriver_msgs/include/deva_mdriver_msgs/deva_mdriver_msgs/msg/detail/mdriver_ref_line__functions.h
[0.400s] -- Up-to-date: /home/linjiawei/load_mcap/install/deva_mdriver_msgs/include/deva_mdriver_msgs/deva_mdriver_msgs/msg/detail/mdriver_ref_line__struct.h
[0.400s] -- Up-to-date: /home/linjiawei/load_mcap/install/deva_mdriver_msgs/include/deva_mdriver_msgs/deva_mdriver_msgs/msg/detail/mdriver_ref_line__type_support.h
[0.400s] -- Up-to-date: /home/linjiawei/load_mcap/install/deva_mdriver_msgs/include/deva_mdriver_msgs/deva_mdriver_msgs/msg/detail/mdriver_ref_lines__functions.c
[0.400s] -- Up-to-date: /home/linjiawei/load_mcap/install/deva_mdriver_msgs/include/deva_mdriver_msgs/deva_mdriver_msgs/msg/detail/mdriver_ref_lines__functions.h
[0.400s] -- Up-to-date: /home/linjiawei/load_mcap/install/deva_mdriver_msgs/include/deva_mdriver_msgs/deva_mdriver_msgs/msg/detail/mdriver_ref_lines__struct.h
[0.400s] -- Up-to-date: /home/linjiawei/load_mcap/install/deva_mdriver_msgs/include/deva_mdriver_msgs/deva_mdriver_msgs/msg/detail/mdriver_ref_lines__type_support.h
[0.401s] -- Up-to-date: /home/linjiawei/load_mcap/install/deva_mdriver_msgs/include/deva_mdriver_msgs/deva_mdriver_msgs/msg/detail/mdriver_result__functions.c
[0.401s] -- Up-to-date: /home/linjiawei/load_mcap/install/deva_mdriver_msgs/include/deva_mdriver_msgs/deva_mdriver_msgs/msg/detail/mdriver_result__functions.h
[0.401s] -- Up-to-date: /home/linjiawei/load_mcap/install/deva_mdriver_msgs/include/deva_mdriver_msgs/deva_mdriver_msgs/msg/detail/mdriver_result__struct.h
[0.401s] -- Up-to-date: /home/linjiawei/load_mcap/install/deva_mdriver_msgs/include/deva_mdriver_msgs/deva_mdriver_msgs/msg/detail/mdriver_result__type_support.h
[0.401s] -- Up-to-date: /home/linjiawei/load_mcap/install/deva_mdriver_msgs/include/deva_mdriver_msgs/deva_mdriver_msgs/msg/detail/mean_variance__functions.c
[0.401s] -- Up-to-date: /home/linjiawei/load_mcap/install/deva_mdriver_msgs/include/deva_mdriver_msgs/deva_mdriver_msgs/msg/detail/mean_variance__functions.h
[0.401s] -- Up-to-date: /home/linjiawei/load_mcap/install/deva_mdriver_msgs/include/deva_mdriver_msgs/deva_mdriver_msgs/msg/detail/mean_variance__struct.h
[0.401s] -- Up-to-date: /home/linjiawei/load_mcap/install/deva_mdriver_msgs/include/deva_mdriver_msgs/deva_mdriver_msgs/msg/detail/mean_variance__type_support.h
[0.401s] -- Up-to-date: /home/linjiawei/load_mcap/install/deva_mdriver_msgs/include/deva_mdriver_msgs/deva_mdriver_msgs/msg/detail/nudge_buffer__functions.c
[0.401s] -- Up-to-date: /home/linjiawei/load_mcap/install/deva_mdriver_msgs/include/deva_mdriver_msgs/deva_mdriver_msgs/msg/detail/nudge_buffer__functions.h
[0.401s] -- Up-to-date: /home/linjiawei/load_mcap/install/deva_mdriver_msgs/include/deva_mdriver_msgs/deva_mdriver_msgs/msg/detail/nudge_buffer__struct.h
[0.402s] -- Up-to-date: /home/linjiawei/load_mcap/install/deva_mdriver_msgs/include/deva_mdriver_msgs/deva_mdriver_msgs/msg/detail/nudge_buffer__type_support.h
[0.402s] -- Up-to-date: /home/linjiawei/load_mcap/install/deva_mdriver_msgs/include/deva_mdriver_msgs/deva_mdriver_msgs/msg/detail/obstacle_nudge_buffer__functions.c
[0.402s] -- Up-to-date: /home/linjiawei/load_mcap/install/deva_mdriver_msgs/include/deva_mdriver_msgs/deva_mdriver_msgs/msg/detail/obstacle_nudge_buffer__functions.h
[0.402s] -- Up-to-date: /home/linjiawei/load_mcap/install/deva_mdriver_msgs/include/deva_mdriver_msgs/deva_mdriver_msgs/msg/detail/obstacle_nudge_buffer__struct.h
[0.402s] -- Up-to-date: /home/linjiawei/load_mcap/install/deva_mdriver_msgs/include/deva_mdriver_msgs/deva_mdriver_msgs/msg/detail/obstacle_nudge_buffer__type_support.h
[0.402s] -- Up-to-date: /home/linjiawei/load_mcap/install/deva_mdriver_msgs/include/deva_mdriver_msgs/deva_mdriver_msgs/msg/center_line.h
[0.402s] -- Up-to-date: /home/linjiawei/load_mcap/install/deva_mdriver_msgs/include/deva_mdriver_msgs/deva_mdriver_msgs/msg/center_line_point.h
[0.402s] -- Up-to-date: /home/linjiawei/load_mcap/install/deva_mdriver_msgs/include/deva_mdriver_msgs/deva_mdriver_msgs/msg/center_lines.h
[0.402s] -- Up-to-date: /home/linjiawei/load_mcap/install/deva_mdriver_msgs/include/deva_mdriver_msgs/deva_mdriver_msgs/msg/debug_info.h
[0.402s] -- Up-to-date: /home/linjiawei/load_mcap/install/deva_mdriver_msgs/include/deva_mdriver_msgs/deva_mdriver_msgs/msg/m_prediction_obstacle.h
[0.402s] -- Up-to-date: /home/linjiawei/load_mcap/install/deva_mdriver_msgs/include/deva_mdriver_msgs/deva_mdriver_msgs/msg/m_world.h
[0.402s] -- Up-to-date: /home/linjiawei/load_mcap/install/deva_mdriver_msgs/include/deva_mdriver_msgs/deva_mdriver_msgs/msg/mdriver_meta_action.h
[0.403s] -- Up-to-date: /home/linjiawei/load_mcap/install/deva_mdriver_msgs/include/deva_mdriver_msgs/deva_mdriver_msgs/msg/mdriver_ref_line.h
[0.403s] -- Up-to-date: /home/linjiawei/load_mcap/install/deva_mdriver_msgs/include/deva_mdriver_msgs/deva_mdriver_msgs/msg/mdriver_ref_lines.h
[0.403s] -- Up-to-date: /home/linjiawei/load_mcap/install/deva_mdriver_msgs/include/deva_mdriver_msgs/deva_mdriver_msgs/msg/mdriver_result.h
[0.403s] -- Up-to-date: /home/linjiawei/load_mcap/install/deva_mdriver_msgs/include/deva_mdriver_msgs/deva_mdriver_msgs/msg/mean_variance.h
[0.403s] -- Up-to-date: /home/linjiawei/load_mcap/install/deva_mdriver_msgs/include/deva_mdriver_msgs/deva_mdriver_msgs/msg/nudge_buffer.h
[0.403s] -- Up-to-date: /home/linjiawei/load_mcap/install/deva_mdriver_msgs/include/deva_mdriver_msgs/deva_mdriver_msgs/msg/obstacle_nudge_buffer.h
[0.403s] -- Up-to-date: /home/linjiawei/load_mcap/install/deva_mdriver_msgs/share/deva_mdriver_msgs/environment/library_path.sh
[0.403s] -- Up-to-date: /home/linjiawei/load_mcap/install/deva_mdriver_msgs/share/deva_mdriver_msgs/environment/library_path.dsv
[0.403s] -- Up-to-date: /home/linjiawei/load_mcap/install/deva_mdriver_msgs/lib/libdeva_mdriver_msgs__rosidl_generator_c.so
[0.403s] -- Up-to-date: /home/linjiawei/load_mcap/install/deva_mdriver_msgs/include/deva_mdriver_msgs/deva_mdriver_msgs
[0.403s] -- Up-to-date: /home/linjiawei/load_mcap/install/deva_mdriver_msgs/include/deva_mdriver_msgs/deva_mdriver_msgs/msg
[0.403s] -- Up-to-date: /home/linjiawei/load_mcap/install/deva_mdriver_msgs/include/deva_mdriver_msgs/deva_mdriver_msgs/msg/rosidl_typesupport_fastrtps_c__visibility_control.h
[0.404s] -- Up-to-date: /home/linjiawei/load_mcap/install/deva_mdriver_msgs/include/deva_mdriver_msgs/deva_mdriver_msgs/msg/detail
[0.404s] -- Up-to-date: /home/linjiawei/load_mcap/install/deva_mdriver_msgs/include/deva_mdriver_msgs/deva_mdriver_msgs/msg/detail/acc_heading_steering_stats__rosidl_typesupport_fastrtps_c.h
[0.404s] -- Up-to-date: /home/linjiawei/load_mcap/install/deva_mdriver_msgs/include/deva_mdriver_msgs/deva_mdriver_msgs/msg/detail/center_line__rosidl_typesupport_fastrtps_c.h
[0.404s] -- Up-to-date: /home/linjiawei/load_mcap/install/deva_mdriver_msgs/include/deva_mdriver_msgs/deva_mdriver_msgs/msg/detail/center_line_point__rosidl_typesupport_fastrtps_c.h
[0.404s] -- Up-to-date: /home/linjiawei/load_mcap/install/deva_mdriver_msgs/include/deva_mdriver_msgs/deva_mdriver_msgs/msg/detail/center_lines__rosidl_typesupport_fastrtps_c.h
[0.404s] -- Up-to-date: /home/linjiawei/load_mcap/install/deva_mdriver_msgs/include/deva_mdriver_msgs/deva_mdriver_msgs/msg/detail/debug_info__rosidl_typesupport_fastrtps_c.h
[0.404s] -- Up-to-date: /home/linjiawei/load_mcap/install/deva_mdriver_msgs/include/deva_mdriver_msgs/deva_mdriver_msgs/msg/detail/m_prediction_obstacle__rosidl_typesupport_fastrtps_c.h
[0.404s] -- Up-to-date: /home/linjiawei/load_mcap/install/deva_mdriver_msgs/include/deva_mdriver_msgs/deva_mdriver_msgs/msg/detail/m_world__rosidl_typesupport_fastrtps_c.h
[0.404s] -- Up-to-date: /home/linjiawei/load_mcap/install/deva_mdriver_msgs/include/deva_mdriver_msgs/deva_mdriver_msgs/msg/detail/mdriver_meta_action__rosidl_typesupport_fastrtps_c.h
[0.404s] -- Up-to-date: /home/linjiawei/load_mcap/install/deva_mdriver_msgs/include/deva_mdriver_msgs/deva_mdriver_msgs/msg/detail/mdriver_ref_line__rosidl_typesupport_fastrtps_c.h
[0.405s] -- Up-to-date: /home/linjiawei/load_mcap/install/deva_mdriver_msgs/include/deva_mdriver_msgs/deva_mdriver_msgs/msg/detail/mdriver_ref_lines__rosidl_typesupport_fastrtps_c.h
[0.405s] -- Up-to-date: /home/linjiawei/load_mcap/install/deva_mdriver_msgs/include/deva_mdriver_msgs/deva_mdriver_msgs/msg/detail/mdriver_result__rosidl_typesupport_fastrtps_c.h
[0.405s] -- Up-to-date: /home/linjiawei/load_mcap/install/deva_mdriver_msgs/include/deva_mdriver_msgs/deva_mdriver_msgs/msg/detail/mean_variance__rosidl_typesupport_fastrtps_c.h
[0.405s] -- Up-to-date: /home/linjiawei/load_mcap/install/deva_mdriver_msgs/include/deva_mdriver_msgs/deva_mdriver_msgs/msg/detail/nudge_buffer__rosidl_typesupport_fastrtps_c.h
[0.405s] -- Up-to-date: /home/linjiawei/load_mcap/install/deva_mdriver_msgs/include/deva_mdriver_msgs/deva_mdriver_msgs/msg/detail/obstacle_nudge_buffer__rosidl_typesupport_fastrtps_c.h
[0.405s] -- Up-to-date: /home/linjiawei/load_mcap/install/deva_mdriver_msgs/lib/libdeva_mdriver_msgs__rosidl_typesupport_fastrtps_c.so
[0.405s] -- Up-to-date: /home/linjiawei/load_mcap/install/deva_mdriver_msgs/include/deva_mdriver_msgs/deva_mdriver_msgs
[0.405s] -- Up-to-date: /home/linjiawei/load_mcap/install/deva_mdriver_msgs/include/deva_mdriver_msgs/deva_mdriver_msgs/msg
[0.405s] -- Up-to-date: /home/linjiawei/load_mcap/install/deva_mdriver_msgs/include/deva_mdriver_msgs/deva_mdriver_msgs/msg/rosidl_typesupport_introspection_c__visibility_control.h
[0.405s] -- Up-to-date: /home/linjiawei/load_mcap/install/deva_mdriver_msgs/include/deva_mdriver_msgs/deva_mdriver_msgs/msg/detail
[0.406s] -- Up-to-date: /home/linjiawei/load_mcap/install/deva_mdriver_msgs/include/deva_mdriver_msgs/deva_mdriver_msgs/msg/detail/acc_heading_steering_stats__rosidl_typesupport_introspection_c.h
[0.406s] -- Up-to-date: /home/linjiawei/load_mcap/install/deva_mdriver_msgs/include/deva_mdriver_msgs/deva_mdriver_msgs/msg/detail/acc_heading_steering_stats__type_support.c
[0.406s] -- Up-to-date: /home/linjiawei/load_mcap/install/deva_mdriver_msgs/include/deva_mdriver_msgs/deva_mdriver_msgs/msg/detail/center_line__rosidl_typesupport_introspection_c.h
[0.406s] -- Up-to-date: /home/linjiawei/load_mcap/install/deva_mdriver_msgs/include/deva_mdriver_msgs/deva_mdriver_msgs/msg/detail/center_line__type_support.c
[0.406s] -- Up-to-date: /home/linjiawei/load_mcap/install/deva_mdriver_msgs/include/deva_mdriver_msgs/deva_mdriver_msgs/msg/detail/center_line_point__rosidl_typesupport_introspection_c.h
[0.406s] -- Up-to-date: /home/linjiawei/load_mcap/install/deva_mdriver_msgs/include/deva_mdriver_msgs/deva_mdriver_msgs/msg/detail/center_line_point__type_support.c
[0.406s] -- Up-to-date: /home/linjiawei/load_mcap/install/deva_mdriver_msgs/include/deva_mdriver_msgs/deva_mdriver_msgs/msg/detail/center_lines__rosidl_typesupport_introspection_c.h
[0.406s] -- Up-to-date: /home/linjiawei/load_mcap/install/deva_mdriver_msgs/include/deva_mdriver_msgs/deva_mdriver_msgs/msg/detail/center_lines__type_support.c
[0.407s] -- Up-to-date: /home/linjiawei/load_mcap/install/deva_mdriver_msgs/include/deva_mdriver_msgs/deva_mdriver_msgs/msg/detail/debug_info__rosidl_typesupport_introspection_c.h
[0.407s] -- Up-to-date: /home/linjiawei/load_mcap/install/deva_mdriver_msgs/include/deva_mdriver_msgs/deva_mdriver_msgs/msg/detail/debug_info__type_support.c
[0.407s] -- Up-to-date: /home/linjiawei/load_mcap/install/deva_mdriver_msgs/include/deva_mdriver_msgs/deva_mdriver_msgs/msg/detail/m_prediction_obstacle__rosidl_typesupport_introspection_c.h
[0.407s] -- Up-to-date: /home/linjiawei/load_mcap/install/deva_mdriver_msgs/include/deva_mdriver_msgs/deva_mdriver_msgs/msg/detail/m_prediction_obstacle__type_support.c
[0.407s] -- Up-to-date: /home/linjiawei/load_mcap/install/deva_mdriver_msgs/include/deva_mdriver_msgs/deva_mdriver_msgs/msg/detail/m_world__rosidl_typesupport_introspection_c.h
[0.407s] -- Up-to-date: /home/linjiawei/load_mcap/install/deva_mdriver_msgs/include/deva_mdriver_msgs/deva_mdriver_msgs/msg/detail/m_world__type_support.c
[0.407s] -- Up-to-date: /home/linjiawei/load_mcap/install/deva_mdriver_msgs/include/deva_mdriver_msgs/deva_mdriver_msgs/msg/detail/mdriver_meta_action__rosidl_typesupport_introspection_c.h
[0.407s] -- Up-to-date: /home/linjiawei/load_mcap/install/deva_mdriver_msgs/include/deva_mdriver_msgs/deva_mdriver_msgs/msg/detail/mdriver_meta_action__type_support.c
[0.407s] -- Up-to-date: /home/linjiawei/load_mcap/install/deva_mdriver_msgs/include/deva_mdriver_msgs/deva_mdriver_msgs/msg/detail/mdriver_ref_line__rosidl_typesupport_introspection_c.h
[0.407s] -- Up-to-date: /home/linjiawei/load_mcap/install/deva_mdriver_msgs/include/deva_mdriver_msgs/deva_mdriver_msgs/msg/detail/mdriver_ref_line__type_support.c
[0.407s] -- Up-to-date: /home/linjiawei/load_mcap/install/deva_mdriver_msgs/include/deva_mdriver_msgs/deva_mdriver_msgs/msg/detail/mdriver_ref_lines__rosidl_typesupport_introspection_c.h
[0.407s] -- Up-to-date: /home/linjiawei/load_mcap/install/deva_mdriver_msgs/include/deva_mdriver_msgs/deva_mdriver_msgs/msg/detail/mdriver_ref_lines__type_support.c
[0.407s] -- Up-to-date: /home/linjiawei/load_mcap/install/deva_mdriver_msgs/include/deva_mdriver_msgs/deva_mdriver_msgs/msg/detail/mdriver_result__rosidl_typesupport_introspection_c.h
[0.407s] -- Up-to-date: /home/linjiawei/load_mcap/install/deva_mdriver_msgs/include/deva_mdriver_msgs/deva_mdriver_msgs/msg/detail/mdriver_result__type_support.c
[0.408s] -- Up-to-date: /home/linjiawei/load_mcap/install/deva_mdriver_msgs/include/deva_mdriver_msgs/deva_mdriver_msgs/msg/detail/mean_variance__rosidl_typesupport_introspection_c.h
[0.408s] -- Up-to-date: /home/linjiawei/load_mcap/install/deva_mdriver_msgs/include/deva_mdriver_msgs/deva_mdriver_msgs/msg/detail/mean_variance__type_support.c
[0.408s] -- Up-to-date: /home/linjiawei/load_mcap/install/deva_mdriver_msgs/include/deva_mdriver_msgs/deva_mdriver_msgs/msg/detail/nudge_buffer__rosidl_typesupport_introspection_c.h
[0.408s] -- Up-to-date: /home/linjiawei/load_mcap/install/deva_mdriver_msgs/include/deva_mdriver_msgs/deva_mdriver_msgs/msg/detail/nudge_buffer__type_support.c
[0.408s] -- Up-to-date: /home/linjiawei/load_mcap/install/deva_mdriver_msgs/include/deva_mdriver_msgs/deva_mdriver_msgs/msg/detail/obstacle_nudge_buffer__rosidl_typesupport_introspection_c.h
[0.408s] -- Up-to-date: /home/linjiawei/load_mcap/install/deva_mdriver_msgs/include/deva_mdriver_msgs/deva_mdriver_msgs/msg/detail/obstacle_nudge_buffer__type_support.c
[0.408s] -- Up-to-date: /home/linjiawei/load_mcap/install/deva_mdriver_msgs/lib/libdeva_mdriver_msgs__rosidl_typesupport_introspection_c.so
[0.408s] -- Up-to-date: /home/linjiawei/load_mcap/install/deva_mdriver_msgs/lib/libdeva_mdriver_msgs__rosidl_typesupport_c.so
[0.408s] -- Up-to-date: /home/linjiawei/load_mcap/install/deva_mdriver_msgs/include/deva_mdriver_msgs/deva_mdriver_msgs
[0.409s] -- Up-to-date: /home/linjiawei/load_mcap/install/deva_mdriver_msgs/include/deva_mdriver_msgs/deva_mdriver_msgs/msg
[0.409s] -- Up-to-date: /home/linjiawei/load_mcap/install/deva_mdriver_msgs/include/deva_mdriver_msgs/deva_mdriver_msgs/msg/rosidl_generator_cpp__visibility_control.hpp
[0.409s] -- Up-to-date: /home/linjiawei/load_mcap/install/deva_mdriver_msgs/include/deva_mdriver_msgs/deva_mdriver_msgs/msg/acc_heading_steering_stats.hpp
[0.409s] -- Up-to-date: /home/linjiawei/load_mcap/install/deva_mdriver_msgs/include/deva_mdriver_msgs/deva_mdriver_msgs/msg/detail
[0.409s] -- Up-to-date: /home/linjiawei/load_mcap/install/deva_mdriver_msgs/include/deva_mdriver_msgs/deva_mdriver_msgs/msg/detail/acc_heading_steering_stats__builder.hpp
[0.409s] -- Up-to-date: /home/linjiawei/load_mcap/install/deva_mdriver_msgs/include/deva_mdriver_msgs/deva_mdriver_msgs/msg/detail/acc_heading_steering_stats__struct.hpp
[0.409s] -- Up-to-date: /home/linjiawei/load_mcap/install/deva_mdriver_msgs/include/deva_mdriver_msgs/deva_mdriver_msgs/msg/detail/acc_heading_steering_stats__traits.hpp
[0.409s] -- Up-to-date: /home/linjiawei/load_mcap/install/deva_mdriver_msgs/include/deva_mdriver_msgs/deva_mdriver_msgs/msg/detail/acc_heading_steering_stats__type_support.hpp
[0.409s] -- Up-to-date: /home/linjiawei/load_mcap/install/deva_mdriver_msgs/include/deva_mdriver_msgs/deva_mdriver_msgs/msg/detail/center_line__builder.hpp
[0.409s] -- Up-to-date: /home/linjiawei/load_mcap/install/deva_mdriver_msgs/include/deva_mdriver_msgs/deva_mdriver_msgs/msg/detail/center_line__struct.hpp
[0.409s] -- Up-to-date: /home/linjiawei/load_mcap/install/deva_mdriver_msgs/include/deva_mdriver_msgs/deva_mdriver_msgs/msg/detail/center_line__traits.hpp
[0.409s] -- Up-to-date: /home/linjiawei/load_mcap/install/deva_mdriver_msgs/include/deva_mdriver_msgs/deva_mdriver_msgs/msg/detail/center_line__type_support.hpp
[0.409s] -- Up-to-date: /home/linjiawei/load_mcap/install/deva_mdriver_msgs/include/deva_mdriver_msgs/deva_mdriver_msgs/msg/detail/center_line_point__builder.hpp
[0.409s] -- Up-to-date: /home/linjiawei/load_mcap/install/deva_mdriver_msgs/include/deva_mdriver_msgs/deva_mdriver_msgs/msg/detail/center_line_point__struct.hpp
[0.410s] -- Up-to-date: /home/linjiawei/load_mcap/install/deva_mdriver_msgs/include/deva_mdriver_msgs/deva_mdriver_msgs/msg/detail/center_line_point__traits.hpp
[0.410s] -- Up-to-date: /home/linjiawei/load_mcap/install/deva_mdriver_msgs/include/deva_mdriver_msgs/deva_mdriver_msgs/msg/detail/center_line_point__type_support.hpp
[0.410s] -- Up-to-date: /home/linjiawei/load_mcap/install/deva_mdriver_msgs/include/deva_mdriver_msgs/deva_mdriver_msgs/msg/detail/center_lines__builder.hpp
[0.410s] -- Up-to-date: /home/linjiawei/load_mcap/install/deva_mdriver_msgs/include/deva_mdriver_msgs/deva_mdriver_msgs/msg/detail/center_lines__struct.hpp
[0.410s] -- Up-to-date: /home/linjiawei/load_mcap/install/deva_mdriver_msgs/include/deva_mdriver_msgs/deva_mdriver_msgs/msg/detail/center_lines__traits.hpp
[0.410s] -- Up-to-date: /home/linjiawei/load_mcap/install/deva_mdriver_msgs/include/deva_mdriver_msgs/deva_mdriver_msgs/msg/detail/center_lines__type_support.hpp
[0.410s] -- Up-to-date: /home/linjiawei/load_mcap/install/deva_mdriver_msgs/include/deva_mdriver_msgs/deva_mdriver_msgs/msg/detail/debug_info__builder.hpp
[0.410s] -- Up-to-date: /home/linjiawei/load_mcap/install/deva_mdriver_msgs/include/deva_mdriver_msgs/deva_mdriver_msgs/msg/detail/debug_info__struct.hpp
[0.411s] -- Up-to-date: /home/linjiawei/load_mcap/install/deva_mdriver_msgs/include/deva_mdriver_msgs/deva_mdriver_msgs/msg/detail/debug_info__traits.hpp
[0.411s] -- Up-to-date: /home/linjiawei/load_mcap/install/deva_mdriver_msgs/include/deva_mdriver_msgs/deva_mdriver_msgs/msg/detail/debug_info__type_support.hpp
[0.411s] -- Up-to-date: /home/linjiawei/load_mcap/install/deva_mdriver_msgs/include/deva_mdriver_msgs/deva_mdriver_msgs/msg/detail/m_prediction_obstacle__builder.hpp
[0.411s] -- Up-to-date: /home/linjiawei/load_mcap/install/deva_mdriver_msgs/include/deva_mdriver_msgs/deva_mdriver_msgs/msg/detail/m_prediction_obstacle__struct.hpp
[0.411s] -- Up-to-date: /home/linjiawei/load_mcap/install/deva_mdriver_msgs/include/deva_mdriver_msgs/deva_mdriver_msgs/msg/detail/m_prediction_obstacle__traits.hpp
[0.412s] -- Up-to-date: /home/linjiawei/load_mcap/install/deva_mdriver_msgs/include/deva_mdriver_msgs/deva_mdriver_msgs/msg/detail/m_prediction_obstacle__type_support.hpp
[0.412s] -- Up-to-date: /home/linjiawei/load_mcap/install/deva_mdriver_msgs/include/deva_mdriver_msgs/deva_mdriver_msgs/msg/detail/m_world__builder.hpp
[0.412s] -- Up-to-date: /home/linjiawei/load_mcap/install/deva_mdriver_msgs/include/deva_mdriver_msgs/deva_mdriver_msgs/msg/detail/m_world__struct.hpp
[0.412s] -- Up-to-date: /home/linjiawei/load_mcap/install/deva_mdriver_msgs/include/deva_mdriver_msgs/deva_mdriver_msgs/msg/detail/m_world__traits.hpp
[0.412s] -- Up-to-date: /home/linjiawei/load_mcap/install/deva_mdriver_msgs/include/deva_mdriver_msgs/deva_mdriver_msgs/msg/detail/m_world__type_support.hpp
[0.412s] -- Up-to-date: /home/linjiawei/load_mcap/install/deva_mdriver_msgs/include/deva_mdriver_msgs/deva_mdriver_msgs/msg/detail/mdriver_meta_action__builder.hpp
[0.412s] -- Up-to-date: /home/linjiawei/load_mcap/install/deva_mdriver_msgs/include/deva_mdriver_msgs/deva_mdriver_msgs/msg/detail/mdriver_meta_action__struct.hpp
[0.412s] -- Up-to-date: /home/linjiawei/load_mcap/install/deva_mdriver_msgs/include/deva_mdriver_msgs/deva_mdriver_msgs/msg/detail/mdriver_meta_action__traits.hpp
[0.412s] -- Up-to-date: /home/linjiawei/load_mcap/install/deva_mdriver_msgs/include/deva_mdriver_msgs/deva_mdriver_msgs/msg/detail/mdriver_meta_action__type_support.hpp
[0.412s] -- Up-to-date: /home/linjiawei/load_mcap/install/deva_mdriver_msgs/include/deva_mdriver_msgs/deva_mdriver_msgs/msg/detail/mdriver_ref_line__builder.hpp
[0.412s] -- Up-to-date: /home/linjiawei/load_mcap/install/deva_mdriver_msgs/include/deva_mdriver_msgs/deva_mdriver_msgs/msg/detail/mdriver_ref_line__struct.hpp
[0.412s] -- Up-to-date: /home/linjiawei/load_mcap/install/deva_mdriver_msgs/include/deva_mdriver_msgs/deva_mdriver_msgs/msg/detail/mdriver_ref_line__traits.hpp
[0.412s] -- Up-to-date: /home/linjiawei/load_mcap/install/deva_mdriver_msgs/include/deva_mdriver_msgs/deva_mdriver_msgs/msg/detail/mdriver_ref_line__type_support.hpp
[0.412s] -- Up-to-date: /home/linjiawei/load_mcap/install/deva_mdriver_msgs/include/deva_mdriver_msgs/deva_mdriver_msgs/msg/detail/mdriver_ref_lines__builder.hpp
[0.413s] -- Up-to-date: /home/linjiawei/load_mcap/install/deva_mdriver_msgs/include/deva_mdriver_msgs/deva_mdriver_msgs/msg/detail/mdriver_ref_lines__struct.hpp
[0.413s] -- Up-to-date: /home/linjiawei/load_mcap/install/deva_mdriver_msgs/include/deva_mdriver_msgs/deva_mdriver_msgs/msg/detail/mdriver_ref_lines__traits.hpp
[0.413s] -- Up-to-date: /home/linjiawei/load_mcap/install/deva_mdriver_msgs/include/deva_mdriver_msgs/deva_mdriver_msgs/msg/detail/mdriver_ref_lines__type_support.hpp
[0.413s] -- Up-to-date: /home/linjiawei/load_mcap/install/deva_mdriver_msgs/include/deva_mdriver_msgs/deva_mdriver_msgs/msg/detail/mdriver_result__builder.hpp
[0.413s] -- Up-to-date: /home/linjiawei/load_mcap/install/deva_mdriver_msgs/include/deva_mdriver_msgs/deva_mdriver_msgs/msg/detail/mdriver_result__struct.hpp
[0.413s] -- Up-to-date: /home/linjiawei/load_mcap/install/deva_mdriver_msgs/include/deva_mdriver_msgs/deva_mdriver_msgs/msg/detail/mdriver_result__traits.hpp
[0.413s] -- Up-to-date: /home/linjiawei/load_mcap/install/deva_mdriver_msgs/include/deva_mdriver_msgs/deva_mdriver_msgs/msg/detail/mdriver_result__type_support.hpp
[0.413s] -- Up-to-date: /home/linjiawei/load_mcap/install/deva_mdriver_msgs/include/deva_mdriver_msgs/deva_mdriver_msgs/msg/detail/mean_variance__builder.hpp
[0.413s] -- Up-to-date: /home/linjiawei/load_mcap/install/deva_mdriver_msgs/include/deva_mdriver_msgs/deva_mdriver_msgs/msg/detail/mean_variance__struct.hpp
[0.413s] -- Up-to-date: /home/linjiawei/load_mcap/install/deva_mdriver_msgs/include/deva_mdriver_msgs/deva_mdriver_msgs/msg/detail/mean_variance__traits.hpp
[0.413s] -- Up-to-date: /home/linjiawei/load_mcap/install/deva_mdriver_msgs/include/deva_mdriver_msgs/deva_mdriver_msgs/msg/detail/mean_variance__type_support.hpp
[0.413s] -- Up-to-date: /home/linjiawei/load_mcap/install/deva_mdriver_msgs/include/deva_mdriver_msgs/deva_mdriver_msgs/msg/detail/nudge_buffer__builder.hpp
[0.413s] -- Up-to-date: /home/linjiawei/load_mcap/install/deva_mdriver_msgs/include/deva_mdriver_msgs/deva_mdriver_msgs/msg/detail/nudge_buffer__struct.hpp
[0.413s] -- Up-to-date: /home/linjiawei/load_mcap/install/deva_mdriver_msgs/include/deva_mdriver_msgs/deva_mdriver_msgs/msg/detail/nudge_buffer__traits.hpp
[0.413s] -- Up-to-date: /home/linjiawei/load_mcap/install/deva_mdriver_msgs/include/deva_mdriver_msgs/deva_mdriver_msgs/msg/detail/nudge_buffer__type_support.hpp
[0.413s] -- Up-to-date: /home/linjiawei/load_mcap/install/deva_mdriver_msgs/include/deva_mdriver_msgs/deva_mdriver_msgs/msg/detail/obstacle_nudge_buffer__builder.hpp
[0.413s] -- Up-to-date: /home/linjiawei/load_mcap/install/deva_mdriver_msgs/include/deva_mdriver_msgs/deva_mdriver_msgs/msg/detail/obstacle_nudge_buffer__struct.hpp
[0.413s] -- Up-to-date: /home/linjiawei/load_mcap/install/deva_mdriver_msgs/include/deva_mdriver_msgs/deva_mdriver_msgs/msg/detail/obstacle_nudge_buffer__traits.hpp
[0.414s] -- Up-to-date: /home/linjiawei/load_mcap/install/deva_mdriver_msgs/include/deva_mdriver_msgs/deva_mdriver_msgs/msg/detail/obstacle_nudge_buffer__type_support.hpp
[0.414s] -- Up-to-date: /home/linjiawei/load_mcap/install/deva_mdriver_msgs/include/deva_mdriver_msgs/deva_mdriver_msgs/msg/center_line.hpp
[0.414s] -- Up-to-date: /home/linjiawei/load_mcap/install/deva_mdriver_msgs/include/deva_mdriver_msgs/deva_mdriver_msgs/msg/center_line_point.hpp
[0.414s] -- Up-to-date: /home/linjiawei/load_mcap/install/deva_mdriver_msgs/include/deva_mdriver_msgs/deva_mdriver_msgs/msg/center_lines.hpp
[0.414s] -- Up-to-date: /home/linjiawei/load_mcap/install/deva_mdriver_msgs/include/deva_mdriver_msgs/deva_mdriver_msgs/msg/debug_info.hpp
[0.414s] -- Up-to-date: /home/linjiawei/load_mcap/install/deva_mdriver_msgs/include/deva_mdriver_msgs/deva_mdriver_msgs/msg/m_prediction_obstacle.hpp
[0.414s] -- Up-to-date: /home/linjiawei/load_mcap/install/deva_mdriver_msgs/include/deva_mdriver_msgs/deva_mdriver_msgs/msg/m_world.hpp
[0.414s] -- Up-to-date: /home/linjiawei/load_mcap/install/deva_mdriver_msgs/include/deva_mdriver_msgs/deva_mdriver_msgs/msg/mdriver_meta_action.hpp
[0.414s] -- Up-to-date: /home/linjiawei/load_mcap/install/deva_mdriver_msgs/include/deva_mdriver_msgs/deva_mdriver_msgs/msg/mdriver_ref_line.hpp
[0.414s] -- Up-to-date: /home/linjiawei/load_mcap/install/deva_mdriver_msgs/include/deva_mdriver_msgs/deva_mdriver_msgs/msg/mdriver_ref_lines.hpp
[0.414s] -- Up-to-date: /home/linjiawei/load_mcap/install/deva_mdriver_msgs/include/deva_mdriver_msgs/deva_mdriver_msgs/msg/mdriver_result.hpp
[0.414s] -- Up-to-date: /home/linjiawei/load_mcap/install/deva_mdriver_msgs/include/deva_mdriver_msgs/deva_mdriver_msgs/msg/mean_variance.hpp
[0.414s] -- Up-to-date: /home/linjiawei/load_mcap/install/deva_mdriver_msgs/include/deva_mdriver_msgs/deva_mdriver_msgs/msg/nudge_buffer.hpp
[0.414s] -- Up-to-date: /home/linjiawei/load_mcap/install/deva_mdriver_msgs/include/deva_mdriver_msgs/deva_mdriver_msgs/msg/obstacle_nudge_buffer.hpp
[0.414s] -- Up-to-date: /home/linjiawei/load_mcap/install/deva_mdriver_msgs/include/deva_mdriver_msgs/deva_mdriver_msgs
[0.414s] -- Up-to-date: /home/linjiawei/load_mcap/install/deva_mdriver_msgs/include/deva_mdriver_msgs/deva_mdriver_msgs/msg
[0.414s] -- Up-to-date: /home/linjiawei/load_mcap/install/deva_mdriver_msgs/include/deva_mdriver_msgs/deva_mdriver_msgs/msg/rosidl_typesupport_fastrtps_cpp__visibility_control.h
[0.414s] -- Up-to-date: /home/linjiawei/load_mcap/install/deva_mdriver_msgs/include/deva_mdriver_msgs/deva_mdriver_msgs/msg/detail
[0.414s] -- Up-to-date: /home/linjiawei/load_mcap/install/deva_mdriver_msgs/include/deva_mdriver_msgs/deva_mdriver_msgs/msg/detail/acc_heading_steering_stats__rosidl_typesupport_fastrtps_cpp.hpp
[0.414s] -- Up-to-date: /home/linjiawei/load_mcap/install/deva_mdriver_msgs/include/deva_mdriver_msgs/deva_mdriver_msgs/msg/detail/dds_fastrtps
[0.415s] -- Up-to-date: /home/linjiawei/load_mcap/install/deva_mdriver_msgs/include/deva_mdriver_msgs/deva_mdriver_msgs/msg/detail/center_line__rosidl_typesupport_fastrtps_cpp.hpp
[0.415s] -- Up-to-date: /home/linjiawei/load_mcap/install/deva_mdriver_msgs/include/deva_mdriver_msgs/deva_mdriver_msgs/msg/detail/center_line_point__rosidl_typesupport_fastrtps_cpp.hpp
[0.415s] -- Up-to-date: /home/linjiawei/load_mcap/install/deva_mdriver_msgs/include/deva_mdriver_msgs/deva_mdriver_msgs/msg/detail/center_lines__rosidl_typesupport_fastrtps_cpp.hpp
[0.415s] -- Up-to-date: /home/linjiawei/load_mcap/install/deva_mdriver_msgs/include/deva_mdriver_msgs/deva_mdriver_msgs/msg/detail/debug_info__rosidl_typesupport_fastrtps_cpp.hpp
[0.415s] -- Up-to-date: /home/linjiawei/load_mcap/install/deva_mdriver_msgs/include/deva_mdriver_msgs/deva_mdriver_msgs/msg/detail/m_prediction_obstacle__rosidl_typesupport_fastrtps_cpp.hpp
[0.415s] -- Up-to-date: /home/linjiawei/load_mcap/install/deva_mdriver_msgs/include/deva_mdriver_msgs/deva_mdriver_msgs/msg/detail/m_world__rosidl_typesupport_fastrtps_cpp.hpp
[0.415s] -- Up-to-date: /home/linjiawei/load_mcap/install/deva_mdriver_msgs/include/deva_mdriver_msgs/deva_mdriver_msgs/msg/detail/mdriver_meta_action__rosidl_typesupport_fastrtps_cpp.hpp
[0.415s] -- Up-to-date: /home/linjiawei/load_mcap/install/deva_mdriver_msgs/include/deva_mdriver_msgs/deva_mdriver_msgs/msg/detail/mdriver_ref_line__rosidl_typesupport_fastrtps_cpp.hpp
[0.415s] -- Up-to-date: /home/linjiawei/load_mcap/install/deva_mdriver_msgs/include/deva_mdriver_msgs/deva_mdriver_msgs/msg/detail/mdriver_ref_lines__rosidl_typesupport_fastrtps_cpp.hpp
[0.415s] -- Up-to-date: /home/linjiawei/load_mcap/install/deva_mdriver_msgs/include/deva_mdriver_msgs/deva_mdriver_msgs/msg/detail/mdriver_result__rosidl_typesupport_fastrtps_cpp.hpp
[0.415s] -- Up-to-date: /home/linjiawei/load_mcap/install/deva_mdriver_msgs/include/deva_mdriver_msgs/deva_mdriver_msgs/msg/detail/mean_variance__rosidl_typesupport_fastrtps_cpp.hpp
[0.415s] -- Up-to-date: /home/linjiawei/load_mcap/install/deva_mdriver_msgs/include/deva_mdriver_msgs/deva_mdriver_msgs/msg/detail/nudge_buffer__rosidl_typesupport_fastrtps_cpp.hpp
[0.415s] -- Up-to-date: /home/linjiawei/load_mcap/install/deva_mdriver_msgs/include/deva_mdriver_msgs/deva_mdriver_msgs/msg/detail/obstacle_nudge_buffer__rosidl_typesupport_fastrtps_cpp.hpp
[0.415s] -- Up-to-date: /home/linjiawei/load_mcap/install/deva_mdriver_msgs/lib/libdeva_mdriver_msgs__rosidl_typesupport_fastrtps_cpp.so
[0.415s] -- Up-to-date: /home/linjiawei/load_mcap/install/deva_mdriver_msgs/include/deva_mdriver_msgs/deva_mdriver_msgs
[0.415s] -- Up-to-date: /home/linjiawei/load_mcap/install/deva_mdriver_msgs/include/deva_mdriver_msgs/deva_mdriver_msgs/msg
[0.415s] -- Up-to-date: /home/linjiawei/load_mcap/install/deva_mdriver_msgs/include/deva_mdriver_msgs/deva_mdriver_msgs/msg/detail
[0.415s] -- Up-to-date: /home/linjiawei/load_mcap/install/deva_mdriver_msgs/include/deva_mdriver_msgs/deva_mdriver_msgs/msg/detail/acc_heading_steering_stats__rosidl_typesupport_introspection_cpp.hpp
[0.415s] -- Up-to-date: /home/linjiawei/load_mcap/install/deva_mdriver_msgs/include/deva_mdriver_msgs/deva_mdriver_msgs/msg/detail/acc_heading_steering_stats__type_support.cpp
[0.416s] -- Up-to-date: /home/linjiawei/load_mcap/install/deva_mdriver_msgs/include/deva_mdriver_msgs/deva_mdriver_msgs/msg/detail/center_line__rosidl_typesupport_introspection_cpp.hpp
[0.416s] -- Up-to-date: /home/linjiawei/load_mcap/install/deva_mdriver_msgs/include/deva_mdriver_msgs/deva_mdriver_msgs/msg/detail/center_line__type_support.cpp
[0.416s] -- Up-to-date: /home/linjiawei/load_mcap/install/deva_mdriver_msgs/include/deva_mdriver_msgs/deva_mdriver_msgs/msg/detail/center_line_point__rosidl_typesupport_introspection_cpp.hpp
[0.416s] -- Up-to-date: /home/linjiawei/load_mcap/install/deva_mdriver_msgs/include/deva_mdriver_msgs/deva_mdriver_msgs/msg/detail/center_line_point__type_support.cpp
[0.416s] -- Up-to-date: /home/linjiawei/load_mcap/install/deva_mdriver_msgs/include/deva_mdriver_msgs/deva_mdriver_msgs/msg/detail/center_lines__rosidl_typesupport_introspection_cpp.hpp
[0.416s] -- Up-to-date: /home/linjiawei/load_mcap/install/deva_mdriver_msgs/include/deva_mdriver_msgs/deva_mdriver_msgs/msg/detail/center_lines__type_support.cpp
[0.416s] -- Up-to-date: /home/linjiawei/load_mcap/install/deva_mdriver_msgs/include/deva_mdriver_msgs/deva_mdriver_msgs/msg/detail/debug_info__rosidl_typesupport_introspection_cpp.hpp
[0.416s] -- Up-to-date: /home/linjiawei/load_mcap/install/deva_mdriver_msgs/include/deva_mdriver_msgs/deva_mdriver_msgs/msg/detail/debug_info__type_support.cpp
[0.416s] -- Up-to-date: /home/linjiawei/load_mcap/install/deva_mdriver_msgs/include/deva_mdriver_msgs/deva_mdriver_msgs/msg/detail/m_prediction_obstacle__rosidl_typesupport_introspection_cpp.hpp
[0.416s] -- Up-to-date: /home/linjiawei/load_mcap/install/deva_mdriver_msgs/include/deva_mdriver_msgs/deva_mdriver_msgs/msg/detail/m_prediction_obstacle__type_support.cpp
[0.416s] -- Up-to-date: /home/linjiawei/load_mcap/install/deva_mdriver_msgs/include/deva_mdriver_msgs/deva_mdriver_msgs/msg/detail/m_world__rosidl_typesupport_introspection_cpp.hpp
[0.416s] -- Up-to-date: /home/linjiawei/load_mcap/install/deva_mdriver_msgs/include/deva_mdriver_msgs/deva_mdriver_msgs/msg/detail/m_world__type_support.cpp
[0.416s] -- Up-to-date: /home/linjiawei/load_mcap/install/deva_mdriver_msgs/include/deva_mdriver_msgs/deva_mdriver_msgs/msg/detail/mdriver_meta_action__rosidl_typesupport_introspection_cpp.hpp
[0.416s] -- Up-to-date: /home/linjiawei/load_mcap/install/deva_mdriver_msgs/include/deva_mdriver_msgs/deva_mdriver_msgs/msg/detail/mdriver_meta_action__type_support.cpp
[0.416s] -- Up-to-date: /home/linjiawei/load_mcap/install/deva_mdriver_msgs/include/deva_mdriver_msgs/deva_mdriver_msgs/msg/detail/mdriver_ref_line__rosidl_typesupport_introspection_cpp.hpp
[0.416s] -- Up-to-date: /home/linjiawei/load_mcap/install/deva_mdriver_msgs/include/deva_mdriver_msgs/deva_mdriver_msgs/msg/detail/mdriver_ref_line__type_support.cpp
[0.416s] -- Up-to-date: /home/linjiawei/load_mcap/install/deva_mdriver_msgs/include/deva_mdriver_msgs/deva_mdriver_msgs/msg/detail/mdriver_ref_lines__rosidl_typesupport_introspection_cpp.hpp
[0.416s] -- Up-to-date: /home/linjiawei/load_mcap/install/deva_mdriver_msgs/include/deva_mdriver_msgs/deva_mdriver_msgs/msg/detail/mdriver_ref_lines__type_support.cpp
[0.416s] -- Up-to-date: /home/linjiawei/load_mcap/install/deva_mdriver_msgs/include/deva_mdriver_msgs/deva_mdriver_msgs/msg/detail/mdriver_result__rosidl_typesupport_introspection_cpp.hpp
[0.417s] -- Up-to-date: /home/linjiawei/load_mcap/install/deva_mdriver_msgs/include/deva_mdriver_msgs/deva_mdriver_msgs/msg/detail/mdriver_result__type_support.cpp
[0.417s] -- Up-to-date: /home/linjiawei/load_mcap/install/deva_mdriver_msgs/include/deva_mdriver_msgs/deva_mdriver_msgs/msg/detail/mean_variance__rosidl_typesupport_introspection_cpp.hpp
[0.417s] -- Up-to-date: /home/linjiawei/load_mcap/install/deva_mdriver_msgs/include/deva_mdriver_msgs/deva_mdriver_msgs/msg/detail/mean_variance__type_support.cpp
[0.417s] -- Up-to-date: /home/linjiawei/load_mcap/install/deva_mdriver_msgs/include/deva_mdriver_msgs/deva_mdriver_msgs/msg/detail/nudge_buffer__rosidl_typesupport_introspection_cpp.hpp
[0.417s] -- Up-to-date: /home/linjiawei/load_mcap/install/deva_mdriver_msgs/include/deva_mdriver_msgs/deva_mdriver_msgs/msg/detail/nudge_buffer__type_support.cpp
[0.417s] -- Up-to-date: /home/linjiawei/load_mcap/install/deva_mdriver_msgs/include/deva_mdriver_msgs/deva_mdriver_msgs/msg/detail/obstacle_nudge_buffer__rosidl_typesupport_introspection_cpp.hpp
[0.417s] -- Up-to-date: /home/linjiawei/load_mcap/install/deva_mdriver_msgs/include/deva_mdriver_msgs/deva_mdriver_msgs/msg/detail/obstacle_nudge_buffer__type_support.cpp
[0.417s] -- Up-to-date: /home/linjiawei/load_mcap/install/deva_mdriver_msgs/lib/libdeva_mdriver_msgs__rosidl_typesupport_introspection_cpp.so
[0.417s] -- Up-to-date: /home/linjiawei/load_mcap/install/deva_mdriver_msgs/lib/libdeva_mdriver_msgs__rosidl_typesupport_cpp.so
[0.417s] -- Up-to-date: /home/linjiawei/load_mcap/install/deva_mdriver_msgs/share/deva_mdriver_msgs/environment/pythonpath.sh
[0.417s] -- Up-to-date: /home/linjiawei/load_mcap/install/deva_mdriver_msgs/share/deva_mdriver_msgs/environment/pythonpath.dsv
[0.417s] -- Up-to-date: /home/linjiawei/load_mcap/install/deva_mdriver_msgs/local/lib/python3.10/dist-packages/deva_mdriver_msgs-0.0.0-py3.10.egg-info
[0.417s] -- Installing: /home/linjiawei/load_mcap/install/deva_mdriver_msgs/local/lib/python3.10/dist-packages/deva_mdriver_msgs-0.0.0-py3.10.egg-info/PKG-INFO
[0.417s] -- Installing: /home/linjiawei/load_mcap/install/deva_mdriver_msgs/local/lib/python3.10/dist-packages/deva_mdriver_msgs-0.0.0-py3.10.egg-info/dependency_links.txt
[0.417s] -- Installing: /home/linjiawei/load_mcap/install/deva_mdriver_msgs/local/lib/python3.10/dist-packages/deva_mdriver_msgs-0.0.0-py3.10.egg-info/top_level.txt
[0.417s] -- Installing: /home/linjiawei/load_mcap/install/deva_mdriver_msgs/local/lib/python3.10/dist-packages/deva_mdriver_msgs-0.0.0-py3.10.egg-info/SOURCES.txt
[0.417s] -- Up-to-date: /home/linjiawei/load_mcap/install/deva_mdriver_msgs/local/lib/python3.10/dist-packages/deva_mdriver_msgs
[0.417s] -- Up-to-date: /home/linjiawei/load_mcap/install/deva_mdriver_msgs/local/lib/python3.10/dist-packages/deva_mdriver_msgs/__init__.py
[0.417s] -- Up-to-date: /home/linjiawei/load_mcap/install/deva_mdriver_msgs/local/lib/python3.10/dist-packages/deva_mdriver_msgs/msg
[0.418s] -- Up-to-date: /home/linjiawei/load_mcap/install/deva_mdriver_msgs/local/lib/python3.10/dist-packages/deva_mdriver_msgs/msg/_acc_heading_steering_stats.py
[0.418s] -- Up-to-date: /home/linjiawei/load_mcap/install/deva_mdriver_msgs/local/lib/python3.10/dist-packages/deva_mdriver_msgs/msg/_acc_heading_steering_stats_s.c
[0.418s] -- Up-to-date: /home/linjiawei/load_mcap/install/deva_mdriver_msgs/local/lib/python3.10/dist-packages/deva_mdriver_msgs/msg/_center_line.py
[0.418s] -- Up-to-date: /home/linjiawei/load_mcap/install/deva_mdriver_msgs/local/lib/python3.10/dist-packages/deva_mdriver_msgs/msg/_center_line_s.c
[0.418s] -- Up-to-date: /home/linjiawei/load_mcap/install/deva_mdriver_msgs/local/lib/python3.10/dist-packages/deva_mdriver_msgs/msg/_center_line_point.py
[0.418s] -- Up-to-date: /home/linjiawei/load_mcap/install/deva_mdriver_msgs/local/lib/python3.10/dist-packages/deva_mdriver_msgs/msg/_center_line_point_s.c
[0.418s] -- Up-to-date: /home/linjiawei/load_mcap/install/deva_mdriver_msgs/local/lib/python3.10/dist-packages/deva_mdriver_msgs/msg/_center_lines.py
[0.418s] -- Up-to-date: /home/linjiawei/load_mcap/install/deva_mdriver_msgs/local/lib/python3.10/dist-packages/deva_mdriver_msgs/msg/_center_lines_s.c
[0.418s] -- Up-to-date: /home/linjiawei/load_mcap/install/deva_mdriver_msgs/local/lib/python3.10/dist-packages/deva_mdriver_msgs/msg/_debug_info.py
[0.418s] -- Up-to-date: /home/linjiawei/load_mcap/install/deva_mdriver_msgs/local/lib/python3.10/dist-packages/deva_mdriver_msgs/msg/_debug_info_s.c
[0.419s] -- Up-to-date: /home/linjiawei/load_mcap/install/deva_mdriver_msgs/local/lib/python3.10/dist-packages/deva_mdriver_msgs/msg/_m_prediction_obstacle.py
[0.419s] -- Up-to-date: /home/linjiawei/load_mcap/install/deva_mdriver_msgs/local/lib/python3.10/dist-packages/deva_mdriver_msgs/msg/_m_prediction_obstacle_s.c
[0.419s] -- Up-to-date: /home/linjiawei/load_mcap/install/deva_mdriver_msgs/local/lib/python3.10/dist-packages/deva_mdriver_msgs/msg/_m_world.py
[0.419s] -- Up-to-date: /home/linjiawei/load_mcap/install/deva_mdriver_msgs/local/lib/python3.10/dist-packages/deva_mdriver_msgs/msg/_m_world_s.c
[0.419s] -- Up-to-date: /home/linjiawei/load_mcap/install/deva_mdriver_msgs/local/lib/python3.10/dist-packages/deva_mdriver_msgs/msg/_mdriver_meta_action.py
[0.419s] -- Up-to-date: /home/linjiawei/load_mcap/install/deva_mdriver_msgs/local/lib/python3.10/dist-packages/deva_mdriver_msgs/msg/_mdriver_meta_action_s.c
[0.419s] -- Up-to-date: /home/linjiawei/load_mcap/install/deva_mdriver_msgs/local/lib/python3.10/dist-packages/deva_mdriver_msgs/msg/_mdriver_ref_line.py
[0.419s] -- Up-to-date: /home/linjiawei/load_mcap/install/deva_mdriver_msgs/local/lib/python3.10/dist-packages/deva_mdriver_msgs/msg/_mdriver_ref_line_s.c
[0.419s] -- Up-to-date: /home/linjiawei/load_mcap/install/deva_mdriver_msgs/local/lib/python3.10/dist-packages/deva_mdriver_msgs/msg/_mdriver_ref_lines.py
[0.419s] -- Up-to-date: /home/linjiawei/load_mcap/install/deva_mdriver_msgs/local/lib/python3.10/dist-packages/deva_mdriver_msgs/msg/_mdriver_ref_lines_s.c
[0.419s] -- Up-to-date: /home/linjiawei/load_mcap/install/deva_mdriver_msgs/local/lib/python3.10/dist-packages/deva_mdriver_msgs/msg/_mdriver_result.py
[0.420s] -- Up-to-date: /home/linjiawei/load_mcap/install/deva_mdriver_msgs/local/lib/python3.10/dist-packages/deva_mdriver_msgs/msg/_mdriver_result_s.c
[0.420s] -- Up-to-date: /home/linjiawei/load_mcap/install/deva_mdriver_msgs/local/lib/python3.10/dist-packages/deva_mdriver_msgs/msg/_mean_variance.py
[0.420s] -- Up-to-date: /home/linjiawei/load_mcap/install/deva_mdriver_msgs/local/lib/python3.10/dist-packages/deva_mdriver_msgs/msg/_mean_variance_s.c
[0.420s] -- Up-to-date: /home/linjiawei/load_mcap/install/deva_mdriver_msgs/local/lib/python3.10/dist-packages/deva_mdriver_msgs/msg/_nudge_buffer.py
[0.420s] -- Up-to-date: /home/linjiawei/load_mcap/install/deva_mdriver_msgs/local/lib/python3.10/dist-packages/deva_mdriver_msgs/msg/_nudge_buffer_s.c
[0.420s] -- Up-to-date: /home/linjiawei/load_mcap/install/deva_mdriver_msgs/local/lib/python3.10/dist-packages/deva_mdriver_msgs/msg/_obstacle_nudge_buffer.py
[0.420s] -- Up-to-date: /home/linjiawei/load_mcap/install/deva_mdriver_msgs/local/lib/python3.10/dist-packages/deva_mdriver_msgs/msg/_obstacle_nudge_buffer_s.c
[0.420s] -- Up-to-date: /home/linjiawei/load_mcap/install/deva_mdriver_msgs/local/lib/python3.10/dist-packages/deva_mdriver_msgs/msg/__init__.py
[0.420s] -- Up-to-date: /home/linjiawei/load_mcap/install/deva_mdriver_msgs/local/lib/python3.10/dist-packages/deva_mdriver_msgs/_deva_mdriver_msgs_s.ep.rosidl_typesupport_fastrtps_c.c
[0.420s] -- Up-to-date: /home/linjiawei/load_mcap/install/deva_mdriver_msgs/local/lib/python3.10/dist-packages/deva_mdriver_msgs/_deva_mdriver_msgs_s.ep.rosidl_typesupport_introspection_c.c
[0.420s] -- Up-to-date: /home/linjiawei/load_mcap/install/deva_mdriver_msgs/local/lib/python3.10/dist-packages/deva_mdriver_msgs/_deva_mdriver_msgs_s.ep.rosidl_typesupport_c.c
[0.420s] -- Up-to-date: /home/linjiawei/load_mcap/install/deva_mdriver_msgs/local/lib/python3.10/dist-packages/deva_mdriver_msgs/libdeva_mdriver_msgs__rosidl_generator_py.so
[0.421s] -- Up-to-date: /home/linjiawei/load_mcap/install/deva_mdriver_msgs/local/lib/python3.10/dist-packages/deva_mdriver_msgs/deva_mdriver_msgs_s__rosidl_typesupport_fastrtps_c.cpython-310-x86_64-linux-gnu.so
[0.421s] -- Up-to-date: /home/linjiawei/load_mcap/install/deva_mdriver_msgs/local/lib/python3.10/dist-packages/deva_mdriver_msgs/deva_mdriver_msgs_s__rosidl_typesupport_c.cpython-310-x86_64-linux-gnu.so
[0.421s] -- Up-to-date: /home/linjiawei/load_mcap/install/deva_mdriver_msgs/local/lib/python3.10/dist-packages/deva_mdriver_msgs/deva_mdriver_msgs_s__rosidl_typesupport_introspection_c.cpython-310-x86_64-linux-gnu.so
[0.439s] Listing '/home/linjiawei/load_mcap/install/deva_mdriver_msgs/local/lib/python3.10/dist-packages/deva_mdriver_msgs'...
[0.439s] Listing '/home/linjiawei/load_mcap/install/deva_mdriver_msgs/local/lib/python3.10/dist-packages/deva_mdriver_msgs/msg'...
[0.443s] -- Up-to-date: /home/linjiawei/load_mcap/install/deva_mdriver_msgs/local/lib/python3.10/dist-packages/deva_mdriver_msgs/deva_mdriver_msgs_s__rosidl_typesupport_fastrtps_c.cpython-310-x86_64-linux-gnu.so
[0.443s] -- Up-to-date: /home/linjiawei/load_mcap/install/deva_mdriver_msgs/local/lib/python3.10/dist-packages/deva_mdriver_msgs/deva_mdriver_msgs_s__rosidl_typesupport_introspection_c.cpython-310-x86_64-linux-gnu.so
[0.444s] -- Up-to-date: /home/linjiawei/load_mcap/install/deva_mdriver_msgs/local/lib/python3.10/dist-packages/deva_mdriver_msgs/deva_mdriver_msgs_s__rosidl_typesupport_c.cpython-310-x86_64-linux-gnu.so
[0.444s] -- Up-to-date: /home/linjiawei/load_mcap/install/deva_mdriver_msgs/lib/libdeva_mdriver_msgs__rosidl_generator_py.so
[0.445s] -- Up-to-date: /home/linjiawei/load_mcap/install/deva_mdriver_msgs/share/deva_mdriver_msgs/msg/AccHeadingSteeringStats.idl
[0.445s] -- Up-to-date: /home/linjiawei/load_mcap/install/deva_mdriver_msgs/share/deva_mdriver_msgs/msg/CenterLine.idl
[0.445s] -- Up-to-date: /home/linjiawei/load_mcap/install/deva_mdriver_msgs/share/deva_mdriver_msgs/msg/CenterLinePoint.idl
[0.445s] -- Up-to-date: /home/linjiawei/load_mcap/install/deva_mdriver_msgs/share/deva_mdriver_msgs/msg/CenterLines.idl
[0.445s] -- Up-to-date: /home/linjiawei/load_mcap/install/deva_mdriver_msgs/share/deva_mdriver_msgs/msg/DebugInfo.idl
[0.445s] -- Up-to-date: /home/linjiawei/load_mcap/install/deva_mdriver_msgs/share/deva_mdriver_msgs/msg/MPredictionObstacle.idl
[0.445s] -- Up-to-date: /home/linjiawei/load_mcap/install/deva_mdriver_msgs/share/deva_mdriver_msgs/msg/MWorld.idl
[0.445s] -- Up-to-date: /home/linjiawei/load_mcap/install/deva_mdriver_msgs/share/deva_mdriver_msgs/msg/MdriverMetaAction.idl
[0.445s] -- Up-to-date: /home/linjiawei/load_mcap/install/deva_mdriver_msgs/share/deva_mdriver_msgs/msg/MdriverRefLine.idl
[0.445s] -- Up-to-date: /home/linjiawei/load_mcap/install/deva_mdriver_msgs/share/deva_mdriver_msgs/msg/MdriverRefLines.idl
[0.445s] -- Up-to-date: /home/linjiawei/load_mcap/install/deva_mdriver_msgs/share/deva_mdriver_msgs/msg/MdriverResult.idl
[0.445s] -- Up-to-date: /home/linjiawei/load_mcap/install/deva_mdriver_msgs/share/deva_mdriver_msgs/msg/MeanVariance.idl
[0.445s] -- Up-to-date: /home/linjiawei/load_mcap/install/deva_mdriver_msgs/share/deva_mdriver_msgs/msg/NudgeBuffer.idl
[0.446s] -- Up-to-date: /home/linjiawei/load_mcap/install/deva_mdriver_msgs/share/deva_mdriver_msgs/msg/ObstacleNudgeBuffer.idl
[0.446s] -- Up-to-date: /home/linjiawei/load_mcap/install/deva_mdriver_msgs/share/deva_mdriver_msgs/msg/AccHeadingSteeringStats.msg
[0.446s] -- Up-to-date: /home/linjiawei/load_mcap/install/deva_mdriver_msgs/share/deva_mdriver_msgs/msg/CenterLine.msg
[0.446s] -- Up-to-date: /home/linjiawei/load_mcap/install/deva_mdriver_msgs/share/deva_mdriver_msgs/msg/CenterLinePoint.msg
[0.446s] -- Up-to-date: /home/linjiawei/load_mcap/install/deva_mdriver_msgs/share/deva_mdriver_msgs/msg/CenterLines.msg
[0.446s] -- Up-to-date: /home/linjiawei/load_mcap/install/deva_mdriver_msgs/share/deva_mdriver_msgs/msg/DebugInfo.msg
[0.446s] -- Up-to-date: /home/linjiawei/load_mcap/install/deva_mdriver_msgs/share/deva_mdriver_msgs/msg/MPredictionObstacle.msg
[0.446s] -- Up-to-date: /home/linjiawei/load_mcap/install/deva_mdriver_msgs/share/deva_mdriver_msgs/msg/MWorld.msg
[0.446s] -- Up-to-date: /home/linjiawei/load_mcap/install/deva_mdriver_msgs/share/deva_mdriver_msgs/msg/MdriverMetaAction.msg
[0.446s] -- Up-to-date: /home/linjiawei/load_mcap/install/deva_mdriver_msgs/share/deva_mdriver_msgs/msg/MdriverRefLine.msg
[0.446s] -- Up-to-date: /home/linjiawei/load_mcap/install/deva_mdriver_msgs/share/deva_mdriver_msgs/msg/MdriverRefLines.msg
[0.446s] -- Up-to-date: /home/linjiawei/load_mcap/install/deva_mdriver_msgs/share/deva_mdriver_msgs/msg/MdriverResult.msg
[0.446s] -- Up-to-date: /home/linjiawei/load_mcap/install/deva_mdriver_msgs/share/deva_mdriver_msgs/msg/MeanVariance.msg
[0.446s] -- Up-to-date: /home/linjiawei/load_mcap/install/deva_mdriver_msgs/share/deva_mdriver_msgs/msg/NudgeBuffer.msg
[0.447s] -- Up-to-date: /home/linjiawei/load_mcap/install/deva_mdriver_msgs/share/deva_mdriver_msgs/msg/ObstacleNudgeBuffer.msg
[0.447s] -- Up-to-date: /home/linjiawei/load_mcap/install/deva_mdriver_msgs/share/ament_index/resource_index/package_run_dependencies/deva_mdriver_msgs
[0.447s] -- Up-to-date: /home/linjiawei/load_mcap/install/deva_mdriver_msgs/share/ament_index/resource_index/parent_prefix_path/deva_mdriver_msgs
[0.447s] -- Up-to-date: /home/linjiawei/load_mcap/install/deva_mdriver_msgs/share/deva_mdriver_msgs/environment/ament_prefix_path.sh
[0.447s] -- Up-to-date: /home/linjiawei/load_mcap/install/deva_mdriver_msgs/share/deva_mdriver_msgs/environment/ament_prefix_path.dsv
[0.447s] -- Up-to-date: /home/linjiawei/load_mcap/install/deva_mdriver_msgs/share/deva_mdriver_msgs/environment/path.sh
[0.447s] -- Up-to-date: /home/linjiawei/load_mcap/install/deva_mdriver_msgs/share/deva_mdriver_msgs/environment/path.dsv
[0.447s] -- Up-to-date: /home/linjiawei/load_mcap/install/deva_mdriver_msgs/share/deva_mdriver_msgs/local_setup.bash
[0.447s] -- Up-to-date: /home/linjiawei/load_mcap/install/deva_mdriver_msgs/share/deva_mdriver_msgs/local_setup.sh
[0.447s] -- Up-to-date: /home/linjiawei/load_mcap/install/deva_mdriver_msgs/share/deva_mdriver_msgs/local_setup.zsh
[0.447s] -- Up-to-date: /home/linjiawei/load_mcap/install/deva_mdriver_msgs/share/deva_mdriver_msgs/local_setup.dsv
[0.447s] -- Installing: /home/linjiawei/load_mcap/install/deva_mdriver_msgs/share/deva_mdriver_msgs/package.dsv
[0.447s] -- Up-to-date: /home/linjiawei/load_mcap/install/deva_mdriver_msgs/share/ament_index/resource_index/packages/deva_mdriver_msgs
[0.448s] -- Up-to-date: /home/linjiawei/load_mcap/install/deva_mdriver_msgs/share/deva_mdriver_msgs/cmake/export_deva_mdriver_msgs__rosidl_generator_cExport.cmake
[0.448s] -- Up-to-date: /home/linjiawei/load_mcap/install/deva_mdriver_msgs/share/deva_mdriver_msgs/cmake/export_deva_mdriver_msgs__rosidl_generator_cExport-noconfig.cmake
[0.448s] -- Up-to-date: /home/linjiawei/load_mcap/install/deva_mdriver_msgs/share/deva_mdriver_msgs/cmake/export_deva_mdriver_msgs__rosidl_typesupport_fastrtps_cExport.cmake
[0.448s] -- Up-to-date: /home/linjiawei/load_mcap/install/deva_mdriver_msgs/share/deva_mdriver_msgs/cmake/export_deva_mdriver_msgs__rosidl_typesupport_fastrtps_cExport-noconfig.cmake
[0.448s] -- Up-to-date: /home/linjiawei/load_mcap/install/deva_mdriver_msgs/share/deva_mdriver_msgs/cmake/deva_mdriver_msgs__rosidl_typesupport_introspection_cExport.cmake
[0.448s] -- Up-to-date: /home/linjiawei/load_mcap/install/deva_mdriver_msgs/share/deva_mdriver_msgs/cmake/deva_mdriver_msgs__rosidl_typesupport_introspection_cExport-noconfig.cmake
[0.448s] -- Up-to-date: /home/linjiawei/load_mcap/install/deva_mdriver_msgs/share/deva_mdriver_msgs/cmake/deva_mdriver_msgs__rosidl_typesupport_cExport.cmake
[0.448s] -- Up-to-date: /home/linjiawei/load_mcap/install/deva_mdriver_msgs/share/deva_mdriver_msgs/cmake/deva_mdriver_msgs__rosidl_typesupport_cExport-noconfig.cmake
[0.448s] -- Up-to-date: /home/linjiawei/load_mcap/install/deva_mdriver_msgs/share/deva_mdriver_msgs/cmake/export_deva_mdriver_msgs__rosidl_generator_cppExport.cmake
[0.448s] -- Up-to-date: /home/linjiawei/load_mcap/install/deva_mdriver_msgs/share/deva_mdriver_msgs/cmake/export_deva_mdriver_msgs__rosidl_typesupport_fastrtps_cppExport.cmake
[0.448s] -- Up-to-date: /home/linjiawei/load_mcap/install/deva_mdriver_msgs/share/deva_mdriver_msgs/cmake/export_deva_mdriver_msgs__rosidl_typesupport_fastrtps_cppExport-noconfig.cmake
[0.448s] -- Up-to-date: /home/linjiawei/load_mcap/install/deva_mdriver_msgs/share/deva_mdriver_msgs/cmake/deva_mdriver_msgs__rosidl_typesupport_introspection_cppExport.cmake
[0.448s] -- Up-to-date: /home/linjiawei/load_mcap/install/deva_mdriver_msgs/share/deva_mdriver_msgs/cmake/deva_mdriver_msgs__rosidl_typesupport_introspection_cppExport-noconfig.cmake
[0.448s] -- Up-to-date: /home/linjiawei/load_mcap/install/deva_mdriver_msgs/share/deva_mdriver_msgs/cmake/deva_mdriver_msgs__rosidl_typesupport_cppExport.cmake
[0.448s] -- Up-to-date: /home/linjiawei/load_mcap/install/deva_mdriver_msgs/share/deva_mdriver_msgs/cmake/deva_mdriver_msgs__rosidl_typesupport_cppExport-noconfig.cmake
[0.448s] -- Up-to-date: /home/linjiawei/load_mcap/install/deva_mdriver_msgs/share/deva_mdriver_msgs/cmake/export_deva_mdriver_msgs__rosidl_generator_pyExport.cmake
[0.449s] -- Up-to-date: /home/linjiawei/load_mcap/install/deva_mdriver_msgs/share/deva_mdriver_msgs/cmake/export_deva_mdriver_msgs__rosidl_generator_pyExport-noconfig.cmake
[0.449s] -- Up-to-date: /home/linjiawei/load_mcap/install/deva_mdriver_msgs/share/deva_mdriver_msgs/cmake/rosidl_cmake-extras.cmake
[0.449s] -- Up-to-date: /home/linjiawei/load_mcap/install/deva_mdriver_msgs/share/deva_mdriver_msgs/cmake/ament_cmake_export_dependencies-extras.cmake
[0.449s] -- Up-to-date: /home/linjiawei/load_mcap/install/deva_mdriver_msgs/share/deva_mdriver_msgs/cmake/ament_cmake_export_include_directories-extras.cmake
[0.449s] -- Up-to-date: /home/linjiawei/load_mcap/install/deva_mdriver_msgs/share/deva_mdriver_msgs/cmake/ament_cmake_export_libraries-extras.cmake
[0.449s] -- Up-to-date: /home/linjiawei/load_mcap/install/deva_mdriver_msgs/share/deva_mdriver_msgs/cmake/ament_cmake_export_targets-extras.cmake
[0.449s] -- Up-to-date: /home/linjiawei/load_mcap/install/deva_mdriver_msgs/share/deva_mdriver_msgs/cmake/rosidl_cmake_export_typesupport_targets-extras.cmake
[0.449s] -- Up-to-date: /home/linjiawei/load_mcap/install/deva_mdriver_msgs/share/deva_mdriver_msgs/cmake/rosidl_cmake_export_typesupport_libraries-extras.cmake
[0.449s] -- Up-to-date: /home/linjiawei/load_mcap/install/deva_mdriver_msgs/share/deva_mdriver_msgs/cmake/deva_mdriver_msgsConfig.cmake
[0.449s] -- Up-to-date: /home/linjiawei/load_mcap/install/deva_mdriver_msgs/share/deva_mdriver_msgs/cmake/deva_mdriver_msgsConfig-version.cmake
[0.449s] -- Up-to-date: /home/linjiawei/load_mcap/install/deva_mdriver_msgs/share/deva_mdriver_msgs/package.xml
[0.451s] Invoked command in '/home/linjiawei/load_mcap/build/deva_mdriver_msgs' returned '0': AMENT_PREFIX_PATH=/home/linjiawei/load_mcap/install/deva_planning_msgs:/home/linjiawei/load_mcap/install/deva_map_msgs:/home/linjiawei/load_mcap/install/deva_perception_msgs:/home/linjiawei/load_mcap/install/deva_localization_msgs:/home/linjiawei/load_mcap/install/deva_common_msgs:${AMENT_PREFIX_PATH} CMAKE_PREFIX_PATH=/home/linjiawei/load_mcap/install/deva_planning_msgs:/home/linjiawei/load_mcap/install/deva_map_msgs:/home/linjiawei/load_mcap/install/deva_perception_msgs:/home/linjiawei/load_mcap/install/deva_localization_msgs:/home/linjiawei/load_mcap/install/deva_common_msgs:/opt/ros/humble LD_LIBRARY_PATH=/home/linjiawei/load_mcap/install/deva_planning_msgs/lib:/home/linjiawei/load_mcap/install/deva_map_msgs/lib:/home/linjiawei/load_mcap/install/deva_perception_msgs/lib:/home/linjiawei/load_mcap/install/deva_localization_msgs/lib:/home/linjiawei/load_mcap/install/deva_common_msgs/lib:${LD_LIBRARY_PATH} PYTHONPATH=/home/linjiawei/load_mcap/install/deva_planning_msgs/local/lib/python3.10/dist-packages:/home/linjiawei/load_mcap/install/deva_map_msgs/local/lib/python3.10/dist-packages:/home/linjiawei/load_mcap/install/deva_perception_msgs/local/lib/python3.10/dist-packages:/home/linjiawei/load_mcap/install/deva_localization_msgs/local/lib/python3.10/dist-packages:/home/linjiawei/load_mcap/install/deva_common_msgs/local/lib/python3.10/dist-packages:${PYTHONPATH} /usr/bin/cmake --install /home/linjiawei/load_mcap/build/deva_mdriver_msgs
