[0.025s] Invoking command in '/home/linjiawei/load_mcap/build/mcap_streamer': CMAKE_PREFIX_PATH=${CMAKE_PREFIX_PATH}:/opt/ros/humble /usr/bin/cmake --build /home/linjiawei/load_mcap/build/mcap_streamer -- -j17 -l17
[0.049s] -- Found ament_cmake: 1.3.12 (/opt/ros/humble/share/ament_cmake/cmake)
[0.230s] -- Found rclcpp: 16.0.15 (/opt/ros/humble/share/rclcpp/cmake)
[0.255s] -- Found rosidl_generator_c: 3.1.7 (/opt/ros/humble/share/rosidl_generator_c/cmake)
[0.257s] -- Found rosidl_adapter: 3.1.7 (/opt/ros/humble/share/rosidl_adapter/cmake)
[0.263s] -- Found rosidl_generator_cpp: 3.1.7 (/opt/ros/humble/share/rosidl_generator_cpp/cmake)
[0.274s] -- Using all available rosidl_typesupport_c: rosidl_typesupport_fastrtps_c;rosidl_typesupport_introspection_c
[0.287s] -- Using all available rosidl_typesupport_cpp: rosidl_typesupport_fastrtps_cpp;rosidl_typesupport_introspection_cpp
[0.322s] -- Found rmw_implementation_cmake: 6.1.2 (/opt/ros/humble/share/rmw_implementation_cmake/cmake)
[0.324s] -- Found rmw_fastrtps_cpp: 6.2.9 (/opt/ros/humble/share/rmw_fastrtps_cpp/cmake)
[0.410s] -- Using RMW implementation 'rmw_fastrtps_cpp' as default
[0.463s] -- Found rosbag2_cpp: 0.15.15 (/opt/ros/humble/share/rosbag2_cpp/cmake)
[0.521s] -- Found ament_lint_auto: 0.12.14 (/opt/ros/humble/share/ament_lint_auto/cmake)
[0.610s] [31mCMake Error at CMakeLists.txt:66 (install):
[0.610s]   install TARGETS given target "mcap_example" which does not exist.
[0.610s] 
[0.610s] [0m
[0.613s] -- Added test 'cppcheck' to perform static code analysis on C / C++ code
[0.614s] -- Configured cppcheck include dirs: $<BUILD_INTERFACE:/home/linjiawei/load_mcap/src/mcap_streamer/include>
[0.614s] -- Configured cppcheck exclude dirs and/or files: 
[0.614s] -- Added test 'flake8' to check Python code syntax and style conventions
[0.614s] -- Added test 'lint_cmake' to check CMake code style
[0.614s] -- Added test 'pep257' to check Python code against some of the docstring style conventions in PEP 257
[0.615s] -- Added test 'uncrustify' to check C / C++ code style
[0.615s] -- Configured uncrustify additional arguments: 
[0.615s] -- Added test 'xmllint' to check XML markup files
[0.616s] -- Configuring incomplete, errors occurred!
[0.616s] See also "/home/linjiawei/load_mcap/build/mcap_streamer/CMakeFiles/CMakeOutput.log".
[0.616s] gmake: *** [Makefile:349: cmake_check_build_system] Error 1
[0.900s] Invoked command in '/home/linjiawei/load_mcap/build/mcap_streamer' returned '2': CMAKE_PREFIX_PATH=${CMAKE_PREFIX_PATH}:/opt/ros/humble /usr/bin/cmake --build /home/linjiawei/load_mcap/build/mcap_streamer -- -j17 -l17
