[0.077s] Invoking command in '/home/linjiawei/load_mcap/build/deva_localization_msgs': CMAKE_PREFIX_PATH=/home/linjiawei/load_mcap/install/deva_common_msgs:/home/linjiawei/load_mcap/install/serialize_msgs:/home/linjiawei/load_mcap/install/rviz_plug_msg:/home/linjiawei/load_mcap/install/mcap_streamer:/home/linjiawei/load_mcap/install/fault_diagnosis:/home/linjiawei/load_mcap/install/environment_model_msgs:/home/linjiawei/load_mcap/install/deva_control_msgs:/home/linjiawei/load_mcap/install/deva_planning_msgs2:/home/linjiawei/load_mcap/install/deva_mdriver_msgs:/home/linjiawei/load_mcap/install/deva_planning_msgs:/home/linjiawei/load_mcap/install/deva_map_msgs:/home/linjiawei/load_mcap/install/deva_perception_msgs:/home/linjiawei/load_mcap/install/deva_navi_msgs:/home/linjiawei/load_mcap/install/deva_localization_msgs:/home/linjiawei/load_mcap/install/deva_gaode_routing_msgs:/home/linjiawei/load_mcap/install/deva_function_msgs:/home/linjiawei/load_mcap/install/deva_aeb_msgs:/home/linjiawei/load_mcap/install/deva_ads_msgs:/opt/ros/humble LD_LIBRARY_PATH=/home/linjiawei/load_mcap/install/deva_common_msgs/lib:/home/linjiawei/load_mcap/install/serialize_msgs/lib:/home/linjiawei/load_mcap/install/rviz_plug_msg/lib:/home/linjiawei/load_mcap/install/fault_diagnosis/lib:/home/linjiawei/load_mcap/install/environment_model_msgs/lib:/home/linjiawei/load_mcap/install/deva_control_msgs/lib:/home/linjiawei/load_mcap/install/deva_planning_msgs2/lib:/home/linjiawei/load_mcap/install/deva_mdriver_msgs/lib:/home/linjiawei/load_mcap/install/deva_planning_msgs/lib:/home/linjiawei/load_mcap/install/deva_map_msgs/lib:/home/linjiawei/load_mcap/install/deva_perception_msgs/lib:/home/linjiawei/load_mcap/install/deva_navi_msgs/lib:/home/linjiawei/load_mcap/install/deva_localization_msgs/lib:/home/linjiawei/load_mcap/install/deva_gaode_routing_msgs/lib:/home/linjiawei/load_mcap/install/deva_function_msgs/lib:/home/linjiawei/load_mcap/install/deva_aeb_msgs/lib:/home/linjiawei/load_mcap/install/deva_ads_msgs/lib:/opt/ros/humble/opt/rviz_ogre_vendor/lib:/opt/ros/humble/lib/x86_64-linux-gnu:/opt/ros/humble/lib:/usr/local/nvidia/lib64 /usr/bin/cmake --build /home/linjiawei/load_mcap/build/deva_localization_msgs -- -j17 -l17
[0.136s] [  1%] Built target deva_localization_msgs__cpp
[0.137s] [ 12%] Built target deva_localization_msgs__rosidl_generator_c
[0.171s] [ 24%] Built target deva_localization_msgs__rosidl_typesupport_fastrtps_cpp
[0.183s] [ 35%] Built target deva_localization_msgs__rosidl_typesupport_introspection_c
[0.184s] [ 46%] Built target deva_localization_msgs__rosidl_typesupport_c
[0.185s] [ 58%] Built target deva_localization_msgs__rosidl_typesupport_fastrtps_c
[0.188s] [ 72%] Built target deva_localization_msgs__rosidl_typesupport_cpp
[0.188s] [ 81%] Built target deva_localization_msgs__rosidl_typesupport_introspection_cpp
[0.211s] [ 81%] Built target deva_localization_msgs
[0.250s] [ 82%] Built target deva_localization_msgs__py
[0.278s] [ 92%] Built target deva_localization_msgs__rosidl_generator_py
[0.306s] [ 94%] Built target deva_localization_msgs__rosidl_typesupport_introspection_c__pyext
[0.307s] [ 97%] Built target deva_localization_msgs__rosidl_typesupport_fastrtps_c__pyext
[0.314s] [100%] Built target deva_localization_msgs__rosidl_typesupport_c__pyext
[1.057s] [100%] Built target ament_cmake_python_copy_deva_localization_msgs
[1.346s] running egg_info
[1.347s] writing deva_localization_msgs.egg-info/PKG-INFO
[1.347s] writing dependency_links to deva_localization_msgs.egg-info/dependency_links.txt
[1.347s] writing top-level names to deva_localization_msgs.egg-info/top_level.txt
[1.350s] reading manifest file 'deva_localization_msgs.egg-info/SOURCES.txt'
[1.351s] writing manifest file 'deva_localization_msgs.egg-info/SOURCES.txt'
[1.379s] [100%] Built target ament_cmake_python_build_deva_localization_msgs_egg
[1.393s] Invoked command in '/home/linjiawei/load_mcap/build/deva_localization_msgs' returned '0': CMAKE_PREFIX_PATH=/home/linjiawei/load_mcap/install/deva_common_msgs:/home/linjiawei/load_mcap/install/serialize_msgs:/home/linjiawei/load_mcap/install/rviz_plug_msg:/home/linjiawei/load_mcap/install/mcap_streamer:/home/linjiawei/load_mcap/install/fault_diagnosis:/home/linjiawei/load_mcap/install/environment_model_msgs:/home/linjiawei/load_mcap/install/deva_control_msgs:/home/linjiawei/load_mcap/install/deva_planning_msgs2:/home/linjiawei/load_mcap/install/deva_mdriver_msgs:/home/linjiawei/load_mcap/install/deva_planning_msgs:/home/linjiawei/load_mcap/install/deva_map_msgs:/home/linjiawei/load_mcap/install/deva_perception_msgs:/home/linjiawei/load_mcap/install/deva_navi_msgs:/home/linjiawei/load_mcap/install/deva_localization_msgs:/home/linjiawei/load_mcap/install/deva_gaode_routing_msgs:/home/linjiawei/load_mcap/install/deva_function_msgs:/home/linjiawei/load_mcap/install/deva_aeb_msgs:/home/linjiawei/load_mcap/install/deva_ads_msgs:/opt/ros/humble LD_LIBRARY_PATH=/home/linjiawei/load_mcap/install/deva_common_msgs/lib:/home/linjiawei/load_mcap/install/serialize_msgs/lib:/home/linjiawei/load_mcap/install/rviz_plug_msg/lib:/home/linjiawei/load_mcap/install/fault_diagnosis/lib:/home/linjiawei/load_mcap/install/environment_model_msgs/lib:/home/linjiawei/load_mcap/install/deva_control_msgs/lib:/home/linjiawei/load_mcap/install/deva_planning_msgs2/lib:/home/linjiawei/load_mcap/install/deva_mdriver_msgs/lib:/home/linjiawei/load_mcap/install/deva_planning_msgs/lib:/home/linjiawei/load_mcap/install/deva_map_msgs/lib:/home/linjiawei/load_mcap/install/deva_perception_msgs/lib:/home/linjiawei/load_mcap/install/deva_navi_msgs/lib:/home/linjiawei/load_mcap/install/deva_localization_msgs/lib:/home/linjiawei/load_mcap/install/deva_gaode_routing_msgs/lib:/home/linjiawei/load_mcap/install/deva_function_msgs/lib:/home/linjiawei/load_mcap/install/deva_aeb_msgs/lib:/home/linjiawei/load_mcap/install/deva_ads_msgs/lib:/opt/ros/humble/opt/rviz_ogre_vendor/lib:/opt/ros/humble/lib/x86_64-linux-gnu:/opt/ros/humble/lib:/usr/local/nvidia/lib64 /usr/bin/cmake --build /home/linjiawei/load_mcap/build/deva_localization_msgs -- -j17 -l17
[1.394s] Invoking command in '/home/linjiawei/load_mcap/build/deva_localization_msgs': CMAKE_PREFIX_PATH=/home/linjiawei/load_mcap/install/deva_common_msgs:/home/linjiawei/load_mcap/install/serialize_msgs:/home/linjiawei/load_mcap/install/rviz_plug_msg:/home/linjiawei/load_mcap/install/mcap_streamer:/home/linjiawei/load_mcap/install/fault_diagnosis:/home/linjiawei/load_mcap/install/environment_model_msgs:/home/linjiawei/load_mcap/install/deva_control_msgs:/home/linjiawei/load_mcap/install/deva_planning_msgs2:/home/linjiawei/load_mcap/install/deva_mdriver_msgs:/home/linjiawei/load_mcap/install/deva_planning_msgs:/home/linjiawei/load_mcap/install/deva_map_msgs:/home/linjiawei/load_mcap/install/deva_perception_msgs:/home/linjiawei/load_mcap/install/deva_navi_msgs:/home/linjiawei/load_mcap/install/deva_localization_msgs:/home/linjiawei/load_mcap/install/deva_gaode_routing_msgs:/home/linjiawei/load_mcap/install/deva_function_msgs:/home/linjiawei/load_mcap/install/deva_aeb_msgs:/home/linjiawei/load_mcap/install/deva_ads_msgs:/opt/ros/humble LD_LIBRARY_PATH=/home/linjiawei/load_mcap/install/deva_common_msgs/lib:/home/linjiawei/load_mcap/install/serialize_msgs/lib:/home/linjiawei/load_mcap/install/rviz_plug_msg/lib:/home/linjiawei/load_mcap/install/fault_diagnosis/lib:/home/linjiawei/load_mcap/install/environment_model_msgs/lib:/home/linjiawei/load_mcap/install/deva_control_msgs/lib:/home/linjiawei/load_mcap/install/deva_planning_msgs2/lib:/home/linjiawei/load_mcap/install/deva_mdriver_msgs/lib:/home/linjiawei/load_mcap/install/deva_planning_msgs/lib:/home/linjiawei/load_mcap/install/deva_map_msgs/lib:/home/linjiawei/load_mcap/install/deva_perception_msgs/lib:/home/linjiawei/load_mcap/install/deva_navi_msgs/lib:/home/linjiawei/load_mcap/install/deva_localization_msgs/lib:/home/linjiawei/load_mcap/install/deva_gaode_routing_msgs/lib:/home/linjiawei/load_mcap/install/deva_function_msgs/lib:/home/linjiawei/load_mcap/install/deva_aeb_msgs/lib:/home/linjiawei/load_mcap/install/deva_ads_msgs/lib:/opt/ros/humble/opt/rviz_ogre_vendor/lib:/opt/ros/humble/lib/x86_64-linux-gnu:/opt/ros/humble/lib:/usr/local/nvidia/lib64 /usr/bin/cmake --install /home/linjiawei/load_mcap/build/deva_localization_msgs
[1.402s] -- Install configuration: ""
[1.402s] -- Up-to-date: /home/linjiawei/load_mcap/install/deva_localization_msgs/share/ament_index/resource_index/rosidl_interfaces/deva_localization_msgs
[1.402s] -- Up-to-date: /home/linjiawei/load_mcap/install/deva_localization_msgs/include/deva_localization_msgs/deva_localization_msgs
[1.402s] -- Up-to-date: /home/linjiawei/load_mcap/install/deva_localization_msgs/include/deva_localization_msgs/deva_localization_msgs/msg
[1.402s] -- Up-to-date: /home/linjiawei/load_mcap/install/deva_localization_msgs/include/deva_localization_msgs/deva_localization_msgs/msg/rosidl_generator_c__visibility_control.h
[1.402s] -- Up-to-date: /home/linjiawei/load_mcap/install/deva_localization_msgs/include/deva_localization_msgs/deva_localization_msgs/msg/corrected_imu.h
[1.402s] -- Up-to-date: /home/linjiawei/load_mcap/install/deva_localization_msgs/include/deva_localization_msgs/deva_localization_msgs/msg/detail
[1.403s] -- Up-to-date: /home/linjiawei/load_mcap/install/deva_localization_msgs/include/deva_localization_msgs/deva_localization_msgs/msg/detail/corrected_imu__functions.c
[1.403s] -- Up-to-date: /home/linjiawei/load_mcap/install/deva_localization_msgs/include/deva_localization_msgs/deva_localization_msgs/msg/detail/corrected_imu__functions.h
[1.403s] -- Up-to-date: /home/linjiawei/load_mcap/install/deva_localization_msgs/include/deva_localization_msgs/deva_localization_msgs/msg/detail/corrected_imu__struct.h
[1.403s] -- Up-to-date: /home/linjiawei/load_mcap/install/deva_localization_msgs/include/deva_localization_msgs/deva_localization_msgs/msg/detail/corrected_imu__type_support.h
[1.403s] -- Up-to-date: /home/linjiawei/load_mcap/install/deva_localization_msgs/include/deva_localization_msgs/deva_localization_msgs/msg/detail/gnss_best_pose__functions.c
[1.403s] -- Up-to-date: /home/linjiawei/load_mcap/install/deva_localization_msgs/include/deva_localization_msgs/deva_localization_msgs/msg/detail/gnss_best_pose__functions.h
[1.403s] -- Up-to-date: /home/linjiawei/load_mcap/install/deva_localization_msgs/include/deva_localization_msgs/deva_localization_msgs/msg/detail/gnss_best_pose__struct.h
[1.403s] -- Up-to-date: /home/linjiawei/load_mcap/install/deva_localization_msgs/include/deva_localization_msgs/deva_localization_msgs/msg/detail/gnss_best_pose__type_support.h
[1.403s] -- Up-to-date: /home/linjiawei/load_mcap/install/deva_localization_msgs/include/deva_localization_msgs/deva_localization_msgs/msg/detail/ins__functions.c
[1.403s] -- Up-to-date: /home/linjiawei/load_mcap/install/deva_localization_msgs/include/deva_localization_msgs/deva_localization_msgs/msg/detail/ins__functions.h
[1.403s] -- Up-to-date: /home/linjiawei/load_mcap/install/deva_localization_msgs/include/deva_localization_msgs/deva_localization_msgs/msg/detail/ins__struct.h
[1.404s] -- Up-to-date: /home/linjiawei/load_mcap/install/deva_localization_msgs/include/deva_localization_msgs/deva_localization_msgs/msg/detail/ins__type_support.h
[1.404s] -- Up-to-date: /home/linjiawei/load_mcap/install/deva_localization_msgs/include/deva_localization_msgs/deva_localization_msgs/msg/detail/localization_estimate__functions.c
[1.404s] -- Up-to-date: /home/linjiawei/load_mcap/install/deva_localization_msgs/include/deva_localization_msgs/deva_localization_msgs/msg/detail/localization_estimate__functions.h
[1.404s] -- Up-to-date: /home/linjiawei/load_mcap/install/deva_localization_msgs/include/deva_localization_msgs/deva_localization_msgs/msg/detail/localization_estimate__struct.h
[1.404s] -- Up-to-date: /home/linjiawei/load_mcap/install/deva_localization_msgs/include/deva_localization_msgs/deva_localization_msgs/msg/detail/localization_estimate__type_support.h
[1.404s] -- Up-to-date: /home/linjiawei/load_mcap/install/deva_localization_msgs/include/deva_localization_msgs/deva_localization_msgs/msg/detail/localization_revise__functions.c
[1.404s] -- Up-to-date: /home/linjiawei/load_mcap/install/deva_localization_msgs/include/deva_localization_msgs/deva_localization_msgs/msg/detail/localization_revise__functions.h
[1.404s] -- Up-to-date: /home/linjiawei/load_mcap/install/deva_localization_msgs/include/deva_localization_msgs/deva_localization_msgs/msg/detail/localization_revise__struct.h
[1.404s] -- Up-to-date: /home/linjiawei/load_mcap/install/deva_localization_msgs/include/deva_localization_msgs/deva_localization_msgs/msg/detail/localization_revise__type_support.h
[1.404s] -- Up-to-date: /home/linjiawei/load_mcap/install/deva_localization_msgs/include/deva_localization_msgs/deva_localization_msgs/msg/detail/pose__functions.c
[1.404s] -- Up-to-date: /home/linjiawei/load_mcap/install/deva_localization_msgs/include/deva_localization_msgs/deva_localization_msgs/msg/detail/pose__functions.h
[1.405s] -- Up-to-date: /home/linjiawei/load_mcap/install/deva_localization_msgs/include/deva_localization_msgs/deva_localization_msgs/msg/detail/pose__struct.h
[1.405s] -- Up-to-date: /home/linjiawei/load_mcap/install/deva_localization_msgs/include/deva_localization_msgs/deva_localization_msgs/msg/detail/pose__type_support.h
[1.405s] -- Up-to-date: /home/linjiawei/load_mcap/install/deva_localization_msgs/include/deva_localization_msgs/deva_localization_msgs/msg/detail/raw_imu__functions.c
[1.405s] -- Up-to-date: /home/linjiawei/load_mcap/install/deva_localization_msgs/include/deva_localization_msgs/deva_localization_msgs/msg/detail/raw_imu__functions.h
[1.405s] -- Up-to-date: /home/linjiawei/load_mcap/install/deva_localization_msgs/include/deva_localization_msgs/deva_localization_msgs/msg/detail/raw_imu__struct.h
[1.406s] -- Up-to-date: /home/linjiawei/load_mcap/install/deva_localization_msgs/include/deva_localization_msgs/deva_localization_msgs/msg/detail/raw_imu__type_support.h
[1.406s] -- Up-to-date: /home/linjiawei/load_mcap/install/deva_localization_msgs/include/deva_localization_msgs/deva_localization_msgs/msg/gnss_best_pose.h
[1.406s] -- Up-to-date: /home/linjiawei/load_mcap/install/deva_localization_msgs/include/deva_localization_msgs/deva_localization_msgs/msg/ins.h
[1.406s] -- Up-to-date: /home/linjiawei/load_mcap/install/deva_localization_msgs/include/deva_localization_msgs/deva_localization_msgs/msg/localization_estimate.h
[1.406s] -- Up-to-date: /home/linjiawei/load_mcap/install/deva_localization_msgs/include/deva_localization_msgs/deva_localization_msgs/msg/localization_revise.h
[1.406s] -- Up-to-date: /home/linjiawei/load_mcap/install/deva_localization_msgs/include/deva_localization_msgs/deva_localization_msgs/msg/pose.h
[1.406s] -- Up-to-date: /home/linjiawei/load_mcap/install/deva_localization_msgs/include/deva_localization_msgs/deva_localization_msgs/msg/raw_imu.h
[1.406s] -- Up-to-date: /home/linjiawei/load_mcap/install/deva_localization_msgs/share/deva_localization_msgs/environment/library_path.sh
[1.406s] -- Up-to-date: /home/linjiawei/load_mcap/install/deva_localization_msgs/share/deva_localization_msgs/environment/library_path.dsv
[1.406s] -- Up-to-date: /home/linjiawei/load_mcap/install/deva_localization_msgs/lib/libdeva_localization_msgs__rosidl_generator_c.so
[1.407s] -- Up-to-date: /home/linjiawei/load_mcap/install/deva_localization_msgs/include/deva_localization_msgs/deva_localization_msgs
[1.407s] -- Up-to-date: /home/linjiawei/load_mcap/install/deva_localization_msgs/include/deva_localization_msgs/deva_localization_msgs/msg
[1.407s] -- Up-to-date: /home/linjiawei/load_mcap/install/deva_localization_msgs/include/deva_localization_msgs/deva_localization_msgs/msg/rosidl_typesupport_fastrtps_c__visibility_control.h
[1.407s] -- Up-to-date: /home/linjiawei/load_mcap/install/deva_localization_msgs/include/deva_localization_msgs/deva_localization_msgs/msg/detail
[1.407s] -- Up-to-date: /home/linjiawei/load_mcap/install/deva_localization_msgs/include/deva_localization_msgs/deva_localization_msgs/msg/detail/corrected_imu__rosidl_typesupport_fastrtps_c.h
[1.407s] -- Up-to-date: /home/linjiawei/load_mcap/install/deva_localization_msgs/include/deva_localization_msgs/deva_localization_msgs/msg/detail/gnss_best_pose__rosidl_typesupport_fastrtps_c.h
[1.407s] -- Up-to-date: /home/linjiawei/load_mcap/install/deva_localization_msgs/include/deva_localization_msgs/deva_localization_msgs/msg/detail/ins__rosidl_typesupport_fastrtps_c.h
[1.407s] -- Up-to-date: /home/linjiawei/load_mcap/install/deva_localization_msgs/include/deva_localization_msgs/deva_localization_msgs/msg/detail/localization_estimate__rosidl_typesupport_fastrtps_c.h
[1.407s] -- Up-to-date: /home/linjiawei/load_mcap/install/deva_localization_msgs/include/deva_localization_msgs/deva_localization_msgs/msg/detail/localization_revise__rosidl_typesupport_fastrtps_c.h
[1.407s] -- Up-to-date: /home/linjiawei/load_mcap/install/deva_localization_msgs/include/deva_localization_msgs/deva_localization_msgs/msg/detail/pose__rosidl_typesupport_fastrtps_c.h
[1.407s] -- Up-to-date: /home/linjiawei/load_mcap/install/deva_localization_msgs/include/deva_localization_msgs/deva_localization_msgs/msg/detail/raw_imu__rosidl_typesupport_fastrtps_c.h
[1.407s] -- Up-to-date: /home/linjiawei/load_mcap/install/deva_localization_msgs/lib/libdeva_localization_msgs__rosidl_typesupport_fastrtps_c.so
[1.408s] -- Up-to-date: /home/linjiawei/load_mcap/install/deva_localization_msgs/include/deva_localization_msgs/deva_localization_msgs
[1.408s] -- Up-to-date: /home/linjiawei/load_mcap/install/deva_localization_msgs/include/deva_localization_msgs/deva_localization_msgs/msg
[1.408s] -- Up-to-date: /home/linjiawei/load_mcap/install/deva_localization_msgs/include/deva_localization_msgs/deva_localization_msgs/msg/rosidl_typesupport_introspection_c__visibility_control.h
[1.408s] -- Up-to-date: /home/linjiawei/load_mcap/install/deva_localization_msgs/include/deva_localization_msgs/deva_localization_msgs/msg/detail
[1.408s] -- Up-to-date: /home/linjiawei/load_mcap/install/deva_localization_msgs/include/deva_localization_msgs/deva_localization_msgs/msg/detail/corrected_imu__rosidl_typesupport_introspection_c.h
[1.408s] -- Up-to-date: /home/linjiawei/load_mcap/install/deva_localization_msgs/include/deva_localization_msgs/deva_localization_msgs/msg/detail/corrected_imu__type_support.c
[1.408s] -- Up-to-date: /home/linjiawei/load_mcap/install/deva_localization_msgs/include/deva_localization_msgs/deva_localization_msgs/msg/detail/gnss_best_pose__rosidl_typesupport_introspection_c.h
[1.408s] -- Up-to-date: /home/linjiawei/load_mcap/install/deva_localization_msgs/include/deva_localization_msgs/deva_localization_msgs/msg/detail/gnss_best_pose__type_support.c
[1.408s] -- Up-to-date: /home/linjiawei/load_mcap/install/deva_localization_msgs/include/deva_localization_msgs/deva_localization_msgs/msg/detail/ins__rosidl_typesupport_introspection_c.h
[1.408s] -- Up-to-date: /home/linjiawei/load_mcap/install/deva_localization_msgs/include/deva_localization_msgs/deva_localization_msgs/msg/detail/ins__type_support.c
[1.408s] -- Up-to-date: /home/linjiawei/load_mcap/install/deva_localization_msgs/include/deva_localization_msgs/deva_localization_msgs/msg/detail/localization_estimate__rosidl_typesupport_introspection_c.h
[1.408s] -- Up-to-date: /home/linjiawei/load_mcap/install/deva_localization_msgs/include/deva_localization_msgs/deva_localization_msgs/msg/detail/localization_estimate__type_support.c
[1.408s] -- Up-to-date: /home/linjiawei/load_mcap/install/deva_localization_msgs/include/deva_localization_msgs/deva_localization_msgs/msg/detail/localization_revise__rosidl_typesupport_introspection_c.h
[1.408s] -- Up-to-date: /home/linjiawei/load_mcap/install/deva_localization_msgs/include/deva_localization_msgs/deva_localization_msgs/msg/detail/localization_revise__type_support.c
[1.408s] -- Up-to-date: /home/linjiawei/load_mcap/install/deva_localization_msgs/include/deva_localization_msgs/deva_localization_msgs/msg/detail/pose__rosidl_typesupport_introspection_c.h
[1.408s] -- Up-to-date: /home/linjiawei/load_mcap/install/deva_localization_msgs/include/deva_localization_msgs/deva_localization_msgs/msg/detail/pose__type_support.c
[1.408s] -- Up-to-date: /home/linjiawei/load_mcap/install/deva_localization_msgs/include/deva_localization_msgs/deva_localization_msgs/msg/detail/raw_imu__rosidl_typesupport_introspection_c.h
[1.408s] -- Up-to-date: /home/linjiawei/load_mcap/install/deva_localization_msgs/include/deva_localization_msgs/deva_localization_msgs/msg/detail/raw_imu__type_support.c
[1.409s] -- Up-to-date: /home/linjiawei/load_mcap/install/deva_localization_msgs/lib/libdeva_localization_msgs__rosidl_typesupport_introspection_c.so
[1.409s] -- Up-to-date: /home/linjiawei/load_mcap/install/deva_localization_msgs/lib/libdeva_localization_msgs__rosidl_typesupport_c.so
[1.409s] -- Up-to-date: /home/linjiawei/load_mcap/install/deva_localization_msgs/include/deva_localization_msgs/deva_localization_msgs
[1.409s] -- Up-to-date: /home/linjiawei/load_mcap/install/deva_localization_msgs/include/deva_localization_msgs/deva_localization_msgs/msg
[1.409s] -- Up-to-date: /home/linjiawei/load_mcap/install/deva_localization_msgs/include/deva_localization_msgs/deva_localization_msgs/msg/rosidl_generator_cpp__visibility_control.hpp
[1.409s] -- Up-to-date: /home/linjiawei/load_mcap/install/deva_localization_msgs/include/deva_localization_msgs/deva_localization_msgs/msg/corrected_imu.hpp
[1.409s] -- Up-to-date: /home/linjiawei/load_mcap/install/deva_localization_msgs/include/deva_localization_msgs/deva_localization_msgs/msg/detail
[1.409s] -- Up-to-date: /home/linjiawei/load_mcap/install/deva_localization_msgs/include/deva_localization_msgs/deva_localization_msgs/msg/detail/corrected_imu__builder.hpp
[1.409s] -- Up-to-date: /home/linjiawei/load_mcap/install/deva_localization_msgs/include/deva_localization_msgs/deva_localization_msgs/msg/detail/corrected_imu__struct.hpp
[1.409s] -- Up-to-date: /home/linjiawei/load_mcap/install/deva_localization_msgs/include/deva_localization_msgs/deva_localization_msgs/msg/detail/corrected_imu__traits.hpp
[1.409s] -- Up-to-date: /home/linjiawei/load_mcap/install/deva_localization_msgs/include/deva_localization_msgs/deva_localization_msgs/msg/detail/corrected_imu__type_support.hpp
[1.409s] -- Up-to-date: /home/linjiawei/load_mcap/install/deva_localization_msgs/include/deva_localization_msgs/deva_localization_msgs/msg/detail/gnss_best_pose__builder.hpp
[1.409s] -- Up-to-date: /home/linjiawei/load_mcap/install/deva_localization_msgs/include/deva_localization_msgs/deva_localization_msgs/msg/detail/gnss_best_pose__struct.hpp
[1.409s] -- Up-to-date: /home/linjiawei/load_mcap/install/deva_localization_msgs/include/deva_localization_msgs/deva_localization_msgs/msg/detail/gnss_best_pose__traits.hpp
[1.409s] -- Up-to-date: /home/linjiawei/load_mcap/install/deva_localization_msgs/include/deva_localization_msgs/deva_localization_msgs/msg/detail/gnss_best_pose__type_support.hpp
[1.409s] -- Up-to-date: /home/linjiawei/load_mcap/install/deva_localization_msgs/include/deva_localization_msgs/deva_localization_msgs/msg/detail/ins__builder.hpp
[1.409s] -- Up-to-date: /home/linjiawei/load_mcap/install/deva_localization_msgs/include/deva_localization_msgs/deva_localization_msgs/msg/detail/ins__struct.hpp
[1.409s] -- Up-to-date: /home/linjiawei/load_mcap/install/deva_localization_msgs/include/deva_localization_msgs/deva_localization_msgs/msg/detail/ins__traits.hpp
[1.409s] -- Up-to-date: /home/linjiawei/load_mcap/install/deva_localization_msgs/include/deva_localization_msgs/deva_localization_msgs/msg/detail/ins__type_support.hpp
[1.410s] -- Up-to-date: /home/linjiawei/load_mcap/install/deva_localization_msgs/include/deva_localization_msgs/deva_localization_msgs/msg/detail/localization_estimate__builder.hpp
[1.410s] -- Up-to-date: /home/linjiawei/load_mcap/install/deva_localization_msgs/include/deva_localization_msgs/deva_localization_msgs/msg/detail/localization_estimate__struct.hpp
[1.410s] -- Up-to-date: /home/linjiawei/load_mcap/install/deva_localization_msgs/include/deva_localization_msgs/deva_localization_msgs/msg/detail/localization_estimate__traits.hpp
[1.410s] -- Up-to-date: /home/linjiawei/load_mcap/install/deva_localization_msgs/include/deva_localization_msgs/deva_localization_msgs/msg/detail/localization_estimate__type_support.hpp
[1.410s] -- Up-to-date: /home/linjiawei/load_mcap/install/deva_localization_msgs/include/deva_localization_msgs/deva_localization_msgs/msg/detail/localization_revise__builder.hpp
[1.410s] -- Up-to-date: /home/linjiawei/load_mcap/install/deva_localization_msgs/include/deva_localization_msgs/deva_localization_msgs/msg/detail/localization_revise__struct.hpp
[1.410s] -- Up-to-date: /home/linjiawei/load_mcap/install/deva_localization_msgs/include/deva_localization_msgs/deva_localization_msgs/msg/detail/localization_revise__traits.hpp
[1.410s] -- Up-to-date: /home/linjiawei/load_mcap/install/deva_localization_msgs/include/deva_localization_msgs/deva_localization_msgs/msg/detail/localization_revise__type_support.hpp
[1.410s] -- Up-to-date: /home/linjiawei/load_mcap/install/deva_localization_msgs/include/deva_localization_msgs/deva_localization_msgs/msg/detail/pose__builder.hpp
[1.410s] -- Up-to-date: /home/linjiawei/load_mcap/install/deva_localization_msgs/include/deva_localization_msgs/deva_localization_msgs/msg/detail/pose__struct.hpp
[1.410s] -- Up-to-date: /home/linjiawei/load_mcap/install/deva_localization_msgs/include/deva_localization_msgs/deva_localization_msgs/msg/detail/pose__traits.hpp
[1.410s] -- Up-to-date: /home/linjiawei/load_mcap/install/deva_localization_msgs/include/deva_localization_msgs/deva_localization_msgs/msg/detail/pose__type_support.hpp
[1.410s] -- Up-to-date: /home/linjiawei/load_mcap/install/deva_localization_msgs/include/deva_localization_msgs/deva_localization_msgs/msg/detail/raw_imu__builder.hpp
[1.410s] -- Up-to-date: /home/linjiawei/load_mcap/install/deva_localization_msgs/include/deva_localization_msgs/deva_localization_msgs/msg/detail/raw_imu__struct.hpp
[1.410s] -- Up-to-date: /home/linjiawei/load_mcap/install/deva_localization_msgs/include/deva_localization_msgs/deva_localization_msgs/msg/detail/raw_imu__traits.hpp
[1.410s] -- Up-to-date: /home/linjiawei/load_mcap/install/deva_localization_msgs/include/deva_localization_msgs/deva_localization_msgs/msg/detail/raw_imu__type_support.hpp
[1.410s] -- Up-to-date: /home/linjiawei/load_mcap/install/deva_localization_msgs/include/deva_localization_msgs/deva_localization_msgs/msg/gnss_best_pose.hpp
[1.410s] -- Up-to-date: /home/linjiawei/load_mcap/install/deva_localization_msgs/include/deva_localization_msgs/deva_localization_msgs/msg/ins.hpp
[1.411s] -- Up-to-date: /home/linjiawei/load_mcap/install/deva_localization_msgs/include/deva_localization_msgs/deva_localization_msgs/msg/localization_estimate.hpp
[1.411s] -- Up-to-date: /home/linjiawei/load_mcap/install/deva_localization_msgs/include/deva_localization_msgs/deva_localization_msgs/msg/localization_revise.hpp
[1.411s] -- Up-to-date: /home/linjiawei/load_mcap/install/deva_localization_msgs/include/deva_localization_msgs/deva_localization_msgs/msg/pose.hpp
[1.411s] -- Up-to-date: /home/linjiawei/load_mcap/install/deva_localization_msgs/include/deva_localization_msgs/deva_localization_msgs/msg/raw_imu.hpp
[1.411s] -- Up-to-date: /home/linjiawei/load_mcap/install/deva_localization_msgs/include/deva_localization_msgs/deva_localization_msgs
[1.411s] -- Up-to-date: /home/linjiawei/load_mcap/install/deva_localization_msgs/include/deva_localization_msgs/deva_localization_msgs/msg
[1.411s] -- Up-to-date: /home/linjiawei/load_mcap/install/deva_localization_msgs/include/deva_localization_msgs/deva_localization_msgs/msg/rosidl_typesupport_fastrtps_cpp__visibility_control.h
[1.411s] -- Up-to-date: /home/linjiawei/load_mcap/install/deva_localization_msgs/include/deva_localization_msgs/deva_localization_msgs/msg/detail
[1.411s] -- Up-to-date: /home/linjiawei/load_mcap/install/deva_localization_msgs/include/deva_localization_msgs/deva_localization_msgs/msg/detail/corrected_imu__rosidl_typesupport_fastrtps_cpp.hpp
[1.411s] -- Up-to-date: /home/linjiawei/load_mcap/install/deva_localization_msgs/include/deva_localization_msgs/deva_localization_msgs/msg/detail/dds_fastrtps
[1.411s] -- Up-to-date: /home/linjiawei/load_mcap/install/deva_localization_msgs/include/deva_localization_msgs/deva_localization_msgs/msg/detail/gnss_best_pose__rosidl_typesupport_fastrtps_cpp.hpp
[1.411s] -- Up-to-date: /home/linjiawei/load_mcap/install/deva_localization_msgs/include/deva_localization_msgs/deva_localization_msgs/msg/detail/ins__rosidl_typesupport_fastrtps_cpp.hpp
[1.411s] -- Up-to-date: /home/linjiawei/load_mcap/install/deva_localization_msgs/include/deva_localization_msgs/deva_localization_msgs/msg/detail/localization_estimate__rosidl_typesupport_fastrtps_cpp.hpp
[1.411s] -- Up-to-date: /home/linjiawei/load_mcap/install/deva_localization_msgs/include/deva_localization_msgs/deva_localization_msgs/msg/detail/localization_revise__rosidl_typesupport_fastrtps_cpp.hpp
[1.411s] -- Up-to-date: /home/linjiawei/load_mcap/install/deva_localization_msgs/include/deva_localization_msgs/deva_localization_msgs/msg/detail/pose__rosidl_typesupport_fastrtps_cpp.hpp
[1.411s] -- Up-to-date: /home/linjiawei/load_mcap/install/deva_localization_msgs/include/deva_localization_msgs/deva_localization_msgs/msg/detail/raw_imu__rosidl_typesupport_fastrtps_cpp.hpp
[1.411s] -- Up-to-date: /home/linjiawei/load_mcap/install/deva_localization_msgs/lib/libdeva_localization_msgs__rosidl_typesupport_fastrtps_cpp.so
[1.411s] -- Up-to-date: /home/linjiawei/load_mcap/install/deva_localization_msgs/include/deva_localization_msgs/deva_localization_msgs
[1.411s] -- Up-to-date: /home/linjiawei/load_mcap/install/deva_localization_msgs/include/deva_localization_msgs/deva_localization_msgs/msg
[1.412s] -- Up-to-date: /home/linjiawei/load_mcap/install/deva_localization_msgs/include/deva_localization_msgs/deva_localization_msgs/msg/detail
[1.412s] -- Up-to-date: /home/linjiawei/load_mcap/install/deva_localization_msgs/include/deva_localization_msgs/deva_localization_msgs/msg/detail/corrected_imu__rosidl_typesupport_introspection_cpp.hpp
[1.412s] -- Up-to-date: /home/linjiawei/load_mcap/install/deva_localization_msgs/include/deva_localization_msgs/deva_localization_msgs/msg/detail/corrected_imu__type_support.cpp
[1.412s] -- Up-to-date: /home/linjiawei/load_mcap/install/deva_localization_msgs/include/deva_localization_msgs/deva_localization_msgs/msg/detail/gnss_best_pose__rosidl_typesupport_introspection_cpp.hpp
[1.412s] -- Up-to-date: /home/linjiawei/load_mcap/install/deva_localization_msgs/include/deva_localization_msgs/deva_localization_msgs/msg/detail/gnss_best_pose__type_support.cpp
[1.412s] -- Up-to-date: /home/linjiawei/load_mcap/install/deva_localization_msgs/include/deva_localization_msgs/deva_localization_msgs/msg/detail/ins__rosidl_typesupport_introspection_cpp.hpp
[1.412s] -- Up-to-date: /home/linjiawei/load_mcap/install/deva_localization_msgs/include/deva_localization_msgs/deva_localization_msgs/msg/detail/ins__type_support.cpp
[1.412s] -- Up-to-date: /home/linjiawei/load_mcap/install/deva_localization_msgs/include/deva_localization_msgs/deva_localization_msgs/msg/detail/localization_estimate__rosidl_typesupport_introspection_cpp.hpp
[1.412s] -- Up-to-date: /home/linjiawei/load_mcap/install/deva_localization_msgs/include/deva_localization_msgs/deva_localization_msgs/msg/detail/localization_estimate__type_support.cpp
[1.412s] -- Up-to-date: /home/linjiawei/load_mcap/install/deva_localization_msgs/include/deva_localization_msgs/deva_localization_msgs/msg/detail/localization_revise__rosidl_typesupport_introspection_cpp.hpp
[1.412s] -- Up-to-date: /home/linjiawei/load_mcap/install/deva_localization_msgs/include/deva_localization_msgs/deva_localization_msgs/msg/detail/localization_revise__type_support.cpp
[1.412s] -- Up-to-date: /home/linjiawei/load_mcap/install/deva_localization_msgs/include/deva_localization_msgs/deva_localization_msgs/msg/detail/pose__rosidl_typesupport_introspection_cpp.hpp
[1.412s] -- Up-to-date: /home/linjiawei/load_mcap/install/deva_localization_msgs/include/deva_localization_msgs/deva_localization_msgs/msg/detail/pose__type_support.cpp
[1.412s] -- Up-to-date: /home/linjiawei/load_mcap/install/deva_localization_msgs/include/deva_localization_msgs/deva_localization_msgs/msg/detail/raw_imu__rosidl_typesupport_introspection_cpp.hpp
[1.412s] -- Up-to-date: /home/linjiawei/load_mcap/install/deva_localization_msgs/include/deva_localization_msgs/deva_localization_msgs/msg/detail/raw_imu__type_support.cpp
[1.412s] -- Up-to-date: /home/linjiawei/load_mcap/install/deva_localization_msgs/lib/libdeva_localization_msgs__rosidl_typesupport_introspection_cpp.so
[1.412s] -- Up-to-date: /home/linjiawei/load_mcap/install/deva_localization_msgs/lib/libdeva_localization_msgs__rosidl_typesupport_cpp.so
[1.412s] -- Up-to-date: /home/linjiawei/load_mcap/install/deva_localization_msgs/share/deva_localization_msgs/environment/pythonpath.sh
[1.412s] -- Up-to-date: /home/linjiawei/load_mcap/install/deva_localization_msgs/share/deva_localization_msgs/environment/pythonpath.dsv
[1.413s] -- Up-to-date: /home/linjiawei/load_mcap/install/deva_localization_msgs/local/lib/python3.10/dist-packages/deva_localization_msgs-0.0.0-py3.10.egg-info
[1.413s] -- Installing: /home/linjiawei/load_mcap/install/deva_localization_msgs/local/lib/python3.10/dist-packages/deva_localization_msgs-0.0.0-py3.10.egg-info/PKG-INFO
[1.413s] -- Installing: /home/linjiawei/load_mcap/install/deva_localization_msgs/local/lib/python3.10/dist-packages/deva_localization_msgs-0.0.0-py3.10.egg-info/dependency_links.txt
[1.413s] -- Installing: /home/linjiawei/load_mcap/install/deva_localization_msgs/local/lib/python3.10/dist-packages/deva_localization_msgs-0.0.0-py3.10.egg-info/top_level.txt
[1.413s] -- Installing: /home/linjiawei/load_mcap/install/deva_localization_msgs/local/lib/python3.10/dist-packages/deva_localization_msgs-0.0.0-py3.10.egg-info/SOURCES.txt
[1.413s] -- Up-to-date: /home/linjiawei/load_mcap/install/deva_localization_msgs/local/lib/python3.10/dist-packages/deva_localization_msgs
[1.413s] -- Up-to-date: /home/linjiawei/load_mcap/install/deva_localization_msgs/local/lib/python3.10/dist-packages/deva_localization_msgs/__init__.py
[1.413s] -- Up-to-date: /home/linjiawei/load_mcap/install/deva_localization_msgs/local/lib/python3.10/dist-packages/deva_localization_msgs/msg
[1.413s] -- Up-to-date: /home/linjiawei/load_mcap/install/deva_localization_msgs/local/lib/python3.10/dist-packages/deva_localization_msgs/msg/_corrected_imu.py
[1.413s] -- Up-to-date: /home/linjiawei/load_mcap/install/deva_localization_msgs/local/lib/python3.10/dist-packages/deva_localization_msgs/msg/_corrected_imu_s.c
[1.413s] -- Up-to-date: /home/linjiawei/load_mcap/install/deva_localization_msgs/local/lib/python3.10/dist-packages/deva_localization_msgs/msg/_gnss_best_pose.py
[1.413s] -- Up-to-date: /home/linjiawei/load_mcap/install/deva_localization_msgs/local/lib/python3.10/dist-packages/deva_localization_msgs/msg/_gnss_best_pose_s.c
[1.413s] -- Up-to-date: /home/linjiawei/load_mcap/install/deva_localization_msgs/local/lib/python3.10/dist-packages/deva_localization_msgs/msg/_ins.py
[1.413s] -- Up-to-date: /home/linjiawei/load_mcap/install/deva_localization_msgs/local/lib/python3.10/dist-packages/deva_localization_msgs/msg/_ins_s.c
[1.413s] -- Up-to-date: /home/linjiawei/load_mcap/install/deva_localization_msgs/local/lib/python3.10/dist-packages/deva_localization_msgs/msg/_localization_estimate.py
[1.413s] -- Up-to-date: /home/linjiawei/load_mcap/install/deva_localization_msgs/local/lib/python3.10/dist-packages/deva_localization_msgs/msg/_localization_estimate_s.c
[1.413s] -- Up-to-date: /home/linjiawei/load_mcap/install/deva_localization_msgs/local/lib/python3.10/dist-packages/deva_localization_msgs/msg/_localization_revise.py
[1.413s] -- Up-to-date: /home/linjiawei/load_mcap/install/deva_localization_msgs/local/lib/python3.10/dist-packages/deva_localization_msgs/msg/_localization_revise_s.c
[1.413s] -- Up-to-date: /home/linjiawei/load_mcap/install/deva_localization_msgs/local/lib/python3.10/dist-packages/deva_localization_msgs/msg/_pose.py
[1.414s] -- Up-to-date: /home/linjiawei/load_mcap/install/deva_localization_msgs/local/lib/python3.10/dist-packages/deva_localization_msgs/msg/_pose_s.c
[1.414s] -- Up-to-date: /home/linjiawei/load_mcap/install/deva_localization_msgs/local/lib/python3.10/dist-packages/deva_localization_msgs/msg/_raw_imu.py
[1.414s] -- Up-to-date: /home/linjiawei/load_mcap/install/deva_localization_msgs/local/lib/python3.10/dist-packages/deva_localization_msgs/msg/_raw_imu_s.c
[1.414s] -- Up-to-date: /home/linjiawei/load_mcap/install/deva_localization_msgs/local/lib/python3.10/dist-packages/deva_localization_msgs/msg/__init__.py
[1.414s] -- Up-to-date: /home/linjiawei/load_mcap/install/deva_localization_msgs/local/lib/python3.10/dist-packages/deva_localization_msgs/_deva_localization_msgs_s.ep.rosidl_typesupport_fastrtps_c.c
[1.414s] -- Up-to-date: /home/linjiawei/load_mcap/install/deva_localization_msgs/local/lib/python3.10/dist-packages/deva_localization_msgs/_deva_localization_msgs_s.ep.rosidl_typesupport_introspection_c.c
[1.414s] -- Up-to-date: /home/linjiawei/load_mcap/install/deva_localization_msgs/local/lib/python3.10/dist-packages/deva_localization_msgs/_deva_localization_msgs_s.ep.rosidl_typesupport_c.c
[1.414s] -- Up-to-date: /home/linjiawei/load_mcap/install/deva_localization_msgs/local/lib/python3.10/dist-packages/deva_localization_msgs/libdeva_localization_msgs__rosidl_generator_py.so
[1.414s] -- Up-to-date: /home/linjiawei/load_mcap/install/deva_localization_msgs/local/lib/python3.10/dist-packages/deva_localization_msgs/deva_localization_msgs_s__rosidl_typesupport_c.cpython-310-x86_64-linux-gnu.so
[1.414s] -- Up-to-date: /home/linjiawei/load_mcap/install/deva_localization_msgs/local/lib/python3.10/dist-packages/deva_localization_msgs/deva_localization_msgs_s__rosidl_typesupport_introspection_c.cpython-310-x86_64-linux-gnu.so
[1.414s] -- Up-to-date: /home/linjiawei/load_mcap/install/deva_localization_msgs/local/lib/python3.10/dist-packages/deva_localization_msgs/deva_localization_msgs_s__rosidl_typesupport_fastrtps_c.cpython-310-x86_64-linux-gnu.so
[1.449s] Listing '/home/linjiawei/load_mcap/install/deva_localization_msgs/local/lib/python3.10/dist-packages/deva_localization_msgs'...
[1.449s] Listing '/home/linjiawei/load_mcap/install/deva_localization_msgs/local/lib/python3.10/dist-packages/deva_localization_msgs/msg'...
[1.453s] -- Up-to-date: /home/linjiawei/load_mcap/install/deva_localization_msgs/local/lib/python3.10/dist-packages/deva_localization_msgs/deva_localization_msgs_s__rosidl_typesupport_fastrtps_c.cpython-310-x86_64-linux-gnu.so
[1.453s] -- Up-to-date: /home/linjiawei/load_mcap/install/deva_localization_msgs/local/lib/python3.10/dist-packages/deva_localization_msgs/deva_localization_msgs_s__rosidl_typesupport_introspection_c.cpython-310-x86_64-linux-gnu.so
[1.453s] -- Up-to-date: /home/linjiawei/load_mcap/install/deva_localization_msgs/local/lib/python3.10/dist-packages/deva_localization_msgs/deva_localization_msgs_s__rosidl_typesupport_c.cpython-310-x86_64-linux-gnu.so
[1.454s] -- Up-to-date: /home/linjiawei/load_mcap/install/deva_localization_msgs/lib/libdeva_localization_msgs__rosidl_generator_py.so
[1.454s] -- Up-to-date: /home/linjiawei/load_mcap/install/deva_localization_msgs/share/deva_localization_msgs/msg/CorrectedImu.idl
[1.454s] -- Up-to-date: /home/linjiawei/load_mcap/install/deva_localization_msgs/share/deva_localization_msgs/msg/GnssBestPose.idl
[1.454s] -- Up-to-date: /home/linjiawei/load_mcap/install/deva_localization_msgs/share/deva_localization_msgs/msg/Ins.idl
[1.454s] -- Up-to-date: /home/linjiawei/load_mcap/install/deva_localization_msgs/share/deva_localization_msgs/msg/LocalizationEstimate.idl
[1.454s] -- Up-to-date: /home/linjiawei/load_mcap/install/deva_localization_msgs/share/deva_localization_msgs/msg/LocalizationRevise.idl
[1.454s] -- Up-to-date: /home/linjiawei/load_mcap/install/deva_localization_msgs/share/deva_localization_msgs/msg/Pose.idl
[1.454s] -- Up-to-date: /home/linjiawei/load_mcap/install/deva_localization_msgs/share/deva_localization_msgs/msg/RawImu.idl
[1.455s] -- Up-to-date: /home/linjiawei/load_mcap/install/deva_localization_msgs/share/deva_localization_msgs/msg/CorrectedImu.msg
[1.455s] -- Up-to-date: /home/linjiawei/load_mcap/install/deva_localization_msgs/share/deva_localization_msgs/msg/GnssBestPose.msg
[1.455s] -- Up-to-date: /home/linjiawei/load_mcap/install/deva_localization_msgs/share/deva_localization_msgs/msg/Ins.msg
[1.455s] -- Up-to-date: /home/linjiawei/load_mcap/install/deva_localization_msgs/share/deva_localization_msgs/msg/LocalizationEstimate.msg
[1.455s] -- Up-to-date: /home/linjiawei/load_mcap/install/deva_localization_msgs/share/deva_localization_msgs/msg/LocalizationRevise.msg
[1.455s] -- Up-to-date: /home/linjiawei/load_mcap/install/deva_localization_msgs/share/deva_localization_msgs/msg/Pose.msg
[1.455s] -- Up-to-date: /home/linjiawei/load_mcap/install/deva_localization_msgs/share/deva_localization_msgs/msg/RawImu.msg
[1.455s] -- Up-to-date: /home/linjiawei/load_mcap/install/deva_localization_msgs/share/ament_index/resource_index/package_run_dependencies/deva_localization_msgs
[1.455s] -- Up-to-date: /home/linjiawei/load_mcap/install/deva_localization_msgs/share/ament_index/resource_index/parent_prefix_path/deva_localization_msgs
[1.455s] -- Up-to-date: /home/linjiawei/load_mcap/install/deva_localization_msgs/share/deva_localization_msgs/environment/ament_prefix_path.sh
[1.455s] -- Up-to-date: /home/linjiawei/load_mcap/install/deva_localization_msgs/share/deva_localization_msgs/environment/ament_prefix_path.dsv
[1.455s] -- Up-to-date: /home/linjiawei/load_mcap/install/deva_localization_msgs/share/deva_localization_msgs/environment/path.sh
[1.455s] -- Up-to-date: /home/linjiawei/load_mcap/install/deva_localization_msgs/share/deva_localization_msgs/environment/path.dsv
[1.456s] -- Up-to-date: /home/linjiawei/load_mcap/install/deva_localization_msgs/share/deva_localization_msgs/local_setup.bash
[1.456s] -- Up-to-date: /home/linjiawei/load_mcap/install/deva_localization_msgs/share/deva_localization_msgs/local_setup.sh
[1.456s] -- Up-to-date: /home/linjiawei/load_mcap/install/deva_localization_msgs/share/deva_localization_msgs/local_setup.zsh
[1.456s] -- Up-to-date: /home/linjiawei/load_mcap/install/deva_localization_msgs/share/deva_localization_msgs/local_setup.dsv
[1.456s] -- Installing: /home/linjiawei/load_mcap/install/deva_localization_msgs/share/deva_localization_msgs/package.dsv
[1.456s] -- Up-to-date: /home/linjiawei/load_mcap/install/deva_localization_msgs/share/ament_index/resource_index/packages/deva_localization_msgs
[1.456s] -- Up-to-date: /home/linjiawei/load_mcap/install/deva_localization_msgs/share/deva_localization_msgs/cmake/export_deva_localization_msgs__rosidl_generator_cExport.cmake
[1.456s] -- Up-to-date: /home/linjiawei/load_mcap/install/deva_localization_msgs/share/deva_localization_msgs/cmake/export_deva_localization_msgs__rosidl_generator_cExport-noconfig.cmake
[1.456s] -- Up-to-date: /home/linjiawei/load_mcap/install/deva_localization_msgs/share/deva_localization_msgs/cmake/export_deva_localization_msgs__rosidl_typesupport_fastrtps_cExport.cmake
[1.456s] -- Up-to-date: /home/linjiawei/load_mcap/install/deva_localization_msgs/share/deva_localization_msgs/cmake/export_deva_localization_msgs__rosidl_typesupport_fastrtps_cExport-noconfig.cmake
[1.456s] -- Up-to-date: /home/linjiawei/load_mcap/install/deva_localization_msgs/share/deva_localization_msgs/cmake/deva_localization_msgs__rosidl_typesupport_introspection_cExport.cmake
[1.456s] -- Up-to-date: /home/linjiawei/load_mcap/install/deva_localization_msgs/share/deva_localization_msgs/cmake/deva_localization_msgs__rosidl_typesupport_introspection_cExport-noconfig.cmake
[1.456s] -- Up-to-date: /home/linjiawei/load_mcap/install/deva_localization_msgs/share/deva_localization_msgs/cmake/deva_localization_msgs__rosidl_typesupport_cExport.cmake
[1.456s] -- Up-to-date: /home/linjiawei/load_mcap/install/deva_localization_msgs/share/deva_localization_msgs/cmake/deva_localization_msgs__rosidl_typesupport_cExport-noconfig.cmake
[1.457s] -- Up-to-date: /home/linjiawei/load_mcap/install/deva_localization_msgs/share/deva_localization_msgs/cmake/export_deva_localization_msgs__rosidl_generator_cppExport.cmake
[1.457s] -- Up-to-date: /home/linjiawei/load_mcap/install/deva_localization_msgs/share/deva_localization_msgs/cmake/export_deva_localization_msgs__rosidl_typesupport_fastrtps_cppExport.cmake
[1.457s] -- Up-to-date: /home/linjiawei/load_mcap/install/deva_localization_msgs/share/deva_localization_msgs/cmake/export_deva_localization_msgs__rosidl_typesupport_fastrtps_cppExport-noconfig.cmake
[1.457s] -- Up-to-date: /home/linjiawei/load_mcap/install/deva_localization_msgs/share/deva_localization_msgs/cmake/deva_localization_msgs__rosidl_typesupport_introspection_cppExport.cmake
[1.457s] -- Up-to-date: /home/linjiawei/load_mcap/install/deva_localization_msgs/share/deva_localization_msgs/cmake/deva_localization_msgs__rosidl_typesupport_introspection_cppExport-noconfig.cmake
[1.457s] -- Up-to-date: /home/linjiawei/load_mcap/install/deva_localization_msgs/share/deva_localization_msgs/cmake/deva_localization_msgs__rosidl_typesupport_cppExport.cmake
[1.457s] -- Up-to-date: /home/linjiawei/load_mcap/install/deva_localization_msgs/share/deva_localization_msgs/cmake/deva_localization_msgs__rosidl_typesupport_cppExport-noconfig.cmake
[1.457s] -- Up-to-date: /home/linjiawei/load_mcap/install/deva_localization_msgs/share/deva_localization_msgs/cmake/export_deva_localization_msgs__rosidl_generator_pyExport.cmake
[1.457s] -- Up-to-date: /home/linjiawei/load_mcap/install/deva_localization_msgs/share/deva_localization_msgs/cmake/export_deva_localization_msgs__rosidl_generator_pyExport-noconfig.cmake
[1.457s] -- Up-to-date: /home/linjiawei/load_mcap/install/deva_localization_msgs/share/deva_localization_msgs/cmake/rosidl_cmake-extras.cmake
[1.457s] -- Up-to-date: /home/linjiawei/load_mcap/install/deva_localization_msgs/share/deva_localization_msgs/cmake/ament_cmake_export_dependencies-extras.cmake
[1.457s] -- Up-to-date: /home/linjiawei/load_mcap/install/deva_localization_msgs/share/deva_localization_msgs/cmake/ament_cmake_export_include_directories-extras.cmake
[1.457s] -- Up-to-date: /home/linjiawei/load_mcap/install/deva_localization_msgs/share/deva_localization_msgs/cmake/ament_cmake_export_libraries-extras.cmake
[1.457s] -- Up-to-date: /home/linjiawei/load_mcap/install/deva_localization_msgs/share/deva_localization_msgs/cmake/ament_cmake_export_targets-extras.cmake
[1.457s] -- Up-to-date: /home/linjiawei/load_mcap/install/deva_localization_msgs/share/deva_localization_msgs/cmake/rosidl_cmake_export_typesupport_targets-extras.cmake
[1.457s] -- Up-to-date: /home/linjiawei/load_mcap/install/deva_localization_msgs/share/deva_localization_msgs/cmake/rosidl_cmake_export_typesupport_libraries-extras.cmake
[1.457s] -- Up-to-date: /home/linjiawei/load_mcap/install/deva_localization_msgs/share/deva_localization_msgs/cmake/deva_localization_msgsConfig.cmake
[1.458s] -- Up-to-date: /home/linjiawei/load_mcap/install/deva_localization_msgs/share/deva_localization_msgs/cmake/deva_localization_msgsConfig-version.cmake
[1.458s] -- Up-to-date: /home/linjiawei/load_mcap/install/deva_localization_msgs/share/deva_localization_msgs/package.xml
[1.466s] Invoked command in '/home/linjiawei/load_mcap/build/deva_localization_msgs' returned '0': CMAKE_PREFIX_PATH=/home/linjiawei/load_mcap/install/deva_common_msgs:/home/linjiawei/load_mcap/install/serialize_msgs:/home/linjiawei/load_mcap/install/rviz_plug_msg:/home/linjiawei/load_mcap/install/mcap_streamer:/home/linjiawei/load_mcap/install/fault_diagnosis:/home/linjiawei/load_mcap/install/environment_model_msgs:/home/linjiawei/load_mcap/install/deva_control_msgs:/home/linjiawei/load_mcap/install/deva_planning_msgs2:/home/linjiawei/load_mcap/install/deva_mdriver_msgs:/home/linjiawei/load_mcap/install/deva_planning_msgs:/home/linjiawei/load_mcap/install/deva_map_msgs:/home/linjiawei/load_mcap/install/deva_perception_msgs:/home/linjiawei/load_mcap/install/deva_navi_msgs:/home/linjiawei/load_mcap/install/deva_localization_msgs:/home/linjiawei/load_mcap/install/deva_gaode_routing_msgs:/home/linjiawei/load_mcap/install/deva_function_msgs:/home/linjiawei/load_mcap/install/deva_aeb_msgs:/home/linjiawei/load_mcap/install/deva_ads_msgs:/opt/ros/humble LD_LIBRARY_PATH=/home/linjiawei/load_mcap/install/deva_common_msgs/lib:/home/linjiawei/load_mcap/install/serialize_msgs/lib:/home/linjiawei/load_mcap/install/rviz_plug_msg/lib:/home/linjiawei/load_mcap/install/fault_diagnosis/lib:/home/linjiawei/load_mcap/install/environment_model_msgs/lib:/home/linjiawei/load_mcap/install/deva_control_msgs/lib:/home/linjiawei/load_mcap/install/deva_planning_msgs2/lib:/home/linjiawei/load_mcap/install/deva_mdriver_msgs/lib:/home/linjiawei/load_mcap/install/deva_planning_msgs/lib:/home/linjiawei/load_mcap/install/deva_map_msgs/lib:/home/linjiawei/load_mcap/install/deva_perception_msgs/lib:/home/linjiawei/load_mcap/install/deva_navi_msgs/lib:/home/linjiawei/load_mcap/install/deva_localization_msgs/lib:/home/linjiawei/load_mcap/install/deva_gaode_routing_msgs/lib:/home/linjiawei/load_mcap/install/deva_function_msgs/lib:/home/linjiawei/load_mcap/install/deva_aeb_msgs/lib:/home/linjiawei/load_mcap/install/deva_ads_msgs/lib:/opt/ros/humble/opt/rviz_ogre_vendor/lib:/opt/ros/humble/lib/x86_64-linux-gnu:/opt/ros/humble/lib:/usr/local/nvidia/lib64 /usr/bin/cmake --install /home/linjiawei/load_mcap/build/deva_localization_msgs
