[0.025s] Invoking command in '/home/linjiawei/load_mcap/build/serialize_msgs': CMAKE_PREFIX_PATH=${CMAKE_PREFIX_PATH}:/opt/ros/humble /usr/bin/cmake --build /home/linjiawei/load_mcap/build/serialize_msgs -- -j17 -l17
[0.067s] [35m[1mConsolidate compiler generated dependencies of target serialize_msgs__rosidl_generator_c[0m
[0.080s] [  9%] Built target serialize_msgs__rosidl_generator_c
[0.083s] [ 12%] Built target serialize_msgs__cpp
[0.096s] [35m[1mConsolidate compiler generated dependencies of target serialize_msgs__rosidl_typesupport_fastrtps_c[0m
[0.097s] [35m[1mConsolidate compiler generated dependencies of target serialize_msgs__rosidl_typesupport_introspection_c[0m
[0.097s] [35m[1mConsolidate compiler generated dependencies of target serialize_msgs__rosidl_typesupport_c[0m
[0.100s] [35m[1mConsolidate compiler generated dependencies of target serialize_msgs__rosidl_typesupport_introspection_cpp[0m
[0.102s] [35m[1mConsolidate compiler generated dependencies of target serialize_msgs__rosidl_typesupport_fastrtps_cpp[0m
[0.113s] [ 12%] Built target ament_cmake_python_copy_serialize_msgs
[0.126s] [ 22%] Built target serialize_msgs__rosidl_typesupport_fastrtps_c
[0.129s] [ 32%] Built target serialize_msgs__rosidl_typesupport_introspection_c
[0.131s] [ 41%] Built target serialize_msgs__rosidl_typesupport_c
[0.132s] [ 51%] Built target serialize_msgs__rosidl_typesupport_introspection_cpp
[0.133s] [ 61%] Built target serialize_msgs__rosidl_typesupport_fastrtps_cpp
[0.143s] [35m[1mConsolidate compiler generated dependencies of target serialize_msgs__rosidl_typesupport_cpp[0m
[0.159s] [ 70%] Built target serialize_msgs__rosidl_typesupport_cpp
[0.184s] [ 70%] Built target serialize_msgs
[0.207s] [ 74%] Built target serialize_msgs__py
[0.220s] [35m[1mConsolidate compiler generated dependencies of target serialize_msgs__rosidl_generator_py[0m
[0.233s] [ 80%] Built target serialize_msgs__rosidl_generator_py
[0.245s] [35m[1mConsolidate compiler generated dependencies of target serialize_msgs__rosidl_typesupport_introspection_c__pyext[0m
[0.245s] [35m[1mConsolidate compiler generated dependencies of target serialize_msgs__rosidl_typesupport_c__pyext[0m
[0.245s] [35m[1mConsolidate compiler generated dependencies of target serialize_msgs__rosidl_typesupport_fastrtps_c__pyext[0m
[0.259s] [ 87%] Built target serialize_msgs__rosidl_typesupport_c__pyext
[0.259s] [ 93%] Built target serialize_msgs__rosidl_typesupport_introspection_c__pyext
[0.274s] [100%] Built target serialize_msgs__rosidl_typesupport_fastrtps_c__pyext
[0.404s] running egg_info
[0.405s] writing serialize_msgs.egg-info/PKG-INFO
[0.405s] writing dependency_links to serialize_msgs.egg-info/dependency_links.txt
[0.405s] writing top-level names to serialize_msgs.egg-info/top_level.txt
[0.408s] reading manifest file 'serialize_msgs.egg-info/SOURCES.txt'
[0.409s] writing manifest file 'serialize_msgs.egg-info/SOURCES.txt'
[0.437s] [100%] Built target ament_cmake_python_build_serialize_msgs_egg
[0.460s] Invoked command in '/home/linjiawei/load_mcap/build/serialize_msgs' returned '0': CMAKE_PREFIX_PATH=${CMAKE_PREFIX_PATH}:/opt/ros/humble /usr/bin/cmake --build /home/linjiawei/load_mcap/build/serialize_msgs -- -j17 -l17
[0.461s] Invoking command in '/home/linjiawei/load_mcap/build/serialize_msgs': CMAKE_PREFIX_PATH=${CMAKE_PREFIX_PATH}:/opt/ros/humble /usr/bin/cmake --install /home/linjiawei/load_mcap/build/serialize_msgs
[0.505s] -- Install configuration: ""
[0.505s] -- Up-to-date: /home/linjiawei/load_mcap/install/serialize_msgs/share/ament_index/resource_index/rosidl_interfaces/serialize_msgs
[0.505s] -- Up-to-date: /home/linjiawei/load_mcap/install/serialize_msgs/include/serialize_msgs/serialize_msgs
[0.505s] -- Up-to-date: /home/linjiawei/load_mcap/install/serialize_msgs/include/serialize_msgs/serialize_msgs/msg
[0.505s] -- Up-to-date: /home/linjiawei/load_mcap/install/serialize_msgs/include/serialize_msgs/serialize_msgs/msg/rosidl_generator_c__visibility_control.h
[0.505s] -- Up-to-date: /home/linjiawei/load_mcap/install/serialize_msgs/include/serialize_msgs/serialize_msgs/msg/serialize_proto.h
[0.505s] -- Up-to-date: /home/linjiawei/load_mcap/install/serialize_msgs/include/serialize_msgs/serialize_msgs/msg/detail
[0.505s] -- Up-to-date: /home/linjiawei/load_mcap/install/serialize_msgs/include/serialize_msgs/serialize_msgs/msg/detail/serialize_proto__functions.c
[0.506s] -- Up-to-date: /home/linjiawei/load_mcap/install/serialize_msgs/include/serialize_msgs/serialize_msgs/msg/detail/serialize_proto__functions.h
[0.506s] -- Up-to-date: /home/linjiawei/load_mcap/install/serialize_msgs/include/serialize_msgs/serialize_msgs/msg/detail/serialize_proto__struct.h
[0.506s] -- Up-to-date: /home/linjiawei/load_mcap/install/serialize_msgs/include/serialize_msgs/serialize_msgs/msg/detail/serialize_proto__type_support.h
[0.506s] -- Up-to-date: /home/linjiawei/load_mcap/install/serialize_msgs/share/serialize_msgs/environment/library_path.sh
[0.506s] -- Up-to-date: /home/linjiawei/load_mcap/install/serialize_msgs/share/serialize_msgs/environment/library_path.dsv
[0.506s] -- Up-to-date: /home/linjiawei/load_mcap/install/serialize_msgs/lib/libserialize_msgs__rosidl_generator_c.so
[0.506s] -- Up-to-date: /home/linjiawei/load_mcap/install/serialize_msgs/include/serialize_msgs/serialize_msgs
[0.506s] -- Up-to-date: /home/linjiawei/load_mcap/install/serialize_msgs/include/serialize_msgs/serialize_msgs/msg
[0.506s] -- Up-to-date: /home/linjiawei/load_mcap/install/serialize_msgs/include/serialize_msgs/serialize_msgs/msg/rosidl_typesupport_fastrtps_c__visibility_control.h
[0.506s] -- Up-to-date: /home/linjiawei/load_mcap/install/serialize_msgs/include/serialize_msgs/serialize_msgs/msg/detail
[0.506s] -- Up-to-date: /home/linjiawei/load_mcap/install/serialize_msgs/include/serialize_msgs/serialize_msgs/msg/detail/serialize_proto__rosidl_typesupport_fastrtps_c.h
[0.506s] -- Up-to-date: /home/linjiawei/load_mcap/install/serialize_msgs/lib/libserialize_msgs__rosidl_typesupport_fastrtps_c.so
[0.506s] -- Up-to-date: /home/linjiawei/load_mcap/install/serialize_msgs/include/serialize_msgs/serialize_msgs
[0.506s] -- Up-to-date: /home/linjiawei/load_mcap/install/serialize_msgs/include/serialize_msgs/serialize_msgs/msg
[0.506s] -- Up-to-date: /home/linjiawei/load_mcap/install/serialize_msgs/include/serialize_msgs/serialize_msgs/msg/rosidl_typesupport_introspection_c__visibility_control.h
[0.506s] -- Up-to-date: /home/linjiawei/load_mcap/install/serialize_msgs/include/serialize_msgs/serialize_msgs/msg/detail
[0.506s] -- Up-to-date: /home/linjiawei/load_mcap/install/serialize_msgs/include/serialize_msgs/serialize_msgs/msg/detail/serialize_proto__rosidl_typesupport_introspection_c.h
[0.506s] -- Up-to-date: /home/linjiawei/load_mcap/install/serialize_msgs/include/serialize_msgs/serialize_msgs/msg/detail/serialize_proto__type_support.c
[0.506s] -- Up-to-date: /home/linjiawei/load_mcap/install/serialize_msgs/lib/libserialize_msgs__rosidl_typesupport_introspection_c.so
[0.507s] -- Up-to-date: /home/linjiawei/load_mcap/install/serialize_msgs/lib/libserialize_msgs__rosidl_typesupport_c.so
[0.507s] -- Up-to-date: /home/linjiawei/load_mcap/install/serialize_msgs/include/serialize_msgs/serialize_msgs
[0.507s] -- Up-to-date: /home/linjiawei/load_mcap/install/serialize_msgs/include/serialize_msgs/serialize_msgs/msg
[0.507s] -- Up-to-date: /home/linjiawei/load_mcap/install/serialize_msgs/include/serialize_msgs/serialize_msgs/msg/rosidl_generator_cpp__visibility_control.hpp
[0.507s] -- Up-to-date: /home/linjiawei/load_mcap/install/serialize_msgs/include/serialize_msgs/serialize_msgs/msg/serialize_proto.hpp
[0.507s] -- Up-to-date: /home/linjiawei/load_mcap/install/serialize_msgs/include/serialize_msgs/serialize_msgs/msg/detail
[0.507s] -- Up-to-date: /home/linjiawei/load_mcap/install/serialize_msgs/include/serialize_msgs/serialize_msgs/msg/detail/serialize_proto__builder.hpp
[0.507s] -- Up-to-date: /home/linjiawei/load_mcap/install/serialize_msgs/include/serialize_msgs/serialize_msgs/msg/detail/serialize_proto__struct.hpp
[0.507s] -- Up-to-date: /home/linjiawei/load_mcap/install/serialize_msgs/include/serialize_msgs/serialize_msgs/msg/detail/serialize_proto__traits.hpp
[0.507s] -- Up-to-date: /home/linjiawei/load_mcap/install/serialize_msgs/include/serialize_msgs/serialize_msgs/msg/detail/serialize_proto__type_support.hpp
[0.507s] -- Up-to-date: /home/linjiawei/load_mcap/install/serialize_msgs/include/serialize_msgs/serialize_msgs
[0.508s] -- Up-to-date: /home/linjiawei/load_mcap/install/serialize_msgs/include/serialize_msgs/serialize_msgs/msg
[0.508s] -- Up-to-date: /home/linjiawei/load_mcap/install/serialize_msgs/include/serialize_msgs/serialize_msgs/msg/rosidl_typesupport_fastrtps_cpp__visibility_control.h
[0.508s] -- Up-to-date: /home/linjiawei/load_mcap/install/serialize_msgs/include/serialize_msgs/serialize_msgs/msg/detail
[0.508s] -- Up-to-date: /home/linjiawei/load_mcap/install/serialize_msgs/include/serialize_msgs/serialize_msgs/msg/detail/serialize_proto__rosidl_typesupport_fastrtps_cpp.hpp
[0.508s] -- Up-to-date: /home/linjiawei/load_mcap/install/serialize_msgs/include/serialize_msgs/serialize_msgs/msg/detail/dds_fastrtps
[0.508s] -- Up-to-date: /home/linjiawei/load_mcap/install/serialize_msgs/lib/libserialize_msgs__rosidl_typesupport_fastrtps_cpp.so
[0.508s] -- Up-to-date: /home/linjiawei/load_mcap/install/serialize_msgs/include/serialize_msgs/serialize_msgs
[0.508s] -- Up-to-date: /home/linjiawei/load_mcap/install/serialize_msgs/include/serialize_msgs/serialize_msgs/msg
[0.508s] -- Up-to-date: /home/linjiawei/load_mcap/install/serialize_msgs/include/serialize_msgs/serialize_msgs/msg/detail
[0.508s] -- Up-to-date: /home/linjiawei/load_mcap/install/serialize_msgs/include/serialize_msgs/serialize_msgs/msg/detail/serialize_proto__rosidl_typesupport_introspection_cpp.hpp
[0.508s] -- Up-to-date: /home/linjiawei/load_mcap/install/serialize_msgs/include/serialize_msgs/serialize_msgs/msg/detail/serialize_proto__type_support.cpp
[0.508s] -- Up-to-date: /home/linjiawei/load_mcap/install/serialize_msgs/lib/libserialize_msgs__rosidl_typesupport_introspection_cpp.so
[0.508s] -- Up-to-date: /home/linjiawei/load_mcap/install/serialize_msgs/lib/libserialize_msgs__rosidl_typesupport_cpp.so
[0.508s] -- Up-to-date: /home/linjiawei/load_mcap/install/serialize_msgs/share/serialize_msgs/environment/pythonpath.sh
[0.508s] -- Up-to-date: /home/linjiawei/load_mcap/install/serialize_msgs/share/serialize_msgs/environment/pythonpath.dsv
[0.508s] -- Up-to-date: /home/linjiawei/load_mcap/install/serialize_msgs/local/lib/python3.10/dist-packages/serialize_msgs-0.0.0-py3.10.egg-info
[0.508s] -- Installing: /home/linjiawei/load_mcap/install/serialize_msgs/local/lib/python3.10/dist-packages/serialize_msgs-0.0.0-py3.10.egg-info/PKG-INFO
[0.508s] -- Installing: /home/linjiawei/load_mcap/install/serialize_msgs/local/lib/python3.10/dist-packages/serialize_msgs-0.0.0-py3.10.egg-info/dependency_links.txt
[0.508s] -- Installing: /home/linjiawei/load_mcap/install/serialize_msgs/local/lib/python3.10/dist-packages/serialize_msgs-0.0.0-py3.10.egg-info/top_level.txt
[0.509s] -- Installing: /home/linjiawei/load_mcap/install/serialize_msgs/local/lib/python3.10/dist-packages/serialize_msgs-0.0.0-py3.10.egg-info/SOURCES.txt
[0.509s] -- Up-to-date: /home/linjiawei/load_mcap/install/serialize_msgs/local/lib/python3.10/dist-packages/serialize_msgs
[0.509s] -- Up-to-date: /home/linjiawei/load_mcap/install/serialize_msgs/local/lib/python3.10/dist-packages/serialize_msgs/__init__.py
[0.509s] -- Up-to-date: /home/linjiawei/load_mcap/install/serialize_msgs/local/lib/python3.10/dist-packages/serialize_msgs/msg
[0.509s] -- Up-to-date: /home/linjiawei/load_mcap/install/serialize_msgs/local/lib/python3.10/dist-packages/serialize_msgs/msg/_serialize_proto.py
[0.509s] -- Up-to-date: /home/linjiawei/load_mcap/install/serialize_msgs/local/lib/python3.10/dist-packages/serialize_msgs/msg/_serialize_proto_s.c
[0.509s] -- Up-to-date: /home/linjiawei/load_mcap/install/serialize_msgs/local/lib/python3.10/dist-packages/serialize_msgs/msg/__init__.py
[0.509s] -- Up-to-date: /home/linjiawei/load_mcap/install/serialize_msgs/local/lib/python3.10/dist-packages/serialize_msgs/_serialize_msgs_s.ep.rosidl_typesupport_fastrtps_c.c
[0.509s] -- Up-to-date: /home/linjiawei/load_mcap/install/serialize_msgs/local/lib/python3.10/dist-packages/serialize_msgs/_serialize_msgs_s.ep.rosidl_typesupport_introspection_c.c
[0.509s] -- Up-to-date: /home/linjiawei/load_mcap/install/serialize_msgs/local/lib/python3.10/dist-packages/serialize_msgs/_serialize_msgs_s.ep.rosidl_typesupport_c.c
[0.509s] -- Up-to-date: /home/linjiawei/load_mcap/install/serialize_msgs/local/lib/python3.10/dist-packages/serialize_msgs/libserialize_msgs__rosidl_generator_py.so
[0.509s] -- Up-to-date: /home/linjiawei/load_mcap/install/serialize_msgs/local/lib/python3.10/dist-packages/serialize_msgs/serialize_msgs_s__rosidl_typesupport_fastrtps_c.cpython-310-x86_64-linux-gnu.so
[0.510s] -- Up-to-date: /home/linjiawei/load_mcap/install/serialize_msgs/local/lib/python3.10/dist-packages/serialize_msgs/serialize_msgs_s__rosidl_typesupport_c.cpython-310-x86_64-linux-gnu.so
[0.510s] -- Up-to-date: /home/linjiawei/load_mcap/install/serialize_msgs/local/lib/python3.10/dist-packages/serialize_msgs/serialize_msgs_s__rosidl_typesupport_introspection_c.cpython-310-x86_64-linux-gnu.so
[0.557s] Listing '/home/linjiawei/load_mcap/install/serialize_msgs/local/lib/python3.10/dist-packages/serialize_msgs'...
[0.557s] Listing '/home/linjiawei/load_mcap/install/serialize_msgs/local/lib/python3.10/dist-packages/serialize_msgs/msg'...
[0.585s] -- Up-to-date: /home/linjiawei/load_mcap/install/serialize_msgs/local/lib/python3.10/dist-packages/serialize_msgs/serialize_msgs_s__rosidl_typesupport_fastrtps_c.cpython-310-x86_64-linux-gnu.so
[0.587s] -- Up-to-date: /home/linjiawei/load_mcap/install/serialize_msgs/local/lib/python3.10/dist-packages/serialize_msgs/serialize_msgs_s__rosidl_typesupport_introspection_c.cpython-310-x86_64-linux-gnu.so
[0.588s] -- Up-to-date: /home/linjiawei/load_mcap/install/serialize_msgs/local/lib/python3.10/dist-packages/serialize_msgs/serialize_msgs_s__rosidl_typesupport_c.cpython-310-x86_64-linux-gnu.so
[0.588s] -- Up-to-date: /home/linjiawei/load_mcap/install/serialize_msgs/lib/libserialize_msgs__rosidl_generator_py.so
[0.588s] -- Up-to-date: /home/linjiawei/load_mcap/install/serialize_msgs/share/serialize_msgs/msg/SerializeProto.idl
[0.588s] -- Up-to-date: /home/linjiawei/load_mcap/install/serialize_msgs/share/serialize_msgs/msg/SerializeProto.msg
[0.588s] -- Up-to-date: /home/linjiawei/load_mcap/install/serialize_msgs/share/ament_index/resource_index/package_run_dependencies/serialize_msgs
[0.588s] -- Up-to-date: /home/linjiawei/load_mcap/install/serialize_msgs/share/ament_index/resource_index/parent_prefix_path/serialize_msgs
[0.588s] -- Up-to-date: /home/linjiawei/load_mcap/install/serialize_msgs/share/serialize_msgs/environment/ament_prefix_path.sh
[0.588s] -- Up-to-date: /home/linjiawei/load_mcap/install/serialize_msgs/share/serialize_msgs/environment/ament_prefix_path.dsv
[0.588s] -- Up-to-date: /home/linjiawei/load_mcap/install/serialize_msgs/share/serialize_msgs/environment/path.sh
[0.588s] -- Up-to-date: /home/linjiawei/load_mcap/install/serialize_msgs/share/serialize_msgs/environment/path.dsv
[0.588s] -- Up-to-date: /home/linjiawei/load_mcap/install/serialize_msgs/share/serialize_msgs/local_setup.bash
[0.588s] -- Up-to-date: /home/linjiawei/load_mcap/install/serialize_msgs/share/serialize_msgs/local_setup.sh
[0.588s] -- Up-to-date: /home/linjiawei/load_mcap/install/serialize_msgs/share/serialize_msgs/local_setup.zsh
[0.589s] -- Up-to-date: /home/linjiawei/load_mcap/install/serialize_msgs/share/serialize_msgs/local_setup.dsv
[0.589s] -- Installing: /home/linjiawei/load_mcap/install/serialize_msgs/share/serialize_msgs/package.dsv
[0.591s] -- Up-to-date: /home/linjiawei/load_mcap/install/serialize_msgs/share/ament_index/resource_index/packages/serialize_msgs
[0.591s] -- Up-to-date: /home/linjiawei/load_mcap/install/serialize_msgs/share/serialize_msgs/cmake/export_serialize_msgs__rosidl_generator_cExport.cmake
[0.592s] -- Up-to-date: /home/linjiawei/load_mcap/install/serialize_msgs/share/serialize_msgs/cmake/export_serialize_msgs__rosidl_generator_cExport-noconfig.cmake
[0.592s] -- Up-to-date: /home/linjiawei/load_mcap/install/serialize_msgs/share/serialize_msgs/cmake/export_serialize_msgs__rosidl_typesupport_fastrtps_cExport.cmake
[0.592s] -- Up-to-date: /home/linjiawei/load_mcap/install/serialize_msgs/share/serialize_msgs/cmake/export_serialize_msgs__rosidl_typesupport_fastrtps_cExport-noconfig.cmake
[0.592s] -- Up-to-date: /home/linjiawei/load_mcap/install/serialize_msgs/share/serialize_msgs/cmake/serialize_msgs__rosidl_typesupport_introspection_cExport.cmake
[0.593s] -- Up-to-date: /home/linjiawei/load_mcap/install/serialize_msgs/share/serialize_msgs/cmake/serialize_msgs__rosidl_typesupport_introspection_cExport-noconfig.cmake
[0.596s] -- Up-to-date: /home/linjiawei/load_mcap/install/serialize_msgs/share/serialize_msgs/cmake/serialize_msgs__rosidl_typesupport_cExport.cmake
[0.596s] -- Up-to-date: /home/linjiawei/load_mcap/install/serialize_msgs/share/serialize_msgs/cmake/serialize_msgs__rosidl_typesupport_cExport-noconfig.cmake
[0.596s] -- Up-to-date: /home/linjiawei/load_mcap/install/serialize_msgs/share/serialize_msgs/cmake/export_serialize_msgs__rosidl_generator_cppExport.cmake
[0.596s] -- Up-to-date: /home/linjiawei/load_mcap/install/serialize_msgs/share/serialize_msgs/cmake/export_serialize_msgs__rosidl_typesupport_fastrtps_cppExport.cmake
[0.596s] -- Up-to-date: /home/linjiawei/load_mcap/install/serialize_msgs/share/serialize_msgs/cmake/export_serialize_msgs__rosidl_typesupport_fastrtps_cppExport-noconfig.cmake
[0.597s] -- Up-to-date: /home/linjiawei/load_mcap/install/serialize_msgs/share/serialize_msgs/cmake/serialize_msgs__rosidl_typesupport_introspection_cppExport.cmake
[0.597s] -- Up-to-date: /home/linjiawei/load_mcap/install/serialize_msgs/share/serialize_msgs/cmake/serialize_msgs__rosidl_typesupport_introspection_cppExport-noconfig.cmake
[0.597s] -- Up-to-date: /home/linjiawei/load_mcap/install/serialize_msgs/share/serialize_msgs/cmake/serialize_msgs__rosidl_typesupport_cppExport.cmake
[0.597s] -- Up-to-date: /home/linjiawei/load_mcap/install/serialize_msgs/share/serialize_msgs/cmake/serialize_msgs__rosidl_typesupport_cppExport-noconfig.cmake
[0.597s] -- Up-to-date: /home/linjiawei/load_mcap/install/serialize_msgs/share/serialize_msgs/cmake/export_serialize_msgs__rosidl_generator_pyExport.cmake
[0.597s] -- Up-to-date: /home/linjiawei/load_mcap/install/serialize_msgs/share/serialize_msgs/cmake/export_serialize_msgs__rosidl_generator_pyExport-noconfig.cmake
[0.597s] -- Up-to-date: /home/linjiawei/load_mcap/install/serialize_msgs/share/serialize_msgs/cmake/rosidl_cmake-extras.cmake
[0.597s] -- Up-to-date: /home/linjiawei/load_mcap/install/serialize_msgs/share/serialize_msgs/cmake/ament_cmake_export_dependencies-extras.cmake
[0.597s] -- Up-to-date: /home/linjiawei/load_mcap/install/serialize_msgs/share/serialize_msgs/cmake/ament_cmake_export_include_directories-extras.cmake
[0.597s] -- Up-to-date: /home/linjiawei/load_mcap/install/serialize_msgs/share/serialize_msgs/cmake/ament_cmake_export_libraries-extras.cmake
[0.597s] -- Up-to-date: /home/linjiawei/load_mcap/install/serialize_msgs/share/serialize_msgs/cmake/ament_cmake_export_targets-extras.cmake
[0.597s] -- Up-to-date: /home/linjiawei/load_mcap/install/serialize_msgs/share/serialize_msgs/cmake/rosidl_cmake_export_typesupport_targets-extras.cmake
[0.597s] -- Up-to-date: /home/linjiawei/load_mcap/install/serialize_msgs/share/serialize_msgs/cmake/rosidl_cmake_export_typesupport_libraries-extras.cmake
[0.598s] -- Up-to-date: /home/linjiawei/load_mcap/install/serialize_msgs/share/serialize_msgs/cmake/serialize_msgsConfig.cmake
[0.598s] -- Up-to-date: /home/linjiawei/load_mcap/install/serialize_msgs/share/serialize_msgs/cmake/serialize_msgsConfig-version.cmake
[0.598s] -- Up-to-date: /home/linjiawei/load_mcap/install/serialize_msgs/share/serialize_msgs/package.xml
[0.651s] Invoked command in '/home/linjiawei/load_mcap/build/serialize_msgs' returned '0': CMAKE_PREFIX_PATH=${CMAKE_PREFIX_PATH}:/opt/ros/humble /usr/bin/cmake --install /home/linjiawei/load_mcap/build/serialize_msgs
