[0.053s] Invoking command in '/home/linjiawei/load_mcap/build/deva_localization_msgs': CMAKE_PREFIX_PATH=/home/linjiawei/load_mcap/install/deva_common_msgs:/home/linjiawei/load_mcap/install/serialize_msgs:/home/linjiawei/load_mcap/install/rviz_plug_msg:/home/linjiawei/load_mcap/install/fault_diagnosis:/home/linjiawei/load_mcap/install/environment_model_msgs:/home/linjiawei/load_mcap/install/deva_control_msgs:/home/linjiawei/load_mcap/install/deva_planning_msgs2:/home/linjiawei/load_mcap/install/deva_mdriver_msgs:/home/linjiawei/load_mcap/install/deva_planning_msgs:/home/linjiawei/load_mcap/install/deva_map_msgs:/home/linjiawei/load_mcap/install/deva_perception_msgs:/home/linjiawei/load_mcap/install/deva_navi_msgs:/home/linjiawei/load_mcap/install/deva_localization_msgs:/home/linjiawei/load_mcap/install/deva_gaode_routing_msgs:/home/linjiawei/load_mcap/install/deva_function_msgs:/home/linjiawei/load_mcap/install/deva_aeb_msgs:/home/linjiawei/load_mcap/install/deva_ads_msgs:/home/linjiawei/load_mcap/install/mcap_streamer:/opt/ros/humble LD_LIBRARY_PATH=/home/linjiawei/load_mcap/install/deva_common_msgs/lib:/home/linjiawei/load_mcap/install/serialize_msgs/lib:/home/linjiawei/load_mcap/install/rviz_plug_msg/lib:/home/linjiawei/load_mcap/install/fault_diagnosis/lib:/home/linjiawei/load_mcap/install/environment_model_msgs/lib:/home/linjiawei/load_mcap/install/deva_control_msgs/lib:/home/linjiawei/load_mcap/install/deva_planning_msgs2/lib:/home/linjiawei/load_mcap/install/deva_mdriver_msgs/lib:/home/linjiawei/load_mcap/install/deva_planning_msgs/lib:/home/linjiawei/load_mcap/install/deva_map_msgs/lib:/home/linjiawei/load_mcap/install/deva_perception_msgs/lib:/home/linjiawei/load_mcap/install/deva_navi_msgs/lib:/home/linjiawei/load_mcap/install/deva_localization_msgs/lib:/home/linjiawei/load_mcap/install/deva_gaode_routing_msgs/lib:/home/linjiawei/load_mcap/install/deva_function_msgs/lib:/home/linjiawei/load_mcap/install/deva_aeb_msgs/lib:/home/linjiawei/load_mcap/install/deva_ads_msgs/lib:/opt/ros/humble/opt/rviz_ogre_vendor/lib:/opt/ros/humble/lib/x86_64-linux-gnu:/opt/ros/humble/lib:/usr/local/nvidia/lib64 /usr/bin/cmake --build /home/linjiawei/load_mcap/build/deva_localization_msgs -- -j17 -l17
[0.113s] [ 11%] Built target deva_localization_msgs__rosidl_generator_c
[0.113s] [ 12%] Built target deva_localization_msgs__cpp
[0.152s] [ 24%] Built target deva_localization_msgs__rosidl_typesupport_c
[0.153s] [ 35%] Built target deva_localization_msgs__rosidl_typesupport_fastrtps_c
[0.153s] [ 46%] Built target deva_localization_msgs__rosidl_typesupport_cpp
[0.157s] [ 58%] Built target deva_localization_msgs__rosidl_typesupport_fastrtps_cpp
[0.160s] [ 69%] Built target deva_localization_msgs__rosidl_typesupport_introspection_c
[0.166s] [ 81%] Built target deva_localization_msgs__rosidl_typesupport_introspection_cpp
[0.199s] [ 81%] Built target deva_localization_msgs
[0.230s] [ 82%] Built target deva_localization_msgs__py
[0.259s] [ 92%] Built target deva_localization_msgs__rosidl_generator_py
[0.290s] [ 94%] Built target deva_localization_msgs__rosidl_typesupport_c__pyext
[0.299s] [ 97%] Built target deva_localization_msgs__rosidl_typesupport_introspection_c__pyext
[0.307s] [100%] Built target deva_localization_msgs__rosidl_typesupport_fastrtps_c__pyext
[0.455s] [100%] Built target ament_cmake_python_copy_deva_localization_msgs
[0.822s] running egg_info
[0.825s] writing deva_localization_msgs.egg-info/PKG-INFO
[0.825s] writing dependency_links to deva_localization_msgs.egg-info/dependency_links.txt
[0.825s] writing top-level names to deva_localization_msgs.egg-info/top_level.txt
[0.833s] reading manifest file 'deva_localization_msgs.egg-info/SOURCES.txt'
[0.836s] writing manifest file 'deva_localization_msgs.egg-info/SOURCES.txt'
[0.861s] [100%] Built target ament_cmake_python_build_deva_localization_msgs_egg
[0.861s] Invoked command in '/home/linjiawei/load_mcap/build/deva_localization_msgs' returned '0': CMAKE_PREFIX_PATH=/home/linjiawei/load_mcap/install/deva_common_msgs:/home/linjiawei/load_mcap/install/serialize_msgs:/home/linjiawei/load_mcap/install/rviz_plug_msg:/home/linjiawei/load_mcap/install/fault_diagnosis:/home/linjiawei/load_mcap/install/environment_model_msgs:/home/linjiawei/load_mcap/install/deva_control_msgs:/home/linjiawei/load_mcap/install/deva_planning_msgs2:/home/linjiawei/load_mcap/install/deva_mdriver_msgs:/home/linjiawei/load_mcap/install/deva_planning_msgs:/home/linjiawei/load_mcap/install/deva_map_msgs:/home/linjiawei/load_mcap/install/deva_perception_msgs:/home/linjiawei/load_mcap/install/deva_navi_msgs:/home/linjiawei/load_mcap/install/deva_localization_msgs:/home/linjiawei/load_mcap/install/deva_gaode_routing_msgs:/home/linjiawei/load_mcap/install/deva_function_msgs:/home/linjiawei/load_mcap/install/deva_aeb_msgs:/home/linjiawei/load_mcap/install/deva_ads_msgs:/home/linjiawei/load_mcap/install/mcap_streamer:/opt/ros/humble LD_LIBRARY_PATH=/home/linjiawei/load_mcap/install/deva_common_msgs/lib:/home/linjiawei/load_mcap/install/serialize_msgs/lib:/home/linjiawei/load_mcap/install/rviz_plug_msg/lib:/home/linjiawei/load_mcap/install/fault_diagnosis/lib:/home/linjiawei/load_mcap/install/environment_model_msgs/lib:/home/linjiawei/load_mcap/install/deva_control_msgs/lib:/home/linjiawei/load_mcap/install/deva_planning_msgs2/lib:/home/linjiawei/load_mcap/install/deva_mdriver_msgs/lib:/home/linjiawei/load_mcap/install/deva_planning_msgs/lib:/home/linjiawei/load_mcap/install/deva_map_msgs/lib:/home/linjiawei/load_mcap/install/deva_perception_msgs/lib:/home/linjiawei/load_mcap/install/deva_navi_msgs/lib:/home/linjiawei/load_mcap/install/deva_localization_msgs/lib:/home/linjiawei/load_mcap/install/deva_gaode_routing_msgs/lib:/home/linjiawei/load_mcap/install/deva_function_msgs/lib:/home/linjiawei/load_mcap/install/deva_aeb_msgs/lib:/home/linjiawei/load_mcap/install/deva_ads_msgs/lib:/opt/ros/humble/opt/rviz_ogre_vendor/lib:/opt/ros/humble/lib/x86_64-linux-gnu:/opt/ros/humble/lib:/usr/local/nvidia/lib64 /usr/bin/cmake --build /home/linjiawei/load_mcap/build/deva_localization_msgs -- -j17 -l17
[0.862s] Invoking command in '/home/linjiawei/load_mcap/build/deva_localization_msgs': CMAKE_PREFIX_PATH=/home/linjiawei/load_mcap/install/deva_common_msgs:/home/linjiawei/load_mcap/install/serialize_msgs:/home/linjiawei/load_mcap/install/rviz_plug_msg:/home/linjiawei/load_mcap/install/fault_diagnosis:/home/linjiawei/load_mcap/install/environment_model_msgs:/home/linjiawei/load_mcap/install/deva_control_msgs:/home/linjiawei/load_mcap/install/deva_planning_msgs2:/home/linjiawei/load_mcap/install/deva_mdriver_msgs:/home/linjiawei/load_mcap/install/deva_planning_msgs:/home/linjiawei/load_mcap/install/deva_map_msgs:/home/linjiawei/load_mcap/install/deva_perception_msgs:/home/linjiawei/load_mcap/install/deva_navi_msgs:/home/linjiawei/load_mcap/install/deva_localization_msgs:/home/linjiawei/load_mcap/install/deva_gaode_routing_msgs:/home/linjiawei/load_mcap/install/deva_function_msgs:/home/linjiawei/load_mcap/install/deva_aeb_msgs:/home/linjiawei/load_mcap/install/deva_ads_msgs:/home/linjiawei/load_mcap/install/mcap_streamer:/opt/ros/humble LD_LIBRARY_PATH=/home/linjiawei/load_mcap/install/deva_common_msgs/lib:/home/linjiawei/load_mcap/install/serialize_msgs/lib:/home/linjiawei/load_mcap/install/rviz_plug_msg/lib:/home/linjiawei/load_mcap/install/fault_diagnosis/lib:/home/linjiawei/load_mcap/install/environment_model_msgs/lib:/home/linjiawei/load_mcap/install/deva_control_msgs/lib:/home/linjiawei/load_mcap/install/deva_planning_msgs2/lib:/home/linjiawei/load_mcap/install/deva_mdriver_msgs/lib:/home/linjiawei/load_mcap/install/deva_planning_msgs/lib:/home/linjiawei/load_mcap/install/deva_map_msgs/lib:/home/linjiawei/load_mcap/install/deva_perception_msgs/lib:/home/linjiawei/load_mcap/install/deva_navi_msgs/lib:/home/linjiawei/load_mcap/install/deva_localization_msgs/lib:/home/linjiawei/load_mcap/install/deva_gaode_routing_msgs/lib:/home/linjiawei/load_mcap/install/deva_function_msgs/lib:/home/linjiawei/load_mcap/install/deva_aeb_msgs/lib:/home/linjiawei/load_mcap/install/deva_ads_msgs/lib:/opt/ros/humble/opt/rviz_ogre_vendor/lib:/opt/ros/humble/lib/x86_64-linux-gnu:/opt/ros/humble/lib:/usr/local/nvidia/lib64 /usr/bin/cmake --install /home/linjiawei/load_mcap/build/deva_localization_msgs
[0.864s] -- Install configuration: ""
[0.864s] -- Up-to-date: /home/linjiawei/load_mcap/install/deva_localization_msgs/share/ament_index/resource_index/rosidl_interfaces/deva_localization_msgs
[0.865s] -- Up-to-date: /home/linjiawei/load_mcap/install/deva_localization_msgs/include/deva_localization_msgs/deva_localization_msgs
[0.865s] -- Up-to-date: /home/linjiawei/load_mcap/install/deva_localization_msgs/include/deva_localization_msgs/deva_localization_msgs/msg
[0.865s] -- Up-to-date: /home/linjiawei/load_mcap/install/deva_localization_msgs/include/deva_localization_msgs/deva_localization_msgs/msg/rosidl_generator_c__visibility_control.h
[0.865s] -- Up-to-date: /home/linjiawei/load_mcap/install/deva_localization_msgs/include/deva_localization_msgs/deva_localization_msgs/msg/corrected_imu.h
[0.865s] -- Up-to-date: /home/linjiawei/load_mcap/install/deva_localization_msgs/include/deva_localization_msgs/deva_localization_msgs/msg/detail
[0.865s] -- Up-to-date: /home/linjiawei/load_mcap/install/deva_localization_msgs/include/deva_localization_msgs/deva_localization_msgs/msg/detail/corrected_imu__functions.c
[0.865s] -- Up-to-date: /home/linjiawei/load_mcap/install/deva_localization_msgs/include/deva_localization_msgs/deva_localization_msgs/msg/detail/corrected_imu__functions.h
[0.865s] -- Up-to-date: /home/linjiawei/load_mcap/install/deva_localization_msgs/include/deva_localization_msgs/deva_localization_msgs/msg/detail/corrected_imu__struct.h
[0.865s] -- Up-to-date: /home/linjiawei/load_mcap/install/deva_localization_msgs/include/deva_localization_msgs/deva_localization_msgs/msg/detail/corrected_imu__type_support.h
[0.865s] -- Up-to-date: /home/linjiawei/load_mcap/install/deva_localization_msgs/include/deva_localization_msgs/deva_localization_msgs/msg/detail/gnss_best_pose__functions.c
[0.866s] -- Up-to-date: /home/linjiawei/load_mcap/install/deva_localization_msgs/include/deva_localization_msgs/deva_localization_msgs/msg/detail/gnss_best_pose__functions.h
[0.866s] -- Up-to-date: /home/linjiawei/load_mcap/install/deva_localization_msgs/include/deva_localization_msgs/deva_localization_msgs/msg/detail/gnss_best_pose__struct.h
[0.866s] -- Up-to-date: /home/linjiawei/load_mcap/install/deva_localization_msgs/include/deva_localization_msgs/deva_localization_msgs/msg/detail/gnss_best_pose__type_support.h
[0.866s] -- Up-to-date: /home/linjiawei/load_mcap/install/deva_localization_msgs/include/deva_localization_msgs/deva_localization_msgs/msg/detail/ins__functions.c
[0.866s] -- Up-to-date: /home/linjiawei/load_mcap/install/deva_localization_msgs/include/deva_localization_msgs/deva_localization_msgs/msg/detail/ins__functions.h
[0.866s] -- Up-to-date: /home/linjiawei/load_mcap/install/deva_localization_msgs/include/deva_localization_msgs/deva_localization_msgs/msg/detail/ins__struct.h
[0.866s] -- Up-to-date: /home/linjiawei/load_mcap/install/deva_localization_msgs/include/deva_localization_msgs/deva_localization_msgs/msg/detail/ins__type_support.h
[0.866s] -- Up-to-date: /home/linjiawei/load_mcap/install/deva_localization_msgs/include/deva_localization_msgs/deva_localization_msgs/msg/detail/localization_estimate__functions.c
[0.866s] -- Up-to-date: /home/linjiawei/load_mcap/install/deva_localization_msgs/include/deva_localization_msgs/deva_localization_msgs/msg/detail/localization_estimate__functions.h
[0.866s] -- Up-to-date: /home/linjiawei/load_mcap/install/deva_localization_msgs/include/deva_localization_msgs/deva_localization_msgs/msg/detail/localization_estimate__struct.h
[0.866s] -- Up-to-date: /home/linjiawei/load_mcap/install/deva_localization_msgs/include/deva_localization_msgs/deva_localization_msgs/msg/detail/localization_estimate__type_support.h
[0.867s] -- Up-to-date: /home/linjiawei/load_mcap/install/deva_localization_msgs/include/deva_localization_msgs/deva_localization_msgs/msg/detail/localization_revise__functions.c
[0.867s] -- Up-to-date: /home/linjiawei/load_mcap/install/deva_localization_msgs/include/deva_localization_msgs/deva_localization_msgs/msg/detail/localization_revise__functions.h
[0.867s] -- Up-to-date: /home/linjiawei/load_mcap/install/deva_localization_msgs/include/deva_localization_msgs/deva_localization_msgs/msg/detail/localization_revise__struct.h
[0.867s] -- Up-to-date: /home/linjiawei/load_mcap/install/deva_localization_msgs/include/deva_localization_msgs/deva_localization_msgs/msg/detail/localization_revise__type_support.h
[0.867s] -- Up-to-date: /home/linjiawei/load_mcap/install/deva_localization_msgs/include/deva_localization_msgs/deva_localization_msgs/msg/detail/pose__functions.c
[0.867s] -- Up-to-date: /home/linjiawei/load_mcap/install/deva_localization_msgs/include/deva_localization_msgs/deva_localization_msgs/msg/detail/pose__functions.h
[0.867s] -- Up-to-date: /home/linjiawei/load_mcap/install/deva_localization_msgs/include/deva_localization_msgs/deva_localization_msgs/msg/detail/pose__struct.h
[0.867s] -- Up-to-date: /home/linjiawei/load_mcap/install/deva_localization_msgs/include/deva_localization_msgs/deva_localization_msgs/msg/detail/pose__type_support.h
[0.867s] -- Up-to-date: /home/linjiawei/load_mcap/install/deva_localization_msgs/include/deva_localization_msgs/deva_localization_msgs/msg/detail/raw_imu__functions.c
[0.867s] -- Up-to-date: /home/linjiawei/load_mcap/install/deva_localization_msgs/include/deva_localization_msgs/deva_localization_msgs/msg/detail/raw_imu__functions.h
[0.867s] -- Up-to-date: /home/linjiawei/load_mcap/install/deva_localization_msgs/include/deva_localization_msgs/deva_localization_msgs/msg/detail/raw_imu__struct.h
[0.868s] -- Up-to-date: /home/linjiawei/load_mcap/install/deva_localization_msgs/include/deva_localization_msgs/deva_localization_msgs/msg/detail/raw_imu__type_support.h
[0.868s] -- Up-to-date: /home/linjiawei/load_mcap/install/deva_localization_msgs/include/deva_localization_msgs/deva_localization_msgs/msg/gnss_best_pose.h
[0.868s] -- Up-to-date: /home/linjiawei/load_mcap/install/deva_localization_msgs/include/deva_localization_msgs/deva_localization_msgs/msg/ins.h
[0.868s] -- Up-to-date: /home/linjiawei/load_mcap/install/deva_localization_msgs/include/deva_localization_msgs/deva_localization_msgs/msg/localization_estimate.h
[0.868s] -- Up-to-date: /home/linjiawei/load_mcap/install/deva_localization_msgs/include/deva_localization_msgs/deva_localization_msgs/msg/localization_revise.h
[0.868s] -- Up-to-date: /home/linjiawei/load_mcap/install/deva_localization_msgs/include/deva_localization_msgs/deva_localization_msgs/msg/pose.h
[0.868s] -- Up-to-date: /home/linjiawei/load_mcap/install/deva_localization_msgs/include/deva_localization_msgs/deva_localization_msgs/msg/raw_imu.h
[0.868s] -- Up-to-date: /home/linjiawei/load_mcap/install/deva_localization_msgs/share/deva_localization_msgs/environment/library_path.sh
[0.868s] -- Up-to-date: /home/linjiawei/load_mcap/install/deva_localization_msgs/share/deva_localization_msgs/environment/library_path.dsv
[0.869s] -- Up-to-date: /home/linjiawei/load_mcap/install/deva_localization_msgs/lib/libdeva_localization_msgs__rosidl_generator_c.so
[0.869s] -- Up-to-date: /home/linjiawei/load_mcap/install/deva_localization_msgs/include/deva_localization_msgs/deva_localization_msgs
[0.869s] -- Up-to-date: /home/linjiawei/load_mcap/install/deva_localization_msgs/include/deva_localization_msgs/deva_localization_msgs/msg
[0.869s] -- Up-to-date: /home/linjiawei/load_mcap/install/deva_localization_msgs/include/deva_localization_msgs/deva_localization_msgs/msg/rosidl_typesupport_fastrtps_c__visibility_control.h
[0.869s] -- Up-to-date: /home/linjiawei/load_mcap/install/deva_localization_msgs/include/deva_localization_msgs/deva_localization_msgs/msg/detail
[0.869s] -- Up-to-date: /home/linjiawei/load_mcap/install/deva_localization_msgs/include/deva_localization_msgs/deva_localization_msgs/msg/detail/corrected_imu__rosidl_typesupport_fastrtps_c.h
[0.869s] -- Up-to-date: /home/linjiawei/load_mcap/install/deva_localization_msgs/include/deva_localization_msgs/deva_localization_msgs/msg/detail/gnss_best_pose__rosidl_typesupport_fastrtps_c.h
[0.870s] -- Up-to-date: /home/linjiawei/load_mcap/install/deva_localization_msgs/include/deva_localization_msgs/deva_localization_msgs/msg/detail/ins__rosidl_typesupport_fastrtps_c.h
[0.870s] -- Up-to-date: /home/linjiawei/load_mcap/install/deva_localization_msgs/include/deva_localization_msgs/deva_localization_msgs/msg/detail/localization_estimate__rosidl_typesupport_fastrtps_c.h
[0.870s] -- Up-to-date: /home/linjiawei/load_mcap/install/deva_localization_msgs/include/deva_localization_msgs/deva_localization_msgs/msg/detail/localization_revise__rosidl_typesupport_fastrtps_c.h
[0.870s] -- Up-to-date: /home/linjiawei/load_mcap/install/deva_localization_msgs/include/deva_localization_msgs/deva_localization_msgs/msg/detail/pose__rosidl_typesupport_fastrtps_c.h
[0.870s] -- Up-to-date: /home/linjiawei/load_mcap/install/deva_localization_msgs/include/deva_localization_msgs/deva_localization_msgs/msg/detail/raw_imu__rosidl_typesupport_fastrtps_c.h
[0.870s] -- Up-to-date: /home/linjiawei/load_mcap/install/deva_localization_msgs/lib/libdeva_localization_msgs__rosidl_typesupport_fastrtps_c.so
[0.870s] -- Up-to-date: /home/linjiawei/load_mcap/install/deva_localization_msgs/include/deva_localization_msgs/deva_localization_msgs
[0.871s] -- Up-to-date: /home/linjiawei/load_mcap/install/deva_localization_msgs/include/deva_localization_msgs/deva_localization_msgs/msg
[0.871s] -- Up-to-date: /home/linjiawei/load_mcap/install/deva_localization_msgs/include/deva_localization_msgs/deva_localization_msgs/msg/rosidl_typesupport_introspection_c__visibility_control.h
[0.871s] -- Up-to-date: /home/linjiawei/load_mcap/install/deva_localization_msgs/include/deva_localization_msgs/deva_localization_msgs/msg/detail
[0.871s] -- Up-to-date: /home/linjiawei/load_mcap/install/deva_localization_msgs/include/deva_localization_msgs/deva_localization_msgs/msg/detail/corrected_imu__rosidl_typesupport_introspection_c.h
[0.871s] -- Up-to-date: /home/linjiawei/load_mcap/install/deva_localization_msgs/include/deva_localization_msgs/deva_localization_msgs/msg/detail/corrected_imu__type_support.c
[0.871s] -- Up-to-date: /home/linjiawei/load_mcap/install/deva_localization_msgs/include/deva_localization_msgs/deva_localization_msgs/msg/detail/gnss_best_pose__rosidl_typesupport_introspection_c.h
[0.871s] -- Up-to-date: /home/linjiawei/load_mcap/install/deva_localization_msgs/include/deva_localization_msgs/deva_localization_msgs/msg/detail/gnss_best_pose__type_support.c
[0.871s] -- Up-to-date: /home/linjiawei/load_mcap/install/deva_localization_msgs/include/deva_localization_msgs/deva_localization_msgs/msg/detail/ins__rosidl_typesupport_introspection_c.h
[0.871s] -- Up-to-date: /home/linjiawei/load_mcap/install/deva_localization_msgs/include/deva_localization_msgs/deva_localization_msgs/msg/detail/ins__type_support.c
[0.871s] -- Up-to-date: /home/linjiawei/load_mcap/install/deva_localization_msgs/include/deva_localization_msgs/deva_localization_msgs/msg/detail/localization_estimate__rosidl_typesupport_introspection_c.h
[0.872s] -- Up-to-date: /home/linjiawei/load_mcap/install/deva_localization_msgs/include/deva_localization_msgs/deva_localization_msgs/msg/detail/localization_estimate__type_support.c
[0.872s] -- Up-to-date: /home/linjiawei/load_mcap/install/deva_localization_msgs/include/deva_localization_msgs/deva_localization_msgs/msg/detail/localization_revise__rosidl_typesupport_introspection_c.h
[0.872s] -- Up-to-date: /home/linjiawei/load_mcap/install/deva_localization_msgs/include/deva_localization_msgs/deva_localization_msgs/msg/detail/localization_revise__type_support.c
[0.872s] -- Up-to-date: /home/linjiawei/load_mcap/install/deva_localization_msgs/include/deva_localization_msgs/deva_localization_msgs/msg/detail/pose__rosidl_typesupport_introspection_c.h
[0.872s] -- Up-to-date: /home/linjiawei/load_mcap/install/deva_localization_msgs/include/deva_localization_msgs/deva_localization_msgs/msg/detail/pose__type_support.c
[0.872s] -- Up-to-date: /home/linjiawei/load_mcap/install/deva_localization_msgs/include/deva_localization_msgs/deva_localization_msgs/msg/detail/raw_imu__rosidl_typesupport_introspection_c.h
[0.872s] -- Up-to-date: /home/linjiawei/load_mcap/install/deva_localization_msgs/include/deva_localization_msgs/deva_localization_msgs/msg/detail/raw_imu__type_support.c
[0.872s] -- Up-to-date: /home/linjiawei/load_mcap/install/deva_localization_msgs/lib/libdeva_localization_msgs__rosidl_typesupport_introspection_c.so
[0.872s] -- Up-to-date: /home/linjiawei/load_mcap/install/deva_localization_msgs/lib/libdeva_localization_msgs__rosidl_typesupport_c.so
[0.873s] -- Up-to-date: /home/linjiawei/load_mcap/install/deva_localization_msgs/include/deva_localization_msgs/deva_localization_msgs
[0.873s] -- Up-to-date: /home/linjiawei/load_mcap/install/deva_localization_msgs/include/deva_localization_msgs/deva_localization_msgs/msg
[0.873s] -- Up-to-date: /home/linjiawei/load_mcap/install/deva_localization_msgs/include/deva_localization_msgs/deva_localization_msgs/msg/rosidl_generator_cpp__visibility_control.hpp
[0.873s] -- Up-to-date: /home/linjiawei/load_mcap/install/deva_localization_msgs/include/deva_localization_msgs/deva_localization_msgs/msg/corrected_imu.hpp
[0.873s] -- Up-to-date: /home/linjiawei/load_mcap/install/deva_localization_msgs/include/deva_localization_msgs/deva_localization_msgs/msg/detail
[0.874s] -- Up-to-date: /home/linjiawei/load_mcap/install/deva_localization_msgs/include/deva_localization_msgs/deva_localization_msgs/msg/detail/corrected_imu__builder.hpp
[0.874s] -- Up-to-date: /home/linjiawei/load_mcap/install/deva_localization_msgs/include/deva_localization_msgs/deva_localization_msgs/msg/detail/corrected_imu__struct.hpp
[0.874s] -- Up-to-date: /home/linjiawei/load_mcap/install/deva_localization_msgs/include/deva_localization_msgs/deva_localization_msgs/msg/detail/corrected_imu__traits.hpp
[0.874s] -- Up-to-date: /home/linjiawei/load_mcap/install/deva_localization_msgs/include/deva_localization_msgs/deva_localization_msgs/msg/detail/corrected_imu__type_support.hpp
[0.874s] -- Up-to-date: /home/linjiawei/load_mcap/install/deva_localization_msgs/include/deva_localization_msgs/deva_localization_msgs/msg/detail/gnss_best_pose__builder.hpp
[0.874s] -- Up-to-date: /home/linjiawei/load_mcap/install/deva_localization_msgs/include/deva_localization_msgs/deva_localization_msgs/msg/detail/gnss_best_pose__struct.hpp
[0.874s] -- Up-to-date: /home/linjiawei/load_mcap/install/deva_localization_msgs/include/deva_localization_msgs/deva_localization_msgs/msg/detail/gnss_best_pose__traits.hpp
[0.874s] -- Up-to-date: /home/linjiawei/load_mcap/install/deva_localization_msgs/include/deva_localization_msgs/deva_localization_msgs/msg/detail/gnss_best_pose__type_support.hpp
[0.874s] -- Up-to-date: /home/linjiawei/load_mcap/install/deva_localization_msgs/include/deva_localization_msgs/deva_localization_msgs/msg/detail/ins__builder.hpp
[0.874s] -- Up-to-date: /home/linjiawei/load_mcap/install/deva_localization_msgs/include/deva_localization_msgs/deva_localization_msgs/msg/detail/ins__struct.hpp
[0.875s] -- Up-to-date: /home/linjiawei/load_mcap/install/deva_localization_msgs/include/deva_localization_msgs/deva_localization_msgs/msg/detail/ins__traits.hpp
[0.875s] -- Up-to-date: /home/linjiawei/load_mcap/install/deva_localization_msgs/include/deva_localization_msgs/deva_localization_msgs/msg/detail/ins__type_support.hpp
[0.875s] -- Up-to-date: /home/linjiawei/load_mcap/install/deva_localization_msgs/include/deva_localization_msgs/deva_localization_msgs/msg/detail/localization_estimate__builder.hpp
[0.875s] -- Up-to-date: /home/linjiawei/load_mcap/install/deva_localization_msgs/include/deva_localization_msgs/deva_localization_msgs/msg/detail/localization_estimate__struct.hpp
[0.875s] -- Up-to-date: /home/linjiawei/load_mcap/install/deva_localization_msgs/include/deva_localization_msgs/deva_localization_msgs/msg/detail/localization_estimate__traits.hpp
[0.875s] -- Up-to-date: /home/linjiawei/load_mcap/install/deva_localization_msgs/include/deva_localization_msgs/deva_localization_msgs/msg/detail/localization_estimate__type_support.hpp
[0.875s] -- Up-to-date: /home/linjiawei/load_mcap/install/deva_localization_msgs/include/deva_localization_msgs/deva_localization_msgs/msg/detail/localization_revise__builder.hpp
[0.875s] -- Up-to-date: /home/linjiawei/load_mcap/install/deva_localization_msgs/include/deva_localization_msgs/deva_localization_msgs/msg/detail/localization_revise__struct.hpp
[0.875s] -- Up-to-date: /home/linjiawei/load_mcap/install/deva_localization_msgs/include/deva_localization_msgs/deva_localization_msgs/msg/detail/localization_revise__traits.hpp
[0.875s] -- Up-to-date: /home/linjiawei/load_mcap/install/deva_localization_msgs/include/deva_localization_msgs/deva_localization_msgs/msg/detail/localization_revise__type_support.hpp
[0.876s] -- Up-to-date: /home/linjiawei/load_mcap/install/deva_localization_msgs/include/deva_localization_msgs/deva_localization_msgs/msg/detail/pose__builder.hpp
[0.876s] -- Up-to-date: /home/linjiawei/load_mcap/install/deva_localization_msgs/include/deva_localization_msgs/deva_localization_msgs/msg/detail/pose__struct.hpp
[0.876s] -- Up-to-date: /home/linjiawei/load_mcap/install/deva_localization_msgs/include/deva_localization_msgs/deva_localization_msgs/msg/detail/pose__traits.hpp
[0.876s] -- Up-to-date: /home/linjiawei/load_mcap/install/deva_localization_msgs/include/deva_localization_msgs/deva_localization_msgs/msg/detail/pose__type_support.hpp
[0.876s] -- Up-to-date: /home/linjiawei/load_mcap/install/deva_localization_msgs/include/deva_localization_msgs/deva_localization_msgs/msg/detail/raw_imu__builder.hpp
[0.876s] -- Up-to-date: /home/linjiawei/load_mcap/install/deva_localization_msgs/include/deva_localization_msgs/deva_localization_msgs/msg/detail/raw_imu__struct.hpp
[0.876s] -- Up-to-date: /home/linjiawei/load_mcap/install/deva_localization_msgs/include/deva_localization_msgs/deva_localization_msgs/msg/detail/raw_imu__traits.hpp
[0.876s] -- Up-to-date: /home/linjiawei/load_mcap/install/deva_localization_msgs/include/deva_localization_msgs/deva_localization_msgs/msg/detail/raw_imu__type_support.hpp
[0.876s] -- Up-to-date: /home/linjiawei/load_mcap/install/deva_localization_msgs/include/deva_localization_msgs/deva_localization_msgs/msg/gnss_best_pose.hpp
[0.877s] -- Up-to-date: /home/linjiawei/load_mcap/install/deva_localization_msgs/include/deva_localization_msgs/deva_localization_msgs/msg/ins.hpp
[0.877s] -- Up-to-date: /home/linjiawei/load_mcap/install/deva_localization_msgs/include/deva_localization_msgs/deva_localization_msgs/msg/localization_estimate.hpp
[0.877s] -- Up-to-date: /home/linjiawei/load_mcap/install/deva_localization_msgs/include/deva_localization_msgs/deva_localization_msgs/msg/localization_revise.hpp
[0.877s] -- Up-to-date: /home/linjiawei/load_mcap/install/deva_localization_msgs/include/deva_localization_msgs/deva_localization_msgs/msg/pose.hpp
[0.877s] -- Up-to-date: /home/linjiawei/load_mcap/install/deva_localization_msgs/include/deva_localization_msgs/deva_localization_msgs/msg/raw_imu.hpp
[0.877s] -- Up-to-date: /home/linjiawei/load_mcap/install/deva_localization_msgs/include/deva_localization_msgs/deva_localization_msgs
[0.877s] -- Up-to-date: /home/linjiawei/load_mcap/install/deva_localization_msgs/include/deva_localization_msgs/deva_localization_msgs/msg
[0.877s] -- Up-to-date: /home/linjiawei/load_mcap/install/deva_localization_msgs/include/deva_localization_msgs/deva_localization_msgs/msg/rosidl_typesupport_fastrtps_cpp__visibility_control.h
[0.877s] -- Up-to-date: /home/linjiawei/load_mcap/install/deva_localization_msgs/include/deva_localization_msgs/deva_localization_msgs/msg/detail
[0.877s] -- Up-to-date: /home/linjiawei/load_mcap/install/deva_localization_msgs/include/deva_localization_msgs/deva_localization_msgs/msg/detail/corrected_imu__rosidl_typesupport_fastrtps_cpp.hpp
[0.878s] -- Up-to-date: /home/linjiawei/load_mcap/install/deva_localization_msgs/include/deva_localization_msgs/deva_localization_msgs/msg/detail/dds_fastrtps
[0.878s] -- Up-to-date: /home/linjiawei/load_mcap/install/deva_localization_msgs/include/deva_localization_msgs/deva_localization_msgs/msg/detail/gnss_best_pose__rosidl_typesupport_fastrtps_cpp.hpp
[0.878s] -- Up-to-date: /home/linjiawei/load_mcap/install/deva_localization_msgs/include/deva_localization_msgs/deva_localization_msgs/msg/detail/ins__rosidl_typesupport_fastrtps_cpp.hpp
[0.878s] -- Up-to-date: /home/linjiawei/load_mcap/install/deva_localization_msgs/include/deva_localization_msgs/deva_localization_msgs/msg/detail/localization_estimate__rosidl_typesupport_fastrtps_cpp.hpp
[0.878s] -- Up-to-date: /home/linjiawei/load_mcap/install/deva_localization_msgs/include/deva_localization_msgs/deva_localization_msgs/msg/detail/localization_revise__rosidl_typesupport_fastrtps_cpp.hpp
[0.878s] -- Up-to-date: /home/linjiawei/load_mcap/install/deva_localization_msgs/include/deva_localization_msgs/deva_localization_msgs/msg/detail/pose__rosidl_typesupport_fastrtps_cpp.hpp
[0.878s] -- Up-to-date: /home/linjiawei/load_mcap/install/deva_localization_msgs/include/deva_localization_msgs/deva_localization_msgs/msg/detail/raw_imu__rosidl_typesupport_fastrtps_cpp.hpp
[0.878s] -- Up-to-date: /home/linjiawei/load_mcap/install/deva_localization_msgs/lib/libdeva_localization_msgs__rosidl_typesupport_fastrtps_cpp.so
[0.879s] -- Up-to-date: /home/linjiawei/load_mcap/install/deva_localization_msgs/include/deva_localization_msgs/deva_localization_msgs
[0.879s] -- Up-to-date: /home/linjiawei/load_mcap/install/deva_localization_msgs/include/deva_localization_msgs/deva_localization_msgs/msg
[0.879s] -- Up-to-date: /home/linjiawei/load_mcap/install/deva_localization_msgs/include/deva_localization_msgs/deva_localization_msgs/msg/detail
[0.879s] -- Up-to-date: /home/linjiawei/load_mcap/install/deva_localization_msgs/include/deva_localization_msgs/deva_localization_msgs/msg/detail/corrected_imu__rosidl_typesupport_introspection_cpp.hpp
[0.879s] -- Up-to-date: /home/linjiawei/load_mcap/install/deva_localization_msgs/include/deva_localization_msgs/deva_localization_msgs/msg/detail/corrected_imu__type_support.cpp
[0.879s] -- Up-to-date: /home/linjiawei/load_mcap/install/deva_localization_msgs/include/deva_localization_msgs/deva_localization_msgs/msg/detail/gnss_best_pose__rosidl_typesupport_introspection_cpp.hpp
[0.879s] -- Up-to-date: /home/linjiawei/load_mcap/install/deva_localization_msgs/include/deva_localization_msgs/deva_localization_msgs/msg/detail/gnss_best_pose__type_support.cpp
[0.879s] -- Up-to-date: /home/linjiawei/load_mcap/install/deva_localization_msgs/include/deva_localization_msgs/deva_localization_msgs/msg/detail/ins__rosidl_typesupport_introspection_cpp.hpp
[0.879s] -- Up-to-date: /home/linjiawei/load_mcap/install/deva_localization_msgs/include/deva_localization_msgs/deva_localization_msgs/msg/detail/ins__type_support.cpp
[0.880s] -- Up-to-date: /home/linjiawei/load_mcap/install/deva_localization_msgs/include/deva_localization_msgs/deva_localization_msgs/msg/detail/localization_estimate__rosidl_typesupport_introspection_cpp.hpp
[0.880s] -- Up-to-date: /home/linjiawei/load_mcap/install/deva_localization_msgs/include/deva_localization_msgs/deva_localization_msgs/msg/detail/localization_estimate__type_support.cpp
[0.880s] -- Up-to-date: /home/linjiawei/load_mcap/install/deva_localization_msgs/include/deva_localization_msgs/deva_localization_msgs/msg/detail/localization_revise__rosidl_typesupport_introspection_cpp.hpp
[0.880s] -- Up-to-date: /home/linjiawei/load_mcap/install/deva_localization_msgs/include/deva_localization_msgs/deva_localization_msgs/msg/detail/localization_revise__type_support.cpp
[0.880s] -- Up-to-date: /home/linjiawei/load_mcap/install/deva_localization_msgs/include/deva_localization_msgs/deva_localization_msgs/msg/detail/pose__rosidl_typesupport_introspection_cpp.hpp
[0.880s] -- Up-to-date: /home/linjiawei/load_mcap/install/deva_localization_msgs/include/deva_localization_msgs/deva_localization_msgs/msg/detail/pose__type_support.cpp
[0.880s] -- Up-to-date: /home/linjiawei/load_mcap/install/deva_localization_msgs/include/deva_localization_msgs/deva_localization_msgs/msg/detail/raw_imu__rosidl_typesupport_introspection_cpp.hpp
[0.880s] -- Up-to-date: /home/linjiawei/load_mcap/install/deva_localization_msgs/include/deva_localization_msgs/deva_localization_msgs/msg/detail/raw_imu__type_support.cpp
[0.880s] -- Up-to-date: /home/linjiawei/load_mcap/install/deva_localization_msgs/lib/libdeva_localization_msgs__rosidl_typesupport_introspection_cpp.so
[0.880s] -- Up-to-date: /home/linjiawei/load_mcap/install/deva_localization_msgs/lib/libdeva_localization_msgs__rosidl_typesupport_cpp.so
[0.881s] -- Up-to-date: /home/linjiawei/load_mcap/install/deva_localization_msgs/share/deva_localization_msgs/environment/pythonpath.sh
[0.881s] -- Up-to-date: /home/linjiawei/load_mcap/install/deva_localization_msgs/share/deva_localization_msgs/environment/pythonpath.dsv
[0.881s] -- Up-to-date: /home/linjiawei/load_mcap/install/deva_localization_msgs/local/lib/python3.10/dist-packages/deva_localization_msgs-0.0.0-py3.10.egg-info
[0.881s] -- Installing: /home/linjiawei/load_mcap/install/deva_localization_msgs/local/lib/python3.10/dist-packages/deva_localization_msgs-0.0.0-py3.10.egg-info/PKG-INFO
[0.881s] -- Installing: /home/linjiawei/load_mcap/install/deva_localization_msgs/local/lib/python3.10/dist-packages/deva_localization_msgs-0.0.0-py3.10.egg-info/dependency_links.txt
[0.881s] -- Installing: /home/linjiawei/load_mcap/install/deva_localization_msgs/local/lib/python3.10/dist-packages/deva_localization_msgs-0.0.0-py3.10.egg-info/top_level.txt
[0.881s] -- Installing: /home/linjiawei/load_mcap/install/deva_localization_msgs/local/lib/python3.10/dist-packages/deva_localization_msgs-0.0.0-py3.10.egg-info/SOURCES.txt
[0.881s] -- Up-to-date: /home/linjiawei/load_mcap/install/deva_localization_msgs/local/lib/python3.10/dist-packages/deva_localization_msgs
[0.882s] -- Up-to-date: /home/linjiawei/load_mcap/install/deva_localization_msgs/local/lib/python3.10/dist-packages/deva_localization_msgs/__init__.py
[0.882s] -- Up-to-date: /home/linjiawei/load_mcap/install/deva_localization_msgs/local/lib/python3.10/dist-packages/deva_localization_msgs/msg
[0.882s] -- Up-to-date: /home/linjiawei/load_mcap/install/deva_localization_msgs/local/lib/python3.10/dist-packages/deva_localization_msgs/msg/_corrected_imu.py
[0.882s] -- Up-to-date: /home/linjiawei/load_mcap/install/deva_localization_msgs/local/lib/python3.10/dist-packages/deva_localization_msgs/msg/_corrected_imu_s.c
[0.882s] -- Up-to-date: /home/linjiawei/load_mcap/install/deva_localization_msgs/local/lib/python3.10/dist-packages/deva_localization_msgs/msg/_gnss_best_pose.py
[0.882s] -- Up-to-date: /home/linjiawei/load_mcap/install/deva_localization_msgs/local/lib/python3.10/dist-packages/deva_localization_msgs/msg/_gnss_best_pose_s.c
[0.882s] -- Up-to-date: /home/linjiawei/load_mcap/install/deva_localization_msgs/local/lib/python3.10/dist-packages/deva_localization_msgs/msg/_ins.py
[0.882s] -- Up-to-date: /home/linjiawei/load_mcap/install/deva_localization_msgs/local/lib/python3.10/dist-packages/deva_localization_msgs/msg/_ins_s.c
[0.882s] -- Up-to-date: /home/linjiawei/load_mcap/install/deva_localization_msgs/local/lib/python3.10/dist-packages/deva_localization_msgs/msg/_localization_estimate.py
[0.882s] -- Up-to-date: /home/linjiawei/load_mcap/install/deva_localization_msgs/local/lib/python3.10/dist-packages/deva_localization_msgs/msg/_localization_estimate_s.c
[0.884s] -- Up-to-date: /home/linjiawei/load_mcap/install/deva_localization_msgs/local/lib/python3.10/dist-packages/deva_localization_msgs/msg/_localization_revise.py
[0.884s] -- Up-to-date: /home/linjiawei/load_mcap/install/deva_localization_msgs/local/lib/python3.10/dist-packages/deva_localization_msgs/msg/_localization_revise_s.c
[0.884s] -- Up-to-date: /home/linjiawei/load_mcap/install/deva_localization_msgs/local/lib/python3.10/dist-packages/deva_localization_msgs/msg/_pose.py
[0.884s] -- Up-to-date: /home/linjiawei/load_mcap/install/deva_localization_msgs/local/lib/python3.10/dist-packages/deva_localization_msgs/msg/_pose_s.c
[0.884s] -- Up-to-date: /home/linjiawei/load_mcap/install/deva_localization_msgs/local/lib/python3.10/dist-packages/deva_localization_msgs/msg/_raw_imu.py
[0.884s] -- Up-to-date: /home/linjiawei/load_mcap/install/deva_localization_msgs/local/lib/python3.10/dist-packages/deva_localization_msgs/msg/_raw_imu_s.c
[0.884s] -- Up-to-date: /home/linjiawei/load_mcap/install/deva_localization_msgs/local/lib/python3.10/dist-packages/deva_localization_msgs/msg/__init__.py
[0.884s] -- Up-to-date: /home/linjiawei/load_mcap/install/deva_localization_msgs/local/lib/python3.10/dist-packages/deva_localization_msgs/_deva_localization_msgs_s.ep.rosidl_typesupport_fastrtps_c.c
[0.885s] -- Up-to-date: /home/linjiawei/load_mcap/install/deva_localization_msgs/local/lib/python3.10/dist-packages/deva_localization_msgs/_deva_localization_msgs_s.ep.rosidl_typesupport_introspection_c.c
[0.885s] -- Up-to-date: /home/linjiawei/load_mcap/install/deva_localization_msgs/local/lib/python3.10/dist-packages/deva_localization_msgs/_deva_localization_msgs_s.ep.rosidl_typesupport_c.c
[0.885s] -- Up-to-date: /home/linjiawei/load_mcap/install/deva_localization_msgs/local/lib/python3.10/dist-packages/deva_localization_msgs/libdeva_localization_msgs__rosidl_generator_py.so
[0.885s] -- Up-to-date: /home/linjiawei/load_mcap/install/deva_localization_msgs/local/lib/python3.10/dist-packages/deva_localization_msgs/deva_localization_msgs_s__rosidl_typesupport_c.cpython-310-x86_64-linux-gnu.so
[0.885s] -- Up-to-date: /home/linjiawei/load_mcap/install/deva_localization_msgs/local/lib/python3.10/dist-packages/deva_localization_msgs/deva_localization_msgs_s__rosidl_typesupport_introspection_c.cpython-310-x86_64-linux-gnu.so
[0.885s] -- Up-to-date: /home/linjiawei/load_mcap/install/deva_localization_msgs/local/lib/python3.10/dist-packages/deva_localization_msgs/deva_localization_msgs_s__rosidl_typesupport_fastrtps_c.cpython-310-x86_64-linux-gnu.so
[0.898s] Listing '/home/linjiawei/load_mcap/install/deva_localization_msgs/local/lib/python3.10/dist-packages/deva_localization_msgs'...
[0.898s] Listing '/home/linjiawei/load_mcap/install/deva_localization_msgs/local/lib/python3.10/dist-packages/deva_localization_msgs/msg'...
[0.898s] -- Up-to-date: /home/linjiawei/load_mcap/install/deva_localization_msgs/local/lib/python3.10/dist-packages/deva_localization_msgs/deva_localization_msgs_s__rosidl_typesupport_fastrtps_c.cpython-310-x86_64-linux-gnu.so
[0.898s] -- Up-to-date: /home/linjiawei/load_mcap/install/deva_localization_msgs/local/lib/python3.10/dist-packages/deva_localization_msgs/deva_localization_msgs_s__rosidl_typesupport_introspection_c.cpython-310-x86_64-linux-gnu.so
[0.898s] -- Up-to-date: /home/linjiawei/load_mcap/install/deva_localization_msgs/local/lib/python3.10/dist-packages/deva_localization_msgs/deva_localization_msgs_s__rosidl_typesupport_c.cpython-310-x86_64-linux-gnu.so
[0.898s] -- Up-to-date: /home/linjiawei/load_mcap/install/deva_localization_msgs/lib/libdeva_localization_msgs__rosidl_generator_py.so
[0.898s] -- Up-to-date: /home/linjiawei/load_mcap/install/deva_localization_msgs/share/deva_localization_msgs/msg/CorrectedImu.idl
[0.898s] -- Up-to-date: /home/linjiawei/load_mcap/install/deva_localization_msgs/share/deva_localization_msgs/msg/GnssBestPose.idl
[0.898s] -- Up-to-date: /home/linjiawei/load_mcap/install/deva_localization_msgs/share/deva_localization_msgs/msg/Ins.idl
[0.898s] -- Up-to-date: /home/linjiawei/load_mcap/install/deva_localization_msgs/share/deva_localization_msgs/msg/LocalizationEstimate.idl
[0.898s] -- Up-to-date: /home/linjiawei/load_mcap/install/deva_localization_msgs/share/deva_localization_msgs/msg/LocalizationRevise.idl
[0.898s] -- Up-to-date: /home/linjiawei/load_mcap/install/deva_localization_msgs/share/deva_localization_msgs/msg/Pose.idl
[0.899s] -- Up-to-date: /home/linjiawei/load_mcap/install/deva_localization_msgs/share/deva_localization_msgs/msg/RawImu.idl
[0.899s] -- Up-to-date: /home/linjiawei/load_mcap/install/deva_localization_msgs/share/deva_localization_msgs/msg/CorrectedImu.msg
[0.899s] -- Up-to-date: /home/linjiawei/load_mcap/install/deva_localization_msgs/share/deva_localization_msgs/msg/GnssBestPose.msg
[0.899s] -- Up-to-date: /home/linjiawei/load_mcap/install/deva_localization_msgs/share/deva_localization_msgs/msg/Ins.msg
[0.899s] -- Up-to-date: /home/linjiawei/load_mcap/install/deva_localization_msgs/share/deva_localization_msgs/msg/LocalizationEstimate.msg
[0.899s] -- Up-to-date: /home/linjiawei/load_mcap/install/deva_localization_msgs/share/deva_localization_msgs/msg/LocalizationRevise.msg
[0.899s] -- Up-to-date: /home/linjiawei/load_mcap/install/deva_localization_msgs/share/deva_localization_msgs/msg/Pose.msg
[0.899s] -- Up-to-date: /home/linjiawei/load_mcap/install/deva_localization_msgs/share/deva_localization_msgs/msg/RawImu.msg
[0.899s] -- Up-to-date: /home/linjiawei/load_mcap/install/deva_localization_msgs/share/ament_index/resource_index/package_run_dependencies/deva_localization_msgs
[0.899s] -- Up-to-date: /home/linjiawei/load_mcap/install/deva_localization_msgs/share/ament_index/resource_index/parent_prefix_path/deva_localization_msgs
[0.899s] -- Up-to-date: /home/linjiawei/load_mcap/install/deva_localization_msgs/share/deva_localization_msgs/environment/ament_prefix_path.sh
[0.900s] -- Up-to-date: /home/linjiawei/load_mcap/install/deva_localization_msgs/share/deva_localization_msgs/environment/ament_prefix_path.dsv
[0.900s] -- Up-to-date: /home/linjiawei/load_mcap/install/deva_localization_msgs/share/deva_localization_msgs/environment/path.sh
[0.900s] -- Up-to-date: /home/linjiawei/load_mcap/install/deva_localization_msgs/share/deva_localization_msgs/environment/path.dsv
[0.900s] -- Up-to-date: /home/linjiawei/load_mcap/install/deva_localization_msgs/share/deva_localization_msgs/local_setup.bash
[0.900s] -- Up-to-date: /home/linjiawei/load_mcap/install/deva_localization_msgs/share/deva_localization_msgs/local_setup.sh
[0.900s] -- Up-to-date: /home/linjiawei/load_mcap/install/deva_localization_msgs/share/deva_localization_msgs/local_setup.zsh
[0.900s] -- Up-to-date: /home/linjiawei/load_mcap/install/deva_localization_msgs/share/deva_localization_msgs/local_setup.dsv
[0.900s] -- Installing: /home/linjiawei/load_mcap/install/deva_localization_msgs/share/deva_localization_msgs/package.dsv
[0.900s] -- Up-to-date: /home/linjiawei/load_mcap/install/deva_localization_msgs/share/ament_index/resource_index/packages/deva_localization_msgs
[0.900s] -- Up-to-date: /home/linjiawei/load_mcap/install/deva_localization_msgs/share/deva_localization_msgs/cmake/export_deva_localization_msgs__rosidl_generator_cExport.cmake
[0.900s] -- Up-to-date: /home/linjiawei/load_mcap/install/deva_localization_msgs/share/deva_localization_msgs/cmake/export_deva_localization_msgs__rosidl_generator_cExport-noconfig.cmake
[0.900s] -- Up-to-date: /home/linjiawei/load_mcap/install/deva_localization_msgs/share/deva_localization_msgs/cmake/export_deva_localization_msgs__rosidl_typesupport_fastrtps_cExport.cmake
[0.900s] -- Up-to-date: /home/linjiawei/load_mcap/install/deva_localization_msgs/share/deva_localization_msgs/cmake/export_deva_localization_msgs__rosidl_typesupport_fastrtps_cExport-noconfig.cmake
[0.901s] -- Up-to-date: /home/linjiawei/load_mcap/install/deva_localization_msgs/share/deva_localization_msgs/cmake/deva_localization_msgs__rosidl_typesupport_introspection_cExport.cmake
[0.901s] -- Up-to-date: /home/linjiawei/load_mcap/install/deva_localization_msgs/share/deva_localization_msgs/cmake/deva_localization_msgs__rosidl_typesupport_introspection_cExport-noconfig.cmake
[0.901s] -- Up-to-date: /home/linjiawei/load_mcap/install/deva_localization_msgs/share/deva_localization_msgs/cmake/deva_localization_msgs__rosidl_typesupport_cExport.cmake
[0.901s] -- Up-to-date: /home/linjiawei/load_mcap/install/deva_localization_msgs/share/deva_localization_msgs/cmake/deva_localization_msgs__rosidl_typesupport_cExport-noconfig.cmake
[0.901s] -- Up-to-date: /home/linjiawei/load_mcap/install/deva_localization_msgs/share/deva_localization_msgs/cmake/export_deva_localization_msgs__rosidl_generator_cppExport.cmake
[0.901s] -- Up-to-date: /home/linjiawei/load_mcap/install/deva_localization_msgs/share/deva_localization_msgs/cmake/export_deva_localization_msgs__rosidl_typesupport_fastrtps_cppExport.cmake
[0.901s] -- Up-to-date: /home/linjiawei/load_mcap/install/deva_localization_msgs/share/deva_localization_msgs/cmake/export_deva_localization_msgs__rosidl_typesupport_fastrtps_cppExport-noconfig.cmake
[0.901s] -- Up-to-date: /home/linjiawei/load_mcap/install/deva_localization_msgs/share/deva_localization_msgs/cmake/deva_localization_msgs__rosidl_typesupport_introspection_cppExport.cmake
[0.901s] -- Up-to-date: /home/linjiawei/load_mcap/install/deva_localization_msgs/share/deva_localization_msgs/cmake/deva_localization_msgs__rosidl_typesupport_introspection_cppExport-noconfig.cmake
[0.901s] -- Up-to-date: /home/linjiawei/load_mcap/install/deva_localization_msgs/share/deva_localization_msgs/cmake/deva_localization_msgs__rosidl_typesupport_cppExport.cmake
[0.901s] -- Up-to-date: /home/linjiawei/load_mcap/install/deva_localization_msgs/share/deva_localization_msgs/cmake/deva_localization_msgs__rosidl_typesupport_cppExport-noconfig.cmake
[0.901s] -- Up-to-date: /home/linjiawei/load_mcap/install/deva_localization_msgs/share/deva_localization_msgs/cmake/export_deva_localization_msgs__rosidl_generator_pyExport.cmake
[0.901s] -- Up-to-date: /home/linjiawei/load_mcap/install/deva_localization_msgs/share/deva_localization_msgs/cmake/export_deva_localization_msgs__rosidl_generator_pyExport-noconfig.cmake
[0.902s] -- Up-to-date: /home/linjiawei/load_mcap/install/deva_localization_msgs/share/deva_localization_msgs/cmake/rosidl_cmake-extras.cmake
[0.902s] -- Up-to-date: /home/linjiawei/load_mcap/install/deva_localization_msgs/share/deva_localization_msgs/cmake/ament_cmake_export_dependencies-extras.cmake
[0.902s] -- Up-to-date: /home/linjiawei/load_mcap/install/deva_localization_msgs/share/deva_localization_msgs/cmake/ament_cmake_export_include_directories-extras.cmake
[0.902s] -- Up-to-date: /home/linjiawei/load_mcap/install/deva_localization_msgs/share/deva_localization_msgs/cmake/ament_cmake_export_libraries-extras.cmake
[0.902s] -- Up-to-date: /home/linjiawei/load_mcap/install/deva_localization_msgs/share/deva_localization_msgs/cmake/ament_cmake_export_targets-extras.cmake
[0.902s] -- Up-to-date: /home/linjiawei/load_mcap/install/deva_localization_msgs/share/deva_localization_msgs/cmake/rosidl_cmake_export_typesupport_targets-extras.cmake
[0.902s] -- Up-to-date: /home/linjiawei/load_mcap/install/deva_localization_msgs/share/deva_localization_msgs/cmake/rosidl_cmake_export_typesupport_libraries-extras.cmake
[0.902s] -- Up-to-date: /home/linjiawei/load_mcap/install/deva_localization_msgs/share/deva_localization_msgs/cmake/deva_localization_msgsConfig.cmake
[0.902s] -- Up-to-date: /home/linjiawei/load_mcap/install/deva_localization_msgs/share/deva_localization_msgs/cmake/deva_localization_msgsConfig-version.cmake
[0.902s] -- Up-to-date: /home/linjiawei/load_mcap/install/deva_localization_msgs/share/deva_localization_msgs/package.xml
[0.917s] Invoked command in '/home/linjiawei/load_mcap/build/deva_localization_msgs' returned '0': CMAKE_PREFIX_PATH=/home/linjiawei/load_mcap/install/deva_common_msgs:/home/linjiawei/load_mcap/install/serialize_msgs:/home/linjiawei/load_mcap/install/rviz_plug_msg:/home/linjiawei/load_mcap/install/fault_diagnosis:/home/linjiawei/load_mcap/install/environment_model_msgs:/home/linjiawei/load_mcap/install/deva_control_msgs:/home/linjiawei/load_mcap/install/deva_planning_msgs2:/home/linjiawei/load_mcap/install/deva_mdriver_msgs:/home/linjiawei/load_mcap/install/deva_planning_msgs:/home/linjiawei/load_mcap/install/deva_map_msgs:/home/linjiawei/load_mcap/install/deva_perception_msgs:/home/linjiawei/load_mcap/install/deva_navi_msgs:/home/linjiawei/load_mcap/install/deva_localization_msgs:/home/linjiawei/load_mcap/install/deva_gaode_routing_msgs:/home/linjiawei/load_mcap/install/deva_function_msgs:/home/linjiawei/load_mcap/install/deva_aeb_msgs:/home/linjiawei/load_mcap/install/deva_ads_msgs:/home/linjiawei/load_mcap/install/mcap_streamer:/opt/ros/humble LD_LIBRARY_PATH=/home/linjiawei/load_mcap/install/deva_common_msgs/lib:/home/linjiawei/load_mcap/install/serialize_msgs/lib:/home/linjiawei/load_mcap/install/rviz_plug_msg/lib:/home/linjiawei/load_mcap/install/fault_diagnosis/lib:/home/linjiawei/load_mcap/install/environment_model_msgs/lib:/home/linjiawei/load_mcap/install/deva_control_msgs/lib:/home/linjiawei/load_mcap/install/deva_planning_msgs2/lib:/home/linjiawei/load_mcap/install/deva_mdriver_msgs/lib:/home/linjiawei/load_mcap/install/deva_planning_msgs/lib:/home/linjiawei/load_mcap/install/deva_map_msgs/lib:/home/linjiawei/load_mcap/install/deva_perception_msgs/lib:/home/linjiawei/load_mcap/install/deva_navi_msgs/lib:/home/linjiawei/load_mcap/install/deva_localization_msgs/lib:/home/linjiawei/load_mcap/install/deva_gaode_routing_msgs/lib:/home/linjiawei/load_mcap/install/deva_function_msgs/lib:/home/linjiawei/load_mcap/install/deva_aeb_msgs/lib:/home/linjiawei/load_mcap/install/deva_ads_msgs/lib:/opt/ros/humble/opt/rviz_ogre_vendor/lib:/opt/ros/humble/lib/x86_64-linux-gnu:/opt/ros/humble/lib:/usr/local/nvidia/lib64 /usr/bin/cmake --install /home/linjiawei/load_mcap/build/deva_localization_msgs
