-- The C compiler identification is GNU 11.3.0
-- The CXX compiler identification is GNU 11.3.0
-- Detecting C compiler ABI info
-- Detecting C compiler ABI info - done
-- Check for working C compiler: /usr/bin/cc - skipped
-- Detecting C compile features
-- Detecting C compile features - done
-- Detecting CXX compiler ABI info
-- Detecting CXX compiler ABI info - done
-- Check for working CXX compiler: /usr/bin/c++ - skipped
-- Detecting CXX compile features
-- Detecting CXX compile features - done
-- Found ament_cmake: 1.3.12 (/opt/ros/humble/share/ament_cmake/cmake)
-- Found Python3: /usr/bin/python3 (found version "3.10.6") found components: Interpreter 
-- Found rosidl_default_generators: 1.2.0 (/opt/ros/humble/share/rosidl_default_generators/cmake)
-- Using all available rosidl_typesupport_c: rosidl_typesupport_fastrtps_c;rosidl_typesupport_introspection_c
-- Found rosidl_adapter: 3.1.7 (/opt/ros/humble/share/rosidl_adapter/cmake)
-- Using all available rosidl_typesupport_cpp: rosidl_typesupport_fastrtps_cpp;rosidl_typesupport_introspection_cpp
-- Found std_msgs: 4.9.0 (/opt/ros/humble/share/std_msgs/cmake)
-- Found deva_common_msgs: 0.0.0 (/home/linjiawei/load_mcap/install/deva_common_msgs/share/deva_common_msgs/cmake)
-- Found deva_planning_msgs2: 0.0.0 (/home/linjiawei/load_mcap/install/deva_planning_msgs2/share/deva_planning_msgs2/cmake)
-- Found ament_cmake_ros: 0.10.0 (/opt/ros/humble/share/ament_cmake_ros/cmake)
-- Using all available rosidl_typesupport_c: rosidl_typesupport_fastrtps_c;rosidl_typesupport_introspection_c
-- Using all available rosidl_typesupport_cpp: rosidl_typesupport_fastrtps_cpp;rosidl_typesupport_introspection_cpp
-- Found PythonInterp: /usr/bin/python3 (found suitable version "3.10.6", minimum required is "3.6") 
-- Found python_cmake_module: 0.10.0 (/opt/ros/humble/share/python_cmake_module/cmake)
-- Found PythonLibs: /usr/lib/x86_64-linux-gnu/libpython3.10.so (found suitable version "3.10.6", minimum required is "3.5") 
-- Using PYTHON_EXECUTABLE: /usr/bin/python3
-- Using PYTHON_INCLUDE_DIRS: /usr/include/python3.10
-- Using PYTHON_LIBRARIES: /usr/lib/x86_64-linux-gnu/libpython3.10.so
-- Found PythonExtra: .so  
-- Configuring done
-- Generating done
-- Build files have been written to: /home/linjiawei/load_mcap/build/deva_control_msgs
[  1%] [34m[1mGenerating C code for ROS interfaces[0m
[  1%] [34m[1mGenerating C++ code for ROS interfaces[0m
[  1%] Built target ament_cmake_python_copy_deva_control_msgs
running egg_info
creating deva_control_msgs.egg-info
writing deva_control_msgs.egg-info/PKG-INFO
writing dependency_links to deva_control_msgs.egg-info/dependency_links.txt
writing top-level names to deva_control_msgs.egg-info/top_level.txt
writing manifest file 'deva_control_msgs.egg-info/SOURCES.txt'
reading manifest file 'deva_control_msgs.egg-info/SOURCES.txt'
writing manifest file 'deva_control_msgs.egg-info/SOURCES.txt'
[  1%] Built target ament_cmake_python_build_deva_control_msgs_egg
[  2%] [32mBuilding C object CMakeFiles/deva_control_msgs__rosidl_generator_c.dir/rosidl_generator_c/deva_control_msgs/msg/detail/control_monitor_msg__functions.c.o[0m
[  3%] [32mBuilding C object CMakeFiles/deva_control_msgs__rosidl_generator_c.dir/rosidl_generator_c/deva_control_msgs/msg/detail/control_result__functions.c.o[0m
[  4%] [32mBuilding C object CMakeFiles/deva_control_msgs__rosidl_generator_c.dir/rosidl_generator_c/deva_control_msgs/msg/detail/control_status__functions.c.o[0m
[  4%] [32mBuilding C object CMakeFiles/deva_control_msgs__rosidl_generator_c.dir/rosidl_generator_c/deva_control_msgs/msg/detail/control_debug_signal__functions.c.o[0m
[  5%] [32mBuilding C object CMakeFiles/deva_control_msgs__rosidl_generator_c.dir/rosidl_generator_c/deva_control_msgs/msg/detail/parking_status__functions.c.o[0m
[  5%] [32mBuilding C object CMakeFiles/deva_control_msgs__rosidl_generator_c.dir/rosidl_generator_c/deva_control_msgs/msg/detail/control_valid_limit__functions.c.o[0m
[  6%] [32mBuilding C object CMakeFiles/deva_control_msgs__rosidl_generator_c.dir/rosidl_generator_c/deva_control_msgs/msg/detail/vehicle_limit_value__functions.c.o[0m
[  6%] [32mBuilding C object CMakeFiles/deva_control_msgs__rosidl_generator_c.dir/rosidl_generator_c/deva_control_msgs/msg/detail/vehicle_control_command__functions.c.o[0m
[  7%] [32mBuilding C object CMakeFiles/deva_control_msgs__rosidl_generator_c.dir/rosidl_generator_c/deva_control_msgs/msg/detail/vehicle_report_belt__functions.c.o[0m
[  7%] [32mBuilding C object CMakeFiles/deva_control_msgs__rosidl_generator_c.dir/rosidl_generator_c/deva_control_msgs/msg/detail/vehicle_status_command__functions.c.o[0m
[  8%] [32mBuilding C object CMakeFiles/deva_control_msgs__rosidl_generator_c.dir/rosidl_generator_c/deva_control_msgs/msg/detail/vehicle_report_pedal__functions.c.o[0m
[  8%] Built target deva_control_msgs__cpp
[  9%] [32mBuilding C object CMakeFiles/deva_control_msgs__rosidl_generator_c.dir/rosidl_generator_c/deva_control_msgs/msg/detail/vehicle_enable_command__functions.c.o[0m
[ 10%] [32mBuilding C object CMakeFiles/deva_control_msgs__rosidl_generator_c.dir/rosidl_generator_c/deva_control_msgs/msg/detail/vehicle_report_common__functions.c.o[0m
[ 11%] [32mBuilding C object CMakeFiles/deva_control_msgs__rosidl_generator_c.dir/rosidl_generator_c/deva_control_msgs/msg/detail/wheel_speed__functions.c.o[0m
[ 11%] [34m[1mGenerating C++ introspection for ROS interfaces[0m
[ 12%] [34m[1mGenerating C++ type support for eProsima Fast-RTPS[0m
[ 13%] [34m[1mGenerating C++ type support dispatch for ROS interfaces[0m
[ 14%] [32m[1mLinking C shared library libdeva_control_msgs__rosidl_generator_c.so[0m
[ 14%] Built target deva_control_msgs__rosidl_generator_c
[ 16%] [34m[1mGenerating C type support dispatch for ROS interfaces[0m
[ 16%] [34m[1mGenerating C introspection for ROS interfaces[0m
[ 17%] [34m[1mGenerating C type support for eProsima Fast-RTPS[0m
[ 19%] [32mBuilding CXX object CMakeFiles/deva_control_msgs__rosidl_typesupport_cpp.dir/rosidl_typesupport_cpp/deva_control_msgs/msg/control_debug_signal__type_support.cpp.o[0m
[ 19%] [32mBuilding CXX object CMakeFiles/deva_control_msgs__rosidl_typesupport_cpp.dir/rosidl_typesupport_cpp/deva_control_msgs/msg/control_result__type_support.cpp.o[0m
[ 19%] [32mBuilding CXX object CMakeFiles/deva_control_msgs__rosidl_typesupport_cpp.dir/rosidl_typesupport_cpp/deva_control_msgs/msg/control_monitor_msg__type_support.cpp.o[0m
[ 20%] [32mBuilding CXX object CMakeFiles/deva_control_msgs__rosidl_typesupport_cpp.dir/rosidl_typesupport_cpp/deva_control_msgs/msg/vehicle_control_command__type_support.cpp.o[0m
[ 21%] [32mBuilding CXX object CMakeFiles/deva_control_msgs__rosidl_typesupport_cpp.dir/rosidl_typesupport_cpp/deva_control_msgs/msg/vehicle_enable_command__type_support.cpp.o[0m
[ 22%] [32mBuilding CXX object CMakeFiles/deva_control_msgs__rosidl_typesupport_cpp.dir/rosidl_typesupport_cpp/deva_control_msgs/msg/control_valid_limit__type_support.cpp.o[0m
[ 23%] [32mBuilding CXX object CMakeFiles/deva_control_msgs__rosidl_typesupport_cpp.dir/rosidl_typesupport_cpp/deva_control_msgs/msg/vehicle_report_common__type_support.cpp.o[0m
[ 24%] [32mBuilding CXX object CMakeFiles/deva_control_msgs__rosidl_typesupport_cpp.dir/rosidl_typesupport_cpp/deva_control_msgs/msg/vehicle_report_pedal__type_support.cpp.o[0m
[ 24%] [32mBuilding CXX object CMakeFiles/deva_control_msgs__rosidl_typesupport_cpp.dir/rosidl_typesupport_cpp/deva_control_msgs/msg/vehicle_report_belt__type_support.cpp.o[0m
[ 25%] [32mBuilding CXX object CMakeFiles/deva_control_msgs__rosidl_typesupport_cpp.dir/rosidl_typesupport_cpp/deva_control_msgs/msg/control_status__type_support.cpp.o[0m
[ 25%] [32mBuilding CXX object CMakeFiles/deva_control_msgs__rosidl_typesupport_cpp.dir/rosidl_typesupport_cpp/deva_control_msgs/msg/parking_status__type_support.cpp.o[0m
[ 26%] [32mBuilding CXX object CMakeFiles/deva_control_msgs__rosidl_typesupport_cpp.dir/rosidl_typesupport_cpp/deva_control_msgs/msg/vehicle_limit_value__type_support.cpp.o[0m
[ 26%] [32mBuilding CXX object CMakeFiles/deva_control_msgs__rosidl_typesupport_c.dir/rosidl_typesupport_c/deva_control_msgs/msg/control_debug_signal__type_support.cpp.o[0m
[ 27%] [32mBuilding CXX object CMakeFiles/deva_control_msgs__rosidl_typesupport_c.dir/rosidl_typesupport_c/deva_control_msgs/msg/control_monitor_msg__type_support.cpp.o[0m
[ 28%] [32mBuilding CXX object CMakeFiles/deva_control_msgs__rosidl_typesupport_c.dir/rosidl_typesupport_c/deva_control_msgs/msg/control_result__type_support.cpp.o[0m
[ 29%] [32mBuilding CXX object CMakeFiles/deva_control_msgs__rosidl_typesupport_cpp.dir/rosidl_typesupport_cpp/deva_control_msgs/msg/vehicle_status_command__type_support.cpp.o[0m
[ 29%] [32mBuilding CXX object CMakeFiles/deva_control_msgs__rosidl_typesupport_cpp.dir/rosidl_typesupport_cpp/deva_control_msgs/msg/wheel_speed__type_support.cpp.o[0m
[ 30%] [32mBuilding CXX object CMakeFiles/deva_control_msgs__rosidl_typesupport_c.dir/rosidl_typesupport_c/deva_control_msgs/msg/control_status__type_support.cpp.o[0m
[ 30%] [32mBuilding CXX object CMakeFiles/deva_control_msgs__rosidl_typesupport_c.dir/rosidl_typesupport_c/deva_control_msgs/msg/control_valid_limit__type_support.cpp.o[0m
[ 31%] [32mBuilding CXX object CMakeFiles/deva_control_msgs__rosidl_typesupport_c.dir/rosidl_typesupport_c/deva_control_msgs/msg/parking_status__type_support.cpp.o[0m
[ 32%] [32mBuilding CXX object CMakeFiles/deva_control_msgs__rosidl_typesupport_c.dir/rosidl_typesupport_c/deva_control_msgs/msg/vehicle_control_command__type_support.cpp.o[0m
[ 33%] [32mBuilding CXX object CMakeFiles/deva_control_msgs__rosidl_typesupport_c.dir/rosidl_typesupport_c/deva_control_msgs/msg/vehicle_enable_command__type_support.cpp.o[0m
[ 33%] [32mBuilding CXX object CMakeFiles/deva_control_msgs__rosidl_typesupport_c.dir/rosidl_typesupport_c/deva_control_msgs/msg/vehicle_limit_value__type_support.cpp.o[0m
[ 34%] [32mBuilding CXX object CMakeFiles/deva_control_msgs__rosidl_typesupport_c.dir/rosidl_typesupport_c/deva_control_msgs/msg/vehicle_report_belt__type_support.cpp.o[0m
[ 35%] [32mBuilding CXX object CMakeFiles/deva_control_msgs__rosidl_typesupport_c.dir/rosidl_typesupport_c/deva_control_msgs/msg/vehicle_report_common__type_support.cpp.o[0m
[ 36%] [32mBuilding CXX object CMakeFiles/deva_control_msgs__rosidl_typesupport_c.dir/rosidl_typesupport_c/deva_control_msgs/msg/vehicle_report_pedal__type_support.cpp.o[0m
[ 36%] [32mBuilding CXX object CMakeFiles/deva_control_msgs__rosidl_typesupport_c.dir/rosidl_typesupport_c/deva_control_msgs/msg/vehicle_status_command__type_support.cpp.o[0m
[ 37%] [32mBuilding CXX object CMakeFiles/deva_control_msgs__rosidl_typesupport_c.dir/rosidl_typesupport_c/deva_control_msgs/msg/wheel_speed__type_support.cpp.o[0m
[ 38%] [32mBuilding CXX object CMakeFiles/deva_control_msgs__rosidl_typesupport_introspection_cpp.dir/rosidl_typesupport_introspection_cpp/deva_control_msgs/msg/detail/control_debug_signal__type_support.cpp.o[0m
[ 39%] [32mBuilding CXX object CMakeFiles/deva_control_msgs__rosidl_typesupport_introspection_cpp.dir/rosidl_typesupport_introspection_cpp/deva_control_msgs/msg/detail/control_monitor_msg__type_support.cpp.o[0m
[ 40%] [32mBuilding CXX object CMakeFiles/deva_control_msgs__rosidl_typesupport_introspection_cpp.dir/rosidl_typesupport_introspection_cpp/deva_control_msgs/msg/detail/control_result__type_support.cpp.o[0m
[ 41%] [32mBuilding CXX object CMakeFiles/deva_control_msgs__rosidl_typesupport_introspection_cpp.dir/rosidl_typesupport_introspection_cpp/deva_control_msgs/msg/detail/control_status__type_support.cpp.o[0m
[ 41%] [32m[1mLinking CXX shared library libdeva_control_msgs__rosidl_typesupport_c.so[0m
[ 42%] [32mBuilding CXX object CMakeFiles/deva_control_msgs__rosidl_typesupport_introspection_cpp.dir/rosidl_typesupport_introspection_cpp/deva_control_msgs/msg/detail/control_valid_limit__type_support.cpp.o[0m
[ 43%] [32mBuilding CXX object CMakeFiles/deva_control_msgs__rosidl_typesupport_introspection_cpp.dir/rosidl_typesupport_introspection_cpp/deva_control_msgs/msg/detail/parking_status__type_support.cpp.o[0m
[ 44%] [32mBuilding CXX object CMakeFiles/deva_control_msgs__rosidl_typesupport_introspection_cpp.dir/rosidl_typesupport_introspection_cpp/deva_control_msgs/msg/detail/vehicle_control_command__type_support.cpp.o[0m
[ 44%] [32mBuilding CXX object CMakeFiles/deva_control_msgs__rosidl_typesupport_introspection_cpp.dir/rosidl_typesupport_introspection_cpp/deva_control_msgs/msg/detail/vehicle_enable_command__type_support.cpp.o[0m
[ 45%] [32mBuilding CXX object CMakeFiles/deva_control_msgs__rosidl_typesupport_introspection_cpp.dir/rosidl_typesupport_introspection_cpp/deva_control_msgs/msg/detail/vehicle_limit_value__type_support.cpp.o[0m
[ 46%] [32mBuilding CXX object CMakeFiles/deva_control_msgs__rosidl_typesupport_introspection_cpp.dir/rosidl_typesupport_introspection_cpp/deva_control_msgs/msg/detail/vehicle_report_belt__type_support.cpp.o[0m
[ 47%] [32mBuilding CXX object CMakeFiles/deva_control_msgs__rosidl_typesupport_introspection_cpp.dir/rosidl_typesupport_introspection_cpp/deva_control_msgs/msg/detail/vehicle_report_common__type_support.cpp.o[0m
[ 48%] [32mBuilding C object CMakeFiles/deva_control_msgs__rosidl_typesupport_introspection_c.dir/rosidl_typesupport_introspection_c/deva_control_msgs/msg/detail/control_debug_signal__type_support.c.o[0m
[ 48%] Built target deva_control_msgs__rosidl_typesupport_c
[ 49%] [32mBuilding C object CMakeFiles/deva_control_msgs__rosidl_typesupport_introspection_c.dir/rosidl_typesupport_introspection_c/deva_control_msgs/msg/detail/control_monitor_msg__type_support.c.o[0m
[ 49%] [32mBuilding CXX object CMakeFiles/deva_control_msgs__rosidl_typesupport_introspection_cpp.dir/rosidl_typesupport_introspection_cpp/deva_control_msgs/msg/detail/vehicle_report_pedal__type_support.cpp.o[0m
[ 50%] [32mBuilding CXX object CMakeFiles/deva_control_msgs__rosidl_typesupport_fastrtps_cpp.dir/rosidl_typesupport_fastrtps_cpp/deva_control_msgs/msg/detail/dds_fastrtps/control_debug_signal__type_support.cpp.o[0m
[ 50%] [32mBuilding C object CMakeFiles/deva_control_msgs__rosidl_typesupport_introspection_c.dir/rosidl_typesupport_introspection_c/deva_control_msgs/msg/detail/control_result__type_support.c.o[0m
[ 51%] [32mBuilding C object CMakeFiles/deva_control_msgs__rosidl_typesupport_introspection_c.dir/rosidl_typesupport_introspection_c/deva_control_msgs/msg/detail/control_status__type_support.c.o[0m
[ 52%] [32mBuilding C object CMakeFiles/deva_control_msgs__rosidl_typesupport_introspection_c.dir/rosidl_typesupport_introspection_c/deva_control_msgs/msg/detail/control_valid_limit__type_support.c.o[0m
[ 53%] [32mBuilding C object CMakeFiles/deva_control_msgs__rosidl_typesupport_introspection_c.dir/rosidl_typesupport_introspection_c/deva_control_msgs/msg/detail/parking_status__type_support.c.o[0m
[ 54%] [32m[1mLinking CXX shared library libdeva_control_msgs__rosidl_typesupport_cpp.so[0m
[ 55%] [32mBuilding CXX object CMakeFiles/deva_control_msgs__rosidl_typesupport_fastrtps_cpp.dir/rosidl_typesupport_fastrtps_cpp/deva_control_msgs/msg/detail/dds_fastrtps/control_monitor_msg__type_support.cpp.o[0m
[ 55%] [32mBuilding C object CMakeFiles/deva_control_msgs__rosidl_typesupport_introspection_c.dir/rosidl_typesupport_introspection_c/deva_control_msgs/msg/detail/vehicle_control_command__type_support.c.o[0m
[ 56%] [32mBuilding CXX object CMakeFiles/deva_control_msgs__rosidl_typesupport_fastrtps_c.dir/rosidl_typesupport_fastrtps_c/deva_control_msgs/msg/detail/control_debug_signal__type_support_c.cpp.o[0m
[ 57%] [32mBuilding C object CMakeFiles/deva_control_msgs__rosidl_typesupport_introspection_c.dir/rosidl_typesupport_introspection_c/deva_control_msgs/msg/detail/vehicle_enable_command__type_support.c.o[0m
[ 57%] Built target deva_control_msgs__rosidl_typesupport_cpp
[ 57%] [32mBuilding CXX object CMakeFiles/deva_control_msgs__rosidl_typesupport_fastrtps_c.dir/rosidl_typesupport_fastrtps_c/deva_control_msgs/msg/detail/control_monitor_msg__type_support_c.cpp.o[0m
[ 58%] [32mBuilding C object CMakeFiles/deva_control_msgs__rosidl_typesupport_introspection_c.dir/rosidl_typesupport_introspection_c/deva_control_msgs/msg/detail/vehicle_limit_value__type_support.c.o[0m
[ 58%] [32mBuilding C object CMakeFiles/deva_control_msgs__rosidl_typesupport_introspection_c.dir/rosidl_typesupport_introspection_c/deva_control_msgs/msg/detail/vehicle_report_belt__type_support.c.o[0m
[ 59%] [32mBuilding C object CMakeFiles/deva_control_msgs__rosidl_typesupport_introspection_c.dir/rosidl_typesupport_introspection_c/deva_control_msgs/msg/detail/vehicle_report_common__type_support.c.o[0m
[ 61%] [32mBuilding CXX object CMakeFiles/deva_control_msgs__rosidl_typesupport_introspection_cpp.dir/rosidl_typesupport_introspection_cpp/deva_control_msgs/msg/detail/vehicle_status_command__type_support.cpp.o[0m
[ 61%] [32mBuilding C object CMakeFiles/deva_control_msgs__rosidl_typesupport_introspection_c.dir/rosidl_typesupport_introspection_c/deva_control_msgs/msg/detail/vehicle_report_pedal__type_support.c.o[0m
[ 62%] [32mBuilding CXX object CMakeFiles/deva_control_msgs__rosidl_typesupport_fastrtps_c.dir/rosidl_typesupport_fastrtps_c/deva_control_msgs/msg/detail/control_result__type_support_c.cpp.o[0m
[ 63%] [32mBuilding C object CMakeFiles/deva_control_msgs__rosidl_typesupport_introspection_c.dir/rosidl_typesupport_introspection_c/deva_control_msgs/msg/detail/vehicle_status_command__type_support.c.o[0m
[ 64%] [32mBuilding CXX object CMakeFiles/deva_control_msgs__rosidl_typesupport_introspection_cpp.dir/rosidl_typesupport_introspection_cpp/deva_control_msgs/msg/detail/wheel_speed__type_support.cpp.o[0m
[ 64%] [32mBuilding C object CMakeFiles/deva_control_msgs__rosidl_typesupport_introspection_c.dir/rosidl_typesupport_introspection_c/deva_control_msgs/msg/detail/wheel_speed__type_support.c.o[0m
[ 65%] [32mBuilding CXX object CMakeFiles/deva_control_msgs__rosidl_typesupport_fastrtps_c.dir/rosidl_typesupport_fastrtps_c/deva_control_msgs/msg/detail/control_status__type_support_c.cpp.o[0m
[ 66%] [32mBuilding CXX object CMakeFiles/deva_control_msgs__rosidl_typesupport_fastrtps_c.dir/rosidl_typesupport_fastrtps_c/deva_control_msgs/msg/detail/control_valid_limit__type_support_c.cpp.o[0m
[ 66%] [32mBuilding CXX object CMakeFiles/deva_control_msgs__rosidl_typesupport_fastrtps_c.dir/rosidl_typesupport_fastrtps_c/deva_control_msgs/msg/detail/parking_status__type_support_c.cpp.o[0m
[ 67%] [32mBuilding CXX object CMakeFiles/deva_control_msgs__rosidl_typesupport_fastrtps_c.dir/rosidl_typesupport_fastrtps_c/deva_control_msgs/msg/detail/vehicle_control_command__type_support_c.cpp.o[0m
[ 68%] [32mBuilding CXX object CMakeFiles/deva_control_msgs__rosidl_typesupport_fastrtps_c.dir/rosidl_typesupport_fastrtps_c/deva_control_msgs/msg/detail/vehicle_enable_command__type_support_c.cpp.o[0m
[ 69%] [32mBuilding CXX object CMakeFiles/deva_control_msgs__rosidl_typesupport_fastrtps_c.dir/rosidl_typesupport_fastrtps_c/deva_control_msgs/msg/detail/vehicle_limit_value__type_support_c.cpp.o[0m
[ 69%] [32mBuilding CXX object CMakeFiles/deva_control_msgs__rosidl_typesupport_fastrtps_c.dir/rosidl_typesupport_fastrtps_c/deva_control_msgs/msg/detail/vehicle_report_belt__type_support_c.cpp.o[0m
[ 70%] [32mBuilding CXX object CMakeFiles/deva_control_msgs__rosidl_typesupport_fastrtps_c.dir/rosidl_typesupport_fastrtps_c/deva_control_msgs/msg/detail/vehicle_report_common__type_support_c.cpp.o[0m
[ 71%] [32m[1mLinking C shared library libdeva_control_msgs__rosidl_typesupport_introspection_c.so[0m
[ 72%] [32mBuilding CXX object CMakeFiles/deva_control_msgs__rosidl_typesupport_fastrtps_c.dir/rosidl_typesupport_fastrtps_c/deva_control_msgs/msg/detail/vehicle_report_pedal__type_support_c.cpp.o[0m
[ 72%] [32mBuilding CXX object CMakeFiles/deva_control_msgs__rosidl_typesupport_fastrtps_cpp.dir/rosidl_typesupport_fastrtps_cpp/deva_control_msgs/msg/detail/dds_fastrtps/control_result__type_support.cpp.o[0m
[ 72%] Built target deva_control_msgs__rosidl_typesupport_introspection_c
[ 73%] [32mBuilding CXX object CMakeFiles/deva_control_msgs__rosidl_typesupport_fastrtps_c.dir/rosidl_typesupport_fastrtps_c/deva_control_msgs/msg/detail/vehicle_status_command__type_support_c.cpp.o[0m
[ 73%] [32mBuilding CXX object CMakeFiles/deva_control_msgs__rosidl_typesupport_fastrtps_c.dir/rosidl_typesupport_fastrtps_c/deva_control_msgs/msg/detail/wheel_speed__type_support_c.cpp.o[0m
[ 74%] [32mBuilding CXX object CMakeFiles/deva_control_msgs__rosidl_typesupport_fastrtps_cpp.dir/rosidl_typesupport_fastrtps_cpp/deva_control_msgs/msg/detail/dds_fastrtps/control_status__type_support.cpp.o[0m
[ 75%] [32mBuilding CXX object CMakeFiles/deva_control_msgs__rosidl_typesupport_fastrtps_cpp.dir/rosidl_typesupport_fastrtps_cpp/deva_control_msgs/msg/detail/dds_fastrtps/control_valid_limit__type_support.cpp.o[0m
[ 75%] [32mBuilding CXX object CMakeFiles/deva_control_msgs__rosidl_typesupport_fastrtps_cpp.dir/rosidl_typesupport_fastrtps_cpp/deva_control_msgs/msg/detail/dds_fastrtps/vehicle_control_command__type_support.cpp.o[0m
[ 76%] [32mBuilding CXX object CMakeFiles/deva_control_msgs__rosidl_typesupport_fastrtps_cpp.dir/rosidl_typesupport_fastrtps_cpp/deva_control_msgs/msg/detail/dds_fastrtps/parking_status__type_support.cpp.o[0m
[ 77%] [32mBuilding CXX object CMakeFiles/deva_control_msgs__rosidl_typesupport_fastrtps_cpp.dir/rosidl_typesupport_fastrtps_cpp/deva_control_msgs/msg/detail/dds_fastrtps/vehicle_enable_command__type_support.cpp.o[0m
[ 78%] [32mBuilding CXX object CMakeFiles/deva_control_msgs__rosidl_typesupport_fastrtps_cpp.dir/rosidl_typesupport_fastrtps_cpp/deva_control_msgs/msg/detail/dds_fastrtps/vehicle_limit_value__type_support.cpp.o[0m
[ 79%] [32mBuilding CXX object CMakeFiles/deva_control_msgs__rosidl_typesupport_fastrtps_cpp.dir/rosidl_typesupport_fastrtps_cpp/deva_control_msgs/msg/detail/dds_fastrtps/vehicle_report_belt__type_support.cpp.o[0m
[ 79%] [32mBuilding CXX object CMakeFiles/deva_control_msgs__rosidl_typesupport_fastrtps_cpp.dir/rosidl_typesupport_fastrtps_cpp/deva_control_msgs/msg/detail/dds_fastrtps/vehicle_report_common__type_support.cpp.o[0m
[ 80%] [32mBuilding CXX object CMakeFiles/deva_control_msgs__rosidl_typesupport_fastrtps_cpp.dir/rosidl_typesupport_fastrtps_cpp/deva_control_msgs/msg/detail/dds_fastrtps/vehicle_report_pedal__type_support.cpp.o[0m
[ 82%] [32mBuilding CXX object CMakeFiles/deva_control_msgs__rosidl_typesupport_fastrtps_cpp.dir/rosidl_typesupport_fastrtps_cpp/deva_control_msgs/msg/detail/dds_fastrtps/vehicle_status_command__type_support.cpp.o[0m
[ 82%] [32mBuilding CXX object CMakeFiles/deva_control_msgs__rosidl_typesupport_fastrtps_cpp.dir/rosidl_typesupport_fastrtps_cpp/deva_control_msgs/msg/detail/dds_fastrtps/wheel_speed__type_support.cpp.o[0m
[ 83%] [32m[1mLinking CXX shared library libdeva_control_msgs__rosidl_typesupport_introspection_cpp.so[0m
[ 83%] Built target deva_control_msgs__rosidl_typesupport_introspection_cpp
[ 84%] [32m[1mLinking CXX shared library libdeva_control_msgs__rosidl_typesupport_fastrtps_c.so[0m
[ 84%] Built target deva_control_msgs__rosidl_typesupport_fastrtps_c
[ 84%] [32m[1mLinking CXX shared library libdeva_control_msgs__rosidl_typesupport_fastrtps_cpp.so[0m
[ 84%] Built target deva_control_msgs__rosidl_typesupport_fastrtps_cpp
[ 84%] Built target deva_control_msgs
[ 85%] [34m[1mGenerating Python code for ROS interfaces[0m
[ 85%] Built target deva_control_msgs__py
[ 86%] [32mBuilding C object CMakeFiles/deva_control_msgs__rosidl_generator_py.dir/rosidl_generator_py/deva_control_msgs/msg/_control_debug_signal_s.c.o[0m
[ 87%] [32mBuilding C object CMakeFiles/deva_control_msgs__rosidl_generator_py.dir/rosidl_generator_py/deva_control_msgs/msg/_control_result_s.c.o[0m
[ 87%] [32mBuilding C object CMakeFiles/deva_control_msgs__rosidl_generator_py.dir/rosidl_generator_py/deva_control_msgs/msg/_control_monitor_msg_s.c.o[0m
[ 89%] [32mBuilding C object CMakeFiles/deva_control_msgs__rosidl_generator_py.dir/rosidl_generator_py/deva_control_msgs/msg/_control_valid_limit_s.c.o[0m
[ 88%] [32mBuilding C object CMakeFiles/deva_control_msgs__rosidl_generator_py.dir/rosidl_generator_py/deva_control_msgs/msg/_control_status_s.c.o[0m
[ 89%] [32mBuilding C object CMakeFiles/deva_control_msgs__rosidl_generator_py.dir/rosidl_generator_py/deva_control_msgs/msg/_parking_status_s.c.o[0m
[ 92%] [32mBuilding C object CMakeFiles/deva_control_msgs__rosidl_generator_py.dir/rosidl_generator_py/deva_control_msgs/msg/_vehicle_control_command_s.c.o[0m
[ 92%] [32mBuilding C object CMakeFiles/deva_control_msgs__rosidl_generator_py.dir/rosidl_generator_py/deva_control_msgs/msg/_vehicle_enable_command_s.c.o[0m
[ 92%] [32mBuilding C object CMakeFiles/deva_control_msgs__rosidl_generator_py.dir/rosidl_generator_py/deva_control_msgs/msg/_vehicle_limit_value_s.c.o[0m
[ 92%] [32mBuilding C object CMakeFiles/deva_control_msgs__rosidl_generator_py.dir/rosidl_generator_py/deva_control_msgs/msg/_vehicle_report_belt_s.c.o[0m
[ 92%] [32mBuilding C object CMakeFiles/deva_control_msgs__rosidl_generator_py.dir/rosidl_generator_py/deva_control_msgs/msg/_vehicle_status_command_s.c.o[0m
[ 94%] [32mBuilding C object CMakeFiles/deva_control_msgs__rosidl_generator_py.dir/rosidl_generator_py/deva_control_msgs/msg/_vehicle_report_pedal_s.c.o[0m
[ 94%] [32mBuilding C object CMakeFiles/deva_control_msgs__rosidl_generator_py.dir/rosidl_generator_py/deva_control_msgs/msg/_vehicle_report_common_s.c.o[0m
[ 95%] [32mBuilding C object CMakeFiles/deva_control_msgs__rosidl_generator_py.dir/rosidl_generator_py/deva_control_msgs/msg/_wheel_speed_s.c.o[0m
[ 96%] [32m[1mLinking C shared library rosidl_generator_py/deva_control_msgs/libdeva_control_msgs__rosidl_generator_py.so[0m
[ 96%] Built target deva_control_msgs__rosidl_generator_py
[ 97%] [32mBuilding C object CMakeFiles/deva_control_msgs__rosidl_typesupport_fastrtps_c__pyext.dir/rosidl_generator_py/deva_control_msgs/_deva_control_msgs_s.ep.rosidl_typesupport_fastrtps_c.c.o[0m
[ 99%] [32mBuilding C object CMakeFiles/deva_control_msgs__rosidl_typesupport_c__pyext.dir/rosidl_generator_py/deva_control_msgs/_deva_control_msgs_s.ep.rosidl_typesupport_c.c.o[0m
[ 99%] [32mBuilding C object CMakeFiles/deva_control_msgs__rosidl_typesupport_introspection_c__pyext.dir/rosidl_generator_py/deva_control_msgs/_deva_control_msgs_s.ep.rosidl_typesupport_introspection_c.c.o[0m
[100%] [32m[1mLinking C shared library rosidl_generator_py/deva_control_msgs/deva_control_msgs_s__rosidl_typesupport_c.cpython-310-x86_64-linux-gnu.so[0m
[100%] [32m[1mLinking C shared library rosidl_generator_py/deva_control_msgs/deva_control_msgs_s__rosidl_typesupport_fastrtps_c.cpython-310-x86_64-linux-gnu.so[0m
[100%] [32m[1mLinking C shared library rosidl_generator_py/deva_control_msgs/deva_control_msgs_s__rosidl_typesupport_introspection_c.cpython-310-x86_64-linux-gnu.so[0m
[100%] Built target deva_control_msgs__rosidl_typesupport_c__pyext
[100%] Built target deva_control_msgs__rosidl_typesupport_fastrtps_c__pyext
[100%] Built target deva_control_msgs__rosidl_typesupport_introspection_c__pyext
-- Install configuration: ""
-- Installing: /home/linjiawei/load_mcap/install/deva_control_msgs/share/ament_index/resource_index/rosidl_interfaces/deva_control_msgs
-- Installing: /home/linjiawei/load_mcap/install/deva_control_msgs/include/deva_control_msgs/deva_control_msgs
-- Installing: /home/linjiawei/load_mcap/install/deva_control_msgs/include/deva_control_msgs/deva_control_msgs/msg
-- Installing: /home/linjiawei/load_mcap/install/deva_control_msgs/include/deva_control_msgs/deva_control_msgs/msg/rosidl_generator_c__visibility_control.h
-- Installing: /home/linjiawei/load_mcap/install/deva_control_msgs/include/deva_control_msgs/deva_control_msgs/msg/control_debug_signal.h
-- Installing: /home/linjiawei/load_mcap/install/deva_control_msgs/include/deva_control_msgs/deva_control_msgs/msg/detail
-- Installing: /home/linjiawei/load_mcap/install/deva_control_msgs/include/deva_control_msgs/deva_control_msgs/msg/detail/control_debug_signal__functions.c
-- Installing: /home/linjiawei/load_mcap/install/deva_control_msgs/include/deva_control_msgs/deva_control_msgs/msg/detail/control_debug_signal__functions.h
-- Installing: /home/linjiawei/load_mcap/install/deva_control_msgs/include/deva_control_msgs/deva_control_msgs/msg/detail/control_debug_signal__struct.h
-- Installing: /home/linjiawei/load_mcap/install/deva_control_msgs/include/deva_control_msgs/deva_control_msgs/msg/detail/control_debug_signal__type_support.h
-- Installing: /home/linjiawei/load_mcap/install/deva_control_msgs/include/deva_control_msgs/deva_control_msgs/msg/detail/control_monitor_msg__functions.c
-- Installing: /home/linjiawei/load_mcap/install/deva_control_msgs/include/deva_control_msgs/deva_control_msgs/msg/detail/control_monitor_msg__functions.h
-- Installing: /home/linjiawei/load_mcap/install/deva_control_msgs/include/deva_control_msgs/deva_control_msgs/msg/detail/control_monitor_msg__struct.h
-- Installing: /home/linjiawei/load_mcap/install/deva_control_msgs/include/deva_control_msgs/deva_control_msgs/msg/detail/control_monitor_msg__type_support.h
-- Installing: /home/linjiawei/load_mcap/install/deva_control_msgs/include/deva_control_msgs/deva_control_msgs/msg/detail/control_result__functions.c
-- Installing: /home/linjiawei/load_mcap/install/deva_control_msgs/include/deva_control_msgs/deva_control_msgs/msg/detail/control_result__functions.h
-- Installing: /home/linjiawei/load_mcap/install/deva_control_msgs/include/deva_control_msgs/deva_control_msgs/msg/detail/control_result__struct.h
-- Installing: /home/linjiawei/load_mcap/install/deva_control_msgs/include/deva_control_msgs/deva_control_msgs/msg/detail/control_result__type_support.h
-- Installing: /home/linjiawei/load_mcap/install/deva_control_msgs/include/deva_control_msgs/deva_control_msgs/msg/detail/control_status__functions.c
-- Installing: /home/linjiawei/load_mcap/install/deva_control_msgs/include/deva_control_msgs/deva_control_msgs/msg/detail/control_status__functions.h
-- Installing: /home/linjiawei/load_mcap/install/deva_control_msgs/include/deva_control_msgs/deva_control_msgs/msg/detail/control_status__struct.h
-- Installing: /home/linjiawei/load_mcap/install/deva_control_msgs/include/deva_control_msgs/deva_control_msgs/msg/detail/control_status__type_support.h
-- Installing: /home/linjiawei/load_mcap/install/deva_control_msgs/include/deva_control_msgs/deva_control_msgs/msg/detail/control_valid_limit__functions.c
-- Installing: /home/linjiawei/load_mcap/install/deva_control_msgs/include/deva_control_msgs/deva_control_msgs/msg/detail/control_valid_limit__functions.h
-- Installing: /home/linjiawei/load_mcap/install/deva_control_msgs/include/deva_control_msgs/deva_control_msgs/msg/detail/control_valid_limit__struct.h
-- Installing: /home/linjiawei/load_mcap/install/deva_control_msgs/include/deva_control_msgs/deva_control_msgs/msg/detail/control_valid_limit__type_support.h
-- Installing: /home/linjiawei/load_mcap/install/deva_control_msgs/include/deva_control_msgs/deva_control_msgs/msg/detail/parking_status__functions.c
-- Installing: /home/linjiawei/load_mcap/install/deva_control_msgs/include/deva_control_msgs/deva_control_msgs/msg/detail/parking_status__functions.h
-- Installing: /home/linjiawei/load_mcap/install/deva_control_msgs/include/deva_control_msgs/deva_control_msgs/msg/detail/parking_status__struct.h
-- Installing: /home/linjiawei/load_mcap/install/deva_control_msgs/include/deva_control_msgs/deva_control_msgs/msg/detail/parking_status__type_support.h
-- Installing: /home/linjiawei/load_mcap/install/deva_control_msgs/include/deva_control_msgs/deva_control_msgs/msg/detail/vehicle_control_command__functions.c
-- Installing: /home/linjiawei/load_mcap/install/deva_control_msgs/include/deva_control_msgs/deva_control_msgs/msg/detail/vehicle_control_command__functions.h
-- Installing: /home/linjiawei/load_mcap/install/deva_control_msgs/include/deva_control_msgs/deva_control_msgs/msg/detail/vehicle_control_command__struct.h
-- Installing: /home/linjiawei/load_mcap/install/deva_control_msgs/include/deva_control_msgs/deva_control_msgs/msg/detail/vehicle_control_command__type_support.h
-- Installing: /home/linjiawei/load_mcap/install/deva_control_msgs/include/deva_control_msgs/deva_control_msgs/msg/detail/vehicle_enable_command__functions.c
-- Installing: /home/linjiawei/load_mcap/install/deva_control_msgs/include/deva_control_msgs/deva_control_msgs/msg/detail/vehicle_enable_command__functions.h
-- Installing: /home/linjiawei/load_mcap/install/deva_control_msgs/include/deva_control_msgs/deva_control_msgs/msg/detail/vehicle_enable_command__struct.h
-- Installing: /home/linjiawei/load_mcap/install/deva_control_msgs/include/deva_control_msgs/deva_control_msgs/msg/detail/vehicle_enable_command__type_support.h
-- Installing: /home/linjiawei/load_mcap/install/deva_control_msgs/include/deva_control_msgs/deva_control_msgs/msg/detail/vehicle_limit_value__functions.c
-- Installing: /home/linjiawei/load_mcap/install/deva_control_msgs/include/deva_control_msgs/deva_control_msgs/msg/detail/vehicle_limit_value__functions.h
-- Installing: /home/linjiawei/load_mcap/install/deva_control_msgs/include/deva_control_msgs/deva_control_msgs/msg/detail/vehicle_limit_value__struct.h
-- Installing: /home/linjiawei/load_mcap/install/deva_control_msgs/include/deva_control_msgs/deva_control_msgs/msg/detail/vehicle_limit_value__type_support.h
-- Installing: /home/linjiawei/load_mcap/install/deva_control_msgs/include/deva_control_msgs/deva_control_msgs/msg/detail/vehicle_report_belt__functions.c
-- Installing: /home/linjiawei/load_mcap/install/deva_control_msgs/include/deva_control_msgs/deva_control_msgs/msg/detail/vehicle_report_belt__functions.h
-- Installing: /home/linjiawei/load_mcap/install/deva_control_msgs/include/deva_control_msgs/deva_control_msgs/msg/detail/vehicle_report_belt__struct.h
-- Installing: /home/linjiawei/load_mcap/install/deva_control_msgs/include/deva_control_msgs/deva_control_msgs/msg/detail/vehicle_report_belt__type_support.h
-- Installing: /home/linjiawei/load_mcap/install/deva_control_msgs/include/deva_control_msgs/deva_control_msgs/msg/detail/vehicle_report_common__functions.c
-- Installing: /home/linjiawei/load_mcap/install/deva_control_msgs/include/deva_control_msgs/deva_control_msgs/msg/detail/vehicle_report_common__functions.h
-- Installing: /home/linjiawei/load_mcap/install/deva_control_msgs/include/deva_control_msgs/deva_control_msgs/msg/detail/vehicle_report_common__struct.h
-- Installing: /home/linjiawei/load_mcap/install/deva_control_msgs/include/deva_control_msgs/deva_control_msgs/msg/detail/vehicle_report_common__type_support.h
-- Installing: /home/linjiawei/load_mcap/install/deva_control_msgs/include/deva_control_msgs/deva_control_msgs/msg/detail/vehicle_report_pedal__functions.c
-- Installing: /home/linjiawei/load_mcap/install/deva_control_msgs/include/deva_control_msgs/deva_control_msgs/msg/detail/vehicle_report_pedal__functions.h
-- Installing: /home/linjiawei/load_mcap/install/deva_control_msgs/include/deva_control_msgs/deva_control_msgs/msg/detail/vehicle_report_pedal__struct.h
-- Installing: /home/linjiawei/load_mcap/install/deva_control_msgs/include/deva_control_msgs/deva_control_msgs/msg/detail/vehicle_report_pedal__type_support.h
-- Installing: /home/linjiawei/load_mcap/install/deva_control_msgs/include/deva_control_msgs/deva_control_msgs/msg/detail/vehicle_status_command__functions.c
-- Installing: /home/linjiawei/load_mcap/install/deva_control_msgs/include/deva_control_msgs/deva_control_msgs/msg/detail/vehicle_status_command__functions.h
-- Installing: /home/linjiawei/load_mcap/install/deva_control_msgs/include/deva_control_msgs/deva_control_msgs/msg/detail/vehicle_status_command__struct.h
-- Installing: /home/linjiawei/load_mcap/install/deva_control_msgs/include/deva_control_msgs/deva_control_msgs/msg/detail/vehicle_status_command__type_support.h
-- Installing: /home/linjiawei/load_mcap/install/deva_control_msgs/include/deva_control_msgs/deva_control_msgs/msg/detail/wheel_speed__functions.c
-- Installing: /home/linjiawei/load_mcap/install/deva_control_msgs/include/deva_control_msgs/deva_control_msgs/msg/detail/wheel_speed__functions.h
-- Installing: /home/linjiawei/load_mcap/install/deva_control_msgs/include/deva_control_msgs/deva_control_msgs/msg/detail/wheel_speed__struct.h
-- Installing: /home/linjiawei/load_mcap/install/deva_control_msgs/include/deva_control_msgs/deva_control_msgs/msg/detail/wheel_speed__type_support.h
-- Installing: /home/linjiawei/load_mcap/install/deva_control_msgs/include/deva_control_msgs/deva_control_msgs/msg/control_monitor_msg.h
-- Installing: /home/linjiawei/load_mcap/install/deva_control_msgs/include/deva_control_msgs/deva_control_msgs/msg/control_result.h
-- Installing: /home/linjiawei/load_mcap/install/deva_control_msgs/include/deva_control_msgs/deva_control_msgs/msg/control_status.h
-- Installing: /home/linjiawei/load_mcap/install/deva_control_msgs/include/deva_control_msgs/deva_control_msgs/msg/control_valid_limit.h
-- Installing: /home/linjiawei/load_mcap/install/deva_control_msgs/include/deva_control_msgs/deva_control_msgs/msg/parking_status.h
-- Installing: /home/linjiawei/load_mcap/install/deva_control_msgs/include/deva_control_msgs/deva_control_msgs/msg/vehicle_control_command.h
-- Installing: /home/linjiawei/load_mcap/install/deva_control_msgs/include/deva_control_msgs/deva_control_msgs/msg/vehicle_enable_command.h
-- Installing: /home/linjiawei/load_mcap/install/deva_control_msgs/include/deva_control_msgs/deva_control_msgs/msg/vehicle_limit_value.h
-- Installing: /home/linjiawei/load_mcap/install/deva_control_msgs/include/deva_control_msgs/deva_control_msgs/msg/vehicle_report_belt.h
-- Installing: /home/linjiawei/load_mcap/install/deva_control_msgs/include/deva_control_msgs/deva_control_msgs/msg/vehicle_report_common.h
-- Installing: /home/linjiawei/load_mcap/install/deva_control_msgs/include/deva_control_msgs/deva_control_msgs/msg/vehicle_report_pedal.h
-- Installing: /home/linjiawei/load_mcap/install/deva_control_msgs/include/deva_control_msgs/deva_control_msgs/msg/vehicle_status_command.h
-- Installing: /home/linjiawei/load_mcap/install/deva_control_msgs/include/deva_control_msgs/deva_control_msgs/msg/wheel_speed.h
-- Installing: /home/linjiawei/load_mcap/install/deva_control_msgs/share/deva_control_msgs/environment/library_path.sh
-- Installing: /home/linjiawei/load_mcap/install/deva_control_msgs/share/deva_control_msgs/environment/library_path.dsv
-- Installing: /home/linjiawei/load_mcap/install/deva_control_msgs/lib/libdeva_control_msgs__rosidl_generator_c.so
-- Set runtime path of "/home/linjiawei/load_mcap/install/deva_control_msgs/lib/libdeva_control_msgs__rosidl_generator_c.so" to ""
-- Up-to-date: /home/linjiawei/load_mcap/install/deva_control_msgs/include/deva_control_msgs/deva_control_msgs
-- Up-to-date: /home/linjiawei/load_mcap/install/deva_control_msgs/include/deva_control_msgs/deva_control_msgs/msg
-- Installing: /home/linjiawei/load_mcap/install/deva_control_msgs/include/deva_control_msgs/deva_control_msgs/msg/rosidl_typesupport_fastrtps_c__visibility_control.h
-- Up-to-date: /home/linjiawei/load_mcap/install/deva_control_msgs/include/deva_control_msgs/deva_control_msgs/msg/detail
-- Installing: /home/linjiawei/load_mcap/install/deva_control_msgs/include/deva_control_msgs/deva_control_msgs/msg/detail/control_debug_signal__rosidl_typesupport_fastrtps_c.h
-- Installing: /home/linjiawei/load_mcap/install/deva_control_msgs/include/deva_control_msgs/deva_control_msgs/msg/detail/control_monitor_msg__rosidl_typesupport_fastrtps_c.h
-- Installing: /home/linjiawei/load_mcap/install/deva_control_msgs/include/deva_control_msgs/deva_control_msgs/msg/detail/control_result__rosidl_typesupport_fastrtps_c.h
-- Installing: /home/linjiawei/load_mcap/install/deva_control_msgs/include/deva_control_msgs/deva_control_msgs/msg/detail/control_status__rosidl_typesupport_fastrtps_c.h
-- Installing: /home/linjiawei/load_mcap/install/deva_control_msgs/include/deva_control_msgs/deva_control_msgs/msg/detail/control_valid_limit__rosidl_typesupport_fastrtps_c.h
-- Installing: /home/linjiawei/load_mcap/install/deva_control_msgs/include/deva_control_msgs/deva_control_msgs/msg/detail/parking_status__rosidl_typesupport_fastrtps_c.h
-- Installing: /home/linjiawei/load_mcap/install/deva_control_msgs/include/deva_control_msgs/deva_control_msgs/msg/detail/vehicle_control_command__rosidl_typesupport_fastrtps_c.h
-- Installing: /home/linjiawei/load_mcap/install/deva_control_msgs/include/deva_control_msgs/deva_control_msgs/msg/detail/vehicle_enable_command__rosidl_typesupport_fastrtps_c.h
-- Installing: /home/linjiawei/load_mcap/install/deva_control_msgs/include/deva_control_msgs/deva_control_msgs/msg/detail/vehicle_limit_value__rosidl_typesupport_fastrtps_c.h
-- Installing: /home/linjiawei/load_mcap/install/deva_control_msgs/include/deva_control_msgs/deva_control_msgs/msg/detail/vehicle_report_belt__rosidl_typesupport_fastrtps_c.h
-- Installing: /home/linjiawei/load_mcap/install/deva_control_msgs/include/deva_control_msgs/deva_control_msgs/msg/detail/vehicle_report_common__rosidl_typesupport_fastrtps_c.h
-- Installing: /home/linjiawei/load_mcap/install/deva_control_msgs/include/deva_control_msgs/deva_control_msgs/msg/detail/vehicle_report_pedal__rosidl_typesupport_fastrtps_c.h
-- Installing: /home/linjiawei/load_mcap/install/deva_control_msgs/include/deva_control_msgs/deva_control_msgs/msg/detail/vehicle_status_command__rosidl_typesupport_fastrtps_c.h
-- Installing: /home/linjiawei/load_mcap/install/deva_control_msgs/include/deva_control_msgs/deva_control_msgs/msg/detail/wheel_speed__rosidl_typesupport_fastrtps_c.h
-- Installing: /home/linjiawei/load_mcap/install/deva_control_msgs/lib/libdeva_control_msgs__rosidl_typesupport_fastrtps_c.so
-- Set runtime path of "/home/linjiawei/load_mcap/install/deva_control_msgs/lib/libdeva_control_msgs__rosidl_typesupport_fastrtps_c.so" to ""
-- Up-to-date: /home/linjiawei/load_mcap/install/deva_control_msgs/include/deva_control_msgs/deva_control_msgs
-- Up-to-date: /home/linjiawei/load_mcap/install/deva_control_msgs/include/deva_control_msgs/deva_control_msgs/msg
-- Installing: /home/linjiawei/load_mcap/install/deva_control_msgs/include/deva_control_msgs/deva_control_msgs/msg/rosidl_typesupport_introspection_c__visibility_control.h
-- Up-to-date: /home/linjiawei/load_mcap/install/deva_control_msgs/include/deva_control_msgs/deva_control_msgs/msg/detail
-- Installing: /home/linjiawei/load_mcap/install/deva_control_msgs/include/deva_control_msgs/deva_control_msgs/msg/detail/control_debug_signal__rosidl_typesupport_introspection_c.h
-- Installing: /home/linjiawei/load_mcap/install/deva_control_msgs/include/deva_control_msgs/deva_control_msgs/msg/detail/control_debug_signal__type_support.c
-- Installing: /home/linjiawei/load_mcap/install/deva_control_msgs/include/deva_control_msgs/deva_control_msgs/msg/detail/control_monitor_msg__rosidl_typesupport_introspection_c.h
-- Installing: /home/linjiawei/load_mcap/install/deva_control_msgs/include/deva_control_msgs/deva_control_msgs/msg/detail/control_monitor_msg__type_support.c
-- Installing: /home/linjiawei/load_mcap/install/deva_control_msgs/include/deva_control_msgs/deva_control_msgs/msg/detail/control_result__rosidl_typesupport_introspection_c.h
-- Installing: /home/linjiawei/load_mcap/install/deva_control_msgs/include/deva_control_msgs/deva_control_msgs/msg/detail/control_result__type_support.c
-- Installing: /home/linjiawei/load_mcap/install/deva_control_msgs/include/deva_control_msgs/deva_control_msgs/msg/detail/control_status__rosidl_typesupport_introspection_c.h
-- Installing: /home/linjiawei/load_mcap/install/deva_control_msgs/include/deva_control_msgs/deva_control_msgs/msg/detail/control_status__type_support.c
-- Installing: /home/linjiawei/load_mcap/install/deva_control_msgs/include/deva_control_msgs/deva_control_msgs/msg/detail/control_valid_limit__rosidl_typesupport_introspection_c.h
-- Installing: /home/linjiawei/load_mcap/install/deva_control_msgs/include/deva_control_msgs/deva_control_msgs/msg/detail/control_valid_limit__type_support.c
-- Installing: /home/linjiawei/load_mcap/install/deva_control_msgs/include/deva_control_msgs/deva_control_msgs/msg/detail/parking_status__rosidl_typesupport_introspection_c.h
-- Installing: /home/linjiawei/load_mcap/install/deva_control_msgs/include/deva_control_msgs/deva_control_msgs/msg/detail/parking_status__type_support.c
-- Installing: /home/linjiawei/load_mcap/install/deva_control_msgs/include/deva_control_msgs/deva_control_msgs/msg/detail/vehicle_control_command__rosidl_typesupport_introspection_c.h
-- Installing: /home/linjiawei/load_mcap/install/deva_control_msgs/include/deva_control_msgs/deva_control_msgs/msg/detail/vehicle_control_command__type_support.c
-- Installing: /home/linjiawei/load_mcap/install/deva_control_msgs/include/deva_control_msgs/deva_control_msgs/msg/detail/vehicle_enable_command__rosidl_typesupport_introspection_c.h
-- Installing: /home/linjiawei/load_mcap/install/deva_control_msgs/include/deva_control_msgs/deva_control_msgs/msg/detail/vehicle_enable_command__type_support.c
-- Installing: /home/linjiawei/load_mcap/install/deva_control_msgs/include/deva_control_msgs/deva_control_msgs/msg/detail/vehicle_limit_value__rosidl_typesupport_introspection_c.h
-- Installing: /home/linjiawei/load_mcap/install/deva_control_msgs/include/deva_control_msgs/deva_control_msgs/msg/detail/vehicle_limit_value__type_support.c
-- Installing: /home/linjiawei/load_mcap/install/deva_control_msgs/include/deva_control_msgs/deva_control_msgs/msg/detail/vehicle_report_belt__rosidl_typesupport_introspection_c.h
-- Installing: /home/linjiawei/load_mcap/install/deva_control_msgs/include/deva_control_msgs/deva_control_msgs/msg/detail/vehicle_report_belt__type_support.c
-- Installing: /home/linjiawei/load_mcap/install/deva_control_msgs/include/deva_control_msgs/deva_control_msgs/msg/detail/vehicle_report_common__rosidl_typesupport_introspection_c.h
-- Installing: /home/linjiawei/load_mcap/install/deva_control_msgs/include/deva_control_msgs/deva_control_msgs/msg/detail/vehicle_report_common__type_support.c
-- Installing: /home/linjiawei/load_mcap/install/deva_control_msgs/include/deva_control_msgs/deva_control_msgs/msg/detail/vehicle_report_pedal__rosidl_typesupport_introspection_c.h
-- Installing: /home/linjiawei/load_mcap/install/deva_control_msgs/include/deva_control_msgs/deva_control_msgs/msg/detail/vehicle_report_pedal__type_support.c
-- Installing: /home/linjiawei/load_mcap/install/deva_control_msgs/include/deva_control_msgs/deva_control_msgs/msg/detail/vehicle_status_command__rosidl_typesupport_introspection_c.h
-- Installing: /home/linjiawei/load_mcap/install/deva_control_msgs/include/deva_control_msgs/deva_control_msgs/msg/detail/vehicle_status_command__type_support.c
-- Installing: /home/linjiawei/load_mcap/install/deva_control_msgs/include/deva_control_msgs/deva_control_msgs/msg/detail/wheel_speed__rosidl_typesupport_introspection_c.h
-- Installing: /home/linjiawei/load_mcap/install/deva_control_msgs/include/deva_control_msgs/deva_control_msgs/msg/detail/wheel_speed__type_support.c
-- Installing: /home/linjiawei/load_mcap/install/deva_control_msgs/lib/libdeva_control_msgs__rosidl_typesupport_introspection_c.so
-- Set runtime path of "/home/linjiawei/load_mcap/install/deva_control_msgs/lib/libdeva_control_msgs__rosidl_typesupport_introspection_c.so" to ""
-- Installing: /home/linjiawei/load_mcap/install/deva_control_msgs/lib/libdeva_control_msgs__rosidl_typesupport_c.so
-- Set runtime path of "/home/linjiawei/load_mcap/install/deva_control_msgs/lib/libdeva_control_msgs__rosidl_typesupport_c.so" to ""
-- Up-to-date: /home/linjiawei/load_mcap/install/deva_control_msgs/include/deva_control_msgs/deva_control_msgs
-- Up-to-date: /home/linjiawei/load_mcap/install/deva_control_msgs/include/deva_control_msgs/deva_control_msgs/msg
-- Installing: /home/linjiawei/load_mcap/install/deva_control_msgs/include/deva_control_msgs/deva_control_msgs/msg/rosidl_generator_cpp__visibility_control.hpp
-- Installing: /home/linjiawei/load_mcap/install/deva_control_msgs/include/deva_control_msgs/deva_control_msgs/msg/control_debug_signal.hpp
-- Up-to-date: /home/linjiawei/load_mcap/install/deva_control_msgs/include/deva_control_msgs/deva_control_msgs/msg/detail
-- Installing: /home/linjiawei/load_mcap/install/deva_control_msgs/include/deva_control_msgs/deva_control_msgs/msg/detail/control_debug_signal__builder.hpp
-- Installing: /home/linjiawei/load_mcap/install/deva_control_msgs/include/deva_control_msgs/deva_control_msgs/msg/detail/control_debug_signal__struct.hpp
-- Installing: /home/linjiawei/load_mcap/install/deva_control_msgs/include/deva_control_msgs/deva_control_msgs/msg/detail/control_debug_signal__traits.hpp
-- Installing: /home/linjiawei/load_mcap/install/deva_control_msgs/include/deva_control_msgs/deva_control_msgs/msg/detail/control_debug_signal__type_support.hpp
-- Installing: /home/linjiawei/load_mcap/install/deva_control_msgs/include/deva_control_msgs/deva_control_msgs/msg/detail/control_monitor_msg__builder.hpp
-- Installing: /home/linjiawei/load_mcap/install/deva_control_msgs/include/deva_control_msgs/deva_control_msgs/msg/detail/control_monitor_msg__struct.hpp
-- Installing: /home/linjiawei/load_mcap/install/deva_control_msgs/include/deva_control_msgs/deva_control_msgs/msg/detail/control_monitor_msg__traits.hpp
-- Installing: /home/linjiawei/load_mcap/install/deva_control_msgs/include/deva_control_msgs/deva_control_msgs/msg/detail/control_monitor_msg__type_support.hpp
-- Installing: /home/linjiawei/load_mcap/install/deva_control_msgs/include/deva_control_msgs/deva_control_msgs/msg/detail/control_result__builder.hpp
-- Installing: /home/linjiawei/load_mcap/install/deva_control_msgs/include/deva_control_msgs/deva_control_msgs/msg/detail/control_result__struct.hpp
-- Installing: /home/linjiawei/load_mcap/install/deva_control_msgs/include/deva_control_msgs/deva_control_msgs/msg/detail/control_result__traits.hpp
-- Installing: /home/linjiawei/load_mcap/install/deva_control_msgs/include/deva_control_msgs/deva_control_msgs/msg/detail/control_result__type_support.hpp
-- Installing: /home/linjiawei/load_mcap/install/deva_control_msgs/include/deva_control_msgs/deva_control_msgs/msg/detail/control_status__builder.hpp
-- Installing: /home/linjiawei/load_mcap/install/deva_control_msgs/include/deva_control_msgs/deva_control_msgs/msg/detail/control_status__struct.hpp
-- Installing: /home/linjiawei/load_mcap/install/deva_control_msgs/include/deva_control_msgs/deva_control_msgs/msg/detail/control_status__traits.hpp
-- Installing: /home/linjiawei/load_mcap/install/deva_control_msgs/include/deva_control_msgs/deva_control_msgs/msg/detail/control_status__type_support.hpp
-- Installing: /home/linjiawei/load_mcap/install/deva_control_msgs/include/deva_control_msgs/deva_control_msgs/msg/detail/control_valid_limit__builder.hpp
-- Installing: /home/linjiawei/load_mcap/install/deva_control_msgs/include/deva_control_msgs/deva_control_msgs/msg/detail/control_valid_limit__struct.hpp
-- Installing: /home/linjiawei/load_mcap/install/deva_control_msgs/include/deva_control_msgs/deva_control_msgs/msg/detail/control_valid_limit__traits.hpp
-- Installing: /home/linjiawei/load_mcap/install/deva_control_msgs/include/deva_control_msgs/deva_control_msgs/msg/detail/control_valid_limit__type_support.hpp
-- Installing: /home/linjiawei/load_mcap/install/deva_control_msgs/include/deva_control_msgs/deva_control_msgs/msg/detail/parking_status__builder.hpp
-- Installing: /home/linjiawei/load_mcap/install/deva_control_msgs/include/deva_control_msgs/deva_control_msgs/msg/detail/parking_status__struct.hpp
-- Installing: /home/linjiawei/load_mcap/install/deva_control_msgs/include/deva_control_msgs/deva_control_msgs/msg/detail/parking_status__traits.hpp
-- Installing: /home/linjiawei/load_mcap/install/deva_control_msgs/include/deva_control_msgs/deva_control_msgs/msg/detail/parking_status__type_support.hpp
-- Installing: /home/linjiawei/load_mcap/install/deva_control_msgs/include/deva_control_msgs/deva_control_msgs/msg/detail/vehicle_control_command__builder.hpp
-- Installing: /home/linjiawei/load_mcap/install/deva_control_msgs/include/deva_control_msgs/deva_control_msgs/msg/detail/vehicle_control_command__struct.hpp
-- Installing: /home/linjiawei/load_mcap/install/deva_control_msgs/include/deva_control_msgs/deva_control_msgs/msg/detail/vehicle_control_command__traits.hpp
-- Installing: /home/linjiawei/load_mcap/install/deva_control_msgs/include/deva_control_msgs/deva_control_msgs/msg/detail/vehicle_control_command__type_support.hpp
-- Installing: /home/linjiawei/load_mcap/install/deva_control_msgs/include/deva_control_msgs/deva_control_msgs/msg/detail/vehicle_enable_command__builder.hpp
-- Installing: /home/linjiawei/load_mcap/install/deva_control_msgs/include/deva_control_msgs/deva_control_msgs/msg/detail/vehicle_enable_command__struct.hpp
-- Installing: /home/linjiawei/load_mcap/install/deva_control_msgs/include/deva_control_msgs/deva_control_msgs/msg/detail/vehicle_enable_command__traits.hpp
-- Installing: /home/linjiawei/load_mcap/install/deva_control_msgs/include/deva_control_msgs/deva_control_msgs/msg/detail/vehicle_enable_command__type_support.hpp
-- Installing: /home/linjiawei/load_mcap/install/deva_control_msgs/include/deva_control_msgs/deva_control_msgs/msg/detail/vehicle_limit_value__builder.hpp
-- Installing: /home/linjiawei/load_mcap/install/deva_control_msgs/include/deva_control_msgs/deva_control_msgs/msg/detail/vehicle_limit_value__struct.hpp
-- Installing: /home/linjiawei/load_mcap/install/deva_control_msgs/include/deva_control_msgs/deva_control_msgs/msg/detail/vehicle_limit_value__traits.hpp
-- Installing: /home/linjiawei/load_mcap/install/deva_control_msgs/include/deva_control_msgs/deva_control_msgs/msg/detail/vehicle_limit_value__type_support.hpp
-- Installing: /home/linjiawei/load_mcap/install/deva_control_msgs/include/deva_control_msgs/deva_control_msgs/msg/detail/vehicle_report_belt__builder.hpp
-- Installing: /home/linjiawei/load_mcap/install/deva_control_msgs/include/deva_control_msgs/deva_control_msgs/msg/detail/vehicle_report_belt__struct.hpp
-- Installing: /home/linjiawei/load_mcap/install/deva_control_msgs/include/deva_control_msgs/deva_control_msgs/msg/detail/vehicle_report_belt__traits.hpp
-- Installing: /home/linjiawei/load_mcap/install/deva_control_msgs/include/deva_control_msgs/deva_control_msgs/msg/detail/vehicle_report_belt__type_support.hpp
-- Installing: /home/linjiawei/load_mcap/install/deva_control_msgs/include/deva_control_msgs/deva_control_msgs/msg/detail/vehicle_report_common__builder.hpp
-- Installing: /home/linjiawei/load_mcap/install/deva_control_msgs/include/deva_control_msgs/deva_control_msgs/msg/detail/vehicle_report_common__struct.hpp
-- Installing: /home/linjiawei/load_mcap/install/deva_control_msgs/include/deva_control_msgs/deva_control_msgs/msg/detail/vehicle_report_common__traits.hpp
-- Installing: /home/linjiawei/load_mcap/install/deva_control_msgs/include/deva_control_msgs/deva_control_msgs/msg/detail/vehicle_report_common__type_support.hpp
-- Installing: /home/linjiawei/load_mcap/install/deva_control_msgs/include/deva_control_msgs/deva_control_msgs/msg/detail/vehicle_report_pedal__builder.hpp
-- Installing: /home/linjiawei/load_mcap/install/deva_control_msgs/include/deva_control_msgs/deva_control_msgs/msg/detail/vehicle_report_pedal__struct.hpp
-- Installing: /home/linjiawei/load_mcap/install/deva_control_msgs/include/deva_control_msgs/deva_control_msgs/msg/detail/vehicle_report_pedal__traits.hpp
-- Installing: /home/linjiawei/load_mcap/install/deva_control_msgs/include/deva_control_msgs/deva_control_msgs/msg/detail/vehicle_report_pedal__type_support.hpp
-- Installing: /home/linjiawei/load_mcap/install/deva_control_msgs/include/deva_control_msgs/deva_control_msgs/msg/detail/vehicle_status_command__builder.hpp
-- Installing: /home/linjiawei/load_mcap/install/deva_control_msgs/include/deva_control_msgs/deva_control_msgs/msg/detail/vehicle_status_command__struct.hpp
-- Installing: /home/linjiawei/load_mcap/install/deva_control_msgs/include/deva_control_msgs/deva_control_msgs/msg/detail/vehicle_status_command__traits.hpp
-- Installing: /home/linjiawei/load_mcap/install/deva_control_msgs/include/deva_control_msgs/deva_control_msgs/msg/detail/vehicle_status_command__type_support.hpp
-- Installing: /home/linjiawei/load_mcap/install/deva_control_msgs/include/deva_control_msgs/deva_control_msgs/msg/detail/wheel_speed__builder.hpp
-- Installing: /home/linjiawei/load_mcap/install/deva_control_msgs/include/deva_control_msgs/deva_control_msgs/msg/detail/wheel_speed__struct.hpp
-- Installing: /home/linjiawei/load_mcap/install/deva_control_msgs/include/deva_control_msgs/deva_control_msgs/msg/detail/wheel_speed__traits.hpp
-- Installing: /home/linjiawei/load_mcap/install/deva_control_msgs/include/deva_control_msgs/deva_control_msgs/msg/detail/wheel_speed__type_support.hpp
-- Installing: /home/linjiawei/load_mcap/install/deva_control_msgs/include/deva_control_msgs/deva_control_msgs/msg/control_monitor_msg.hpp
-- Installing: /home/linjiawei/load_mcap/install/deva_control_msgs/include/deva_control_msgs/deva_control_msgs/msg/control_result.hpp
-- Installing: /home/linjiawei/load_mcap/install/deva_control_msgs/include/deva_control_msgs/deva_control_msgs/msg/control_status.hpp
-- Installing: /home/linjiawei/load_mcap/install/deva_control_msgs/include/deva_control_msgs/deva_control_msgs/msg/control_valid_limit.hpp
-- Installing: /home/linjiawei/load_mcap/install/deva_control_msgs/include/deva_control_msgs/deva_control_msgs/msg/parking_status.hpp
-- Installing: /home/linjiawei/load_mcap/install/deva_control_msgs/include/deva_control_msgs/deva_control_msgs/msg/vehicle_control_command.hpp
-- Installing: /home/linjiawei/load_mcap/install/deva_control_msgs/include/deva_control_msgs/deva_control_msgs/msg/vehicle_enable_command.hpp
-- Installing: /home/linjiawei/load_mcap/install/deva_control_msgs/include/deva_control_msgs/deva_control_msgs/msg/vehicle_limit_value.hpp
-- Installing: /home/linjiawei/load_mcap/install/deva_control_msgs/include/deva_control_msgs/deva_control_msgs/msg/vehicle_report_belt.hpp
-- Installing: /home/linjiawei/load_mcap/install/deva_control_msgs/include/deva_control_msgs/deva_control_msgs/msg/vehicle_report_common.hpp
-- Installing: /home/linjiawei/load_mcap/install/deva_control_msgs/include/deva_control_msgs/deva_control_msgs/msg/vehicle_report_pedal.hpp
-- Installing: /home/linjiawei/load_mcap/install/deva_control_msgs/include/deva_control_msgs/deva_control_msgs/msg/vehicle_status_command.hpp
-- Installing: /home/linjiawei/load_mcap/install/deva_control_msgs/include/deva_control_msgs/deva_control_msgs/msg/wheel_speed.hpp
-- Up-to-date: /home/linjiawei/load_mcap/install/deva_control_msgs/include/deva_control_msgs/deva_control_msgs
-- Up-to-date: /home/linjiawei/load_mcap/install/deva_control_msgs/include/deva_control_msgs/deva_control_msgs/msg
-- Installing: /home/linjiawei/load_mcap/install/deva_control_msgs/include/deva_control_msgs/deva_control_msgs/msg/rosidl_typesupport_fastrtps_cpp__visibility_control.h
-- Up-to-date: /home/linjiawei/load_mcap/install/deva_control_msgs/include/deva_control_msgs/deva_control_msgs/msg/detail
-- Installing: /home/linjiawei/load_mcap/install/deva_control_msgs/include/deva_control_msgs/deva_control_msgs/msg/detail/control_debug_signal__rosidl_typesupport_fastrtps_cpp.hpp
-- Installing: /home/linjiawei/load_mcap/install/deva_control_msgs/include/deva_control_msgs/deva_control_msgs/msg/detail/dds_fastrtps
-- Installing: /home/linjiawei/load_mcap/install/deva_control_msgs/include/deva_control_msgs/deva_control_msgs/msg/detail/control_monitor_msg__rosidl_typesupport_fastrtps_cpp.hpp
-- Installing: /home/linjiawei/load_mcap/install/deva_control_msgs/include/deva_control_msgs/deva_control_msgs/msg/detail/control_result__rosidl_typesupport_fastrtps_cpp.hpp
-- Installing: /home/linjiawei/load_mcap/install/deva_control_msgs/include/deva_control_msgs/deva_control_msgs/msg/detail/control_status__rosidl_typesupport_fastrtps_cpp.hpp
-- Installing: /home/linjiawei/load_mcap/install/deva_control_msgs/include/deva_control_msgs/deva_control_msgs/msg/detail/control_valid_limit__rosidl_typesupport_fastrtps_cpp.hpp
-- Installing: /home/linjiawei/load_mcap/install/deva_control_msgs/include/deva_control_msgs/deva_control_msgs/msg/detail/parking_status__rosidl_typesupport_fastrtps_cpp.hpp
-- Installing: /home/linjiawei/load_mcap/install/deva_control_msgs/include/deva_control_msgs/deva_control_msgs/msg/detail/vehicle_control_command__rosidl_typesupport_fastrtps_cpp.hpp
-- Installing: /home/linjiawei/load_mcap/install/deva_control_msgs/include/deva_control_msgs/deva_control_msgs/msg/detail/vehicle_enable_command__rosidl_typesupport_fastrtps_cpp.hpp
-- Installing: /home/linjiawei/load_mcap/install/deva_control_msgs/include/deva_control_msgs/deva_control_msgs/msg/detail/vehicle_limit_value__rosidl_typesupport_fastrtps_cpp.hpp
-- Installing: /home/linjiawei/load_mcap/install/deva_control_msgs/include/deva_control_msgs/deva_control_msgs/msg/detail/vehicle_report_belt__rosidl_typesupport_fastrtps_cpp.hpp
-- Installing: /home/linjiawei/load_mcap/install/deva_control_msgs/include/deva_control_msgs/deva_control_msgs/msg/detail/vehicle_report_common__rosidl_typesupport_fastrtps_cpp.hpp
-- Installing: /home/linjiawei/load_mcap/install/deva_control_msgs/include/deva_control_msgs/deva_control_msgs/msg/detail/vehicle_report_pedal__rosidl_typesupport_fastrtps_cpp.hpp
-- Installing: /home/linjiawei/load_mcap/install/deva_control_msgs/include/deva_control_msgs/deva_control_msgs/msg/detail/vehicle_status_command__rosidl_typesupport_fastrtps_cpp.hpp
-- Installing: /home/linjiawei/load_mcap/install/deva_control_msgs/include/deva_control_msgs/deva_control_msgs/msg/detail/wheel_speed__rosidl_typesupport_fastrtps_cpp.hpp
-- Installing: /home/linjiawei/load_mcap/install/deva_control_msgs/lib/libdeva_control_msgs__rosidl_typesupport_fastrtps_cpp.so
-- Set runtime path of "/home/linjiawei/load_mcap/install/deva_control_msgs/lib/libdeva_control_msgs__rosidl_typesupport_fastrtps_cpp.so" to ""
-- Up-to-date: /home/linjiawei/load_mcap/install/deva_control_msgs/include/deva_control_msgs/deva_control_msgs
-- Up-to-date: /home/linjiawei/load_mcap/install/deva_control_msgs/include/deva_control_msgs/deva_control_msgs/msg
-- Up-to-date: /home/linjiawei/load_mcap/install/deva_control_msgs/include/deva_control_msgs/deva_control_msgs/msg/detail
-- Installing: /home/linjiawei/load_mcap/install/deva_control_msgs/include/deva_control_msgs/deva_control_msgs/msg/detail/control_debug_signal__rosidl_typesupport_introspection_cpp.hpp
-- Installing: /home/linjiawei/load_mcap/install/deva_control_msgs/include/deva_control_msgs/deva_control_msgs/msg/detail/control_debug_signal__type_support.cpp
-- Installing: /home/linjiawei/load_mcap/install/deva_control_msgs/include/deva_control_msgs/deva_control_msgs/msg/detail/control_monitor_msg__rosidl_typesupport_introspection_cpp.hpp
-- Installing: /home/linjiawei/load_mcap/install/deva_control_msgs/include/deva_control_msgs/deva_control_msgs/msg/detail/control_monitor_msg__type_support.cpp
-- Installing: /home/linjiawei/load_mcap/install/deva_control_msgs/include/deva_control_msgs/deva_control_msgs/msg/detail/control_result__rosidl_typesupport_introspection_cpp.hpp
-- Installing: /home/linjiawei/load_mcap/install/deva_control_msgs/include/deva_control_msgs/deva_control_msgs/msg/detail/control_result__type_support.cpp
-- Installing: /home/linjiawei/load_mcap/install/deva_control_msgs/include/deva_control_msgs/deva_control_msgs/msg/detail/control_status__rosidl_typesupport_introspection_cpp.hpp
-- Installing: /home/linjiawei/load_mcap/install/deva_control_msgs/include/deva_control_msgs/deva_control_msgs/msg/detail/control_status__type_support.cpp
-- Installing: /home/linjiawei/load_mcap/install/deva_control_msgs/include/deva_control_msgs/deva_control_msgs/msg/detail/control_valid_limit__rosidl_typesupport_introspection_cpp.hpp
-- Installing: /home/linjiawei/load_mcap/install/deva_control_msgs/include/deva_control_msgs/deva_control_msgs/msg/detail/control_valid_limit__type_support.cpp
-- Installing: /home/linjiawei/load_mcap/install/deva_control_msgs/include/deva_control_msgs/deva_control_msgs/msg/detail/parking_status__rosidl_typesupport_introspection_cpp.hpp
-- Installing: /home/linjiawei/load_mcap/install/deva_control_msgs/include/deva_control_msgs/deva_control_msgs/msg/detail/parking_status__type_support.cpp
-- Installing: /home/linjiawei/load_mcap/install/deva_control_msgs/include/deva_control_msgs/deva_control_msgs/msg/detail/vehicle_control_command__rosidl_typesupport_introspection_cpp.hpp
-- Installing: /home/linjiawei/load_mcap/install/deva_control_msgs/include/deva_control_msgs/deva_control_msgs/msg/detail/vehicle_control_command__type_support.cpp
-- Installing: /home/linjiawei/load_mcap/install/deva_control_msgs/include/deva_control_msgs/deva_control_msgs/msg/detail/vehicle_enable_command__rosidl_typesupport_introspection_cpp.hpp
-- Installing: /home/linjiawei/load_mcap/install/deva_control_msgs/include/deva_control_msgs/deva_control_msgs/msg/detail/vehicle_enable_command__type_support.cpp
-- Installing: /home/linjiawei/load_mcap/install/deva_control_msgs/include/deva_control_msgs/deva_control_msgs/msg/detail/vehicle_limit_value__rosidl_typesupport_introspection_cpp.hpp
-- Installing: /home/linjiawei/load_mcap/install/deva_control_msgs/include/deva_control_msgs/deva_control_msgs/msg/detail/vehicle_limit_value__type_support.cpp
-- Installing: /home/linjiawei/load_mcap/install/deva_control_msgs/include/deva_control_msgs/deva_control_msgs/msg/detail/vehicle_report_belt__rosidl_typesupport_introspection_cpp.hpp
-- Installing: /home/linjiawei/load_mcap/install/deva_control_msgs/include/deva_control_msgs/deva_control_msgs/msg/detail/vehicle_report_belt__type_support.cpp
-- Installing: /home/linjiawei/load_mcap/install/deva_control_msgs/include/deva_control_msgs/deva_control_msgs/msg/detail/vehicle_report_common__rosidl_typesupport_introspection_cpp.hpp
-- Installing: /home/linjiawei/load_mcap/install/deva_control_msgs/include/deva_control_msgs/deva_control_msgs/msg/detail/vehicle_report_common__type_support.cpp
-- Installing: /home/linjiawei/load_mcap/install/deva_control_msgs/include/deva_control_msgs/deva_control_msgs/msg/detail/vehicle_report_pedal__rosidl_typesupport_introspection_cpp.hpp
-- Installing: /home/linjiawei/load_mcap/install/deva_control_msgs/include/deva_control_msgs/deva_control_msgs/msg/detail/vehicle_report_pedal__type_support.cpp
-- Installing: /home/linjiawei/load_mcap/install/deva_control_msgs/include/deva_control_msgs/deva_control_msgs/msg/detail/vehicle_status_command__rosidl_typesupport_introspection_cpp.hpp
-- Installing: /home/linjiawei/load_mcap/install/deva_control_msgs/include/deva_control_msgs/deva_control_msgs/msg/detail/vehicle_status_command__type_support.cpp
-- Installing: /home/linjiawei/load_mcap/install/deva_control_msgs/include/deva_control_msgs/deva_control_msgs/msg/detail/wheel_speed__rosidl_typesupport_introspection_cpp.hpp
-- Installing: /home/linjiawei/load_mcap/install/deva_control_msgs/include/deva_control_msgs/deva_control_msgs/msg/detail/wheel_speed__type_support.cpp
-- Installing: /home/linjiawei/load_mcap/install/deva_control_msgs/lib/libdeva_control_msgs__rosidl_typesupport_introspection_cpp.so
-- Set runtime path of "/home/linjiawei/load_mcap/install/deva_control_msgs/lib/libdeva_control_msgs__rosidl_typesupport_introspection_cpp.so" to ""
-- Installing: /home/linjiawei/load_mcap/install/deva_control_msgs/lib/libdeva_control_msgs__rosidl_typesupport_cpp.so
-- Set runtime path of "/home/linjiawei/load_mcap/install/deva_control_msgs/lib/libdeva_control_msgs__rosidl_typesupport_cpp.so" to ""
-- Installing: /home/linjiawei/load_mcap/install/deva_control_msgs/share/deva_control_msgs/environment/pythonpath.sh
-- Installing: /home/linjiawei/load_mcap/install/deva_control_msgs/share/deva_control_msgs/environment/pythonpath.dsv
-- Installing: /home/linjiawei/load_mcap/install/deva_control_msgs/local/lib/python3.10/dist-packages/deva_control_msgs-0.0.0-py3.10.egg-info
-- Installing: /home/linjiawei/load_mcap/install/deva_control_msgs/local/lib/python3.10/dist-packages/deva_control_msgs-0.0.0-py3.10.egg-info/PKG-INFO
-- Installing: /home/linjiawei/load_mcap/install/deva_control_msgs/local/lib/python3.10/dist-packages/deva_control_msgs-0.0.0-py3.10.egg-info/dependency_links.txt
-- Installing: /home/linjiawei/load_mcap/install/deva_control_msgs/local/lib/python3.10/dist-packages/deva_control_msgs-0.0.0-py3.10.egg-info/top_level.txt
-- Installing: /home/linjiawei/load_mcap/install/deva_control_msgs/local/lib/python3.10/dist-packages/deva_control_msgs-0.0.0-py3.10.egg-info/SOURCES.txt
-- Installing: /home/linjiawei/load_mcap/install/deva_control_msgs/local/lib/python3.10/dist-packages/deva_control_msgs
-- Installing: /home/linjiawei/load_mcap/install/deva_control_msgs/local/lib/python3.10/dist-packages/deva_control_msgs/__init__.py
-- Installing: /home/linjiawei/load_mcap/install/deva_control_msgs/local/lib/python3.10/dist-packages/deva_control_msgs/msg
-- Installing: /home/linjiawei/load_mcap/install/deva_control_msgs/local/lib/python3.10/dist-packages/deva_control_msgs/msg/_control_debug_signal.py
-- Installing: /home/linjiawei/load_mcap/install/deva_control_msgs/local/lib/python3.10/dist-packages/deva_control_msgs/msg/_control_debug_signal_s.c
-- Installing: /home/linjiawei/load_mcap/install/deva_control_msgs/local/lib/python3.10/dist-packages/deva_control_msgs/msg/_control_monitor_msg.py
-- Installing: /home/linjiawei/load_mcap/install/deva_control_msgs/local/lib/python3.10/dist-packages/deva_control_msgs/msg/_control_monitor_msg_s.c
-- Installing: /home/linjiawei/load_mcap/install/deva_control_msgs/local/lib/python3.10/dist-packages/deva_control_msgs/msg/_control_result.py
-- Installing: /home/linjiawei/load_mcap/install/deva_control_msgs/local/lib/python3.10/dist-packages/deva_control_msgs/msg/_control_result_s.c
-- Installing: /home/linjiawei/load_mcap/install/deva_control_msgs/local/lib/python3.10/dist-packages/deva_control_msgs/msg/_control_status.py
-- Installing: /home/linjiawei/load_mcap/install/deva_control_msgs/local/lib/python3.10/dist-packages/deva_control_msgs/msg/_control_status_s.c
-- Installing: /home/linjiawei/load_mcap/install/deva_control_msgs/local/lib/python3.10/dist-packages/deva_control_msgs/msg/_control_valid_limit.py
-- Installing: /home/linjiawei/load_mcap/install/deva_control_msgs/local/lib/python3.10/dist-packages/deva_control_msgs/msg/_control_valid_limit_s.c
-- Installing: /home/linjiawei/load_mcap/install/deva_control_msgs/local/lib/python3.10/dist-packages/deva_control_msgs/msg/_parking_status.py
-- Installing: /home/linjiawei/load_mcap/install/deva_control_msgs/local/lib/python3.10/dist-packages/deva_control_msgs/msg/_parking_status_s.c
-- Installing: /home/linjiawei/load_mcap/install/deva_control_msgs/local/lib/python3.10/dist-packages/deva_control_msgs/msg/_vehicle_control_command.py
-- Installing: /home/linjiawei/load_mcap/install/deva_control_msgs/local/lib/python3.10/dist-packages/deva_control_msgs/msg/_vehicle_control_command_s.c
-- Installing: /home/linjiawei/load_mcap/install/deva_control_msgs/local/lib/python3.10/dist-packages/deva_control_msgs/msg/_vehicle_enable_command.py
-- Installing: /home/linjiawei/load_mcap/install/deva_control_msgs/local/lib/python3.10/dist-packages/deva_control_msgs/msg/_vehicle_enable_command_s.c
-- Installing: /home/linjiawei/load_mcap/install/deva_control_msgs/local/lib/python3.10/dist-packages/deva_control_msgs/msg/_vehicle_limit_value.py
-- Installing: /home/linjiawei/load_mcap/install/deva_control_msgs/local/lib/python3.10/dist-packages/deva_control_msgs/msg/_vehicle_limit_value_s.c
-- Installing: /home/linjiawei/load_mcap/install/deva_control_msgs/local/lib/python3.10/dist-packages/deva_control_msgs/msg/_vehicle_report_belt.py
-- Installing: /home/linjiawei/load_mcap/install/deva_control_msgs/local/lib/python3.10/dist-packages/deva_control_msgs/msg/_vehicle_report_belt_s.c
-- Installing: /home/linjiawei/load_mcap/install/deva_control_msgs/local/lib/python3.10/dist-packages/deva_control_msgs/msg/_vehicle_report_common.py
-- Installing: /home/linjiawei/load_mcap/install/deva_control_msgs/local/lib/python3.10/dist-packages/deva_control_msgs/msg/_vehicle_report_common_s.c
-- Installing: /home/linjiawei/load_mcap/install/deva_control_msgs/local/lib/python3.10/dist-packages/deva_control_msgs/msg/_vehicle_report_pedal.py
-- Installing: /home/linjiawei/load_mcap/install/deva_control_msgs/local/lib/python3.10/dist-packages/deva_control_msgs/msg/_vehicle_report_pedal_s.c
-- Installing: /home/linjiawei/load_mcap/install/deva_control_msgs/local/lib/python3.10/dist-packages/deva_control_msgs/msg/_vehicle_status_command.py
-- Installing: /home/linjiawei/load_mcap/install/deva_control_msgs/local/lib/python3.10/dist-packages/deva_control_msgs/msg/_vehicle_status_command_s.c
-- Installing: /home/linjiawei/load_mcap/install/deva_control_msgs/local/lib/python3.10/dist-packages/deva_control_msgs/msg/_wheel_speed.py
-- Installing: /home/linjiawei/load_mcap/install/deva_control_msgs/local/lib/python3.10/dist-packages/deva_control_msgs/msg/_wheel_speed_s.c
-- Installing: /home/linjiawei/load_mcap/install/deva_control_msgs/local/lib/python3.10/dist-packages/deva_control_msgs/msg/__init__.py
-- Installing: /home/linjiawei/load_mcap/install/deva_control_msgs/local/lib/python3.10/dist-packages/deva_control_msgs/_deva_control_msgs_s.ep.rosidl_typesupport_fastrtps_c.c
-- Installing: /home/linjiawei/load_mcap/install/deva_control_msgs/local/lib/python3.10/dist-packages/deva_control_msgs/_deva_control_msgs_s.ep.rosidl_typesupport_introspection_c.c
-- Installing: /home/linjiawei/load_mcap/install/deva_control_msgs/local/lib/python3.10/dist-packages/deva_control_msgs/_deva_control_msgs_s.ep.rosidl_typesupport_c.c
-- Installing: /home/linjiawei/load_mcap/install/deva_control_msgs/local/lib/python3.10/dist-packages/deva_control_msgs/libdeva_control_msgs__rosidl_generator_py.so
-- Installing: /home/linjiawei/load_mcap/install/deva_control_msgs/local/lib/python3.10/dist-packages/deva_control_msgs/deva_control_msgs_s__rosidl_typesupport_c.cpython-310-x86_64-linux-gnu.so
-- Installing: /home/linjiawei/load_mcap/install/deva_control_msgs/local/lib/python3.10/dist-packages/deva_control_msgs/deva_control_msgs_s__rosidl_typesupport_fastrtps_c.cpython-310-x86_64-linux-gnu.so
-- Installing: /home/linjiawei/load_mcap/install/deva_control_msgs/local/lib/python3.10/dist-packages/deva_control_msgs/deva_control_msgs_s__rosidl_typesupport_introspection_c.cpython-310-x86_64-linux-gnu.so
Listing '/home/linjiawei/load_mcap/install/deva_control_msgs/local/lib/python3.10/dist-packages/deva_control_msgs'...
Compiling '/home/linjiawei/load_mcap/install/deva_control_msgs/local/lib/python3.10/dist-packages/deva_control_msgs/__init__.py'...
Listing '/home/linjiawei/load_mcap/install/deva_control_msgs/local/lib/python3.10/dist-packages/deva_control_msgs/msg'...
Compiling '/home/linjiawei/load_mcap/install/deva_control_msgs/local/lib/python3.10/dist-packages/deva_control_msgs/msg/__init__.py'...
Compiling '/home/linjiawei/load_mcap/install/deva_control_msgs/local/lib/python3.10/dist-packages/deva_control_msgs/msg/_control_debug_signal.py'...
Compiling '/home/linjiawei/load_mcap/install/deva_control_msgs/local/lib/python3.10/dist-packages/deva_control_msgs/msg/_control_monitor_msg.py'...
Compiling '/home/linjiawei/load_mcap/install/deva_control_msgs/local/lib/python3.10/dist-packages/deva_control_msgs/msg/_control_result.py'...
Compiling '/home/linjiawei/load_mcap/install/deva_control_msgs/local/lib/python3.10/dist-packages/deva_control_msgs/msg/_control_status.py'...
Compiling '/home/linjiawei/load_mcap/install/deva_control_msgs/local/lib/python3.10/dist-packages/deva_control_msgs/msg/_control_valid_limit.py'...
Compiling '/home/linjiawei/load_mcap/install/deva_control_msgs/local/lib/python3.10/dist-packages/deva_control_msgs/msg/_parking_status.py'...
Compiling '/home/linjiawei/load_mcap/install/deva_control_msgs/local/lib/python3.10/dist-packages/deva_control_msgs/msg/_vehicle_control_command.py'...
Compiling '/home/linjiawei/load_mcap/install/deva_control_msgs/local/lib/python3.10/dist-packages/deva_control_msgs/msg/_vehicle_enable_command.py'...
Compiling '/home/linjiawei/load_mcap/install/deva_control_msgs/local/lib/python3.10/dist-packages/deva_control_msgs/msg/_vehicle_limit_value.py'...
Compiling '/home/linjiawei/load_mcap/install/deva_control_msgs/local/lib/python3.10/dist-packages/deva_control_msgs/msg/_vehicle_report_belt.py'...
Compiling '/home/linjiawei/load_mcap/install/deva_control_msgs/local/lib/python3.10/dist-packages/deva_control_msgs/msg/_vehicle_report_common.py'...
Compiling '/home/linjiawei/load_mcap/install/deva_control_msgs/local/lib/python3.10/dist-packages/deva_control_msgs/msg/_vehicle_report_pedal.py'...
Compiling '/home/linjiawei/load_mcap/install/deva_control_msgs/local/lib/python3.10/dist-packages/deva_control_msgs/msg/_vehicle_status_command.py'...
Compiling '/home/linjiawei/load_mcap/install/deva_control_msgs/local/lib/python3.10/dist-packages/deva_control_msgs/msg/_wheel_speed.py'...
-- Installing: /home/linjiawei/load_mcap/install/deva_control_msgs/local/lib/python3.10/dist-packages/deva_control_msgs/deva_control_msgs_s__rosidl_typesupport_fastrtps_c.cpython-310-x86_64-linux-gnu.so
-- Set runtime path of "/home/linjiawei/load_mcap/install/deva_control_msgs/local/lib/python3.10/dist-packages/deva_control_msgs/deva_control_msgs_s__rosidl_typesupport_fastrtps_c.cpython-310-x86_64-linux-gnu.so" to ""
-- Installing: /home/linjiawei/load_mcap/install/deva_control_msgs/local/lib/python3.10/dist-packages/deva_control_msgs/deva_control_msgs_s__rosidl_typesupport_introspection_c.cpython-310-x86_64-linux-gnu.so
-- Set runtime path of "/home/linjiawei/load_mcap/install/deva_control_msgs/local/lib/python3.10/dist-packages/deva_control_msgs/deva_control_msgs_s__rosidl_typesupport_introspection_c.cpython-310-x86_64-linux-gnu.so" to ""
-- Installing: /home/linjiawei/load_mcap/install/deva_control_msgs/local/lib/python3.10/dist-packages/deva_control_msgs/deva_control_msgs_s__rosidl_typesupport_c.cpython-310-x86_64-linux-gnu.so
-- Set runtime path of "/home/linjiawei/load_mcap/install/deva_control_msgs/local/lib/python3.10/dist-packages/deva_control_msgs/deva_control_msgs_s__rosidl_typesupport_c.cpython-310-x86_64-linux-gnu.so" to ""
-- Installing: /home/linjiawei/load_mcap/install/deva_control_msgs/lib/libdeva_control_msgs__rosidl_generator_py.so
-- Set runtime path of "/home/linjiawei/load_mcap/install/deva_control_msgs/lib/libdeva_control_msgs__rosidl_generator_py.so" to ""
-- Installing: /home/linjiawei/load_mcap/install/deva_control_msgs/share/deva_control_msgs/msg/ControlDebugSignal.idl
-- Installing: /home/linjiawei/load_mcap/install/deva_control_msgs/share/deva_control_msgs/msg/ControlMonitorMsg.idl
-- Installing: /home/linjiawei/load_mcap/install/deva_control_msgs/share/deva_control_msgs/msg/ControlResult.idl
-- Installing: /home/linjiawei/load_mcap/install/deva_control_msgs/share/deva_control_msgs/msg/ControlStatus.idl
-- Installing: /home/linjiawei/load_mcap/install/deva_control_msgs/share/deva_control_msgs/msg/ControlValidLimit.idl
-- Installing: /home/linjiawei/load_mcap/install/deva_control_msgs/share/deva_control_msgs/msg/ParkingStatus.idl
-- Installing: /home/linjiawei/load_mcap/install/deva_control_msgs/share/deva_control_msgs/msg/VehicleControlCommand.idl
-- Installing: /home/linjiawei/load_mcap/install/deva_control_msgs/share/deva_control_msgs/msg/VehicleEnableCommand.idl
-- Installing: /home/linjiawei/load_mcap/install/deva_control_msgs/share/deva_control_msgs/msg/VehicleLimitValue.idl
-- Installing: /home/linjiawei/load_mcap/install/deva_control_msgs/share/deva_control_msgs/msg/VehicleReportBelt.idl
-- Installing: /home/linjiawei/load_mcap/install/deva_control_msgs/share/deva_control_msgs/msg/VehicleReportCommon.idl
-- Installing: /home/linjiawei/load_mcap/install/deva_control_msgs/share/deva_control_msgs/msg/VehicleReportPedal.idl
-- Installing: /home/linjiawei/load_mcap/install/deva_control_msgs/share/deva_control_msgs/msg/VehicleStatusCommand.idl
-- Installing: /home/linjiawei/load_mcap/install/deva_control_msgs/share/deva_control_msgs/msg/WheelSpeed.idl
-- Installing: /home/linjiawei/load_mcap/install/deva_control_msgs/share/deva_control_msgs/msg/ControlDebugSignal.msg
-- Installing: /home/linjiawei/load_mcap/install/deva_control_msgs/share/deva_control_msgs/msg/ControlMonitorMsg.msg
-- Installing: /home/linjiawei/load_mcap/install/deva_control_msgs/share/deva_control_msgs/msg/ControlResult.msg
-- Installing: /home/linjiawei/load_mcap/install/deva_control_msgs/share/deva_control_msgs/msg/ControlStatus.msg
-- Installing: /home/linjiawei/load_mcap/install/deva_control_msgs/share/deva_control_msgs/msg/ControlValidLimit.msg
-- Installing: /home/linjiawei/load_mcap/install/deva_control_msgs/share/deva_control_msgs/msg/ParkingStatus.msg
-- Installing: /home/linjiawei/load_mcap/install/deva_control_msgs/share/deva_control_msgs/msg/VehicleControlCommand.msg
-- Installing: /home/linjiawei/load_mcap/install/deva_control_msgs/share/deva_control_msgs/msg/VehicleEnableCommand.msg
-- Installing: /home/linjiawei/load_mcap/install/deva_control_msgs/share/deva_control_msgs/msg/VehicleLimitValue.msg
-- Installing: /home/linjiawei/load_mcap/install/deva_control_msgs/share/deva_control_msgs/msg/VehicleReportBelt.msg
-- Installing: /home/linjiawei/load_mcap/install/deva_control_msgs/share/deva_control_msgs/msg/VehicleReportCommon.msg
-- Installing: /home/linjiawei/load_mcap/install/deva_control_msgs/share/deva_control_msgs/msg/VehicleReportPedal.msg
-- Installing: /home/linjiawei/load_mcap/install/deva_control_msgs/share/deva_control_msgs/msg/VehicleStatusCommand.msg
-- Installing: /home/linjiawei/load_mcap/install/deva_control_msgs/share/deva_control_msgs/msg/WheelSpeed.msg
-- Installing: /home/linjiawei/load_mcap/install/deva_control_msgs/share/ament_index/resource_index/package_run_dependencies/deva_control_msgs
-- Installing: /home/linjiawei/load_mcap/install/deva_control_msgs/share/ament_index/resource_index/parent_prefix_path/deva_control_msgs
-- Installing: /home/linjiawei/load_mcap/install/deva_control_msgs/share/deva_control_msgs/environment/ament_prefix_path.sh
-- Installing: /home/linjiawei/load_mcap/install/deva_control_msgs/share/deva_control_msgs/environment/ament_prefix_path.dsv
-- Installing: /home/linjiawei/load_mcap/install/deva_control_msgs/share/deva_control_msgs/environment/path.sh
-- Installing: /home/linjiawei/load_mcap/install/deva_control_msgs/share/deva_control_msgs/environment/path.dsv
-- Installing: /home/linjiawei/load_mcap/install/deva_control_msgs/share/deva_control_msgs/local_setup.bash
-- Installing: /home/linjiawei/load_mcap/install/deva_control_msgs/share/deva_control_msgs/local_setup.sh
-- Installing: /home/linjiawei/load_mcap/install/deva_control_msgs/share/deva_control_msgs/local_setup.zsh
-- Installing: /home/linjiawei/load_mcap/install/deva_control_msgs/share/deva_control_msgs/local_setup.dsv
-- Installing: /home/linjiawei/load_mcap/install/deva_control_msgs/share/deva_control_msgs/package.dsv
-- Installing: /home/linjiawei/load_mcap/install/deva_control_msgs/share/ament_index/resource_index/packages/deva_control_msgs
-- Installing: /home/linjiawei/load_mcap/install/deva_control_msgs/share/deva_control_msgs/cmake/export_deva_control_msgs__rosidl_generator_cExport.cmake
-- Installing: /home/linjiawei/load_mcap/install/deva_control_msgs/share/deva_control_msgs/cmake/export_deva_control_msgs__rosidl_generator_cExport-noconfig.cmake
-- Installing: /home/linjiawei/load_mcap/install/deva_control_msgs/share/deva_control_msgs/cmake/export_deva_control_msgs__rosidl_typesupport_fastrtps_cExport.cmake
-- Installing: /home/linjiawei/load_mcap/install/deva_control_msgs/share/deva_control_msgs/cmake/export_deva_control_msgs__rosidl_typesupport_fastrtps_cExport-noconfig.cmake
-- Installing: /home/linjiawei/load_mcap/install/deva_control_msgs/share/deva_control_msgs/cmake/deva_control_msgs__rosidl_typesupport_introspection_cExport.cmake
-- Installing: /home/linjiawei/load_mcap/install/deva_control_msgs/share/deva_control_msgs/cmake/deva_control_msgs__rosidl_typesupport_introspection_cExport-noconfig.cmake
-- Installing: /home/linjiawei/load_mcap/install/deva_control_msgs/share/deva_control_msgs/cmake/deva_control_msgs__rosidl_typesupport_cExport.cmake
-- Installing: /home/linjiawei/load_mcap/install/deva_control_msgs/share/deva_control_msgs/cmake/deva_control_msgs__rosidl_typesupport_cExport-noconfig.cmake
-- Installing: /home/linjiawei/load_mcap/install/deva_control_msgs/share/deva_control_msgs/cmake/export_deva_control_msgs__rosidl_generator_cppExport.cmake
-- Installing: /home/linjiawei/load_mcap/install/deva_control_msgs/share/deva_control_msgs/cmake/export_deva_control_msgs__rosidl_typesupport_fastrtps_cppExport.cmake
-- Installing: /home/linjiawei/load_mcap/install/deva_control_msgs/share/deva_control_msgs/cmake/export_deva_control_msgs__rosidl_typesupport_fastrtps_cppExport-noconfig.cmake
-- Installing: /home/linjiawei/load_mcap/install/deva_control_msgs/share/deva_control_msgs/cmake/deva_control_msgs__rosidl_typesupport_introspection_cppExport.cmake
-- Installing: /home/linjiawei/load_mcap/install/deva_control_msgs/share/deva_control_msgs/cmake/deva_control_msgs__rosidl_typesupport_introspection_cppExport-noconfig.cmake
-- Installing: /home/linjiawei/load_mcap/install/deva_control_msgs/share/deva_control_msgs/cmake/deva_control_msgs__rosidl_typesupport_cppExport.cmake
-- Installing: /home/linjiawei/load_mcap/install/deva_control_msgs/share/deva_control_msgs/cmake/deva_control_msgs__rosidl_typesupport_cppExport-noconfig.cmake
-- Installing: /home/linjiawei/load_mcap/install/deva_control_msgs/share/deva_control_msgs/cmake/export_deva_control_msgs__rosidl_generator_pyExport.cmake
-- Installing: /home/linjiawei/load_mcap/install/deva_control_msgs/share/deva_control_msgs/cmake/export_deva_control_msgs__rosidl_generator_pyExport-noconfig.cmake
-- Installing: /home/linjiawei/load_mcap/install/deva_control_msgs/share/deva_control_msgs/cmake/rosidl_cmake-extras.cmake
-- Installing: /home/linjiawei/load_mcap/install/deva_control_msgs/share/deva_control_msgs/cmake/ament_cmake_export_dependencies-extras.cmake
-- Installing: /home/linjiawei/load_mcap/install/deva_control_msgs/share/deva_control_msgs/cmake/ament_cmake_export_include_directories-extras.cmake
-- Installing: /home/linjiawei/load_mcap/install/deva_control_msgs/share/deva_control_msgs/cmake/ament_cmake_export_libraries-extras.cmake
-- Installing: /home/linjiawei/load_mcap/install/deva_control_msgs/share/deva_control_msgs/cmake/ament_cmake_export_targets-extras.cmake
-- Installing: /home/linjiawei/load_mcap/install/deva_control_msgs/share/deva_control_msgs/cmake/rosidl_cmake_export_typesupport_targets-extras.cmake
-- Installing: /home/linjiawei/load_mcap/install/deva_control_msgs/share/deva_control_msgs/cmake/rosidl_cmake_export_typesupport_libraries-extras.cmake
-- Installing: /home/linjiawei/load_mcap/install/deva_control_msgs/share/deva_control_msgs/cmake/deva_control_msgsConfig.cmake
-- Installing: /home/linjiawei/load_mcap/install/deva_control_msgs/share/deva_control_msgs/cmake/deva_control_msgsConfig-version.cmake
-- Installing: /home/linjiawei/load_mcap/install/deva_control_msgs/share/deva_control_msgs/package.xml
