[0.017s] Invoking command in '/home/linjiawei/load_mcap/build/deva_control_msgs': AMENT_PREFIX_PATH=/home/linjiawei/load_mcap/install/deva_planning_msgs2:/home/linjiawei/load_mcap/install/deva_map_msgs:/home/linjiawei/load_mcap/install/deva_perception_msgs:/home/linjiawei/load_mcap/install/deva_localization_msgs:/home/linjiawei/load_mcap/install/deva_common_msgs:${AMENT_PREFIX_PATH} CMAKE_PREFIX_PATH=/home/linjiawei/load_mcap/install/deva_planning_msgs2:/home/linjiawei/load_mcap/install/deva_map_msgs:/home/linjiawei/load_mcap/install/deva_perception_msgs:/home/linjiawei/load_mcap/install/deva_localization_msgs:/home/linjiawei/load_mcap/install/deva_common_msgs:/opt/ros/humble LD_LIBRARY_PATH=/home/linjiawei/load_mcap/install/deva_planning_msgs2/lib:/home/linjiawei/load_mcap/install/deva_map_msgs/lib:/home/linjiawei/load_mcap/install/deva_perception_msgs/lib:/home/linjiawei/load_mcap/install/deva_localization_msgs/lib:/home/linjiawei/load_mcap/install/deva_common_msgs/lib:${LD_LIBRARY_PATH} PYTHONPATH=/home/linjiawei/load_mcap/install/deva_planning_msgs2/local/lib/python3.10/dist-packages:/home/linjiawei/load_mcap/install/deva_map_msgs/local/lib/python3.10/dist-packages:/home/linjiawei/load_mcap/install/deva_perception_msgs/local/lib/python3.10/dist-packages:/home/linjiawei/load_mcap/install/deva_localization_msgs/local/lib/python3.10/dist-packages:/home/linjiawei/load_mcap/install/deva_common_msgs/local/lib/python3.10/dist-packages:${PYTHONPATH} /usr/bin/cmake --build /home/linjiawei/load_mcap/build/deva_control_msgs -- -j17 -l17
[0.072s] [  0%] Built target deva_control_msgs__cpp
[0.077s] [ 12%] Built target deva_control_msgs__rosidl_generator_c
[0.081s] [ 12%] Built target ament_cmake_python_copy_deva_control_msgs
[0.099s] [ 24%] Built target deva_control_msgs__rosidl_typesupport_cpp
[0.332s] running egg_info
[0.332s] writing deva_control_msgs.egg-info/PKG-INFO
[0.333s] writing dependency_links to deva_control_msgs.egg-info/dependency_links.txt
[0.333s] writing top-level names to deva_control_msgs.egg-info/top_level.txt
[0.336s] reading manifest file 'deva_control_msgs.egg-info/SOURCES.txt'
[0.337s] writing manifest file 'deva_control_msgs.egg-info/SOURCES.txt'
[0.876s] [ 41%] Built target deva_control_msgs__rosidl_typesupport_introspection_cpp
[0.876s] [ 60%] Built target deva_control_msgs__rosidl_typesupport_fastrtps_cpp
[0.876s] [ 60%] Built target deva_control_msgs__rosidl_typesupport_c
[0.876s] [ 34%] Built target ament_cmake_python_build_deva_control_msgs_egg
[0.876s] [ 83%] Built target deva_control_msgs__rosidl_typesupport_introspection_c
[0.877s] [ 84%] Built target deva_control_msgs__rosidl_typesupport_fastrtps_c
[0.897s] [ 84%] Built target deva_control_msgs
[0.917s] [ 85%] Built target deva_control_msgs__py
[0.943s] [ 96%] Built target deva_control_msgs__rosidl_generator_py
[0.965s] [ 97%] Built target deva_control_msgs__rosidl_typesupport_fastrtps_c__pyext
[0.966s] [ 98%] Built target deva_control_msgs__rosidl_typesupport_c__pyext
[0.967s] [100%] Built target deva_control_msgs__rosidl_typesupport_introspection_c__pyext
[0.978s] Invoked command in '/home/linjiawei/load_mcap/build/deva_control_msgs' returned '0': AMENT_PREFIX_PATH=/home/linjiawei/load_mcap/install/deva_planning_msgs2:/home/linjiawei/load_mcap/install/deva_map_msgs:/home/linjiawei/load_mcap/install/deva_perception_msgs:/home/linjiawei/load_mcap/install/deva_localization_msgs:/home/linjiawei/load_mcap/install/deva_common_msgs:${AMENT_PREFIX_PATH} CMAKE_PREFIX_PATH=/home/linjiawei/load_mcap/install/deva_planning_msgs2:/home/linjiawei/load_mcap/install/deva_map_msgs:/home/linjiawei/load_mcap/install/deva_perception_msgs:/home/linjiawei/load_mcap/install/deva_localization_msgs:/home/linjiawei/load_mcap/install/deva_common_msgs:/opt/ros/humble LD_LIBRARY_PATH=/home/linjiawei/load_mcap/install/deva_planning_msgs2/lib:/home/linjiawei/load_mcap/install/deva_map_msgs/lib:/home/linjiawei/load_mcap/install/deva_perception_msgs/lib:/home/linjiawei/load_mcap/install/deva_localization_msgs/lib:/home/linjiawei/load_mcap/install/deva_common_msgs/lib:${LD_LIBRARY_PATH} PYTHONPATH=/home/linjiawei/load_mcap/install/deva_planning_msgs2/local/lib/python3.10/dist-packages:/home/linjiawei/load_mcap/install/deva_map_msgs/local/lib/python3.10/dist-packages:/home/linjiawei/load_mcap/install/deva_perception_msgs/local/lib/python3.10/dist-packages:/home/linjiawei/load_mcap/install/deva_localization_msgs/local/lib/python3.10/dist-packages:/home/linjiawei/load_mcap/install/deva_common_msgs/local/lib/python3.10/dist-packages:${PYTHONPATH} /usr/bin/cmake --build /home/linjiawei/load_mcap/build/deva_control_msgs -- -j17 -l17
[0.980s] Invoking command in '/home/linjiawei/load_mcap/build/deva_control_msgs': AMENT_PREFIX_PATH=/home/linjiawei/load_mcap/install/deva_planning_msgs2:/home/linjiawei/load_mcap/install/deva_map_msgs:/home/linjiawei/load_mcap/install/deva_perception_msgs:/home/linjiawei/load_mcap/install/deva_localization_msgs:/home/linjiawei/load_mcap/install/deva_common_msgs:${AMENT_PREFIX_PATH} CMAKE_PREFIX_PATH=/home/linjiawei/load_mcap/install/deva_planning_msgs2:/home/linjiawei/load_mcap/install/deva_map_msgs:/home/linjiawei/load_mcap/install/deva_perception_msgs:/home/linjiawei/load_mcap/install/deva_localization_msgs:/home/linjiawei/load_mcap/install/deva_common_msgs:/opt/ros/humble LD_LIBRARY_PATH=/home/linjiawei/load_mcap/install/deva_planning_msgs2/lib:/home/linjiawei/load_mcap/install/deva_map_msgs/lib:/home/linjiawei/load_mcap/install/deva_perception_msgs/lib:/home/linjiawei/load_mcap/install/deva_localization_msgs/lib:/home/linjiawei/load_mcap/install/deva_common_msgs/lib:${LD_LIBRARY_PATH} PYTHONPATH=/home/linjiawei/load_mcap/install/deva_planning_msgs2/local/lib/python3.10/dist-packages:/home/linjiawei/load_mcap/install/deva_map_msgs/local/lib/python3.10/dist-packages:/home/linjiawei/load_mcap/install/deva_perception_msgs/local/lib/python3.10/dist-packages:/home/linjiawei/load_mcap/install/deva_localization_msgs/local/lib/python3.10/dist-packages:/home/linjiawei/load_mcap/install/deva_common_msgs/local/lib/python3.10/dist-packages:${PYTHONPATH} /usr/bin/cmake --install /home/linjiawei/load_mcap/build/deva_control_msgs
[0.987s] -- Install configuration: ""
[0.987s] -- Up-to-date: /home/linjiawei/load_mcap/install/deva_control_msgs/share/ament_index/resource_index/rosidl_interfaces/deva_control_msgs
[0.988s] -- Up-to-date: /home/linjiawei/load_mcap/install/deva_control_msgs/include/deva_control_msgs/deva_control_msgs
[0.988s] -- Up-to-date: /home/linjiawei/load_mcap/install/deva_control_msgs/include/deva_control_msgs/deva_control_msgs/msg
[0.988s] -- Up-to-date: /home/linjiawei/load_mcap/install/deva_control_msgs/include/deva_control_msgs/deva_control_msgs/msg/rosidl_generator_c__visibility_control.h
[0.988s] -- Up-to-date: /home/linjiawei/load_mcap/install/deva_control_msgs/include/deva_control_msgs/deva_control_msgs/msg/control_debug_signal.h
[0.988s] -- Up-to-date: /home/linjiawei/load_mcap/install/deva_control_msgs/include/deva_control_msgs/deva_control_msgs/msg/detail
[0.988s] -- Up-to-date: /home/linjiawei/load_mcap/install/deva_control_msgs/include/deva_control_msgs/deva_control_msgs/msg/detail/control_debug_signal__functions.c
[0.988s] -- Up-to-date: /home/linjiawei/load_mcap/install/deva_control_msgs/include/deva_control_msgs/deva_control_msgs/msg/detail/control_debug_signal__functions.h
[0.988s] -- Up-to-date: /home/linjiawei/load_mcap/install/deva_control_msgs/include/deva_control_msgs/deva_control_msgs/msg/detail/control_debug_signal__struct.h
[0.988s] -- Up-to-date: /home/linjiawei/load_mcap/install/deva_control_msgs/include/deva_control_msgs/deva_control_msgs/msg/detail/control_debug_signal__type_support.h
[0.989s] -- Up-to-date: /home/linjiawei/load_mcap/install/deva_control_msgs/include/deva_control_msgs/deva_control_msgs/msg/detail/control_monitor_msg__functions.c
[0.989s] -- Up-to-date: /home/linjiawei/load_mcap/install/deva_control_msgs/include/deva_control_msgs/deva_control_msgs/msg/detail/control_monitor_msg__functions.h
[0.989s] -- Up-to-date: /home/linjiawei/load_mcap/install/deva_control_msgs/include/deva_control_msgs/deva_control_msgs/msg/detail/control_monitor_msg__struct.h
[0.989s] -- Up-to-date: /home/linjiawei/load_mcap/install/deva_control_msgs/include/deva_control_msgs/deva_control_msgs/msg/detail/control_monitor_msg__type_support.h
[0.989s] -- Up-to-date: /home/linjiawei/load_mcap/install/deva_control_msgs/include/deva_control_msgs/deva_control_msgs/msg/detail/control_result__functions.c
[0.989s] -- Up-to-date: /home/linjiawei/load_mcap/install/deva_control_msgs/include/deva_control_msgs/deva_control_msgs/msg/detail/control_result__functions.h
[0.989s] -- Up-to-date: /home/linjiawei/load_mcap/install/deva_control_msgs/include/deva_control_msgs/deva_control_msgs/msg/detail/control_result__struct.h
[0.989s] -- Up-to-date: /home/linjiawei/load_mcap/install/deva_control_msgs/include/deva_control_msgs/deva_control_msgs/msg/detail/control_result__type_support.h
[0.989s] -- Up-to-date: /home/linjiawei/load_mcap/install/deva_control_msgs/include/deva_control_msgs/deva_control_msgs/msg/detail/control_status__functions.c
[0.989s] -- Up-to-date: /home/linjiawei/load_mcap/install/deva_control_msgs/include/deva_control_msgs/deva_control_msgs/msg/detail/control_status__functions.h
[0.989s] -- Up-to-date: /home/linjiawei/load_mcap/install/deva_control_msgs/include/deva_control_msgs/deva_control_msgs/msg/detail/control_status__struct.h
[0.990s] -- Up-to-date: /home/linjiawei/load_mcap/install/deva_control_msgs/include/deva_control_msgs/deva_control_msgs/msg/detail/control_status__type_support.h
[0.990s] -- Up-to-date: /home/linjiawei/load_mcap/install/deva_control_msgs/include/deva_control_msgs/deva_control_msgs/msg/detail/control_valid_limit__functions.c
[0.990s] -- Up-to-date: /home/linjiawei/load_mcap/install/deva_control_msgs/include/deva_control_msgs/deva_control_msgs/msg/detail/control_valid_limit__functions.h
[0.990s] -- Up-to-date: /home/linjiawei/load_mcap/install/deva_control_msgs/include/deva_control_msgs/deva_control_msgs/msg/detail/control_valid_limit__struct.h
[0.990s] -- Up-to-date: /home/linjiawei/load_mcap/install/deva_control_msgs/include/deva_control_msgs/deva_control_msgs/msg/detail/control_valid_limit__type_support.h
[0.990s] -- Up-to-date: /home/linjiawei/load_mcap/install/deva_control_msgs/include/deva_control_msgs/deva_control_msgs/msg/detail/parking_status__functions.c
[0.990s] -- Up-to-date: /home/linjiawei/load_mcap/install/deva_control_msgs/include/deva_control_msgs/deva_control_msgs/msg/detail/parking_status__functions.h
[0.990s] -- Up-to-date: /home/linjiawei/load_mcap/install/deva_control_msgs/include/deva_control_msgs/deva_control_msgs/msg/detail/parking_status__struct.h
[0.990s] -- Up-to-date: /home/linjiawei/load_mcap/install/deva_control_msgs/include/deva_control_msgs/deva_control_msgs/msg/detail/parking_status__type_support.h
[0.990s] -- Up-to-date: /home/linjiawei/load_mcap/install/deva_control_msgs/include/deva_control_msgs/deva_control_msgs/msg/detail/vehicle_control_command__functions.c
[0.990s] -- Up-to-date: /home/linjiawei/load_mcap/install/deva_control_msgs/include/deva_control_msgs/deva_control_msgs/msg/detail/vehicle_control_command__functions.h
[0.991s] -- Up-to-date: /home/linjiawei/load_mcap/install/deva_control_msgs/include/deva_control_msgs/deva_control_msgs/msg/detail/vehicle_control_command__struct.h
[0.991s] -- Up-to-date: /home/linjiawei/load_mcap/install/deva_control_msgs/include/deva_control_msgs/deva_control_msgs/msg/detail/vehicle_control_command__type_support.h
[0.991s] -- Up-to-date: /home/linjiawei/load_mcap/install/deva_control_msgs/include/deva_control_msgs/deva_control_msgs/msg/detail/vehicle_enable_command__functions.c
[0.991s] -- Up-to-date: /home/linjiawei/load_mcap/install/deva_control_msgs/include/deva_control_msgs/deva_control_msgs/msg/detail/vehicle_enable_command__functions.h
[0.991s] -- Up-to-date: /home/linjiawei/load_mcap/install/deva_control_msgs/include/deva_control_msgs/deva_control_msgs/msg/detail/vehicle_enable_command__struct.h
[0.991s] -- Up-to-date: /home/linjiawei/load_mcap/install/deva_control_msgs/include/deva_control_msgs/deva_control_msgs/msg/detail/vehicle_enable_command__type_support.h
[0.991s] -- Up-to-date: /home/linjiawei/load_mcap/install/deva_control_msgs/include/deva_control_msgs/deva_control_msgs/msg/detail/vehicle_limit_value__functions.c
[0.991s] -- Up-to-date: /home/linjiawei/load_mcap/install/deva_control_msgs/include/deva_control_msgs/deva_control_msgs/msg/detail/vehicle_limit_value__functions.h
[0.991s] -- Up-to-date: /home/linjiawei/load_mcap/install/deva_control_msgs/include/deva_control_msgs/deva_control_msgs/msg/detail/vehicle_limit_value__struct.h
[0.991s] -- Up-to-date: /home/linjiawei/load_mcap/install/deva_control_msgs/include/deva_control_msgs/deva_control_msgs/msg/detail/vehicle_limit_value__type_support.h
[0.991s] -- Up-to-date: /home/linjiawei/load_mcap/install/deva_control_msgs/include/deva_control_msgs/deva_control_msgs/msg/detail/vehicle_report_belt__functions.c
[0.991s] -- Up-to-date: /home/linjiawei/load_mcap/install/deva_control_msgs/include/deva_control_msgs/deva_control_msgs/msg/detail/vehicle_report_belt__functions.h
[0.991s] -- Up-to-date: /home/linjiawei/load_mcap/install/deva_control_msgs/include/deva_control_msgs/deva_control_msgs/msg/detail/vehicle_report_belt__struct.h
[0.992s] -- Up-to-date: /home/linjiawei/load_mcap/install/deva_control_msgs/include/deva_control_msgs/deva_control_msgs/msg/detail/vehicle_report_belt__type_support.h
[0.992s] -- Up-to-date: /home/linjiawei/load_mcap/install/deva_control_msgs/include/deva_control_msgs/deva_control_msgs/msg/detail/vehicle_report_common__functions.c
[0.992s] -- Up-to-date: /home/linjiawei/load_mcap/install/deva_control_msgs/include/deva_control_msgs/deva_control_msgs/msg/detail/vehicle_report_common__functions.h
[0.992s] -- Up-to-date: /home/linjiawei/load_mcap/install/deva_control_msgs/include/deva_control_msgs/deva_control_msgs/msg/detail/vehicle_report_common__struct.h
[0.992s] -- Up-to-date: /home/linjiawei/load_mcap/install/deva_control_msgs/include/deva_control_msgs/deva_control_msgs/msg/detail/vehicle_report_common__type_support.h
[0.992s] -- Up-to-date: /home/linjiawei/load_mcap/install/deva_control_msgs/include/deva_control_msgs/deva_control_msgs/msg/detail/vehicle_report_pedal__functions.c
[0.993s] -- Up-to-date: /home/linjiawei/load_mcap/install/deva_control_msgs/include/deva_control_msgs/deva_control_msgs/msg/detail/vehicle_report_pedal__functions.h
[0.993s] -- Up-to-date: /home/linjiawei/load_mcap/install/deva_control_msgs/include/deva_control_msgs/deva_control_msgs/msg/detail/vehicle_report_pedal__struct.h
[0.993s] -- Up-to-date: /home/linjiawei/load_mcap/install/deva_control_msgs/include/deva_control_msgs/deva_control_msgs/msg/detail/vehicle_report_pedal__type_support.h
[0.993s] -- Up-to-date: /home/linjiawei/load_mcap/install/deva_control_msgs/include/deva_control_msgs/deva_control_msgs/msg/detail/vehicle_status_command__functions.c
[0.993s] -- Up-to-date: /home/linjiawei/load_mcap/install/deva_control_msgs/include/deva_control_msgs/deva_control_msgs/msg/detail/vehicle_status_command__functions.h
[0.993s] -- Up-to-date: /home/linjiawei/load_mcap/install/deva_control_msgs/include/deva_control_msgs/deva_control_msgs/msg/detail/vehicle_status_command__struct.h
[0.993s] -- Up-to-date: /home/linjiawei/load_mcap/install/deva_control_msgs/include/deva_control_msgs/deva_control_msgs/msg/detail/vehicle_status_command__type_support.h
[0.993s] -- Up-to-date: /home/linjiawei/load_mcap/install/deva_control_msgs/include/deva_control_msgs/deva_control_msgs/msg/detail/wheel_speed__functions.c
[0.993s] -- Up-to-date: /home/linjiawei/load_mcap/install/deva_control_msgs/include/deva_control_msgs/deva_control_msgs/msg/detail/wheel_speed__functions.h
[0.993s] -- Up-to-date: /home/linjiawei/load_mcap/install/deva_control_msgs/include/deva_control_msgs/deva_control_msgs/msg/detail/wheel_speed__struct.h
[0.993s] -- Up-to-date: /home/linjiawei/load_mcap/install/deva_control_msgs/include/deva_control_msgs/deva_control_msgs/msg/detail/wheel_speed__type_support.h
[0.994s] -- Up-to-date: /home/linjiawei/load_mcap/install/deva_control_msgs/include/deva_control_msgs/deva_control_msgs/msg/control_monitor_msg.h
[0.994s] -- Up-to-date: /home/linjiawei/load_mcap/install/deva_control_msgs/include/deva_control_msgs/deva_control_msgs/msg/control_result.h
[0.994s] -- Up-to-date: /home/linjiawei/load_mcap/install/deva_control_msgs/include/deva_control_msgs/deva_control_msgs/msg/control_status.h
[0.994s] -- Up-to-date: /home/linjiawei/load_mcap/install/deva_control_msgs/include/deva_control_msgs/deva_control_msgs/msg/control_valid_limit.h
[0.994s] -- Up-to-date: /home/linjiawei/load_mcap/install/deva_control_msgs/include/deva_control_msgs/deva_control_msgs/msg/parking_status.h
[0.994s] -- Up-to-date: /home/linjiawei/load_mcap/install/deva_control_msgs/include/deva_control_msgs/deva_control_msgs/msg/vehicle_control_command.h
[0.995s] -- Up-to-date: /home/linjiawei/load_mcap/install/deva_control_msgs/include/deva_control_msgs/deva_control_msgs/msg/vehicle_enable_command.h
[0.995s] -- Up-to-date: /home/linjiawei/load_mcap/install/deva_control_msgs/include/deva_control_msgs/deva_control_msgs/msg/vehicle_limit_value.h
[0.995s] -- Up-to-date: /home/linjiawei/load_mcap/install/deva_control_msgs/include/deva_control_msgs/deva_control_msgs/msg/vehicle_report_belt.h
[0.995s] -- Up-to-date: /home/linjiawei/load_mcap/install/deva_control_msgs/include/deva_control_msgs/deva_control_msgs/msg/vehicle_report_common.h
[0.995s] -- Up-to-date: /home/linjiawei/load_mcap/install/deva_control_msgs/include/deva_control_msgs/deva_control_msgs/msg/vehicle_report_pedal.h
[0.995s] -- Up-to-date: /home/linjiawei/load_mcap/install/deva_control_msgs/include/deva_control_msgs/deva_control_msgs/msg/vehicle_status_command.h
[0.995s] -- Up-to-date: /home/linjiawei/load_mcap/install/deva_control_msgs/include/deva_control_msgs/deva_control_msgs/msg/wheel_speed.h
[0.996s] -- Up-to-date: /home/linjiawei/load_mcap/install/deva_control_msgs/share/deva_control_msgs/environment/library_path.sh
[0.996s] -- Up-to-date: /home/linjiawei/load_mcap/install/deva_control_msgs/share/deva_control_msgs/environment/library_path.dsv
[0.996s] -- Up-to-date: /home/linjiawei/load_mcap/install/deva_control_msgs/lib/libdeva_control_msgs__rosidl_generator_c.so
[0.996s] -- Up-to-date: /home/linjiawei/load_mcap/install/deva_control_msgs/include/deva_control_msgs/deva_control_msgs
[0.996s] -- Up-to-date: /home/linjiawei/load_mcap/install/deva_control_msgs/include/deva_control_msgs/deva_control_msgs/msg
[0.996s] -- Up-to-date: /home/linjiawei/load_mcap/install/deva_control_msgs/include/deva_control_msgs/deva_control_msgs/msg/rosidl_typesupport_fastrtps_c__visibility_control.h
[0.996s] -- Up-to-date: /home/linjiawei/load_mcap/install/deva_control_msgs/include/deva_control_msgs/deva_control_msgs/msg/detail
[0.996s] -- Up-to-date: /home/linjiawei/load_mcap/install/deva_control_msgs/include/deva_control_msgs/deva_control_msgs/msg/detail/control_debug_signal__rosidl_typesupport_fastrtps_c.h
[0.996s] -- Up-to-date: /home/linjiawei/load_mcap/install/deva_control_msgs/include/deva_control_msgs/deva_control_msgs/msg/detail/control_monitor_msg__rosidl_typesupport_fastrtps_c.h
[0.996s] -- Up-to-date: /home/linjiawei/load_mcap/install/deva_control_msgs/include/deva_control_msgs/deva_control_msgs/msg/detail/control_result__rosidl_typesupport_fastrtps_c.h
[0.996s] -- Up-to-date: /home/linjiawei/load_mcap/install/deva_control_msgs/include/deva_control_msgs/deva_control_msgs/msg/detail/control_status__rosidl_typesupport_fastrtps_c.h
[0.997s] -- Up-to-date: /home/linjiawei/load_mcap/install/deva_control_msgs/include/deva_control_msgs/deva_control_msgs/msg/detail/control_valid_limit__rosidl_typesupport_fastrtps_c.h
[0.997s] -- Up-to-date: /home/linjiawei/load_mcap/install/deva_control_msgs/include/deva_control_msgs/deva_control_msgs/msg/detail/parking_status__rosidl_typesupport_fastrtps_c.h
[0.997s] -- Up-to-date: /home/linjiawei/load_mcap/install/deva_control_msgs/include/deva_control_msgs/deva_control_msgs/msg/detail/vehicle_control_command__rosidl_typesupport_fastrtps_c.h
[0.997s] -- Up-to-date: /home/linjiawei/load_mcap/install/deva_control_msgs/include/deva_control_msgs/deva_control_msgs/msg/detail/vehicle_enable_command__rosidl_typesupport_fastrtps_c.h
[0.997s] -- Up-to-date: /home/linjiawei/load_mcap/install/deva_control_msgs/include/deva_control_msgs/deva_control_msgs/msg/detail/vehicle_limit_value__rosidl_typesupport_fastrtps_c.h
[0.997s] -- Up-to-date: /home/linjiawei/load_mcap/install/deva_control_msgs/include/deva_control_msgs/deva_control_msgs/msg/detail/vehicle_report_belt__rosidl_typesupport_fastrtps_c.h
[0.997s] -- Up-to-date: /home/linjiawei/load_mcap/install/deva_control_msgs/include/deva_control_msgs/deva_control_msgs/msg/detail/vehicle_report_common__rosidl_typesupport_fastrtps_c.h
[0.997s] -- Up-to-date: /home/linjiawei/load_mcap/install/deva_control_msgs/include/deva_control_msgs/deva_control_msgs/msg/detail/vehicle_report_pedal__rosidl_typesupport_fastrtps_c.h
[0.997s] -- Up-to-date: /home/linjiawei/load_mcap/install/deva_control_msgs/include/deva_control_msgs/deva_control_msgs/msg/detail/vehicle_status_command__rosidl_typesupport_fastrtps_c.h
[0.997s] -- Up-to-date: /home/linjiawei/load_mcap/install/deva_control_msgs/include/deva_control_msgs/deva_control_msgs/msg/detail/wheel_speed__rosidl_typesupport_fastrtps_c.h
[0.997s] -- Up-to-date: /home/linjiawei/load_mcap/install/deva_control_msgs/lib/libdeva_control_msgs__rosidl_typesupport_fastrtps_c.so
[0.998s] -- Up-to-date: /home/linjiawei/load_mcap/install/deva_control_msgs/include/deva_control_msgs/deva_control_msgs
[0.998s] -- Up-to-date: /home/linjiawei/load_mcap/install/deva_control_msgs/include/deva_control_msgs/deva_control_msgs/msg
[0.998s] -- Up-to-date: /home/linjiawei/load_mcap/install/deva_control_msgs/include/deva_control_msgs/deva_control_msgs/msg/rosidl_typesupport_introspection_c__visibility_control.h
[0.998s] -- Up-to-date: /home/linjiawei/load_mcap/install/deva_control_msgs/include/deva_control_msgs/deva_control_msgs/msg/detail
[0.998s] -- Up-to-date: /home/linjiawei/load_mcap/install/deva_control_msgs/include/deva_control_msgs/deva_control_msgs/msg/detail/control_debug_signal__rosidl_typesupport_introspection_c.h
[0.998s] -- Up-to-date: /home/linjiawei/load_mcap/install/deva_control_msgs/include/deva_control_msgs/deva_control_msgs/msg/detail/control_debug_signal__type_support.c
[0.998s] -- Up-to-date: /home/linjiawei/load_mcap/install/deva_control_msgs/include/deva_control_msgs/deva_control_msgs/msg/detail/control_monitor_msg__rosidl_typesupport_introspection_c.h
[0.998s] -- Up-to-date: /home/linjiawei/load_mcap/install/deva_control_msgs/include/deva_control_msgs/deva_control_msgs/msg/detail/control_monitor_msg__type_support.c
[0.998s] -- Up-to-date: /home/linjiawei/load_mcap/install/deva_control_msgs/include/deva_control_msgs/deva_control_msgs/msg/detail/control_result__rosidl_typesupport_introspection_c.h
[0.998s] -- Up-to-date: /home/linjiawei/load_mcap/install/deva_control_msgs/include/deva_control_msgs/deva_control_msgs/msg/detail/control_result__type_support.c
[0.998s] -- Up-to-date: /home/linjiawei/load_mcap/install/deva_control_msgs/include/deva_control_msgs/deva_control_msgs/msg/detail/control_status__rosidl_typesupport_introspection_c.h
[0.999s] -- Up-to-date: /home/linjiawei/load_mcap/install/deva_control_msgs/include/deva_control_msgs/deva_control_msgs/msg/detail/control_status__type_support.c
[0.999s] -- Up-to-date: /home/linjiawei/load_mcap/install/deva_control_msgs/include/deva_control_msgs/deva_control_msgs/msg/detail/control_valid_limit__rosidl_typesupport_introspection_c.h
[0.999s] -- Up-to-date: /home/linjiawei/load_mcap/install/deva_control_msgs/include/deva_control_msgs/deva_control_msgs/msg/detail/control_valid_limit__type_support.c
[0.999s] -- Up-to-date: /home/linjiawei/load_mcap/install/deva_control_msgs/include/deva_control_msgs/deva_control_msgs/msg/detail/parking_status__rosidl_typesupport_introspection_c.h
[0.999s] -- Up-to-date: /home/linjiawei/load_mcap/install/deva_control_msgs/include/deva_control_msgs/deva_control_msgs/msg/detail/parking_status__type_support.c
[0.999s] -- Up-to-date: /home/linjiawei/load_mcap/install/deva_control_msgs/include/deva_control_msgs/deva_control_msgs/msg/detail/vehicle_control_command__rosidl_typesupport_introspection_c.h
[0.999s] -- Up-to-date: /home/linjiawei/load_mcap/install/deva_control_msgs/include/deva_control_msgs/deva_control_msgs/msg/detail/vehicle_control_command__type_support.c
[0.999s] -- Up-to-date: /home/linjiawei/load_mcap/install/deva_control_msgs/include/deva_control_msgs/deva_control_msgs/msg/detail/vehicle_enable_command__rosidl_typesupport_introspection_c.h
[0.999s] -- Up-to-date: /home/linjiawei/load_mcap/install/deva_control_msgs/include/deva_control_msgs/deva_control_msgs/msg/detail/vehicle_enable_command__type_support.c
[0.999s] -- Up-to-date: /home/linjiawei/load_mcap/install/deva_control_msgs/include/deva_control_msgs/deva_control_msgs/msg/detail/vehicle_limit_value__rosidl_typesupport_introspection_c.h
[1.000s] -- Up-to-date: /home/linjiawei/load_mcap/install/deva_control_msgs/include/deva_control_msgs/deva_control_msgs/msg/detail/vehicle_limit_value__type_support.c
[1.001s] -- Up-to-date: /home/linjiawei/load_mcap/install/deva_control_msgs/include/deva_control_msgs/deva_control_msgs/msg/detail/vehicle_report_belt__rosidl_typesupport_introspection_c.h
[1.001s] -- Up-to-date: /home/linjiawei/load_mcap/install/deva_control_msgs/include/deva_control_msgs/deva_control_msgs/msg/detail/vehicle_report_belt__type_support.c
[1.001s] -- Up-to-date: /home/linjiawei/load_mcap/install/deva_control_msgs/include/deva_control_msgs/deva_control_msgs/msg/detail/vehicle_report_common__rosidl_typesupport_introspection_c.h
[1.001s] -- Up-to-date: /home/linjiawei/load_mcap/install/deva_control_msgs/include/deva_control_msgs/deva_control_msgs/msg/detail/vehicle_report_common__type_support.c
[1.001s] -- Up-to-date: /home/linjiawei/load_mcap/install/deva_control_msgs/include/deva_control_msgs/deva_control_msgs/msg/detail/vehicle_report_pedal__rosidl_typesupport_introspection_c.h
[1.001s] -- Up-to-date: /home/linjiawei/load_mcap/install/deva_control_msgs/include/deva_control_msgs/deva_control_msgs/msg/detail/vehicle_report_pedal__type_support.c
[1.001s] -- Up-to-date: /home/linjiawei/load_mcap/install/deva_control_msgs/include/deva_control_msgs/deva_control_msgs/msg/detail/vehicle_status_command__rosidl_typesupport_introspection_c.h
[1.001s] -- Up-to-date: /home/linjiawei/load_mcap/install/deva_control_msgs/include/deva_control_msgs/deva_control_msgs/msg/detail/vehicle_status_command__type_support.c
[1.001s] -- Up-to-date: /home/linjiawei/load_mcap/install/deva_control_msgs/include/deva_control_msgs/deva_control_msgs/msg/detail/wheel_speed__rosidl_typesupport_introspection_c.h
[1.001s] -- Up-to-date: /home/linjiawei/load_mcap/install/deva_control_msgs/include/deva_control_msgs/deva_control_msgs/msg/detail/wheel_speed__type_support.c
[1.001s] -- Up-to-date: /home/linjiawei/load_mcap/install/deva_control_msgs/lib/libdeva_control_msgs__rosidl_typesupport_introspection_c.so
[1.001s] -- Up-to-date: /home/linjiawei/load_mcap/install/deva_control_msgs/lib/libdeva_control_msgs__rosidl_typesupport_c.so
[1.001s] -- Up-to-date: /home/linjiawei/load_mcap/install/deva_control_msgs/include/deva_control_msgs/deva_control_msgs
[1.001s] -- Up-to-date: /home/linjiawei/load_mcap/install/deva_control_msgs/include/deva_control_msgs/deva_control_msgs/msg
[1.002s] -- Up-to-date: /home/linjiawei/load_mcap/install/deva_control_msgs/include/deva_control_msgs/deva_control_msgs/msg/rosidl_generator_cpp__visibility_control.hpp
[1.002s] -- Up-to-date: /home/linjiawei/load_mcap/install/deva_control_msgs/include/deva_control_msgs/deva_control_msgs/msg/control_debug_signal.hpp
[1.002s] -- Up-to-date: /home/linjiawei/load_mcap/install/deva_control_msgs/include/deva_control_msgs/deva_control_msgs/msg/detail
[1.002s] -- Up-to-date: /home/linjiawei/load_mcap/install/deva_control_msgs/include/deva_control_msgs/deva_control_msgs/msg/detail/control_debug_signal__builder.hpp
[1.002s] -- Up-to-date: /home/linjiawei/load_mcap/install/deva_control_msgs/include/deva_control_msgs/deva_control_msgs/msg/detail/control_debug_signal__struct.hpp
[1.002s] -- Up-to-date: /home/linjiawei/load_mcap/install/deva_control_msgs/include/deva_control_msgs/deva_control_msgs/msg/detail/control_debug_signal__traits.hpp
[1.002s] -- Up-to-date: /home/linjiawei/load_mcap/install/deva_control_msgs/include/deva_control_msgs/deva_control_msgs/msg/detail/control_debug_signal__type_support.hpp
[1.002s] -- Up-to-date: /home/linjiawei/load_mcap/install/deva_control_msgs/include/deva_control_msgs/deva_control_msgs/msg/detail/control_monitor_msg__builder.hpp
[1.002s] -- Up-to-date: /home/linjiawei/load_mcap/install/deva_control_msgs/include/deva_control_msgs/deva_control_msgs/msg/detail/control_monitor_msg__struct.hpp
[1.002s] -- Up-to-date: /home/linjiawei/load_mcap/install/deva_control_msgs/include/deva_control_msgs/deva_control_msgs/msg/detail/control_monitor_msg__traits.hpp
[1.002s] -- Up-to-date: /home/linjiawei/load_mcap/install/deva_control_msgs/include/deva_control_msgs/deva_control_msgs/msg/detail/control_monitor_msg__type_support.hpp
[1.002s] -- Up-to-date: /home/linjiawei/load_mcap/install/deva_control_msgs/include/deva_control_msgs/deva_control_msgs/msg/detail/control_result__builder.hpp
[1.002s] -- Up-to-date: /home/linjiawei/load_mcap/install/deva_control_msgs/include/deva_control_msgs/deva_control_msgs/msg/detail/control_result__struct.hpp
[1.002s] -- Up-to-date: /home/linjiawei/load_mcap/install/deva_control_msgs/include/deva_control_msgs/deva_control_msgs/msg/detail/control_result__traits.hpp
[1.002s] -- Up-to-date: /home/linjiawei/load_mcap/install/deva_control_msgs/include/deva_control_msgs/deva_control_msgs/msg/detail/control_result__type_support.hpp
[1.002s] -- Up-to-date: /home/linjiawei/load_mcap/install/deva_control_msgs/include/deva_control_msgs/deva_control_msgs/msg/detail/control_status__builder.hpp
[1.002s] -- Up-to-date: /home/linjiawei/load_mcap/install/deva_control_msgs/include/deva_control_msgs/deva_control_msgs/msg/detail/control_status__struct.hpp
[1.002s] -- Up-to-date: /home/linjiawei/load_mcap/install/deva_control_msgs/include/deva_control_msgs/deva_control_msgs/msg/detail/control_status__traits.hpp
[1.002s] -- Up-to-date: /home/linjiawei/load_mcap/install/deva_control_msgs/include/deva_control_msgs/deva_control_msgs/msg/detail/control_status__type_support.hpp
[1.003s] -- Up-to-date: /home/linjiawei/load_mcap/install/deva_control_msgs/include/deva_control_msgs/deva_control_msgs/msg/detail/control_valid_limit__builder.hpp
[1.003s] -- Up-to-date: /home/linjiawei/load_mcap/install/deva_control_msgs/include/deva_control_msgs/deva_control_msgs/msg/detail/control_valid_limit__struct.hpp
[1.003s] -- Up-to-date: /home/linjiawei/load_mcap/install/deva_control_msgs/include/deva_control_msgs/deva_control_msgs/msg/detail/control_valid_limit__traits.hpp
[1.003s] -- Up-to-date: /home/linjiawei/load_mcap/install/deva_control_msgs/include/deva_control_msgs/deva_control_msgs/msg/detail/control_valid_limit__type_support.hpp
[1.003s] -- Up-to-date: /home/linjiawei/load_mcap/install/deva_control_msgs/include/deva_control_msgs/deva_control_msgs/msg/detail/parking_status__builder.hpp
[1.003s] -- Up-to-date: /home/linjiawei/load_mcap/install/deva_control_msgs/include/deva_control_msgs/deva_control_msgs/msg/detail/parking_status__struct.hpp
[1.003s] -- Up-to-date: /home/linjiawei/load_mcap/install/deva_control_msgs/include/deva_control_msgs/deva_control_msgs/msg/detail/parking_status__traits.hpp
[1.003s] -- Up-to-date: /home/linjiawei/load_mcap/install/deva_control_msgs/include/deva_control_msgs/deva_control_msgs/msg/detail/parking_status__type_support.hpp
[1.003s] -- Up-to-date: /home/linjiawei/load_mcap/install/deva_control_msgs/include/deva_control_msgs/deva_control_msgs/msg/detail/vehicle_control_command__builder.hpp
[1.003s] -- Up-to-date: /home/linjiawei/load_mcap/install/deva_control_msgs/include/deva_control_msgs/deva_control_msgs/msg/detail/vehicle_control_command__struct.hpp
[1.003s] -- Up-to-date: /home/linjiawei/load_mcap/install/deva_control_msgs/include/deva_control_msgs/deva_control_msgs/msg/detail/vehicle_control_command__traits.hpp
[1.003s] -- Up-to-date: /home/linjiawei/load_mcap/install/deva_control_msgs/include/deva_control_msgs/deva_control_msgs/msg/detail/vehicle_control_command__type_support.hpp
[1.003s] -- Up-to-date: /home/linjiawei/load_mcap/install/deva_control_msgs/include/deva_control_msgs/deva_control_msgs/msg/detail/vehicle_enable_command__builder.hpp
[1.003s] -- Up-to-date: /home/linjiawei/load_mcap/install/deva_control_msgs/include/deva_control_msgs/deva_control_msgs/msg/detail/vehicle_enable_command__struct.hpp
[1.003s] -- Up-to-date: /home/linjiawei/load_mcap/install/deva_control_msgs/include/deva_control_msgs/deva_control_msgs/msg/detail/vehicle_enable_command__traits.hpp
[1.003s] -- Up-to-date: /home/linjiawei/load_mcap/install/deva_control_msgs/include/deva_control_msgs/deva_control_msgs/msg/detail/vehicle_enable_command__type_support.hpp
[1.003s] -- Up-to-date: /home/linjiawei/load_mcap/install/deva_control_msgs/include/deva_control_msgs/deva_control_msgs/msg/detail/vehicle_limit_value__builder.hpp
[1.003s] -- Up-to-date: /home/linjiawei/load_mcap/install/deva_control_msgs/include/deva_control_msgs/deva_control_msgs/msg/detail/vehicle_limit_value__struct.hpp
[1.003s] -- Up-to-date: /home/linjiawei/load_mcap/install/deva_control_msgs/include/deva_control_msgs/deva_control_msgs/msg/detail/vehicle_limit_value__traits.hpp
[1.004s] -- Up-to-date: /home/linjiawei/load_mcap/install/deva_control_msgs/include/deva_control_msgs/deva_control_msgs/msg/detail/vehicle_limit_value__type_support.hpp
[1.004s] -- Up-to-date: /home/linjiawei/load_mcap/install/deva_control_msgs/include/deva_control_msgs/deva_control_msgs/msg/detail/vehicle_report_belt__builder.hpp
[1.004s] -- Up-to-date: /home/linjiawei/load_mcap/install/deva_control_msgs/include/deva_control_msgs/deva_control_msgs/msg/detail/vehicle_report_belt__struct.hpp
[1.004s] -- Up-to-date: /home/linjiawei/load_mcap/install/deva_control_msgs/include/deva_control_msgs/deva_control_msgs/msg/detail/vehicle_report_belt__traits.hpp
[1.004s] -- Up-to-date: /home/linjiawei/load_mcap/install/deva_control_msgs/include/deva_control_msgs/deva_control_msgs/msg/detail/vehicle_report_belt__type_support.hpp
[1.004s] -- Up-to-date: /home/linjiawei/load_mcap/install/deva_control_msgs/include/deva_control_msgs/deva_control_msgs/msg/detail/vehicle_report_common__builder.hpp
[1.004s] -- Up-to-date: /home/linjiawei/load_mcap/install/deva_control_msgs/include/deva_control_msgs/deva_control_msgs/msg/detail/vehicle_report_common__struct.hpp
[1.004s] -- Up-to-date: /home/linjiawei/load_mcap/install/deva_control_msgs/include/deva_control_msgs/deva_control_msgs/msg/detail/vehicle_report_common__traits.hpp
[1.004s] -- Up-to-date: /home/linjiawei/load_mcap/install/deva_control_msgs/include/deva_control_msgs/deva_control_msgs/msg/detail/vehicle_report_common__type_support.hpp
[1.004s] -- Up-to-date: /home/linjiawei/load_mcap/install/deva_control_msgs/include/deva_control_msgs/deva_control_msgs/msg/detail/vehicle_report_pedal__builder.hpp
[1.004s] -- Up-to-date: /home/linjiawei/load_mcap/install/deva_control_msgs/include/deva_control_msgs/deva_control_msgs/msg/detail/vehicle_report_pedal__struct.hpp
[1.004s] -- Up-to-date: /home/linjiawei/load_mcap/install/deva_control_msgs/include/deva_control_msgs/deva_control_msgs/msg/detail/vehicle_report_pedal__traits.hpp
[1.004s] -- Up-to-date: /home/linjiawei/load_mcap/install/deva_control_msgs/include/deva_control_msgs/deva_control_msgs/msg/detail/vehicle_report_pedal__type_support.hpp
[1.007s] -- Up-to-date: /home/linjiawei/load_mcap/install/deva_control_msgs/include/deva_control_msgs/deva_control_msgs/msg/detail/vehicle_status_command__builder.hpp
[1.007s] -- Up-to-date: /home/linjiawei/load_mcap/install/deva_control_msgs/include/deva_control_msgs/deva_control_msgs/msg/detail/vehicle_status_command__struct.hpp
[1.007s] -- Up-to-date: /home/linjiawei/load_mcap/install/deva_control_msgs/include/deva_control_msgs/deva_control_msgs/msg/detail/vehicle_status_command__traits.hpp
[1.007s] -- Up-to-date: /home/linjiawei/load_mcap/install/deva_control_msgs/include/deva_control_msgs/deva_control_msgs/msg/detail/vehicle_status_command__type_support.hpp
[1.008s] -- Up-to-date: /home/linjiawei/load_mcap/install/deva_control_msgs/include/deva_control_msgs/deva_control_msgs/msg/detail/wheel_speed__builder.hpp
[1.008s] -- Up-to-date: /home/linjiawei/load_mcap/install/deva_control_msgs/include/deva_control_msgs/deva_control_msgs/msg/detail/wheel_speed__struct.hpp
[1.008s] -- Up-to-date: /home/linjiawei/load_mcap/install/deva_control_msgs/include/deva_control_msgs/deva_control_msgs/msg/detail/wheel_speed__traits.hpp
[1.008s] -- Up-to-date: /home/linjiawei/load_mcap/install/deva_control_msgs/include/deva_control_msgs/deva_control_msgs/msg/detail/wheel_speed__type_support.hpp
[1.008s] -- Up-to-date: /home/linjiawei/load_mcap/install/deva_control_msgs/include/deva_control_msgs/deva_control_msgs/msg/control_monitor_msg.hpp
[1.008s] -- Up-to-date: /home/linjiawei/load_mcap/install/deva_control_msgs/include/deva_control_msgs/deva_control_msgs/msg/control_result.hpp
[1.008s] -- Up-to-date: /home/linjiawei/load_mcap/install/deva_control_msgs/include/deva_control_msgs/deva_control_msgs/msg/control_status.hpp
[1.008s] -- Up-to-date: /home/linjiawei/load_mcap/install/deva_control_msgs/include/deva_control_msgs/deva_control_msgs/msg/control_valid_limit.hpp
[1.008s] -- Up-to-date: /home/linjiawei/load_mcap/install/deva_control_msgs/include/deva_control_msgs/deva_control_msgs/msg/parking_status.hpp
[1.008s] -- Up-to-date: /home/linjiawei/load_mcap/install/deva_control_msgs/include/deva_control_msgs/deva_control_msgs/msg/vehicle_control_command.hpp
[1.008s] -- Up-to-date: /home/linjiawei/load_mcap/install/deva_control_msgs/include/deva_control_msgs/deva_control_msgs/msg/vehicle_enable_command.hpp
[1.008s] -- Up-to-date: /home/linjiawei/load_mcap/install/deva_control_msgs/include/deva_control_msgs/deva_control_msgs/msg/vehicle_limit_value.hpp
[1.008s] -- Up-to-date: /home/linjiawei/load_mcap/install/deva_control_msgs/include/deva_control_msgs/deva_control_msgs/msg/vehicle_report_belt.hpp
[1.009s] -- Up-to-date: /home/linjiawei/load_mcap/install/deva_control_msgs/include/deva_control_msgs/deva_control_msgs/msg/vehicle_report_common.hpp
[1.009s] -- Up-to-date: /home/linjiawei/load_mcap/install/deva_control_msgs/include/deva_control_msgs/deva_control_msgs/msg/vehicle_report_pedal.hpp
[1.009s] -- Up-to-date: /home/linjiawei/load_mcap/install/deva_control_msgs/include/deva_control_msgs/deva_control_msgs/msg/vehicle_status_command.hpp
[1.009s] -- Up-to-date: /home/linjiawei/load_mcap/install/deva_control_msgs/include/deva_control_msgs/deva_control_msgs/msg/wheel_speed.hpp
[1.009s] -- Up-to-date: /home/linjiawei/load_mcap/install/deva_control_msgs/include/deva_control_msgs/deva_control_msgs
[1.009s] -- Up-to-date: /home/linjiawei/load_mcap/install/deva_control_msgs/include/deva_control_msgs/deva_control_msgs/msg
[1.009s] -- Up-to-date: /home/linjiawei/load_mcap/install/deva_control_msgs/include/deva_control_msgs/deva_control_msgs/msg/rosidl_typesupport_fastrtps_cpp__visibility_control.h
[1.009s] -- Up-to-date: /home/linjiawei/load_mcap/install/deva_control_msgs/include/deva_control_msgs/deva_control_msgs/msg/detail
[1.009s] -- Up-to-date: /home/linjiawei/load_mcap/install/deva_control_msgs/include/deva_control_msgs/deva_control_msgs/msg/detail/control_debug_signal__rosidl_typesupport_fastrtps_cpp.hpp
[1.010s] -- Up-to-date: /home/linjiawei/load_mcap/install/deva_control_msgs/include/deva_control_msgs/deva_control_msgs/msg/detail/dds_fastrtps
[1.010s] -- Up-to-date: /home/linjiawei/load_mcap/install/deva_control_msgs/include/deva_control_msgs/deva_control_msgs/msg/detail/control_monitor_msg__rosidl_typesupport_fastrtps_cpp.hpp
[1.010s] -- Up-to-date: /home/linjiawei/load_mcap/install/deva_control_msgs/include/deva_control_msgs/deva_control_msgs/msg/detail/control_result__rosidl_typesupport_fastrtps_cpp.hpp
[1.010s] -- Up-to-date: /home/linjiawei/load_mcap/install/deva_control_msgs/include/deva_control_msgs/deva_control_msgs/msg/detail/control_status__rosidl_typesupport_fastrtps_cpp.hpp
[1.010s] -- Up-to-date: /home/linjiawei/load_mcap/install/deva_control_msgs/include/deva_control_msgs/deva_control_msgs/msg/detail/control_valid_limit__rosidl_typesupport_fastrtps_cpp.hpp
[1.010s] -- Up-to-date: /home/linjiawei/load_mcap/install/deva_control_msgs/include/deva_control_msgs/deva_control_msgs/msg/detail/parking_status__rosidl_typesupport_fastrtps_cpp.hpp
[1.010s] -- Up-to-date: /home/linjiawei/load_mcap/install/deva_control_msgs/include/deva_control_msgs/deva_control_msgs/msg/detail/vehicle_control_command__rosidl_typesupport_fastrtps_cpp.hpp
[1.010s] -- Up-to-date: /home/linjiawei/load_mcap/install/deva_control_msgs/include/deva_control_msgs/deva_control_msgs/msg/detail/vehicle_enable_command__rosidl_typesupport_fastrtps_cpp.hpp
[1.010s] -- Up-to-date: /home/linjiawei/load_mcap/install/deva_control_msgs/include/deva_control_msgs/deva_control_msgs/msg/detail/vehicle_limit_value__rosidl_typesupport_fastrtps_cpp.hpp
[1.010s] -- Up-to-date: /home/linjiawei/load_mcap/install/deva_control_msgs/include/deva_control_msgs/deva_control_msgs/msg/detail/vehicle_report_belt__rosidl_typesupport_fastrtps_cpp.hpp
[1.010s] -- Up-to-date: /home/linjiawei/load_mcap/install/deva_control_msgs/include/deva_control_msgs/deva_control_msgs/msg/detail/vehicle_report_common__rosidl_typesupport_fastrtps_cpp.hpp
[1.010s] -- Up-to-date: /home/linjiawei/load_mcap/install/deva_control_msgs/include/deva_control_msgs/deva_control_msgs/msg/detail/vehicle_report_pedal__rosidl_typesupport_fastrtps_cpp.hpp
[1.010s] -- Up-to-date: /home/linjiawei/load_mcap/install/deva_control_msgs/include/deva_control_msgs/deva_control_msgs/msg/detail/vehicle_status_command__rosidl_typesupport_fastrtps_cpp.hpp
[1.010s] -- Up-to-date: /home/linjiawei/load_mcap/install/deva_control_msgs/include/deva_control_msgs/deva_control_msgs/msg/detail/wheel_speed__rosidl_typesupport_fastrtps_cpp.hpp
[1.012s] -- Up-to-date: /home/linjiawei/load_mcap/install/deva_control_msgs/lib/libdeva_control_msgs__rosidl_typesupport_fastrtps_cpp.so
[1.012s] -- Up-to-date: /home/linjiawei/load_mcap/install/deva_control_msgs/include/deva_control_msgs/deva_control_msgs
[1.012s] -- Up-to-date: /home/linjiawei/load_mcap/install/deva_control_msgs/include/deva_control_msgs/deva_control_msgs/msg
[1.012s] -- Up-to-date: /home/linjiawei/load_mcap/install/deva_control_msgs/include/deva_control_msgs/deva_control_msgs/msg/detail
[1.012s] -- Up-to-date: /home/linjiawei/load_mcap/install/deva_control_msgs/include/deva_control_msgs/deva_control_msgs/msg/detail/control_debug_signal__rosidl_typesupport_introspection_cpp.hpp
[1.012s] -- Up-to-date: /home/linjiawei/load_mcap/install/deva_control_msgs/include/deva_control_msgs/deva_control_msgs/msg/detail/control_debug_signal__type_support.cpp
[1.012s] -- Up-to-date: /home/linjiawei/load_mcap/install/deva_control_msgs/include/deva_control_msgs/deva_control_msgs/msg/detail/control_monitor_msg__rosidl_typesupport_introspection_cpp.hpp
[1.012s] -- Up-to-date: /home/linjiawei/load_mcap/install/deva_control_msgs/include/deva_control_msgs/deva_control_msgs/msg/detail/control_monitor_msg__type_support.cpp
[1.012s] -- Up-to-date: /home/linjiawei/load_mcap/install/deva_control_msgs/include/deva_control_msgs/deva_control_msgs/msg/detail/control_result__rosidl_typesupport_introspection_cpp.hpp
[1.012s] -- Up-to-date: /home/linjiawei/load_mcap/install/deva_control_msgs/include/deva_control_msgs/deva_control_msgs/msg/detail/control_result__type_support.cpp
[1.013s] -- Up-to-date: /home/linjiawei/load_mcap/install/deva_control_msgs/include/deva_control_msgs/deva_control_msgs/msg/detail/control_status__rosidl_typesupport_introspection_cpp.hpp
[1.013s] -- Up-to-date: /home/linjiawei/load_mcap/install/deva_control_msgs/include/deva_control_msgs/deva_control_msgs/msg/detail/control_status__type_support.cpp
[1.013s] -- Up-to-date: /home/linjiawei/load_mcap/install/deva_control_msgs/include/deva_control_msgs/deva_control_msgs/msg/detail/control_valid_limit__rosidl_typesupport_introspection_cpp.hpp
[1.013s] -- Up-to-date: /home/linjiawei/load_mcap/install/deva_control_msgs/include/deva_control_msgs/deva_control_msgs/msg/detail/control_valid_limit__type_support.cpp
[1.013s] -- Up-to-date: /home/linjiawei/load_mcap/install/deva_control_msgs/include/deva_control_msgs/deva_control_msgs/msg/detail/parking_status__rosidl_typesupport_introspection_cpp.hpp
[1.013s] -- Up-to-date: /home/linjiawei/load_mcap/install/deva_control_msgs/include/deva_control_msgs/deva_control_msgs/msg/detail/parking_status__type_support.cpp
[1.013s] -- Up-to-date: /home/linjiawei/load_mcap/install/deva_control_msgs/include/deva_control_msgs/deva_control_msgs/msg/detail/vehicle_control_command__rosidl_typesupport_introspection_cpp.hpp
[1.013s] -- Up-to-date: /home/linjiawei/load_mcap/install/deva_control_msgs/include/deva_control_msgs/deva_control_msgs/msg/detail/vehicle_control_command__type_support.cpp
[1.013s] -- Up-to-date: /home/linjiawei/load_mcap/install/deva_control_msgs/include/deva_control_msgs/deva_control_msgs/msg/detail/vehicle_enable_command__rosidl_typesupport_introspection_cpp.hpp
[1.013s] -- Up-to-date: /home/linjiawei/load_mcap/install/deva_control_msgs/include/deva_control_msgs/deva_control_msgs/msg/detail/vehicle_enable_command__type_support.cpp
[1.013s] -- Up-to-date: /home/linjiawei/load_mcap/install/deva_control_msgs/include/deva_control_msgs/deva_control_msgs/msg/detail/vehicle_limit_value__rosidl_typesupport_introspection_cpp.hpp
[1.013s] -- Up-to-date: /home/linjiawei/load_mcap/install/deva_control_msgs/include/deva_control_msgs/deva_control_msgs/msg/detail/vehicle_limit_value__type_support.cpp
[1.013s] -- Up-to-date: /home/linjiawei/load_mcap/install/deva_control_msgs/include/deva_control_msgs/deva_control_msgs/msg/detail/vehicle_report_belt__rosidl_typesupport_introspection_cpp.hpp
[1.013s] -- Up-to-date: /home/linjiawei/load_mcap/install/deva_control_msgs/include/deva_control_msgs/deva_control_msgs/msg/detail/vehicle_report_belt__type_support.cpp
[1.013s] -- Up-to-date: /home/linjiawei/load_mcap/install/deva_control_msgs/include/deva_control_msgs/deva_control_msgs/msg/detail/vehicle_report_common__rosidl_typesupport_introspection_cpp.hpp
[1.013s] -- Up-to-date: /home/linjiawei/load_mcap/install/deva_control_msgs/include/deva_control_msgs/deva_control_msgs/msg/detail/vehicle_report_common__type_support.cpp
[1.013s] -- Up-to-date: /home/linjiawei/load_mcap/install/deva_control_msgs/include/deva_control_msgs/deva_control_msgs/msg/detail/vehicle_report_pedal__rosidl_typesupport_introspection_cpp.hpp
[1.013s] -- Up-to-date: /home/linjiawei/load_mcap/install/deva_control_msgs/include/deva_control_msgs/deva_control_msgs/msg/detail/vehicle_report_pedal__type_support.cpp
[1.013s] -- Up-to-date: /home/linjiawei/load_mcap/install/deva_control_msgs/include/deva_control_msgs/deva_control_msgs/msg/detail/vehicle_status_command__rosidl_typesupport_introspection_cpp.hpp
[1.014s] -- Up-to-date: /home/linjiawei/load_mcap/install/deva_control_msgs/include/deva_control_msgs/deva_control_msgs/msg/detail/vehicle_status_command__type_support.cpp
[1.014s] -- Up-to-date: /home/linjiawei/load_mcap/install/deva_control_msgs/include/deva_control_msgs/deva_control_msgs/msg/detail/wheel_speed__rosidl_typesupport_introspection_cpp.hpp
[1.014s] -- Up-to-date: /home/linjiawei/load_mcap/install/deva_control_msgs/include/deva_control_msgs/deva_control_msgs/msg/detail/wheel_speed__type_support.cpp
[1.014s] -- Up-to-date: /home/linjiawei/load_mcap/install/deva_control_msgs/lib/libdeva_control_msgs__rosidl_typesupport_introspection_cpp.so
[1.015s] -- Up-to-date: /home/linjiawei/load_mcap/install/deva_control_msgs/lib/libdeva_control_msgs__rosidl_typesupport_cpp.so
[1.016s] -- Up-to-date: /home/linjiawei/load_mcap/install/deva_control_msgs/share/deva_control_msgs/environment/pythonpath.sh
[1.016s] -- Up-to-date: /home/linjiawei/load_mcap/install/deva_control_msgs/share/deva_control_msgs/environment/pythonpath.dsv
[1.016s] -- Up-to-date: /home/linjiawei/load_mcap/install/deva_control_msgs/local/lib/python3.10/dist-packages/deva_control_msgs-0.0.0-py3.10.egg-info
[1.016s] -- Installing: /home/linjiawei/load_mcap/install/deva_control_msgs/local/lib/python3.10/dist-packages/deva_control_msgs-0.0.0-py3.10.egg-info/PKG-INFO
[1.016s] -- Installing: /home/linjiawei/load_mcap/install/deva_control_msgs/local/lib/python3.10/dist-packages/deva_control_msgs-0.0.0-py3.10.egg-info/dependency_links.txt
[1.017s] -- Installing: /home/linjiawei/load_mcap/install/deva_control_msgs/local/lib/python3.10/dist-packages/deva_control_msgs-0.0.0-py3.10.egg-info/top_level.txt
[1.017s] -- Installing: /home/linjiawei/load_mcap/install/deva_control_msgs/local/lib/python3.10/dist-packages/deva_control_msgs-0.0.0-py3.10.egg-info/SOURCES.txt
[1.018s] -- Up-to-date: /home/linjiawei/load_mcap/install/deva_control_msgs/local/lib/python3.10/dist-packages/deva_control_msgs
[1.018s] -- Up-to-date: /home/linjiawei/load_mcap/install/deva_control_msgs/local/lib/python3.10/dist-packages/deva_control_msgs/__init__.py
[1.018s] -- Up-to-date: /home/linjiawei/load_mcap/install/deva_control_msgs/local/lib/python3.10/dist-packages/deva_control_msgs/msg
[1.018s] -- Up-to-date: /home/linjiawei/load_mcap/install/deva_control_msgs/local/lib/python3.10/dist-packages/deva_control_msgs/msg/_control_debug_signal.py
[1.018s] -- Up-to-date: /home/linjiawei/load_mcap/install/deva_control_msgs/local/lib/python3.10/dist-packages/deva_control_msgs/msg/_control_debug_signal_s.c
[1.019s] -- Up-to-date: /home/linjiawei/load_mcap/install/deva_control_msgs/local/lib/python3.10/dist-packages/deva_control_msgs/msg/_control_monitor_msg.py
[1.019s] -- Up-to-date: /home/linjiawei/load_mcap/install/deva_control_msgs/local/lib/python3.10/dist-packages/deva_control_msgs/msg/_control_monitor_msg_s.c
[1.019s] -- Up-to-date: /home/linjiawei/load_mcap/install/deva_control_msgs/local/lib/python3.10/dist-packages/deva_control_msgs/msg/_control_result.py
[1.019s] -- Up-to-date: /home/linjiawei/load_mcap/install/deva_control_msgs/local/lib/python3.10/dist-packages/deva_control_msgs/msg/_control_result_s.c
[1.019s] -- Up-to-date: /home/linjiawei/load_mcap/install/deva_control_msgs/local/lib/python3.10/dist-packages/deva_control_msgs/msg/_control_status.py
[1.019s] -- Up-to-date: /home/linjiawei/load_mcap/install/deva_control_msgs/local/lib/python3.10/dist-packages/deva_control_msgs/msg/_control_status_s.c
[1.020s] -- Up-to-date: /home/linjiawei/load_mcap/install/deva_control_msgs/local/lib/python3.10/dist-packages/deva_control_msgs/msg/_control_valid_limit.py
[1.020s] -- Up-to-date: /home/linjiawei/load_mcap/install/deva_control_msgs/local/lib/python3.10/dist-packages/deva_control_msgs/msg/_control_valid_limit_s.c
[1.020s] -- Up-to-date: /home/linjiawei/load_mcap/install/deva_control_msgs/local/lib/python3.10/dist-packages/deva_control_msgs/msg/_parking_status.py
[1.020s] -- Up-to-date: /home/linjiawei/load_mcap/install/deva_control_msgs/local/lib/python3.10/dist-packages/deva_control_msgs/msg/_parking_status_s.c
[1.020s] -- Up-to-date: /home/linjiawei/load_mcap/install/deva_control_msgs/local/lib/python3.10/dist-packages/deva_control_msgs/msg/_vehicle_control_command.py
[1.020s] -- Up-to-date: /home/linjiawei/load_mcap/install/deva_control_msgs/local/lib/python3.10/dist-packages/deva_control_msgs/msg/_vehicle_control_command_s.c
[1.020s] -- Up-to-date: /home/linjiawei/load_mcap/install/deva_control_msgs/local/lib/python3.10/dist-packages/deva_control_msgs/msg/_vehicle_enable_command.py
[1.020s] -- Up-to-date: /home/linjiawei/load_mcap/install/deva_control_msgs/local/lib/python3.10/dist-packages/deva_control_msgs/msg/_vehicle_enable_command_s.c
[1.020s] -- Up-to-date: /home/linjiawei/load_mcap/install/deva_control_msgs/local/lib/python3.10/dist-packages/deva_control_msgs/msg/_vehicle_limit_value.py
[1.020s] -- Up-to-date: /home/linjiawei/load_mcap/install/deva_control_msgs/local/lib/python3.10/dist-packages/deva_control_msgs/msg/_vehicle_limit_value_s.c
[1.020s] -- Up-to-date: /home/linjiawei/load_mcap/install/deva_control_msgs/local/lib/python3.10/dist-packages/deva_control_msgs/msg/_vehicle_report_belt.py
[1.020s] -- Up-to-date: /home/linjiawei/load_mcap/install/deva_control_msgs/local/lib/python3.10/dist-packages/deva_control_msgs/msg/_vehicle_report_belt_s.c
[1.020s] -- Up-to-date: /home/linjiawei/load_mcap/install/deva_control_msgs/local/lib/python3.10/dist-packages/deva_control_msgs/msg/_vehicle_report_common.py
[1.020s] -- Up-to-date: /home/linjiawei/load_mcap/install/deva_control_msgs/local/lib/python3.10/dist-packages/deva_control_msgs/msg/_vehicle_report_common_s.c
[1.020s] -- Up-to-date: /home/linjiawei/load_mcap/install/deva_control_msgs/local/lib/python3.10/dist-packages/deva_control_msgs/msg/_vehicle_report_pedal.py
[1.020s] -- Up-to-date: /home/linjiawei/load_mcap/install/deva_control_msgs/local/lib/python3.10/dist-packages/deva_control_msgs/msg/_vehicle_report_pedal_s.c
[1.021s] -- Up-to-date: /home/linjiawei/load_mcap/install/deva_control_msgs/local/lib/python3.10/dist-packages/deva_control_msgs/msg/_vehicle_status_command.py
[1.021s] -- Up-to-date: /home/linjiawei/load_mcap/install/deva_control_msgs/local/lib/python3.10/dist-packages/deva_control_msgs/msg/_vehicle_status_command_s.c
[1.021s] -- Up-to-date: /home/linjiawei/load_mcap/install/deva_control_msgs/local/lib/python3.10/dist-packages/deva_control_msgs/msg/_wheel_speed.py
[1.021s] -- Up-to-date: /home/linjiawei/load_mcap/install/deva_control_msgs/local/lib/python3.10/dist-packages/deva_control_msgs/msg/_wheel_speed_s.c
[1.021s] -- Up-to-date: /home/linjiawei/load_mcap/install/deva_control_msgs/local/lib/python3.10/dist-packages/deva_control_msgs/msg/__init__.py
[1.021s] -- Up-to-date: /home/linjiawei/load_mcap/install/deva_control_msgs/local/lib/python3.10/dist-packages/deva_control_msgs/_deva_control_msgs_s.ep.rosidl_typesupport_fastrtps_c.c
[1.021s] -- Up-to-date: /home/linjiawei/load_mcap/install/deva_control_msgs/local/lib/python3.10/dist-packages/deva_control_msgs/_deva_control_msgs_s.ep.rosidl_typesupport_introspection_c.c
[1.021s] -- Up-to-date: /home/linjiawei/load_mcap/install/deva_control_msgs/local/lib/python3.10/dist-packages/deva_control_msgs/_deva_control_msgs_s.ep.rosidl_typesupport_c.c
[1.021s] -- Up-to-date: /home/linjiawei/load_mcap/install/deva_control_msgs/local/lib/python3.10/dist-packages/deva_control_msgs/libdeva_control_msgs__rosidl_generator_py.so
[1.021s] -- Up-to-date: /home/linjiawei/load_mcap/install/deva_control_msgs/local/lib/python3.10/dist-packages/deva_control_msgs/deva_control_msgs_s__rosidl_typesupport_c.cpython-310-x86_64-linux-gnu.so
[1.021s] -- Up-to-date: /home/linjiawei/load_mcap/install/deva_control_msgs/local/lib/python3.10/dist-packages/deva_control_msgs/deva_control_msgs_s__rosidl_typesupport_fastrtps_c.cpython-310-x86_64-linux-gnu.so
[1.021s] -- Up-to-date: /home/linjiawei/load_mcap/install/deva_control_msgs/local/lib/python3.10/dist-packages/deva_control_msgs/deva_control_msgs_s__rosidl_typesupport_introspection_c.cpython-310-x86_64-linux-gnu.so
[1.031s] Listing '/home/linjiawei/load_mcap/install/deva_control_msgs/local/lib/python3.10/dist-packages/deva_control_msgs'...
[1.031s] Listing '/home/linjiawei/load_mcap/install/deva_control_msgs/local/lib/python3.10/dist-packages/deva_control_msgs/msg'...
[1.035s] -- Up-to-date: /home/linjiawei/load_mcap/install/deva_control_msgs/local/lib/python3.10/dist-packages/deva_control_msgs/deva_control_msgs_s__rosidl_typesupport_fastrtps_c.cpython-310-x86_64-linux-gnu.so
[1.036s] -- Up-to-date: /home/linjiawei/load_mcap/install/deva_control_msgs/local/lib/python3.10/dist-packages/deva_control_msgs/deva_control_msgs_s__rosidl_typesupport_introspection_c.cpython-310-x86_64-linux-gnu.so
[1.036s] -- Up-to-date: /home/linjiawei/load_mcap/install/deva_control_msgs/local/lib/python3.10/dist-packages/deva_control_msgs/deva_control_msgs_s__rosidl_typesupport_c.cpython-310-x86_64-linux-gnu.so
[1.036s] -- Up-to-date: /home/linjiawei/load_mcap/install/deva_control_msgs/lib/libdeva_control_msgs__rosidl_generator_py.so
[1.037s] -- Up-to-date: /home/linjiawei/load_mcap/install/deva_control_msgs/share/deva_control_msgs/msg/ControlDebugSignal.idl
[1.037s] -- Up-to-date: /home/linjiawei/load_mcap/install/deva_control_msgs/share/deva_control_msgs/msg/ControlMonitorMsg.idl
[1.037s] -- Up-to-date: /home/linjiawei/load_mcap/install/deva_control_msgs/share/deva_control_msgs/msg/ControlResult.idl
[1.037s] -- Up-to-date: /home/linjiawei/load_mcap/install/deva_control_msgs/share/deva_control_msgs/msg/ControlStatus.idl
[1.037s] -- Up-to-date: /home/linjiawei/load_mcap/install/deva_control_msgs/share/deva_control_msgs/msg/ControlValidLimit.idl
[1.037s] -- Up-to-date: /home/linjiawei/load_mcap/install/deva_control_msgs/share/deva_control_msgs/msg/ParkingStatus.idl
[1.037s] -- Up-to-date: /home/linjiawei/load_mcap/install/deva_control_msgs/share/deva_control_msgs/msg/VehicleControlCommand.idl
[1.038s] -- Up-to-date: /home/linjiawei/load_mcap/install/deva_control_msgs/share/deva_control_msgs/msg/VehicleEnableCommand.idl
[1.038s] -- Up-to-date: /home/linjiawei/load_mcap/install/deva_control_msgs/share/deva_control_msgs/msg/VehicleLimitValue.idl
[1.038s] -- Up-to-date: /home/linjiawei/load_mcap/install/deva_control_msgs/share/deva_control_msgs/msg/VehicleReportBelt.idl
[1.038s] -- Up-to-date: /home/linjiawei/load_mcap/install/deva_control_msgs/share/deva_control_msgs/msg/VehicleReportCommon.idl
[1.038s] -- Up-to-date: /home/linjiawei/load_mcap/install/deva_control_msgs/share/deva_control_msgs/msg/VehicleReportPedal.idl
[1.038s] -- Up-to-date: /home/linjiawei/load_mcap/install/deva_control_msgs/share/deva_control_msgs/msg/VehicleStatusCommand.idl
[1.038s] -- Up-to-date: /home/linjiawei/load_mcap/install/deva_control_msgs/share/deva_control_msgs/msg/WheelSpeed.idl
[1.038s] -- Up-to-date: /home/linjiawei/load_mcap/install/deva_control_msgs/share/deva_control_msgs/msg/ControlDebugSignal.msg
[1.038s] -- Up-to-date: /home/linjiawei/load_mcap/install/deva_control_msgs/share/deva_control_msgs/msg/ControlMonitorMsg.msg
[1.039s] -- Up-to-date: /home/linjiawei/load_mcap/install/deva_control_msgs/share/deva_control_msgs/msg/ControlResult.msg
[1.039s] -- Up-to-date: /home/linjiawei/load_mcap/install/deva_control_msgs/share/deva_control_msgs/msg/ControlStatus.msg
[1.039s] -- Up-to-date: /home/linjiawei/load_mcap/install/deva_control_msgs/share/deva_control_msgs/msg/ControlValidLimit.msg
[1.039s] -- Up-to-date: /home/linjiawei/load_mcap/install/deva_control_msgs/share/deva_control_msgs/msg/ParkingStatus.msg
[1.039s] -- Up-to-date: /home/linjiawei/load_mcap/install/deva_control_msgs/share/deva_control_msgs/msg/VehicleControlCommand.msg
[1.039s] -- Up-to-date: /home/linjiawei/load_mcap/install/deva_control_msgs/share/deva_control_msgs/msg/VehicleEnableCommand.msg
[1.040s] -- Up-to-date: /home/linjiawei/load_mcap/install/deva_control_msgs/share/deva_control_msgs/msg/VehicleLimitValue.msg
[1.040s] -- Up-to-date: /home/linjiawei/load_mcap/install/deva_control_msgs/share/deva_control_msgs/msg/VehicleReportBelt.msg
[1.040s] -- Up-to-date: /home/linjiawei/load_mcap/install/deva_control_msgs/share/deva_control_msgs/msg/VehicleReportCommon.msg
[1.040s] -- Up-to-date: /home/linjiawei/load_mcap/install/deva_control_msgs/share/deva_control_msgs/msg/VehicleReportPedal.msg
[1.040s] -- Up-to-date: /home/linjiawei/load_mcap/install/deva_control_msgs/share/deva_control_msgs/msg/VehicleStatusCommand.msg
[1.042s] -- Up-to-date: /home/linjiawei/load_mcap/install/deva_control_msgs/share/deva_control_msgs/msg/WheelSpeed.msg
[1.045s] -- Up-to-date: /home/linjiawei/load_mcap/install/deva_control_msgs/share/ament_index/resource_index/package_run_dependencies/deva_control_msgs
[1.045s] -- Up-to-date: /home/linjiawei/load_mcap/install/deva_control_msgs/share/ament_index/resource_index/parent_prefix_path/deva_control_msgs
[1.045s] -- Up-to-date: /home/linjiawei/load_mcap/install/deva_control_msgs/share/deva_control_msgs/environment/ament_prefix_path.sh
[1.045s] -- Up-to-date: /home/linjiawei/load_mcap/install/deva_control_msgs/share/deva_control_msgs/environment/ament_prefix_path.dsv
[1.045s] -- Up-to-date: /home/linjiawei/load_mcap/install/deva_control_msgs/share/deva_control_msgs/environment/path.sh
[1.045s] -- Up-to-date: /home/linjiawei/load_mcap/install/deva_control_msgs/share/deva_control_msgs/environment/path.dsv
[1.045s] -- Up-to-date: /home/linjiawei/load_mcap/install/deva_control_msgs/share/deva_control_msgs/local_setup.bash
[1.045s] -- Up-to-date: /home/linjiawei/load_mcap/install/deva_control_msgs/share/deva_control_msgs/local_setup.sh
[1.045s] -- Up-to-date: /home/linjiawei/load_mcap/install/deva_control_msgs/share/deva_control_msgs/local_setup.zsh
[1.045s] -- Up-to-date: /home/linjiawei/load_mcap/install/deva_control_msgs/share/deva_control_msgs/local_setup.dsv
[1.045s] -- Installing: /home/linjiawei/load_mcap/install/deva_control_msgs/share/deva_control_msgs/package.dsv
[1.045s] -- Up-to-date: /home/linjiawei/load_mcap/install/deva_control_msgs/share/ament_index/resource_index/packages/deva_control_msgs
[1.045s] -- Up-to-date: /home/linjiawei/load_mcap/install/deva_control_msgs/share/deva_control_msgs/cmake/export_deva_control_msgs__rosidl_generator_cExport.cmake
[1.046s] -- Up-to-date: /home/linjiawei/load_mcap/install/deva_control_msgs/share/deva_control_msgs/cmake/export_deva_control_msgs__rosidl_generator_cExport-noconfig.cmake
[1.046s] -- Up-to-date: /home/linjiawei/load_mcap/install/deva_control_msgs/share/deva_control_msgs/cmake/export_deva_control_msgs__rosidl_typesupport_fastrtps_cExport.cmake
[1.046s] -- Up-to-date: /home/linjiawei/load_mcap/install/deva_control_msgs/share/deva_control_msgs/cmake/export_deva_control_msgs__rosidl_typesupport_fastrtps_cExport-noconfig.cmake
[1.046s] -- Up-to-date: /home/linjiawei/load_mcap/install/deva_control_msgs/share/deva_control_msgs/cmake/deva_control_msgs__rosidl_typesupport_introspection_cExport.cmake
[1.046s] -- Up-to-date: /home/linjiawei/load_mcap/install/deva_control_msgs/share/deva_control_msgs/cmake/deva_control_msgs__rosidl_typesupport_introspection_cExport-noconfig.cmake
[1.046s] -- Up-to-date: /home/linjiawei/load_mcap/install/deva_control_msgs/share/deva_control_msgs/cmake/deva_control_msgs__rosidl_typesupport_cExport.cmake
[1.046s] -- Up-to-date: /home/linjiawei/load_mcap/install/deva_control_msgs/share/deva_control_msgs/cmake/deva_control_msgs__rosidl_typesupport_cExport-noconfig.cmake
[1.046s] -- Up-to-date: /home/linjiawei/load_mcap/install/deva_control_msgs/share/deva_control_msgs/cmake/export_deva_control_msgs__rosidl_generator_cppExport.cmake
[1.046s] -- Up-to-date: /home/linjiawei/load_mcap/install/deva_control_msgs/share/deva_control_msgs/cmake/export_deva_control_msgs__rosidl_typesupport_fastrtps_cppExport.cmake
[1.046s] -- Up-to-date: /home/linjiawei/load_mcap/install/deva_control_msgs/share/deva_control_msgs/cmake/export_deva_control_msgs__rosidl_typesupport_fastrtps_cppExport-noconfig.cmake
[1.046s] -- Up-to-date: /home/linjiawei/load_mcap/install/deva_control_msgs/share/deva_control_msgs/cmake/deva_control_msgs__rosidl_typesupport_introspection_cppExport.cmake
[1.046s] -- Up-to-date: /home/linjiawei/load_mcap/install/deva_control_msgs/share/deva_control_msgs/cmake/deva_control_msgs__rosidl_typesupport_introspection_cppExport-noconfig.cmake
[1.046s] -- Up-to-date: /home/linjiawei/load_mcap/install/deva_control_msgs/share/deva_control_msgs/cmake/deva_control_msgs__rosidl_typesupport_cppExport.cmake
[1.046s] -- Up-to-date: /home/linjiawei/load_mcap/install/deva_control_msgs/share/deva_control_msgs/cmake/deva_control_msgs__rosidl_typesupport_cppExport-noconfig.cmake
[1.047s] -- Up-to-date: /home/linjiawei/load_mcap/install/deva_control_msgs/share/deva_control_msgs/cmake/export_deva_control_msgs__rosidl_generator_pyExport.cmake
[1.047s] -- Up-to-date: /home/linjiawei/load_mcap/install/deva_control_msgs/share/deva_control_msgs/cmake/export_deva_control_msgs__rosidl_generator_pyExport-noconfig.cmake
[1.047s] -- Up-to-date: /home/linjiawei/load_mcap/install/deva_control_msgs/share/deva_control_msgs/cmake/rosidl_cmake-extras.cmake
[1.047s] -- Up-to-date: /home/linjiawei/load_mcap/install/deva_control_msgs/share/deva_control_msgs/cmake/ament_cmake_export_dependencies-extras.cmake
[1.047s] -- Up-to-date: /home/linjiawei/load_mcap/install/deva_control_msgs/share/deva_control_msgs/cmake/ament_cmake_export_include_directories-extras.cmake
[1.047s] -- Up-to-date: /home/linjiawei/load_mcap/install/deva_control_msgs/share/deva_control_msgs/cmake/ament_cmake_export_libraries-extras.cmake
[1.047s] -- Up-to-date: /home/linjiawei/load_mcap/install/deva_control_msgs/share/deva_control_msgs/cmake/ament_cmake_export_targets-extras.cmake
[1.047s] -- Up-to-date: /home/linjiawei/load_mcap/install/deva_control_msgs/share/deva_control_msgs/cmake/rosidl_cmake_export_typesupport_targets-extras.cmake
[1.047s] -- Up-to-date: /home/linjiawei/load_mcap/install/deva_control_msgs/share/deva_control_msgs/cmake/rosidl_cmake_export_typesupport_libraries-extras.cmake
[1.047s] -- Up-to-date: /home/linjiawei/load_mcap/install/deva_control_msgs/share/deva_control_msgs/cmake/deva_control_msgsConfig.cmake
[1.048s] -- Up-to-date: /home/linjiawei/load_mcap/install/deva_control_msgs/share/deva_control_msgs/cmake/deva_control_msgsConfig-version.cmake
[1.048s] -- Up-to-date: /home/linjiawei/load_mcap/install/deva_control_msgs/share/deva_control_msgs/package.xml
[1.092s] Invoked command in '/home/linjiawei/load_mcap/build/deva_control_msgs' returned '0': AMENT_PREFIX_PATH=/home/linjiawei/load_mcap/install/deva_planning_msgs2:/home/linjiawei/load_mcap/install/deva_map_msgs:/home/linjiawei/load_mcap/install/deva_perception_msgs:/home/linjiawei/load_mcap/install/deva_localization_msgs:/home/linjiawei/load_mcap/install/deva_common_msgs:${AMENT_PREFIX_PATH} CMAKE_PREFIX_PATH=/home/linjiawei/load_mcap/install/deva_planning_msgs2:/home/linjiawei/load_mcap/install/deva_map_msgs:/home/linjiawei/load_mcap/install/deva_perception_msgs:/home/linjiawei/load_mcap/install/deva_localization_msgs:/home/linjiawei/load_mcap/install/deva_common_msgs:/opt/ros/humble LD_LIBRARY_PATH=/home/linjiawei/load_mcap/install/deva_planning_msgs2/lib:/home/linjiawei/load_mcap/install/deva_map_msgs/lib:/home/linjiawei/load_mcap/install/deva_perception_msgs/lib:/home/linjiawei/load_mcap/install/deva_localization_msgs/lib:/home/linjiawei/load_mcap/install/deva_common_msgs/lib:${LD_LIBRARY_PATH} PYTHONPATH=/home/linjiawei/load_mcap/install/deva_planning_msgs2/local/lib/python3.10/dist-packages:/home/linjiawei/load_mcap/install/deva_map_msgs/local/lib/python3.10/dist-packages:/home/linjiawei/load_mcap/install/deva_perception_msgs/local/lib/python3.10/dist-packages:/home/linjiawei/load_mcap/install/deva_localization_msgs/local/lib/python3.10/dist-packages:/home/linjiawei/load_mcap/install/deva_common_msgs/local/lib/python3.10/dist-packages:${PYTHONPATH} /usr/bin/cmake --install /home/linjiawei/load_mcap/build/deva_control_msgs
