[0.035s] Invoking command in '/home/linjiawei/load_mcap/build/deva_common_msgs': CMAKE_PREFIX_PATH=${CMAKE_PREFIX_PATH}:/opt/ros/humble /usr/bin/cmake --build /home/linjiawei/load_mcap/build/deva_common_msgs -- -j17 -l17
[0.103s] [  0%] Built target deva_common_msgs__cpp
[0.103s] [ 12%] Built target deva_common_msgs__rosidl_generator_c
[0.119s] [ 12%] Built target ament_cmake_python_copy_deva_common_msgs
[0.139s] [ 24%] Built target deva_common_msgs__rosidl_typesupport_cpp
[0.159s] [ 36%] Built target deva_common_msgs__rosidl_typesupport_fastrtps_cpp
[0.168s] [ 48%] Built target deva_common_msgs__rosidl_typesupport_introspection_cpp
[0.175s] [ 60%] Built target deva_common_msgs__rosidl_typesupport_c
[0.186s] [ 72%] Built target deva_common_msgs__rosidl_typesupport_introspection_c
[0.194s] [ 84%] Built target deva_common_msgs__rosidl_typesupport_fastrtps_c
[0.220s] [ 84%] Built target deva_common_msgs
[0.251s] [ 85%] Built target deva_common_msgs__py
[0.280s] [ 96%] Built target deva_common_msgs__rosidl_generator_py
[0.309s] [ 97%] Built target deva_common_msgs__rosidl_typesupport_fastrtps_c__pyext
[0.309s] [ 98%] Built target deva_common_msgs__rosidl_typesupport_c__pyext
[0.309s] [100%] Built target deva_common_msgs__rosidl_typesupport_introspection_c__pyext
[0.426s] running egg_info
[0.427s] writing deva_common_msgs.egg-info/PKG-INFO
[0.427s] writing dependency_links to deva_common_msgs.egg-info/dependency_links.txt
[0.428s] writing top-level names to deva_common_msgs.egg-info/top_level.txt
[0.431s] reading manifest file 'deva_common_msgs.egg-info/SOURCES.txt'
[0.432s] writing manifest file 'deva_common_msgs.egg-info/SOURCES.txt'
[0.461s] [100%] Built target ament_cmake_python_build_deva_common_msgs_egg
