[0.014s] Invoking command in '/home/linjiawei/load_mcap/build/deva_map_msgs': AMENT_PREFIX_PATH=/home/linjiawei/load_mcap/install/deva_perception_msgs:/home/linjiawei/load_mcap/install/deva_localization_msgs:/home/linjiawei/load_mcap/install/deva_common_msgs:${AMENT_PREFIX_PATH} CMAKE_PREFIX_PATH=/home/linjiawei/load_mcap/install/deva_perception_msgs:/home/linjiawei/load_mcap/install/deva_localization_msgs:/home/linjiawei/load_mcap/install/deva_common_msgs:/opt/ros/humble LD_LIBRARY_PATH=/home/linjiawei/load_mcap/install/deva_perception_msgs/lib:/home/linjiawei/load_mcap/install/deva_localization_msgs/lib:/home/linjiawei/load_mcap/install/deva_common_msgs/lib:${LD_LIBRARY_PATH} PYTHONPATH=/home/linjiawei/load_mcap/install/deva_perception_msgs/local/lib/python3.10/dist-packages:/home/linjiawei/load_mcap/install/deva_localization_msgs/local/lib/python3.10/dist-packages:/home/linjiawei/load_mcap/install/deva_common_msgs/local/lib/python3.10/dist-packages:${PYTHONPATH} /usr/bin/cmake --build /home/linjiawei/load_mcap/build/deva_map_msgs -- -j17 -l17
[0.074s] [  0%] Built target deva_map_msgs__cpp
[0.080s] [ 13%] Built target deva_map_msgs__rosidl_generator_c
[0.083s] [ 13%] Built target ament_cmake_python_copy_deva_map_msgs
[0.105s] [ 25%] Built target deva_map_msgs__rosidl_typesupport_cpp
[0.106s] [ 37%] Built target deva_map_msgs__rosidl_typesupport_c
[0.107s] [ 50%] Built target deva_map_msgs__rosidl_typesupport_introspection_cpp
[0.109s] [ 62%] Built target deva_map_msgs__rosidl_typesupport_fastrtps_cpp
[0.110s] [ 74%] Built target deva_map_msgs__rosidl_typesupport_introspection_c
[0.114s] [ 86%] Built target deva_map_msgs__rosidl_typesupport_fastrtps_c
[0.134s] [ 86%] Built target deva_map_msgs
[0.155s] [ 86%] Built target deva_map_msgs__py
[0.185s] [ 97%] Built target deva_map_msgs__rosidl_generator_py
[0.207s] [ 98%] Built target deva_map_msgs__rosidl_typesupport_fastrtps_c__pyext
[0.207s] [100%] Built target deva_map_msgs__rosidl_typesupport_c__pyext
[0.207s] [100%] Built target deva_map_msgs__rosidl_typesupport_introspection_c__pyext
[0.332s] running egg_info
[0.333s] writing deva_map_msgs.egg-info/PKG-INFO
[0.333s] writing dependency_links to deva_map_msgs.egg-info/dependency_links.txt
[0.333s] writing top-level names to deva_map_msgs.egg-info/top_level.txt
[0.337s] reading manifest file 'deva_map_msgs.egg-info/SOURCES.txt'
[0.338s] writing manifest file 'deva_map_msgs.egg-info/SOURCES.txt'
[0.367s] [100%] Built target ament_cmake_python_build_deva_map_msgs_egg
[0.378s] Invoked command in '/home/linjiawei/load_mcap/build/deva_map_msgs' returned '0': AMENT_PREFIX_PATH=/home/linjiawei/load_mcap/install/deva_perception_msgs:/home/linjiawei/load_mcap/install/deva_localization_msgs:/home/linjiawei/load_mcap/install/deva_common_msgs:${AMENT_PREFIX_PATH} CMAKE_PREFIX_PATH=/home/linjiawei/load_mcap/install/deva_perception_msgs:/home/linjiawei/load_mcap/install/deva_localization_msgs:/home/linjiawei/load_mcap/install/deva_common_msgs:/opt/ros/humble LD_LIBRARY_PATH=/home/linjiawei/load_mcap/install/deva_perception_msgs/lib:/home/linjiawei/load_mcap/install/deva_localization_msgs/lib:/home/linjiawei/load_mcap/install/deva_common_msgs/lib:${LD_LIBRARY_PATH} PYTHONPATH=/home/linjiawei/load_mcap/install/deva_perception_msgs/local/lib/python3.10/dist-packages:/home/linjiawei/load_mcap/install/deva_localization_msgs/local/lib/python3.10/dist-packages:/home/linjiawei/load_mcap/install/deva_common_msgs/local/lib/python3.10/dist-packages:${PYTHONPATH} /usr/bin/cmake --build /home/linjiawei/load_mcap/build/deva_map_msgs -- -j17 -l17
[0.381s] Invoking command in '/home/linjiawei/load_mcap/build/deva_map_msgs': AMENT_PREFIX_PATH=/home/linjiawei/load_mcap/install/deva_perception_msgs:/home/linjiawei/load_mcap/install/deva_localization_msgs:/home/linjiawei/load_mcap/install/deva_common_msgs:${AMENT_PREFIX_PATH} CMAKE_PREFIX_PATH=/home/linjiawei/load_mcap/install/deva_perception_msgs:/home/linjiawei/load_mcap/install/deva_localization_msgs:/home/linjiawei/load_mcap/install/deva_common_msgs:/opt/ros/humble LD_LIBRARY_PATH=/home/linjiawei/load_mcap/install/deva_perception_msgs/lib:/home/linjiawei/load_mcap/install/deva_localization_msgs/lib:/home/linjiawei/load_mcap/install/deva_common_msgs/lib:${LD_LIBRARY_PATH} PYTHONPATH=/home/linjiawei/load_mcap/install/deva_perception_msgs/local/lib/python3.10/dist-packages:/home/linjiawei/load_mcap/install/deva_localization_msgs/local/lib/python3.10/dist-packages:/home/linjiawei/load_mcap/install/deva_common_msgs/local/lib/python3.10/dist-packages:${PYTHONPATH} /usr/bin/cmake --install /home/linjiawei/load_mcap/build/deva_map_msgs
[0.388s] -- Install configuration: ""
[0.388s] -- Up-to-date: /home/linjiawei/load_mcap/install/deva_map_msgs/share/ament_index/resource_index/rosidl_interfaces/deva_map_msgs
[0.388s] -- Up-to-date: /home/linjiawei/load_mcap/install/deva_map_msgs/include/deva_map_msgs/deva_map_msgs
[0.388s] -- Up-to-date: /home/linjiawei/load_mcap/install/deva_map_msgs/include/deva_map_msgs/deva_map_msgs/msg
[0.388s] -- Up-to-date: /home/linjiawei/load_mcap/install/deva_map_msgs/include/deva_map_msgs/deva_map_msgs/msg/rosidl_generator_c__visibility_control.h
[0.388s] -- Up-to-date: /home/linjiawei/load_mcap/install/deva_map_msgs/include/deva_map_msgs/deva_map_msgs/msg/avp_boundary.h
[0.389s] -- Up-to-date: /home/linjiawei/load_mcap/install/deva_map_msgs/include/deva_map_msgs/deva_map_msgs/msg/detail
[0.389s] -- Up-to-date: /home/linjiawei/load_mcap/install/deva_map_msgs/include/deva_map_msgs/deva_map_msgs/msg/detail/avp_boundary__functions.c
[0.389s] -- Up-to-date: /home/linjiawei/load_mcap/install/deva_map_msgs/include/deva_map_msgs/deva_map_msgs/msg/detail/avp_boundary__functions.h
[0.389s] -- Up-to-date: /home/linjiawei/load_mcap/install/deva_map_msgs/include/deva_map_msgs/deva_map_msgs/msg/detail/avp_boundary__struct.h
[0.389s] -- Up-to-date: /home/linjiawei/load_mcap/install/deva_map_msgs/include/deva_map_msgs/deva_map_msgs/msg/detail/avp_boundary__type_support.h
[0.389s] -- Up-to-date: /home/linjiawei/load_mcap/install/deva_map_msgs/include/deva_map_msgs/deva_map_msgs/msg/detail/avp_local_map__functions.c
[0.389s] -- Up-to-date: /home/linjiawei/load_mcap/install/deva_map_msgs/include/deva_map_msgs/deva_map_msgs/msg/detail/avp_local_map__functions.h
[0.389s] -- Up-to-date: /home/linjiawei/load_mcap/install/deva_map_msgs/include/deva_map_msgs/deva_map_msgs/msg/detail/avp_local_map__struct.h
[0.389s] -- Up-to-date: /home/linjiawei/load_mcap/install/deva_map_msgs/include/deva_map_msgs/deva_map_msgs/msg/detail/avp_local_map__type_support.h
[0.389s] -- Up-to-date: /home/linjiawei/load_mcap/install/deva_map_msgs/include/deva_map_msgs/deva_map_msgs/msg/detail/avp_sub_lane__functions.c
[0.389s] -- Up-to-date: /home/linjiawei/load_mcap/install/deva_map_msgs/include/deva_map_msgs/deva_map_msgs/msg/detail/avp_sub_lane__functions.h
[0.389s] -- Up-to-date: /home/linjiawei/load_mcap/install/deva_map_msgs/include/deva_map_msgs/deva_map_msgs/msg/detail/avp_sub_lane__struct.h
[0.389s] -- Up-to-date: /home/linjiawei/load_mcap/install/deva_map_msgs/include/deva_map_msgs/deva_map_msgs/msg/detail/avp_sub_lane__type_support.h
[0.390s] -- Up-to-date: /home/linjiawei/load_mcap/install/deva_map_msgs/include/deva_map_msgs/deva_map_msgs/msg/detail/avp_sub_map__functions.c
[0.390s] -- Up-to-date: /home/linjiawei/load_mcap/install/deva_map_msgs/include/deva_map_msgs/deva_map_msgs/msg/detail/avp_sub_map__functions.h
[0.390s] -- Up-to-date: /home/linjiawei/load_mcap/install/deva_map_msgs/include/deva_map_msgs/deva_map_msgs/msg/detail/avp_sub_map__struct.h
[0.390s] -- Up-to-date: /home/linjiawei/load_mcap/install/deva_map_msgs/include/deva_map_msgs/deva_map_msgs/msg/detail/avp_sub_map__type_support.h
[0.390s] -- Up-to-date: /home/linjiawei/load_mcap/install/deva_map_msgs/include/deva_map_msgs/deva_map_msgs/msg/detail/channel__functions.c
[0.390s] -- Up-to-date: /home/linjiawei/load_mcap/install/deva_map_msgs/include/deva_map_msgs/deva_map_msgs/msg/detail/channel__functions.h
[0.390s] -- Up-to-date: /home/linjiawei/load_mcap/install/deva_map_msgs/include/deva_map_msgs/deva_map_msgs/msg/detail/channel__struct.h
[0.390s] -- Up-to-date: /home/linjiawei/load_mcap/install/deva_map_msgs/include/deva_map_msgs/deva_map_msgs/msg/detail/channel__type_support.h
[0.391s] -- Up-to-date: /home/linjiawei/load_mcap/install/deva_map_msgs/include/deva_map_msgs/deva_map_msgs/msg/detail/channel_lane_info__functions.c
[0.391s] -- Up-to-date: /home/linjiawei/load_mcap/install/deva_map_msgs/include/deva_map_msgs/deva_map_msgs/msg/detail/channel_lane_info__functions.h
[0.391s] -- Up-to-date: /home/linjiawei/load_mcap/install/deva_map_msgs/include/deva_map_msgs/deva_map_msgs/msg/detail/channel_lane_info__struct.h
[0.391s] -- Up-to-date: /home/linjiawei/load_mcap/install/deva_map_msgs/include/deva_map_msgs/deva_map_msgs/msg/detail/channel_lane_info__type_support.h
[0.391s] -- Up-to-date: /home/linjiawei/load_mcap/install/deva_map_msgs/include/deva_map_msgs/deva_map_msgs/msg/detail/channel_lane_line__functions.c
[0.391s] -- Up-to-date: /home/linjiawei/load_mcap/install/deva_map_msgs/include/deva_map_msgs/deva_map_msgs/msg/detail/channel_lane_line__functions.h
[0.391s] -- Up-to-date: /home/linjiawei/load_mcap/install/deva_map_msgs/include/deva_map_msgs/deva_map_msgs/msg/detail/channel_lane_line__struct.h
[0.391s] -- Up-to-date: /home/linjiawei/load_mcap/install/deva_map_msgs/include/deva_map_msgs/deva_map_msgs/msg/detail/channel_lane_line__type_support.h
[0.391s] -- Up-to-date: /home/linjiawei/load_mcap/install/deva_map_msgs/include/deva_map_msgs/deva_map_msgs/msg/detail/channel_lane_marking__functions.c
[0.391s] -- Up-to-date: /home/linjiawei/load_mcap/install/deva_map_msgs/include/deva_map_msgs/deva_map_msgs/msg/detail/channel_lane_marking__functions.h
[0.391s] -- Up-to-date: /home/linjiawei/load_mcap/install/deva_map_msgs/include/deva_map_msgs/deva_map_msgs/msg/detail/channel_lane_marking__struct.h
[0.391s] -- Up-to-date: /home/linjiawei/load_mcap/install/deva_map_msgs/include/deva_map_msgs/deva_map_msgs/msg/detail/channel_lane_marking__type_support.h
[0.391s] -- Up-to-date: /home/linjiawei/load_mcap/install/deva_map_msgs/include/deva_map_msgs/deva_map_msgs/msg/detail/channel_lane_speed_limitation__functions.c
[0.391s] -- Up-to-date: /home/linjiawei/load_mcap/install/deva_map_msgs/include/deva_map_msgs/deva_map_msgs/msg/detail/channel_lane_speed_limitation__functions.h
[0.392s] -- Up-to-date: /home/linjiawei/load_mcap/install/deva_map_msgs/include/deva_map_msgs/deva_map_msgs/msg/detail/channel_lane_speed_limitation__struct.h
[0.392s] -- Up-to-date: /home/linjiawei/load_mcap/install/deva_map_msgs/include/deva_map_msgs/deva_map_msgs/msg/detail/channel_lane_speed_limitation__type_support.h
[0.392s] -- Up-to-date: /home/linjiawei/load_mcap/install/deva_map_msgs/include/deva_map_msgs/deva_map_msgs/msg/detail/channel_lane_type__functions.c
[0.392s] -- Up-to-date: /home/linjiawei/load_mcap/install/deva_map_msgs/include/deva_map_msgs/deva_map_msgs/msg/detail/channel_lane_type__functions.h
[0.392s] -- Up-to-date: /home/linjiawei/load_mcap/install/deva_map_msgs/include/deva_map_msgs/deva_map_msgs/msg/detail/channel_lane_type__struct.h
[0.392s] -- Up-to-date: /home/linjiawei/load_mcap/install/deva_map_msgs/include/deva_map_msgs/deva_map_msgs/msg/detail/channel_lane_type__type_support.h
[0.392s] -- Up-to-date: /home/linjiawei/load_mcap/install/deva_map_msgs/include/deva_map_msgs/deva_map_msgs/msg/detail/channel_marking_type__functions.c
[0.392s] -- Up-to-date: /home/linjiawei/load_mcap/install/deva_map_msgs/include/deva_map_msgs/deva_map_msgs/msg/detail/channel_marking_type__functions.h
[0.392s] -- Up-to-date: /home/linjiawei/load_mcap/install/deva_map_msgs/include/deva_map_msgs/deva_map_msgs/msg/detail/channel_marking_type__struct.h
[0.392s] -- Up-to-date: /home/linjiawei/load_mcap/install/deva_map_msgs/include/deva_map_msgs/deva_map_msgs/msg/detail/channel_marking_type__type_support.h
[0.392s] -- Up-to-date: /home/linjiawei/load_mcap/install/deva_map_msgs/include/deva_map_msgs/deva_map_msgs/msg/detail/channel_object_info__functions.c
[0.392s] -- Up-to-date: /home/linjiawei/load_mcap/install/deva_map_msgs/include/deva_map_msgs/deva_map_msgs/msg/detail/channel_object_info__functions.h
[0.392s] -- Up-to-date: /home/linjiawei/load_mcap/install/deva_map_msgs/include/deva_map_msgs/deva_map_msgs/msg/detail/channel_object_info__struct.h
[0.393s] -- Up-to-date: /home/linjiawei/load_mcap/install/deva_map_msgs/include/deva_map_msgs/deva_map_msgs/msg/detail/channel_object_info__type_support.h
[0.393s] -- Up-to-date: /home/linjiawei/load_mcap/install/deva_map_msgs/include/deva_map_msgs/deva_map_msgs/msg/detail/channel_signal_info__functions.c
[0.393s] -- Up-to-date: /home/linjiawei/load_mcap/install/deva_map_msgs/include/deva_map_msgs/deva_map_msgs/msg/detail/channel_signal_info__functions.h
[0.393s] -- Up-to-date: /home/linjiawei/load_mcap/install/deva_map_msgs/include/deva_map_msgs/deva_map_msgs/msg/detail/channel_signal_info__struct.h
[0.393s] -- Up-to-date: /home/linjiawei/load_mcap/install/deva_map_msgs/include/deva_map_msgs/deva_map_msgs/msg/detail/channel_signal_info__type_support.h
[0.393s] -- Up-to-date: /home/linjiawei/load_mcap/install/deva_map_msgs/include/deva_map_msgs/deva_map_msgs/msg/detail/channel_turn_type__functions.c
[0.393s] -- Up-to-date: /home/linjiawei/load_mcap/install/deva_map_msgs/include/deva_map_msgs/deva_map_msgs/msg/detail/channel_turn_type__functions.h
[0.393s] -- Up-to-date: /home/linjiawei/load_mcap/install/deva_map_msgs/include/deva_map_msgs/deva_map_msgs/msg/detail/channel_turn_type__struct.h
[0.393s] -- Up-to-date: /home/linjiawei/load_mcap/install/deva_map_msgs/include/deva_map_msgs/deva_map_msgs/msg/detail/channel_turn_type__type_support.h
[0.393s] -- Up-to-date: /home/linjiawei/load_mcap/install/deva_map_msgs/include/deva_map_msgs/deva_map_msgs/msg/detail/ego_trajectory__functions.c
[0.393s] -- Up-to-date: /home/linjiawei/load_mcap/install/deva_map_msgs/include/deva_map_msgs/deva_map_msgs/msg/detail/ego_trajectory__functions.h
[0.393s] -- Up-to-date: /home/linjiawei/load_mcap/install/deva_map_msgs/include/deva_map_msgs/deva_map_msgs/msg/detail/ego_trajectory__struct.h
[0.393s] -- Up-to-date: /home/linjiawei/load_mcap/install/deva_map_msgs/include/deva_map_msgs/deva_map_msgs/msg/detail/ego_trajectory__type_support.h
[0.394s] -- Up-to-date: /home/linjiawei/load_mcap/install/deva_map_msgs/include/deva_map_msgs/deva_map_msgs/msg/detail/ego_trajectory_point__functions.c
[0.394s] -- Up-to-date: /home/linjiawei/load_mcap/install/deva_map_msgs/include/deva_map_msgs/deva_map_msgs/msg/detail/ego_trajectory_point__functions.h
[0.394s] -- Up-to-date: /home/linjiawei/load_mcap/install/deva_map_msgs/include/deva_map_msgs/deva_map_msgs/msg/detail/ego_trajectory_point__struct.h
[0.394s] -- Up-to-date: /home/linjiawei/load_mcap/install/deva_map_msgs/include/deva_map_msgs/deva_map_msgs/msg/detail/ego_trajectory_point__type_support.h
[0.394s] -- Up-to-date: /home/linjiawei/load_mcap/install/deva_map_msgs/include/deva_map_msgs/deva_map_msgs/msg/detail/lane_waypoint__functions.c
[0.394s] -- Up-to-date: /home/linjiawei/load_mcap/install/deva_map_msgs/include/deva_map_msgs/deva_map_msgs/msg/detail/lane_waypoint__functions.h
[0.394s] -- Up-to-date: /home/linjiawei/load_mcap/install/deva_map_msgs/include/deva_map_msgs/deva_map_msgs/msg/detail/lane_waypoint__struct.h
[0.394s] -- Up-to-date: /home/linjiawei/load_mcap/install/deva_map_msgs/include/deva_map_msgs/deva_map_msgs/msg/detail/lane_waypoint__type_support.h
[0.394s] -- Up-to-date: /home/linjiawei/load_mcap/install/deva_map_msgs/include/deva_map_msgs/deva_map_msgs/msg/detail/local_map__functions.c
[0.394s] -- Up-to-date: /home/linjiawei/load_mcap/install/deva_map_msgs/include/deva_map_msgs/deva_map_msgs/msg/detail/local_map__functions.h
[0.394s] -- Up-to-date: /home/linjiawei/load_mcap/install/deva_map_msgs/include/deva_map_msgs/deva_map_msgs/msg/detail/local_map__struct.h
[0.394s] -- Up-to-date: /home/linjiawei/load_mcap/install/deva_map_msgs/include/deva_map_msgs/deva_map_msgs/msg/detail/local_map__type_support.h
[0.394s] -- Up-to-date: /home/linjiawei/load_mcap/install/deva_map_msgs/include/deva_map_msgs/deva_map_msgs/msg/detail/local_map_header__functions.c
[0.395s] -- Up-to-date: /home/linjiawei/load_mcap/install/deva_map_msgs/include/deva_map_msgs/deva_map_msgs/msg/detail/local_map_header__functions.h
[0.395s] -- Up-to-date: /home/linjiawei/load_mcap/install/deva_map_msgs/include/deva_map_msgs/deva_map_msgs/msg/detail/local_map_header__struct.h
[0.395s] -- Up-to-date: /home/linjiawei/load_mcap/install/deva_map_msgs/include/deva_map_msgs/deva_map_msgs/msg/detail/local_map_header__type_support.h
[0.395s] -- Up-to-date: /home/linjiawei/load_mcap/install/deva_map_msgs/include/deva_map_msgs/deva_map_msgs/msg/detail/obstacle_edge__functions.c
[0.395s] -- Up-to-date: /home/linjiawei/load_mcap/install/deva_map_msgs/include/deva_map_msgs/deva_map_msgs/msg/detail/obstacle_edge__functions.h
[0.395s] -- Up-to-date: /home/linjiawei/load_mcap/install/deva_map_msgs/include/deva_map_msgs/deva_map_msgs/msg/detail/obstacle_edge__struct.h
[0.395s] -- Up-to-date: /home/linjiawei/load_mcap/install/deva_map_msgs/include/deva_map_msgs/deva_map_msgs/msg/detail/obstacle_edge__type_support.h
[0.395s] -- Up-to-date: /home/linjiawei/load_mcap/install/deva_map_msgs/include/deva_map_msgs/deva_map_msgs/msg/detail/path_point__functions.c
[0.395s] -- Up-to-date: /home/linjiawei/load_mcap/install/deva_map_msgs/include/deva_map_msgs/deva_map_msgs/msg/detail/path_point__functions.h
[0.395s] -- Up-to-date: /home/linjiawei/load_mcap/install/deva_map_msgs/include/deva_map_msgs/deva_map_msgs/msg/detail/path_point__struct.h
[0.395s] -- Up-to-date: /home/linjiawei/load_mcap/install/deva_map_msgs/include/deva_map_msgs/deva_map_msgs/msg/detail/path_point__type_support.h
[0.395s] -- Up-to-date: /home/linjiawei/load_mcap/install/deva_map_msgs/include/deva_map_msgs/deva_map_msgs/msg/detail/reference_channal__functions.c
[0.395s] -- Up-to-date: /home/linjiawei/load_mcap/install/deva_map_msgs/include/deva_map_msgs/deva_map_msgs/msg/detail/reference_channal__functions.h
[0.395s] -- Up-to-date: /home/linjiawei/load_mcap/install/deva_map_msgs/include/deva_map_msgs/deva_map_msgs/msg/detail/reference_channal__struct.h
[0.396s] -- Up-to-date: /home/linjiawei/load_mcap/install/deva_map_msgs/include/deva_map_msgs/deva_map_msgs/msg/detail/reference_channal__type_support.h
[0.396s] -- Up-to-date: /home/linjiawei/load_mcap/install/deva_map_msgs/include/deva_map_msgs/deva_map_msgs/msg/detail/st_local_map__functions.c
[0.396s] -- Up-to-date: /home/linjiawei/load_mcap/install/deva_map_msgs/include/deva_map_msgs/deva_map_msgs/msg/detail/st_local_map__functions.h
[0.396s] -- Up-to-date: /home/linjiawei/load_mcap/install/deva_map_msgs/include/deva_map_msgs/deva_map_msgs/msg/detail/st_local_map__struct.h
[0.396s] -- Up-to-date: /home/linjiawei/load_mcap/install/deva_map_msgs/include/deva_map_msgs/deva_map_msgs/msg/detail/st_local_map__type_support.h
[0.396s] -- Up-to-date: /home/linjiawei/load_mcap/install/deva_map_msgs/include/deva_map_msgs/deva_map_msgs/msg/detail/traffic_light__functions.c
[0.396s] -- Up-to-date: /home/linjiawei/load_mcap/install/deva_map_msgs/include/deva_map_msgs/deva_map_msgs/msg/detail/traffic_light__functions.h
[0.396s] -- Up-to-date: /home/linjiawei/load_mcap/install/deva_map_msgs/include/deva_map_msgs/deva_map_msgs/msg/detail/traffic_light__struct.h
[0.396s] -- Up-to-date: /home/linjiawei/load_mcap/install/deva_map_msgs/include/deva_map_msgs/deva_map_msgs/msg/detail/traffic_light__type_support.h
[0.396s] -- Up-to-date: /home/linjiawei/load_mcap/install/deva_map_msgs/include/deva_map_msgs/deva_map_msgs/msg/avp_local_map.h
[0.396s] -- Up-to-date: /home/linjiawei/load_mcap/install/deva_map_msgs/include/deva_map_msgs/deva_map_msgs/msg/avp_sub_lane.h
[0.396s] -- Up-to-date: /home/linjiawei/load_mcap/install/deva_map_msgs/include/deva_map_msgs/deva_map_msgs/msg/avp_sub_map.h
[0.396s] -- Up-to-date: /home/linjiawei/load_mcap/install/deva_map_msgs/include/deva_map_msgs/deva_map_msgs/msg/channel.h
[0.397s] -- Up-to-date: /home/linjiawei/load_mcap/install/deva_map_msgs/include/deva_map_msgs/deva_map_msgs/msg/channel_lane_info.h
[0.397s] -- Up-to-date: /home/linjiawei/load_mcap/install/deva_map_msgs/include/deva_map_msgs/deva_map_msgs/msg/channel_lane_line.h
[0.397s] -- Up-to-date: /home/linjiawei/load_mcap/install/deva_map_msgs/include/deva_map_msgs/deva_map_msgs/msg/channel_lane_marking.h
[0.397s] -- Up-to-date: /home/linjiawei/load_mcap/install/deva_map_msgs/include/deva_map_msgs/deva_map_msgs/msg/channel_lane_speed_limitation.h
[0.397s] -- Up-to-date: /home/linjiawei/load_mcap/install/deva_map_msgs/include/deva_map_msgs/deva_map_msgs/msg/channel_lane_type.h
[0.397s] -- Up-to-date: /home/linjiawei/load_mcap/install/deva_map_msgs/include/deva_map_msgs/deva_map_msgs/msg/channel_marking_type.h
[0.397s] -- Up-to-date: /home/linjiawei/load_mcap/install/deva_map_msgs/include/deva_map_msgs/deva_map_msgs/msg/channel_object_info.h
[0.397s] -- Up-to-date: /home/linjiawei/load_mcap/install/deva_map_msgs/include/deva_map_msgs/deva_map_msgs/msg/channel_signal_info.h
[0.397s] -- Up-to-date: /home/linjiawei/load_mcap/install/deva_map_msgs/include/deva_map_msgs/deva_map_msgs/msg/channel_turn_type.h
[0.397s] -- Up-to-date: /home/linjiawei/load_mcap/install/deva_map_msgs/include/deva_map_msgs/deva_map_msgs/msg/ego_trajectory.h
[0.397s] -- Up-to-date: /home/linjiawei/load_mcap/install/deva_map_msgs/include/deva_map_msgs/deva_map_msgs/msg/ego_trajectory_point.h
[0.397s] -- Up-to-date: /home/linjiawei/load_mcap/install/deva_map_msgs/include/deva_map_msgs/deva_map_msgs/msg/lane_waypoint.h
[0.397s] -- Up-to-date: /home/linjiawei/load_mcap/install/deva_map_msgs/include/deva_map_msgs/deva_map_msgs/msg/local_map.h
[0.397s] -- Up-to-date: /home/linjiawei/load_mcap/install/deva_map_msgs/include/deva_map_msgs/deva_map_msgs/msg/local_map_header.h
[0.398s] -- Up-to-date: /home/linjiawei/load_mcap/install/deva_map_msgs/include/deva_map_msgs/deva_map_msgs/msg/obstacle_edge.h
[0.398s] -- Up-to-date: /home/linjiawei/load_mcap/install/deva_map_msgs/include/deva_map_msgs/deva_map_msgs/msg/path_point.h
[0.398s] -- Up-to-date: /home/linjiawei/load_mcap/install/deva_map_msgs/include/deva_map_msgs/deva_map_msgs/msg/reference_channal.h
[0.398s] -- Up-to-date: /home/linjiawei/load_mcap/install/deva_map_msgs/include/deva_map_msgs/deva_map_msgs/msg/st_local_map.h
[0.398s] -- Up-to-date: /home/linjiawei/load_mcap/install/deva_map_msgs/include/deva_map_msgs/deva_map_msgs/msg/traffic_light.h
[0.398s] -- Up-to-date: /home/linjiawei/load_mcap/install/deva_map_msgs/share/deva_map_msgs/environment/library_path.sh
[0.398s] -- Up-to-date: /home/linjiawei/load_mcap/install/deva_map_msgs/share/deva_map_msgs/environment/library_path.dsv
[0.398s] -- Up-to-date: /home/linjiawei/load_mcap/install/deva_map_msgs/lib/libdeva_map_msgs__rosidl_generator_c.so
[0.398s] -- Up-to-date: /home/linjiawei/load_mcap/install/deva_map_msgs/include/deva_map_msgs/deva_map_msgs
[0.398s] -- Up-to-date: /home/linjiawei/load_mcap/install/deva_map_msgs/include/deva_map_msgs/deva_map_msgs/msg
[0.398s] -- Up-to-date: /home/linjiawei/load_mcap/install/deva_map_msgs/include/deva_map_msgs/deva_map_msgs/msg/rosidl_typesupport_fastrtps_c__visibility_control.h
[0.398s] -- Up-to-date: /home/linjiawei/load_mcap/install/deva_map_msgs/include/deva_map_msgs/deva_map_msgs/msg/detail
[0.399s] -- Up-to-date: /home/linjiawei/load_mcap/install/deva_map_msgs/include/deva_map_msgs/deva_map_msgs/msg/detail/avp_boundary__rosidl_typesupport_fastrtps_c.h
[0.399s] -- Up-to-date: /home/linjiawei/load_mcap/install/deva_map_msgs/include/deva_map_msgs/deva_map_msgs/msg/detail/avp_local_map__rosidl_typesupport_fastrtps_c.h
[0.399s] -- Up-to-date: /home/linjiawei/load_mcap/install/deva_map_msgs/include/deva_map_msgs/deva_map_msgs/msg/detail/avp_sub_lane__rosidl_typesupport_fastrtps_c.h
[0.399s] -- Up-to-date: /home/linjiawei/load_mcap/install/deva_map_msgs/include/deva_map_msgs/deva_map_msgs/msg/detail/avp_sub_map__rosidl_typesupport_fastrtps_c.h
[0.399s] -- Up-to-date: /home/linjiawei/load_mcap/install/deva_map_msgs/include/deva_map_msgs/deva_map_msgs/msg/detail/channel__rosidl_typesupport_fastrtps_c.h
[0.399s] -- Up-to-date: /home/linjiawei/load_mcap/install/deva_map_msgs/include/deva_map_msgs/deva_map_msgs/msg/detail/channel_lane_info__rosidl_typesupport_fastrtps_c.h
[0.399s] -- Up-to-date: /home/linjiawei/load_mcap/install/deva_map_msgs/include/deva_map_msgs/deva_map_msgs/msg/detail/channel_lane_line__rosidl_typesupport_fastrtps_c.h
[0.399s] -- Up-to-date: /home/linjiawei/load_mcap/install/deva_map_msgs/include/deva_map_msgs/deva_map_msgs/msg/detail/channel_lane_marking__rosidl_typesupport_fastrtps_c.h
[0.399s] -- Up-to-date: /home/linjiawei/load_mcap/install/deva_map_msgs/include/deva_map_msgs/deva_map_msgs/msg/detail/channel_lane_speed_limitation__rosidl_typesupport_fastrtps_c.h
[0.399s] -- Up-to-date: /home/linjiawei/load_mcap/install/deva_map_msgs/include/deva_map_msgs/deva_map_msgs/msg/detail/channel_lane_type__rosidl_typesupport_fastrtps_c.h
[0.399s] -- Up-to-date: /home/linjiawei/load_mcap/install/deva_map_msgs/include/deva_map_msgs/deva_map_msgs/msg/detail/channel_marking_type__rosidl_typesupport_fastrtps_c.h
[0.399s] -- Up-to-date: /home/linjiawei/load_mcap/install/deva_map_msgs/include/deva_map_msgs/deva_map_msgs/msg/detail/channel_object_info__rosidl_typesupport_fastrtps_c.h
[0.399s] -- Up-to-date: /home/linjiawei/load_mcap/install/deva_map_msgs/include/deva_map_msgs/deva_map_msgs/msg/detail/channel_signal_info__rosidl_typesupport_fastrtps_c.h
[0.400s] -- Up-to-date: /home/linjiawei/load_mcap/install/deva_map_msgs/include/deva_map_msgs/deva_map_msgs/msg/detail/channel_turn_type__rosidl_typesupport_fastrtps_c.h
[0.400s] -- Up-to-date: /home/linjiawei/load_mcap/install/deva_map_msgs/include/deva_map_msgs/deva_map_msgs/msg/detail/ego_trajectory__rosidl_typesupport_fastrtps_c.h
[0.400s] -- Up-to-date: /home/linjiawei/load_mcap/install/deva_map_msgs/include/deva_map_msgs/deva_map_msgs/msg/detail/ego_trajectory_point__rosidl_typesupport_fastrtps_c.h
[0.400s] -- Up-to-date: /home/linjiawei/load_mcap/install/deva_map_msgs/include/deva_map_msgs/deva_map_msgs/msg/detail/lane_waypoint__rosidl_typesupport_fastrtps_c.h
[0.400s] -- Up-to-date: /home/linjiawei/load_mcap/install/deva_map_msgs/include/deva_map_msgs/deva_map_msgs/msg/detail/local_map__rosidl_typesupport_fastrtps_c.h
[0.400s] -- Up-to-date: /home/linjiawei/load_mcap/install/deva_map_msgs/include/deva_map_msgs/deva_map_msgs/msg/detail/local_map_header__rosidl_typesupport_fastrtps_c.h
[0.400s] -- Up-to-date: /home/linjiawei/load_mcap/install/deva_map_msgs/include/deva_map_msgs/deva_map_msgs/msg/detail/obstacle_edge__rosidl_typesupport_fastrtps_c.h
[0.400s] -- Up-to-date: /home/linjiawei/load_mcap/install/deva_map_msgs/include/deva_map_msgs/deva_map_msgs/msg/detail/path_point__rosidl_typesupport_fastrtps_c.h
[0.400s] -- Up-to-date: /home/linjiawei/load_mcap/install/deva_map_msgs/include/deva_map_msgs/deva_map_msgs/msg/detail/reference_channal__rosidl_typesupport_fastrtps_c.h
[0.400s] -- Up-to-date: /home/linjiawei/load_mcap/install/deva_map_msgs/include/deva_map_msgs/deva_map_msgs/msg/detail/st_local_map__rosidl_typesupport_fastrtps_c.h
[0.401s] -- Up-to-date: /home/linjiawei/load_mcap/install/deva_map_msgs/include/deva_map_msgs/deva_map_msgs/msg/detail/traffic_light__rosidl_typesupport_fastrtps_c.h
[0.401s] -- Up-to-date: /home/linjiawei/load_mcap/install/deva_map_msgs/lib/libdeva_map_msgs__rosidl_typesupport_fastrtps_c.so
[0.401s] -- Up-to-date: /home/linjiawei/load_mcap/install/deva_map_msgs/include/deva_map_msgs/deva_map_msgs
[0.401s] -- Up-to-date: /home/linjiawei/load_mcap/install/deva_map_msgs/include/deva_map_msgs/deva_map_msgs/msg
[0.401s] -- Up-to-date: /home/linjiawei/load_mcap/install/deva_map_msgs/include/deva_map_msgs/deva_map_msgs/msg/rosidl_typesupport_introspection_c__visibility_control.h
[0.401s] -- Up-to-date: /home/linjiawei/load_mcap/install/deva_map_msgs/include/deva_map_msgs/deva_map_msgs/msg/detail
[0.401s] -- Up-to-date: /home/linjiawei/load_mcap/install/deva_map_msgs/include/deva_map_msgs/deva_map_msgs/msg/detail/avp_boundary__rosidl_typesupport_introspection_c.h
[0.401s] -- Up-to-date: /home/linjiawei/load_mcap/install/deva_map_msgs/include/deva_map_msgs/deva_map_msgs/msg/detail/avp_boundary__type_support.c
[0.401s] -- Up-to-date: /home/linjiawei/load_mcap/install/deva_map_msgs/include/deva_map_msgs/deva_map_msgs/msg/detail/avp_local_map__rosidl_typesupport_introspection_c.h
[0.401s] -- Up-to-date: /home/linjiawei/load_mcap/install/deva_map_msgs/include/deva_map_msgs/deva_map_msgs/msg/detail/avp_local_map__type_support.c
[0.401s] -- Up-to-date: /home/linjiawei/load_mcap/install/deva_map_msgs/include/deva_map_msgs/deva_map_msgs/msg/detail/avp_sub_lane__rosidl_typesupport_introspection_c.h
[0.401s] -- Up-to-date: /home/linjiawei/load_mcap/install/deva_map_msgs/include/deva_map_msgs/deva_map_msgs/msg/detail/avp_sub_lane__type_support.c
[0.401s] -- Up-to-date: /home/linjiawei/load_mcap/install/deva_map_msgs/include/deva_map_msgs/deva_map_msgs/msg/detail/avp_sub_map__rosidl_typesupport_introspection_c.h
[0.401s] -- Up-to-date: /home/linjiawei/load_mcap/install/deva_map_msgs/include/deva_map_msgs/deva_map_msgs/msg/detail/avp_sub_map__type_support.c
[0.402s] -- Up-to-date: /home/linjiawei/load_mcap/install/deva_map_msgs/include/deva_map_msgs/deva_map_msgs/msg/detail/channel__rosidl_typesupport_introspection_c.h
[0.402s] -- Up-to-date: /home/linjiawei/load_mcap/install/deva_map_msgs/include/deva_map_msgs/deva_map_msgs/msg/detail/channel__type_support.c
[0.402s] -- Up-to-date: /home/linjiawei/load_mcap/install/deva_map_msgs/include/deva_map_msgs/deva_map_msgs/msg/detail/channel_lane_info__rosidl_typesupport_introspection_c.h
[0.402s] -- Up-to-date: /home/linjiawei/load_mcap/install/deva_map_msgs/include/deva_map_msgs/deva_map_msgs/msg/detail/channel_lane_info__type_support.c
[0.402s] -- Up-to-date: /home/linjiawei/load_mcap/install/deva_map_msgs/include/deva_map_msgs/deva_map_msgs/msg/detail/channel_lane_line__rosidl_typesupport_introspection_c.h
[0.402s] -- Up-to-date: /home/linjiawei/load_mcap/install/deva_map_msgs/include/deva_map_msgs/deva_map_msgs/msg/detail/channel_lane_line__type_support.c
[0.402s] -- Up-to-date: /home/linjiawei/load_mcap/install/deva_map_msgs/include/deva_map_msgs/deva_map_msgs/msg/detail/channel_lane_marking__rosidl_typesupport_introspection_c.h
[0.402s] -- Up-to-date: /home/linjiawei/load_mcap/install/deva_map_msgs/include/deva_map_msgs/deva_map_msgs/msg/detail/channel_lane_marking__type_support.c
[0.402s] -- Up-to-date: /home/linjiawei/load_mcap/install/deva_map_msgs/include/deva_map_msgs/deva_map_msgs/msg/detail/channel_lane_speed_limitation__rosidl_typesupport_introspection_c.h
[0.402s] -- Up-to-date: /home/linjiawei/load_mcap/install/deva_map_msgs/include/deva_map_msgs/deva_map_msgs/msg/detail/channel_lane_speed_limitation__type_support.c
[0.402s] -- Up-to-date: /home/linjiawei/load_mcap/install/deva_map_msgs/include/deva_map_msgs/deva_map_msgs/msg/detail/channel_lane_type__rosidl_typesupport_introspection_c.h
[0.402s] -- Up-to-date: /home/linjiawei/load_mcap/install/deva_map_msgs/include/deva_map_msgs/deva_map_msgs/msg/detail/channel_lane_type__type_support.c
[0.403s] -- Up-to-date: /home/linjiawei/load_mcap/install/deva_map_msgs/include/deva_map_msgs/deva_map_msgs/msg/detail/channel_marking_type__rosidl_typesupport_introspection_c.h
[0.403s] -- Up-to-date: /home/linjiawei/load_mcap/install/deva_map_msgs/include/deva_map_msgs/deva_map_msgs/msg/detail/channel_marking_type__type_support.c
[0.403s] -- Up-to-date: /home/linjiawei/load_mcap/install/deva_map_msgs/include/deva_map_msgs/deva_map_msgs/msg/detail/channel_object_info__rosidl_typesupport_introspection_c.h
[0.403s] -- Up-to-date: /home/linjiawei/load_mcap/install/deva_map_msgs/include/deva_map_msgs/deva_map_msgs/msg/detail/channel_object_info__type_support.c
[0.403s] -- Up-to-date: /home/linjiawei/load_mcap/install/deva_map_msgs/include/deva_map_msgs/deva_map_msgs/msg/detail/channel_signal_info__rosidl_typesupport_introspection_c.h
[0.403s] -- Up-to-date: /home/linjiawei/load_mcap/install/deva_map_msgs/include/deva_map_msgs/deva_map_msgs/msg/detail/channel_signal_info__type_support.c
[0.403s] -- Up-to-date: /home/linjiawei/load_mcap/install/deva_map_msgs/include/deva_map_msgs/deva_map_msgs/msg/detail/channel_turn_type__rosidl_typesupport_introspection_c.h
[0.403s] -- Up-to-date: /home/linjiawei/load_mcap/install/deva_map_msgs/include/deva_map_msgs/deva_map_msgs/msg/detail/channel_turn_type__type_support.c
[0.403s] -- Up-to-date: /home/linjiawei/load_mcap/install/deva_map_msgs/include/deva_map_msgs/deva_map_msgs/msg/detail/ego_trajectory__rosidl_typesupport_introspection_c.h
[0.403s] -- Up-to-date: /home/linjiawei/load_mcap/install/deva_map_msgs/include/deva_map_msgs/deva_map_msgs/msg/detail/ego_trajectory__type_support.c
[0.403s] -- Up-to-date: /home/linjiawei/load_mcap/install/deva_map_msgs/include/deva_map_msgs/deva_map_msgs/msg/detail/ego_trajectory_point__rosidl_typesupport_introspection_c.h
[0.403s] -- Up-to-date: /home/linjiawei/load_mcap/install/deva_map_msgs/include/deva_map_msgs/deva_map_msgs/msg/detail/ego_trajectory_point__type_support.c
[0.403s] -- Up-to-date: /home/linjiawei/load_mcap/install/deva_map_msgs/include/deva_map_msgs/deva_map_msgs/msg/detail/lane_waypoint__rosidl_typesupport_introspection_c.h
[0.403s] -- Up-to-date: /home/linjiawei/load_mcap/install/deva_map_msgs/include/deva_map_msgs/deva_map_msgs/msg/detail/lane_waypoint__type_support.c
[0.404s] -- Up-to-date: /home/linjiawei/load_mcap/install/deva_map_msgs/include/deva_map_msgs/deva_map_msgs/msg/detail/local_map__rosidl_typesupport_introspection_c.h
[0.404s] -- Up-to-date: /home/linjiawei/load_mcap/install/deva_map_msgs/include/deva_map_msgs/deva_map_msgs/msg/detail/local_map__type_support.c
[0.404s] -- Up-to-date: /home/linjiawei/load_mcap/install/deva_map_msgs/include/deva_map_msgs/deva_map_msgs/msg/detail/local_map_header__rosidl_typesupport_introspection_c.h
[0.404s] -- Up-to-date: /home/linjiawei/load_mcap/install/deva_map_msgs/include/deva_map_msgs/deva_map_msgs/msg/detail/local_map_header__type_support.c
[0.404s] -- Up-to-date: /home/linjiawei/load_mcap/install/deva_map_msgs/include/deva_map_msgs/deva_map_msgs/msg/detail/obstacle_edge__rosidl_typesupport_introspection_c.h
[0.404s] -- Up-to-date: /home/linjiawei/load_mcap/install/deva_map_msgs/include/deva_map_msgs/deva_map_msgs/msg/detail/obstacle_edge__type_support.c
[0.404s] -- Up-to-date: /home/linjiawei/load_mcap/install/deva_map_msgs/include/deva_map_msgs/deva_map_msgs/msg/detail/path_point__rosidl_typesupport_introspection_c.h
[0.404s] -- Up-to-date: /home/linjiawei/load_mcap/install/deva_map_msgs/include/deva_map_msgs/deva_map_msgs/msg/detail/path_point__type_support.c
[0.404s] -- Up-to-date: /home/linjiawei/load_mcap/install/deva_map_msgs/include/deva_map_msgs/deva_map_msgs/msg/detail/reference_channal__rosidl_typesupport_introspection_c.h
[0.404s] -- Up-to-date: /home/linjiawei/load_mcap/install/deva_map_msgs/include/deva_map_msgs/deva_map_msgs/msg/detail/reference_channal__type_support.c
[0.404s] -- Up-to-date: /home/linjiawei/load_mcap/install/deva_map_msgs/include/deva_map_msgs/deva_map_msgs/msg/detail/st_local_map__rosidl_typesupport_introspection_c.h
[0.404s] -- Up-to-date: /home/linjiawei/load_mcap/install/deva_map_msgs/include/deva_map_msgs/deva_map_msgs/msg/detail/st_local_map__type_support.c
[0.405s] -- Up-to-date: /home/linjiawei/load_mcap/install/deva_map_msgs/include/deva_map_msgs/deva_map_msgs/msg/detail/traffic_light__rosidl_typesupport_introspection_c.h
[0.405s] -- Up-to-date: /home/linjiawei/load_mcap/install/deva_map_msgs/include/deva_map_msgs/deva_map_msgs/msg/detail/traffic_light__type_support.c
[0.405s] -- Up-to-date: /home/linjiawei/load_mcap/install/deva_map_msgs/lib/libdeva_map_msgs__rosidl_typesupport_introspection_c.so
[0.405s] -- Up-to-date: /home/linjiawei/load_mcap/install/deva_map_msgs/lib/libdeva_map_msgs__rosidl_typesupport_c.so
[0.405s] -- Up-to-date: /home/linjiawei/load_mcap/install/deva_map_msgs/include/deva_map_msgs/deva_map_msgs
[0.405s] -- Up-to-date: /home/linjiawei/load_mcap/install/deva_map_msgs/include/deva_map_msgs/deva_map_msgs/msg
[0.405s] -- Up-to-date: /home/linjiawei/load_mcap/install/deva_map_msgs/include/deva_map_msgs/deva_map_msgs/msg/rosidl_generator_cpp__visibility_control.hpp
[0.405s] -- Up-to-date: /home/linjiawei/load_mcap/install/deva_map_msgs/include/deva_map_msgs/deva_map_msgs/msg/avp_boundary.hpp
[0.405s] -- Up-to-date: /home/linjiawei/load_mcap/install/deva_map_msgs/include/deva_map_msgs/deva_map_msgs/msg/detail
[0.405s] -- Up-to-date: /home/linjiawei/load_mcap/install/deva_map_msgs/include/deva_map_msgs/deva_map_msgs/msg/detail/avp_boundary__builder.hpp
[0.405s] -- Up-to-date: /home/linjiawei/load_mcap/install/deva_map_msgs/include/deva_map_msgs/deva_map_msgs/msg/detail/avp_boundary__struct.hpp
[0.405s] -- Up-to-date: /home/linjiawei/load_mcap/install/deva_map_msgs/include/deva_map_msgs/deva_map_msgs/msg/detail/avp_boundary__traits.hpp
[0.405s] -- Up-to-date: /home/linjiawei/load_mcap/install/deva_map_msgs/include/deva_map_msgs/deva_map_msgs/msg/detail/avp_boundary__type_support.hpp
[0.405s] -- Up-to-date: /home/linjiawei/load_mcap/install/deva_map_msgs/include/deva_map_msgs/deva_map_msgs/msg/detail/avp_local_map__builder.hpp
[0.406s] -- Up-to-date: /home/linjiawei/load_mcap/install/deva_map_msgs/include/deva_map_msgs/deva_map_msgs/msg/detail/avp_local_map__struct.hpp
[0.406s] -- Up-to-date: /home/linjiawei/load_mcap/install/deva_map_msgs/include/deva_map_msgs/deva_map_msgs/msg/detail/avp_local_map__traits.hpp
[0.406s] -- Up-to-date: /home/linjiawei/load_mcap/install/deva_map_msgs/include/deva_map_msgs/deva_map_msgs/msg/detail/avp_local_map__type_support.hpp
[0.406s] -- Up-to-date: /home/linjiawei/load_mcap/install/deva_map_msgs/include/deva_map_msgs/deva_map_msgs/msg/detail/avp_sub_lane__builder.hpp
[0.406s] -- Up-to-date: /home/linjiawei/load_mcap/install/deva_map_msgs/include/deva_map_msgs/deva_map_msgs/msg/detail/avp_sub_lane__struct.hpp
[0.406s] -- Up-to-date: /home/linjiawei/load_mcap/install/deva_map_msgs/include/deva_map_msgs/deva_map_msgs/msg/detail/avp_sub_lane__traits.hpp
[0.406s] -- Up-to-date: /home/linjiawei/load_mcap/install/deva_map_msgs/include/deva_map_msgs/deva_map_msgs/msg/detail/avp_sub_lane__type_support.hpp
[0.406s] -- Up-to-date: /home/linjiawei/load_mcap/install/deva_map_msgs/include/deva_map_msgs/deva_map_msgs/msg/detail/avp_sub_map__builder.hpp
[0.406s] -- Up-to-date: /home/linjiawei/load_mcap/install/deva_map_msgs/include/deva_map_msgs/deva_map_msgs/msg/detail/avp_sub_map__struct.hpp
[0.406s] -- Up-to-date: /home/linjiawei/load_mcap/install/deva_map_msgs/include/deva_map_msgs/deva_map_msgs/msg/detail/avp_sub_map__traits.hpp
[0.406s] -- Up-to-date: /home/linjiawei/load_mcap/install/deva_map_msgs/include/deva_map_msgs/deva_map_msgs/msg/detail/avp_sub_map__type_support.hpp
[0.406s] -- Up-to-date: /home/linjiawei/load_mcap/install/deva_map_msgs/include/deva_map_msgs/deva_map_msgs/msg/detail/channel__builder.hpp
[0.406s] -- Up-to-date: /home/linjiawei/load_mcap/install/deva_map_msgs/include/deva_map_msgs/deva_map_msgs/msg/detail/channel__struct.hpp
[0.407s] -- Up-to-date: /home/linjiawei/load_mcap/install/deva_map_msgs/include/deva_map_msgs/deva_map_msgs/msg/detail/channel__traits.hpp
[0.407s] -- Up-to-date: /home/linjiawei/load_mcap/install/deva_map_msgs/include/deva_map_msgs/deva_map_msgs/msg/detail/channel__type_support.hpp
[0.407s] -- Up-to-date: /home/linjiawei/load_mcap/install/deva_map_msgs/include/deva_map_msgs/deva_map_msgs/msg/detail/channel_lane_info__builder.hpp
[0.407s] -- Up-to-date: /home/linjiawei/load_mcap/install/deva_map_msgs/include/deva_map_msgs/deva_map_msgs/msg/detail/channel_lane_info__struct.hpp
[0.407s] -- Up-to-date: /home/linjiawei/load_mcap/install/deva_map_msgs/include/deva_map_msgs/deva_map_msgs/msg/detail/channel_lane_info__traits.hpp
[0.407s] -- Up-to-date: /home/linjiawei/load_mcap/install/deva_map_msgs/include/deva_map_msgs/deva_map_msgs/msg/detail/channel_lane_info__type_support.hpp
[0.407s] -- Up-to-date: /home/linjiawei/load_mcap/install/deva_map_msgs/include/deva_map_msgs/deva_map_msgs/msg/detail/channel_lane_line__builder.hpp
[0.407s] -- Up-to-date: /home/linjiawei/load_mcap/install/deva_map_msgs/include/deva_map_msgs/deva_map_msgs/msg/detail/channel_lane_line__struct.hpp
[0.407s] -- Up-to-date: /home/linjiawei/load_mcap/install/deva_map_msgs/include/deva_map_msgs/deva_map_msgs/msg/detail/channel_lane_line__traits.hpp
[0.407s] -- Up-to-date: /home/linjiawei/load_mcap/install/deva_map_msgs/include/deva_map_msgs/deva_map_msgs/msg/detail/channel_lane_line__type_support.hpp
[0.407s] -- Up-to-date: /home/linjiawei/load_mcap/install/deva_map_msgs/include/deva_map_msgs/deva_map_msgs/msg/detail/channel_lane_marking__builder.hpp
[0.407s] -- Up-to-date: /home/linjiawei/load_mcap/install/deva_map_msgs/include/deva_map_msgs/deva_map_msgs/msg/detail/channel_lane_marking__struct.hpp
[0.407s] -- Up-to-date: /home/linjiawei/load_mcap/install/deva_map_msgs/include/deva_map_msgs/deva_map_msgs/msg/detail/channel_lane_marking__traits.hpp
[0.407s] -- Up-to-date: /home/linjiawei/load_mcap/install/deva_map_msgs/include/deva_map_msgs/deva_map_msgs/msg/detail/channel_lane_marking__type_support.hpp
[0.408s] -- Up-to-date: /home/linjiawei/load_mcap/install/deva_map_msgs/include/deva_map_msgs/deva_map_msgs/msg/detail/channel_lane_speed_limitation__builder.hpp
[0.408s] -- Up-to-date: /home/linjiawei/load_mcap/install/deva_map_msgs/include/deva_map_msgs/deva_map_msgs/msg/detail/channel_lane_speed_limitation__struct.hpp
[0.408s] -- Up-to-date: /home/linjiawei/load_mcap/install/deva_map_msgs/include/deva_map_msgs/deva_map_msgs/msg/detail/channel_lane_speed_limitation__traits.hpp
[0.408s] -- Up-to-date: /home/linjiawei/load_mcap/install/deva_map_msgs/include/deva_map_msgs/deva_map_msgs/msg/detail/channel_lane_speed_limitation__type_support.hpp
[0.408s] -- Up-to-date: /home/linjiawei/load_mcap/install/deva_map_msgs/include/deva_map_msgs/deva_map_msgs/msg/detail/channel_lane_type__builder.hpp
[0.408s] -- Up-to-date: /home/linjiawei/load_mcap/install/deva_map_msgs/include/deva_map_msgs/deva_map_msgs/msg/detail/channel_lane_type__struct.hpp
[0.408s] -- Up-to-date: /home/linjiawei/load_mcap/install/deva_map_msgs/include/deva_map_msgs/deva_map_msgs/msg/detail/channel_lane_type__traits.hpp
[0.408s] -- Up-to-date: /home/linjiawei/load_mcap/install/deva_map_msgs/include/deva_map_msgs/deva_map_msgs/msg/detail/channel_lane_type__type_support.hpp
[0.408s] -- Up-to-date: /home/linjiawei/load_mcap/install/deva_map_msgs/include/deva_map_msgs/deva_map_msgs/msg/detail/channel_marking_type__builder.hpp
[0.408s] -- Up-to-date: /home/linjiawei/load_mcap/install/deva_map_msgs/include/deva_map_msgs/deva_map_msgs/msg/detail/channel_marking_type__struct.hpp
[0.408s] -- Up-to-date: /home/linjiawei/load_mcap/install/deva_map_msgs/include/deva_map_msgs/deva_map_msgs/msg/detail/channel_marking_type__traits.hpp
[0.408s] -- Up-to-date: /home/linjiawei/load_mcap/install/deva_map_msgs/include/deva_map_msgs/deva_map_msgs/msg/detail/channel_marking_type__type_support.hpp
[0.408s] -- Up-to-date: /home/linjiawei/load_mcap/install/deva_map_msgs/include/deva_map_msgs/deva_map_msgs/msg/detail/channel_object_info__builder.hpp
[0.408s] -- Up-to-date: /home/linjiawei/load_mcap/install/deva_map_msgs/include/deva_map_msgs/deva_map_msgs/msg/detail/channel_object_info__struct.hpp
[0.409s] -- Up-to-date: /home/linjiawei/load_mcap/install/deva_map_msgs/include/deva_map_msgs/deva_map_msgs/msg/detail/channel_object_info__traits.hpp
[0.409s] -- Up-to-date: /home/linjiawei/load_mcap/install/deva_map_msgs/include/deva_map_msgs/deva_map_msgs/msg/detail/channel_object_info__type_support.hpp
[0.409s] -- Up-to-date: /home/linjiawei/load_mcap/install/deva_map_msgs/include/deva_map_msgs/deva_map_msgs/msg/detail/channel_signal_info__builder.hpp
[0.409s] -- Up-to-date: /home/linjiawei/load_mcap/install/deva_map_msgs/include/deva_map_msgs/deva_map_msgs/msg/detail/channel_signal_info__struct.hpp
[0.409s] -- Up-to-date: /home/linjiawei/load_mcap/install/deva_map_msgs/include/deva_map_msgs/deva_map_msgs/msg/detail/channel_signal_info__traits.hpp
[0.409s] -- Up-to-date: /home/linjiawei/load_mcap/install/deva_map_msgs/include/deva_map_msgs/deva_map_msgs/msg/detail/channel_signal_info__type_support.hpp
[0.409s] -- Up-to-date: /home/linjiawei/load_mcap/install/deva_map_msgs/include/deva_map_msgs/deva_map_msgs/msg/detail/channel_turn_type__builder.hpp
[0.409s] -- Up-to-date: /home/linjiawei/load_mcap/install/deva_map_msgs/include/deva_map_msgs/deva_map_msgs/msg/detail/channel_turn_type__struct.hpp
[0.409s] -- Up-to-date: /home/linjiawei/load_mcap/install/deva_map_msgs/include/deva_map_msgs/deva_map_msgs/msg/detail/channel_turn_type__traits.hpp
[0.409s] -- Up-to-date: /home/linjiawei/load_mcap/install/deva_map_msgs/include/deva_map_msgs/deva_map_msgs/msg/detail/channel_turn_type__type_support.hpp
[0.409s] -- Up-to-date: /home/linjiawei/load_mcap/install/deva_map_msgs/include/deva_map_msgs/deva_map_msgs/msg/detail/ego_trajectory__builder.hpp
[0.410s] -- Up-to-date: /home/linjiawei/load_mcap/install/deva_map_msgs/include/deva_map_msgs/deva_map_msgs/msg/detail/ego_trajectory__struct.hpp
[0.410s] -- Up-to-date: /home/linjiawei/load_mcap/install/deva_map_msgs/include/deva_map_msgs/deva_map_msgs/msg/detail/ego_trajectory__traits.hpp
[0.410s] -- Up-to-date: /home/linjiawei/load_mcap/install/deva_map_msgs/include/deva_map_msgs/deva_map_msgs/msg/detail/ego_trajectory__type_support.hpp
[0.410s] -- Up-to-date: /home/linjiawei/load_mcap/install/deva_map_msgs/include/deva_map_msgs/deva_map_msgs/msg/detail/ego_trajectory_point__builder.hpp
[0.410s] -- Up-to-date: /home/linjiawei/load_mcap/install/deva_map_msgs/include/deva_map_msgs/deva_map_msgs/msg/detail/ego_trajectory_point__struct.hpp
[0.410s] -- Up-to-date: /home/linjiawei/load_mcap/install/deva_map_msgs/include/deva_map_msgs/deva_map_msgs/msg/detail/ego_trajectory_point__traits.hpp
[0.410s] -- Up-to-date: /home/linjiawei/load_mcap/install/deva_map_msgs/include/deva_map_msgs/deva_map_msgs/msg/detail/ego_trajectory_point__type_support.hpp
[0.410s] -- Up-to-date: /home/linjiawei/load_mcap/install/deva_map_msgs/include/deva_map_msgs/deva_map_msgs/msg/detail/lane_waypoint__builder.hpp
[0.410s] -- Up-to-date: /home/linjiawei/load_mcap/install/deva_map_msgs/include/deva_map_msgs/deva_map_msgs/msg/detail/lane_waypoint__struct.hpp
[0.410s] -- Up-to-date: /home/linjiawei/load_mcap/install/deva_map_msgs/include/deva_map_msgs/deva_map_msgs/msg/detail/lane_waypoint__traits.hpp
[0.410s] -- Up-to-date: /home/linjiawei/load_mcap/install/deva_map_msgs/include/deva_map_msgs/deva_map_msgs/msg/detail/lane_waypoint__type_support.hpp
[0.411s] -- Up-to-date: /home/linjiawei/load_mcap/install/deva_map_msgs/include/deva_map_msgs/deva_map_msgs/msg/detail/local_map__builder.hpp
[0.411s] -- Up-to-date: /home/linjiawei/load_mcap/install/deva_map_msgs/include/deva_map_msgs/deva_map_msgs/msg/detail/local_map__struct.hpp
[0.411s] -- Up-to-date: /home/linjiawei/load_mcap/install/deva_map_msgs/include/deva_map_msgs/deva_map_msgs/msg/detail/local_map__traits.hpp
[0.411s] -- Up-to-date: /home/linjiawei/load_mcap/install/deva_map_msgs/include/deva_map_msgs/deva_map_msgs/msg/detail/local_map__type_support.hpp
[0.411s] -- Up-to-date: /home/linjiawei/load_mcap/install/deva_map_msgs/include/deva_map_msgs/deva_map_msgs/msg/detail/local_map_header__builder.hpp
[0.411s] -- Up-to-date: /home/linjiawei/load_mcap/install/deva_map_msgs/include/deva_map_msgs/deva_map_msgs/msg/detail/local_map_header__struct.hpp
[0.411s] -- Up-to-date: /home/linjiawei/load_mcap/install/deva_map_msgs/include/deva_map_msgs/deva_map_msgs/msg/detail/local_map_header__traits.hpp
[0.411s] -- Up-to-date: /home/linjiawei/load_mcap/install/deva_map_msgs/include/deva_map_msgs/deva_map_msgs/msg/detail/local_map_header__type_support.hpp
[0.411s] -- Up-to-date: /home/linjiawei/load_mcap/install/deva_map_msgs/include/deva_map_msgs/deva_map_msgs/msg/detail/obstacle_edge__builder.hpp
[0.411s] -- Up-to-date: /home/linjiawei/load_mcap/install/deva_map_msgs/include/deva_map_msgs/deva_map_msgs/msg/detail/obstacle_edge__struct.hpp
[0.411s] -- Up-to-date: /home/linjiawei/load_mcap/install/deva_map_msgs/include/deva_map_msgs/deva_map_msgs/msg/detail/obstacle_edge__traits.hpp
[0.411s] -- Up-to-date: /home/linjiawei/load_mcap/install/deva_map_msgs/include/deva_map_msgs/deva_map_msgs/msg/detail/obstacle_edge__type_support.hpp
[0.411s] -- Up-to-date: /home/linjiawei/load_mcap/install/deva_map_msgs/include/deva_map_msgs/deva_map_msgs/msg/detail/path_point__builder.hpp
[0.411s] -- Up-to-date: /home/linjiawei/load_mcap/install/deva_map_msgs/include/deva_map_msgs/deva_map_msgs/msg/detail/path_point__struct.hpp
[0.412s] -- Up-to-date: /home/linjiawei/load_mcap/install/deva_map_msgs/include/deva_map_msgs/deva_map_msgs/msg/detail/path_point__traits.hpp
[0.412s] -- Up-to-date: /home/linjiawei/load_mcap/install/deva_map_msgs/include/deva_map_msgs/deva_map_msgs/msg/detail/path_point__type_support.hpp
[0.412s] -- Up-to-date: /home/linjiawei/load_mcap/install/deva_map_msgs/include/deva_map_msgs/deva_map_msgs/msg/detail/reference_channal__builder.hpp
[0.412s] -- Up-to-date: /home/linjiawei/load_mcap/install/deva_map_msgs/include/deva_map_msgs/deva_map_msgs/msg/detail/reference_channal__struct.hpp
[0.412s] -- Up-to-date: /home/linjiawei/load_mcap/install/deva_map_msgs/include/deva_map_msgs/deva_map_msgs/msg/detail/reference_channal__traits.hpp
[0.412s] -- Up-to-date: /home/linjiawei/load_mcap/install/deva_map_msgs/include/deva_map_msgs/deva_map_msgs/msg/detail/reference_channal__type_support.hpp
[0.412s] -- Up-to-date: /home/linjiawei/load_mcap/install/deva_map_msgs/include/deva_map_msgs/deva_map_msgs/msg/detail/st_local_map__builder.hpp
[0.412s] -- Up-to-date: /home/linjiawei/load_mcap/install/deva_map_msgs/include/deva_map_msgs/deva_map_msgs/msg/detail/st_local_map__struct.hpp
[0.412s] -- Up-to-date: /home/linjiawei/load_mcap/install/deva_map_msgs/include/deva_map_msgs/deva_map_msgs/msg/detail/st_local_map__traits.hpp
[0.412s] -- Up-to-date: /home/linjiawei/load_mcap/install/deva_map_msgs/include/deva_map_msgs/deva_map_msgs/msg/detail/st_local_map__type_support.hpp
[0.412s] -- Up-to-date: /home/linjiawei/load_mcap/install/deva_map_msgs/include/deva_map_msgs/deva_map_msgs/msg/detail/traffic_light__builder.hpp
[0.412s] -- Up-to-date: /home/linjiawei/load_mcap/install/deva_map_msgs/include/deva_map_msgs/deva_map_msgs/msg/detail/traffic_light__struct.hpp
[0.412s] -- Up-to-date: /home/linjiawei/load_mcap/install/deva_map_msgs/include/deva_map_msgs/deva_map_msgs/msg/detail/traffic_light__traits.hpp
[0.413s] -- Up-to-date: /home/linjiawei/load_mcap/install/deva_map_msgs/include/deva_map_msgs/deva_map_msgs/msg/detail/traffic_light__type_support.hpp
[0.413s] -- Up-to-date: /home/linjiawei/load_mcap/install/deva_map_msgs/include/deva_map_msgs/deva_map_msgs/msg/avp_local_map.hpp
[0.413s] -- Up-to-date: /home/linjiawei/load_mcap/install/deva_map_msgs/include/deva_map_msgs/deva_map_msgs/msg/avp_sub_lane.hpp
[0.413s] -- Up-to-date: /home/linjiawei/load_mcap/install/deva_map_msgs/include/deva_map_msgs/deva_map_msgs/msg/avp_sub_map.hpp
[0.413s] -- Up-to-date: /home/linjiawei/load_mcap/install/deva_map_msgs/include/deva_map_msgs/deva_map_msgs/msg/channel.hpp
[0.413s] -- Up-to-date: /home/linjiawei/load_mcap/install/deva_map_msgs/include/deva_map_msgs/deva_map_msgs/msg/channel_lane_info.hpp
[0.413s] -- Up-to-date: /home/linjiawei/load_mcap/install/deva_map_msgs/include/deva_map_msgs/deva_map_msgs/msg/channel_lane_line.hpp
[0.413s] -- Up-to-date: /home/linjiawei/load_mcap/install/deva_map_msgs/include/deva_map_msgs/deva_map_msgs/msg/channel_lane_marking.hpp
[0.413s] -- Up-to-date: /home/linjiawei/load_mcap/install/deva_map_msgs/include/deva_map_msgs/deva_map_msgs/msg/channel_lane_speed_limitation.hpp
[0.413s] -- Up-to-date: /home/linjiawei/load_mcap/install/deva_map_msgs/include/deva_map_msgs/deva_map_msgs/msg/channel_lane_type.hpp
[0.413s] -- Up-to-date: /home/linjiawei/load_mcap/install/deva_map_msgs/include/deva_map_msgs/deva_map_msgs/msg/channel_marking_type.hpp
[0.413s] -- Up-to-date: /home/linjiawei/load_mcap/install/deva_map_msgs/include/deva_map_msgs/deva_map_msgs/msg/channel_object_info.hpp
[0.413s] -- Up-to-date: /home/linjiawei/load_mcap/install/deva_map_msgs/include/deva_map_msgs/deva_map_msgs/msg/channel_signal_info.hpp
[0.413s] -- Up-to-date: /home/linjiawei/load_mcap/install/deva_map_msgs/include/deva_map_msgs/deva_map_msgs/msg/channel_turn_type.hpp
[0.414s] -- Up-to-date: /home/linjiawei/load_mcap/install/deva_map_msgs/include/deva_map_msgs/deva_map_msgs/msg/ego_trajectory.hpp
[0.414s] -- Up-to-date: /home/linjiawei/load_mcap/install/deva_map_msgs/include/deva_map_msgs/deva_map_msgs/msg/ego_trajectory_point.hpp
[0.414s] -- Up-to-date: /home/linjiawei/load_mcap/install/deva_map_msgs/include/deva_map_msgs/deva_map_msgs/msg/lane_waypoint.hpp
[0.414s] -- Up-to-date: /home/linjiawei/load_mcap/install/deva_map_msgs/include/deva_map_msgs/deva_map_msgs/msg/local_map.hpp
[0.414s] -- Up-to-date: /home/linjiawei/load_mcap/install/deva_map_msgs/include/deva_map_msgs/deva_map_msgs/msg/local_map_header.hpp
[0.414s] -- Up-to-date: /home/linjiawei/load_mcap/install/deva_map_msgs/include/deva_map_msgs/deva_map_msgs/msg/obstacle_edge.hpp
[0.414s] -- Up-to-date: /home/linjiawei/load_mcap/install/deva_map_msgs/include/deva_map_msgs/deva_map_msgs/msg/path_point.hpp
[0.414s] -- Up-to-date: /home/linjiawei/load_mcap/install/deva_map_msgs/include/deva_map_msgs/deva_map_msgs/msg/reference_channal.hpp
[0.414s] -- Up-to-date: /home/linjiawei/load_mcap/install/deva_map_msgs/include/deva_map_msgs/deva_map_msgs/msg/st_local_map.hpp
[0.414s] -- Up-to-date: /home/linjiawei/load_mcap/install/deva_map_msgs/include/deva_map_msgs/deva_map_msgs/msg/traffic_light.hpp
[0.414s] -- Up-to-date: /home/linjiawei/load_mcap/install/deva_map_msgs/include/deva_map_msgs/deva_map_msgs
[0.414s] -- Up-to-date: /home/linjiawei/load_mcap/install/deva_map_msgs/include/deva_map_msgs/deva_map_msgs/msg
[0.414s] -- Up-to-date: /home/linjiawei/load_mcap/install/deva_map_msgs/include/deva_map_msgs/deva_map_msgs/msg/rosidl_typesupport_fastrtps_cpp__visibility_control.h
[0.415s] -- Up-to-date: /home/linjiawei/load_mcap/install/deva_map_msgs/include/deva_map_msgs/deva_map_msgs/msg/detail
[0.415s] -- Up-to-date: /home/linjiawei/load_mcap/install/deva_map_msgs/include/deva_map_msgs/deva_map_msgs/msg/detail/avp_boundary__rosidl_typesupport_fastrtps_cpp.hpp
[0.415s] -- Up-to-date: /home/linjiawei/load_mcap/install/deva_map_msgs/include/deva_map_msgs/deva_map_msgs/msg/detail/dds_fastrtps
[0.415s] -- Up-to-date: /home/linjiawei/load_mcap/install/deva_map_msgs/include/deva_map_msgs/deva_map_msgs/msg/detail/avp_local_map__rosidl_typesupport_fastrtps_cpp.hpp
[0.415s] -- Up-to-date: /home/linjiawei/load_mcap/install/deva_map_msgs/include/deva_map_msgs/deva_map_msgs/msg/detail/avp_sub_lane__rosidl_typesupport_fastrtps_cpp.hpp
[0.415s] -- Up-to-date: /home/linjiawei/load_mcap/install/deva_map_msgs/include/deva_map_msgs/deva_map_msgs/msg/detail/avp_sub_map__rosidl_typesupport_fastrtps_cpp.hpp
[0.415s] -- Up-to-date: /home/linjiawei/load_mcap/install/deva_map_msgs/include/deva_map_msgs/deva_map_msgs/msg/detail/channel__rosidl_typesupport_fastrtps_cpp.hpp
[0.415s] -- Up-to-date: /home/linjiawei/load_mcap/install/deva_map_msgs/include/deva_map_msgs/deva_map_msgs/msg/detail/channel_lane_info__rosidl_typesupport_fastrtps_cpp.hpp
[0.415s] -- Up-to-date: /home/linjiawei/load_mcap/install/deva_map_msgs/include/deva_map_msgs/deva_map_msgs/msg/detail/channel_lane_line__rosidl_typesupport_fastrtps_cpp.hpp
[0.415s] -- Up-to-date: /home/linjiawei/load_mcap/install/deva_map_msgs/include/deva_map_msgs/deva_map_msgs/msg/detail/channel_lane_marking__rosidl_typesupport_fastrtps_cpp.hpp
[0.415s] -- Up-to-date: /home/linjiawei/load_mcap/install/deva_map_msgs/include/deva_map_msgs/deva_map_msgs/msg/detail/channel_lane_speed_limitation__rosidl_typesupport_fastrtps_cpp.hpp
[0.415s] -- Up-to-date: /home/linjiawei/load_mcap/install/deva_map_msgs/include/deva_map_msgs/deva_map_msgs/msg/detail/channel_lane_type__rosidl_typesupport_fastrtps_cpp.hpp
[0.415s] -- Up-to-date: /home/linjiawei/load_mcap/install/deva_map_msgs/include/deva_map_msgs/deva_map_msgs/msg/detail/channel_marking_type__rosidl_typesupport_fastrtps_cpp.hpp
[0.415s] -- Up-to-date: /home/linjiawei/load_mcap/install/deva_map_msgs/include/deva_map_msgs/deva_map_msgs/msg/detail/channel_object_info__rosidl_typesupport_fastrtps_cpp.hpp
[0.416s] -- Up-to-date: /home/linjiawei/load_mcap/install/deva_map_msgs/include/deva_map_msgs/deva_map_msgs/msg/detail/channel_signal_info__rosidl_typesupport_fastrtps_cpp.hpp
[0.416s] -- Up-to-date: /home/linjiawei/load_mcap/install/deva_map_msgs/include/deva_map_msgs/deva_map_msgs/msg/detail/channel_turn_type__rosidl_typesupport_fastrtps_cpp.hpp
[0.416s] -- Up-to-date: /home/linjiawei/load_mcap/install/deva_map_msgs/include/deva_map_msgs/deva_map_msgs/msg/detail/ego_trajectory__rosidl_typesupport_fastrtps_cpp.hpp
[0.416s] -- Up-to-date: /home/linjiawei/load_mcap/install/deva_map_msgs/include/deva_map_msgs/deva_map_msgs/msg/detail/ego_trajectory_point__rosidl_typesupport_fastrtps_cpp.hpp
[0.416s] -- Up-to-date: /home/linjiawei/load_mcap/install/deva_map_msgs/include/deva_map_msgs/deva_map_msgs/msg/detail/lane_waypoint__rosidl_typesupport_fastrtps_cpp.hpp
[0.416s] -- Up-to-date: /home/linjiawei/load_mcap/install/deva_map_msgs/include/deva_map_msgs/deva_map_msgs/msg/detail/local_map__rosidl_typesupport_fastrtps_cpp.hpp
[0.416s] -- Up-to-date: /home/linjiawei/load_mcap/install/deva_map_msgs/include/deva_map_msgs/deva_map_msgs/msg/detail/local_map_header__rosidl_typesupport_fastrtps_cpp.hpp
[0.416s] -- Up-to-date: /home/linjiawei/load_mcap/install/deva_map_msgs/include/deva_map_msgs/deva_map_msgs/msg/detail/obstacle_edge__rosidl_typesupport_fastrtps_cpp.hpp
[0.416s] -- Up-to-date: /home/linjiawei/load_mcap/install/deva_map_msgs/include/deva_map_msgs/deva_map_msgs/msg/detail/path_point__rosidl_typesupport_fastrtps_cpp.hpp
[0.416s] -- Up-to-date: /home/linjiawei/load_mcap/install/deva_map_msgs/include/deva_map_msgs/deva_map_msgs/msg/detail/reference_channal__rosidl_typesupport_fastrtps_cpp.hpp
[0.416s] -- Up-to-date: /home/linjiawei/load_mcap/install/deva_map_msgs/include/deva_map_msgs/deva_map_msgs/msg/detail/st_local_map__rosidl_typesupport_fastrtps_cpp.hpp
[0.416s] -- Up-to-date: /home/linjiawei/load_mcap/install/deva_map_msgs/include/deva_map_msgs/deva_map_msgs/msg/detail/traffic_light__rosidl_typesupport_fastrtps_cpp.hpp
[0.417s] -- Up-to-date: /home/linjiawei/load_mcap/install/deva_map_msgs/lib/libdeva_map_msgs__rosidl_typesupport_fastrtps_cpp.so
[0.417s] -- Up-to-date: /home/linjiawei/load_mcap/install/deva_map_msgs/include/deva_map_msgs/deva_map_msgs
[0.417s] -- Up-to-date: /home/linjiawei/load_mcap/install/deva_map_msgs/include/deva_map_msgs/deva_map_msgs/msg
[0.417s] -- Up-to-date: /home/linjiawei/load_mcap/install/deva_map_msgs/include/deva_map_msgs/deva_map_msgs/msg/detail
[0.417s] -- Up-to-date: /home/linjiawei/load_mcap/install/deva_map_msgs/include/deva_map_msgs/deva_map_msgs/msg/detail/avp_boundary__rosidl_typesupport_introspection_cpp.hpp
[0.417s] -- Up-to-date: /home/linjiawei/load_mcap/install/deva_map_msgs/include/deva_map_msgs/deva_map_msgs/msg/detail/avp_boundary__type_support.cpp
[0.417s] -- Up-to-date: /home/linjiawei/load_mcap/install/deva_map_msgs/include/deva_map_msgs/deva_map_msgs/msg/detail/avp_local_map__rosidl_typesupport_introspection_cpp.hpp
[0.417s] -- Up-to-date: /home/linjiawei/load_mcap/install/deva_map_msgs/include/deva_map_msgs/deva_map_msgs/msg/detail/avp_local_map__type_support.cpp
[0.417s] -- Up-to-date: /home/linjiawei/load_mcap/install/deva_map_msgs/include/deva_map_msgs/deva_map_msgs/msg/detail/avp_sub_lane__rosidl_typesupport_introspection_cpp.hpp
[0.417s] -- Up-to-date: /home/linjiawei/load_mcap/install/deva_map_msgs/include/deva_map_msgs/deva_map_msgs/msg/detail/avp_sub_lane__type_support.cpp
[0.417s] -- Up-to-date: /home/linjiawei/load_mcap/install/deva_map_msgs/include/deva_map_msgs/deva_map_msgs/msg/detail/avp_sub_map__rosidl_typesupport_introspection_cpp.hpp
[0.417s] -- Up-to-date: /home/linjiawei/load_mcap/install/deva_map_msgs/include/deva_map_msgs/deva_map_msgs/msg/detail/avp_sub_map__type_support.cpp
[0.417s] -- Up-to-date: /home/linjiawei/load_mcap/install/deva_map_msgs/include/deva_map_msgs/deva_map_msgs/msg/detail/channel__rosidl_typesupport_introspection_cpp.hpp
[0.418s] -- Up-to-date: /home/linjiawei/load_mcap/install/deva_map_msgs/include/deva_map_msgs/deva_map_msgs/msg/detail/channel__type_support.cpp
[0.418s] -- Up-to-date: /home/linjiawei/load_mcap/install/deva_map_msgs/include/deva_map_msgs/deva_map_msgs/msg/detail/channel_lane_info__rosidl_typesupport_introspection_cpp.hpp
[0.418s] -- Up-to-date: /home/linjiawei/load_mcap/install/deva_map_msgs/include/deva_map_msgs/deva_map_msgs/msg/detail/channel_lane_info__type_support.cpp
[0.418s] -- Up-to-date: /home/linjiawei/load_mcap/install/deva_map_msgs/include/deva_map_msgs/deva_map_msgs/msg/detail/channel_lane_line__rosidl_typesupport_introspection_cpp.hpp
[0.418s] -- Up-to-date: /home/linjiawei/load_mcap/install/deva_map_msgs/include/deva_map_msgs/deva_map_msgs/msg/detail/channel_lane_line__type_support.cpp
[0.418s] -- Up-to-date: /home/linjiawei/load_mcap/install/deva_map_msgs/include/deva_map_msgs/deva_map_msgs/msg/detail/channel_lane_marking__rosidl_typesupport_introspection_cpp.hpp
[0.418s] -- Up-to-date: /home/linjiawei/load_mcap/install/deva_map_msgs/include/deva_map_msgs/deva_map_msgs/msg/detail/channel_lane_marking__type_support.cpp
[0.418s] -- Up-to-date: /home/linjiawei/load_mcap/install/deva_map_msgs/include/deva_map_msgs/deva_map_msgs/msg/detail/channel_lane_speed_limitation__rosidl_typesupport_introspection_cpp.hpp
[0.418s] -- Up-to-date: /home/linjiawei/load_mcap/install/deva_map_msgs/include/deva_map_msgs/deva_map_msgs/msg/detail/channel_lane_speed_limitation__type_support.cpp
[0.418s] -- Up-to-date: /home/linjiawei/load_mcap/install/deva_map_msgs/include/deva_map_msgs/deva_map_msgs/msg/detail/channel_lane_type__rosidl_typesupport_introspection_cpp.hpp
[0.418s] -- Up-to-date: /home/linjiawei/load_mcap/install/deva_map_msgs/include/deva_map_msgs/deva_map_msgs/msg/detail/channel_lane_type__type_support.cpp
[0.418s] -- Up-to-date: /home/linjiawei/load_mcap/install/deva_map_msgs/include/deva_map_msgs/deva_map_msgs/msg/detail/channel_marking_type__rosidl_typesupport_introspection_cpp.hpp
[0.419s] -- Up-to-date: /home/linjiawei/load_mcap/install/deva_map_msgs/include/deva_map_msgs/deva_map_msgs/msg/detail/channel_marking_type__type_support.cpp
[0.419s] -- Up-to-date: /home/linjiawei/load_mcap/install/deva_map_msgs/include/deva_map_msgs/deva_map_msgs/msg/detail/channel_object_info__rosidl_typesupport_introspection_cpp.hpp
[0.419s] -- Up-to-date: /home/linjiawei/load_mcap/install/deva_map_msgs/include/deva_map_msgs/deva_map_msgs/msg/detail/channel_object_info__type_support.cpp
[0.419s] -- Up-to-date: /home/linjiawei/load_mcap/install/deva_map_msgs/include/deva_map_msgs/deva_map_msgs/msg/detail/channel_signal_info__rosidl_typesupport_introspection_cpp.hpp
[0.419s] -- Up-to-date: /home/linjiawei/load_mcap/install/deva_map_msgs/include/deva_map_msgs/deva_map_msgs/msg/detail/channel_signal_info__type_support.cpp
[0.419s] -- Up-to-date: /home/linjiawei/load_mcap/install/deva_map_msgs/include/deva_map_msgs/deva_map_msgs/msg/detail/channel_turn_type__rosidl_typesupport_introspection_cpp.hpp
[0.419s] -- Up-to-date: /home/linjiawei/load_mcap/install/deva_map_msgs/include/deva_map_msgs/deva_map_msgs/msg/detail/channel_turn_type__type_support.cpp
[0.419s] -- Up-to-date: /home/linjiawei/load_mcap/install/deva_map_msgs/include/deva_map_msgs/deva_map_msgs/msg/detail/ego_trajectory__rosidl_typesupport_introspection_cpp.hpp
[0.419s] -- Up-to-date: /home/linjiawei/load_mcap/install/deva_map_msgs/include/deva_map_msgs/deva_map_msgs/msg/detail/ego_trajectory__type_support.cpp
[0.419s] -- Up-to-date: /home/linjiawei/load_mcap/install/deva_map_msgs/include/deva_map_msgs/deva_map_msgs/msg/detail/ego_trajectory_point__rosidl_typesupport_introspection_cpp.hpp
[0.419s] -- Up-to-date: /home/linjiawei/load_mcap/install/deva_map_msgs/include/deva_map_msgs/deva_map_msgs/msg/detail/ego_trajectory_point__type_support.cpp
[0.419s] -- Up-to-date: /home/linjiawei/load_mcap/install/deva_map_msgs/include/deva_map_msgs/deva_map_msgs/msg/detail/lane_waypoint__rosidl_typesupport_introspection_cpp.hpp
[0.419s] -- Up-to-date: /home/linjiawei/load_mcap/install/deva_map_msgs/include/deva_map_msgs/deva_map_msgs/msg/detail/lane_waypoint__type_support.cpp
[0.419s] -- Up-to-date: /home/linjiawei/load_mcap/install/deva_map_msgs/include/deva_map_msgs/deva_map_msgs/msg/detail/local_map__rosidl_typesupport_introspection_cpp.hpp
[0.420s] -- Up-to-date: /home/linjiawei/load_mcap/install/deva_map_msgs/include/deva_map_msgs/deva_map_msgs/msg/detail/local_map__type_support.cpp
[0.420s] -- Up-to-date: /home/linjiawei/load_mcap/install/deva_map_msgs/include/deva_map_msgs/deva_map_msgs/msg/detail/local_map_header__rosidl_typesupport_introspection_cpp.hpp
[0.420s] -- Up-to-date: /home/linjiawei/load_mcap/install/deva_map_msgs/include/deva_map_msgs/deva_map_msgs/msg/detail/local_map_header__type_support.cpp
[0.420s] -- Up-to-date: /home/linjiawei/load_mcap/install/deva_map_msgs/include/deva_map_msgs/deva_map_msgs/msg/detail/obstacle_edge__rosidl_typesupport_introspection_cpp.hpp
[0.420s] -- Up-to-date: /home/linjiawei/load_mcap/install/deva_map_msgs/include/deva_map_msgs/deva_map_msgs/msg/detail/obstacle_edge__type_support.cpp
[0.420s] -- Up-to-date: /home/linjiawei/load_mcap/install/deva_map_msgs/include/deva_map_msgs/deva_map_msgs/msg/detail/path_point__rosidl_typesupport_introspection_cpp.hpp
[0.420s] -- Up-to-date: /home/linjiawei/load_mcap/install/deva_map_msgs/include/deva_map_msgs/deva_map_msgs/msg/detail/path_point__type_support.cpp
[0.420s] -- Up-to-date: /home/linjiawei/load_mcap/install/deva_map_msgs/include/deva_map_msgs/deva_map_msgs/msg/detail/reference_channal__rosidl_typesupport_introspection_cpp.hpp
[0.420s] -- Up-to-date: /home/linjiawei/load_mcap/install/deva_map_msgs/include/deva_map_msgs/deva_map_msgs/msg/detail/reference_channal__type_support.cpp
[0.420s] -- Up-to-date: /home/linjiawei/load_mcap/install/deva_map_msgs/include/deva_map_msgs/deva_map_msgs/msg/detail/st_local_map__rosidl_typesupport_introspection_cpp.hpp
[0.420s] -- Up-to-date: /home/linjiawei/load_mcap/install/deva_map_msgs/include/deva_map_msgs/deva_map_msgs/msg/detail/st_local_map__type_support.cpp
[0.420s] -- Up-to-date: /home/linjiawei/load_mcap/install/deva_map_msgs/include/deva_map_msgs/deva_map_msgs/msg/detail/traffic_light__rosidl_typesupport_introspection_cpp.hpp
[0.421s] -- Up-to-date: /home/linjiawei/load_mcap/install/deva_map_msgs/include/deva_map_msgs/deva_map_msgs/msg/detail/traffic_light__type_support.cpp
[0.421s] -- Up-to-date: /home/linjiawei/load_mcap/install/deva_map_msgs/lib/libdeva_map_msgs__rosidl_typesupport_introspection_cpp.so
[0.421s] -- Up-to-date: /home/linjiawei/load_mcap/install/deva_map_msgs/lib/libdeva_map_msgs__rosidl_typesupport_cpp.so
[0.421s] -- Up-to-date: /home/linjiawei/load_mcap/install/deva_map_msgs/share/deva_map_msgs/environment/pythonpath.sh
[0.421s] -- Up-to-date: /home/linjiawei/load_mcap/install/deva_map_msgs/share/deva_map_msgs/environment/pythonpath.dsv
[0.421s] -- Up-to-date: /home/linjiawei/load_mcap/install/deva_map_msgs/local/lib/python3.10/dist-packages/deva_map_msgs-0.0.0-py3.10.egg-info
[0.421s] -- Installing: /home/linjiawei/load_mcap/install/deva_map_msgs/local/lib/python3.10/dist-packages/deva_map_msgs-0.0.0-py3.10.egg-info/PKG-INFO
[0.421s] -- Installing: /home/linjiawei/load_mcap/install/deva_map_msgs/local/lib/python3.10/dist-packages/deva_map_msgs-0.0.0-py3.10.egg-info/dependency_links.txt
[0.421s] -- Installing: /home/linjiawei/load_mcap/install/deva_map_msgs/local/lib/python3.10/dist-packages/deva_map_msgs-0.0.0-py3.10.egg-info/top_level.txt
[0.421s] -- Installing: /home/linjiawei/load_mcap/install/deva_map_msgs/local/lib/python3.10/dist-packages/deva_map_msgs-0.0.0-py3.10.egg-info/SOURCES.txt
[0.421s] -- Up-to-date: /home/linjiawei/load_mcap/install/deva_map_msgs/local/lib/python3.10/dist-packages/deva_map_msgs
[0.421s] -- Up-to-date: /home/linjiawei/load_mcap/install/deva_map_msgs/local/lib/python3.10/dist-packages/deva_map_msgs/__init__.py
[0.421s] -- Up-to-date: /home/linjiawei/load_mcap/install/deva_map_msgs/local/lib/python3.10/dist-packages/deva_map_msgs/msg
[0.421s] -- Up-to-date: /home/linjiawei/load_mcap/install/deva_map_msgs/local/lib/python3.10/dist-packages/deva_map_msgs/msg/_avp_boundary.py
[0.422s] -- Up-to-date: /home/linjiawei/load_mcap/install/deva_map_msgs/local/lib/python3.10/dist-packages/deva_map_msgs/msg/_avp_boundary_s.c
[0.422s] -- Up-to-date: /home/linjiawei/load_mcap/install/deva_map_msgs/local/lib/python3.10/dist-packages/deva_map_msgs/msg/_avp_local_map.py
[0.422s] -- Up-to-date: /home/linjiawei/load_mcap/install/deva_map_msgs/local/lib/python3.10/dist-packages/deva_map_msgs/msg/_avp_local_map_s.c
[0.422s] -- Up-to-date: /home/linjiawei/load_mcap/install/deva_map_msgs/local/lib/python3.10/dist-packages/deva_map_msgs/msg/_avp_sub_lane.py
[0.422s] -- Up-to-date: /home/linjiawei/load_mcap/install/deva_map_msgs/local/lib/python3.10/dist-packages/deva_map_msgs/msg/_avp_sub_lane_s.c
[0.422s] -- Up-to-date: /home/linjiawei/load_mcap/install/deva_map_msgs/local/lib/python3.10/dist-packages/deva_map_msgs/msg/_avp_sub_map.py
[0.422s] -- Up-to-date: /home/linjiawei/load_mcap/install/deva_map_msgs/local/lib/python3.10/dist-packages/deva_map_msgs/msg/_avp_sub_map_s.c
[0.422s] -- Up-to-date: /home/linjiawei/load_mcap/install/deva_map_msgs/local/lib/python3.10/dist-packages/deva_map_msgs/msg/_channel.py
[0.422s] -- Up-to-date: /home/linjiawei/load_mcap/install/deva_map_msgs/local/lib/python3.10/dist-packages/deva_map_msgs/msg/_channel_s.c
[0.422s] -- Up-to-date: /home/linjiawei/load_mcap/install/deva_map_msgs/local/lib/python3.10/dist-packages/deva_map_msgs/msg/_channel_lane_info.py
[0.422s] -- Up-to-date: /home/linjiawei/load_mcap/install/deva_map_msgs/local/lib/python3.10/dist-packages/deva_map_msgs/msg/_channel_lane_info_s.c
[0.422s] -- Up-to-date: /home/linjiawei/load_mcap/install/deva_map_msgs/local/lib/python3.10/dist-packages/deva_map_msgs/msg/_channel_lane_line.py
[0.423s] -- Up-to-date: /home/linjiawei/load_mcap/install/deva_map_msgs/local/lib/python3.10/dist-packages/deva_map_msgs/msg/_channel_lane_line_s.c
[0.423s] -- Up-to-date: /home/linjiawei/load_mcap/install/deva_map_msgs/local/lib/python3.10/dist-packages/deva_map_msgs/msg/_channel_lane_marking.py
[0.423s] -- Up-to-date: /home/linjiawei/load_mcap/install/deva_map_msgs/local/lib/python3.10/dist-packages/deva_map_msgs/msg/_channel_lane_marking_s.c
[0.423s] -- Up-to-date: /home/linjiawei/load_mcap/install/deva_map_msgs/local/lib/python3.10/dist-packages/deva_map_msgs/msg/_channel_lane_speed_limitation.py
[0.423s] -- Up-to-date: /home/linjiawei/load_mcap/install/deva_map_msgs/local/lib/python3.10/dist-packages/deva_map_msgs/msg/_channel_lane_speed_limitation_s.c
[0.423s] -- Up-to-date: /home/linjiawei/load_mcap/install/deva_map_msgs/local/lib/python3.10/dist-packages/deva_map_msgs/msg/_channel_lane_type.py
[0.423s] -- Up-to-date: /home/linjiawei/load_mcap/install/deva_map_msgs/local/lib/python3.10/dist-packages/deva_map_msgs/msg/_channel_lane_type_s.c
[0.423s] -- Up-to-date: /home/linjiawei/load_mcap/install/deva_map_msgs/local/lib/python3.10/dist-packages/deva_map_msgs/msg/_channel_marking_type.py
[0.423s] -- Up-to-date: /home/linjiawei/load_mcap/install/deva_map_msgs/local/lib/python3.10/dist-packages/deva_map_msgs/msg/_channel_marking_type_s.c
[0.423s] -- Up-to-date: /home/linjiawei/load_mcap/install/deva_map_msgs/local/lib/python3.10/dist-packages/deva_map_msgs/msg/_channel_object_info.py
[0.423s] -- Up-to-date: /home/linjiawei/load_mcap/install/deva_map_msgs/local/lib/python3.10/dist-packages/deva_map_msgs/msg/_channel_object_info_s.c
[0.423s] -- Up-to-date: /home/linjiawei/load_mcap/install/deva_map_msgs/local/lib/python3.10/dist-packages/deva_map_msgs/msg/_channel_signal_info.py
[0.423s] -- Up-to-date: /home/linjiawei/load_mcap/install/deva_map_msgs/local/lib/python3.10/dist-packages/deva_map_msgs/msg/_channel_signal_info_s.c
[0.423s] -- Up-to-date: /home/linjiawei/load_mcap/install/deva_map_msgs/local/lib/python3.10/dist-packages/deva_map_msgs/msg/_channel_turn_type.py
[0.423s] -- Up-to-date: /home/linjiawei/load_mcap/install/deva_map_msgs/local/lib/python3.10/dist-packages/deva_map_msgs/msg/_channel_turn_type_s.c
[0.423s] -- Up-to-date: /home/linjiawei/load_mcap/install/deva_map_msgs/local/lib/python3.10/dist-packages/deva_map_msgs/msg/_ego_trajectory.py
[0.423s] -- Up-to-date: /home/linjiawei/load_mcap/install/deva_map_msgs/local/lib/python3.10/dist-packages/deva_map_msgs/msg/_ego_trajectory_s.c
[0.423s] -- Up-to-date: /home/linjiawei/load_mcap/install/deva_map_msgs/local/lib/python3.10/dist-packages/deva_map_msgs/msg/_ego_trajectory_point.py
[0.423s] -- Up-to-date: /home/linjiawei/load_mcap/install/deva_map_msgs/local/lib/python3.10/dist-packages/deva_map_msgs/msg/_ego_trajectory_point_s.c
[0.424s] -- Up-to-date: /home/linjiawei/load_mcap/install/deva_map_msgs/local/lib/python3.10/dist-packages/deva_map_msgs/msg/_lane_waypoint.py
[0.424s] -- Up-to-date: /home/linjiawei/load_mcap/install/deva_map_msgs/local/lib/python3.10/dist-packages/deva_map_msgs/msg/_lane_waypoint_s.c
[0.424s] -- Up-to-date: /home/linjiawei/load_mcap/install/deva_map_msgs/local/lib/python3.10/dist-packages/deva_map_msgs/msg/_local_map.py
[0.424s] -- Up-to-date: /home/linjiawei/load_mcap/install/deva_map_msgs/local/lib/python3.10/dist-packages/deva_map_msgs/msg/_local_map_s.c
[0.424s] -- Up-to-date: /home/linjiawei/load_mcap/install/deva_map_msgs/local/lib/python3.10/dist-packages/deva_map_msgs/msg/_local_map_header.py
[0.424s] -- Up-to-date: /home/linjiawei/load_mcap/install/deva_map_msgs/local/lib/python3.10/dist-packages/deva_map_msgs/msg/_local_map_header_s.c
[0.424s] -- Up-to-date: /home/linjiawei/load_mcap/install/deva_map_msgs/local/lib/python3.10/dist-packages/deva_map_msgs/msg/_obstacle_edge.py
[0.424s] -- Up-to-date: /home/linjiawei/load_mcap/install/deva_map_msgs/local/lib/python3.10/dist-packages/deva_map_msgs/msg/_obstacle_edge_s.c
[0.424s] -- Up-to-date: /home/linjiawei/load_mcap/install/deva_map_msgs/local/lib/python3.10/dist-packages/deva_map_msgs/msg/_path_point.py
[0.424s] -- Up-to-date: /home/linjiawei/load_mcap/install/deva_map_msgs/local/lib/python3.10/dist-packages/deva_map_msgs/msg/_path_point_s.c
[0.424s] -- Up-to-date: /home/linjiawei/load_mcap/install/deva_map_msgs/local/lib/python3.10/dist-packages/deva_map_msgs/msg/_reference_channal.py
[0.424s] -- Up-to-date: /home/linjiawei/load_mcap/install/deva_map_msgs/local/lib/python3.10/dist-packages/deva_map_msgs/msg/_reference_channal_s.c
[0.424s] -- Up-to-date: /home/linjiawei/load_mcap/install/deva_map_msgs/local/lib/python3.10/dist-packages/deva_map_msgs/msg/_st_local_map.py
[0.424s] -- Up-to-date: /home/linjiawei/load_mcap/install/deva_map_msgs/local/lib/python3.10/dist-packages/deva_map_msgs/msg/_st_local_map_s.c
[0.424s] -- Up-to-date: /home/linjiawei/load_mcap/install/deva_map_msgs/local/lib/python3.10/dist-packages/deva_map_msgs/msg/_traffic_light.py
[0.424s] -- Up-to-date: /home/linjiawei/load_mcap/install/deva_map_msgs/local/lib/python3.10/dist-packages/deva_map_msgs/msg/_traffic_light_s.c
[0.424s] -- Up-to-date: /home/linjiawei/load_mcap/install/deva_map_msgs/local/lib/python3.10/dist-packages/deva_map_msgs/msg/__init__.py
[0.424s] -- Up-to-date: /home/linjiawei/load_mcap/install/deva_map_msgs/local/lib/python3.10/dist-packages/deva_map_msgs/_deva_map_msgs_s.ep.rosidl_typesupport_fastrtps_c.c
[0.424s] -- Up-to-date: /home/linjiawei/load_mcap/install/deva_map_msgs/local/lib/python3.10/dist-packages/deva_map_msgs/_deva_map_msgs_s.ep.rosidl_typesupport_introspection_c.c
[0.425s] -- Up-to-date: /home/linjiawei/load_mcap/install/deva_map_msgs/local/lib/python3.10/dist-packages/deva_map_msgs/_deva_map_msgs_s.ep.rosidl_typesupport_c.c
[0.425s] -- Up-to-date: /home/linjiawei/load_mcap/install/deva_map_msgs/local/lib/python3.10/dist-packages/deva_map_msgs/libdeva_map_msgs__rosidl_generator_py.so
[0.425s] -- Up-to-date: /home/linjiawei/load_mcap/install/deva_map_msgs/local/lib/python3.10/dist-packages/deva_map_msgs/deva_map_msgs_s__rosidl_typesupport_c.cpython-310-x86_64-linux-gnu.so
[0.425s] -- Up-to-date: /home/linjiawei/load_mcap/install/deva_map_msgs/local/lib/python3.10/dist-packages/deva_map_msgs/deva_map_msgs_s__rosidl_typesupport_fastrtps_c.cpython-310-x86_64-linux-gnu.so
[0.425s] -- Up-to-date: /home/linjiawei/load_mcap/install/deva_map_msgs/local/lib/python3.10/dist-packages/deva_map_msgs/deva_map_msgs_s__rosidl_typesupport_introspection_c.cpython-310-x86_64-linux-gnu.so
[0.455s] Listing '/home/linjiawei/load_mcap/install/deva_map_msgs/local/lib/python3.10/dist-packages/deva_map_msgs'...
[0.455s] Listing '/home/linjiawei/load_mcap/install/deva_map_msgs/local/lib/python3.10/dist-packages/deva_map_msgs/msg'...
[0.460s] -- Up-to-date: /home/linjiawei/load_mcap/install/deva_map_msgs/local/lib/python3.10/dist-packages/deva_map_msgs/deva_map_msgs_s__rosidl_typesupport_fastrtps_c.cpython-310-x86_64-linux-gnu.so
[0.461s] -- Up-to-date: /home/linjiawei/load_mcap/install/deva_map_msgs/local/lib/python3.10/dist-packages/deva_map_msgs/deva_map_msgs_s__rosidl_typesupport_introspection_c.cpython-310-x86_64-linux-gnu.so
[0.461s] -- Up-to-date: /home/linjiawei/load_mcap/install/deva_map_msgs/local/lib/python3.10/dist-packages/deva_map_msgs/deva_map_msgs_s__rosidl_typesupport_c.cpython-310-x86_64-linux-gnu.so
[0.461s] -- Up-to-date: /home/linjiawei/load_mcap/install/deva_map_msgs/lib/libdeva_map_msgs__rosidl_generator_py.so
[0.461s] -- Up-to-date: /home/linjiawei/load_mcap/install/deva_map_msgs/share/deva_map_msgs/msg/AvpBoundary.idl
[0.461s] -- Up-to-date: /home/linjiawei/load_mcap/install/deva_map_msgs/share/deva_map_msgs/msg/AvpLocalMap.idl
[0.462s] -- Up-to-date: /home/linjiawei/load_mcap/install/deva_map_msgs/share/deva_map_msgs/msg/AvpSubLane.idl
[0.462s] -- Up-to-date: /home/linjiawei/load_mcap/install/deva_map_msgs/share/deva_map_msgs/msg/AvpSubMap.idl
[0.462s] -- Up-to-date: /home/linjiawei/load_mcap/install/deva_map_msgs/share/deva_map_msgs/msg/Channel.idl
[0.462s] -- Up-to-date: /home/linjiawei/load_mcap/install/deva_map_msgs/share/deva_map_msgs/msg/ChannelLaneInfo.idl
[0.462s] -- Up-to-date: /home/linjiawei/load_mcap/install/deva_map_msgs/share/deva_map_msgs/msg/ChannelLaneLine.idl
[0.462s] -- Up-to-date: /home/linjiawei/load_mcap/install/deva_map_msgs/share/deva_map_msgs/msg/ChannelLaneMarking.idl
[0.462s] -- Up-to-date: /home/linjiawei/load_mcap/install/deva_map_msgs/share/deva_map_msgs/msg/ChannelLaneSpeedLimitation.idl
[0.462s] -- Up-to-date: /home/linjiawei/load_mcap/install/deva_map_msgs/share/deva_map_msgs/msg/ChannelLaneType.idl
[0.462s] -- Up-to-date: /home/linjiawei/load_mcap/install/deva_map_msgs/share/deva_map_msgs/msg/ChannelMarkingType.idl
[0.462s] -- Up-to-date: /home/linjiawei/load_mcap/install/deva_map_msgs/share/deva_map_msgs/msg/ChannelObjectInfo.idl
[0.463s] -- Up-to-date: /home/linjiawei/load_mcap/install/deva_map_msgs/share/deva_map_msgs/msg/ChannelSignalInfo.idl
[0.463s] -- Up-to-date: /home/linjiawei/load_mcap/install/deva_map_msgs/share/deva_map_msgs/msg/ChannelTurnType.idl
[0.463s] -- Up-to-date: /home/linjiawei/load_mcap/install/deva_map_msgs/share/deva_map_msgs/msg/EgoTrajectory.idl
[0.463s] -- Up-to-date: /home/linjiawei/load_mcap/install/deva_map_msgs/share/deva_map_msgs/msg/EgoTrajectoryPoint.idl
[0.463s] -- Up-to-date: /home/linjiawei/load_mcap/install/deva_map_msgs/share/deva_map_msgs/msg/LaneWaypoint.idl
[0.463s] -- Up-to-date: /home/linjiawei/load_mcap/install/deva_map_msgs/share/deva_map_msgs/msg/LocalMap.idl
[0.463s] -- Up-to-date: /home/linjiawei/load_mcap/install/deva_map_msgs/share/deva_map_msgs/msg/LocalMapHeader.idl
[0.463s] -- Up-to-date: /home/linjiawei/load_mcap/install/deva_map_msgs/share/deva_map_msgs/msg/ObstacleEdge.idl
[0.463s] -- Up-to-date: /home/linjiawei/load_mcap/install/deva_map_msgs/share/deva_map_msgs/msg/PathPoint.idl
[0.463s] -- Up-to-date: /home/linjiawei/load_mcap/install/deva_map_msgs/share/deva_map_msgs/msg/ReferenceChannal.idl
[0.463s] -- Up-to-date: /home/linjiawei/load_mcap/install/deva_map_msgs/share/deva_map_msgs/msg/STLocalMap.idl
[0.463s] -- Up-to-date: /home/linjiawei/load_mcap/install/deva_map_msgs/share/deva_map_msgs/msg/TrafficLight.idl
[0.463s] -- Up-to-date: /home/linjiawei/load_mcap/install/deva_map_msgs/share/deva_map_msgs/msg/AvpBoundary.msg
[0.464s] -- Up-to-date: /home/linjiawei/load_mcap/install/deva_map_msgs/share/deva_map_msgs/msg/AvpLocalMap.msg
[0.464s] -- Up-to-date: /home/linjiawei/load_mcap/install/deva_map_msgs/share/deva_map_msgs/msg/AvpSubLane.msg
[0.464s] -- Up-to-date: /home/linjiawei/load_mcap/install/deva_map_msgs/share/deva_map_msgs/msg/AvpSubMap.msg
[0.464s] -- Up-to-date: /home/linjiawei/load_mcap/install/deva_map_msgs/share/deva_map_msgs/msg/Channel.msg
[0.464s] -- Up-to-date: /home/linjiawei/load_mcap/install/deva_map_msgs/share/deva_map_msgs/msg/ChannelLaneInfo.msg
[0.464s] -- Up-to-date: /home/linjiawei/load_mcap/install/deva_map_msgs/share/deva_map_msgs/msg/ChannelLaneLine.msg
[0.464s] -- Up-to-date: /home/linjiawei/load_mcap/install/deva_map_msgs/share/deva_map_msgs/msg/ChannelLaneMarking.msg
[0.464s] -- Up-to-date: /home/linjiawei/load_mcap/install/deva_map_msgs/share/deva_map_msgs/msg/ChannelLaneSpeedLimitation.msg
[0.464s] -- Up-to-date: /home/linjiawei/load_mcap/install/deva_map_msgs/share/deva_map_msgs/msg/ChannelLaneType.msg
[0.464s] -- Up-to-date: /home/linjiawei/load_mcap/install/deva_map_msgs/share/deva_map_msgs/msg/ChannelMarkingType.msg
[0.465s] -- Up-to-date: /home/linjiawei/load_mcap/install/deva_map_msgs/share/deva_map_msgs/msg/ChannelObjectInfo.msg
[0.465s] -- Up-to-date: /home/linjiawei/load_mcap/install/deva_map_msgs/share/deva_map_msgs/msg/ChannelSignalInfo.msg
[0.465s] -- Up-to-date: /home/linjiawei/load_mcap/install/deva_map_msgs/share/deva_map_msgs/msg/ChannelTurnType.msg
[0.465s] -- Up-to-date: /home/linjiawei/load_mcap/install/deva_map_msgs/share/deva_map_msgs/msg/EgoTrajectory.msg
[0.465s] -- Up-to-date: /home/linjiawei/load_mcap/install/deva_map_msgs/share/deva_map_msgs/msg/EgoTrajectoryPoint.msg
[0.465s] -- Up-to-date: /home/linjiawei/load_mcap/install/deva_map_msgs/share/deva_map_msgs/msg/LaneWaypoint.msg
[0.465s] -- Up-to-date: /home/linjiawei/load_mcap/install/deva_map_msgs/share/deva_map_msgs/msg/LocalMap.msg
[0.465s] -- Up-to-date: /home/linjiawei/load_mcap/install/deva_map_msgs/share/deva_map_msgs/msg/LocalMapHeader.msg
[0.465s] -- Up-to-date: /home/linjiawei/load_mcap/install/deva_map_msgs/share/deva_map_msgs/msg/ObstacleEdge.msg
[0.465s] -- Up-to-date: /home/linjiawei/load_mcap/install/deva_map_msgs/share/deva_map_msgs/msg/PathPoint.msg
[0.465s] -- Up-to-date: /home/linjiawei/load_mcap/install/deva_map_msgs/share/deva_map_msgs/msg/ReferenceChannal.msg
[0.465s] -- Up-to-date: /home/linjiawei/load_mcap/install/deva_map_msgs/share/deva_map_msgs/msg/STLocalMap.msg
[0.465s] -- Up-to-date: /home/linjiawei/load_mcap/install/deva_map_msgs/share/deva_map_msgs/msg/TrafficLight.msg
[0.465s] -- Up-to-date: /home/linjiawei/load_mcap/install/deva_map_msgs/share/ament_index/resource_index/package_run_dependencies/deva_map_msgs
[0.466s] -- Up-to-date: /home/linjiawei/load_mcap/install/deva_map_msgs/share/ament_index/resource_index/parent_prefix_path/deva_map_msgs
[0.466s] -- Up-to-date: /home/linjiawei/load_mcap/install/deva_map_msgs/share/deva_map_msgs/environment/ament_prefix_path.sh
[0.466s] -- Up-to-date: /home/linjiawei/load_mcap/install/deva_map_msgs/share/deva_map_msgs/environment/ament_prefix_path.dsv
[0.466s] -- Up-to-date: /home/linjiawei/load_mcap/install/deva_map_msgs/share/deva_map_msgs/environment/path.sh
[0.466s] -- Up-to-date: /home/linjiawei/load_mcap/install/deva_map_msgs/share/deva_map_msgs/environment/path.dsv
[0.466s] -- Up-to-date: /home/linjiawei/load_mcap/install/deva_map_msgs/share/deva_map_msgs/local_setup.bash
[0.466s] -- Up-to-date: /home/linjiawei/load_mcap/install/deva_map_msgs/share/deva_map_msgs/local_setup.sh
[0.466s] -- Up-to-date: /home/linjiawei/load_mcap/install/deva_map_msgs/share/deva_map_msgs/local_setup.zsh
[0.466s] -- Up-to-date: /home/linjiawei/load_mcap/install/deva_map_msgs/share/deva_map_msgs/local_setup.dsv
[0.466s] -- Installing: /home/linjiawei/load_mcap/install/deva_map_msgs/share/deva_map_msgs/package.dsv
[0.466s] -- Up-to-date: /home/linjiawei/load_mcap/install/deva_map_msgs/share/ament_index/resource_index/packages/deva_map_msgs
[0.466s] -- Up-to-date: /home/linjiawei/load_mcap/install/deva_map_msgs/share/deva_map_msgs/cmake/export_deva_map_msgs__rosidl_generator_cExport.cmake
[0.467s] -- Up-to-date: /home/linjiawei/load_mcap/install/deva_map_msgs/share/deva_map_msgs/cmake/export_deva_map_msgs__rosidl_generator_cExport-noconfig.cmake
[0.467s] -- Up-to-date: /home/linjiawei/load_mcap/install/deva_map_msgs/share/deva_map_msgs/cmake/export_deva_map_msgs__rosidl_typesupport_fastrtps_cExport.cmake
[0.467s] -- Up-to-date: /home/linjiawei/load_mcap/install/deva_map_msgs/share/deva_map_msgs/cmake/export_deva_map_msgs__rosidl_typesupport_fastrtps_cExport-noconfig.cmake
[0.467s] -- Up-to-date: /home/linjiawei/load_mcap/install/deva_map_msgs/share/deva_map_msgs/cmake/deva_map_msgs__rosidl_typesupport_introspection_cExport.cmake
[0.467s] -- Up-to-date: /home/linjiawei/load_mcap/install/deva_map_msgs/share/deva_map_msgs/cmake/deva_map_msgs__rosidl_typesupport_introspection_cExport-noconfig.cmake
[0.467s] -- Up-to-date: /home/linjiawei/load_mcap/install/deva_map_msgs/share/deva_map_msgs/cmake/deva_map_msgs__rosidl_typesupport_cExport.cmake
[0.467s] -- Up-to-date: /home/linjiawei/load_mcap/install/deva_map_msgs/share/deva_map_msgs/cmake/deva_map_msgs__rosidl_typesupport_cExport-noconfig.cmake
[0.467s] -- Up-to-date: /home/linjiawei/load_mcap/install/deva_map_msgs/share/deva_map_msgs/cmake/export_deva_map_msgs__rosidl_generator_cppExport.cmake
[0.467s] -- Up-to-date: /home/linjiawei/load_mcap/install/deva_map_msgs/share/deva_map_msgs/cmake/export_deva_map_msgs__rosidl_typesupport_fastrtps_cppExport.cmake
[0.467s] -- Up-to-date: /home/linjiawei/load_mcap/install/deva_map_msgs/share/deva_map_msgs/cmake/export_deva_map_msgs__rosidl_typesupport_fastrtps_cppExport-noconfig.cmake
[0.467s] -- Up-to-date: /home/linjiawei/load_mcap/install/deva_map_msgs/share/deva_map_msgs/cmake/deva_map_msgs__rosidl_typesupport_introspection_cppExport.cmake
[0.467s] -- Up-to-date: /home/linjiawei/load_mcap/install/deva_map_msgs/share/deva_map_msgs/cmake/deva_map_msgs__rosidl_typesupport_introspection_cppExport-noconfig.cmake
[0.467s] -- Up-to-date: /home/linjiawei/load_mcap/install/deva_map_msgs/share/deva_map_msgs/cmake/deva_map_msgs__rosidl_typesupport_cppExport.cmake
[0.467s] -- Up-to-date: /home/linjiawei/load_mcap/install/deva_map_msgs/share/deva_map_msgs/cmake/deva_map_msgs__rosidl_typesupport_cppExport-noconfig.cmake
[0.468s] -- Up-to-date: /home/linjiawei/load_mcap/install/deva_map_msgs/share/deva_map_msgs/cmake/export_deva_map_msgs__rosidl_generator_pyExport.cmake
[0.468s] -- Up-to-date: /home/linjiawei/load_mcap/install/deva_map_msgs/share/deva_map_msgs/cmake/export_deva_map_msgs__rosidl_generator_pyExport-noconfig.cmake
[0.468s] -- Up-to-date: /home/linjiawei/load_mcap/install/deva_map_msgs/share/deva_map_msgs/cmake/rosidl_cmake-extras.cmake
[0.468s] -- Up-to-date: /home/linjiawei/load_mcap/install/deva_map_msgs/share/deva_map_msgs/cmake/ament_cmake_export_dependencies-extras.cmake
[0.468s] -- Up-to-date: /home/linjiawei/load_mcap/install/deva_map_msgs/share/deva_map_msgs/cmake/ament_cmake_export_include_directories-extras.cmake
[0.468s] -- Up-to-date: /home/linjiawei/load_mcap/install/deva_map_msgs/share/deva_map_msgs/cmake/ament_cmake_export_libraries-extras.cmake
[0.468s] -- Up-to-date: /home/linjiawei/load_mcap/install/deva_map_msgs/share/deva_map_msgs/cmake/ament_cmake_export_targets-extras.cmake
[0.468s] -- Up-to-date: /home/linjiawei/load_mcap/install/deva_map_msgs/share/deva_map_msgs/cmake/rosidl_cmake_export_typesupport_targets-extras.cmake
[0.468s] -- Up-to-date: /home/linjiawei/load_mcap/install/deva_map_msgs/share/deva_map_msgs/cmake/rosidl_cmake_export_typesupport_libraries-extras.cmake
[0.468s] -- Up-to-date: /home/linjiawei/load_mcap/install/deva_map_msgs/share/deva_map_msgs/cmake/deva_map_msgsConfig.cmake
[0.468s] -- Up-to-date: /home/linjiawei/load_mcap/install/deva_map_msgs/share/deva_map_msgs/cmake/deva_map_msgsConfig-version.cmake
[0.468s] -- Up-to-date: /home/linjiawei/load_mcap/install/deva_map_msgs/share/deva_map_msgs/package.xml
[0.470s] Invoked command in '/home/linjiawei/load_mcap/build/deva_map_msgs' returned '0': AMENT_PREFIX_PATH=/home/linjiawei/load_mcap/install/deva_perception_msgs:/home/linjiawei/load_mcap/install/deva_localization_msgs:/home/linjiawei/load_mcap/install/deva_common_msgs:${AMENT_PREFIX_PATH} CMAKE_PREFIX_PATH=/home/linjiawei/load_mcap/install/deva_perception_msgs:/home/linjiawei/load_mcap/install/deva_localization_msgs:/home/linjiawei/load_mcap/install/deva_common_msgs:/opt/ros/humble LD_LIBRARY_PATH=/home/linjiawei/load_mcap/install/deva_perception_msgs/lib:/home/linjiawei/load_mcap/install/deva_localization_msgs/lib:/home/linjiawei/load_mcap/install/deva_common_msgs/lib:${LD_LIBRARY_PATH} PYTHONPATH=/home/linjiawei/load_mcap/install/deva_perception_msgs/local/lib/python3.10/dist-packages:/home/linjiawei/load_mcap/install/deva_localization_msgs/local/lib/python3.10/dist-packages:/home/linjiawei/load_mcap/install/deva_common_msgs/local/lib/python3.10/dist-packages:${PYTHONPATH} /usr/bin/cmake --install /home/linjiawei/load_mcap/build/deva_map_msgs
