[  0%] Built target deva_mdriver_msgs__cpp
[ 12%] Built target deva_mdriver_msgs__rosidl_generator_c
[ 12%] Built target ament_cmake_python_copy_deva_mdriver_msgs
[ 24%] Built target deva_mdriver_msgs__rosidl_typesupport_cpp
[ 41%] Built target deva_mdriver_msgs__rosidl_typesupport_c
[ 48%] Built target deva_mdriver_msgs__rosidl_typesupport_introspection_cpp
[ 60%] Built target deva_mdriver_msgs__rosidl_typesupport_fastrtps_cpp
[ 72%] Built target deva_mdriver_msgs__rosidl_typesupport_introspection_c
[ 84%] Built target deva_mdriver_msgs__rosidl_typesupport_fastrtps_c
[ 84%] Built target deva_mdriver_msgs
[ 85%] Built target deva_mdriver_msgs__py
[ 96%] Built target deva_mdriver_msgs__rosidl_generator_py
[ 97%] Built target deva_mdriver_msgs__rosidl_typesupport_c__pyext
[ 99%] Built target deva_mdriver_msgs__rosidl_typesupport_fastrtps_c__pyext
[100%] Built target deva_mdriver_msgs__rosidl_typesupport_introspection_c__pyext
running egg_info
writing deva_mdriver_msgs.egg-info/PKG-INFO
writing dependency_links to deva_mdriver_msgs.egg-info/dependency_links.txt
writing top-level names to deva_mdriver_msgs.egg-info/top_level.txt
reading manifest file 'deva_mdriver_msgs.egg-info/SOURCES.txt'
writing manifest file 'deva_mdriver_msgs.egg-info/SOURCES.txt'
[100%] Built target ament_cmake_python_build_deva_mdriver_msgs_egg
-- Install configuration: ""
-- Up-to-date: /home/linjiawei/load_mcap/install/deva_mdriver_msgs/share/ament_index/resource_index/rosidl_interfaces/deva_mdriver_msgs
-- Up-to-date: /home/linjiawei/load_mcap/install/deva_mdriver_msgs/include/deva_mdriver_msgs/deva_mdriver_msgs
-- Up-to-date: /home/linjiawei/load_mcap/install/deva_mdriver_msgs/include/deva_mdriver_msgs/deva_mdriver_msgs/msg
-- Up-to-date: /home/linjiawei/load_mcap/install/deva_mdriver_msgs/include/deva_mdriver_msgs/deva_mdriver_msgs/msg/rosidl_generator_c__visibility_control.h
-- Up-to-date: /home/linjiawei/load_mcap/install/deva_mdriver_msgs/include/deva_mdriver_msgs/deva_mdriver_msgs/msg/acc_heading_steering_stats.h
-- Up-to-date: /home/linjiawei/load_mcap/install/deva_mdriver_msgs/include/deva_mdriver_msgs/deva_mdriver_msgs/msg/detail
-- Up-to-date: /home/linjiawei/load_mcap/install/deva_mdriver_msgs/include/deva_mdriver_msgs/deva_mdriver_msgs/msg/detail/acc_heading_steering_stats__functions.c
-- Up-to-date: /home/linjiawei/load_mcap/install/deva_mdriver_msgs/include/deva_mdriver_msgs/deva_mdriver_msgs/msg/detail/acc_heading_steering_stats__functions.h
-- Up-to-date: /home/linjiawei/load_mcap/install/deva_mdriver_msgs/include/deva_mdriver_msgs/deva_mdriver_msgs/msg/detail/acc_heading_steering_stats__struct.h
-- Up-to-date: /home/linjiawei/load_mcap/install/deva_mdriver_msgs/include/deva_mdriver_msgs/deva_mdriver_msgs/msg/detail/acc_heading_steering_stats__type_support.h
-- Up-to-date: /home/linjiawei/load_mcap/install/deva_mdriver_msgs/include/deva_mdriver_msgs/deva_mdriver_msgs/msg/detail/center_line__functions.c
-- Up-to-date: /home/linjiawei/load_mcap/install/deva_mdriver_msgs/include/deva_mdriver_msgs/deva_mdriver_msgs/msg/detail/center_line__functions.h
-- Up-to-date: /home/linjiawei/load_mcap/install/deva_mdriver_msgs/include/deva_mdriver_msgs/deva_mdriver_msgs/msg/detail/center_line__struct.h
-- Up-to-date: /home/linjiawei/load_mcap/install/deva_mdriver_msgs/include/deva_mdriver_msgs/deva_mdriver_msgs/msg/detail/center_line__type_support.h
-- Up-to-date: /home/linjiawei/load_mcap/install/deva_mdriver_msgs/include/deva_mdriver_msgs/deva_mdriver_msgs/msg/detail/center_line_point__functions.c
-- Up-to-date: /home/linjiawei/load_mcap/install/deva_mdriver_msgs/include/deva_mdriver_msgs/deva_mdriver_msgs/msg/detail/center_line_point__functions.h
-- Up-to-date: /home/linjiawei/load_mcap/install/deva_mdriver_msgs/include/deva_mdriver_msgs/deva_mdriver_msgs/msg/detail/center_line_point__struct.h
-- Up-to-date: /home/linjiawei/load_mcap/install/deva_mdriver_msgs/include/deva_mdriver_msgs/deva_mdriver_msgs/msg/detail/center_line_point__type_support.h
-- Up-to-date: /home/linjiawei/load_mcap/install/deva_mdriver_msgs/include/deva_mdriver_msgs/deva_mdriver_msgs/msg/detail/center_lines__functions.c
-- Up-to-date: /home/linjiawei/load_mcap/install/deva_mdriver_msgs/include/deva_mdriver_msgs/deva_mdriver_msgs/msg/detail/center_lines__functions.h
-- Up-to-date: /home/linjiawei/load_mcap/install/deva_mdriver_msgs/include/deva_mdriver_msgs/deva_mdriver_msgs/msg/detail/center_lines__struct.h
-- Up-to-date: /home/linjiawei/load_mcap/install/deva_mdriver_msgs/include/deva_mdriver_msgs/deva_mdriver_msgs/msg/detail/center_lines__type_support.h
-- Up-to-date: /home/linjiawei/load_mcap/install/deva_mdriver_msgs/include/deva_mdriver_msgs/deva_mdriver_msgs/msg/detail/debug_info__functions.c
-- Up-to-date: /home/linjiawei/load_mcap/install/deva_mdriver_msgs/include/deva_mdriver_msgs/deva_mdriver_msgs/msg/detail/debug_info__functions.h
-- Up-to-date: /home/linjiawei/load_mcap/install/deva_mdriver_msgs/include/deva_mdriver_msgs/deva_mdriver_msgs/msg/detail/debug_info__struct.h
-- Up-to-date: /home/linjiawei/load_mcap/install/deva_mdriver_msgs/include/deva_mdriver_msgs/deva_mdriver_msgs/msg/detail/debug_info__type_support.h
-- Up-to-date: /home/linjiawei/load_mcap/install/deva_mdriver_msgs/include/deva_mdriver_msgs/deva_mdriver_msgs/msg/detail/m_prediction_obstacle__functions.c
-- Up-to-date: /home/linjiawei/load_mcap/install/deva_mdriver_msgs/include/deva_mdriver_msgs/deva_mdriver_msgs/msg/detail/m_prediction_obstacle__functions.h
-- Up-to-date: /home/linjiawei/load_mcap/install/deva_mdriver_msgs/include/deva_mdriver_msgs/deva_mdriver_msgs/msg/detail/m_prediction_obstacle__struct.h
-- Up-to-date: /home/linjiawei/load_mcap/install/deva_mdriver_msgs/include/deva_mdriver_msgs/deva_mdriver_msgs/msg/detail/m_prediction_obstacle__type_support.h
-- Up-to-date: /home/linjiawei/load_mcap/install/deva_mdriver_msgs/include/deva_mdriver_msgs/deva_mdriver_msgs/msg/detail/m_world__functions.c
-- Up-to-date: /home/linjiawei/load_mcap/install/deva_mdriver_msgs/include/deva_mdriver_msgs/deva_mdriver_msgs/msg/detail/m_world__functions.h
-- Up-to-date: /home/linjiawei/load_mcap/install/deva_mdriver_msgs/include/deva_mdriver_msgs/deva_mdriver_msgs/msg/detail/m_world__struct.h
-- Up-to-date: /home/linjiawei/load_mcap/install/deva_mdriver_msgs/include/deva_mdriver_msgs/deva_mdriver_msgs/msg/detail/m_world__type_support.h
-- Up-to-date: /home/linjiawei/load_mcap/install/deva_mdriver_msgs/include/deva_mdriver_msgs/deva_mdriver_msgs/msg/detail/mdriver_meta_action__functions.c
-- Up-to-date: /home/linjiawei/load_mcap/install/deva_mdriver_msgs/include/deva_mdriver_msgs/deva_mdriver_msgs/msg/detail/mdriver_meta_action__functions.h
-- Up-to-date: /home/linjiawei/load_mcap/install/deva_mdriver_msgs/include/deva_mdriver_msgs/deva_mdriver_msgs/msg/detail/mdriver_meta_action__struct.h
-- Up-to-date: /home/linjiawei/load_mcap/install/deva_mdriver_msgs/include/deva_mdriver_msgs/deva_mdriver_msgs/msg/detail/mdriver_meta_action__type_support.h
-- Up-to-date: /home/linjiawei/load_mcap/install/deva_mdriver_msgs/include/deva_mdriver_msgs/deva_mdriver_msgs/msg/detail/mdriver_ref_line__functions.c
-- Up-to-date: /home/linjiawei/load_mcap/install/deva_mdriver_msgs/include/deva_mdriver_msgs/deva_mdriver_msgs/msg/detail/mdriver_ref_line__functions.h
-- Up-to-date: /home/linjiawei/load_mcap/install/deva_mdriver_msgs/include/deva_mdriver_msgs/deva_mdriver_msgs/msg/detail/mdriver_ref_line__struct.h
-- Up-to-date: /home/linjiawei/load_mcap/install/deva_mdriver_msgs/include/deva_mdriver_msgs/deva_mdriver_msgs/msg/detail/mdriver_ref_line__type_support.h
-- Up-to-date: /home/linjiawei/load_mcap/install/deva_mdriver_msgs/include/deva_mdriver_msgs/deva_mdriver_msgs/msg/detail/mdriver_ref_lines__functions.c
-- Up-to-date: /home/linjiawei/load_mcap/install/deva_mdriver_msgs/include/deva_mdriver_msgs/deva_mdriver_msgs/msg/detail/mdriver_ref_lines__functions.h
-- Up-to-date: /home/linjiawei/load_mcap/install/deva_mdriver_msgs/include/deva_mdriver_msgs/deva_mdriver_msgs/msg/detail/mdriver_ref_lines__struct.h
-- Up-to-date: /home/linjiawei/load_mcap/install/deva_mdriver_msgs/include/deva_mdriver_msgs/deva_mdriver_msgs/msg/detail/mdriver_ref_lines__type_support.h
-- Up-to-date: /home/linjiawei/load_mcap/install/deva_mdriver_msgs/include/deva_mdriver_msgs/deva_mdriver_msgs/msg/detail/mdriver_result__functions.c
-- Up-to-date: /home/linjiawei/load_mcap/install/deva_mdriver_msgs/include/deva_mdriver_msgs/deva_mdriver_msgs/msg/detail/mdriver_result__functions.h
-- Up-to-date: /home/linjiawei/load_mcap/install/deva_mdriver_msgs/include/deva_mdriver_msgs/deva_mdriver_msgs/msg/detail/mdriver_result__struct.h
-- Up-to-date: /home/linjiawei/load_mcap/install/deva_mdriver_msgs/include/deva_mdriver_msgs/deva_mdriver_msgs/msg/detail/mdriver_result__type_support.h
-- Up-to-date: /home/linjiawei/load_mcap/install/deva_mdriver_msgs/include/deva_mdriver_msgs/deva_mdriver_msgs/msg/detail/mean_variance__functions.c
-- Up-to-date: /home/linjiawei/load_mcap/install/deva_mdriver_msgs/include/deva_mdriver_msgs/deva_mdriver_msgs/msg/detail/mean_variance__functions.h
-- Up-to-date: /home/linjiawei/load_mcap/install/deva_mdriver_msgs/include/deva_mdriver_msgs/deva_mdriver_msgs/msg/detail/mean_variance__struct.h
-- Up-to-date: /home/linjiawei/load_mcap/install/deva_mdriver_msgs/include/deva_mdriver_msgs/deva_mdriver_msgs/msg/detail/mean_variance__type_support.h
-- Up-to-date: /home/linjiawei/load_mcap/install/deva_mdriver_msgs/include/deva_mdriver_msgs/deva_mdriver_msgs/msg/detail/nudge_buffer__functions.c
-- Up-to-date: /home/linjiawei/load_mcap/install/deva_mdriver_msgs/include/deva_mdriver_msgs/deva_mdriver_msgs/msg/detail/nudge_buffer__functions.h
-- Up-to-date: /home/linjiawei/load_mcap/install/deva_mdriver_msgs/include/deva_mdriver_msgs/deva_mdriver_msgs/msg/detail/nudge_buffer__struct.h
-- Up-to-date: /home/linjiawei/load_mcap/install/deva_mdriver_msgs/include/deva_mdriver_msgs/deva_mdriver_msgs/msg/detail/nudge_buffer__type_support.h
-- Up-to-date: /home/linjiawei/load_mcap/install/deva_mdriver_msgs/include/deva_mdriver_msgs/deva_mdriver_msgs/msg/detail/obstacle_nudge_buffer__functions.c
-- Up-to-date: /home/linjiawei/load_mcap/install/deva_mdriver_msgs/include/deva_mdriver_msgs/deva_mdriver_msgs/msg/detail/obstacle_nudge_buffer__functions.h
-- Up-to-date: /home/linjiawei/load_mcap/install/deva_mdriver_msgs/include/deva_mdriver_msgs/deva_mdriver_msgs/msg/detail/obstacle_nudge_buffer__struct.h
-- Up-to-date: /home/linjiawei/load_mcap/install/deva_mdriver_msgs/include/deva_mdriver_msgs/deva_mdriver_msgs/msg/detail/obstacle_nudge_buffer__type_support.h
-- Up-to-date: /home/linjiawei/load_mcap/install/deva_mdriver_msgs/include/deva_mdriver_msgs/deva_mdriver_msgs/msg/center_line.h
-- Up-to-date: /home/linjiawei/load_mcap/install/deva_mdriver_msgs/include/deva_mdriver_msgs/deva_mdriver_msgs/msg/center_line_point.h
-- Up-to-date: /home/linjiawei/load_mcap/install/deva_mdriver_msgs/include/deva_mdriver_msgs/deva_mdriver_msgs/msg/center_lines.h
-- Up-to-date: /home/linjiawei/load_mcap/install/deva_mdriver_msgs/include/deva_mdriver_msgs/deva_mdriver_msgs/msg/debug_info.h
-- Up-to-date: /home/linjiawei/load_mcap/install/deva_mdriver_msgs/include/deva_mdriver_msgs/deva_mdriver_msgs/msg/m_prediction_obstacle.h
-- Up-to-date: /home/linjiawei/load_mcap/install/deva_mdriver_msgs/include/deva_mdriver_msgs/deva_mdriver_msgs/msg/m_world.h
-- Up-to-date: /home/linjiawei/load_mcap/install/deva_mdriver_msgs/include/deva_mdriver_msgs/deva_mdriver_msgs/msg/mdriver_meta_action.h
-- Up-to-date: /home/linjiawei/load_mcap/install/deva_mdriver_msgs/include/deva_mdriver_msgs/deva_mdriver_msgs/msg/mdriver_ref_line.h
-- Up-to-date: /home/linjiawei/load_mcap/install/deva_mdriver_msgs/include/deva_mdriver_msgs/deva_mdriver_msgs/msg/mdriver_ref_lines.h
-- Up-to-date: /home/linjiawei/load_mcap/install/deva_mdriver_msgs/include/deva_mdriver_msgs/deva_mdriver_msgs/msg/mdriver_result.h
-- Up-to-date: /home/linjiawei/load_mcap/install/deva_mdriver_msgs/include/deva_mdriver_msgs/deva_mdriver_msgs/msg/mean_variance.h
-- Up-to-date: /home/linjiawei/load_mcap/install/deva_mdriver_msgs/include/deva_mdriver_msgs/deva_mdriver_msgs/msg/nudge_buffer.h
-- Up-to-date: /home/linjiawei/load_mcap/install/deva_mdriver_msgs/include/deva_mdriver_msgs/deva_mdriver_msgs/msg/obstacle_nudge_buffer.h
-- Up-to-date: /home/linjiawei/load_mcap/install/deva_mdriver_msgs/share/deva_mdriver_msgs/environment/library_path.sh
-- Up-to-date: /home/linjiawei/load_mcap/install/deva_mdriver_msgs/share/deva_mdriver_msgs/environment/library_path.dsv
-- Up-to-date: /home/linjiawei/load_mcap/install/deva_mdriver_msgs/lib/libdeva_mdriver_msgs__rosidl_generator_c.so
-- Up-to-date: /home/linjiawei/load_mcap/install/deva_mdriver_msgs/include/deva_mdriver_msgs/deva_mdriver_msgs
-- Up-to-date: /home/linjiawei/load_mcap/install/deva_mdriver_msgs/include/deva_mdriver_msgs/deva_mdriver_msgs/msg
-- Up-to-date: /home/linjiawei/load_mcap/install/deva_mdriver_msgs/include/deva_mdriver_msgs/deva_mdriver_msgs/msg/rosidl_typesupport_fastrtps_c__visibility_control.h
-- Up-to-date: /home/linjiawei/load_mcap/install/deva_mdriver_msgs/include/deva_mdriver_msgs/deva_mdriver_msgs/msg/detail
-- Up-to-date: /home/linjiawei/load_mcap/install/deva_mdriver_msgs/include/deva_mdriver_msgs/deva_mdriver_msgs/msg/detail/acc_heading_steering_stats__rosidl_typesupport_fastrtps_c.h
-- Up-to-date: /home/linjiawei/load_mcap/install/deva_mdriver_msgs/include/deva_mdriver_msgs/deva_mdriver_msgs/msg/detail/center_line__rosidl_typesupport_fastrtps_c.h
-- Up-to-date: /home/linjiawei/load_mcap/install/deva_mdriver_msgs/include/deva_mdriver_msgs/deva_mdriver_msgs/msg/detail/center_line_point__rosidl_typesupport_fastrtps_c.h
-- Up-to-date: /home/linjiawei/load_mcap/install/deva_mdriver_msgs/include/deva_mdriver_msgs/deva_mdriver_msgs/msg/detail/center_lines__rosidl_typesupport_fastrtps_c.h
-- Up-to-date: /home/linjiawei/load_mcap/install/deva_mdriver_msgs/include/deva_mdriver_msgs/deva_mdriver_msgs/msg/detail/debug_info__rosidl_typesupport_fastrtps_c.h
-- Up-to-date: /home/linjiawei/load_mcap/install/deva_mdriver_msgs/include/deva_mdriver_msgs/deva_mdriver_msgs/msg/detail/m_prediction_obstacle__rosidl_typesupport_fastrtps_c.h
-- Up-to-date: /home/linjiawei/load_mcap/install/deva_mdriver_msgs/include/deva_mdriver_msgs/deva_mdriver_msgs/msg/detail/m_world__rosidl_typesupport_fastrtps_c.h
-- Up-to-date: /home/linjiawei/load_mcap/install/deva_mdriver_msgs/include/deva_mdriver_msgs/deva_mdriver_msgs/msg/detail/mdriver_meta_action__rosidl_typesupport_fastrtps_c.h
-- Up-to-date: /home/linjiawei/load_mcap/install/deva_mdriver_msgs/include/deva_mdriver_msgs/deva_mdriver_msgs/msg/detail/mdriver_ref_line__rosidl_typesupport_fastrtps_c.h
-- Up-to-date: /home/linjiawei/load_mcap/install/deva_mdriver_msgs/include/deva_mdriver_msgs/deva_mdriver_msgs/msg/detail/mdriver_ref_lines__rosidl_typesupport_fastrtps_c.h
-- Up-to-date: /home/linjiawei/load_mcap/install/deva_mdriver_msgs/include/deva_mdriver_msgs/deva_mdriver_msgs/msg/detail/mdriver_result__rosidl_typesupport_fastrtps_c.h
-- Up-to-date: /home/linjiawei/load_mcap/install/deva_mdriver_msgs/include/deva_mdriver_msgs/deva_mdriver_msgs/msg/detail/mean_variance__rosidl_typesupport_fastrtps_c.h
-- Up-to-date: /home/linjiawei/load_mcap/install/deva_mdriver_msgs/include/deva_mdriver_msgs/deva_mdriver_msgs/msg/detail/nudge_buffer__rosidl_typesupport_fastrtps_c.h
-- Up-to-date: /home/linjiawei/load_mcap/install/deva_mdriver_msgs/include/deva_mdriver_msgs/deva_mdriver_msgs/msg/detail/obstacle_nudge_buffer__rosidl_typesupport_fastrtps_c.h
-- Up-to-date: /home/linjiawei/load_mcap/install/deva_mdriver_msgs/lib/libdeva_mdriver_msgs__rosidl_typesupport_fastrtps_c.so
-- Up-to-date: /home/linjiawei/load_mcap/install/deva_mdriver_msgs/include/deva_mdriver_msgs/deva_mdriver_msgs
-- Up-to-date: /home/linjiawei/load_mcap/install/deva_mdriver_msgs/include/deva_mdriver_msgs/deva_mdriver_msgs/msg
-- Up-to-date: /home/linjiawei/load_mcap/install/deva_mdriver_msgs/include/deva_mdriver_msgs/deva_mdriver_msgs/msg/rosidl_typesupport_introspection_c__visibility_control.h
-- Up-to-date: /home/linjiawei/load_mcap/install/deva_mdriver_msgs/include/deva_mdriver_msgs/deva_mdriver_msgs/msg/detail
-- Up-to-date: /home/linjiawei/load_mcap/install/deva_mdriver_msgs/include/deva_mdriver_msgs/deva_mdriver_msgs/msg/detail/acc_heading_steering_stats__rosidl_typesupport_introspection_c.h
-- Up-to-date: /home/linjiawei/load_mcap/install/deva_mdriver_msgs/include/deva_mdriver_msgs/deva_mdriver_msgs/msg/detail/acc_heading_steering_stats__type_support.c
-- Up-to-date: /home/linjiawei/load_mcap/install/deva_mdriver_msgs/include/deva_mdriver_msgs/deva_mdriver_msgs/msg/detail/center_line__rosidl_typesupport_introspection_c.h
-- Up-to-date: /home/linjiawei/load_mcap/install/deva_mdriver_msgs/include/deva_mdriver_msgs/deva_mdriver_msgs/msg/detail/center_line__type_support.c
-- Up-to-date: /home/linjiawei/load_mcap/install/deva_mdriver_msgs/include/deva_mdriver_msgs/deva_mdriver_msgs/msg/detail/center_line_point__rosidl_typesupport_introspection_c.h
-- Up-to-date: /home/linjiawei/load_mcap/install/deva_mdriver_msgs/include/deva_mdriver_msgs/deva_mdriver_msgs/msg/detail/center_line_point__type_support.c
-- Up-to-date: /home/linjiawei/load_mcap/install/deva_mdriver_msgs/include/deva_mdriver_msgs/deva_mdriver_msgs/msg/detail/center_lines__rosidl_typesupport_introspection_c.h
-- Up-to-date: /home/linjiawei/load_mcap/install/deva_mdriver_msgs/include/deva_mdriver_msgs/deva_mdriver_msgs/msg/detail/center_lines__type_support.c
-- Up-to-date: /home/linjiawei/load_mcap/install/deva_mdriver_msgs/include/deva_mdriver_msgs/deva_mdriver_msgs/msg/detail/debug_info__rosidl_typesupport_introspection_c.h
-- Up-to-date: /home/linjiawei/load_mcap/install/deva_mdriver_msgs/include/deva_mdriver_msgs/deva_mdriver_msgs/msg/detail/debug_info__type_support.c
-- Up-to-date: /home/linjiawei/load_mcap/install/deva_mdriver_msgs/include/deva_mdriver_msgs/deva_mdriver_msgs/msg/detail/m_prediction_obstacle__rosidl_typesupport_introspection_c.h
-- Up-to-date: /home/linjiawei/load_mcap/install/deva_mdriver_msgs/include/deva_mdriver_msgs/deva_mdriver_msgs/msg/detail/m_prediction_obstacle__type_support.c
-- Up-to-date: /home/linjiawei/load_mcap/install/deva_mdriver_msgs/include/deva_mdriver_msgs/deva_mdriver_msgs/msg/detail/m_world__rosidl_typesupport_introspection_c.h
-- Up-to-date: /home/linjiawei/load_mcap/install/deva_mdriver_msgs/include/deva_mdriver_msgs/deva_mdriver_msgs/msg/detail/m_world__type_support.c
-- Up-to-date: /home/linjiawei/load_mcap/install/deva_mdriver_msgs/include/deva_mdriver_msgs/deva_mdriver_msgs/msg/detail/mdriver_meta_action__rosidl_typesupport_introspection_c.h
-- Up-to-date: /home/linjiawei/load_mcap/install/deva_mdriver_msgs/include/deva_mdriver_msgs/deva_mdriver_msgs/msg/detail/mdriver_meta_action__type_support.c
-- Up-to-date: /home/linjiawei/load_mcap/install/deva_mdriver_msgs/include/deva_mdriver_msgs/deva_mdriver_msgs/msg/detail/mdriver_ref_line__rosidl_typesupport_introspection_c.h
-- Up-to-date: /home/linjiawei/load_mcap/install/deva_mdriver_msgs/include/deva_mdriver_msgs/deva_mdriver_msgs/msg/detail/mdriver_ref_line__type_support.c
-- Up-to-date: /home/linjiawei/load_mcap/install/deva_mdriver_msgs/include/deva_mdriver_msgs/deva_mdriver_msgs/msg/detail/mdriver_ref_lines__rosidl_typesupport_introspection_c.h
-- Up-to-date: /home/linjiawei/load_mcap/install/deva_mdriver_msgs/include/deva_mdriver_msgs/deva_mdriver_msgs/msg/detail/mdriver_ref_lines__type_support.c
-- Up-to-date: /home/linjiawei/load_mcap/install/deva_mdriver_msgs/include/deva_mdriver_msgs/deva_mdriver_msgs/msg/detail/mdriver_result__rosidl_typesupport_introspection_c.h
-- Up-to-date: /home/linjiawei/load_mcap/install/deva_mdriver_msgs/include/deva_mdriver_msgs/deva_mdriver_msgs/msg/detail/mdriver_result__type_support.c
-- Up-to-date: /home/linjiawei/load_mcap/install/deva_mdriver_msgs/include/deva_mdriver_msgs/deva_mdriver_msgs/msg/detail/mean_variance__rosidl_typesupport_introspection_c.h
-- Up-to-date: /home/linjiawei/load_mcap/install/deva_mdriver_msgs/include/deva_mdriver_msgs/deva_mdriver_msgs/msg/detail/mean_variance__type_support.c
-- Up-to-date: /home/linjiawei/load_mcap/install/deva_mdriver_msgs/include/deva_mdriver_msgs/deva_mdriver_msgs/msg/detail/nudge_buffer__rosidl_typesupport_introspection_c.h
-- Up-to-date: /home/linjiawei/load_mcap/install/deva_mdriver_msgs/include/deva_mdriver_msgs/deva_mdriver_msgs/msg/detail/nudge_buffer__type_support.c
-- Up-to-date: /home/linjiawei/load_mcap/install/deva_mdriver_msgs/include/deva_mdriver_msgs/deva_mdriver_msgs/msg/detail/obstacle_nudge_buffer__rosidl_typesupport_introspection_c.h
-- Up-to-date: /home/linjiawei/load_mcap/install/deva_mdriver_msgs/include/deva_mdriver_msgs/deva_mdriver_msgs/msg/detail/obstacle_nudge_buffer__type_support.c
-- Up-to-date: /home/linjiawei/load_mcap/install/deva_mdriver_msgs/lib/libdeva_mdriver_msgs__rosidl_typesupport_introspection_c.so
-- Up-to-date: /home/linjiawei/load_mcap/install/deva_mdriver_msgs/lib/libdeva_mdriver_msgs__rosidl_typesupport_c.so
-- Up-to-date: /home/linjiawei/load_mcap/install/deva_mdriver_msgs/include/deva_mdriver_msgs/deva_mdriver_msgs
-- Up-to-date: /home/linjiawei/load_mcap/install/deva_mdriver_msgs/include/deva_mdriver_msgs/deva_mdriver_msgs/msg
-- Up-to-date: /home/linjiawei/load_mcap/install/deva_mdriver_msgs/include/deva_mdriver_msgs/deva_mdriver_msgs/msg/rosidl_generator_cpp__visibility_control.hpp
-- Up-to-date: /home/linjiawei/load_mcap/install/deva_mdriver_msgs/include/deva_mdriver_msgs/deva_mdriver_msgs/msg/acc_heading_steering_stats.hpp
-- Up-to-date: /home/linjiawei/load_mcap/install/deva_mdriver_msgs/include/deva_mdriver_msgs/deva_mdriver_msgs/msg/detail
-- Up-to-date: /home/linjiawei/load_mcap/install/deva_mdriver_msgs/include/deva_mdriver_msgs/deva_mdriver_msgs/msg/detail/acc_heading_steering_stats__builder.hpp
-- Up-to-date: /home/linjiawei/load_mcap/install/deva_mdriver_msgs/include/deva_mdriver_msgs/deva_mdriver_msgs/msg/detail/acc_heading_steering_stats__struct.hpp
-- Up-to-date: /home/linjiawei/load_mcap/install/deva_mdriver_msgs/include/deva_mdriver_msgs/deva_mdriver_msgs/msg/detail/acc_heading_steering_stats__traits.hpp
-- Up-to-date: /home/linjiawei/load_mcap/install/deva_mdriver_msgs/include/deva_mdriver_msgs/deva_mdriver_msgs/msg/detail/acc_heading_steering_stats__type_support.hpp
-- Up-to-date: /home/linjiawei/load_mcap/install/deva_mdriver_msgs/include/deva_mdriver_msgs/deva_mdriver_msgs/msg/detail/center_line__builder.hpp
-- Up-to-date: /home/linjiawei/load_mcap/install/deva_mdriver_msgs/include/deva_mdriver_msgs/deva_mdriver_msgs/msg/detail/center_line__struct.hpp
-- Up-to-date: /home/linjiawei/load_mcap/install/deva_mdriver_msgs/include/deva_mdriver_msgs/deva_mdriver_msgs/msg/detail/center_line__traits.hpp
-- Up-to-date: /home/linjiawei/load_mcap/install/deva_mdriver_msgs/include/deva_mdriver_msgs/deva_mdriver_msgs/msg/detail/center_line__type_support.hpp
-- Up-to-date: /home/linjiawei/load_mcap/install/deva_mdriver_msgs/include/deva_mdriver_msgs/deva_mdriver_msgs/msg/detail/center_line_point__builder.hpp
-- Up-to-date: /home/linjiawei/load_mcap/install/deva_mdriver_msgs/include/deva_mdriver_msgs/deva_mdriver_msgs/msg/detail/center_line_point__struct.hpp
-- Up-to-date: /home/linjiawei/load_mcap/install/deva_mdriver_msgs/include/deva_mdriver_msgs/deva_mdriver_msgs/msg/detail/center_line_point__traits.hpp
-- Up-to-date: /home/linjiawei/load_mcap/install/deva_mdriver_msgs/include/deva_mdriver_msgs/deva_mdriver_msgs/msg/detail/center_line_point__type_support.hpp
-- Up-to-date: /home/linjiawei/load_mcap/install/deva_mdriver_msgs/include/deva_mdriver_msgs/deva_mdriver_msgs/msg/detail/center_lines__builder.hpp
-- Up-to-date: /home/linjiawei/load_mcap/install/deva_mdriver_msgs/include/deva_mdriver_msgs/deva_mdriver_msgs/msg/detail/center_lines__struct.hpp
-- Up-to-date: /home/linjiawei/load_mcap/install/deva_mdriver_msgs/include/deva_mdriver_msgs/deva_mdriver_msgs/msg/detail/center_lines__traits.hpp
-- Up-to-date: /home/linjiawei/load_mcap/install/deva_mdriver_msgs/include/deva_mdriver_msgs/deva_mdriver_msgs/msg/detail/center_lines__type_support.hpp
-- Up-to-date: /home/linjiawei/load_mcap/install/deva_mdriver_msgs/include/deva_mdriver_msgs/deva_mdriver_msgs/msg/detail/debug_info__builder.hpp
-- Up-to-date: /home/linjiawei/load_mcap/install/deva_mdriver_msgs/include/deva_mdriver_msgs/deva_mdriver_msgs/msg/detail/debug_info__struct.hpp
-- Up-to-date: /home/linjiawei/load_mcap/install/deva_mdriver_msgs/include/deva_mdriver_msgs/deva_mdriver_msgs/msg/detail/debug_info__traits.hpp
-- Up-to-date: /home/linjiawei/load_mcap/install/deva_mdriver_msgs/include/deva_mdriver_msgs/deva_mdriver_msgs/msg/detail/debug_info__type_support.hpp
-- Up-to-date: /home/linjiawei/load_mcap/install/deva_mdriver_msgs/include/deva_mdriver_msgs/deva_mdriver_msgs/msg/detail/m_prediction_obstacle__builder.hpp
-- Up-to-date: /home/linjiawei/load_mcap/install/deva_mdriver_msgs/include/deva_mdriver_msgs/deva_mdriver_msgs/msg/detail/m_prediction_obstacle__struct.hpp
-- Up-to-date: /home/linjiawei/load_mcap/install/deva_mdriver_msgs/include/deva_mdriver_msgs/deva_mdriver_msgs/msg/detail/m_prediction_obstacle__traits.hpp
-- Up-to-date: /home/linjiawei/load_mcap/install/deva_mdriver_msgs/include/deva_mdriver_msgs/deva_mdriver_msgs/msg/detail/m_prediction_obstacle__type_support.hpp
-- Up-to-date: /home/linjiawei/load_mcap/install/deva_mdriver_msgs/include/deva_mdriver_msgs/deva_mdriver_msgs/msg/detail/m_world__builder.hpp
-- Up-to-date: /home/linjiawei/load_mcap/install/deva_mdriver_msgs/include/deva_mdriver_msgs/deva_mdriver_msgs/msg/detail/m_world__struct.hpp
-- Up-to-date: /home/linjiawei/load_mcap/install/deva_mdriver_msgs/include/deva_mdriver_msgs/deva_mdriver_msgs/msg/detail/m_world__traits.hpp
-- Up-to-date: /home/linjiawei/load_mcap/install/deva_mdriver_msgs/include/deva_mdriver_msgs/deva_mdriver_msgs/msg/detail/m_world__type_support.hpp
-- Up-to-date: /home/linjiawei/load_mcap/install/deva_mdriver_msgs/include/deva_mdriver_msgs/deva_mdriver_msgs/msg/detail/mdriver_meta_action__builder.hpp
-- Up-to-date: /home/linjiawei/load_mcap/install/deva_mdriver_msgs/include/deva_mdriver_msgs/deva_mdriver_msgs/msg/detail/mdriver_meta_action__struct.hpp
-- Up-to-date: /home/linjiawei/load_mcap/install/deva_mdriver_msgs/include/deva_mdriver_msgs/deva_mdriver_msgs/msg/detail/mdriver_meta_action__traits.hpp
-- Up-to-date: /home/linjiawei/load_mcap/install/deva_mdriver_msgs/include/deva_mdriver_msgs/deva_mdriver_msgs/msg/detail/mdriver_meta_action__type_support.hpp
-- Up-to-date: /home/linjiawei/load_mcap/install/deva_mdriver_msgs/include/deva_mdriver_msgs/deva_mdriver_msgs/msg/detail/mdriver_ref_line__builder.hpp
-- Up-to-date: /home/linjiawei/load_mcap/install/deva_mdriver_msgs/include/deva_mdriver_msgs/deva_mdriver_msgs/msg/detail/mdriver_ref_line__struct.hpp
-- Up-to-date: /home/linjiawei/load_mcap/install/deva_mdriver_msgs/include/deva_mdriver_msgs/deva_mdriver_msgs/msg/detail/mdriver_ref_line__traits.hpp
-- Up-to-date: /home/linjiawei/load_mcap/install/deva_mdriver_msgs/include/deva_mdriver_msgs/deva_mdriver_msgs/msg/detail/mdriver_ref_line__type_support.hpp
-- Up-to-date: /home/linjiawei/load_mcap/install/deva_mdriver_msgs/include/deva_mdriver_msgs/deva_mdriver_msgs/msg/detail/mdriver_ref_lines__builder.hpp
-- Up-to-date: /home/linjiawei/load_mcap/install/deva_mdriver_msgs/include/deva_mdriver_msgs/deva_mdriver_msgs/msg/detail/mdriver_ref_lines__struct.hpp
-- Up-to-date: /home/linjiawei/load_mcap/install/deva_mdriver_msgs/include/deva_mdriver_msgs/deva_mdriver_msgs/msg/detail/mdriver_ref_lines__traits.hpp
-- Up-to-date: /home/linjiawei/load_mcap/install/deva_mdriver_msgs/include/deva_mdriver_msgs/deva_mdriver_msgs/msg/detail/mdriver_ref_lines__type_support.hpp
-- Up-to-date: /home/linjiawei/load_mcap/install/deva_mdriver_msgs/include/deva_mdriver_msgs/deva_mdriver_msgs/msg/detail/mdriver_result__builder.hpp
-- Up-to-date: /home/linjiawei/load_mcap/install/deva_mdriver_msgs/include/deva_mdriver_msgs/deva_mdriver_msgs/msg/detail/mdriver_result__struct.hpp
-- Up-to-date: /home/linjiawei/load_mcap/install/deva_mdriver_msgs/include/deva_mdriver_msgs/deva_mdriver_msgs/msg/detail/mdriver_result__traits.hpp
-- Up-to-date: /home/linjiawei/load_mcap/install/deva_mdriver_msgs/include/deva_mdriver_msgs/deva_mdriver_msgs/msg/detail/mdriver_result__type_support.hpp
-- Up-to-date: /home/linjiawei/load_mcap/install/deva_mdriver_msgs/include/deva_mdriver_msgs/deva_mdriver_msgs/msg/detail/mean_variance__builder.hpp
-- Up-to-date: /home/linjiawei/load_mcap/install/deva_mdriver_msgs/include/deva_mdriver_msgs/deva_mdriver_msgs/msg/detail/mean_variance__struct.hpp
-- Up-to-date: /home/linjiawei/load_mcap/install/deva_mdriver_msgs/include/deva_mdriver_msgs/deva_mdriver_msgs/msg/detail/mean_variance__traits.hpp
-- Up-to-date: /home/linjiawei/load_mcap/install/deva_mdriver_msgs/include/deva_mdriver_msgs/deva_mdriver_msgs/msg/detail/mean_variance__type_support.hpp
-- Up-to-date: /home/linjiawei/load_mcap/install/deva_mdriver_msgs/include/deva_mdriver_msgs/deva_mdriver_msgs/msg/detail/nudge_buffer__builder.hpp
-- Up-to-date: /home/linjiawei/load_mcap/install/deva_mdriver_msgs/include/deva_mdriver_msgs/deva_mdriver_msgs/msg/detail/nudge_buffer__struct.hpp
-- Up-to-date: /home/linjiawei/load_mcap/install/deva_mdriver_msgs/include/deva_mdriver_msgs/deva_mdriver_msgs/msg/detail/nudge_buffer__traits.hpp
-- Up-to-date: /home/linjiawei/load_mcap/install/deva_mdriver_msgs/include/deva_mdriver_msgs/deva_mdriver_msgs/msg/detail/nudge_buffer__type_support.hpp
-- Up-to-date: /home/linjiawei/load_mcap/install/deva_mdriver_msgs/include/deva_mdriver_msgs/deva_mdriver_msgs/msg/detail/obstacle_nudge_buffer__builder.hpp
-- Up-to-date: /home/linjiawei/load_mcap/install/deva_mdriver_msgs/include/deva_mdriver_msgs/deva_mdriver_msgs/msg/detail/obstacle_nudge_buffer__struct.hpp
-- Up-to-date: /home/linjiawei/load_mcap/install/deva_mdriver_msgs/include/deva_mdriver_msgs/deva_mdriver_msgs/msg/detail/obstacle_nudge_buffer__traits.hpp
-- Up-to-date: /home/linjiawei/load_mcap/install/deva_mdriver_msgs/include/deva_mdriver_msgs/deva_mdriver_msgs/msg/detail/obstacle_nudge_buffer__type_support.hpp
-- Up-to-date: /home/linjiawei/load_mcap/install/deva_mdriver_msgs/include/deva_mdriver_msgs/deva_mdriver_msgs/msg/center_line.hpp
-- Up-to-date: /home/linjiawei/load_mcap/install/deva_mdriver_msgs/include/deva_mdriver_msgs/deva_mdriver_msgs/msg/center_line_point.hpp
-- Up-to-date: /home/linjiawei/load_mcap/install/deva_mdriver_msgs/include/deva_mdriver_msgs/deva_mdriver_msgs/msg/center_lines.hpp
-- Up-to-date: /home/linjiawei/load_mcap/install/deva_mdriver_msgs/include/deva_mdriver_msgs/deva_mdriver_msgs/msg/debug_info.hpp
-- Up-to-date: /home/linjiawei/load_mcap/install/deva_mdriver_msgs/include/deva_mdriver_msgs/deva_mdriver_msgs/msg/m_prediction_obstacle.hpp
-- Up-to-date: /home/linjiawei/load_mcap/install/deva_mdriver_msgs/include/deva_mdriver_msgs/deva_mdriver_msgs/msg/m_world.hpp
-- Up-to-date: /home/linjiawei/load_mcap/install/deva_mdriver_msgs/include/deva_mdriver_msgs/deva_mdriver_msgs/msg/mdriver_meta_action.hpp
-- Up-to-date: /home/linjiawei/load_mcap/install/deva_mdriver_msgs/include/deva_mdriver_msgs/deva_mdriver_msgs/msg/mdriver_ref_line.hpp
-- Up-to-date: /home/linjiawei/load_mcap/install/deva_mdriver_msgs/include/deva_mdriver_msgs/deva_mdriver_msgs/msg/mdriver_ref_lines.hpp
-- Up-to-date: /home/linjiawei/load_mcap/install/deva_mdriver_msgs/include/deva_mdriver_msgs/deva_mdriver_msgs/msg/mdriver_result.hpp
-- Up-to-date: /home/linjiawei/load_mcap/install/deva_mdriver_msgs/include/deva_mdriver_msgs/deva_mdriver_msgs/msg/mean_variance.hpp
-- Up-to-date: /home/linjiawei/load_mcap/install/deva_mdriver_msgs/include/deva_mdriver_msgs/deva_mdriver_msgs/msg/nudge_buffer.hpp
-- Up-to-date: /home/linjiawei/load_mcap/install/deva_mdriver_msgs/include/deva_mdriver_msgs/deva_mdriver_msgs/msg/obstacle_nudge_buffer.hpp
-- Up-to-date: /home/linjiawei/load_mcap/install/deva_mdriver_msgs/include/deva_mdriver_msgs/deva_mdriver_msgs
-- Up-to-date: /home/linjiawei/load_mcap/install/deva_mdriver_msgs/include/deva_mdriver_msgs/deva_mdriver_msgs/msg
-- Up-to-date: /home/linjiawei/load_mcap/install/deva_mdriver_msgs/include/deva_mdriver_msgs/deva_mdriver_msgs/msg/rosidl_typesupport_fastrtps_cpp__visibility_control.h
-- Up-to-date: /home/linjiawei/load_mcap/install/deva_mdriver_msgs/include/deva_mdriver_msgs/deva_mdriver_msgs/msg/detail
-- Up-to-date: /home/linjiawei/load_mcap/install/deva_mdriver_msgs/include/deva_mdriver_msgs/deva_mdriver_msgs/msg/detail/acc_heading_steering_stats__rosidl_typesupport_fastrtps_cpp.hpp
-- Up-to-date: /home/linjiawei/load_mcap/install/deva_mdriver_msgs/include/deva_mdriver_msgs/deva_mdriver_msgs/msg/detail/dds_fastrtps
-- Up-to-date: /home/linjiawei/load_mcap/install/deva_mdriver_msgs/include/deva_mdriver_msgs/deva_mdriver_msgs/msg/detail/center_line__rosidl_typesupport_fastrtps_cpp.hpp
-- Up-to-date: /home/linjiawei/load_mcap/install/deva_mdriver_msgs/include/deva_mdriver_msgs/deva_mdriver_msgs/msg/detail/center_line_point__rosidl_typesupport_fastrtps_cpp.hpp
-- Up-to-date: /home/linjiawei/load_mcap/install/deva_mdriver_msgs/include/deva_mdriver_msgs/deva_mdriver_msgs/msg/detail/center_lines__rosidl_typesupport_fastrtps_cpp.hpp
-- Up-to-date: /home/linjiawei/load_mcap/install/deva_mdriver_msgs/include/deva_mdriver_msgs/deva_mdriver_msgs/msg/detail/debug_info__rosidl_typesupport_fastrtps_cpp.hpp
-- Up-to-date: /home/linjiawei/load_mcap/install/deva_mdriver_msgs/include/deva_mdriver_msgs/deva_mdriver_msgs/msg/detail/m_prediction_obstacle__rosidl_typesupport_fastrtps_cpp.hpp
-- Up-to-date: /home/linjiawei/load_mcap/install/deva_mdriver_msgs/include/deva_mdriver_msgs/deva_mdriver_msgs/msg/detail/m_world__rosidl_typesupport_fastrtps_cpp.hpp
-- Up-to-date: /home/linjiawei/load_mcap/install/deva_mdriver_msgs/include/deva_mdriver_msgs/deva_mdriver_msgs/msg/detail/mdriver_meta_action__rosidl_typesupport_fastrtps_cpp.hpp
-- Up-to-date: /home/linjiawei/load_mcap/install/deva_mdriver_msgs/include/deva_mdriver_msgs/deva_mdriver_msgs/msg/detail/mdriver_ref_line__rosidl_typesupport_fastrtps_cpp.hpp
-- Up-to-date: /home/linjiawei/load_mcap/install/deva_mdriver_msgs/include/deva_mdriver_msgs/deva_mdriver_msgs/msg/detail/mdriver_ref_lines__rosidl_typesupport_fastrtps_cpp.hpp
-- Up-to-date: /home/linjiawei/load_mcap/install/deva_mdriver_msgs/include/deva_mdriver_msgs/deva_mdriver_msgs/msg/detail/mdriver_result__rosidl_typesupport_fastrtps_cpp.hpp
-- Up-to-date: /home/linjiawei/load_mcap/install/deva_mdriver_msgs/include/deva_mdriver_msgs/deva_mdriver_msgs/msg/detail/mean_variance__rosidl_typesupport_fastrtps_cpp.hpp
-- Up-to-date: /home/linjiawei/load_mcap/install/deva_mdriver_msgs/include/deva_mdriver_msgs/deva_mdriver_msgs/msg/detail/nudge_buffer__rosidl_typesupport_fastrtps_cpp.hpp
-- Up-to-date: /home/linjiawei/load_mcap/install/deva_mdriver_msgs/include/deva_mdriver_msgs/deva_mdriver_msgs/msg/detail/obstacle_nudge_buffer__rosidl_typesupport_fastrtps_cpp.hpp
-- Up-to-date: /home/linjiawei/load_mcap/install/deva_mdriver_msgs/lib/libdeva_mdriver_msgs__rosidl_typesupport_fastrtps_cpp.so
-- Up-to-date: /home/linjiawei/load_mcap/install/deva_mdriver_msgs/include/deva_mdriver_msgs/deva_mdriver_msgs
-- Up-to-date: /home/linjiawei/load_mcap/install/deva_mdriver_msgs/include/deva_mdriver_msgs/deva_mdriver_msgs/msg
-- Up-to-date: /home/linjiawei/load_mcap/install/deva_mdriver_msgs/include/deva_mdriver_msgs/deva_mdriver_msgs/msg/detail
-- Up-to-date: /home/linjiawei/load_mcap/install/deva_mdriver_msgs/include/deva_mdriver_msgs/deva_mdriver_msgs/msg/detail/acc_heading_steering_stats__rosidl_typesupport_introspection_cpp.hpp
-- Up-to-date: /home/linjiawei/load_mcap/install/deva_mdriver_msgs/include/deva_mdriver_msgs/deva_mdriver_msgs/msg/detail/acc_heading_steering_stats__type_support.cpp
-- Up-to-date: /home/linjiawei/load_mcap/install/deva_mdriver_msgs/include/deva_mdriver_msgs/deva_mdriver_msgs/msg/detail/center_line__rosidl_typesupport_introspection_cpp.hpp
-- Up-to-date: /home/linjiawei/load_mcap/install/deva_mdriver_msgs/include/deva_mdriver_msgs/deva_mdriver_msgs/msg/detail/center_line__type_support.cpp
-- Up-to-date: /home/linjiawei/load_mcap/install/deva_mdriver_msgs/include/deva_mdriver_msgs/deva_mdriver_msgs/msg/detail/center_line_point__rosidl_typesupport_introspection_cpp.hpp
-- Up-to-date: /home/linjiawei/load_mcap/install/deva_mdriver_msgs/include/deva_mdriver_msgs/deva_mdriver_msgs/msg/detail/center_line_point__type_support.cpp
-- Up-to-date: /home/linjiawei/load_mcap/install/deva_mdriver_msgs/include/deva_mdriver_msgs/deva_mdriver_msgs/msg/detail/center_lines__rosidl_typesupport_introspection_cpp.hpp
-- Up-to-date: /home/linjiawei/load_mcap/install/deva_mdriver_msgs/include/deva_mdriver_msgs/deva_mdriver_msgs/msg/detail/center_lines__type_support.cpp
-- Up-to-date: /home/linjiawei/load_mcap/install/deva_mdriver_msgs/include/deva_mdriver_msgs/deva_mdriver_msgs/msg/detail/debug_info__rosidl_typesupport_introspection_cpp.hpp
-- Up-to-date: /home/linjiawei/load_mcap/install/deva_mdriver_msgs/include/deva_mdriver_msgs/deva_mdriver_msgs/msg/detail/debug_info__type_support.cpp
-- Up-to-date: /home/linjiawei/load_mcap/install/deva_mdriver_msgs/include/deva_mdriver_msgs/deva_mdriver_msgs/msg/detail/m_prediction_obstacle__rosidl_typesupport_introspection_cpp.hpp
-- Up-to-date: /home/linjiawei/load_mcap/install/deva_mdriver_msgs/include/deva_mdriver_msgs/deva_mdriver_msgs/msg/detail/m_prediction_obstacle__type_support.cpp
-- Up-to-date: /home/linjiawei/load_mcap/install/deva_mdriver_msgs/include/deva_mdriver_msgs/deva_mdriver_msgs/msg/detail/m_world__rosidl_typesupport_introspection_cpp.hpp
-- Up-to-date: /home/linjiawei/load_mcap/install/deva_mdriver_msgs/include/deva_mdriver_msgs/deva_mdriver_msgs/msg/detail/m_world__type_support.cpp
-- Up-to-date: /home/linjiawei/load_mcap/install/deva_mdriver_msgs/include/deva_mdriver_msgs/deva_mdriver_msgs/msg/detail/mdriver_meta_action__rosidl_typesupport_introspection_cpp.hpp
-- Up-to-date: /home/linjiawei/load_mcap/install/deva_mdriver_msgs/include/deva_mdriver_msgs/deva_mdriver_msgs/msg/detail/mdriver_meta_action__type_support.cpp
-- Up-to-date: /home/linjiawei/load_mcap/install/deva_mdriver_msgs/include/deva_mdriver_msgs/deva_mdriver_msgs/msg/detail/mdriver_ref_line__rosidl_typesupport_introspection_cpp.hpp
-- Up-to-date: /home/linjiawei/load_mcap/install/deva_mdriver_msgs/include/deva_mdriver_msgs/deva_mdriver_msgs/msg/detail/mdriver_ref_line__type_support.cpp
-- Up-to-date: /home/linjiawei/load_mcap/install/deva_mdriver_msgs/include/deva_mdriver_msgs/deva_mdriver_msgs/msg/detail/mdriver_ref_lines__rosidl_typesupport_introspection_cpp.hpp
-- Up-to-date: /home/linjiawei/load_mcap/install/deva_mdriver_msgs/include/deva_mdriver_msgs/deva_mdriver_msgs/msg/detail/mdriver_ref_lines__type_support.cpp
-- Up-to-date: /home/linjiawei/load_mcap/install/deva_mdriver_msgs/include/deva_mdriver_msgs/deva_mdriver_msgs/msg/detail/mdriver_result__rosidl_typesupport_introspection_cpp.hpp
-- Up-to-date: /home/linjiawei/load_mcap/install/deva_mdriver_msgs/include/deva_mdriver_msgs/deva_mdriver_msgs/msg/detail/mdriver_result__type_support.cpp
-- Up-to-date: /home/linjiawei/load_mcap/install/deva_mdriver_msgs/include/deva_mdriver_msgs/deva_mdriver_msgs/msg/detail/mean_variance__rosidl_typesupport_introspection_cpp.hpp
-- Up-to-date: /home/linjiawei/load_mcap/install/deva_mdriver_msgs/include/deva_mdriver_msgs/deva_mdriver_msgs/msg/detail/mean_variance__type_support.cpp
-- Up-to-date: /home/linjiawei/load_mcap/install/deva_mdriver_msgs/include/deva_mdriver_msgs/deva_mdriver_msgs/msg/detail/nudge_buffer__rosidl_typesupport_introspection_cpp.hpp
-- Up-to-date: /home/linjiawei/load_mcap/install/deva_mdriver_msgs/include/deva_mdriver_msgs/deva_mdriver_msgs/msg/detail/nudge_buffer__type_support.cpp
-- Up-to-date: /home/linjiawei/load_mcap/install/deva_mdriver_msgs/include/deva_mdriver_msgs/deva_mdriver_msgs/msg/detail/obstacle_nudge_buffer__rosidl_typesupport_introspection_cpp.hpp
-- Up-to-date: /home/linjiawei/load_mcap/install/deva_mdriver_msgs/include/deva_mdriver_msgs/deva_mdriver_msgs/msg/detail/obstacle_nudge_buffer__type_support.cpp
-- Up-to-date: /home/linjiawei/load_mcap/install/deva_mdriver_msgs/lib/libdeva_mdriver_msgs__rosidl_typesupport_introspection_cpp.so
-- Up-to-date: /home/linjiawei/load_mcap/install/deva_mdriver_msgs/lib/libdeva_mdriver_msgs__rosidl_typesupport_cpp.so
-- Up-to-date: /home/linjiawei/load_mcap/install/deva_mdriver_msgs/share/deva_mdriver_msgs/environment/pythonpath.sh
-- Up-to-date: /home/linjiawei/load_mcap/install/deva_mdriver_msgs/share/deva_mdriver_msgs/environment/pythonpath.dsv
-- Up-to-date: /home/linjiawei/load_mcap/install/deva_mdriver_msgs/local/lib/python3.10/dist-packages/deva_mdriver_msgs-0.0.0-py3.10.egg-info
-- Installing: /home/linjiawei/load_mcap/install/deva_mdriver_msgs/local/lib/python3.10/dist-packages/deva_mdriver_msgs-0.0.0-py3.10.egg-info/PKG-INFO
-- Installing: /home/linjiawei/load_mcap/install/deva_mdriver_msgs/local/lib/python3.10/dist-packages/deva_mdriver_msgs-0.0.0-py3.10.egg-info/dependency_links.txt
-- Installing: /home/linjiawei/load_mcap/install/deva_mdriver_msgs/local/lib/python3.10/dist-packages/deva_mdriver_msgs-0.0.0-py3.10.egg-info/top_level.txt
-- Installing: /home/linjiawei/load_mcap/install/deva_mdriver_msgs/local/lib/python3.10/dist-packages/deva_mdriver_msgs-0.0.0-py3.10.egg-info/SOURCES.txt
-- Up-to-date: /home/linjiawei/load_mcap/install/deva_mdriver_msgs/local/lib/python3.10/dist-packages/deva_mdriver_msgs
-- Up-to-date: /home/linjiawei/load_mcap/install/deva_mdriver_msgs/local/lib/python3.10/dist-packages/deva_mdriver_msgs/__init__.py
-- Up-to-date: /home/linjiawei/load_mcap/install/deva_mdriver_msgs/local/lib/python3.10/dist-packages/deva_mdriver_msgs/msg
-- Up-to-date: /home/linjiawei/load_mcap/install/deva_mdriver_msgs/local/lib/python3.10/dist-packages/deva_mdriver_msgs/msg/_acc_heading_steering_stats.py
-- Up-to-date: /home/linjiawei/load_mcap/install/deva_mdriver_msgs/local/lib/python3.10/dist-packages/deva_mdriver_msgs/msg/_acc_heading_steering_stats_s.c
-- Up-to-date: /home/linjiawei/load_mcap/install/deva_mdriver_msgs/local/lib/python3.10/dist-packages/deva_mdriver_msgs/msg/_center_line.py
-- Up-to-date: /home/linjiawei/load_mcap/install/deva_mdriver_msgs/local/lib/python3.10/dist-packages/deva_mdriver_msgs/msg/_center_line_s.c
-- Up-to-date: /home/linjiawei/load_mcap/install/deva_mdriver_msgs/local/lib/python3.10/dist-packages/deva_mdriver_msgs/msg/_center_line_point.py
-- Up-to-date: /home/linjiawei/load_mcap/install/deva_mdriver_msgs/local/lib/python3.10/dist-packages/deva_mdriver_msgs/msg/_center_line_point_s.c
-- Up-to-date: /home/linjiawei/load_mcap/install/deva_mdriver_msgs/local/lib/python3.10/dist-packages/deva_mdriver_msgs/msg/_center_lines.py
-- Up-to-date: /home/linjiawei/load_mcap/install/deva_mdriver_msgs/local/lib/python3.10/dist-packages/deva_mdriver_msgs/msg/_center_lines_s.c
-- Up-to-date: /home/linjiawei/load_mcap/install/deva_mdriver_msgs/local/lib/python3.10/dist-packages/deva_mdriver_msgs/msg/_debug_info.py
-- Up-to-date: /home/linjiawei/load_mcap/install/deva_mdriver_msgs/local/lib/python3.10/dist-packages/deva_mdriver_msgs/msg/_debug_info_s.c
-- Up-to-date: /home/linjiawei/load_mcap/install/deva_mdriver_msgs/local/lib/python3.10/dist-packages/deva_mdriver_msgs/msg/_m_prediction_obstacle.py
-- Up-to-date: /home/linjiawei/load_mcap/install/deva_mdriver_msgs/local/lib/python3.10/dist-packages/deva_mdriver_msgs/msg/_m_prediction_obstacle_s.c
-- Up-to-date: /home/linjiawei/load_mcap/install/deva_mdriver_msgs/local/lib/python3.10/dist-packages/deva_mdriver_msgs/msg/_m_world.py
-- Up-to-date: /home/linjiawei/load_mcap/install/deva_mdriver_msgs/local/lib/python3.10/dist-packages/deva_mdriver_msgs/msg/_m_world_s.c
-- Up-to-date: /home/linjiawei/load_mcap/install/deva_mdriver_msgs/local/lib/python3.10/dist-packages/deva_mdriver_msgs/msg/_mdriver_meta_action.py
-- Up-to-date: /home/linjiawei/load_mcap/install/deva_mdriver_msgs/local/lib/python3.10/dist-packages/deva_mdriver_msgs/msg/_mdriver_meta_action_s.c
-- Up-to-date: /home/linjiawei/load_mcap/install/deva_mdriver_msgs/local/lib/python3.10/dist-packages/deva_mdriver_msgs/msg/_mdriver_ref_line.py
-- Up-to-date: /home/linjiawei/load_mcap/install/deva_mdriver_msgs/local/lib/python3.10/dist-packages/deva_mdriver_msgs/msg/_mdriver_ref_line_s.c
-- Up-to-date: /home/linjiawei/load_mcap/install/deva_mdriver_msgs/local/lib/python3.10/dist-packages/deva_mdriver_msgs/msg/_mdriver_ref_lines.py
-- Up-to-date: /home/linjiawei/load_mcap/install/deva_mdriver_msgs/local/lib/python3.10/dist-packages/deva_mdriver_msgs/msg/_mdriver_ref_lines_s.c
-- Up-to-date: /home/linjiawei/load_mcap/install/deva_mdriver_msgs/local/lib/python3.10/dist-packages/deva_mdriver_msgs/msg/_mdriver_result.py
-- Up-to-date: /home/linjiawei/load_mcap/install/deva_mdriver_msgs/local/lib/python3.10/dist-packages/deva_mdriver_msgs/msg/_mdriver_result_s.c
-- Up-to-date: /home/linjiawei/load_mcap/install/deva_mdriver_msgs/local/lib/python3.10/dist-packages/deva_mdriver_msgs/msg/_mean_variance.py
-- Up-to-date: /home/linjiawei/load_mcap/install/deva_mdriver_msgs/local/lib/python3.10/dist-packages/deva_mdriver_msgs/msg/_mean_variance_s.c
-- Up-to-date: /home/linjiawei/load_mcap/install/deva_mdriver_msgs/local/lib/python3.10/dist-packages/deva_mdriver_msgs/msg/_nudge_buffer.py
-- Up-to-date: /home/linjiawei/load_mcap/install/deva_mdriver_msgs/local/lib/python3.10/dist-packages/deva_mdriver_msgs/msg/_nudge_buffer_s.c
-- Up-to-date: /home/linjiawei/load_mcap/install/deva_mdriver_msgs/local/lib/python3.10/dist-packages/deva_mdriver_msgs/msg/_obstacle_nudge_buffer.py
-- Up-to-date: /home/linjiawei/load_mcap/install/deva_mdriver_msgs/local/lib/python3.10/dist-packages/deva_mdriver_msgs/msg/_obstacle_nudge_buffer_s.c
-- Up-to-date: /home/linjiawei/load_mcap/install/deva_mdriver_msgs/local/lib/python3.10/dist-packages/deva_mdriver_msgs/msg/__init__.py
-- Up-to-date: /home/linjiawei/load_mcap/install/deva_mdriver_msgs/local/lib/python3.10/dist-packages/deva_mdriver_msgs/_deva_mdriver_msgs_s.ep.rosidl_typesupport_fastrtps_c.c
-- Up-to-date: /home/linjiawei/load_mcap/install/deva_mdriver_msgs/local/lib/python3.10/dist-packages/deva_mdriver_msgs/_deva_mdriver_msgs_s.ep.rosidl_typesupport_introspection_c.c
-- Up-to-date: /home/linjiawei/load_mcap/install/deva_mdriver_msgs/local/lib/python3.10/dist-packages/deva_mdriver_msgs/_deva_mdriver_msgs_s.ep.rosidl_typesupport_c.c
-- Up-to-date: /home/linjiawei/load_mcap/install/deva_mdriver_msgs/local/lib/python3.10/dist-packages/deva_mdriver_msgs/libdeva_mdriver_msgs__rosidl_generator_py.so
-- Up-to-date: /home/linjiawei/load_mcap/install/deva_mdriver_msgs/local/lib/python3.10/dist-packages/deva_mdriver_msgs/deva_mdriver_msgs_s__rosidl_typesupport_fastrtps_c.cpython-310-x86_64-linux-gnu.so
-- Up-to-date: /home/linjiawei/load_mcap/install/deva_mdriver_msgs/local/lib/python3.10/dist-packages/deva_mdriver_msgs/deva_mdriver_msgs_s__rosidl_typesupport_c.cpython-310-x86_64-linux-gnu.so
-- Up-to-date: /home/linjiawei/load_mcap/install/deva_mdriver_msgs/local/lib/python3.10/dist-packages/deva_mdriver_msgs/deva_mdriver_msgs_s__rosidl_typesupport_introspection_c.cpython-310-x86_64-linux-gnu.so
Listing '/home/linjiawei/load_mcap/install/deva_mdriver_msgs/local/lib/python3.10/dist-packages/deva_mdriver_msgs'...
Listing '/home/linjiawei/load_mcap/install/deva_mdriver_msgs/local/lib/python3.10/dist-packages/deva_mdriver_msgs/msg'...
-- Up-to-date: /home/linjiawei/load_mcap/install/deva_mdriver_msgs/local/lib/python3.10/dist-packages/deva_mdriver_msgs/deva_mdriver_msgs_s__rosidl_typesupport_fastrtps_c.cpython-310-x86_64-linux-gnu.so
-- Up-to-date: /home/linjiawei/load_mcap/install/deva_mdriver_msgs/local/lib/python3.10/dist-packages/deva_mdriver_msgs/deva_mdriver_msgs_s__rosidl_typesupport_introspection_c.cpython-310-x86_64-linux-gnu.so
-- Up-to-date: /home/linjiawei/load_mcap/install/deva_mdriver_msgs/local/lib/python3.10/dist-packages/deva_mdriver_msgs/deva_mdriver_msgs_s__rosidl_typesupport_c.cpython-310-x86_64-linux-gnu.so
-- Up-to-date: /home/linjiawei/load_mcap/install/deva_mdriver_msgs/lib/libdeva_mdriver_msgs__rosidl_generator_py.so
-- Up-to-date: /home/linjiawei/load_mcap/install/deva_mdriver_msgs/share/deva_mdriver_msgs/msg/AccHeadingSteeringStats.idl
-- Up-to-date: /home/linjiawei/load_mcap/install/deva_mdriver_msgs/share/deva_mdriver_msgs/msg/CenterLine.idl
-- Up-to-date: /home/linjiawei/load_mcap/install/deva_mdriver_msgs/share/deva_mdriver_msgs/msg/CenterLinePoint.idl
-- Up-to-date: /home/linjiawei/load_mcap/install/deva_mdriver_msgs/share/deva_mdriver_msgs/msg/CenterLines.idl
-- Up-to-date: /home/linjiawei/load_mcap/install/deva_mdriver_msgs/share/deva_mdriver_msgs/msg/DebugInfo.idl
-- Up-to-date: /home/linjiawei/load_mcap/install/deva_mdriver_msgs/share/deva_mdriver_msgs/msg/MPredictionObstacle.idl
-- Up-to-date: /home/linjiawei/load_mcap/install/deva_mdriver_msgs/share/deva_mdriver_msgs/msg/MWorld.idl
-- Up-to-date: /home/linjiawei/load_mcap/install/deva_mdriver_msgs/share/deva_mdriver_msgs/msg/MdriverMetaAction.idl
-- Up-to-date: /home/linjiawei/load_mcap/install/deva_mdriver_msgs/share/deva_mdriver_msgs/msg/MdriverRefLine.idl
-- Up-to-date: /home/linjiawei/load_mcap/install/deva_mdriver_msgs/share/deva_mdriver_msgs/msg/MdriverRefLines.idl
-- Up-to-date: /home/linjiawei/load_mcap/install/deva_mdriver_msgs/share/deva_mdriver_msgs/msg/MdriverResult.idl
-- Up-to-date: /home/linjiawei/load_mcap/install/deva_mdriver_msgs/share/deva_mdriver_msgs/msg/MeanVariance.idl
-- Up-to-date: /home/linjiawei/load_mcap/install/deva_mdriver_msgs/share/deva_mdriver_msgs/msg/NudgeBuffer.idl
-- Up-to-date: /home/linjiawei/load_mcap/install/deva_mdriver_msgs/share/deva_mdriver_msgs/msg/ObstacleNudgeBuffer.idl
-- Up-to-date: /home/linjiawei/load_mcap/install/deva_mdriver_msgs/share/deva_mdriver_msgs/msg/AccHeadingSteeringStats.msg
-- Up-to-date: /home/linjiawei/load_mcap/install/deva_mdriver_msgs/share/deva_mdriver_msgs/msg/CenterLine.msg
-- Up-to-date: /home/linjiawei/load_mcap/install/deva_mdriver_msgs/share/deva_mdriver_msgs/msg/CenterLinePoint.msg
-- Up-to-date: /home/linjiawei/load_mcap/install/deva_mdriver_msgs/share/deva_mdriver_msgs/msg/CenterLines.msg
-- Up-to-date: /home/linjiawei/load_mcap/install/deva_mdriver_msgs/share/deva_mdriver_msgs/msg/DebugInfo.msg
-- Up-to-date: /home/linjiawei/load_mcap/install/deva_mdriver_msgs/share/deva_mdriver_msgs/msg/MPredictionObstacle.msg
-- Up-to-date: /home/linjiawei/load_mcap/install/deva_mdriver_msgs/share/deva_mdriver_msgs/msg/MWorld.msg
-- Up-to-date: /home/linjiawei/load_mcap/install/deva_mdriver_msgs/share/deva_mdriver_msgs/msg/MdriverMetaAction.msg
-- Up-to-date: /home/linjiawei/load_mcap/install/deva_mdriver_msgs/share/deva_mdriver_msgs/msg/MdriverRefLine.msg
-- Up-to-date: /home/linjiawei/load_mcap/install/deva_mdriver_msgs/share/deva_mdriver_msgs/msg/MdriverRefLines.msg
-- Up-to-date: /home/linjiawei/load_mcap/install/deva_mdriver_msgs/share/deva_mdriver_msgs/msg/MdriverResult.msg
-- Up-to-date: /home/linjiawei/load_mcap/install/deva_mdriver_msgs/share/deva_mdriver_msgs/msg/MeanVariance.msg
-- Up-to-date: /home/linjiawei/load_mcap/install/deva_mdriver_msgs/share/deva_mdriver_msgs/msg/NudgeBuffer.msg
-- Up-to-date: /home/linjiawei/load_mcap/install/deva_mdriver_msgs/share/deva_mdriver_msgs/msg/ObstacleNudgeBuffer.msg
-- Up-to-date: /home/linjiawei/load_mcap/install/deva_mdriver_msgs/share/ament_index/resource_index/package_run_dependencies/deva_mdriver_msgs
-- Up-to-date: /home/linjiawei/load_mcap/install/deva_mdriver_msgs/share/ament_index/resource_index/parent_prefix_path/deva_mdriver_msgs
-- Up-to-date: /home/linjiawei/load_mcap/install/deva_mdriver_msgs/share/deva_mdriver_msgs/environment/ament_prefix_path.sh
-- Up-to-date: /home/linjiawei/load_mcap/install/deva_mdriver_msgs/share/deva_mdriver_msgs/environment/ament_prefix_path.dsv
-- Up-to-date: /home/linjiawei/load_mcap/install/deva_mdriver_msgs/share/deva_mdriver_msgs/environment/path.sh
-- Up-to-date: /home/linjiawei/load_mcap/install/deva_mdriver_msgs/share/deva_mdriver_msgs/environment/path.dsv
-- Up-to-date: /home/linjiawei/load_mcap/install/deva_mdriver_msgs/share/deva_mdriver_msgs/local_setup.bash
-- Up-to-date: /home/linjiawei/load_mcap/install/deva_mdriver_msgs/share/deva_mdriver_msgs/local_setup.sh
-- Up-to-date: /home/linjiawei/load_mcap/install/deva_mdriver_msgs/share/deva_mdriver_msgs/local_setup.zsh
-- Up-to-date: /home/linjiawei/load_mcap/install/deva_mdriver_msgs/share/deva_mdriver_msgs/local_setup.dsv
-- Installing: /home/linjiawei/load_mcap/install/deva_mdriver_msgs/share/deva_mdriver_msgs/package.dsv
-- Up-to-date: /home/linjiawei/load_mcap/install/deva_mdriver_msgs/share/ament_index/resource_index/packages/deva_mdriver_msgs
-- Up-to-date: /home/linjiawei/load_mcap/install/deva_mdriver_msgs/share/deva_mdriver_msgs/cmake/export_deva_mdriver_msgs__rosidl_generator_cExport.cmake
-- Up-to-date: /home/linjiawei/load_mcap/install/deva_mdriver_msgs/share/deva_mdriver_msgs/cmake/export_deva_mdriver_msgs__rosidl_generator_cExport-noconfig.cmake
-- Up-to-date: /home/linjiawei/load_mcap/install/deva_mdriver_msgs/share/deva_mdriver_msgs/cmake/export_deva_mdriver_msgs__rosidl_typesupport_fastrtps_cExport.cmake
-- Up-to-date: /home/linjiawei/load_mcap/install/deva_mdriver_msgs/share/deva_mdriver_msgs/cmake/export_deva_mdriver_msgs__rosidl_typesupport_fastrtps_cExport-noconfig.cmake
-- Up-to-date: /home/linjiawei/load_mcap/install/deva_mdriver_msgs/share/deva_mdriver_msgs/cmake/deva_mdriver_msgs__rosidl_typesupport_introspection_cExport.cmake
-- Up-to-date: /home/linjiawei/load_mcap/install/deva_mdriver_msgs/share/deva_mdriver_msgs/cmake/deva_mdriver_msgs__rosidl_typesupport_introspection_cExport-noconfig.cmake
-- Up-to-date: /home/linjiawei/load_mcap/install/deva_mdriver_msgs/share/deva_mdriver_msgs/cmake/deva_mdriver_msgs__rosidl_typesupport_cExport.cmake
-- Up-to-date: /home/linjiawei/load_mcap/install/deva_mdriver_msgs/share/deva_mdriver_msgs/cmake/deva_mdriver_msgs__rosidl_typesupport_cExport-noconfig.cmake
-- Up-to-date: /home/linjiawei/load_mcap/install/deva_mdriver_msgs/share/deva_mdriver_msgs/cmake/export_deva_mdriver_msgs__rosidl_generator_cppExport.cmake
-- Up-to-date: /home/linjiawei/load_mcap/install/deva_mdriver_msgs/share/deva_mdriver_msgs/cmake/export_deva_mdriver_msgs__rosidl_typesupport_fastrtps_cppExport.cmake
-- Up-to-date: /home/linjiawei/load_mcap/install/deva_mdriver_msgs/share/deva_mdriver_msgs/cmake/export_deva_mdriver_msgs__rosidl_typesupport_fastrtps_cppExport-noconfig.cmake
-- Up-to-date: /home/linjiawei/load_mcap/install/deva_mdriver_msgs/share/deva_mdriver_msgs/cmake/deva_mdriver_msgs__rosidl_typesupport_introspection_cppExport.cmake
-- Up-to-date: /home/linjiawei/load_mcap/install/deva_mdriver_msgs/share/deva_mdriver_msgs/cmake/deva_mdriver_msgs__rosidl_typesupport_introspection_cppExport-noconfig.cmake
-- Up-to-date: /home/linjiawei/load_mcap/install/deva_mdriver_msgs/share/deva_mdriver_msgs/cmake/deva_mdriver_msgs__rosidl_typesupport_cppExport.cmake
-- Up-to-date: /home/linjiawei/load_mcap/install/deva_mdriver_msgs/share/deva_mdriver_msgs/cmake/deva_mdriver_msgs__rosidl_typesupport_cppExport-noconfig.cmake
-- Up-to-date: /home/linjiawei/load_mcap/install/deva_mdriver_msgs/share/deva_mdriver_msgs/cmake/export_deva_mdriver_msgs__rosidl_generator_pyExport.cmake
-- Up-to-date: /home/linjiawei/load_mcap/install/deva_mdriver_msgs/share/deva_mdriver_msgs/cmake/export_deva_mdriver_msgs__rosidl_generator_pyExport-noconfig.cmake
-- Up-to-date: /home/linjiawei/load_mcap/install/deva_mdriver_msgs/share/deva_mdriver_msgs/cmake/rosidl_cmake-extras.cmake
-- Up-to-date: /home/linjiawei/load_mcap/install/deva_mdriver_msgs/share/deva_mdriver_msgs/cmake/ament_cmake_export_dependencies-extras.cmake
-- Up-to-date: /home/linjiawei/load_mcap/install/deva_mdriver_msgs/share/deva_mdriver_msgs/cmake/ament_cmake_export_include_directories-extras.cmake
-- Up-to-date: /home/linjiawei/load_mcap/install/deva_mdriver_msgs/share/deva_mdriver_msgs/cmake/ament_cmake_export_libraries-extras.cmake
-- Up-to-date: /home/linjiawei/load_mcap/install/deva_mdriver_msgs/share/deva_mdriver_msgs/cmake/ament_cmake_export_targets-extras.cmake
-- Up-to-date: /home/linjiawei/load_mcap/install/deva_mdriver_msgs/share/deva_mdriver_msgs/cmake/rosidl_cmake_export_typesupport_targets-extras.cmake
-- Up-to-date: /home/linjiawei/load_mcap/install/deva_mdriver_msgs/share/deva_mdriver_msgs/cmake/rosidl_cmake_export_typesupport_libraries-extras.cmake
-- Up-to-date: /home/linjiawei/load_mcap/install/deva_mdriver_msgs/share/deva_mdriver_msgs/cmake/deva_mdriver_msgsConfig.cmake
-- Up-to-date: /home/linjiawei/load_mcap/install/deva_mdriver_msgs/share/deva_mdriver_msgs/cmake/deva_mdriver_msgsConfig-version.cmake
-- Up-to-date: /home/linjiawei/load_mcap/install/deva_mdriver_msgs/share/deva_mdriver_msgs/package.xml
