[0.027s] Invoking command in '/home/linjiawei/load_mcap/build/deva_ads_msgs': CMAKE_PREFIX_PATH=${CMAKE_PREFIX_PATH}:/opt/ros/humble /usr/bin/cmake --build /home/linjiawei/load_mcap/build/deva_ads_msgs -- -j17 -l17
[0.089s] [  1%] Built target deva_ads_msgs__cpp
[0.091s] [ 12%] Built target deva_ads_msgs__rosidl_generator_c
[0.113s] [ 12%] Built target ament_cmake_python_copy_deva_ads_msgs
[0.132s] [ 23%] Built target deva_ads_msgs__rosidl_typesupport_cpp
[0.140s] [ 34%] Built target deva_ads_msgs__rosidl_typesupport_introspection_cpp
[0.141s] [ 45%] Built target deva_ads_msgs__rosidl_typesupport_c
[0.143s] [ 56%] Built target deva_ads_msgs__rosidl_typesupport_introspection_c
[0.158s] [ 67%] Built target deva_ads_msgs__rosidl_typesupport_fastrtps_c
[0.175s] [ 78%] Built target deva_ads_msgs__rosidl_typesupport_fastrtps_cpp
[0.201s] [ 78%] Built target deva_ads_msgs
[0.226s] [ 80%] Built target deva_ads_msgs__py
[0.253s] [ 89%] Built target deva_ads_msgs__rosidl_generator_py
[0.277s] [ 92%] Built target deva_ads_msgs__rosidl_typesupport_fastrtps_c__pyext
[0.280s] [ 96%] Built target deva_ads_msgs__rosidl_typesupport_c__pyext
[0.281s] [100%] Built target deva_ads_msgs__rosidl_typesupport_introspection_c__pyext
[0.433s] running egg_info
[0.434s] writing deva_ads_msgs.egg-info/PKG-INFO
[0.434s] writing dependency_links to deva_ads_msgs.egg-info/dependency_links.txt
[0.434s] writing top-level names to deva_ads_msgs.egg-info/top_level.txt
[0.437s] reading manifest file 'deva_ads_msgs.egg-info/SOURCES.txt'
[0.438s] writing manifest file 'deva_ads_msgs.egg-info/SOURCES.txt'
[0.467s] [100%] Built target ament_cmake_python_build_deva_ads_msgs_egg
[0.493s] Invoked command in '/home/linjiawei/load_mcap/build/deva_ads_msgs' returned '0': CMAKE_PREFIX_PATH=${CMAKE_PREFIX_PATH}:/opt/ros/humble /usr/bin/cmake --build /home/linjiawei/load_mcap/build/deva_ads_msgs -- -j17 -l17
[0.495s] Invoking command in '/home/linjiawei/load_mcap/build/deva_ads_msgs': CMAKE_PREFIX_PATH=${CMAKE_PREFIX_PATH}:/opt/ros/humble /usr/bin/cmake --install /home/linjiawei/load_mcap/build/deva_ads_msgs
[0.590s] -- Install configuration: ""
[0.590s] -- Up-to-date: /home/linjiawei/load_mcap/install/deva_ads_msgs/share/ament_index/resource_index/rosidl_interfaces/deva_ads_msgs
[0.590s] -- Up-to-date: /home/linjiawei/load_mcap/install/deva_ads_msgs/include/deva_ads_msgs/deva_ads_msgs
[0.591s] -- Up-to-date: /home/linjiawei/load_mcap/install/deva_ads_msgs/include/deva_ads_msgs/deva_ads_msgs/msg
[0.591s] -- Up-to-date: /home/linjiawei/load_mcap/install/deva_ads_msgs/include/deva_ads_msgs/deva_ads_msgs/msg/rosidl_generator_c__visibility_control.h
[0.591s] -- Up-to-date: /home/linjiawei/load_mcap/install/deva_ads_msgs/include/deva_ads_msgs/deva_ads_msgs/msg/ads_info.h
[0.591s] -- Up-to-date: /home/linjiawei/load_mcap/install/deva_ads_msgs/include/deva_ads_msgs/deva_ads_msgs/msg/detail
[0.591s] -- Up-to-date: /home/linjiawei/load_mcap/install/deva_ads_msgs/include/deva_ads_msgs/deva_ads_msgs/msg/detail/ads_info__functions.c
[0.591s] -- Up-to-date: /home/linjiawei/load_mcap/install/deva_ads_msgs/include/deva_ads_msgs/deva_ads_msgs/msg/detail/ads_info__functions.h
[0.591s] -- Up-to-date: /home/linjiawei/load_mcap/install/deva_ads_msgs/include/deva_ads_msgs/deva_ads_msgs/msg/detail/ads_info__struct.h
[0.592s] -- Up-to-date: /home/linjiawei/load_mcap/install/deva_ads_msgs/include/deva_ads_msgs/deva_ads_msgs/msg/detail/ads_info__type_support.h
[0.592s] -- Up-to-date: /home/linjiawei/load_mcap/install/deva_ads_msgs/include/deva_ads_msgs/deva_ads_msgs/msg/detail/ads_marker__functions.c
[0.592s] -- Up-to-date: /home/linjiawei/load_mcap/install/deva_ads_msgs/include/deva_ads_msgs/deva_ads_msgs/msg/detail/ads_marker__functions.h
[0.592s] -- Up-to-date: /home/linjiawei/load_mcap/install/deva_ads_msgs/include/deva_ads_msgs/deva_ads_msgs/msg/detail/ads_marker__struct.h
[0.592s] -- Up-to-date: /home/linjiawei/load_mcap/install/deva_ads_msgs/include/deva_ads_msgs/deva_ads_msgs/msg/detail/ads_marker__type_support.h
[0.592s] -- Up-to-date: /home/linjiawei/load_mcap/install/deva_ads_msgs/include/deva_ads_msgs/deva_ads_msgs/msg/detail/ads_marker_array__functions.c
[0.592s] -- Up-to-date: /home/linjiawei/load_mcap/install/deva_ads_msgs/include/deva_ads_msgs/deva_ads_msgs/msg/detail/ads_marker_array__functions.h
[0.592s] -- Up-to-date: /home/linjiawei/load_mcap/install/deva_ads_msgs/include/deva_ads_msgs/deva_ads_msgs/msg/detail/ads_marker_array__struct.h
[0.592s] -- Up-to-date: /home/linjiawei/load_mcap/install/deva_ads_msgs/include/deva_ads_msgs/deva_ads_msgs/msg/detail/ads_marker_array__type_support.h
[0.592s] -- Up-to-date: /home/linjiawei/load_mcap/install/deva_ads_msgs/include/deva_ads_msgs/deva_ads_msgs/msg/detail/ads_marker_array_vec__functions.c
[0.595s] -- Up-to-date: /home/linjiawei/load_mcap/install/deva_ads_msgs/include/deva_ads_msgs/deva_ads_msgs/msg/detail/ads_marker_array_vec__functions.h
[0.595s] -- Up-to-date: /home/linjiawei/load_mcap/install/deva_ads_msgs/include/deva_ads_msgs/deva_ads_msgs/msg/detail/ads_marker_array_vec__struct.h
[0.595s] -- Up-to-date: /home/linjiawei/load_mcap/install/deva_ads_msgs/include/deva_ads_msgs/deva_ads_msgs/msg/detail/ads_marker_array_vec__type_support.h
[0.595s] -- Up-to-date: /home/linjiawei/load_mcap/install/deva_ads_msgs/include/deva_ads_msgs/deva_ads_msgs/msg/ads_marker.h
[0.595s] -- Up-to-date: /home/linjiawei/load_mcap/install/deva_ads_msgs/include/deva_ads_msgs/deva_ads_msgs/msg/ads_marker_array.h
[0.595s] -- Up-to-date: /home/linjiawei/load_mcap/install/deva_ads_msgs/include/deva_ads_msgs/deva_ads_msgs/msg/ads_marker_array_vec.h
[0.595s] -- Up-to-date: /home/linjiawei/load_mcap/install/deva_ads_msgs/share/deva_ads_msgs/environment/library_path.sh
[0.595s] -- Up-to-date: /home/linjiawei/load_mcap/install/deva_ads_msgs/share/deva_ads_msgs/environment/library_path.dsv
[0.598s] -- Up-to-date: /home/linjiawei/load_mcap/install/deva_ads_msgs/lib/libdeva_ads_msgs__rosidl_generator_c.so
[0.599s] -- Up-to-date: /home/linjiawei/load_mcap/install/deva_ads_msgs/include/deva_ads_msgs/deva_ads_msgs
[0.599s] -- Up-to-date: /home/linjiawei/load_mcap/install/deva_ads_msgs/include/deva_ads_msgs/deva_ads_msgs/msg
[0.599s] -- Up-to-date: /home/linjiawei/load_mcap/install/deva_ads_msgs/include/deva_ads_msgs/deva_ads_msgs/msg/rosidl_typesupport_fastrtps_c__visibility_control.h
[0.599s] -- Up-to-date: /home/linjiawei/load_mcap/install/deva_ads_msgs/include/deva_ads_msgs/deva_ads_msgs/msg/detail
[0.600s] -- Up-to-date: /home/linjiawei/load_mcap/install/deva_ads_msgs/include/deva_ads_msgs/deva_ads_msgs/msg/detail/ads_info__rosidl_typesupport_fastrtps_c.h
[0.600s] -- Up-to-date: /home/linjiawei/load_mcap/install/deva_ads_msgs/include/deva_ads_msgs/deva_ads_msgs/msg/detail/ads_marker__rosidl_typesupport_fastrtps_c.h
[0.600s] -- Up-to-date: /home/linjiawei/load_mcap/install/deva_ads_msgs/include/deva_ads_msgs/deva_ads_msgs/msg/detail/ads_marker_array__rosidl_typesupport_fastrtps_c.h
[0.600s] -- Up-to-date: /home/linjiawei/load_mcap/install/deva_ads_msgs/include/deva_ads_msgs/deva_ads_msgs/msg/detail/ads_marker_array_vec__rosidl_typesupport_fastrtps_c.h
[0.606s] -- Up-to-date: /home/linjiawei/load_mcap/install/deva_ads_msgs/lib/libdeva_ads_msgs__rosidl_typesupport_fastrtps_c.so
[0.609s] -- Up-to-date: /home/linjiawei/load_mcap/install/deva_ads_msgs/include/deva_ads_msgs/deva_ads_msgs
[0.609s] -- Up-to-date: /home/linjiawei/load_mcap/install/deva_ads_msgs/include/deva_ads_msgs/deva_ads_msgs/msg
[0.609s] -- Up-to-date: /home/linjiawei/load_mcap/install/deva_ads_msgs/include/deva_ads_msgs/deva_ads_msgs/msg/rosidl_typesupport_introspection_c__visibility_control.h
[0.609s] -- Up-to-date: /home/linjiawei/load_mcap/install/deva_ads_msgs/include/deva_ads_msgs/deva_ads_msgs/msg/detail
[0.609s] -- Up-to-date: /home/linjiawei/load_mcap/install/deva_ads_msgs/include/deva_ads_msgs/deva_ads_msgs/msg/detail/ads_info__rosidl_typesupport_introspection_c.h
[0.609s] -- Up-to-date: /home/linjiawei/load_mcap/install/deva_ads_msgs/include/deva_ads_msgs/deva_ads_msgs/msg/detail/ads_info__type_support.c
[0.609s] -- Up-to-date: /home/linjiawei/load_mcap/install/deva_ads_msgs/include/deva_ads_msgs/deva_ads_msgs/msg/detail/ads_marker__rosidl_typesupport_introspection_c.h
[0.609s] -- Up-to-date: /home/linjiawei/load_mcap/install/deva_ads_msgs/include/deva_ads_msgs/deva_ads_msgs/msg/detail/ads_marker__type_support.c
[0.609s] -- Up-to-date: /home/linjiawei/load_mcap/install/deva_ads_msgs/include/deva_ads_msgs/deva_ads_msgs/msg/detail/ads_marker_array__rosidl_typesupport_introspection_c.h
[0.610s] -- Up-to-date: /home/linjiawei/load_mcap/install/deva_ads_msgs/include/deva_ads_msgs/deva_ads_msgs/msg/detail/ads_marker_array__type_support.c
[0.610s] -- Up-to-date: /home/linjiawei/load_mcap/install/deva_ads_msgs/include/deva_ads_msgs/deva_ads_msgs/msg/detail/ads_marker_array_vec__rosidl_typesupport_introspection_c.h
[0.610s] -- Up-to-date: /home/linjiawei/load_mcap/install/deva_ads_msgs/include/deva_ads_msgs/deva_ads_msgs/msg/detail/ads_marker_array_vec__type_support.c
[0.610s] -- Up-to-date: /home/linjiawei/load_mcap/install/deva_ads_msgs/lib/libdeva_ads_msgs__rosidl_typesupport_introspection_c.so
[0.610s] -- Up-to-date: /home/linjiawei/load_mcap/install/deva_ads_msgs/lib/libdeva_ads_msgs__rosidl_typesupport_c.so
[0.610s] -- Up-to-date: /home/linjiawei/load_mcap/install/deva_ads_msgs/include/deva_ads_msgs/deva_ads_msgs
[0.610s] -- Up-to-date: /home/linjiawei/load_mcap/install/deva_ads_msgs/include/deva_ads_msgs/deva_ads_msgs/msg
[0.611s] -- Up-to-date: /home/linjiawei/load_mcap/install/deva_ads_msgs/include/deva_ads_msgs/deva_ads_msgs/msg/rosidl_generator_cpp__visibility_control.hpp
[0.611s] -- Up-to-date: /home/linjiawei/load_mcap/install/deva_ads_msgs/include/deva_ads_msgs/deva_ads_msgs/msg/ads_info.hpp
[0.611s] -- Up-to-date: /home/linjiawei/load_mcap/install/deva_ads_msgs/include/deva_ads_msgs/deva_ads_msgs/msg/detail
[0.611s] -- Up-to-date: /home/linjiawei/load_mcap/install/deva_ads_msgs/include/deva_ads_msgs/deva_ads_msgs/msg/detail/ads_info__builder.hpp
[0.611s] -- Up-to-date: /home/linjiawei/load_mcap/install/deva_ads_msgs/include/deva_ads_msgs/deva_ads_msgs/msg/detail/ads_info__struct.hpp
[0.611s] -- Up-to-date: /home/linjiawei/load_mcap/install/deva_ads_msgs/include/deva_ads_msgs/deva_ads_msgs/msg/detail/ads_info__traits.hpp
[0.611s] -- Up-to-date: /home/linjiawei/load_mcap/install/deva_ads_msgs/include/deva_ads_msgs/deva_ads_msgs/msg/detail/ads_info__type_support.hpp
[0.611s] -- Up-to-date: /home/linjiawei/load_mcap/install/deva_ads_msgs/include/deva_ads_msgs/deva_ads_msgs/msg/detail/ads_marker__builder.hpp
[0.611s] -- Up-to-date: /home/linjiawei/load_mcap/install/deva_ads_msgs/include/deva_ads_msgs/deva_ads_msgs/msg/detail/ads_marker__struct.hpp
[0.611s] -- Up-to-date: /home/linjiawei/load_mcap/install/deva_ads_msgs/include/deva_ads_msgs/deva_ads_msgs/msg/detail/ads_marker__traits.hpp
[0.611s] -- Up-to-date: /home/linjiawei/load_mcap/install/deva_ads_msgs/include/deva_ads_msgs/deva_ads_msgs/msg/detail/ads_marker__type_support.hpp
[0.611s] -- Up-to-date: /home/linjiawei/load_mcap/install/deva_ads_msgs/include/deva_ads_msgs/deva_ads_msgs/msg/detail/ads_marker_array__builder.hpp
[0.611s] -- Up-to-date: /home/linjiawei/load_mcap/install/deva_ads_msgs/include/deva_ads_msgs/deva_ads_msgs/msg/detail/ads_marker_array__struct.hpp
[0.612s] -- Up-to-date: /home/linjiawei/load_mcap/install/deva_ads_msgs/include/deva_ads_msgs/deva_ads_msgs/msg/detail/ads_marker_array__traits.hpp
[0.614s] -- Up-to-date: /home/linjiawei/load_mcap/install/deva_ads_msgs/include/deva_ads_msgs/deva_ads_msgs/msg/detail/ads_marker_array__type_support.hpp
[0.614s] -- Up-to-date: /home/linjiawei/load_mcap/install/deva_ads_msgs/include/deva_ads_msgs/deva_ads_msgs/msg/detail/ads_marker_array_vec__builder.hpp
[0.614s] -- Up-to-date: /home/linjiawei/load_mcap/install/deva_ads_msgs/include/deva_ads_msgs/deva_ads_msgs/msg/detail/ads_marker_array_vec__struct.hpp
[0.615s] -- Up-to-date: /home/linjiawei/load_mcap/install/deva_ads_msgs/include/deva_ads_msgs/deva_ads_msgs/msg/detail/ads_marker_array_vec__traits.hpp
[0.615s] -- Up-to-date: /home/linjiawei/load_mcap/install/deva_ads_msgs/include/deva_ads_msgs/deva_ads_msgs/msg/detail/ads_marker_array_vec__type_support.hpp
[0.615s] -- Up-to-date: /home/linjiawei/load_mcap/install/deva_ads_msgs/include/deva_ads_msgs/deva_ads_msgs/msg/ads_marker.hpp
[0.615s] -- Up-to-date: /home/linjiawei/load_mcap/install/deva_ads_msgs/include/deva_ads_msgs/deva_ads_msgs/msg/ads_marker_array.hpp
[0.615s] -- Up-to-date: /home/linjiawei/load_mcap/install/deva_ads_msgs/include/deva_ads_msgs/deva_ads_msgs/msg/ads_marker_array_vec.hpp
[0.615s] -- Up-to-date: /home/linjiawei/load_mcap/install/deva_ads_msgs/include/deva_ads_msgs/deva_ads_msgs
[0.615s] -- Up-to-date: /home/linjiawei/load_mcap/install/deva_ads_msgs/include/deva_ads_msgs/deva_ads_msgs/msg
[0.615s] -- Up-to-date: /home/linjiawei/load_mcap/install/deva_ads_msgs/include/deva_ads_msgs/deva_ads_msgs/msg/rosidl_typesupport_fastrtps_cpp__visibility_control.h
[0.615s] -- Up-to-date: /home/linjiawei/load_mcap/install/deva_ads_msgs/include/deva_ads_msgs/deva_ads_msgs/msg/detail
[0.615s] -- Up-to-date: /home/linjiawei/load_mcap/install/deva_ads_msgs/include/deva_ads_msgs/deva_ads_msgs/msg/detail/ads_info__rosidl_typesupport_fastrtps_cpp.hpp
[0.615s] -- Up-to-date: /home/linjiawei/load_mcap/install/deva_ads_msgs/include/deva_ads_msgs/deva_ads_msgs/msg/detail/dds_fastrtps
[0.616s] -- Up-to-date: /home/linjiawei/load_mcap/install/deva_ads_msgs/include/deva_ads_msgs/deva_ads_msgs/msg/detail/ads_marker__rosidl_typesupport_fastrtps_cpp.hpp
[0.616s] -- Up-to-date: /home/linjiawei/load_mcap/install/deva_ads_msgs/include/deva_ads_msgs/deva_ads_msgs/msg/detail/ads_marker_array__rosidl_typesupport_fastrtps_cpp.hpp
[0.616s] -- Up-to-date: /home/linjiawei/load_mcap/install/deva_ads_msgs/include/deva_ads_msgs/deva_ads_msgs/msg/detail/ads_marker_array_vec__rosidl_typesupport_fastrtps_cpp.hpp
[0.616s] -- Up-to-date: /home/linjiawei/load_mcap/install/deva_ads_msgs/lib/libdeva_ads_msgs__rosidl_typesupport_fastrtps_cpp.so
[0.616s] -- Up-to-date: /home/linjiawei/load_mcap/install/deva_ads_msgs/include/deva_ads_msgs/deva_ads_msgs
[0.616s] -- Up-to-date: /home/linjiawei/load_mcap/install/deva_ads_msgs/include/deva_ads_msgs/deva_ads_msgs/msg
[0.616s] -- Up-to-date: /home/linjiawei/load_mcap/install/deva_ads_msgs/include/deva_ads_msgs/deva_ads_msgs/msg/detail
[0.616s] -- Up-to-date: /home/linjiawei/load_mcap/install/deva_ads_msgs/include/deva_ads_msgs/deva_ads_msgs/msg/detail/ads_info__rosidl_typesupport_introspection_cpp.hpp
[0.616s] -- Up-to-date: /home/linjiawei/load_mcap/install/deva_ads_msgs/include/deva_ads_msgs/deva_ads_msgs/msg/detail/ads_info__type_support.cpp
[0.616s] -- Up-to-date: /home/linjiawei/load_mcap/install/deva_ads_msgs/include/deva_ads_msgs/deva_ads_msgs/msg/detail/ads_marker__rosidl_typesupport_introspection_cpp.hpp
[0.617s] -- Up-to-date: /home/linjiawei/load_mcap/install/deva_ads_msgs/include/deva_ads_msgs/deva_ads_msgs/msg/detail/ads_marker__type_support.cpp
[0.617s] -- Up-to-date: /home/linjiawei/load_mcap/install/deva_ads_msgs/include/deva_ads_msgs/deva_ads_msgs/msg/detail/ads_marker_array__rosidl_typesupport_introspection_cpp.hpp
[0.617s] -- Up-to-date: /home/linjiawei/load_mcap/install/deva_ads_msgs/include/deva_ads_msgs/deva_ads_msgs/msg/detail/ads_marker_array__type_support.cpp
[0.617s] -- Up-to-date: /home/linjiawei/load_mcap/install/deva_ads_msgs/include/deva_ads_msgs/deva_ads_msgs/msg/detail/ads_marker_array_vec__rosidl_typesupport_introspection_cpp.hpp
[0.617s] -- Up-to-date: /home/linjiawei/load_mcap/install/deva_ads_msgs/include/deva_ads_msgs/deva_ads_msgs/msg/detail/ads_marker_array_vec__type_support.cpp
[0.617s] -- Up-to-date: /home/linjiawei/load_mcap/install/deva_ads_msgs/lib/libdeva_ads_msgs__rosidl_typesupport_introspection_cpp.so
[0.617s] -- Up-to-date: /home/linjiawei/load_mcap/install/deva_ads_msgs/lib/libdeva_ads_msgs__rosidl_typesupport_cpp.so
[0.617s] -- Up-to-date: /home/linjiawei/load_mcap/install/deva_ads_msgs/share/deva_ads_msgs/environment/pythonpath.sh
[0.617s] -- Up-to-date: /home/linjiawei/load_mcap/install/deva_ads_msgs/share/deva_ads_msgs/environment/pythonpath.dsv
[0.617s] -- Up-to-date: /home/linjiawei/load_mcap/install/deva_ads_msgs/local/lib/python3.10/dist-packages/deva_ads_msgs-0.0.0-py3.10.egg-info
[0.617s] -- Installing: /home/linjiawei/load_mcap/install/deva_ads_msgs/local/lib/python3.10/dist-packages/deva_ads_msgs-0.0.0-py3.10.egg-info/PKG-INFO
[0.617s] -- Installing: /home/linjiawei/load_mcap/install/deva_ads_msgs/local/lib/python3.10/dist-packages/deva_ads_msgs-0.0.0-py3.10.egg-info/dependency_links.txt
[0.617s] -- Installing: /home/linjiawei/load_mcap/install/deva_ads_msgs/local/lib/python3.10/dist-packages/deva_ads_msgs-0.0.0-py3.10.egg-info/top_level.txt
[0.618s] -- Installing: /home/linjiawei/load_mcap/install/deva_ads_msgs/local/lib/python3.10/dist-packages/deva_ads_msgs-0.0.0-py3.10.egg-info/SOURCES.txt
[0.618s] -- Up-to-date: /home/linjiawei/load_mcap/install/deva_ads_msgs/local/lib/python3.10/dist-packages/deva_ads_msgs
[0.618s] -- Up-to-date: /home/linjiawei/load_mcap/install/deva_ads_msgs/local/lib/python3.10/dist-packages/deva_ads_msgs/__init__.py
[0.618s] -- Up-to-date: /home/linjiawei/load_mcap/install/deva_ads_msgs/local/lib/python3.10/dist-packages/deva_ads_msgs/msg
[0.618s] -- Up-to-date: /home/linjiawei/load_mcap/install/deva_ads_msgs/local/lib/python3.10/dist-packages/deva_ads_msgs/msg/_ads_info.py
[0.618s] -- Up-to-date: /home/linjiawei/load_mcap/install/deva_ads_msgs/local/lib/python3.10/dist-packages/deva_ads_msgs/msg/_ads_info_s.c
[0.618s] -- Up-to-date: /home/linjiawei/load_mcap/install/deva_ads_msgs/local/lib/python3.10/dist-packages/deva_ads_msgs/msg/_ads_marker.py
[0.618s] -- Up-to-date: /home/linjiawei/load_mcap/install/deva_ads_msgs/local/lib/python3.10/dist-packages/deva_ads_msgs/msg/_ads_marker_s.c
[0.618s] -- Up-to-date: /home/linjiawei/load_mcap/install/deva_ads_msgs/local/lib/python3.10/dist-packages/deva_ads_msgs/msg/_ads_marker_array.py
[0.618s] -- Up-to-date: /home/linjiawei/load_mcap/install/deva_ads_msgs/local/lib/python3.10/dist-packages/deva_ads_msgs/msg/_ads_marker_array_s.c
[0.618s] -- Up-to-date: /home/linjiawei/load_mcap/install/deva_ads_msgs/local/lib/python3.10/dist-packages/deva_ads_msgs/msg/_ads_marker_array_vec.py
[0.618s] -- Up-to-date: /home/linjiawei/load_mcap/install/deva_ads_msgs/local/lib/python3.10/dist-packages/deva_ads_msgs/msg/_ads_marker_array_vec_s.c
[0.618s] -- Up-to-date: /home/linjiawei/load_mcap/install/deva_ads_msgs/local/lib/python3.10/dist-packages/deva_ads_msgs/msg/__init__.py
[0.619s] -- Up-to-date: /home/linjiawei/load_mcap/install/deva_ads_msgs/local/lib/python3.10/dist-packages/deva_ads_msgs/_deva_ads_msgs_s.ep.rosidl_typesupport_fastrtps_c.c
[0.619s] -- Up-to-date: /home/linjiawei/load_mcap/install/deva_ads_msgs/local/lib/python3.10/dist-packages/deva_ads_msgs/_deva_ads_msgs_s.ep.rosidl_typesupport_introspection_c.c
[0.619s] -- Up-to-date: /home/linjiawei/load_mcap/install/deva_ads_msgs/local/lib/python3.10/dist-packages/deva_ads_msgs/_deva_ads_msgs_s.ep.rosidl_typesupport_c.c
[0.619s] -- Up-to-date: /home/linjiawei/load_mcap/install/deva_ads_msgs/local/lib/python3.10/dist-packages/deva_ads_msgs/libdeva_ads_msgs__rosidl_generator_py.so
[0.619s] -- Up-to-date: /home/linjiawei/load_mcap/install/deva_ads_msgs/local/lib/python3.10/dist-packages/deva_ads_msgs/deva_ads_msgs_s__rosidl_typesupport_c.cpython-310-x86_64-linux-gnu.so
[0.619s] -- Up-to-date: /home/linjiawei/load_mcap/install/deva_ads_msgs/local/lib/python3.10/dist-packages/deva_ads_msgs/deva_ads_msgs_s__rosidl_typesupport_fastrtps_c.cpython-310-x86_64-linux-gnu.so
[0.619s] -- Up-to-date: /home/linjiawei/load_mcap/install/deva_ads_msgs/local/lib/python3.10/dist-packages/deva_ads_msgs/deva_ads_msgs_s__rosidl_typesupport_introspection_c.cpython-310-x86_64-linux-gnu.so
[0.647s] Listing '/home/linjiawei/load_mcap/install/deva_ads_msgs/local/lib/python3.10/dist-packages/deva_ads_msgs'...
[0.647s] Listing '/home/linjiawei/load_mcap/install/deva_ads_msgs/local/lib/python3.10/dist-packages/deva_ads_msgs/msg'...
[0.649s] -- Up-to-date: /home/linjiawei/load_mcap/install/deva_ads_msgs/local/lib/python3.10/dist-packages/deva_ads_msgs/deva_ads_msgs_s__rosidl_typesupport_fastrtps_c.cpython-310-x86_64-linux-gnu.so
[0.649s] -- Up-to-date: /home/linjiawei/load_mcap/install/deva_ads_msgs/local/lib/python3.10/dist-packages/deva_ads_msgs/deva_ads_msgs_s__rosidl_typesupport_introspection_c.cpython-310-x86_64-linux-gnu.so
[0.649s] -- Up-to-date: /home/linjiawei/load_mcap/install/deva_ads_msgs/local/lib/python3.10/dist-packages/deva_ads_msgs/deva_ads_msgs_s__rosidl_typesupport_c.cpython-310-x86_64-linux-gnu.so
[0.649s] -- Up-to-date: /home/linjiawei/load_mcap/install/deva_ads_msgs/lib/libdeva_ads_msgs__rosidl_generator_py.so
[0.649s] -- Up-to-date: /home/linjiawei/load_mcap/install/deva_ads_msgs/share/deva_ads_msgs/msg/AdsInfo.idl
[0.649s] -- Up-to-date: /home/linjiawei/load_mcap/install/deva_ads_msgs/share/deva_ads_msgs/msg/AdsMarker.idl
[0.649s] -- Up-to-date: /home/linjiawei/load_mcap/install/deva_ads_msgs/share/deva_ads_msgs/msg/AdsMarkerArray.idl
[0.650s] -- Up-to-date: /home/linjiawei/load_mcap/install/deva_ads_msgs/share/deva_ads_msgs/msg/AdsMarkerArrayVec.idl
[0.650s] -- Up-to-date: /home/linjiawei/load_mcap/install/deva_ads_msgs/share/deva_ads_msgs/msg/AdsInfo.msg
[0.650s] -- Up-to-date: /home/linjiawei/load_mcap/install/deva_ads_msgs/share/deva_ads_msgs/msg/AdsMarker.msg
[0.650s] -- Up-to-date: /home/linjiawei/load_mcap/install/deva_ads_msgs/share/deva_ads_msgs/msg/AdsMarkerArray.msg
[0.650s] -- Up-to-date: /home/linjiawei/load_mcap/install/deva_ads_msgs/share/deva_ads_msgs/msg/AdsMarkerArrayVec.msg
[0.650s] -- Up-to-date: /home/linjiawei/load_mcap/install/deva_ads_msgs/share/ament_index/resource_index/package_run_dependencies/deva_ads_msgs
[0.650s] -- Up-to-date: /home/linjiawei/load_mcap/install/deva_ads_msgs/share/ament_index/resource_index/parent_prefix_path/deva_ads_msgs
[0.650s] -- Up-to-date: /home/linjiawei/load_mcap/install/deva_ads_msgs/share/deva_ads_msgs/environment/ament_prefix_path.sh
[0.650s] -- Up-to-date: /home/linjiawei/load_mcap/install/deva_ads_msgs/share/deva_ads_msgs/environment/ament_prefix_path.dsv
[0.650s] -- Up-to-date: /home/linjiawei/load_mcap/install/deva_ads_msgs/share/deva_ads_msgs/environment/path.sh
[0.650s] -- Up-to-date: /home/linjiawei/load_mcap/install/deva_ads_msgs/share/deva_ads_msgs/environment/path.dsv
[0.650s] -- Up-to-date: /home/linjiawei/load_mcap/install/deva_ads_msgs/share/deva_ads_msgs/local_setup.bash
[0.651s] -- Up-to-date: /home/linjiawei/load_mcap/install/deva_ads_msgs/share/deva_ads_msgs/local_setup.sh
[0.651s] -- Up-to-date: /home/linjiawei/load_mcap/install/deva_ads_msgs/share/deva_ads_msgs/local_setup.zsh
[0.651s] -- Up-to-date: /home/linjiawei/load_mcap/install/deva_ads_msgs/share/deva_ads_msgs/local_setup.dsv
[0.651s] -- Installing: /home/linjiawei/load_mcap/install/deva_ads_msgs/share/deva_ads_msgs/package.dsv
[0.651s] -- Up-to-date: /home/linjiawei/load_mcap/install/deva_ads_msgs/share/ament_index/resource_index/packages/deva_ads_msgs
[0.651s] -- Up-to-date: /home/linjiawei/load_mcap/install/deva_ads_msgs/share/deva_ads_msgs/cmake/export_deva_ads_msgs__rosidl_generator_cExport.cmake
[0.651s] -- Up-to-date: /home/linjiawei/load_mcap/install/deva_ads_msgs/share/deva_ads_msgs/cmake/export_deva_ads_msgs__rosidl_generator_cExport-noconfig.cmake
[0.651s] -- Up-to-date: /home/linjiawei/load_mcap/install/deva_ads_msgs/share/deva_ads_msgs/cmake/export_deva_ads_msgs__rosidl_typesupport_fastrtps_cExport.cmake
[0.651s] -- Up-to-date: /home/linjiawei/load_mcap/install/deva_ads_msgs/share/deva_ads_msgs/cmake/export_deva_ads_msgs__rosidl_typesupport_fastrtps_cExport-noconfig.cmake
[0.651s] -- Up-to-date: /home/linjiawei/load_mcap/install/deva_ads_msgs/share/deva_ads_msgs/cmake/deva_ads_msgs__rosidl_typesupport_introspection_cExport.cmake
[0.651s] -- Up-to-date: /home/linjiawei/load_mcap/install/deva_ads_msgs/share/deva_ads_msgs/cmake/deva_ads_msgs__rosidl_typesupport_introspection_cExport-noconfig.cmake
[0.651s] -- Up-to-date: /home/linjiawei/load_mcap/install/deva_ads_msgs/share/deva_ads_msgs/cmake/deva_ads_msgs__rosidl_typesupport_cExport.cmake
[0.651s] -- Up-to-date: /home/linjiawei/load_mcap/install/deva_ads_msgs/share/deva_ads_msgs/cmake/deva_ads_msgs__rosidl_typesupport_cExport-noconfig.cmake
[0.651s] -- Up-to-date: /home/linjiawei/load_mcap/install/deva_ads_msgs/share/deva_ads_msgs/cmake/export_deva_ads_msgs__rosidl_generator_cppExport.cmake
[0.652s] -- Up-to-date: /home/linjiawei/load_mcap/install/deva_ads_msgs/share/deva_ads_msgs/cmake/export_deva_ads_msgs__rosidl_typesupport_fastrtps_cppExport.cmake
[0.652s] -- Up-to-date: /home/linjiawei/load_mcap/install/deva_ads_msgs/share/deva_ads_msgs/cmake/export_deva_ads_msgs__rosidl_typesupport_fastrtps_cppExport-noconfig.cmake
[0.652s] -- Up-to-date: /home/linjiawei/load_mcap/install/deva_ads_msgs/share/deva_ads_msgs/cmake/deva_ads_msgs__rosidl_typesupport_introspection_cppExport.cmake
[0.652s] -- Up-to-date: /home/linjiawei/load_mcap/install/deva_ads_msgs/share/deva_ads_msgs/cmake/deva_ads_msgs__rosidl_typesupport_introspection_cppExport-noconfig.cmake
[0.652s] -- Up-to-date: /home/linjiawei/load_mcap/install/deva_ads_msgs/share/deva_ads_msgs/cmake/deva_ads_msgs__rosidl_typesupport_cppExport.cmake
[0.652s] -- Up-to-date: /home/linjiawei/load_mcap/install/deva_ads_msgs/share/deva_ads_msgs/cmake/deva_ads_msgs__rosidl_typesupport_cppExport-noconfig.cmake
[0.652s] -- Up-to-date: /home/linjiawei/load_mcap/install/deva_ads_msgs/share/deva_ads_msgs/cmake/export_deva_ads_msgs__rosidl_generator_pyExport.cmake
[0.652s] -- Up-to-date: /home/linjiawei/load_mcap/install/deva_ads_msgs/share/deva_ads_msgs/cmake/export_deva_ads_msgs__rosidl_generator_pyExport-noconfig.cmake
[0.652s] -- Up-to-date: /home/linjiawei/load_mcap/install/deva_ads_msgs/share/deva_ads_msgs/cmake/rosidl_cmake-extras.cmake
[0.652s] -- Up-to-date: /home/linjiawei/load_mcap/install/deva_ads_msgs/share/deva_ads_msgs/cmake/ament_cmake_export_dependencies-extras.cmake
[0.653s] -- Up-to-date: /home/linjiawei/load_mcap/install/deva_ads_msgs/share/deva_ads_msgs/cmake/ament_cmake_export_include_directories-extras.cmake
[0.653s] -- Up-to-date: /home/linjiawei/load_mcap/install/deva_ads_msgs/share/deva_ads_msgs/cmake/ament_cmake_export_libraries-extras.cmake
[0.653s] -- Up-to-date: /home/linjiawei/load_mcap/install/deva_ads_msgs/share/deva_ads_msgs/cmake/ament_cmake_export_targets-extras.cmake
[0.653s] -- Up-to-date: /home/linjiawei/load_mcap/install/deva_ads_msgs/share/deva_ads_msgs/cmake/rosidl_cmake_export_typesupport_targets-extras.cmake
[0.653s] -- Up-to-date: /home/linjiawei/load_mcap/install/deva_ads_msgs/share/deva_ads_msgs/cmake/rosidl_cmake_export_typesupport_libraries-extras.cmake
[0.653s] -- Up-to-date: /home/linjiawei/load_mcap/install/deva_ads_msgs/share/deva_ads_msgs/cmake/deva_ads_msgsConfig.cmake
[0.653s] -- Up-to-date: /home/linjiawei/load_mcap/install/deva_ads_msgs/share/deva_ads_msgs/cmake/deva_ads_msgsConfig-version.cmake
[0.653s] -- Up-to-date: /home/linjiawei/load_mcap/install/deva_ads_msgs/share/deva_ads_msgs/package.xml
[0.688s] Invoked command in '/home/linjiawei/load_mcap/build/deva_ads_msgs' returned '0': CMAKE_PREFIX_PATH=${CMAKE_PREFIX_PATH}:/opt/ros/humble /usr/bin/cmake --install /home/linjiawei/load_mcap/build/deva_ads_msgs
