[0.000000] (-) TimerEvent: {}
[0.000232] (-) JobUnselected: {'identifier': 'deva_ads_msgs'}
[0.000265] (-) JobUnselected: {'identifier': 'deva_aeb_msgs'}
[0.000286] (-) JobUnselected: {'identifier': 'deva_common_msgs'}
[0.000306] (-) JobUnselected: {'identifier': 'deva_control_msgs'}
[0.000323] (-) JobUnselected: {'identifier': 'deva_function_msgs'}
[0.000341] (-) JobUnselected: {'identifier': 'deva_gaode_routing_msgs'}
[0.000358] (-) JobUnselected: {'identifier': 'deva_localization_msgs'}
[0.000376] (-) JobUnselected: {'identifier': 'deva_map_msgs'}
[0.000393] (-) JobUnselected: {'identifier': 'deva_mdriver_msgs'}
[0.000410] (-) JobUnselected: {'identifier': 'deva_navi_msgs'}
[0.000428] (-) JobUnselected: {'identifier': 'deva_perception_msgs'}
[0.000445] (-) JobUnselected: {'identifier': 'deva_planning_msgs'}
[0.000462] (-) JobUnselected: {'identifier': 'deva_planning_msgs2'}
[0.000479] (-) JobUnselected: {'identifier': 'environment_model_msgs'}
[0.000496] (-) JobUnselected: {'identifier': 'fault_diagnosis'}
[0.000514] (-) JobUnselected: {'identifier': 'rviz_plug_msg'}
[0.000531] (-) JobUnselected: {'identifier': 'serialize_msgs'}
[0.000552] (mcap_streamer) JobQueued: {'identifier': 'mcap_streamer', 'dependencies': OrderedDict()}
[0.000806] (mcap_streamer) JobStarted: {'identifier': 'mcap_streamer'}
[0.010337] (mcap_streamer) JobProgress: {'identifier': 'mcap_streamer', 'progress': 'cmake'}
[0.010949] (mcap_streamer) JobProgress: {'identifier': 'mcap_streamer', 'progress': 'build'}
[0.012057] (mcap_streamer) Command: {'cmd': ['/usr/bin/cmake', '--build', '/home/linjiawei/load_mcap/build/mcap_streamer', '--', '-j17', '-l17'], 'cwd': '/home/linjiawei/load_mcap/build/mcap_streamer', 'env': OrderedDict([('LESSOPEN', '| /usr/bin/lesspipe %s'), ('VSCODE_CWD', '/home/linjiawei'), ('KUBERNETES_SERVICE_PORT', '443'), ('VSCODE_ESM_ENTRYPOINT', 'vs/workbench/api/node/extensionHostProcess'), ('KUBEBRAIN_SITE', 'mach'), ('KUBERNETES_PORT', 'tcp://10.68.0.1:443'), ('BRAIN_DAEMON_JUPYTER_DIR', '/data/jupyter'), ('USER', 'linjiawei'), ('SSH_CLIENT', '100.96.74.10 41472 22'), ('VSCODE_NLS_CONFIG', '{"userLocale":"zh-cn","osLocale":"zh-cn","resolvedLanguage":"en","defaultMessagesFile":"/home/linjiawei/.cursor-server/bin/ba90f2f88e4911312761abab9492c42442117cf0/out/nls.messages.json","locale":"zh-cn","availableLanguages":{}}'), ('BRAIN_SHARED_READONLY', 'false'), ('KUBEBRAIN_PROCESS_ID', 'a339afdf-8e23-41dd-b3c2-ec44dfa27e9d'), ('VSCODE_HANDLES_UNCAUGHT_ERRORS', 'true'), ('HOSTNAME', 'ros'), ('XDG_SESSION_TYPE', 'tty'), ('SHLVL', '0'), ('LD_LIBRARY_PATH', '/home/linjiawei/load_mcap/install/serialize_msgs/lib:/home/linjiawei/load_mcap/install/rviz_plug_msg/lib:/home/linjiawei/load_mcap/install/fault_diagnosis/lib:/home/linjiawei/load_mcap/install/environment_model_msgs/lib:/home/linjiawei/load_mcap/install/deva_control_msgs/lib:/home/linjiawei/load_mcap/install/deva_planning_msgs2/lib:/home/linjiawei/load_mcap/install/deva_mdriver_msgs/lib:/home/linjiawei/load_mcap/install/deva_planning_msgs/lib:/home/linjiawei/load_mcap/install/deva_map_msgs/lib:/home/linjiawei/load_mcap/install/deva_perception_msgs/lib:/home/linjiawei/load_mcap/install/deva_navi_msgs/lib:/home/linjiawei/load_mcap/install/deva_localization_msgs/lib:/home/linjiawei/load_mcap/install/deva_gaode_routing_msgs/lib:/home/linjiawei/load_mcap/install/deva_function_msgs/lib:/home/linjiawei/load_mcap/install/deva_aeb_msgs/lib:/home/linjiawei/load_mcap/install/deva_common_msgs/lib:/home/linjiawei/load_mcap/install/deva_ads_msgs/lib:/opt/ros/humble/opt/rviz_ogre_vendor/lib:/opt/ros/humble/lib/x86_64-linux-gnu:/opt/ros/humble/lib:/usr/local/nvidia/lib64'), ('BROWSER', '/home/linjiawei/.cursor-server/bin/ba90f2f88e4911312761abab9492c42442117cf0/bin/helpers/browser.sh'), ('MOTD_SHOWN', 'pam'), ('HOME', '/home/linjiawei'), ('TMP_SIZE', '16777216K'), ('KUBEBRAIN_RUNTIME', 'ws2'), ('OLDPWD', '/home/linjiawei/load_mcap'), ('VSCODE_IPC_HOOK_CLI', '/run/user/10250/vscode-ipc-d1d99e00-2f5b-465e-83d1-4ebe11e0858b.sock'), ('BRAIN_DAEMON_JUPYTER_TOKEN', '9c0e8eec-6994-41a4-9f6b-319d33bc630e'), ('ROS_PYTHON_VERSION', '3'), ('BRAIN_DAEMON_JUPYTER_BASE_URL', '/kapi/workspace.kubebrain.io/mach-mp/ws-00018098a82852e6/jupyter'), ('PCIDEVICE_MELLANOX_COM_MLNX_RDMA', ''), ('NO_COLOR', '1'), ('TOPOLOGY_ZONE', 'mach-cn-west-qy-dsxs-cm'), ('VSCODE_L10N_BUNDLE_LOCATION', 'vscode-local:/home/linjiawei/.cursor/extensions/ms-ceintl.vscode-language-pack-zh-hans-1.99.0-universal/translations/extensions/vscode.json-language-features.i18n.json'), ('COLCON_PREFIX_PATH', '/home/linjiawei/load_mcap/install'), ('ROS_DISTRO', 'humble'), ('LOGNAME', 'linjiawei'), ('FORCE_COLOR', '0'), ('VSCODE_HANDLES_SIGPIPE', 'true'), ('_', '/usr/bin/colcon'), ('ROS_VERSION', '2'), ('BRAIN_USERNAME', 'linjiawei'), ('XDG_SESSION_CLASS', 'user'), ('TERM', 'dumb'), ('XDG_SESSION_ID', 'c44'), ('KUBERNETES_PORT_443_TCP_ADDR', '10.68.0.1'), ('ROS_LOCALHOST_ONLY', '0'), ('COMPOSER_NO_INTERACTION', '1'), ('SHM_SIZE', '16777216K'), ('PATH', '/home/linjiawei/.local/bin:/home/linjiawei/.local/bin:/opt/ros/humble/bin:/opt/conda/bin:/kubebrain:/usr/local/nvidia/bin:/usr/local/sbin:/usr/local/bin:/usr/sbin:/usr/bin:/sbin:/bin'), ('VSCODE_AGENT_FOLDER', '/home/linjiawei/.cursor-server'), ('KUBEBRAIN_WORKSPACE_NAME', 'ws-00018098a82852e6'), ('XDG_RUNTIME_DIR', '/run/user/10250'), ('KUBERNETES_PORT_443_TCP_PORT', '443'), ('CURSOR_AGENT', '1'), ('DISPLAY', 'localhost:11.0'), ('KUBERNETES_PORT_443_TCP_PROTO', 'tcp'), ('KUBEBRAIN_RESOURCE_TYPE', 'workspace'), ('LANG', 'en_US.UTF-8'), ('LS_COLORS', ''), ('SSH_AUTH_SOCK', '/tmp/cursor-remote-ssh-auth-sock-5947a298-eaf8-4f15-adfc-973d91be4566.sock'), ('AMENT_PREFIX_PATH', '/home/linjiawei/load_mcap/install/serialize_msgs:/home/linjiawei/load_mcap/install/rviz_plug_msg:/home/linjiawei/load_mcap/install/mcap_streamer:/home/linjiawei/load_mcap/install/fault_diagnosis:/home/linjiawei/load_mcap/install/environment_model_msgs:/home/linjiawei/load_mcap/install/deva_control_msgs:/home/linjiawei/load_mcap/install/deva_planning_msgs2:/home/linjiawei/load_mcap/install/deva_mdriver_msgs:/home/linjiawei/load_mcap/install/deva_planning_msgs:/home/linjiawei/load_mcap/install/deva_map_msgs:/home/linjiawei/load_mcap/install/deva_perception_msgs:/home/linjiawei/load_mcap/install/deva_navi_msgs:/home/linjiawei/load_mcap/install/deva_localization_msgs:/home/linjiawei/load_mcap/install/deva_gaode_routing_msgs:/home/linjiawei/load_mcap/install/deva_function_msgs:/home/linjiawei/load_mcap/install/deva_aeb_msgs:/home/linjiawei/load_mcap/install/deva_common_msgs:/home/linjiawei/load_mcap/install/deva_ads_msgs:/opt/ros/humble'), ('BRAIN_DAEMON_JUPYTER_PORT', '8888'), ('SHELL', '/bin/bash'), ('VSCODE_SERVER_SHUTDOWN_TIMEOUT', '300'), ('TerminationGracePeriodSeconds', '30'), ('LESSCLOSE', '/usr/bin/lesspipe %s %s'), ('KUBERNETES_SERVICE_PORT_HTTPS', '443'), ('KUBERNETES_PORT_443_TCP', 'tcp://10.68.0.1:443'), ('KUBEBRAIN_QUOTA_GROUP', 'mp_ws'), ('KUBEBRAIN_CLUSTER_ENTRY', 'https://qy.machdrive.cn'), ('PWD', '/home/linjiawei/load_mcap/build/mcap_streamer'), ('BRAIN_SHARED_ROOT', '10.68.17.151:/'), ('KUBEBRAIN_NAMESPACE', 'mach-mp'), ('KUBERNETES_SERVICE_HOST', '10.68.0.1'), ('BRAIN_TOPOLOGY_LEAF_ROCE', ''), ('LC_ALL', 'en_US.UTF-8'), ('SSH_CONNECTION', '100.96.74.10 41472 100.97.82.77 22'), ('KUBEBRAIN_PROCESS_NAME', 'ws-00018098a82852e6-master'), ('KUBEBRAIN_WORKSPACE_NAMESPACE', ''), ('PYTHONPATH', '/home/linjiawei/load_mcap/install/serialize_msgs/local/lib/python3.10/dist-packages:/home/linjiawei/load_mcap/install/rviz_plug_msg/local/lib/python3.10/dist-packages:/home/linjiawei/load_mcap/install/fault_diagnosis/local/lib/python3.10/dist-packages:/home/linjiawei/load_mcap/install/environment_model_msgs/local/lib/python3.10/dist-packages:/home/linjiawei/load_mcap/install/deva_control_msgs/local/lib/python3.10/dist-packages:/home/linjiawei/load_mcap/install/deva_planning_msgs2/local/lib/python3.10/dist-packages:/home/linjiawei/load_mcap/install/deva_mdriver_msgs/local/lib/python3.10/dist-packages:/home/linjiawei/load_mcap/install/deva_planning_msgs/local/lib/python3.10/dist-packages:/home/linjiawei/load_mcap/install/deva_map_msgs/local/lib/python3.10/dist-packages:/home/linjiawei/load_mcap/install/deva_perception_msgs/local/lib/python3.10/dist-packages:/home/linjiawei/load_mcap/install/deva_navi_msgs/local/lib/python3.10/dist-packages:/home/linjiawei/load_mcap/install/deva_localization_msgs/local/lib/python3.10/dist-packages:/home/linjiawei/load_mcap/install/deva_gaode_routing_msgs/local/lib/python3.10/dist-packages:/home/linjiawei/load_mcap/install/deva_function_msgs/local/lib/python3.10/dist-packages:/home/linjiawei/load_mcap/install/deva_aeb_msgs/local/lib/python3.10/dist-packages:/home/linjiawei/load_mcap/install/deva_common_msgs/local/lib/python3.10/dist-packages:/home/linjiawei/load_mcap/install/deva_ads_msgs/local/lib/python3.10/dist-packages:/opt/ros/humble/lib/python3.10/site-packages:/opt/ros/humble/local/lib/python3.10/dist-packages'), ('NVIDIA_VISIBLE_DEVICES', ''), ('COLCON', '1'), ('CMAKE_PREFIX_PATH', '/home/linjiawei/load_mcap/install/serialize_msgs:/home/linjiawei/load_mcap/install/rviz_plug_msg:/home/linjiawei/load_mcap/install/mcap_streamer:/home/linjiawei/load_mcap/install/fault_diagnosis:/home/linjiawei/load_mcap/install/environment_model_msgs:/home/linjiawei/load_mcap/install/deva_control_msgs:/home/linjiawei/load_mcap/install/deva_planning_msgs2:/home/linjiawei/load_mcap/install/deva_mdriver_msgs:/home/linjiawei/load_mcap/install/deva_planning_msgs:/home/linjiawei/load_mcap/install/deva_map_msgs:/home/linjiawei/load_mcap/install/deva_perception_msgs:/home/linjiawei/load_mcap/install/deva_navi_msgs:/home/linjiawei/load_mcap/install/deva_localization_msgs:/home/linjiawei/load_mcap/install/deva_gaode_routing_msgs:/home/linjiawei/load_mcap/install/deva_function_msgs:/home/linjiawei/load_mcap/install/deva_aeb_msgs:/home/linjiawei/load_mcap/install/deva_common_msgs:/home/linjiawei/load_mcap/install/deva_ads_msgs:/opt/ros/humble')]), 'shell': False}
[0.061861] (mcap_streamer) StdoutLine: {'line': b'Consolidate compiler generated dependencies of target mcap_reader_node\n'}
[0.068342] (mcap_streamer) StdoutLine: {'line': b'[ 33%] Built target s3_downloader_lib\n'}
[0.076397] (mcap_streamer) StdoutLine: {'line': b'[ 50%] Building CXX object CMakeFiles/mcap_reader_node.dir/src/mcap_reader_node.cpp.o\n'}
[0.095914] (mcap_streamer) StdoutLine: {'line': b'[ 83%] Built target mcap_streamer_node\n'}
[0.099694] (-) TimerEvent: {}
[0.199831] (-) TimerEvent: {}
[0.300035] (-) TimerEvent: {}
[0.400301] (-) TimerEvent: {}
[0.500480] (-) TimerEvent: {}
[0.600651] (-) TimerEvent: {}
[0.700810] (-) TimerEvent: {}
[0.800914] (-) TimerEvent: {}
[0.901101] (-) TimerEvent: {}
[1.001285] (-) TimerEvent: {}
[1.101410] (-) TimerEvent: {}
[1.201510] (-) TimerEvent: {}
[1.301609] (-) TimerEvent: {}
[1.401710] (-) TimerEvent: {}
[1.501811] (-) TimerEvent: {}
[1.601910] (-) TimerEvent: {}
[1.702010] (-) TimerEvent: {}
[1.802110] (-) TimerEvent: {}
[1.902222] (-) TimerEvent: {}
[2.002363] (-) TimerEvent: {}
[2.102492] (-) TimerEvent: {}
[2.202600] (-) TimerEvent: {}
[2.302717] (-) TimerEvent: {}
[2.402841] (-) TimerEvent: {}
[2.416722] (mcap_streamer) StderrLine: {'line': b'/home/linjiawei/load_mcap/src/mcap_streamer/src/mcap_reader_node.cpp: In member function \xe2\x80\x98std::string McapReaderNode::deserializeMessage(const string&, std::shared_ptr<rclcpp::SerializedMessage>)\xe2\x80\x99:\n'}
[2.416922] (mcap_streamer) StderrLine: {'line': b'/home/linjiawei/load_mcap/src/mcap_streamer/src/mcap_reader_node.cpp:419:33: error: no matching function for call to \xe2\x80\x98rclcpp::SerializationBase::SerializationBase()\xe2\x80\x99\n'}
[2.416991] (mcap_streamer) StderrLine: {'line': b'  419 |       rclcpp::SerializationBase serialization;\n'}
[2.417050] (mcap_streamer) StderrLine: {'line': b'      |                                 ^~~~~~~~~~~~~\n'}
[2.417105] (mcap_streamer) StderrLine: {'line': b'In file included from /home/linjiawei/load_mcap/src/mcap_streamer/src/mcap_reader_node.cpp:4:\n'}
[2.417162] (mcap_streamer) StderrLine: {'line': b'/opt/ros/humble/include/rclcpp/rclcpp/serialization.hpp:56:12: note: candidate: \xe2\x80\x98rclcpp::SerializationBase::SerializationBase(const rosidl_message_type_support_t*)\xe2\x80\x99\n'}
[2.417224] (mcap_streamer) StderrLine: {'line': b'   56 |   explicit SerializationBase(const rosidl_message_type_support_t * type_support);\n'}
[2.417278] (mcap_streamer) StderrLine: {'line': b'      |            ^~~~~~~~~~~~~~~~~\n'}
[2.417330] (mcap_streamer) StderrLine: {'line': b'/opt/ros/humble/include/rclcpp/rclcpp/serialization.hpp:56:12: note:   candidate expects 1 argument, 0 provided\n'}
[2.417383] (mcap_streamer) StderrLine: {'line': b'/opt/ros/humble/include/rclcpp/rclcpp/serialization.hpp:48:26: note: candidate: \xe2\x80\x98constexpr rclcpp::SerializationBase::SerializationBase(const rclcpp::SerializationBase&)\xe2\x80\x99\n'}
[2.417438] (mcap_streamer) StderrLine: {'line': b'   48 | class RCLCPP_PUBLIC_TYPE SerializationBase\n'}
[2.417523] (mcap_streamer) StderrLine: {'line': b'      |                          ^~~~~~~~~~~~~~~~~\n'}
[2.417580] (mcap_streamer) StderrLine: {'line': b'/opt/ros/humble/include/rclcpp/rclcpp/serialization.hpp:48:26: note:   candidate expects 1 argument, 0 provided\n'}
[2.417632] (mcap_streamer) StderrLine: {'line': b'/home/linjiawei/load_mcap/src/mcap_streamer/src/mcap_reader_node.cpp:426:72: error: no matching function for call to \xe2\x80\x98get_message_type_support_handle(const string&, const char [23])\xe2\x80\x99\n'}
[2.417686] (mcap_streamer) StderrLine: {'line': b'  426 |       auto ts = rosidl_typesupport_cpp::get_message_type_support_handle(\n'}
[2.417740] (mcap_streamer) StderrLine: {'line': b'      |                 ~~~~~~~~~~~~~~~~~~~~~~~~~~~~~~~~~~~~~~~~~~~~~~~~~~~~~~~^\n'}
[2.417791] (mcap_streamer) StderrLine: {'line': b'  427 |         topic_type, "rosidl_typesupport_cpp");\n'}
[2.417843] (mcap_streamer) StderrLine: {'line': b'      |         ~~~~~~~~~~~~~~~~~~~~~~~~~~~~~~~~~~~~~                           \n'}
[2.417895] (mcap_streamer) StderrLine: {'line': b'In file included from /opt/ros/humble/include/builtin_interfaces/builtin_interfaces/msg/detail/duration__type_support.hpp:12,\n'}
[2.417947] (mcap_streamer) StderrLine: {'line': b'                 from /opt/ros/humble/include/builtin_interfaces/builtin_interfaces/msg/duration.hpp:10,\n'}
[2.417998] (mcap_streamer) StderrLine: {'line': b'                 from /opt/ros/humble/include/rclcpp/rclcpp/duration.hpp:20,\n'}
[2.418051] (mcap_streamer) StderrLine: {'line': b'                 from /opt/ros/humble/include/rclcpp/rclcpp/qos.hpp:20,\n'}
[2.418101] (mcap_streamer) StderrLine: {'line': b'                 from /opt/ros/humble/include/rclcpp/rclcpp/node_interfaces/node_graph_interface.hpp:32,\n'}
[2.418154] (mcap_streamer) StderrLine: {'line': b'                 from /opt/ros/humble/include/rclcpp/rclcpp/client.hpp:42,\n'}
[2.418206] (mcap_streamer) StderrLine: {'line': b'                 from /opt/ros/humble/include/rclcpp/rclcpp/callback_group.hpp:24,\n'}
[2.418258] (mcap_streamer) StderrLine: {'line': b'                 from /opt/ros/humble/include/rclcpp/rclcpp/any_executable.hpp:20,\n'}
[2.418310] (mcap_streamer) StderrLine: {'line': b'                 from /opt/ros/humble/include/rclcpp/rclcpp/memory_strategy.hpp:25,\n'}
[2.418362] (mcap_streamer) StderrLine: {'line': b'                 from /opt/ros/humble/include/rclcpp/rclcpp/memory_strategies.hpp:18,\n'}
[2.418417] (mcap_streamer) StderrLine: {'line': b'                 from /opt/ros/humble/include/rclcpp/rclcpp/executor_options.hpp:20,\n'}
[2.418470] (mcap_streamer) StderrLine: {'line': b'                 from /opt/ros/humble/include/rclcpp/rclcpp/executor.hpp:37,\n'}
[2.418523] (mcap_streamer) StderrLine: {'line': b'                 from /opt/ros/humble/include/rclcpp/rclcpp/executors/multi_threaded_executor.hpp:25,\n'}
[2.418575] (mcap_streamer) StderrLine: {'line': b'                 from /opt/ros/humble/include/rclcpp/rclcpp/executors.hpp:21,\n'}
[2.418627] (mcap_streamer) StderrLine: {'line': b'                 from /opt/ros/humble/include/rclcpp/rclcpp/rclcpp.hpp:155,\n'}
[2.418682] (mcap_streamer) StderrLine: {'line': b'                 from /home/linjiawei/load_mcap/src/mcap_streamer/src/mcap_reader_node.cpp:1:\n'}
[2.418737] (mcap_streamer) StderrLine: {'line': b'/opt/ros/humble/include/rosidl_runtime_cpp/rosidl_typesupport_cpp/message_type_support.hpp:25:39: note: candidate: \xe2\x80\x98template<class T> const rosidl_message_type_support_t* rosidl_typesupport_cpp::get_message_type_support_handle()\xe2\x80\x99\n'}
[2.418796] (mcap_streamer) StderrLine: {'line': b'   25 | const rosidl_message_type_support_t * get_message_type_support_handle();\n'}
[2.418849] (mcap_streamer) StderrLine: {'line': b'      |                                       ^~~~~~~~~~~~~~~~~~~~~~~~~~~~~~~\n'}
[2.418902] (mcap_streamer) StderrLine: {'line': b'/opt/ros/humble/include/rosidl_runtime_cpp/rosidl_typesupport_cpp/message_type_support.hpp:25:39: note:   template argument deduction/substitution failed:\n'}
[2.418955] (mcap_streamer) StderrLine: {'line': b'/home/linjiawei/load_mcap/src/mcap_streamer/src/mcap_reader_node.cpp:426:72: note:   candidate expects 0 arguments, 2 provided\n'}
[2.419014] (mcap_streamer) StderrLine: {'line': b'  426 |       auto ts = rosidl_typesupport_cpp::get_message_type_support_handle(\n'}
[2.419066] (mcap_streamer) StderrLine: {'line': b'      |                 ~~~~~~~~~~~~~~~~~~~~~~~~~~~~~~~~~~~~~~~~~~~~~~~~~~~~~~~^\n'}
[2.419122] (mcap_streamer) StderrLine: {'line': b'  427 |         topic_type, "rosidl_typesupport_cpp");\n'}
[2.419174] (mcap_streamer) StderrLine: {'line': b'      |         ~~~~~~~~~~~~~~~~~~~~~~~~~~~~~~~~~~~~~                           \n'}
[2.419226] (mcap_streamer) StderrLine: {'line': b'/home/linjiawei/load_mcap/src/mcap_streamer/src/mcap_reader_node.cpp:432:69: error: no matching function for call to \xe2\x80\x98get_message_type_support_handle(const string&, const char [37])\xe2\x80\x99\n'}
[2.419278] (mcap_streamer) StderrLine: {'line': b'  432 |         ts = rosidl_typesupport_cpp::get_message_type_support_handle(\n'}
[2.419330] (mcap_streamer) StderrLine: {'line': b'      |              ~~~~~~~~~~~~~~~~~~~~~~~~~~~~~~~~~~~~~~~~~~~~~~~~~~~~~~~^\n'}
[2.419381] (mcap_streamer) StderrLine: {'line': b'  433 |           topic_type, "rosidl_typesupport_introspection_cpp");\n'}
[2.419432] (mcap_streamer) StderrLine: {'line': b'      |           ~~~~~~~~~~~~~~~~~~~~~~~~~~~~~~~~~~~~~~~~~~~~~~~~~~~        \n'}
[2.419484] (mcap_streamer) StderrLine: {'line': b'In file included from /opt/ros/humble/include/builtin_interfaces/builtin_interfaces/msg/detail/duration__type_support.hpp:12,\n'}
[2.419536] (mcap_streamer) StderrLine: {'line': b'                 from /opt/ros/humble/include/builtin_interfaces/builtin_interfaces/msg/duration.hpp:10,\n'}
[2.419587] (mcap_streamer) StderrLine: {'line': b'                 from /opt/ros/humble/include/rclcpp/rclcpp/duration.hpp:20,\n'}
[2.419640] (mcap_streamer) StderrLine: {'line': b'                 from /opt/ros/humble/include/rclcpp/rclcpp/qos.hpp:20,\n'}
[2.419691] (mcap_streamer) StderrLine: {'line': b'                 from /opt/ros/humble/include/rclcpp/rclcpp/node_interfaces/node_graph_interface.hpp:32,\n'}
[2.419758] (mcap_streamer) StderrLine: {'line': b'                 from /opt/ros/humble/include/rclcpp/rclcpp/client.hpp:42,\n'}
[2.419811] (mcap_streamer) StderrLine: {'line': b'                 from /opt/ros/humble/include/rclcpp/rclcpp/callback_group.hpp:24,\n'}
[2.419863] (mcap_streamer) StderrLine: {'line': b'                 from /opt/ros/humble/include/rclcpp/rclcpp/any_executable.hpp:20,\n'}
[2.419915] (mcap_streamer) StderrLine: {'line': b'                 from /opt/ros/humble/include/rclcpp/rclcpp/memory_strategy.hpp:25,\n'}
[2.419968] (mcap_streamer) StderrLine: {'line': b'                 from /opt/ros/humble/include/rclcpp/rclcpp/memory_strategies.hpp:18,\n'}
[2.420020] (mcap_streamer) StderrLine: {'line': b'                 from /opt/ros/humble/include/rclcpp/rclcpp/executor_options.hpp:20,\n'}
[2.420071] (mcap_streamer) StderrLine: {'line': b'                 from /opt/ros/humble/include/rclcpp/rclcpp/executor.hpp:37,\n'}
[2.420123] (mcap_streamer) StderrLine: {'line': b'                 from /opt/ros/humble/include/rclcpp/rclcpp/executors/multi_threaded_executor.hpp:25,\n'}
[2.420177] (mcap_streamer) StderrLine: {'line': b'                 from /opt/ros/humble/include/rclcpp/rclcpp/executors.hpp:21,\n'}
[2.420229] (mcap_streamer) StderrLine: {'line': b'                 from /opt/ros/humble/include/rclcpp/rclcpp/rclcpp.hpp:155,\n'}
[2.420281] (mcap_streamer) StderrLine: {'line': b'                 from /home/linjiawei/load_mcap/src/mcap_streamer/src/mcap_reader_node.cpp:1:\n'}
[2.420333] (mcap_streamer) StderrLine: {'line': b'/opt/ros/humble/include/rosidl_runtime_cpp/rosidl_typesupport_cpp/message_type_support.hpp:25:39: note: candidate: \xe2\x80\x98template<class T> const rosidl_message_type_support_t* rosidl_typesupport_cpp::get_message_type_support_handle()\xe2\x80\x99\n'}
[2.420388] (mcap_streamer) StderrLine: {'line': b'   25 | const rosidl_message_type_support_t * get_message_type_support_handle();\n'}
[2.420440] (mcap_streamer) StderrLine: {'line': b'      |                                       ^~~~~~~~~~~~~~~~~~~~~~~~~~~~~~~\n'}
[2.420492] (mcap_streamer) StderrLine: {'line': b'/opt/ros/humble/include/rosidl_runtime_cpp/rosidl_typesupport_cpp/message_type_support.hpp:25:39: note:   template argument deduction/substitution failed:\n'}
[2.420545] (mcap_streamer) StderrLine: {'line': b'/home/linjiawei/load_mcap/src/mcap_streamer/src/mcap_reader_node.cpp:432:69: note:   candidate expects 0 arguments, 2 provided\n'}
[2.420599] (mcap_streamer) StderrLine: {'line': b'  432 |         ts = rosidl_typesupport_cpp::get_message_type_support_handle(\n'}
[2.420651] (mcap_streamer) StderrLine: {'line': b'      |              ~~~~~~~~~~~~~~~~~~~~~~~~~~~~~~~~~~~~~~~~~~~~~~~~~~~~~~~^\n'}
[2.420701] (mcap_streamer) StderrLine: {'line': b'  433 |           topic_type, "rosidl_typesupport_introspection_cpp");\n'}
[2.420751] (mcap_streamer) StderrLine: {'line': b'      |           ~~~~~~~~~~~~~~~~~~~~~~~~~~~~~~~~~~~~~~~~~~~~~~~~~~~        \n'}
[2.502946] (-) TimerEvent: {}
[2.603077] (-) TimerEvent: {}
[2.703189] (-) TimerEvent: {}
[2.803294] (-) TimerEvent: {}
[2.903401] (-) TimerEvent: {}
[3.003582] (-) TimerEvent: {}
[3.103765] (-) TimerEvent: {}
[3.203878] (-) TimerEvent: {}
[3.292172] (mcap_streamer) StderrLine: {'line': b'gmake[2]: *** [CMakeFiles/mcap_reader_node.dir/build.make:76: CMakeFiles/mcap_reader_node.dir/src/mcap_reader_node.cpp.o] Error 1\n'}
[3.292454] (mcap_streamer) StderrLine: {'line': b'gmake[1]: *** [CMakeFiles/Makefile2:193: CMakeFiles/mcap_reader_node.dir/all] Error 2\n'}
[3.292592] (mcap_streamer) StderrLine: {'line': b'gmake: *** [Makefile:146: all] Error 2\n'}
[3.294550] (mcap_streamer) CommandEnded: {'returncode': 2}
[3.304029] (-) TimerEvent: {}
[3.307072] (mcap_streamer) JobEnded: {'identifier': 'mcap_streamer', 'rc': 2}
[3.317408] (-) EventReactorShutdown: {}
