[0.028s] Invoking command in '/home/linjiawei/load_mcap/build/deva_ads_msgs': CMAKE_PREFIX_PATH=${CMAKE_PREFIX_PATH}:/opt/ros/humble /usr/bin/cmake --build /home/linjiawei/load_mcap/build/deva_ads_msgs -- -j17 -l17
[0.086s] [  1%] Built target deva_ads_msgs__cpp
[0.087s] [ 12%] Built target deva_ads_msgs__rosidl_generator_c
[0.118s] [ 12%] Built target ament_cmake_python_copy_deva_ads_msgs
[0.120s] [ 23%] Built target deva_ads_msgs__rosidl_typesupport_cpp
[0.125s] [ 34%] Built target deva_ads_msgs__rosidl_typesupport_fastrtps_cpp
[0.127s] [ 45%] Built target deva_ads_msgs__rosidl_typesupport_fastrtps_c
[0.131s] [ 56%] Built target deva_ads_msgs__rosidl_typesupport_introspection_cpp
[0.136s] [ 67%] Built target deva_ads_msgs__rosidl_typesupport_c
[0.137s] [ 78%] Built target deva_ads_msgs__rosidl_typesupport_introspection_c
[0.174s] [ 78%] Built target deva_ads_msgs
[0.199s] [ 80%] Built target deva_ads_msgs__py
[0.226s] [ 89%] Built target deva_ads_msgs__rosidl_generator_py
[0.252s] [ 96%] Built target deva_ads_msgs__rosidl_typesupport_fastrtps_c__pyext
[0.252s] [ 96%] Built target deva_ads_msgs__rosidl_typesupport_c__pyext
[0.253s] [100%] Built target deva_ads_msgs__rosidl_typesupport_introspection_c__pyext
[0.405s] running egg_info
[0.406s] writing deva_ads_msgs.egg-info/PKG-INFO
[0.406s] writing dependency_links to deva_ads_msgs.egg-info/dependency_links.txt
[0.407s] writing top-level names to deva_ads_msgs.egg-info/top_level.txt
[0.410s] reading manifest file 'deva_ads_msgs.egg-info/SOURCES.txt'
[0.411s] writing manifest file 'deva_ads_msgs.egg-info/SOURCES.txt'
[0.439s] [100%] Built target ament_cmake_python_build_deva_ads_msgs_egg
[0.453s] Invoked command in '/home/linjiawei/load_mcap/build/deva_ads_msgs' returned '0': CMAKE_PREFIX_PATH=${CMAKE_PREFIX_PATH}:/opt/ros/humble /usr/bin/cmake --build /home/linjiawei/load_mcap/build/deva_ads_msgs -- -j17 -l17
[0.464s] Invoking command in '/home/linjiawei/load_mcap/build/deva_ads_msgs': CMAKE_PREFIX_PATH=${CMAKE_PREFIX_PATH}:/opt/ros/humble /usr/bin/cmake --install /home/linjiawei/load_mcap/build/deva_ads_msgs
[0.474s] -- Install configuration: ""
[0.474s] -- Up-to-date: /home/linjiawei/load_mcap/install/deva_ads_msgs/share/ament_index/resource_index/rosidl_interfaces/deva_ads_msgs
[0.474s] -- Up-to-date: /home/linjiawei/load_mcap/install/deva_ads_msgs/include/deva_ads_msgs/deva_ads_msgs
[0.474s] -- Up-to-date: /home/linjiawei/load_mcap/install/deva_ads_msgs/include/deva_ads_msgs/deva_ads_msgs/msg
[0.474s] -- Up-to-date: /home/linjiawei/load_mcap/install/deva_ads_msgs/include/deva_ads_msgs/deva_ads_msgs/msg/rosidl_generator_c__visibility_control.h
[0.475s] -- Up-to-date: /home/linjiawei/load_mcap/install/deva_ads_msgs/include/deva_ads_msgs/deva_ads_msgs/msg/ads_info.h
[0.475s] -- Up-to-date: /home/linjiawei/load_mcap/install/deva_ads_msgs/include/deva_ads_msgs/deva_ads_msgs/msg/detail
[0.475s] -- Up-to-date: /home/linjiawei/load_mcap/install/deva_ads_msgs/include/deva_ads_msgs/deva_ads_msgs/msg/detail/ads_info__functions.c
[0.475s] -- Up-to-date: /home/linjiawei/load_mcap/install/deva_ads_msgs/include/deva_ads_msgs/deva_ads_msgs/msg/detail/ads_info__functions.h
[0.475s] -- Up-to-date: /home/linjiawei/load_mcap/install/deva_ads_msgs/include/deva_ads_msgs/deva_ads_msgs/msg/detail/ads_info__struct.h
[0.475s] -- Up-to-date: /home/linjiawei/load_mcap/install/deva_ads_msgs/include/deva_ads_msgs/deva_ads_msgs/msg/detail/ads_info__type_support.h
[0.475s] -- Up-to-date: /home/linjiawei/load_mcap/install/deva_ads_msgs/include/deva_ads_msgs/deva_ads_msgs/msg/detail/ads_marker__functions.c
[0.475s] -- Up-to-date: /home/linjiawei/load_mcap/install/deva_ads_msgs/include/deva_ads_msgs/deva_ads_msgs/msg/detail/ads_marker__functions.h
[0.475s] -- Up-to-date: /home/linjiawei/load_mcap/install/deva_ads_msgs/include/deva_ads_msgs/deva_ads_msgs/msg/detail/ads_marker__struct.h
[0.475s] -- Up-to-date: /home/linjiawei/load_mcap/install/deva_ads_msgs/include/deva_ads_msgs/deva_ads_msgs/msg/detail/ads_marker__type_support.h
[0.475s] -- Up-to-date: /home/linjiawei/load_mcap/install/deva_ads_msgs/include/deva_ads_msgs/deva_ads_msgs/msg/detail/ads_marker_array__functions.c
[0.475s] -- Up-to-date: /home/linjiawei/load_mcap/install/deva_ads_msgs/include/deva_ads_msgs/deva_ads_msgs/msg/detail/ads_marker_array__functions.h
[0.476s] -- Up-to-date: /home/linjiawei/load_mcap/install/deva_ads_msgs/include/deva_ads_msgs/deva_ads_msgs/msg/detail/ads_marker_array__struct.h
[0.476s] -- Up-to-date: /home/linjiawei/load_mcap/install/deva_ads_msgs/include/deva_ads_msgs/deva_ads_msgs/msg/detail/ads_marker_array__type_support.h
[0.476s] -- Up-to-date: /home/linjiawei/load_mcap/install/deva_ads_msgs/include/deva_ads_msgs/deva_ads_msgs/msg/detail/ads_marker_array_vec__functions.c
[0.476s] -- Up-to-date: /home/linjiawei/load_mcap/install/deva_ads_msgs/include/deva_ads_msgs/deva_ads_msgs/msg/detail/ads_marker_array_vec__functions.h
[0.476s] -- Up-to-date: /home/linjiawei/load_mcap/install/deva_ads_msgs/include/deva_ads_msgs/deva_ads_msgs/msg/detail/ads_marker_array_vec__struct.h
[0.476s] -- Up-to-date: /home/linjiawei/load_mcap/install/deva_ads_msgs/include/deva_ads_msgs/deva_ads_msgs/msg/detail/ads_marker_array_vec__type_support.h
[0.476s] -- Up-to-date: /home/linjiawei/load_mcap/install/deva_ads_msgs/include/deva_ads_msgs/deva_ads_msgs/msg/ads_marker.h
[0.476s] -- Up-to-date: /home/linjiawei/load_mcap/install/deva_ads_msgs/include/deva_ads_msgs/deva_ads_msgs/msg/ads_marker_array.h
[0.476s] -- Up-to-date: /home/linjiawei/load_mcap/install/deva_ads_msgs/include/deva_ads_msgs/deva_ads_msgs/msg/ads_marker_array_vec.h
[0.476s] -- Up-to-date: /home/linjiawei/load_mcap/install/deva_ads_msgs/share/deva_ads_msgs/environment/library_path.sh
[0.477s] -- Up-to-date: /home/linjiawei/load_mcap/install/deva_ads_msgs/share/deva_ads_msgs/environment/library_path.dsv
[0.477s] -- Up-to-date: /home/linjiawei/load_mcap/install/deva_ads_msgs/lib/libdeva_ads_msgs__rosidl_generator_c.so
[0.477s] -- Up-to-date: /home/linjiawei/load_mcap/install/deva_ads_msgs/include/deva_ads_msgs/deva_ads_msgs
[0.477s] -- Up-to-date: /home/linjiawei/load_mcap/install/deva_ads_msgs/include/deva_ads_msgs/deva_ads_msgs/msg
[0.477s] -- Up-to-date: /home/linjiawei/load_mcap/install/deva_ads_msgs/include/deva_ads_msgs/deva_ads_msgs/msg/rosidl_typesupport_fastrtps_c__visibility_control.h
[0.477s] -- Up-to-date: /home/linjiawei/load_mcap/install/deva_ads_msgs/include/deva_ads_msgs/deva_ads_msgs/msg/detail
[0.477s] -- Up-to-date: /home/linjiawei/load_mcap/install/deva_ads_msgs/include/deva_ads_msgs/deva_ads_msgs/msg/detail/ads_info__rosidl_typesupport_fastrtps_c.h
[0.478s] -- Up-to-date: /home/linjiawei/load_mcap/install/deva_ads_msgs/include/deva_ads_msgs/deva_ads_msgs/msg/detail/ads_marker__rosidl_typesupport_fastrtps_c.h
[0.478s] -- Up-to-date: /home/linjiawei/load_mcap/install/deva_ads_msgs/include/deva_ads_msgs/deva_ads_msgs/msg/detail/ads_marker_array__rosidl_typesupport_fastrtps_c.h
[0.478s] -- Up-to-date: /home/linjiawei/load_mcap/install/deva_ads_msgs/include/deva_ads_msgs/deva_ads_msgs/msg/detail/ads_marker_array_vec__rosidl_typesupport_fastrtps_c.h
[0.478s] -- Up-to-date: /home/linjiawei/load_mcap/install/deva_ads_msgs/lib/libdeva_ads_msgs__rosidl_typesupport_fastrtps_c.so
[0.478s] -- Up-to-date: /home/linjiawei/load_mcap/install/deva_ads_msgs/include/deva_ads_msgs/deva_ads_msgs
[0.478s] -- Up-to-date: /home/linjiawei/load_mcap/install/deva_ads_msgs/include/deva_ads_msgs/deva_ads_msgs/msg
[0.478s] -- Up-to-date: /home/linjiawei/load_mcap/install/deva_ads_msgs/include/deva_ads_msgs/deva_ads_msgs/msg/rosidl_typesupport_introspection_c__visibility_control.h
[0.478s] -- Up-to-date: /home/linjiawei/load_mcap/install/deva_ads_msgs/include/deva_ads_msgs/deva_ads_msgs/msg/detail
[0.478s] -- Up-to-date: /home/linjiawei/load_mcap/install/deva_ads_msgs/include/deva_ads_msgs/deva_ads_msgs/msg/detail/ads_info__rosidl_typesupport_introspection_c.h
[0.478s] -- Up-to-date: /home/linjiawei/load_mcap/install/deva_ads_msgs/include/deva_ads_msgs/deva_ads_msgs/msg/detail/ads_info__type_support.c
[0.478s] -- Up-to-date: /home/linjiawei/load_mcap/install/deva_ads_msgs/include/deva_ads_msgs/deva_ads_msgs/msg/detail/ads_marker__rosidl_typesupport_introspection_c.h
[0.479s] -- Up-to-date: /home/linjiawei/load_mcap/install/deva_ads_msgs/include/deva_ads_msgs/deva_ads_msgs/msg/detail/ads_marker__type_support.c
[0.479s] -- Up-to-date: /home/linjiawei/load_mcap/install/deva_ads_msgs/include/deva_ads_msgs/deva_ads_msgs/msg/detail/ads_marker_array__rosidl_typesupport_introspection_c.h
[0.479s] -- Up-to-date: /home/linjiawei/load_mcap/install/deva_ads_msgs/include/deva_ads_msgs/deva_ads_msgs/msg/detail/ads_marker_array__type_support.c
[0.479s] -- Up-to-date: /home/linjiawei/load_mcap/install/deva_ads_msgs/include/deva_ads_msgs/deva_ads_msgs/msg/detail/ads_marker_array_vec__rosidl_typesupport_introspection_c.h
[0.479s] -- Up-to-date: /home/linjiawei/load_mcap/install/deva_ads_msgs/include/deva_ads_msgs/deva_ads_msgs/msg/detail/ads_marker_array_vec__type_support.c
[0.479s] -- Up-to-date: /home/linjiawei/load_mcap/install/deva_ads_msgs/lib/libdeva_ads_msgs__rosidl_typesupport_introspection_c.so
[0.479s] -- Up-to-date: /home/linjiawei/load_mcap/install/deva_ads_msgs/lib/libdeva_ads_msgs__rosidl_typesupport_c.so
[0.480s] -- Up-to-date: /home/linjiawei/load_mcap/install/deva_ads_msgs/include/deva_ads_msgs/deva_ads_msgs
[0.480s] -- Up-to-date: /home/linjiawei/load_mcap/install/deva_ads_msgs/include/deva_ads_msgs/deva_ads_msgs/msg
[0.480s] -- Up-to-date: /home/linjiawei/load_mcap/install/deva_ads_msgs/include/deva_ads_msgs/deva_ads_msgs/msg/rosidl_generator_cpp__visibility_control.hpp
[0.480s] -- Up-to-date: /home/linjiawei/load_mcap/install/deva_ads_msgs/include/deva_ads_msgs/deva_ads_msgs/msg/ads_info.hpp
[0.480s] -- Up-to-date: /home/linjiawei/load_mcap/install/deva_ads_msgs/include/deva_ads_msgs/deva_ads_msgs/msg/detail
[0.480s] -- Up-to-date: /home/linjiawei/load_mcap/install/deva_ads_msgs/include/deva_ads_msgs/deva_ads_msgs/msg/detail/ads_info__builder.hpp
[0.480s] -- Up-to-date: /home/linjiawei/load_mcap/install/deva_ads_msgs/include/deva_ads_msgs/deva_ads_msgs/msg/detail/ads_info__struct.hpp
[0.480s] -- Up-to-date: /home/linjiawei/load_mcap/install/deva_ads_msgs/include/deva_ads_msgs/deva_ads_msgs/msg/detail/ads_info__traits.hpp
[0.481s] -- Up-to-date: /home/linjiawei/load_mcap/install/deva_ads_msgs/include/deva_ads_msgs/deva_ads_msgs/msg/detail/ads_info__type_support.hpp
[0.481s] -- Up-to-date: /home/linjiawei/load_mcap/install/deva_ads_msgs/include/deva_ads_msgs/deva_ads_msgs/msg/detail/ads_marker__builder.hpp
[0.481s] -- Up-to-date: /home/linjiawei/load_mcap/install/deva_ads_msgs/include/deva_ads_msgs/deva_ads_msgs/msg/detail/ads_marker__struct.hpp
[0.481s] -- Up-to-date: /home/linjiawei/load_mcap/install/deva_ads_msgs/include/deva_ads_msgs/deva_ads_msgs/msg/detail/ads_marker__traits.hpp
[0.481s] -- Up-to-date: /home/linjiawei/load_mcap/install/deva_ads_msgs/include/deva_ads_msgs/deva_ads_msgs/msg/detail/ads_marker__type_support.hpp
[0.481s] -- Up-to-date: /home/linjiawei/load_mcap/install/deva_ads_msgs/include/deva_ads_msgs/deva_ads_msgs/msg/detail/ads_marker_array__builder.hpp
[0.481s] -- Up-to-date: /home/linjiawei/load_mcap/install/deva_ads_msgs/include/deva_ads_msgs/deva_ads_msgs/msg/detail/ads_marker_array__struct.hpp
[0.482s] -- Up-to-date: /home/linjiawei/load_mcap/install/deva_ads_msgs/include/deva_ads_msgs/deva_ads_msgs/msg/detail/ads_marker_array__traits.hpp
[0.482s] -- Up-to-date: /home/linjiawei/load_mcap/install/deva_ads_msgs/include/deva_ads_msgs/deva_ads_msgs/msg/detail/ads_marker_array__type_support.hpp
[0.482s] -- Up-to-date: /home/linjiawei/load_mcap/install/deva_ads_msgs/include/deva_ads_msgs/deva_ads_msgs/msg/detail/ads_marker_array_vec__builder.hpp
[0.482s] -- Up-to-date: /home/linjiawei/load_mcap/install/deva_ads_msgs/include/deva_ads_msgs/deva_ads_msgs/msg/detail/ads_marker_array_vec__struct.hpp
[0.482s] -- Up-to-date: /home/linjiawei/load_mcap/install/deva_ads_msgs/include/deva_ads_msgs/deva_ads_msgs/msg/detail/ads_marker_array_vec__traits.hpp
[0.482s] -- Up-to-date: /home/linjiawei/load_mcap/install/deva_ads_msgs/include/deva_ads_msgs/deva_ads_msgs/msg/detail/ads_marker_array_vec__type_support.hpp
[0.483s] -- Up-to-date: /home/linjiawei/load_mcap/install/deva_ads_msgs/include/deva_ads_msgs/deva_ads_msgs/msg/ads_marker.hpp
[0.483s] -- Up-to-date: /home/linjiawei/load_mcap/install/deva_ads_msgs/include/deva_ads_msgs/deva_ads_msgs/msg/ads_marker_array.hpp
[0.483s] -- Up-to-date: /home/linjiawei/load_mcap/install/deva_ads_msgs/include/deva_ads_msgs/deva_ads_msgs/msg/ads_marker_array_vec.hpp
[0.483s] -- Up-to-date: /home/linjiawei/load_mcap/install/deva_ads_msgs/include/deva_ads_msgs/deva_ads_msgs
[0.483s] -- Up-to-date: /home/linjiawei/load_mcap/install/deva_ads_msgs/include/deva_ads_msgs/deva_ads_msgs/msg
[0.483s] -- Up-to-date: /home/linjiawei/load_mcap/install/deva_ads_msgs/include/deva_ads_msgs/deva_ads_msgs/msg/rosidl_typesupport_fastrtps_cpp__visibility_control.h
[0.483s] -- Up-to-date: /home/linjiawei/load_mcap/install/deva_ads_msgs/include/deva_ads_msgs/deva_ads_msgs/msg/detail
[0.483s] -- Up-to-date: /home/linjiawei/load_mcap/install/deva_ads_msgs/include/deva_ads_msgs/deva_ads_msgs/msg/detail/ads_info__rosidl_typesupport_fastrtps_cpp.hpp
[0.483s] -- Up-to-date: /home/linjiawei/load_mcap/install/deva_ads_msgs/include/deva_ads_msgs/deva_ads_msgs/msg/detail/dds_fastrtps
[0.484s] -- Up-to-date: /home/linjiawei/load_mcap/install/deva_ads_msgs/include/deva_ads_msgs/deva_ads_msgs/msg/detail/ads_marker__rosidl_typesupport_fastrtps_cpp.hpp
[0.484s] -- Up-to-date: /home/linjiawei/load_mcap/install/deva_ads_msgs/include/deva_ads_msgs/deva_ads_msgs/msg/detail/ads_marker_array__rosidl_typesupport_fastrtps_cpp.hpp
[0.484s] -- Up-to-date: /home/linjiawei/load_mcap/install/deva_ads_msgs/include/deva_ads_msgs/deva_ads_msgs/msg/detail/ads_marker_array_vec__rosidl_typesupport_fastrtps_cpp.hpp
[0.484s] -- Up-to-date: /home/linjiawei/load_mcap/install/deva_ads_msgs/lib/libdeva_ads_msgs__rosidl_typesupport_fastrtps_cpp.so
[0.484s] -- Up-to-date: /home/linjiawei/load_mcap/install/deva_ads_msgs/include/deva_ads_msgs/deva_ads_msgs
[0.484s] -- Up-to-date: /home/linjiawei/load_mcap/install/deva_ads_msgs/include/deva_ads_msgs/deva_ads_msgs/msg
[0.484s] -- Up-to-date: /home/linjiawei/load_mcap/install/deva_ads_msgs/include/deva_ads_msgs/deva_ads_msgs/msg/detail
[0.484s] -- Up-to-date: /home/linjiawei/load_mcap/install/deva_ads_msgs/include/deva_ads_msgs/deva_ads_msgs/msg/detail/ads_info__rosidl_typesupport_introspection_cpp.hpp
[0.484s] -- Up-to-date: /home/linjiawei/load_mcap/install/deva_ads_msgs/include/deva_ads_msgs/deva_ads_msgs/msg/detail/ads_info__type_support.cpp
[0.484s] -- Up-to-date: /home/linjiawei/load_mcap/install/deva_ads_msgs/include/deva_ads_msgs/deva_ads_msgs/msg/detail/ads_marker__rosidl_typesupport_introspection_cpp.hpp
[0.484s] -- Up-to-date: /home/linjiawei/load_mcap/install/deva_ads_msgs/include/deva_ads_msgs/deva_ads_msgs/msg/detail/ads_marker__type_support.cpp
[0.484s] -- Up-to-date: /home/linjiawei/load_mcap/install/deva_ads_msgs/include/deva_ads_msgs/deva_ads_msgs/msg/detail/ads_marker_array__rosidl_typesupport_introspection_cpp.hpp
[0.484s] -- Up-to-date: /home/linjiawei/load_mcap/install/deva_ads_msgs/include/deva_ads_msgs/deva_ads_msgs/msg/detail/ads_marker_array__type_support.cpp
[0.485s] -- Up-to-date: /home/linjiawei/load_mcap/install/deva_ads_msgs/include/deva_ads_msgs/deva_ads_msgs/msg/detail/ads_marker_array_vec__rosidl_typesupport_introspection_cpp.hpp
[0.485s] -- Up-to-date: /home/linjiawei/load_mcap/install/deva_ads_msgs/include/deva_ads_msgs/deva_ads_msgs/msg/detail/ads_marker_array_vec__type_support.cpp
[0.485s] -- Up-to-date: /home/linjiawei/load_mcap/install/deva_ads_msgs/lib/libdeva_ads_msgs__rosidl_typesupport_introspection_cpp.so
[0.485s] -- Up-to-date: /home/linjiawei/load_mcap/install/deva_ads_msgs/lib/libdeva_ads_msgs__rosidl_typesupport_cpp.so
[0.485s] -- Up-to-date: /home/linjiawei/load_mcap/install/deva_ads_msgs/share/deva_ads_msgs/environment/pythonpath.sh
[0.485s] -- Up-to-date: /home/linjiawei/load_mcap/install/deva_ads_msgs/share/deva_ads_msgs/environment/pythonpath.dsv
[0.485s] -- Up-to-date: /home/linjiawei/load_mcap/install/deva_ads_msgs/local/lib/python3.10/dist-packages/deva_ads_msgs-0.0.0-py3.10.egg-info
[0.485s] -- Installing: /home/linjiawei/load_mcap/install/deva_ads_msgs/local/lib/python3.10/dist-packages/deva_ads_msgs-0.0.0-py3.10.egg-info/PKG-INFO
[0.485s] -- Installing: /home/linjiawei/load_mcap/install/deva_ads_msgs/local/lib/python3.10/dist-packages/deva_ads_msgs-0.0.0-py3.10.egg-info/dependency_links.txt
[0.485s] -- Installing: /home/linjiawei/load_mcap/install/deva_ads_msgs/local/lib/python3.10/dist-packages/deva_ads_msgs-0.0.0-py3.10.egg-info/top_level.txt
[0.486s] -- Installing: /home/linjiawei/load_mcap/install/deva_ads_msgs/local/lib/python3.10/dist-packages/deva_ads_msgs-0.0.0-py3.10.egg-info/SOURCES.txt
[0.486s] -- Up-to-date: /home/linjiawei/load_mcap/install/deva_ads_msgs/local/lib/python3.10/dist-packages/deva_ads_msgs
[0.488s] -- Up-to-date: /home/linjiawei/load_mcap/install/deva_ads_msgs/local/lib/python3.10/dist-packages/deva_ads_msgs/__init__.py
[0.488s] -- Up-to-date: /home/linjiawei/load_mcap/install/deva_ads_msgs/local/lib/python3.10/dist-packages/deva_ads_msgs/msg
[0.488s] -- Up-to-date: /home/linjiawei/load_mcap/install/deva_ads_msgs/local/lib/python3.10/dist-packages/deva_ads_msgs/msg/_ads_info.py
[0.488s] -- Up-to-date: /home/linjiawei/load_mcap/install/deva_ads_msgs/local/lib/python3.10/dist-packages/deva_ads_msgs/msg/_ads_info_s.c
[0.488s] -- Up-to-date: /home/linjiawei/load_mcap/install/deva_ads_msgs/local/lib/python3.10/dist-packages/deva_ads_msgs/msg/_ads_marker.py
[0.488s] -- Up-to-date: /home/linjiawei/load_mcap/install/deva_ads_msgs/local/lib/python3.10/dist-packages/deva_ads_msgs/msg/_ads_marker_s.c
[0.488s] -- Up-to-date: /home/linjiawei/load_mcap/install/deva_ads_msgs/local/lib/python3.10/dist-packages/deva_ads_msgs/msg/_ads_marker_array.py
[0.489s] -- Up-to-date: /home/linjiawei/load_mcap/install/deva_ads_msgs/local/lib/python3.10/dist-packages/deva_ads_msgs/msg/_ads_marker_array_s.c
[0.489s] -- Up-to-date: /home/linjiawei/load_mcap/install/deva_ads_msgs/local/lib/python3.10/dist-packages/deva_ads_msgs/msg/_ads_marker_array_vec.py
[0.489s] -- Up-to-date: /home/linjiawei/load_mcap/install/deva_ads_msgs/local/lib/python3.10/dist-packages/deva_ads_msgs/msg/_ads_marker_array_vec_s.c
[0.489s] -- Up-to-date: /home/linjiawei/load_mcap/install/deva_ads_msgs/local/lib/python3.10/dist-packages/deva_ads_msgs/msg/__init__.py
[0.489s] -- Up-to-date: /home/linjiawei/load_mcap/install/deva_ads_msgs/local/lib/python3.10/dist-packages/deva_ads_msgs/_deva_ads_msgs_s.ep.rosidl_typesupport_fastrtps_c.c
[0.489s] -- Up-to-date: /home/linjiawei/load_mcap/install/deva_ads_msgs/local/lib/python3.10/dist-packages/deva_ads_msgs/_deva_ads_msgs_s.ep.rosidl_typesupport_introspection_c.c
[0.489s] -- Up-to-date: /home/linjiawei/load_mcap/install/deva_ads_msgs/local/lib/python3.10/dist-packages/deva_ads_msgs/_deva_ads_msgs_s.ep.rosidl_typesupport_c.c
[0.489s] -- Up-to-date: /home/linjiawei/load_mcap/install/deva_ads_msgs/local/lib/python3.10/dist-packages/deva_ads_msgs/libdeva_ads_msgs__rosidl_generator_py.so
[0.489s] -- Up-to-date: /home/linjiawei/load_mcap/install/deva_ads_msgs/local/lib/python3.10/dist-packages/deva_ads_msgs/deva_ads_msgs_s__rosidl_typesupport_c.cpython-310-x86_64-linux-gnu.so
[0.489s] -- Up-to-date: /home/linjiawei/load_mcap/install/deva_ads_msgs/local/lib/python3.10/dist-packages/deva_ads_msgs/deva_ads_msgs_s__rosidl_typesupport_fastrtps_c.cpython-310-x86_64-linux-gnu.so
[0.489s] -- Up-to-date: /home/linjiawei/load_mcap/install/deva_ads_msgs/local/lib/python3.10/dist-packages/deva_ads_msgs/deva_ads_msgs_s__rosidl_typesupport_introspection_c.cpython-310-x86_64-linux-gnu.so
[0.617s] Listing '/home/linjiawei/load_mcap/install/deva_ads_msgs/local/lib/python3.10/dist-packages/deva_ads_msgs'...
[0.617s] Listing '/home/linjiawei/load_mcap/install/deva_ads_msgs/local/lib/python3.10/dist-packages/deva_ads_msgs/msg'...
[0.621s] -- Up-to-date: /home/linjiawei/load_mcap/install/deva_ads_msgs/local/lib/python3.10/dist-packages/deva_ads_msgs/deva_ads_msgs_s__rosidl_typesupport_fastrtps_c.cpython-310-x86_64-linux-gnu.so
[0.621s] -- Up-to-date: /home/linjiawei/load_mcap/install/deva_ads_msgs/local/lib/python3.10/dist-packages/deva_ads_msgs/deva_ads_msgs_s__rosidl_typesupport_introspection_c.cpython-310-x86_64-linux-gnu.so
[0.621s] -- Up-to-date: /home/linjiawei/load_mcap/install/deva_ads_msgs/local/lib/python3.10/dist-packages/deva_ads_msgs/deva_ads_msgs_s__rosidl_typesupport_c.cpython-310-x86_64-linux-gnu.so
[0.621s] -- Up-to-date: /home/linjiawei/load_mcap/install/deva_ads_msgs/lib/libdeva_ads_msgs__rosidl_generator_py.so
[0.621s] -- Up-to-date: /home/linjiawei/load_mcap/install/deva_ads_msgs/share/deva_ads_msgs/msg/AdsInfo.idl
[0.621s] -- Up-to-date: /home/linjiawei/load_mcap/install/deva_ads_msgs/share/deva_ads_msgs/msg/AdsMarker.idl
[0.621s] -- Up-to-date: /home/linjiawei/load_mcap/install/deva_ads_msgs/share/deva_ads_msgs/msg/AdsMarkerArray.idl
[0.622s] -- Up-to-date: /home/linjiawei/load_mcap/install/deva_ads_msgs/share/deva_ads_msgs/msg/AdsMarkerArrayVec.idl
[0.622s] -- Up-to-date: /home/linjiawei/load_mcap/install/deva_ads_msgs/share/deva_ads_msgs/msg/AdsInfo.msg
[0.622s] -- Up-to-date: /home/linjiawei/load_mcap/install/deva_ads_msgs/share/deva_ads_msgs/msg/AdsMarker.msg
[0.622s] -- Up-to-date: /home/linjiawei/load_mcap/install/deva_ads_msgs/share/deva_ads_msgs/msg/AdsMarkerArray.msg
[0.622s] -- Up-to-date: /home/linjiawei/load_mcap/install/deva_ads_msgs/share/deva_ads_msgs/msg/AdsMarkerArrayVec.msg
[0.622s] -- Up-to-date: /home/linjiawei/load_mcap/install/deva_ads_msgs/share/ament_index/resource_index/package_run_dependencies/deva_ads_msgs
[0.622s] -- Up-to-date: /home/linjiawei/load_mcap/install/deva_ads_msgs/share/ament_index/resource_index/parent_prefix_path/deva_ads_msgs
[0.622s] -- Up-to-date: /home/linjiawei/load_mcap/install/deva_ads_msgs/share/deva_ads_msgs/environment/ament_prefix_path.sh
[0.622s] -- Up-to-date: /home/linjiawei/load_mcap/install/deva_ads_msgs/share/deva_ads_msgs/environment/ament_prefix_path.dsv
[0.622s] -- Up-to-date: /home/linjiawei/load_mcap/install/deva_ads_msgs/share/deva_ads_msgs/environment/path.sh
[0.622s] -- Up-to-date: /home/linjiawei/load_mcap/install/deva_ads_msgs/share/deva_ads_msgs/environment/path.dsv
[0.622s] -- Up-to-date: /home/linjiawei/load_mcap/install/deva_ads_msgs/share/deva_ads_msgs/local_setup.bash
[0.622s] -- Up-to-date: /home/linjiawei/load_mcap/install/deva_ads_msgs/share/deva_ads_msgs/local_setup.sh
[0.623s] -- Up-to-date: /home/linjiawei/load_mcap/install/deva_ads_msgs/share/deva_ads_msgs/local_setup.zsh
[0.623s] -- Up-to-date: /home/linjiawei/load_mcap/install/deva_ads_msgs/share/deva_ads_msgs/local_setup.dsv
[0.623s] -- Installing: /home/linjiawei/load_mcap/install/deva_ads_msgs/share/deva_ads_msgs/package.dsv
[0.623s] -- Up-to-date: /home/linjiawei/load_mcap/install/deva_ads_msgs/share/ament_index/resource_index/packages/deva_ads_msgs
[0.623s] -- Up-to-date: /home/linjiawei/load_mcap/install/deva_ads_msgs/share/deva_ads_msgs/cmake/export_deva_ads_msgs__rosidl_generator_cExport.cmake
[0.623s] -- Up-to-date: /home/linjiawei/load_mcap/install/deva_ads_msgs/share/deva_ads_msgs/cmake/export_deva_ads_msgs__rosidl_generator_cExport-noconfig.cmake
[0.623s] -- Up-to-date: /home/linjiawei/load_mcap/install/deva_ads_msgs/share/deva_ads_msgs/cmake/export_deva_ads_msgs__rosidl_typesupport_fastrtps_cExport.cmake
[0.623s] -- Up-to-date: /home/linjiawei/load_mcap/install/deva_ads_msgs/share/deva_ads_msgs/cmake/export_deva_ads_msgs__rosidl_typesupport_fastrtps_cExport-noconfig.cmake
[0.625s] -- Up-to-date: /home/linjiawei/load_mcap/install/deva_ads_msgs/share/deva_ads_msgs/cmake/deva_ads_msgs__rosidl_typesupport_introspection_cExport.cmake
[0.627s] -- Up-to-date: /home/linjiawei/load_mcap/install/deva_ads_msgs/share/deva_ads_msgs/cmake/deva_ads_msgs__rosidl_typesupport_introspection_cExport-noconfig.cmake
[0.627s] -- Up-to-date: /home/linjiawei/load_mcap/install/deva_ads_msgs/share/deva_ads_msgs/cmake/deva_ads_msgs__rosidl_typesupport_cExport.cmake
[0.628s] -- Up-to-date: /home/linjiawei/load_mcap/install/deva_ads_msgs/share/deva_ads_msgs/cmake/deva_ads_msgs__rosidl_typesupport_cExport-noconfig.cmake
[0.628s] -- Up-to-date: /home/linjiawei/load_mcap/install/deva_ads_msgs/share/deva_ads_msgs/cmake/export_deva_ads_msgs__rosidl_generator_cppExport.cmake
[0.628s] -- Up-to-date: /home/linjiawei/load_mcap/install/deva_ads_msgs/share/deva_ads_msgs/cmake/export_deva_ads_msgs__rosidl_typesupport_fastrtps_cppExport.cmake
[0.628s] -- Up-to-date: /home/linjiawei/load_mcap/install/deva_ads_msgs/share/deva_ads_msgs/cmake/export_deva_ads_msgs__rosidl_typesupport_fastrtps_cppExport-noconfig.cmake
[0.628s] -- Up-to-date: /home/linjiawei/load_mcap/install/deva_ads_msgs/share/deva_ads_msgs/cmake/deva_ads_msgs__rosidl_typesupport_introspection_cppExport.cmake
[0.628s] -- Up-to-date: /home/linjiawei/load_mcap/install/deva_ads_msgs/share/deva_ads_msgs/cmake/deva_ads_msgs__rosidl_typesupport_introspection_cppExport-noconfig.cmake
[0.628s] -- Up-to-date: /home/linjiawei/load_mcap/install/deva_ads_msgs/share/deva_ads_msgs/cmake/deva_ads_msgs__rosidl_typesupport_cppExport.cmake
[0.628s] -- Up-to-date: /home/linjiawei/load_mcap/install/deva_ads_msgs/share/deva_ads_msgs/cmake/deva_ads_msgs__rosidl_typesupport_cppExport-noconfig.cmake
[0.628s] -- Up-to-date: /home/linjiawei/load_mcap/install/deva_ads_msgs/share/deva_ads_msgs/cmake/export_deva_ads_msgs__rosidl_generator_pyExport.cmake
[0.628s] -- Up-to-date: /home/linjiawei/load_mcap/install/deva_ads_msgs/share/deva_ads_msgs/cmake/export_deva_ads_msgs__rosidl_generator_pyExport-noconfig.cmake
[0.628s] -- Up-to-date: /home/linjiawei/load_mcap/install/deva_ads_msgs/share/deva_ads_msgs/cmake/rosidl_cmake-extras.cmake
[0.629s] -- Up-to-date: /home/linjiawei/load_mcap/install/deva_ads_msgs/share/deva_ads_msgs/cmake/ament_cmake_export_dependencies-extras.cmake
[0.629s] -- Up-to-date: /home/linjiawei/load_mcap/install/deva_ads_msgs/share/deva_ads_msgs/cmake/ament_cmake_export_include_directories-extras.cmake
[0.629s] -- Up-to-date: /home/linjiawei/load_mcap/install/deva_ads_msgs/share/deva_ads_msgs/cmake/ament_cmake_export_libraries-extras.cmake
[0.629s] -- Up-to-date: /home/linjiawei/load_mcap/install/deva_ads_msgs/share/deva_ads_msgs/cmake/ament_cmake_export_targets-extras.cmake
[0.629s] -- Up-to-date: /home/linjiawei/load_mcap/install/deva_ads_msgs/share/deva_ads_msgs/cmake/rosidl_cmake_export_typesupport_targets-extras.cmake
[0.629s] -- Up-to-date: /home/linjiawei/load_mcap/install/deva_ads_msgs/share/deva_ads_msgs/cmake/rosidl_cmake_export_typesupport_libraries-extras.cmake
[0.629s] -- Up-to-date: /home/linjiawei/load_mcap/install/deva_ads_msgs/share/deva_ads_msgs/cmake/deva_ads_msgsConfig.cmake
[0.629s] -- Up-to-date: /home/linjiawei/load_mcap/install/deva_ads_msgs/share/deva_ads_msgs/cmake/deva_ads_msgsConfig-version.cmake
[0.629s] -- Up-to-date: /home/linjiawei/load_mcap/install/deva_ads_msgs/share/deva_ads_msgs/package.xml
[0.658s] Invoked command in '/home/linjiawei/load_mcap/build/deva_ads_msgs' returned '0': CMAKE_PREFIX_PATH=${CMAKE_PREFIX_PATH}:/opt/ros/humble /usr/bin/cmake --install /home/linjiawei/load_mcap/build/deva_ads_msgs
