[0.074s] Invoking command in '/home/linjiawei/load_mcap/build/deva_aeb_msgs': CMAKE_PREFIX_PATH=/home/linjiawei/load_mcap/install/deva_common_msgs:/home/linjiawei/load_mcap/install/serialize_msgs:/home/linjiawei/load_mcap/install/rviz_plug_msg:/home/linjiawei/load_mcap/install/fault_diagnosis:/home/linjiawei/load_mcap/install/environment_model_msgs:/home/linjiawei/load_mcap/install/deva_control_msgs:/home/linjiawei/load_mcap/install/deva_planning_msgs2:/home/linjiawei/load_mcap/install/deva_mdriver_msgs:/home/linjiawei/load_mcap/install/deva_planning_msgs:/home/linjiawei/load_mcap/install/deva_map_msgs:/home/linjiawei/load_mcap/install/deva_perception_msgs:/home/linjiawei/load_mcap/install/deva_navi_msgs:/home/linjiawei/load_mcap/install/deva_localization_msgs:/home/linjiawei/load_mcap/install/deva_gaode_routing_msgs:/home/linjiawei/load_mcap/install/deva_function_msgs:/home/linjiawei/load_mcap/install/deva_aeb_msgs:/home/linjiawei/load_mcap/install/deva_ads_msgs:/home/linjiawei/load_mcap/install/mcap_streamer:/opt/ros/humble LD_LIBRARY_PATH=/home/linjiawei/load_mcap/install/deva_common_msgs/lib:/home/linjiawei/load_mcap/install/serialize_msgs/lib:/home/linjiawei/load_mcap/install/rviz_plug_msg/lib:/home/linjiawei/load_mcap/install/fault_diagnosis/lib:/home/linjiawei/load_mcap/install/environment_model_msgs/lib:/home/linjiawei/load_mcap/install/deva_control_msgs/lib:/home/linjiawei/load_mcap/install/deva_planning_msgs2/lib:/home/linjiawei/load_mcap/install/deva_mdriver_msgs/lib:/home/linjiawei/load_mcap/install/deva_planning_msgs/lib:/home/linjiawei/load_mcap/install/deva_map_msgs/lib:/home/linjiawei/load_mcap/install/deva_perception_msgs/lib:/home/linjiawei/load_mcap/install/deva_navi_msgs/lib:/home/linjiawei/load_mcap/install/deva_localization_msgs/lib:/home/linjiawei/load_mcap/install/deva_gaode_routing_msgs/lib:/home/linjiawei/load_mcap/install/deva_function_msgs/lib:/home/linjiawei/load_mcap/install/deva_aeb_msgs/lib:/home/linjiawei/load_mcap/install/deva_ads_msgs/lib:/opt/ros/humble/opt/rviz_ogre_vendor/lib:/opt/ros/humble/lib/x86_64-linux-gnu:/opt/ros/humble/lib:/usr/local/nvidia/lib64 /usr/bin/cmake --build /home/linjiawei/load_mcap/build/deva_aeb_msgs -- -j17 -l17
[0.167s] [  0%] Built target deva_aeb_msgs__cpp
[0.177s] [ 12%] Built target deva_aeb_msgs__rosidl_generator_c
[0.200s] [ 12%] Built target ament_cmake_python_copy_deva_aeb_msgs
[0.224s] [ 35%] Built target deva_aeb_msgs__rosidl_typesupport_fastrtps_cpp
[0.224s] [ 36%] Built target deva_aeb_msgs__rosidl_typesupport_cpp
[0.230s] [ 49%] Built target deva_aeb_msgs__rosidl_typesupport_c
[0.232s] [ 62%] Built target deva_aeb_msgs__rosidl_typesupport_introspection_c
[0.233s] [ 75%] Built target deva_aeb_msgs__rosidl_typesupport_introspection_cpp
[0.235s] [ 88%] Built target deva_aeb_msgs__rosidl_typesupport_fastrtps_c
[0.260s] [ 88%] Built target deva_aeb_msgs
[0.288s] [ 88%] Built target deva_aeb_msgs__py
[0.338s] [100%] Built target deva_aeb_msgs__rosidl_generator_py
[0.364s] [100%] Built target deva_aeb_msgs__rosidl_typesupport_fastrtps_c__pyext
[0.364s] [100%] Built target deva_aeb_msgs__rosidl_typesupport_introspection_c__pyext
[0.365s] [100%] Built target deva_aeb_msgs__rosidl_typesupport_c__pyext
[0.492s] running egg_info
[0.492s] writing deva_aeb_msgs.egg-info/PKG-INFO
[0.492s] writing dependency_links to deva_aeb_msgs.egg-info/dependency_links.txt
[0.492s] writing top-level names to deva_aeb_msgs.egg-info/top_level.txt
[0.496s] reading manifest file 'deva_aeb_msgs.egg-info/SOURCES.txt'
[0.497s] writing manifest file 'deva_aeb_msgs.egg-info/SOURCES.txt'
[0.527s] [100%] Built target ament_cmake_python_build_deva_aeb_msgs_egg
