/home/linjiawei/load_mcap/src/mcap_streamer/src/mcap_reader_node.cpp: In member function ‘std::string McapReaderNode::formatValue(const MessageMember*, const uint8_t*, size_t&, int)’:
/home/linjiawei/load_mcap/src/mcap_streamer/src/mcap_reader_node.cpp:488:68: error: ‘const rosidl_message_type_support_t’ {aka ‘const struct rosidl_message_type_support_t’} has no member named ‘size_’
  488 |           oss << formatMessage(member->members_, member->members_->size_, data, offset, indent + 2);
      |                                                                    ^~~~~
/home/linjiawei/load_mcap/src/mcap_streamer/src/mcap_reader_node.cpp:510:64: error: ‘const rosidl_message_type_support_t’ {aka ‘const struct rosidl_message_type_support_t’} has no member named ‘size_’
  510 |       oss << formatMessage(member->members_, member->members_->size_, data, offset, indent + 1);
      |                                                                ^~~~~
/home/linjiawei/load_mcap/src/mcap_streamer/src/mcap_reader_node.cpp: In member function ‘std::string McapReaderNode::deserializeMessage(const string&, std::shared_ptr<rclcpp::SerializedMessage>)’:
/home/linjiawei/load_mcap/src/mcap_streamer/src/mcap_reader_node.cpp:611:63: error: no matching function for call to ‘get_message_type_support_handle(const string&, const char [37])’
  611 |         type_support = rclcpp::get_message_type_support_handle(
      |                        ~~~~~~~~~~~~~~~~~~~~~~~~~~~~~~~~~~~~~~~^
  612 |           topic_type, "rosidl_typesupport_introspection_cpp");
      |           ~~~~~~~~~~~~~~~~~~~~~~~~~~~~~~~~~~~~~~~~~~~~~~~~~~~  
In file included from /opt/ros/humble/include/rclcpp/rclcpp/publisher.hpp:36,
                 from /opt/ros/humble/include/rclcpp/rclcpp/topic_statistics/subscription_topic_statistics.hpp:31,
                 from /opt/ros/humble/include/rclcpp/rclcpp/subscription.hpp:50,
                 from /opt/ros/humble/include/rclcpp/rclcpp/any_executable.hpp:25,
                 from /opt/ros/humble/include/rclcpp/rclcpp/memory_strategy.hpp:25,
                 from /opt/ros/humble/include/rclcpp/rclcpp/memory_strategies.hpp:18,
                 from /opt/ros/humble/include/rclcpp/rclcpp/executor_options.hpp:20,
                 from /opt/ros/humble/include/rclcpp/rclcpp/executor.hpp:37,
                 from /opt/ros/humble/include/rclcpp/rclcpp/executors/multi_threaded_executor.hpp:25,
                 from /opt/ros/humble/include/rclcpp/rclcpp/executors.hpp:21,
                 from /opt/ros/humble/include/rclcpp/rclcpp/rclcpp.hpp:155,
                 from /home/linjiawei/load_mcap/src/mcap_streamer/src/mcap_reader_node.cpp:1:
/opt/ros/humble/include/rclcpp/rclcpp/get_message_type_support_handle.hpp:48:1: note: candidate: ‘template<class MessageT> constexpr std::enable_if_t<rosidl_generator_traits::is_message<T>::value, const rosidl_message_type_support_t&> rclcpp::get_message_type_support_handle()’
   48 | get_message_type_support_handle()
      | ^~~~~~~~~~~~~~~~~~~~~~~~~~~~~~~
/opt/ros/humble/include/rclcpp/rclcpp/get_message_type_support_handle.hpp:48:1: note:   template argument deduction/substitution failed:
/home/linjiawei/load_mcap/src/mcap_streamer/src/mcap_reader_node.cpp:611:63: note:   candidate expects 0 arguments, 2 provided
  611 |         type_support = rclcpp::get_message_type_support_handle(
      |                        ~~~~~~~~~~~~~~~~~~~~~~~~~~~~~~~~~~~~~~~^
  612 |           topic_type, "rosidl_typesupport_introspection_cpp");
      |           ~~~~~~~~~~~~~~~~~~~~~~~~~~~~~~~~~~~~~~~~~~~~~~~~~~~  
In file included from /opt/ros/humble/include/rclcpp/rclcpp/publisher.hpp:36,
                 from /opt/ros/humble/include/rclcpp/rclcpp/topic_statistics/subscription_topic_statistics.hpp:31,
                 from /opt/ros/humble/include/rclcpp/rclcpp/subscription.hpp:50,
                 from /opt/ros/humble/include/rclcpp/rclcpp/any_executable.hpp:25,
                 from /opt/ros/humble/include/rclcpp/rclcpp/memory_strategy.hpp:25,
                 from /opt/ros/humble/include/rclcpp/rclcpp/memory_strategies.hpp:18,
                 from /opt/ros/humble/include/rclcpp/rclcpp/executor_options.hpp:20,
                 from /opt/ros/humble/include/rclcpp/rclcpp/executor.hpp:37,
                 from /opt/ros/humble/include/rclcpp/rclcpp/executors/multi_threaded_executor.hpp:25,
                 from /opt/ros/humble/include/rclcpp/rclcpp/executors.hpp:21,
                 from /opt/ros/humble/include/rclcpp/rclcpp/rclcpp.hpp:155,
                 from /home/linjiawei/load_mcap/src/mcap_streamer/src/mcap_reader_node.cpp:1:
/opt/ros/humble/include/rclcpp/rclcpp/get_message_type_support_handle.hpp:64:1: note: candidate: ‘template<class AdaptedType> constexpr std::enable_if_t<((! rosidl_generator_traits::is_message<T>::value) && typename rclcpp::TypeAdapter<MessageT>::is_specialized::value), const rosidl_message_type_support_t&> rclcpp::get_message_type_support_handle()’
   64 | get_message_type_support_handle()
      | ^~~~~~~~~~~~~~~~~~~~~~~~~~~~~~~
/opt/ros/humble/include/rclcpp/rclcpp/get_message_type_support_handle.hpp:64:1: note:   template argument deduction/substitution failed:
/home/linjiawei/load_mcap/src/mcap_streamer/src/mcap_reader_node.cpp:611:63: note:   candidate expects 0 arguments, 2 provided
  611 |         type_support = rclcpp::get_message_type_support_handle(
      |                        ~~~~~~~~~~~~~~~~~~~~~~~~~~~~~~~~~~~~~~~^
  612 |           topic_type, "rosidl_typesupport_introspection_cpp");
      |           ~~~~~~~~~~~~~~~~~~~~~~~~~~~~~~~~~~~~~~~~~~~~~~~~~~~  
In file included from /opt/ros/humble/include/rclcpp/rclcpp/publisher.hpp:36,
                 from /opt/ros/humble/include/rclcpp/rclcpp/topic_statistics/subscription_topic_statistics.hpp:31,
                 from /opt/ros/humble/include/rclcpp/rclcpp/subscription.hpp:50,
                 from /opt/ros/humble/include/rclcpp/rclcpp/any_executable.hpp:25,
                 from /opt/ros/humble/include/rclcpp/rclcpp/memory_strategy.hpp:25,
                 from /opt/ros/humble/include/rclcpp/rclcpp/memory_strategies.hpp:18,
                 from /opt/ros/humble/include/rclcpp/rclcpp/executor_options.hpp:20,
                 from /opt/ros/humble/include/rclcpp/rclcpp/executor.hpp:37,
                 from /opt/ros/humble/include/rclcpp/rclcpp/executors/multi_threaded_executor.hpp:25,
                 from /opt/ros/humble/include/rclcpp/rclcpp/executors.hpp:21,
                 from /opt/ros/humble/include/rclcpp/rclcpp/rclcpp.hpp:155,
                 from /home/linjiawei/load_mcap/src/mcap_streamer/src/mcap_reader_node.cpp:1:
/opt/ros/humble/include/rclcpp/rclcpp/get_message_type_support_handle.hpp:87:1: note: candidate: ‘template<class AdaptedType> constexpr std::enable_if_t<((! rosidl_generator_traits::is_message<T>::value) && (! typename rclcpp::TypeAdapter<MessageT>::is_specialized::value)), const rosidl_message_type_support_t&> rclcpp::get_message_type_support_handle()’
   87 | get_message_type_support_handle()
      | ^~~~~~~~~~~~~~~~~~~~~~~~~~~~~~~
/opt/ros/humble/include/rclcpp/rclcpp/get_message_type_support_handle.hpp:87:1: note:   template argument deduction/substitution failed:
/home/linjiawei/load_mcap/src/mcap_streamer/src/mcap_reader_node.cpp:611:63: note:   candidate expects 0 arguments, 2 provided
  611 |         type_support = rclcpp::get_message_type_support_handle(
      |                        ~~~~~~~~~~~~~~~~~~~~~~~~~~~~~~~~~~~~~~~^
  612 |           topic_type, "rosidl_typesupport_introspection_cpp");
      |           ~~~~~~~~~~~~~~~~~~~~~~~~~~~~~~~~~~~~~~~~~~~~~~~~~~~  
gmake[2]: *** [CMakeFiles/mcap_reader_node.dir/build.make:76: CMakeFiles/mcap_reader_node.dir/src/mcap_reader_node.cpp.o] Error 1
gmake[1]: *** [CMakeFiles/Makefile2:193: CMakeFiles/mcap_reader_node.dir/all] Error 2
gmake: *** [Makefile:146: all] Error 2
