[0.020s] Invoking command in '/home/linjiawei/load_mcap/build/rviz_plug_msg': CMAKE_PREFIX_PATH=/opt/ros/humble /usr/bin/cmake --build /home/linjiawei/load_mcap/build/rviz_plug_msg -- -j17 -l17
[0.095s] [  0%] Built target ament_cmake_python_copy_rviz_plug_msg
[0.096s] [  1%] Built target rviz_plug_msg__cpp
[0.098s] [ 12%] Built target rviz_plug_msg__rosidl_generator_c
[0.146s] [ 26%] Built target rviz_plug_msg__rosidl_typesupport_cpp
[0.147s] [ 44%] Built target rviz_plug_msg__rosidl_typesupport_introspection_c
[0.147s] [ 47%] Built target rviz_plug_msg__rosidl_typesupport_fastrtps_c
[0.147s] [ 58%] Built target rviz_plug_msg__rosidl_typesupport_c
[0.155s] [ 70%] Built target rviz_plug_msg__rosidl_typesupport_fastrtps_cpp
[0.159s] [ 81%] Built target rviz_plug_msg__rosidl_typesupport_introspection_cpp
[0.179s] [ 81%] Built target rviz_plug_msg
[0.199s] [ 82%] Built target rviz_plug_msg__py
[0.223s] [ 93%] Built target rviz_plug_msg__rosidl_generator_py
[0.242s] [ 95%] Built target rviz_plug_msg__rosidl_typesupport_fastrtps_c__pyext
[0.243s] [ 97%] Built target rviz_plug_msg__rosidl_typesupport_introspection_c__pyext
[0.243s] [100%] Built target rviz_plug_msg__rosidl_typesupport_c__pyext
[0.370s] running egg_info
[0.370s] writing rviz_plug_msg.egg-info/PKG-INFO
[0.371s] writing dependency_links to rviz_plug_msg.egg-info/dependency_links.txt
[0.371s] writing top-level names to rviz_plug_msg.egg-info/top_level.txt
[0.374s] reading manifest file 'rviz_plug_msg.egg-info/SOURCES.txt'
[0.374s] writing manifest file 'rviz_plug_msg.egg-info/SOURCES.txt'
[0.420s] [100%] Built target ament_cmake_python_build_rviz_plug_msg_egg
[0.421s] Invoked command in '/home/linjiawei/load_mcap/build/rviz_plug_msg' returned '0': CMAKE_PREFIX_PATH=/opt/ros/humble /usr/bin/cmake --build /home/linjiawei/load_mcap/build/rviz_plug_msg -- -j17 -l17
[0.422s] Invoking command in '/home/linjiawei/load_mcap/build/rviz_plug_msg': CMAKE_PREFIX_PATH=/opt/ros/humble /usr/bin/cmake --install /home/linjiawei/load_mcap/build/rviz_plug_msg
[0.431s] -- Install configuration: ""
[0.432s] -- Up-to-date: /home/linjiawei/load_mcap/install/rviz_plug_msg/share/ament_index/resource_index/rosidl_interfaces/rviz_plug_msg
[0.432s] -- Up-to-date: /home/linjiawei/load_mcap/install/rviz_plug_msg/include/rviz_plug_msg/rviz_plug_msg
[0.432s] -- Up-to-date: /home/linjiawei/load_mcap/install/rviz_plug_msg/include/rviz_plug_msg/rviz_plug_msg/msg
[0.432s] -- Up-to-date: /home/linjiawei/load_mcap/install/rviz_plug_msg/include/rviz_plug_msg/rviz_plug_msg/msg/rosidl_generator_c__visibility_control.h
[0.432s] -- Up-to-date: /home/linjiawei/load_mcap/install/rviz_plug_msg/include/rviz_plug_msg/rviz_plug_msg/msg/bywire_diag.h
[0.432s] -- Up-to-date: /home/linjiawei/load_mcap/install/rviz_plug_msg/include/rviz_plug_msg/rviz_plug_msg/msg/detail
[0.433s] -- Up-to-date: /home/linjiawei/load_mcap/install/rviz_plug_msg/include/rviz_plug_msg/rviz_plug_msg/msg/detail/bywire_diag__functions.c
[0.434s] -- Up-to-date: /home/linjiawei/load_mcap/install/rviz_plug_msg/include/rviz_plug_msg/rviz_plug_msg/msg/detail/bywire_diag__functions.h
[0.434s] -- Up-to-date: /home/linjiawei/load_mcap/install/rviz_plug_msg/include/rviz_plug_msg/rviz_plug_msg/msg/detail/bywire_diag__struct.h
[0.434s] -- Up-to-date: /home/linjiawei/load_mcap/install/rviz_plug_msg/include/rviz_plug_msg/rviz_plug_msg/msg/detail/bywire_diag__type_support.h
[0.434s] -- Up-to-date: /home/linjiawei/load_mcap/install/rviz_plug_msg/include/rviz_plug_msg/rviz_plug_msg/msg/detail/bywire_msg_type__functions.c
[0.435s] -- Up-to-date: /home/linjiawei/load_mcap/install/rviz_plug_msg/include/rviz_plug_msg/rviz_plug_msg/msg/detail/bywire_msg_type__functions.h
[0.435s] -- Up-to-date: /home/linjiawei/load_mcap/install/rviz_plug_msg/include/rviz_plug_msg/rviz_plug_msg/msg/detail/bywire_msg_type__struct.h
[0.437s] -- Up-to-date: /home/linjiawei/load_mcap/install/rviz_plug_msg/include/rviz_plug_msg/rviz_plug_msg/msg/detail/bywire_msg_type__type_support.h
[0.437s] -- Up-to-date: /home/linjiawei/load_mcap/install/rviz_plug_msg/include/rviz_plug_msg/rviz_plug_msg/msg/detail/error_enum__functions.c
[0.438s] -- Up-to-date: /home/linjiawei/load_mcap/install/rviz_plug_msg/include/rviz_plug_msg/rviz_plug_msg/msg/detail/error_enum__functions.h
[0.438s] -- Up-to-date: /home/linjiawei/load_mcap/install/rviz_plug_msg/include/rviz_plug_msg/rviz_plug_msg/msg/detail/error_enum__struct.h
[0.438s] -- Up-to-date: /home/linjiawei/load_mcap/install/rviz_plug_msg/include/rviz_plug_msg/rviz_plug_msg/msg/detail/error_enum__type_support.h
[0.439s] -- Up-to-date: /home/linjiawei/load_mcap/install/rviz_plug_msg/include/rviz_plug_msg/rviz_plug_msg/msg/detail/exception_monitor__functions.c
[0.439s] -- Up-to-date: /home/linjiawei/load_mcap/install/rviz_plug_msg/include/rviz_plug_msg/rviz_plug_msg/msg/detail/exception_monitor__functions.h
[0.441s] -- Up-to-date: /home/linjiawei/load_mcap/install/rviz_plug_msg/include/rviz_plug_msg/rviz_plug_msg/msg/detail/exception_monitor__struct.h
[0.441s] -- Up-to-date: /home/linjiawei/load_mcap/install/rviz_plug_msg/include/rviz_plug_msg/rviz_plug_msg/msg/detail/exception_monitor__type_support.h
[0.442s] -- Up-to-date: /home/linjiawei/load_mcap/install/rviz_plug_msg/include/rviz_plug_msg/rviz_plug_msg/msg/detail/freq__functions.c
[0.442s] -- Up-to-date: /home/linjiawei/load_mcap/install/rviz_plug_msg/include/rviz_plug_msg/rviz_plug_msg/msg/detail/freq__functions.h
[0.442s] -- Up-to-date: /home/linjiawei/load_mcap/install/rviz_plug_msg/include/rviz_plug_msg/rviz_plug_msg/msg/detail/freq__struct.h
[0.442s] -- Up-to-date: /home/linjiawei/load_mcap/install/rviz_plug_msg/include/rviz_plug_msg/rviz_plug_msg/msg/detail/freq__type_support.h
[0.442s] -- Up-to-date: /home/linjiawei/load_mcap/install/rviz_plug_msg/include/rviz_plug_msg/rviz_plug_msg/msg/detail/freq_monitor__functions.c
[0.442s] -- Up-to-date: /home/linjiawei/load_mcap/install/rviz_plug_msg/include/rviz_plug_msg/rviz_plug_msg/msg/detail/freq_monitor__functions.h
[0.442s] -- Up-to-date: /home/linjiawei/load_mcap/install/rviz_plug_msg/include/rviz_plug_msg/rviz_plug_msg/msg/detail/freq_monitor__struct.h
[0.443s] -- Up-to-date: /home/linjiawei/load_mcap/install/rviz_plug_msg/include/rviz_plug_msg/rviz_plug_msg/msg/detail/freq_monitor__type_support.h
[0.443s] -- Up-to-date: /home/linjiawei/load_mcap/install/rviz_plug_msg/include/rviz_plug_msg/rviz_plug_msg/msg/detail/info_enum__functions.c
[0.443s] -- Up-to-date: /home/linjiawei/load_mcap/install/rviz_plug_msg/include/rviz_plug_msg/rviz_plug_msg/msg/detail/info_enum__functions.h
[0.444s] -- Up-to-date: /home/linjiawei/load_mcap/install/rviz_plug_msg/include/rviz_plug_msg/rviz_plug_msg/msg/detail/info_enum__struct.h
[0.444s] -- Up-to-date: /home/linjiawei/load_mcap/install/rviz_plug_msg/include/rviz_plug_msg/rviz_plug_msg/msg/detail/info_enum__type_support.h
[0.446s] -- Up-to-date: /home/linjiawei/load_mcap/install/rviz_plug_msg/include/rviz_plug_msg/rviz_plug_msg/msg/detail/status_enum__functions.c
[0.446s] -- Up-to-date: /home/linjiawei/load_mcap/install/rviz_plug_msg/include/rviz_plug_msg/rviz_plug_msg/msg/detail/status_enum__functions.h
[0.446s] -- Up-to-date: /home/linjiawei/load_mcap/install/rviz_plug_msg/include/rviz_plug_msg/rviz_plug_msg/msg/detail/status_enum__struct.h
[0.447s] -- Up-to-date: /home/linjiawei/load_mcap/install/rviz_plug_msg/include/rviz_plug_msg/rviz_plug_msg/msg/detail/status_enum__type_support.h
[0.447s] -- Up-to-date: /home/linjiawei/load_mcap/install/rviz_plug_msg/include/rviz_plug_msg/rviz_plug_msg/msg/bywire_msg_type.h
[0.447s] -- Up-to-date: /home/linjiawei/load_mcap/install/rviz_plug_msg/include/rviz_plug_msg/rviz_plug_msg/msg/error_enum.h
[0.447s] -- Up-to-date: /home/linjiawei/load_mcap/install/rviz_plug_msg/include/rviz_plug_msg/rviz_plug_msg/msg/exception_monitor.h
[0.447s] -- Up-to-date: /home/linjiawei/load_mcap/install/rviz_plug_msg/include/rviz_plug_msg/rviz_plug_msg/msg/freq.h
[0.447s] -- Up-to-date: /home/linjiawei/load_mcap/install/rviz_plug_msg/include/rviz_plug_msg/rviz_plug_msg/msg/freq_monitor.h
[0.448s] -- Up-to-date: /home/linjiawei/load_mcap/install/rviz_plug_msg/include/rviz_plug_msg/rviz_plug_msg/msg/info_enum.h
[0.448s] -- Up-to-date: /home/linjiawei/load_mcap/install/rviz_plug_msg/include/rviz_plug_msg/rviz_plug_msg/msg/status_enum.h
[0.448s] -- Up-to-date: /home/linjiawei/load_mcap/install/rviz_plug_msg/share/rviz_plug_msg/environment/library_path.sh
[0.449s] -- Up-to-date: /home/linjiawei/load_mcap/install/rviz_plug_msg/share/rviz_plug_msg/environment/library_path.dsv
[0.449s] -- Up-to-date: /home/linjiawei/load_mcap/install/rviz_plug_msg/lib/librviz_plug_msg__rosidl_generator_c.so
[0.450s] -- Up-to-date: /home/linjiawei/load_mcap/install/rviz_plug_msg/include/rviz_plug_msg/rviz_plug_msg
[0.450s] -- Up-to-date: /home/linjiawei/load_mcap/install/rviz_plug_msg/include/rviz_plug_msg/rviz_plug_msg/msg
[0.450s] -- Up-to-date: /home/linjiawei/load_mcap/install/rviz_plug_msg/include/rviz_plug_msg/rviz_plug_msg/msg/rosidl_typesupport_fastrtps_c__visibility_control.h
[0.450s] -- Up-to-date: /home/linjiawei/load_mcap/install/rviz_plug_msg/include/rviz_plug_msg/rviz_plug_msg/msg/detail
[0.450s] -- Up-to-date: /home/linjiawei/load_mcap/install/rviz_plug_msg/include/rviz_plug_msg/rviz_plug_msg/msg/detail/bywire_diag__rosidl_typesupport_fastrtps_c.h
[0.450s] -- Up-to-date: /home/linjiawei/load_mcap/install/rviz_plug_msg/include/rviz_plug_msg/rviz_plug_msg/msg/detail/bywire_msg_type__rosidl_typesupport_fastrtps_c.h
[0.450s] -- Up-to-date: /home/linjiawei/load_mcap/install/rviz_plug_msg/include/rviz_plug_msg/rviz_plug_msg/msg/detail/error_enum__rosidl_typesupport_fastrtps_c.h
[0.450s] -- Up-to-date: /home/linjiawei/load_mcap/install/rviz_plug_msg/include/rviz_plug_msg/rviz_plug_msg/msg/detail/exception_monitor__rosidl_typesupport_fastrtps_c.h
[0.450s] -- Up-to-date: /home/linjiawei/load_mcap/install/rviz_plug_msg/include/rviz_plug_msg/rviz_plug_msg/msg/detail/freq__rosidl_typesupport_fastrtps_c.h
[0.450s] -- Up-to-date: /home/linjiawei/load_mcap/install/rviz_plug_msg/include/rviz_plug_msg/rviz_plug_msg/msg/detail/freq_monitor__rosidl_typesupport_fastrtps_c.h
[0.450s] -- Up-to-date: /home/linjiawei/load_mcap/install/rviz_plug_msg/include/rviz_plug_msg/rviz_plug_msg/msg/detail/info_enum__rosidl_typesupport_fastrtps_c.h
[0.450s] -- Up-to-date: /home/linjiawei/load_mcap/install/rviz_plug_msg/include/rviz_plug_msg/rviz_plug_msg/msg/detail/status_enum__rosidl_typesupport_fastrtps_c.h
[0.451s] -- Up-to-date: /home/linjiawei/load_mcap/install/rviz_plug_msg/lib/librviz_plug_msg__rosidl_typesupport_fastrtps_c.so
[0.451s] -- Up-to-date: /home/linjiawei/load_mcap/install/rviz_plug_msg/include/rviz_plug_msg/rviz_plug_msg
[0.451s] -- Up-to-date: /home/linjiawei/load_mcap/install/rviz_plug_msg/include/rviz_plug_msg/rviz_plug_msg/msg
[0.451s] -- Up-to-date: /home/linjiawei/load_mcap/install/rviz_plug_msg/include/rviz_plug_msg/rviz_plug_msg/msg/rosidl_typesupport_introspection_c__visibility_control.h
[0.451s] -- Up-to-date: /home/linjiawei/load_mcap/install/rviz_plug_msg/include/rviz_plug_msg/rviz_plug_msg/msg/detail
[0.452s] -- Up-to-date: /home/linjiawei/load_mcap/install/rviz_plug_msg/include/rviz_plug_msg/rviz_plug_msg/msg/detail/bywire_diag__rosidl_typesupport_introspection_c.h
[0.452s] -- Up-to-date: /home/linjiawei/load_mcap/install/rviz_plug_msg/include/rviz_plug_msg/rviz_plug_msg/msg/detail/bywire_diag__type_support.c
[0.452s] -- Up-to-date: /home/linjiawei/load_mcap/install/rviz_plug_msg/include/rviz_plug_msg/rviz_plug_msg/msg/detail/bywire_msg_type__rosidl_typesupport_introspection_c.h
[0.452s] -- Up-to-date: /home/linjiawei/load_mcap/install/rviz_plug_msg/include/rviz_plug_msg/rviz_plug_msg/msg/detail/bywire_msg_type__type_support.c
[0.452s] -- Up-to-date: /home/linjiawei/load_mcap/install/rviz_plug_msg/include/rviz_plug_msg/rviz_plug_msg/msg/detail/error_enum__rosidl_typesupport_introspection_c.h
[0.452s] -- Up-to-date: /home/linjiawei/load_mcap/install/rviz_plug_msg/include/rviz_plug_msg/rviz_plug_msg/msg/detail/error_enum__type_support.c
[0.452s] -- Up-to-date: /home/linjiawei/load_mcap/install/rviz_plug_msg/include/rviz_plug_msg/rviz_plug_msg/msg/detail/exception_monitor__rosidl_typesupport_introspection_c.h
[0.452s] -- Up-to-date: /home/linjiawei/load_mcap/install/rviz_plug_msg/include/rviz_plug_msg/rviz_plug_msg/msg/detail/exception_monitor__type_support.c
[0.452s] -- Up-to-date: /home/linjiawei/load_mcap/install/rviz_plug_msg/include/rviz_plug_msg/rviz_plug_msg/msg/detail/freq__rosidl_typesupport_introspection_c.h
[0.454s] -- Up-to-date: /home/linjiawei/load_mcap/install/rviz_plug_msg/include/rviz_plug_msg/rviz_plug_msg/msg/detail/freq__type_support.c
[0.454s] -- Up-to-date: /home/linjiawei/load_mcap/install/rviz_plug_msg/include/rviz_plug_msg/rviz_plug_msg/msg/detail/freq_monitor__rosidl_typesupport_introspection_c.h
[0.454s] -- Up-to-date: /home/linjiawei/load_mcap/install/rviz_plug_msg/include/rviz_plug_msg/rviz_plug_msg/msg/detail/freq_monitor__type_support.c
[0.454s] -- Up-to-date: /home/linjiawei/load_mcap/install/rviz_plug_msg/include/rviz_plug_msg/rviz_plug_msg/msg/detail/info_enum__rosidl_typesupport_introspection_c.h
[0.454s] -- Up-to-date: /home/linjiawei/load_mcap/install/rviz_plug_msg/include/rviz_plug_msg/rviz_plug_msg/msg/detail/info_enum__type_support.c
[0.454s] -- Up-to-date: /home/linjiawei/load_mcap/install/rviz_plug_msg/include/rviz_plug_msg/rviz_plug_msg/msg/detail/status_enum__rosidl_typesupport_introspection_c.h
[0.455s] -- Up-to-date: /home/linjiawei/load_mcap/install/rviz_plug_msg/include/rviz_plug_msg/rviz_plug_msg/msg/detail/status_enum__type_support.c
[0.455s] -- Up-to-date: /home/linjiawei/load_mcap/install/rviz_plug_msg/lib/librviz_plug_msg__rosidl_typesupport_introspection_c.so
[0.455s] -- Up-to-date: /home/linjiawei/load_mcap/install/rviz_plug_msg/lib/librviz_plug_msg__rosidl_typesupport_c.so
[0.455s] -- Up-to-date: /home/linjiawei/load_mcap/install/rviz_plug_msg/include/rviz_plug_msg/rviz_plug_msg
[0.455s] -- Up-to-date: /home/linjiawei/load_mcap/install/rviz_plug_msg/include/rviz_plug_msg/rviz_plug_msg/msg
[0.455s] -- Up-to-date: /home/linjiawei/load_mcap/install/rviz_plug_msg/include/rviz_plug_msg/rviz_plug_msg/msg/rosidl_generator_cpp__visibility_control.hpp
[0.456s] -- Up-to-date: /home/linjiawei/load_mcap/install/rviz_plug_msg/include/rviz_plug_msg/rviz_plug_msg/msg/bywire_diag.hpp
[0.456s] -- Up-to-date: /home/linjiawei/load_mcap/install/rviz_plug_msg/include/rviz_plug_msg/rviz_plug_msg/msg/detail
[0.456s] -- Up-to-date: /home/linjiawei/load_mcap/install/rviz_plug_msg/include/rviz_plug_msg/rviz_plug_msg/msg/detail/bywire_diag__builder.hpp
[0.456s] -- Up-to-date: /home/linjiawei/load_mcap/install/rviz_plug_msg/include/rviz_plug_msg/rviz_plug_msg/msg/detail/bywire_diag__struct.hpp
[0.456s] -- Up-to-date: /home/linjiawei/load_mcap/install/rviz_plug_msg/include/rviz_plug_msg/rviz_plug_msg/msg/detail/bywire_diag__traits.hpp
[0.456s] -- Up-to-date: /home/linjiawei/load_mcap/install/rviz_plug_msg/include/rviz_plug_msg/rviz_plug_msg/msg/detail/bywire_diag__type_support.hpp
[0.456s] -- Up-to-date: /home/linjiawei/load_mcap/install/rviz_plug_msg/include/rviz_plug_msg/rviz_plug_msg/msg/detail/bywire_msg_type__builder.hpp
[0.456s] -- Up-to-date: /home/linjiawei/load_mcap/install/rviz_plug_msg/include/rviz_plug_msg/rviz_plug_msg/msg/detail/bywire_msg_type__struct.hpp
[0.456s] -- Up-to-date: /home/linjiawei/load_mcap/install/rviz_plug_msg/include/rviz_plug_msg/rviz_plug_msg/msg/detail/bywire_msg_type__traits.hpp
[0.456s] -- Up-to-date: /home/linjiawei/load_mcap/install/rviz_plug_msg/include/rviz_plug_msg/rviz_plug_msg/msg/detail/bywire_msg_type__type_support.hpp
[0.456s] -- Up-to-date: /home/linjiawei/load_mcap/install/rviz_plug_msg/include/rviz_plug_msg/rviz_plug_msg/msg/detail/error_enum__builder.hpp
[0.456s] -- Up-to-date: /home/linjiawei/load_mcap/install/rviz_plug_msg/include/rviz_plug_msg/rviz_plug_msg/msg/detail/error_enum__struct.hpp
[0.456s] -- Up-to-date: /home/linjiawei/load_mcap/install/rviz_plug_msg/include/rviz_plug_msg/rviz_plug_msg/msg/detail/error_enum__traits.hpp
[0.457s] -- Up-to-date: /home/linjiawei/load_mcap/install/rviz_plug_msg/include/rviz_plug_msg/rviz_plug_msg/msg/detail/error_enum__type_support.hpp
[0.457s] -- Up-to-date: /home/linjiawei/load_mcap/install/rviz_plug_msg/include/rviz_plug_msg/rviz_plug_msg/msg/detail/exception_monitor__builder.hpp
[0.457s] -- Up-to-date: /home/linjiawei/load_mcap/install/rviz_plug_msg/include/rviz_plug_msg/rviz_plug_msg/msg/detail/exception_monitor__struct.hpp
[0.457s] -- Up-to-date: /home/linjiawei/load_mcap/install/rviz_plug_msg/include/rviz_plug_msg/rviz_plug_msg/msg/detail/exception_monitor__traits.hpp
[0.457s] -- Up-to-date: /home/linjiawei/load_mcap/install/rviz_plug_msg/include/rviz_plug_msg/rviz_plug_msg/msg/detail/exception_monitor__type_support.hpp
[0.458s] -- Up-to-date: /home/linjiawei/load_mcap/install/rviz_plug_msg/include/rviz_plug_msg/rviz_plug_msg/msg/detail/freq__builder.hpp
[0.458s] -- Up-to-date: /home/linjiawei/load_mcap/install/rviz_plug_msg/include/rviz_plug_msg/rviz_plug_msg/msg/detail/freq__struct.hpp
[0.458s] -- Up-to-date: /home/linjiawei/load_mcap/install/rviz_plug_msg/include/rviz_plug_msg/rviz_plug_msg/msg/detail/freq__traits.hpp
[0.458s] -- Up-to-date: /home/linjiawei/load_mcap/install/rviz_plug_msg/include/rviz_plug_msg/rviz_plug_msg/msg/detail/freq__type_support.hpp
[0.458s] -- Up-to-date: /home/linjiawei/load_mcap/install/rviz_plug_msg/include/rviz_plug_msg/rviz_plug_msg/msg/detail/freq_monitor__builder.hpp
[0.458s] -- Up-to-date: /home/linjiawei/load_mcap/install/rviz_plug_msg/include/rviz_plug_msg/rviz_plug_msg/msg/detail/freq_monitor__struct.hpp
[0.458s] -- Up-to-date: /home/linjiawei/load_mcap/install/rviz_plug_msg/include/rviz_plug_msg/rviz_plug_msg/msg/detail/freq_monitor__traits.hpp
[0.458s] -- Up-to-date: /home/linjiawei/load_mcap/install/rviz_plug_msg/include/rviz_plug_msg/rviz_plug_msg/msg/detail/freq_monitor__type_support.hpp
[0.458s] -- Up-to-date: /home/linjiawei/load_mcap/install/rviz_plug_msg/include/rviz_plug_msg/rviz_plug_msg/msg/detail/info_enum__builder.hpp
[0.458s] -- Up-to-date: /home/linjiawei/load_mcap/install/rviz_plug_msg/include/rviz_plug_msg/rviz_plug_msg/msg/detail/info_enum__struct.hpp
[0.458s] -- Up-to-date: /home/linjiawei/load_mcap/install/rviz_plug_msg/include/rviz_plug_msg/rviz_plug_msg/msg/detail/info_enum__traits.hpp
[0.458s] -- Up-to-date: /home/linjiawei/load_mcap/install/rviz_plug_msg/include/rviz_plug_msg/rviz_plug_msg/msg/detail/info_enum__type_support.hpp
[0.458s] -- Up-to-date: /home/linjiawei/load_mcap/install/rviz_plug_msg/include/rviz_plug_msg/rviz_plug_msg/msg/detail/status_enum__builder.hpp
[0.459s] -- Up-to-date: /home/linjiawei/load_mcap/install/rviz_plug_msg/include/rviz_plug_msg/rviz_plug_msg/msg/detail/status_enum__struct.hpp
[0.459s] -- Up-to-date: /home/linjiawei/load_mcap/install/rviz_plug_msg/include/rviz_plug_msg/rviz_plug_msg/msg/detail/status_enum__traits.hpp
[0.459s] -- Up-to-date: /home/linjiawei/load_mcap/install/rviz_plug_msg/include/rviz_plug_msg/rviz_plug_msg/msg/detail/status_enum__type_support.hpp
[0.459s] -- Up-to-date: /home/linjiawei/load_mcap/install/rviz_plug_msg/include/rviz_plug_msg/rviz_plug_msg/msg/bywire_msg_type.hpp
[0.459s] -- Up-to-date: /home/linjiawei/load_mcap/install/rviz_plug_msg/include/rviz_plug_msg/rviz_plug_msg/msg/error_enum.hpp
[0.459s] -- Up-to-date: /home/linjiawei/load_mcap/install/rviz_plug_msg/include/rviz_plug_msg/rviz_plug_msg/msg/exception_monitor.hpp
[0.459s] -- Up-to-date: /home/linjiawei/load_mcap/install/rviz_plug_msg/include/rviz_plug_msg/rviz_plug_msg/msg/freq.hpp
[0.459s] -- Up-to-date: /home/linjiawei/load_mcap/install/rviz_plug_msg/include/rviz_plug_msg/rviz_plug_msg/msg/freq_monitor.hpp
[0.459s] -- Up-to-date: /home/linjiawei/load_mcap/install/rviz_plug_msg/include/rviz_plug_msg/rviz_plug_msg/msg/info_enum.hpp
[0.459s] -- Up-to-date: /home/linjiawei/load_mcap/install/rviz_plug_msg/include/rviz_plug_msg/rviz_plug_msg/msg/status_enum.hpp
[0.459s] -- Up-to-date: /home/linjiawei/load_mcap/install/rviz_plug_msg/include/rviz_plug_msg/rviz_plug_msg
[0.459s] -- Up-to-date: /home/linjiawei/load_mcap/install/rviz_plug_msg/include/rviz_plug_msg/rviz_plug_msg/msg
[0.459s] -- Up-to-date: /home/linjiawei/load_mcap/install/rviz_plug_msg/include/rviz_plug_msg/rviz_plug_msg/msg/rosidl_typesupport_fastrtps_cpp__visibility_control.h
[0.460s] -- Up-to-date: /home/linjiawei/load_mcap/install/rviz_plug_msg/include/rviz_plug_msg/rviz_plug_msg/msg/detail
[0.460s] -- Up-to-date: /home/linjiawei/load_mcap/install/rviz_plug_msg/include/rviz_plug_msg/rviz_plug_msg/msg/detail/bywire_diag__rosidl_typesupport_fastrtps_cpp.hpp
[0.460s] -- Up-to-date: /home/linjiawei/load_mcap/install/rviz_plug_msg/include/rviz_plug_msg/rviz_plug_msg/msg/detail/dds_fastrtps
[0.460s] -- Up-to-date: /home/linjiawei/load_mcap/install/rviz_plug_msg/include/rviz_plug_msg/rviz_plug_msg/msg/detail/bywire_msg_type__rosidl_typesupport_fastrtps_cpp.hpp
[0.461s] -- Up-to-date: /home/linjiawei/load_mcap/install/rviz_plug_msg/include/rviz_plug_msg/rviz_plug_msg/msg/detail/error_enum__rosidl_typesupport_fastrtps_cpp.hpp
[0.461s] -- Up-to-date: /home/linjiawei/load_mcap/install/rviz_plug_msg/include/rviz_plug_msg/rviz_plug_msg/msg/detail/exception_monitor__rosidl_typesupport_fastrtps_cpp.hpp
[0.461s] -- Up-to-date: /home/linjiawei/load_mcap/install/rviz_plug_msg/include/rviz_plug_msg/rviz_plug_msg/msg/detail/freq__rosidl_typesupport_fastrtps_cpp.hpp
[0.461s] -- Up-to-date: /home/linjiawei/load_mcap/install/rviz_plug_msg/include/rviz_plug_msg/rviz_plug_msg/msg/detail/freq_monitor__rosidl_typesupport_fastrtps_cpp.hpp
[0.461s] -- Up-to-date: /home/linjiawei/load_mcap/install/rviz_plug_msg/include/rviz_plug_msg/rviz_plug_msg/msg/detail/info_enum__rosidl_typesupport_fastrtps_cpp.hpp
[0.461s] -- Up-to-date: /home/linjiawei/load_mcap/install/rviz_plug_msg/include/rviz_plug_msg/rviz_plug_msg/msg/detail/status_enum__rosidl_typesupport_fastrtps_cpp.hpp
[0.461s] -- Up-to-date: /home/linjiawei/load_mcap/install/rviz_plug_msg/lib/librviz_plug_msg__rosidl_typesupport_fastrtps_cpp.so
[0.461s] -- Up-to-date: /home/linjiawei/load_mcap/install/rviz_plug_msg/include/rviz_plug_msg/rviz_plug_msg
[0.462s] -- Up-to-date: /home/linjiawei/load_mcap/install/rviz_plug_msg/include/rviz_plug_msg/rviz_plug_msg/msg
[0.462s] -- Up-to-date: /home/linjiawei/load_mcap/install/rviz_plug_msg/include/rviz_plug_msg/rviz_plug_msg/msg/detail
[0.462s] -- Up-to-date: /home/linjiawei/load_mcap/install/rviz_plug_msg/include/rviz_plug_msg/rviz_plug_msg/msg/detail/bywire_diag__rosidl_typesupport_introspection_cpp.hpp
[0.462s] -- Up-to-date: /home/linjiawei/load_mcap/install/rviz_plug_msg/include/rviz_plug_msg/rviz_plug_msg/msg/detail/bywire_diag__type_support.cpp
[0.462s] -- Up-to-date: /home/linjiawei/load_mcap/install/rviz_plug_msg/include/rviz_plug_msg/rviz_plug_msg/msg/detail/bywire_msg_type__rosidl_typesupport_introspection_cpp.hpp
[0.462s] -- Up-to-date: /home/linjiawei/load_mcap/install/rviz_plug_msg/include/rviz_plug_msg/rviz_plug_msg/msg/detail/bywire_msg_type__type_support.cpp
[0.462s] -- Up-to-date: /home/linjiawei/load_mcap/install/rviz_plug_msg/include/rviz_plug_msg/rviz_plug_msg/msg/detail/error_enum__rosidl_typesupport_introspection_cpp.hpp
[0.463s] -- Up-to-date: /home/linjiawei/load_mcap/install/rviz_plug_msg/include/rviz_plug_msg/rviz_plug_msg/msg/detail/error_enum__type_support.cpp
[0.463s] -- Up-to-date: /home/linjiawei/load_mcap/install/rviz_plug_msg/include/rviz_plug_msg/rviz_plug_msg/msg/detail/exception_monitor__rosidl_typesupport_introspection_cpp.hpp
[0.463s] -- Up-to-date: /home/linjiawei/load_mcap/install/rviz_plug_msg/include/rviz_plug_msg/rviz_plug_msg/msg/detail/exception_monitor__type_support.cpp
[0.463s] -- Up-to-date: /home/linjiawei/load_mcap/install/rviz_plug_msg/include/rviz_plug_msg/rviz_plug_msg/msg/detail/freq__rosidl_typesupport_introspection_cpp.hpp
[0.463s] -- Up-to-date: /home/linjiawei/load_mcap/install/rviz_plug_msg/include/rviz_plug_msg/rviz_plug_msg/msg/detail/freq__type_support.cpp
[0.463s] -- Up-to-date: /home/linjiawei/load_mcap/install/rviz_plug_msg/include/rviz_plug_msg/rviz_plug_msg/msg/detail/freq_monitor__rosidl_typesupport_introspection_cpp.hpp
[0.464s] -- Up-to-date: /home/linjiawei/load_mcap/install/rviz_plug_msg/include/rviz_plug_msg/rviz_plug_msg/msg/detail/freq_monitor__type_support.cpp
[0.464s] -- Up-to-date: /home/linjiawei/load_mcap/install/rviz_plug_msg/include/rviz_plug_msg/rviz_plug_msg/msg/detail/info_enum__rosidl_typesupport_introspection_cpp.hpp
[0.465s] -- Up-to-date: /home/linjiawei/load_mcap/install/rviz_plug_msg/include/rviz_plug_msg/rviz_plug_msg/msg/detail/info_enum__type_support.cpp
[0.465s] -- Up-to-date: /home/linjiawei/load_mcap/install/rviz_plug_msg/include/rviz_plug_msg/rviz_plug_msg/msg/detail/status_enum__rosidl_typesupport_introspection_cpp.hpp
[0.465s] -- Up-to-date: /home/linjiawei/load_mcap/install/rviz_plug_msg/include/rviz_plug_msg/rviz_plug_msg/msg/detail/status_enum__type_support.cpp
[0.465s] -- Up-to-date: /home/linjiawei/load_mcap/install/rviz_plug_msg/lib/librviz_plug_msg__rosidl_typesupport_introspection_cpp.so
[0.465s] -- Up-to-date: /home/linjiawei/load_mcap/install/rviz_plug_msg/lib/librviz_plug_msg__rosidl_typesupport_cpp.so
[0.465s] -- Up-to-date: /home/linjiawei/load_mcap/install/rviz_plug_msg/share/rviz_plug_msg/environment/pythonpath.sh
[0.465s] -- Up-to-date: /home/linjiawei/load_mcap/install/rviz_plug_msg/share/rviz_plug_msg/environment/pythonpath.dsv
[0.465s] -- Up-to-date: /home/linjiawei/load_mcap/install/rviz_plug_msg/local/lib/python3.10/dist-packages/rviz_plug_msg-0.0.0-py3.10.egg-info
[0.465s] -- Installing: /home/linjiawei/load_mcap/install/rviz_plug_msg/local/lib/python3.10/dist-packages/rviz_plug_msg-0.0.0-py3.10.egg-info/PKG-INFO
[0.467s] -- Installing: /home/linjiawei/load_mcap/install/rviz_plug_msg/local/lib/python3.10/dist-packages/rviz_plug_msg-0.0.0-py3.10.egg-info/dependency_links.txt
[0.468s] -- Installing: /home/linjiawei/load_mcap/install/rviz_plug_msg/local/lib/python3.10/dist-packages/rviz_plug_msg-0.0.0-py3.10.egg-info/top_level.txt
[0.468s] -- Installing: /home/linjiawei/load_mcap/install/rviz_plug_msg/local/lib/python3.10/dist-packages/rviz_plug_msg-0.0.0-py3.10.egg-info/SOURCES.txt
[0.468s] -- Up-to-date: /home/linjiawei/load_mcap/install/rviz_plug_msg/local/lib/python3.10/dist-packages/rviz_plug_msg
[0.468s] -- Up-to-date: /home/linjiawei/load_mcap/install/rviz_plug_msg/local/lib/python3.10/dist-packages/rviz_plug_msg/__init__.py
[0.468s] -- Up-to-date: /home/linjiawei/load_mcap/install/rviz_plug_msg/local/lib/python3.10/dist-packages/rviz_plug_msg/msg
[0.468s] -- Up-to-date: /home/linjiawei/load_mcap/install/rviz_plug_msg/local/lib/python3.10/dist-packages/rviz_plug_msg/msg/_bywire_diag.py
[0.468s] -- Up-to-date: /home/linjiawei/load_mcap/install/rviz_plug_msg/local/lib/python3.10/dist-packages/rviz_plug_msg/msg/_bywire_diag_s.c
[0.468s] -- Up-to-date: /home/linjiawei/load_mcap/install/rviz_plug_msg/local/lib/python3.10/dist-packages/rviz_plug_msg/msg/_bywire_msg_type.py
[0.468s] -- Up-to-date: /home/linjiawei/load_mcap/install/rviz_plug_msg/local/lib/python3.10/dist-packages/rviz_plug_msg/msg/_bywire_msg_type_s.c
[0.468s] -- Up-to-date: /home/linjiawei/load_mcap/install/rviz_plug_msg/local/lib/python3.10/dist-packages/rviz_plug_msg/msg/_error_enum.py
[0.469s] -- Up-to-date: /home/linjiawei/load_mcap/install/rviz_plug_msg/local/lib/python3.10/dist-packages/rviz_plug_msg/msg/_error_enum_s.c
[0.469s] -- Up-to-date: /home/linjiawei/load_mcap/install/rviz_plug_msg/local/lib/python3.10/dist-packages/rviz_plug_msg/msg/_exception_monitor.py
[0.469s] -- Up-to-date: /home/linjiawei/load_mcap/install/rviz_plug_msg/local/lib/python3.10/dist-packages/rviz_plug_msg/msg/_exception_monitor_s.c
[0.469s] -- Up-to-date: /home/linjiawei/load_mcap/install/rviz_plug_msg/local/lib/python3.10/dist-packages/rviz_plug_msg/msg/_freq.py
[0.469s] -- Up-to-date: /home/linjiawei/load_mcap/install/rviz_plug_msg/local/lib/python3.10/dist-packages/rviz_plug_msg/msg/_freq_s.c
[0.469s] -- Up-to-date: /home/linjiawei/load_mcap/install/rviz_plug_msg/local/lib/python3.10/dist-packages/rviz_plug_msg/msg/_freq_monitor.py
[0.469s] -- Up-to-date: /home/linjiawei/load_mcap/install/rviz_plug_msg/local/lib/python3.10/dist-packages/rviz_plug_msg/msg/_freq_monitor_s.c
[0.469s] -- Up-to-date: /home/linjiawei/load_mcap/install/rviz_plug_msg/local/lib/python3.10/dist-packages/rviz_plug_msg/msg/_info_enum.py
[0.469s] -- Up-to-date: /home/linjiawei/load_mcap/install/rviz_plug_msg/local/lib/python3.10/dist-packages/rviz_plug_msg/msg/_info_enum_s.c
[0.469s] -- Up-to-date: /home/linjiawei/load_mcap/install/rviz_plug_msg/local/lib/python3.10/dist-packages/rviz_plug_msg/msg/_status_enum.py
[0.470s] -- Up-to-date: /home/linjiawei/load_mcap/install/rviz_plug_msg/local/lib/python3.10/dist-packages/rviz_plug_msg/msg/_status_enum_s.c
[0.470s] -- Up-to-date: /home/linjiawei/load_mcap/install/rviz_plug_msg/local/lib/python3.10/dist-packages/rviz_plug_msg/msg/__init__.py
[0.470s] -- Up-to-date: /home/linjiawei/load_mcap/install/rviz_plug_msg/local/lib/python3.10/dist-packages/rviz_plug_msg/_rviz_plug_msg_s.ep.rosidl_typesupport_fastrtps_c.c
[0.470s] -- Up-to-date: /home/linjiawei/load_mcap/install/rviz_plug_msg/local/lib/python3.10/dist-packages/rviz_plug_msg/_rviz_plug_msg_s.ep.rosidl_typesupport_introspection_c.c
[0.470s] -- Up-to-date: /home/linjiawei/load_mcap/install/rviz_plug_msg/local/lib/python3.10/dist-packages/rviz_plug_msg/_rviz_plug_msg_s.ep.rosidl_typesupport_c.c
[0.470s] -- Up-to-date: /home/linjiawei/load_mcap/install/rviz_plug_msg/local/lib/python3.10/dist-packages/rviz_plug_msg/librviz_plug_msg__rosidl_generator_py.so
[0.470s] -- Up-to-date: /home/linjiawei/load_mcap/install/rviz_plug_msg/local/lib/python3.10/dist-packages/rviz_plug_msg/rviz_plug_msg_s__rosidl_typesupport_fastrtps_c.cpython-310-x86_64-linux-gnu.so
[0.470s] -- Up-to-date: /home/linjiawei/load_mcap/install/rviz_plug_msg/local/lib/python3.10/dist-packages/rviz_plug_msg/rviz_plug_msg_s__rosidl_typesupport_c.cpython-310-x86_64-linux-gnu.so
[0.470s] -- Up-to-date: /home/linjiawei/load_mcap/install/rviz_plug_msg/local/lib/python3.10/dist-packages/rviz_plug_msg/rviz_plug_msg_s__rosidl_typesupport_introspection_c.cpython-310-x86_64-linux-gnu.so
[0.544s] Listing '/home/linjiawei/load_mcap/install/rviz_plug_msg/local/lib/python3.10/dist-packages/rviz_plug_msg'...
[0.544s] Listing '/home/linjiawei/load_mcap/install/rviz_plug_msg/local/lib/python3.10/dist-packages/rviz_plug_msg/msg'...
[0.545s] -- Up-to-date: /home/linjiawei/load_mcap/install/rviz_plug_msg/local/lib/python3.10/dist-packages/rviz_plug_msg/rviz_plug_msg_s__rosidl_typesupport_fastrtps_c.cpython-310-x86_64-linux-gnu.so
[0.545s] -- Up-to-date: /home/linjiawei/load_mcap/install/rviz_plug_msg/local/lib/python3.10/dist-packages/rviz_plug_msg/rviz_plug_msg_s__rosidl_typesupport_introspection_c.cpython-310-x86_64-linux-gnu.so
[0.545s] -- Up-to-date: /home/linjiawei/load_mcap/install/rviz_plug_msg/local/lib/python3.10/dist-packages/rviz_plug_msg/rviz_plug_msg_s__rosidl_typesupport_c.cpython-310-x86_64-linux-gnu.so
[0.545s] -- Up-to-date: /home/linjiawei/load_mcap/install/rviz_plug_msg/lib/librviz_plug_msg__rosidl_generator_py.so
[0.545s] -- Up-to-date: /home/linjiawei/load_mcap/install/rviz_plug_msg/share/rviz_plug_msg/msg/BywireDiag.idl
[0.545s] -- Up-to-date: /home/linjiawei/load_mcap/install/rviz_plug_msg/share/rviz_plug_msg/msg/BywireMsgType.idl
[0.545s] -- Up-to-date: /home/linjiawei/load_mcap/install/rviz_plug_msg/share/rviz_plug_msg/msg/ErrorEnum.idl
[0.545s] -- Up-to-date: /home/linjiawei/load_mcap/install/rviz_plug_msg/share/rviz_plug_msg/msg/ExceptionMonitor.idl
[0.545s] -- Up-to-date: /home/linjiawei/load_mcap/install/rviz_plug_msg/share/rviz_plug_msg/msg/Freq.idl
[0.545s] -- Up-to-date: /home/linjiawei/load_mcap/install/rviz_plug_msg/share/rviz_plug_msg/msg/FreqMonitor.idl
[0.545s] -- Up-to-date: /home/linjiawei/load_mcap/install/rviz_plug_msg/share/rviz_plug_msg/msg/InfoEnum.idl
[0.546s] -- Up-to-date: /home/linjiawei/load_mcap/install/rviz_plug_msg/share/rviz_plug_msg/msg/StatusEnum.idl
[0.546s] -- Up-to-date: /home/linjiawei/load_mcap/install/rviz_plug_msg/share/rviz_plug_msg/msg/BywireDiag.msg
[0.546s] -- Up-to-date: /home/linjiawei/load_mcap/install/rviz_plug_msg/share/rviz_plug_msg/msg/BywireMsgType.msg
[0.546s] -- Up-to-date: /home/linjiawei/load_mcap/install/rviz_plug_msg/share/rviz_plug_msg/msg/ErrorEnum.msg
[0.546s] -- Up-to-date: /home/linjiawei/load_mcap/install/rviz_plug_msg/share/rviz_plug_msg/msg/ExceptionMonitor.msg
[0.546s] -- Up-to-date: /home/linjiawei/load_mcap/install/rviz_plug_msg/share/rviz_plug_msg/msg/Freq.msg
[0.547s] -- Up-to-date: /home/linjiawei/load_mcap/install/rviz_plug_msg/share/rviz_plug_msg/msg/FreqMonitor.msg
[0.547s] -- Up-to-date: /home/linjiawei/load_mcap/install/rviz_plug_msg/share/rviz_plug_msg/msg/InfoEnum.msg
[0.547s] -- Up-to-date: /home/linjiawei/load_mcap/install/rviz_plug_msg/share/rviz_plug_msg/msg/StatusEnum.msg
[0.547s] -- Up-to-date: /home/linjiawei/load_mcap/install/rviz_plug_msg/share/ament_index/resource_index/package_run_dependencies/rviz_plug_msg
[0.547s] -- Up-to-date: /home/linjiawei/load_mcap/install/rviz_plug_msg/share/ament_index/resource_index/parent_prefix_path/rviz_plug_msg
[0.547s] -- Up-to-date: /home/linjiawei/load_mcap/install/rviz_plug_msg/share/rviz_plug_msg/environment/ament_prefix_path.sh
[0.547s] -- Up-to-date: /home/linjiawei/load_mcap/install/rviz_plug_msg/share/rviz_plug_msg/environment/ament_prefix_path.dsv
[0.547s] -- Up-to-date: /home/linjiawei/load_mcap/install/rviz_plug_msg/share/rviz_plug_msg/environment/path.sh
[0.547s] -- Up-to-date: /home/linjiawei/load_mcap/install/rviz_plug_msg/share/rviz_plug_msg/environment/path.dsv
[0.547s] -- Up-to-date: /home/linjiawei/load_mcap/install/rviz_plug_msg/share/rviz_plug_msg/local_setup.bash
[0.547s] -- Up-to-date: /home/linjiawei/load_mcap/install/rviz_plug_msg/share/rviz_plug_msg/local_setup.sh
[0.547s] -- Up-to-date: /home/linjiawei/load_mcap/install/rviz_plug_msg/share/rviz_plug_msg/local_setup.zsh
[0.548s] -- Up-to-date: /home/linjiawei/load_mcap/install/rviz_plug_msg/share/rviz_plug_msg/local_setup.dsv
[0.548s] -- Installing: /home/linjiawei/load_mcap/install/rviz_plug_msg/share/rviz_plug_msg/package.dsv
[0.548s] -- Up-to-date: /home/linjiawei/load_mcap/install/rviz_plug_msg/share/ament_index/resource_index/packages/rviz_plug_msg
[0.548s] -- Up-to-date: /home/linjiawei/load_mcap/install/rviz_plug_msg/share/rviz_plug_msg/cmake/export_rviz_plug_msg__rosidl_generator_cExport.cmake
[0.548s] -- Up-to-date: /home/linjiawei/load_mcap/install/rviz_plug_msg/share/rviz_plug_msg/cmake/export_rviz_plug_msg__rosidl_generator_cExport-noconfig.cmake
[0.548s] -- Up-to-date: /home/linjiawei/load_mcap/install/rviz_plug_msg/share/rviz_plug_msg/cmake/export_rviz_plug_msg__rosidl_typesupport_fastrtps_cExport.cmake
[0.548s] -- Up-to-date: /home/linjiawei/load_mcap/install/rviz_plug_msg/share/rviz_plug_msg/cmake/export_rviz_plug_msg__rosidl_typesupport_fastrtps_cExport-noconfig.cmake
[0.548s] -- Up-to-date: /home/linjiawei/load_mcap/install/rviz_plug_msg/share/rviz_plug_msg/cmake/rviz_plug_msg__rosidl_typesupport_introspection_cExport.cmake
[0.551s] -- Up-to-date: /home/linjiawei/load_mcap/install/rviz_plug_msg/share/rviz_plug_msg/cmake/rviz_plug_msg__rosidl_typesupport_introspection_cExport-noconfig.cmake
[0.551s] -- Up-to-date: /home/linjiawei/load_mcap/install/rviz_plug_msg/share/rviz_plug_msg/cmake/rviz_plug_msg__rosidl_typesupport_cExport.cmake
[0.552s] -- Up-to-date: /home/linjiawei/load_mcap/install/rviz_plug_msg/share/rviz_plug_msg/cmake/rviz_plug_msg__rosidl_typesupport_cExport-noconfig.cmake
[0.552s] -- Up-to-date: /home/linjiawei/load_mcap/install/rviz_plug_msg/share/rviz_plug_msg/cmake/export_rviz_plug_msg__rosidl_generator_cppExport.cmake
[0.552s] -- Up-to-date: /home/linjiawei/load_mcap/install/rviz_plug_msg/share/rviz_plug_msg/cmake/export_rviz_plug_msg__rosidl_typesupport_fastrtps_cppExport.cmake
[0.552s] -- Up-to-date: /home/linjiawei/load_mcap/install/rviz_plug_msg/share/rviz_plug_msg/cmake/export_rviz_plug_msg__rosidl_typesupport_fastrtps_cppExport-noconfig.cmake
[0.552s] -- Up-to-date: /home/linjiawei/load_mcap/install/rviz_plug_msg/share/rviz_plug_msg/cmake/rviz_plug_msg__rosidl_typesupport_introspection_cppExport.cmake
[0.552s] -- Up-to-date: /home/linjiawei/load_mcap/install/rviz_plug_msg/share/rviz_plug_msg/cmake/rviz_plug_msg__rosidl_typesupport_introspection_cppExport-noconfig.cmake
[0.552s] -- Up-to-date: /home/linjiawei/load_mcap/install/rviz_plug_msg/share/rviz_plug_msg/cmake/rviz_plug_msg__rosidl_typesupport_cppExport.cmake
[0.552s] -- Up-to-date: /home/linjiawei/load_mcap/install/rviz_plug_msg/share/rviz_plug_msg/cmake/rviz_plug_msg__rosidl_typesupport_cppExport-noconfig.cmake
[0.552s] -- Up-to-date: /home/linjiawei/load_mcap/install/rviz_plug_msg/share/rviz_plug_msg/cmake/export_rviz_plug_msg__rosidl_generator_pyExport.cmake
[0.552s] -- Up-to-date: /home/linjiawei/load_mcap/install/rviz_plug_msg/share/rviz_plug_msg/cmake/export_rviz_plug_msg__rosidl_generator_pyExport-noconfig.cmake
[0.552s] -- Up-to-date: /home/linjiawei/load_mcap/install/rviz_plug_msg/share/rviz_plug_msg/cmake/rosidl_cmake-extras.cmake
[0.552s] -- Up-to-date: /home/linjiawei/load_mcap/install/rviz_plug_msg/share/rviz_plug_msg/cmake/ament_cmake_export_dependencies-extras.cmake
[0.552s] -- Up-to-date: /home/linjiawei/load_mcap/install/rviz_plug_msg/share/rviz_plug_msg/cmake/ament_cmake_export_include_directories-extras.cmake
[0.552s] -- Up-to-date: /home/linjiawei/load_mcap/install/rviz_plug_msg/share/rviz_plug_msg/cmake/ament_cmake_export_libraries-extras.cmake
[0.553s] -- Up-to-date: /home/linjiawei/load_mcap/install/rviz_plug_msg/share/rviz_plug_msg/cmake/ament_cmake_export_targets-extras.cmake
[0.553s] -- Up-to-date: /home/linjiawei/load_mcap/install/rviz_plug_msg/share/rviz_plug_msg/cmake/rosidl_cmake_export_typesupport_targets-extras.cmake
[0.553s] -- Up-to-date: /home/linjiawei/load_mcap/install/rviz_plug_msg/share/rviz_plug_msg/cmake/rosidl_cmake_export_typesupport_libraries-extras.cmake
[0.553s] -- Up-to-date: /home/linjiawei/load_mcap/install/rviz_plug_msg/share/rviz_plug_msg/cmake/rviz_plug_msgConfig.cmake
[0.553s] -- Up-to-date: /home/linjiawei/load_mcap/install/rviz_plug_msg/share/rviz_plug_msg/cmake/rviz_plug_msgConfig-version.cmake
[0.553s] -- Up-to-date: /home/linjiawei/load_mcap/install/rviz_plug_msg/share/rviz_plug_msg/package.xml
[0.567s] Invoked command in '/home/linjiawei/load_mcap/build/rviz_plug_msg' returned '0': CMAKE_PREFIX_PATH=/opt/ros/humble /usr/bin/cmake --install /home/linjiawei/load_mcap/build/rviz_plug_msg
