[  1%] Built target deva_localization_msgs__cpp
[ 12%] Built target deva_localization_msgs__rosidl_generator_c
[ 24%] Built target deva_localization_msgs__rosidl_typesupport_introspection_cpp
[ 35%] Built target deva_localization_msgs__rosidl_typesupport_fastrtps_cpp
[ 48%] Built target deva_localization_msgs__rosidl_typesupport_fastrtps_c
[ 58%] Built target deva_localization_msgs__rosidl_typesupport_c
[ 74%] Built target deva_localization_msgs__rosidl_typesupport_introspection_c
[ 81%] Built target deva_localization_msgs__rosidl_typesupport_cpp
[ 81%] Built target deva_localization_msgs
[ 82%] Built target deva_localization_msgs__py
[ 92%] Built target deva_localization_msgs__rosidl_generator_py
[ 94%] Built target deva_localization_msgs__rosidl_typesupport_fastrtps_c__pyext
[ 97%] Built target deva_localization_msgs__rosidl_typesupport_introspection_c__pyext
[100%] Built target deva_localization_msgs__rosidl_typesupport_c__pyext
[100%] Built target ament_cmake_python_copy_deva_localization_msgs
running egg_info
writing deva_localization_msgs.egg-info/PKG-INFO
writing dependency_links to deva_localization_msgs.egg-info/dependency_links.txt
writing top-level names to deva_localization_msgs.egg-info/top_level.txt
reading manifest file 'deva_localization_msgs.egg-info/SOURCES.txt'
writing manifest file 'deva_localization_msgs.egg-info/SOURCES.txt'
[100%] Built target ament_cmake_python_build_deva_localization_msgs_egg
-- Install configuration: ""
-- Up-to-date: /home/linjiawei/load_mcap/install/deva_localization_msgs/share/ament_index/resource_index/rosidl_interfaces/deva_localization_msgs
-- Up-to-date: /home/linjiawei/load_mcap/install/deva_localization_msgs/include/deva_localization_msgs/deva_localization_msgs
-- Up-to-date: /home/linjiawei/load_mcap/install/deva_localization_msgs/include/deva_localization_msgs/deva_localization_msgs/msg
-- Up-to-date: /home/linjiawei/load_mcap/install/deva_localization_msgs/include/deva_localization_msgs/deva_localization_msgs/msg/rosidl_generator_c__visibility_control.h
-- Up-to-date: /home/linjiawei/load_mcap/install/deva_localization_msgs/include/deva_localization_msgs/deva_localization_msgs/msg/corrected_imu.h
-- Up-to-date: /home/linjiawei/load_mcap/install/deva_localization_msgs/include/deva_localization_msgs/deva_localization_msgs/msg/detail
-- Up-to-date: /home/linjiawei/load_mcap/install/deva_localization_msgs/include/deva_localization_msgs/deva_localization_msgs/msg/detail/corrected_imu__functions.c
-- Up-to-date: /home/linjiawei/load_mcap/install/deva_localization_msgs/include/deva_localization_msgs/deva_localization_msgs/msg/detail/corrected_imu__functions.h
-- Up-to-date: /home/linjiawei/load_mcap/install/deva_localization_msgs/include/deva_localization_msgs/deva_localization_msgs/msg/detail/corrected_imu__struct.h
-- Up-to-date: /home/linjiawei/load_mcap/install/deva_localization_msgs/include/deva_localization_msgs/deva_localization_msgs/msg/detail/corrected_imu__type_support.h
-- Up-to-date: /home/linjiawei/load_mcap/install/deva_localization_msgs/include/deva_localization_msgs/deva_localization_msgs/msg/detail/gnss_best_pose__functions.c
-- Up-to-date: /home/linjiawei/load_mcap/install/deva_localization_msgs/include/deva_localization_msgs/deva_localization_msgs/msg/detail/gnss_best_pose__functions.h
-- Up-to-date: /home/linjiawei/load_mcap/install/deva_localization_msgs/include/deva_localization_msgs/deva_localization_msgs/msg/detail/gnss_best_pose__struct.h
-- Up-to-date: /home/linjiawei/load_mcap/install/deva_localization_msgs/include/deva_localization_msgs/deva_localization_msgs/msg/detail/gnss_best_pose__type_support.h
-- Up-to-date: /home/linjiawei/load_mcap/install/deva_localization_msgs/include/deva_localization_msgs/deva_localization_msgs/msg/detail/ins__functions.c
-- Up-to-date: /home/linjiawei/load_mcap/install/deva_localization_msgs/include/deva_localization_msgs/deva_localization_msgs/msg/detail/ins__functions.h
-- Up-to-date: /home/linjiawei/load_mcap/install/deva_localization_msgs/include/deva_localization_msgs/deva_localization_msgs/msg/detail/ins__struct.h
-- Up-to-date: /home/linjiawei/load_mcap/install/deva_localization_msgs/include/deva_localization_msgs/deva_localization_msgs/msg/detail/ins__type_support.h
-- Up-to-date: /home/linjiawei/load_mcap/install/deva_localization_msgs/include/deva_localization_msgs/deva_localization_msgs/msg/detail/localization_estimate__functions.c
-- Up-to-date: /home/linjiawei/load_mcap/install/deva_localization_msgs/include/deva_localization_msgs/deva_localization_msgs/msg/detail/localization_estimate__functions.h
-- Up-to-date: /home/linjiawei/load_mcap/install/deva_localization_msgs/include/deva_localization_msgs/deva_localization_msgs/msg/detail/localization_estimate__struct.h
-- Up-to-date: /home/linjiawei/load_mcap/install/deva_localization_msgs/include/deva_localization_msgs/deva_localization_msgs/msg/detail/localization_estimate__type_support.h
-- Up-to-date: /home/linjiawei/load_mcap/install/deva_localization_msgs/include/deva_localization_msgs/deva_localization_msgs/msg/detail/localization_revise__functions.c
-- Up-to-date: /home/linjiawei/load_mcap/install/deva_localization_msgs/include/deva_localization_msgs/deva_localization_msgs/msg/detail/localization_revise__functions.h
-- Up-to-date: /home/linjiawei/load_mcap/install/deva_localization_msgs/include/deva_localization_msgs/deva_localization_msgs/msg/detail/localization_revise__struct.h
-- Up-to-date: /home/linjiawei/load_mcap/install/deva_localization_msgs/include/deva_localization_msgs/deva_localization_msgs/msg/detail/localization_revise__type_support.h
-- Up-to-date: /home/linjiawei/load_mcap/install/deva_localization_msgs/include/deva_localization_msgs/deva_localization_msgs/msg/detail/pose__functions.c
-- Up-to-date: /home/linjiawei/load_mcap/install/deva_localization_msgs/include/deva_localization_msgs/deva_localization_msgs/msg/detail/pose__functions.h
-- Up-to-date: /home/linjiawei/load_mcap/install/deva_localization_msgs/include/deva_localization_msgs/deva_localization_msgs/msg/detail/pose__struct.h
-- Up-to-date: /home/linjiawei/load_mcap/install/deva_localization_msgs/include/deva_localization_msgs/deva_localization_msgs/msg/detail/pose__type_support.h
-- Up-to-date: /home/linjiawei/load_mcap/install/deva_localization_msgs/include/deva_localization_msgs/deva_localization_msgs/msg/detail/raw_imu__functions.c
-- Up-to-date: /home/linjiawei/load_mcap/install/deva_localization_msgs/include/deva_localization_msgs/deva_localization_msgs/msg/detail/raw_imu__functions.h
-- Up-to-date: /home/linjiawei/load_mcap/install/deva_localization_msgs/include/deva_localization_msgs/deva_localization_msgs/msg/detail/raw_imu__struct.h
-- Up-to-date: /home/linjiawei/load_mcap/install/deva_localization_msgs/include/deva_localization_msgs/deva_localization_msgs/msg/detail/raw_imu__type_support.h
-- Up-to-date: /home/linjiawei/load_mcap/install/deva_localization_msgs/include/deva_localization_msgs/deva_localization_msgs/msg/gnss_best_pose.h
-- Up-to-date: /home/linjiawei/load_mcap/install/deva_localization_msgs/include/deva_localization_msgs/deva_localization_msgs/msg/ins.h
-- Up-to-date: /home/linjiawei/load_mcap/install/deva_localization_msgs/include/deva_localization_msgs/deva_localization_msgs/msg/localization_estimate.h
-- Up-to-date: /home/linjiawei/load_mcap/install/deva_localization_msgs/include/deva_localization_msgs/deva_localization_msgs/msg/localization_revise.h
-- Up-to-date: /home/linjiawei/load_mcap/install/deva_localization_msgs/include/deva_localization_msgs/deva_localization_msgs/msg/pose.h
-- Up-to-date: /home/linjiawei/load_mcap/install/deva_localization_msgs/include/deva_localization_msgs/deva_localization_msgs/msg/raw_imu.h
-- Up-to-date: /home/linjiawei/load_mcap/install/deva_localization_msgs/share/deva_localization_msgs/environment/library_path.sh
-- Up-to-date: /home/linjiawei/load_mcap/install/deva_localization_msgs/share/deva_localization_msgs/environment/library_path.dsv
-- Up-to-date: /home/linjiawei/load_mcap/install/deva_localization_msgs/lib/libdeva_localization_msgs__rosidl_generator_c.so
-- Up-to-date: /home/linjiawei/load_mcap/install/deva_localization_msgs/include/deva_localization_msgs/deva_localization_msgs
-- Up-to-date: /home/linjiawei/load_mcap/install/deva_localization_msgs/include/deva_localization_msgs/deva_localization_msgs/msg
-- Up-to-date: /home/linjiawei/load_mcap/install/deva_localization_msgs/include/deva_localization_msgs/deva_localization_msgs/msg/rosidl_typesupport_fastrtps_c__visibility_control.h
-- Up-to-date: /home/linjiawei/load_mcap/install/deva_localization_msgs/include/deva_localization_msgs/deva_localization_msgs/msg/detail
-- Up-to-date: /home/linjiawei/load_mcap/install/deva_localization_msgs/include/deva_localization_msgs/deva_localization_msgs/msg/detail/corrected_imu__rosidl_typesupport_fastrtps_c.h
-- Up-to-date: /home/linjiawei/load_mcap/install/deva_localization_msgs/include/deva_localization_msgs/deva_localization_msgs/msg/detail/gnss_best_pose__rosidl_typesupport_fastrtps_c.h
-- Up-to-date: /home/linjiawei/load_mcap/install/deva_localization_msgs/include/deva_localization_msgs/deva_localization_msgs/msg/detail/ins__rosidl_typesupport_fastrtps_c.h
-- Up-to-date: /home/linjiawei/load_mcap/install/deva_localization_msgs/include/deva_localization_msgs/deva_localization_msgs/msg/detail/localization_estimate__rosidl_typesupport_fastrtps_c.h
-- Up-to-date: /home/linjiawei/load_mcap/install/deva_localization_msgs/include/deva_localization_msgs/deva_localization_msgs/msg/detail/localization_revise__rosidl_typesupport_fastrtps_c.h
-- Up-to-date: /home/linjiawei/load_mcap/install/deva_localization_msgs/include/deva_localization_msgs/deva_localization_msgs/msg/detail/pose__rosidl_typesupport_fastrtps_c.h
-- Up-to-date: /home/linjiawei/load_mcap/install/deva_localization_msgs/include/deva_localization_msgs/deva_localization_msgs/msg/detail/raw_imu__rosidl_typesupport_fastrtps_c.h
-- Up-to-date: /home/linjiawei/load_mcap/install/deva_localization_msgs/lib/libdeva_localization_msgs__rosidl_typesupport_fastrtps_c.so
-- Up-to-date: /home/linjiawei/load_mcap/install/deva_localization_msgs/include/deva_localization_msgs/deva_localization_msgs
-- Up-to-date: /home/linjiawei/load_mcap/install/deva_localization_msgs/include/deva_localization_msgs/deva_localization_msgs/msg
-- Up-to-date: /home/linjiawei/load_mcap/install/deva_localization_msgs/include/deva_localization_msgs/deva_localization_msgs/msg/rosidl_typesupport_introspection_c__visibility_control.h
-- Up-to-date: /home/linjiawei/load_mcap/install/deva_localization_msgs/include/deva_localization_msgs/deva_localization_msgs/msg/detail
-- Up-to-date: /home/linjiawei/load_mcap/install/deva_localization_msgs/include/deva_localization_msgs/deva_localization_msgs/msg/detail/corrected_imu__rosidl_typesupport_introspection_c.h
-- Up-to-date: /home/linjiawei/load_mcap/install/deva_localization_msgs/include/deva_localization_msgs/deva_localization_msgs/msg/detail/corrected_imu__type_support.c
-- Up-to-date: /home/linjiawei/load_mcap/install/deva_localization_msgs/include/deva_localization_msgs/deva_localization_msgs/msg/detail/gnss_best_pose__rosidl_typesupport_introspection_c.h
-- Up-to-date: /home/linjiawei/load_mcap/install/deva_localization_msgs/include/deva_localization_msgs/deva_localization_msgs/msg/detail/gnss_best_pose__type_support.c
-- Up-to-date: /home/linjiawei/load_mcap/install/deva_localization_msgs/include/deva_localization_msgs/deva_localization_msgs/msg/detail/ins__rosidl_typesupport_introspection_c.h
-- Up-to-date: /home/linjiawei/load_mcap/install/deva_localization_msgs/include/deva_localization_msgs/deva_localization_msgs/msg/detail/ins__type_support.c
-- Up-to-date: /home/linjiawei/load_mcap/install/deva_localization_msgs/include/deva_localization_msgs/deva_localization_msgs/msg/detail/localization_estimate__rosidl_typesupport_introspection_c.h
-- Up-to-date: /home/linjiawei/load_mcap/install/deva_localization_msgs/include/deva_localization_msgs/deva_localization_msgs/msg/detail/localization_estimate__type_support.c
-- Up-to-date: /home/linjiawei/load_mcap/install/deva_localization_msgs/include/deva_localization_msgs/deva_localization_msgs/msg/detail/localization_revise__rosidl_typesupport_introspection_c.h
-- Up-to-date: /home/linjiawei/load_mcap/install/deva_localization_msgs/include/deva_localization_msgs/deva_localization_msgs/msg/detail/localization_revise__type_support.c
-- Up-to-date: /home/linjiawei/load_mcap/install/deva_localization_msgs/include/deva_localization_msgs/deva_localization_msgs/msg/detail/pose__rosidl_typesupport_introspection_c.h
-- Up-to-date: /home/linjiawei/load_mcap/install/deva_localization_msgs/include/deva_localization_msgs/deva_localization_msgs/msg/detail/pose__type_support.c
-- Up-to-date: /home/linjiawei/load_mcap/install/deva_localization_msgs/include/deva_localization_msgs/deva_localization_msgs/msg/detail/raw_imu__rosidl_typesupport_introspection_c.h
-- Up-to-date: /home/linjiawei/load_mcap/install/deva_localization_msgs/include/deva_localization_msgs/deva_localization_msgs/msg/detail/raw_imu__type_support.c
-- Up-to-date: /home/linjiawei/load_mcap/install/deva_localization_msgs/lib/libdeva_localization_msgs__rosidl_typesupport_introspection_c.so
-- Up-to-date: /home/linjiawei/load_mcap/install/deva_localization_msgs/lib/libdeva_localization_msgs__rosidl_typesupport_c.so
-- Up-to-date: /home/linjiawei/load_mcap/install/deva_localization_msgs/include/deva_localization_msgs/deva_localization_msgs
-- Up-to-date: /home/linjiawei/load_mcap/install/deva_localization_msgs/include/deva_localization_msgs/deva_localization_msgs/msg
-- Up-to-date: /home/linjiawei/load_mcap/install/deva_localization_msgs/include/deva_localization_msgs/deva_localization_msgs/msg/rosidl_generator_cpp__visibility_control.hpp
-- Up-to-date: /home/linjiawei/load_mcap/install/deva_localization_msgs/include/deva_localization_msgs/deva_localization_msgs/msg/corrected_imu.hpp
-- Up-to-date: /home/linjiawei/load_mcap/install/deva_localization_msgs/include/deva_localization_msgs/deva_localization_msgs/msg/detail
-- Up-to-date: /home/linjiawei/load_mcap/install/deva_localization_msgs/include/deva_localization_msgs/deva_localization_msgs/msg/detail/corrected_imu__builder.hpp
-- Up-to-date: /home/linjiawei/load_mcap/install/deva_localization_msgs/include/deva_localization_msgs/deva_localization_msgs/msg/detail/corrected_imu__struct.hpp
-- Up-to-date: /home/linjiawei/load_mcap/install/deva_localization_msgs/include/deva_localization_msgs/deva_localization_msgs/msg/detail/corrected_imu__traits.hpp
-- Up-to-date: /home/linjiawei/load_mcap/install/deva_localization_msgs/include/deva_localization_msgs/deva_localization_msgs/msg/detail/corrected_imu__type_support.hpp
-- Up-to-date: /home/linjiawei/load_mcap/install/deva_localization_msgs/include/deva_localization_msgs/deva_localization_msgs/msg/detail/gnss_best_pose__builder.hpp
-- Up-to-date: /home/linjiawei/load_mcap/install/deva_localization_msgs/include/deva_localization_msgs/deva_localization_msgs/msg/detail/gnss_best_pose__struct.hpp
-- Up-to-date: /home/linjiawei/load_mcap/install/deva_localization_msgs/include/deva_localization_msgs/deva_localization_msgs/msg/detail/gnss_best_pose__traits.hpp
-- Up-to-date: /home/linjiawei/load_mcap/install/deva_localization_msgs/include/deva_localization_msgs/deva_localization_msgs/msg/detail/gnss_best_pose__type_support.hpp
-- Up-to-date: /home/linjiawei/load_mcap/install/deva_localization_msgs/include/deva_localization_msgs/deva_localization_msgs/msg/detail/ins__builder.hpp
-- Up-to-date: /home/linjiawei/load_mcap/install/deva_localization_msgs/include/deva_localization_msgs/deva_localization_msgs/msg/detail/ins__struct.hpp
-- Up-to-date: /home/linjiawei/load_mcap/install/deva_localization_msgs/include/deva_localization_msgs/deva_localization_msgs/msg/detail/ins__traits.hpp
-- Up-to-date: /home/linjiawei/load_mcap/install/deva_localization_msgs/include/deva_localization_msgs/deva_localization_msgs/msg/detail/ins__type_support.hpp
-- Up-to-date: /home/linjiawei/load_mcap/install/deva_localization_msgs/include/deva_localization_msgs/deva_localization_msgs/msg/detail/localization_estimate__builder.hpp
-- Up-to-date: /home/linjiawei/load_mcap/install/deva_localization_msgs/include/deva_localization_msgs/deva_localization_msgs/msg/detail/localization_estimate__struct.hpp
-- Up-to-date: /home/linjiawei/load_mcap/install/deva_localization_msgs/include/deva_localization_msgs/deva_localization_msgs/msg/detail/localization_estimate__traits.hpp
-- Up-to-date: /home/linjiawei/load_mcap/install/deva_localization_msgs/include/deva_localization_msgs/deva_localization_msgs/msg/detail/localization_estimate__type_support.hpp
-- Up-to-date: /home/linjiawei/load_mcap/install/deva_localization_msgs/include/deva_localization_msgs/deva_localization_msgs/msg/detail/localization_revise__builder.hpp
-- Up-to-date: /home/linjiawei/load_mcap/install/deva_localization_msgs/include/deva_localization_msgs/deva_localization_msgs/msg/detail/localization_revise__struct.hpp
-- Up-to-date: /home/linjiawei/load_mcap/install/deva_localization_msgs/include/deva_localization_msgs/deva_localization_msgs/msg/detail/localization_revise__traits.hpp
-- Up-to-date: /home/linjiawei/load_mcap/install/deva_localization_msgs/include/deva_localization_msgs/deva_localization_msgs/msg/detail/localization_revise__type_support.hpp
-- Up-to-date: /home/linjiawei/load_mcap/install/deva_localization_msgs/include/deva_localization_msgs/deva_localization_msgs/msg/detail/pose__builder.hpp
-- Up-to-date: /home/linjiawei/load_mcap/install/deva_localization_msgs/include/deva_localization_msgs/deva_localization_msgs/msg/detail/pose__struct.hpp
-- Up-to-date: /home/linjiawei/load_mcap/install/deva_localization_msgs/include/deva_localization_msgs/deva_localization_msgs/msg/detail/pose__traits.hpp
-- Up-to-date: /home/linjiawei/load_mcap/install/deva_localization_msgs/include/deva_localization_msgs/deva_localization_msgs/msg/detail/pose__type_support.hpp
-- Up-to-date: /home/linjiawei/load_mcap/install/deva_localization_msgs/include/deva_localization_msgs/deva_localization_msgs/msg/detail/raw_imu__builder.hpp
-- Up-to-date: /home/linjiawei/load_mcap/install/deva_localization_msgs/include/deva_localization_msgs/deva_localization_msgs/msg/detail/raw_imu__struct.hpp
-- Up-to-date: /home/linjiawei/load_mcap/install/deva_localization_msgs/include/deva_localization_msgs/deva_localization_msgs/msg/detail/raw_imu__traits.hpp
-- Up-to-date: /home/linjiawei/load_mcap/install/deva_localization_msgs/include/deva_localization_msgs/deva_localization_msgs/msg/detail/raw_imu__type_support.hpp
-- Up-to-date: /home/linjiawei/load_mcap/install/deva_localization_msgs/include/deva_localization_msgs/deva_localization_msgs/msg/gnss_best_pose.hpp
-- Up-to-date: /home/linjiawei/load_mcap/install/deva_localization_msgs/include/deva_localization_msgs/deva_localization_msgs/msg/ins.hpp
-- Up-to-date: /home/linjiawei/load_mcap/install/deva_localization_msgs/include/deva_localization_msgs/deva_localization_msgs/msg/localization_estimate.hpp
-- Up-to-date: /home/linjiawei/load_mcap/install/deva_localization_msgs/include/deva_localization_msgs/deva_localization_msgs/msg/localization_revise.hpp
-- Up-to-date: /home/linjiawei/load_mcap/install/deva_localization_msgs/include/deva_localization_msgs/deva_localization_msgs/msg/pose.hpp
-- Up-to-date: /home/linjiawei/load_mcap/install/deva_localization_msgs/include/deva_localization_msgs/deva_localization_msgs/msg/raw_imu.hpp
-- Up-to-date: /home/linjiawei/load_mcap/install/deva_localization_msgs/include/deva_localization_msgs/deva_localization_msgs
-- Up-to-date: /home/linjiawei/load_mcap/install/deva_localization_msgs/include/deva_localization_msgs/deva_localization_msgs/msg
-- Up-to-date: /home/linjiawei/load_mcap/install/deva_localization_msgs/include/deva_localization_msgs/deva_localization_msgs/msg/rosidl_typesupport_fastrtps_cpp__visibility_control.h
-- Up-to-date: /home/linjiawei/load_mcap/install/deva_localization_msgs/include/deva_localization_msgs/deva_localization_msgs/msg/detail
-- Up-to-date: /home/linjiawei/load_mcap/install/deva_localization_msgs/include/deva_localization_msgs/deva_localization_msgs/msg/detail/corrected_imu__rosidl_typesupport_fastrtps_cpp.hpp
-- Up-to-date: /home/linjiawei/load_mcap/install/deva_localization_msgs/include/deva_localization_msgs/deva_localization_msgs/msg/detail/dds_fastrtps
-- Up-to-date: /home/linjiawei/load_mcap/install/deva_localization_msgs/include/deva_localization_msgs/deva_localization_msgs/msg/detail/gnss_best_pose__rosidl_typesupport_fastrtps_cpp.hpp
-- Up-to-date: /home/linjiawei/load_mcap/install/deva_localization_msgs/include/deva_localization_msgs/deva_localization_msgs/msg/detail/ins__rosidl_typesupport_fastrtps_cpp.hpp
-- Up-to-date: /home/linjiawei/load_mcap/install/deva_localization_msgs/include/deva_localization_msgs/deva_localization_msgs/msg/detail/localization_estimate__rosidl_typesupport_fastrtps_cpp.hpp
-- Up-to-date: /home/linjiawei/load_mcap/install/deva_localization_msgs/include/deva_localization_msgs/deva_localization_msgs/msg/detail/localization_revise__rosidl_typesupport_fastrtps_cpp.hpp
-- Up-to-date: /home/linjiawei/load_mcap/install/deva_localization_msgs/include/deva_localization_msgs/deva_localization_msgs/msg/detail/pose__rosidl_typesupport_fastrtps_cpp.hpp
-- Up-to-date: /home/linjiawei/load_mcap/install/deva_localization_msgs/include/deva_localization_msgs/deva_localization_msgs/msg/detail/raw_imu__rosidl_typesupport_fastrtps_cpp.hpp
-- Up-to-date: /home/linjiawei/load_mcap/install/deva_localization_msgs/lib/libdeva_localization_msgs__rosidl_typesupport_fastrtps_cpp.so
-- Up-to-date: /home/linjiawei/load_mcap/install/deva_localization_msgs/include/deva_localization_msgs/deva_localization_msgs
-- Up-to-date: /home/linjiawei/load_mcap/install/deva_localization_msgs/include/deva_localization_msgs/deva_localization_msgs/msg
-- Up-to-date: /home/linjiawei/load_mcap/install/deva_localization_msgs/include/deva_localization_msgs/deva_localization_msgs/msg/detail
-- Up-to-date: /home/linjiawei/load_mcap/install/deva_localization_msgs/include/deva_localization_msgs/deva_localization_msgs/msg/detail/corrected_imu__rosidl_typesupport_introspection_cpp.hpp
-- Up-to-date: /home/linjiawei/load_mcap/install/deva_localization_msgs/include/deva_localization_msgs/deva_localization_msgs/msg/detail/corrected_imu__type_support.cpp
-- Up-to-date: /home/linjiawei/load_mcap/install/deva_localization_msgs/include/deva_localization_msgs/deva_localization_msgs/msg/detail/gnss_best_pose__rosidl_typesupport_introspection_cpp.hpp
-- Up-to-date: /home/linjiawei/load_mcap/install/deva_localization_msgs/include/deva_localization_msgs/deva_localization_msgs/msg/detail/gnss_best_pose__type_support.cpp
-- Up-to-date: /home/linjiawei/load_mcap/install/deva_localization_msgs/include/deva_localization_msgs/deva_localization_msgs/msg/detail/ins__rosidl_typesupport_introspection_cpp.hpp
-- Up-to-date: /home/linjiawei/load_mcap/install/deva_localization_msgs/include/deva_localization_msgs/deva_localization_msgs/msg/detail/ins__type_support.cpp
-- Up-to-date: /home/linjiawei/load_mcap/install/deva_localization_msgs/include/deva_localization_msgs/deva_localization_msgs/msg/detail/localization_estimate__rosidl_typesupport_introspection_cpp.hpp
-- Up-to-date: /home/linjiawei/load_mcap/install/deva_localization_msgs/include/deva_localization_msgs/deva_localization_msgs/msg/detail/localization_estimate__type_support.cpp
-- Up-to-date: /home/linjiawei/load_mcap/install/deva_localization_msgs/include/deva_localization_msgs/deva_localization_msgs/msg/detail/localization_revise__rosidl_typesupport_introspection_cpp.hpp
-- Up-to-date: /home/linjiawei/load_mcap/install/deva_localization_msgs/include/deva_localization_msgs/deva_localization_msgs/msg/detail/localization_revise__type_support.cpp
-- Up-to-date: /home/linjiawei/load_mcap/install/deva_localization_msgs/include/deva_localization_msgs/deva_localization_msgs/msg/detail/pose__rosidl_typesupport_introspection_cpp.hpp
-- Up-to-date: /home/linjiawei/load_mcap/install/deva_localization_msgs/include/deva_localization_msgs/deva_localization_msgs/msg/detail/pose__type_support.cpp
-- Up-to-date: /home/linjiawei/load_mcap/install/deva_localization_msgs/include/deva_localization_msgs/deva_localization_msgs/msg/detail/raw_imu__rosidl_typesupport_introspection_cpp.hpp
-- Up-to-date: /home/linjiawei/load_mcap/install/deva_localization_msgs/include/deva_localization_msgs/deva_localization_msgs/msg/detail/raw_imu__type_support.cpp
-- Up-to-date: /home/linjiawei/load_mcap/install/deva_localization_msgs/lib/libdeva_localization_msgs__rosidl_typesupport_introspection_cpp.so
-- Up-to-date: /home/linjiawei/load_mcap/install/deva_localization_msgs/lib/libdeva_localization_msgs__rosidl_typesupport_cpp.so
-- Up-to-date: /home/linjiawei/load_mcap/install/deva_localization_msgs/share/deva_localization_msgs/environment/pythonpath.sh
-- Up-to-date: /home/linjiawei/load_mcap/install/deva_localization_msgs/share/deva_localization_msgs/environment/pythonpath.dsv
-- Up-to-date: /home/linjiawei/load_mcap/install/deva_localization_msgs/local/lib/python3.10/dist-packages/deva_localization_msgs-0.0.0-py3.10.egg-info
-- Installing: /home/linjiawei/load_mcap/install/deva_localization_msgs/local/lib/python3.10/dist-packages/deva_localization_msgs-0.0.0-py3.10.egg-info/PKG-INFO
-- Installing: /home/linjiawei/load_mcap/install/deva_localization_msgs/local/lib/python3.10/dist-packages/deva_localization_msgs-0.0.0-py3.10.egg-info/dependency_links.txt
-- Installing: /home/linjiawei/load_mcap/install/deva_localization_msgs/local/lib/python3.10/dist-packages/deva_localization_msgs-0.0.0-py3.10.egg-info/top_level.txt
-- Installing: /home/linjiawei/load_mcap/install/deva_localization_msgs/local/lib/python3.10/dist-packages/deva_localization_msgs-0.0.0-py3.10.egg-info/SOURCES.txt
-- Up-to-date: /home/linjiawei/load_mcap/install/deva_localization_msgs/local/lib/python3.10/dist-packages/deva_localization_msgs
-- Up-to-date: /home/linjiawei/load_mcap/install/deva_localization_msgs/local/lib/python3.10/dist-packages/deva_localization_msgs/__init__.py
-- Up-to-date: /home/linjiawei/load_mcap/install/deva_localization_msgs/local/lib/python3.10/dist-packages/deva_localization_msgs/msg
-- Up-to-date: /home/linjiawei/load_mcap/install/deva_localization_msgs/local/lib/python3.10/dist-packages/deva_localization_msgs/msg/_corrected_imu.py
-- Up-to-date: /home/linjiawei/load_mcap/install/deva_localization_msgs/local/lib/python3.10/dist-packages/deva_localization_msgs/msg/_corrected_imu_s.c
-- Up-to-date: /home/linjiawei/load_mcap/install/deva_localization_msgs/local/lib/python3.10/dist-packages/deva_localization_msgs/msg/_gnss_best_pose.py
-- Up-to-date: /home/linjiawei/load_mcap/install/deva_localization_msgs/local/lib/python3.10/dist-packages/deva_localization_msgs/msg/_gnss_best_pose_s.c
-- Up-to-date: /home/linjiawei/load_mcap/install/deva_localization_msgs/local/lib/python3.10/dist-packages/deva_localization_msgs/msg/_ins.py
-- Up-to-date: /home/linjiawei/load_mcap/install/deva_localization_msgs/local/lib/python3.10/dist-packages/deva_localization_msgs/msg/_ins_s.c
-- Up-to-date: /home/linjiawei/load_mcap/install/deva_localization_msgs/local/lib/python3.10/dist-packages/deva_localization_msgs/msg/_localization_estimate.py
-- Up-to-date: /home/linjiawei/load_mcap/install/deva_localization_msgs/local/lib/python3.10/dist-packages/deva_localization_msgs/msg/_localization_estimate_s.c
-- Up-to-date: /home/linjiawei/load_mcap/install/deva_localization_msgs/local/lib/python3.10/dist-packages/deva_localization_msgs/msg/_localization_revise.py
-- Up-to-date: /home/linjiawei/load_mcap/install/deva_localization_msgs/local/lib/python3.10/dist-packages/deva_localization_msgs/msg/_localization_revise_s.c
-- Up-to-date: /home/linjiawei/load_mcap/install/deva_localization_msgs/local/lib/python3.10/dist-packages/deva_localization_msgs/msg/_pose.py
-- Up-to-date: /home/linjiawei/load_mcap/install/deva_localization_msgs/local/lib/python3.10/dist-packages/deva_localization_msgs/msg/_pose_s.c
-- Up-to-date: /home/linjiawei/load_mcap/install/deva_localization_msgs/local/lib/python3.10/dist-packages/deva_localization_msgs/msg/_raw_imu.py
-- Up-to-date: /home/linjiawei/load_mcap/install/deva_localization_msgs/local/lib/python3.10/dist-packages/deva_localization_msgs/msg/_raw_imu_s.c
-- Up-to-date: /home/linjiawei/load_mcap/install/deva_localization_msgs/local/lib/python3.10/dist-packages/deva_localization_msgs/msg/__init__.py
-- Up-to-date: /home/linjiawei/load_mcap/install/deva_localization_msgs/local/lib/python3.10/dist-packages/deva_localization_msgs/_deva_localization_msgs_s.ep.rosidl_typesupport_fastrtps_c.c
-- Up-to-date: /home/linjiawei/load_mcap/install/deva_localization_msgs/local/lib/python3.10/dist-packages/deva_localization_msgs/_deva_localization_msgs_s.ep.rosidl_typesupport_introspection_c.c
-- Up-to-date: /home/linjiawei/load_mcap/install/deva_localization_msgs/local/lib/python3.10/dist-packages/deva_localization_msgs/_deva_localization_msgs_s.ep.rosidl_typesupport_c.c
-- Up-to-date: /home/linjiawei/load_mcap/install/deva_localization_msgs/local/lib/python3.10/dist-packages/deva_localization_msgs/libdeva_localization_msgs__rosidl_generator_py.so
-- Up-to-date: /home/linjiawei/load_mcap/install/deva_localization_msgs/local/lib/python3.10/dist-packages/deva_localization_msgs/deva_localization_msgs_s__rosidl_typesupport_c.cpython-310-x86_64-linux-gnu.so
-- Up-to-date: /home/linjiawei/load_mcap/install/deva_localization_msgs/local/lib/python3.10/dist-packages/deva_localization_msgs/deva_localization_msgs_s__rosidl_typesupport_introspection_c.cpython-310-x86_64-linux-gnu.so
-- Up-to-date: /home/linjiawei/load_mcap/install/deva_localization_msgs/local/lib/python3.10/dist-packages/deva_localization_msgs/deva_localization_msgs_s__rosidl_typesupport_fastrtps_c.cpython-310-x86_64-linux-gnu.so
Listing '/home/linjiawei/load_mcap/install/deva_localization_msgs/local/lib/python3.10/dist-packages/deva_localization_msgs'...
Listing '/home/linjiawei/load_mcap/install/deva_localization_msgs/local/lib/python3.10/dist-packages/deva_localization_msgs/msg'...
-- Up-to-date: /home/linjiawei/load_mcap/install/deva_localization_msgs/local/lib/python3.10/dist-packages/deva_localization_msgs/deva_localization_msgs_s__rosidl_typesupport_fastrtps_c.cpython-310-x86_64-linux-gnu.so
-- Up-to-date: /home/linjiawei/load_mcap/install/deva_localization_msgs/local/lib/python3.10/dist-packages/deva_localization_msgs/deva_localization_msgs_s__rosidl_typesupport_introspection_c.cpython-310-x86_64-linux-gnu.so
-- Up-to-date: /home/linjiawei/load_mcap/install/deva_localization_msgs/local/lib/python3.10/dist-packages/deva_localization_msgs/deva_localization_msgs_s__rosidl_typesupport_c.cpython-310-x86_64-linux-gnu.so
-- Up-to-date: /home/linjiawei/load_mcap/install/deva_localization_msgs/lib/libdeva_localization_msgs__rosidl_generator_py.so
-- Up-to-date: /home/linjiawei/load_mcap/install/deva_localization_msgs/share/deva_localization_msgs/msg/CorrectedImu.idl
-- Up-to-date: /home/linjiawei/load_mcap/install/deva_localization_msgs/share/deva_localization_msgs/msg/GnssBestPose.idl
-- Up-to-date: /home/linjiawei/load_mcap/install/deva_localization_msgs/share/deva_localization_msgs/msg/Ins.idl
-- Up-to-date: /home/linjiawei/load_mcap/install/deva_localization_msgs/share/deva_localization_msgs/msg/LocalizationEstimate.idl
-- Up-to-date: /home/linjiawei/load_mcap/install/deva_localization_msgs/share/deva_localization_msgs/msg/LocalizationRevise.idl
-- Up-to-date: /home/linjiawei/load_mcap/install/deva_localization_msgs/share/deva_localization_msgs/msg/Pose.idl
-- Up-to-date: /home/linjiawei/load_mcap/install/deva_localization_msgs/share/deva_localization_msgs/msg/RawImu.idl
-- Up-to-date: /home/linjiawei/load_mcap/install/deva_localization_msgs/share/deva_localization_msgs/msg/CorrectedImu.msg
-- Up-to-date: /home/linjiawei/load_mcap/install/deva_localization_msgs/share/deva_localization_msgs/msg/GnssBestPose.msg
-- Up-to-date: /home/linjiawei/load_mcap/install/deva_localization_msgs/share/deva_localization_msgs/msg/Ins.msg
-- Up-to-date: /home/linjiawei/load_mcap/install/deva_localization_msgs/share/deva_localization_msgs/msg/LocalizationEstimate.msg
-- Up-to-date: /home/linjiawei/load_mcap/install/deva_localization_msgs/share/deva_localization_msgs/msg/LocalizationRevise.msg
-- Up-to-date: /home/linjiawei/load_mcap/install/deva_localization_msgs/share/deva_localization_msgs/msg/Pose.msg
-- Up-to-date: /home/linjiawei/load_mcap/install/deva_localization_msgs/share/deva_localization_msgs/msg/RawImu.msg
-- Up-to-date: /home/linjiawei/load_mcap/install/deva_localization_msgs/share/ament_index/resource_index/package_run_dependencies/deva_localization_msgs
-- Up-to-date: /home/linjiawei/load_mcap/install/deva_localization_msgs/share/ament_index/resource_index/parent_prefix_path/deva_localization_msgs
-- Up-to-date: /home/linjiawei/load_mcap/install/deva_localization_msgs/share/deva_localization_msgs/environment/ament_prefix_path.sh
-- Up-to-date: /home/linjiawei/load_mcap/install/deva_localization_msgs/share/deva_localization_msgs/environment/ament_prefix_path.dsv
-- Up-to-date: /home/linjiawei/load_mcap/install/deva_localization_msgs/share/deva_localization_msgs/environment/path.sh
-- Up-to-date: /home/linjiawei/load_mcap/install/deva_localization_msgs/share/deva_localization_msgs/environment/path.dsv
-- Up-to-date: /home/linjiawei/load_mcap/install/deva_localization_msgs/share/deva_localization_msgs/local_setup.bash
-- Up-to-date: /home/linjiawei/load_mcap/install/deva_localization_msgs/share/deva_localization_msgs/local_setup.sh
-- Up-to-date: /home/linjiawei/load_mcap/install/deva_localization_msgs/share/deva_localization_msgs/local_setup.zsh
-- Up-to-date: /home/linjiawei/load_mcap/install/deva_localization_msgs/share/deva_localization_msgs/local_setup.dsv
-- Installing: /home/linjiawei/load_mcap/install/deva_localization_msgs/share/deva_localization_msgs/package.dsv
-- Up-to-date: /home/linjiawei/load_mcap/install/deva_localization_msgs/share/ament_index/resource_index/packages/deva_localization_msgs
-- Up-to-date: /home/linjiawei/load_mcap/install/deva_localization_msgs/share/deva_localization_msgs/cmake/export_deva_localization_msgs__rosidl_generator_cExport.cmake
-- Up-to-date: /home/linjiawei/load_mcap/install/deva_localization_msgs/share/deva_localization_msgs/cmake/export_deva_localization_msgs__rosidl_generator_cExport-noconfig.cmake
-- Up-to-date: /home/linjiawei/load_mcap/install/deva_localization_msgs/share/deva_localization_msgs/cmake/export_deva_localization_msgs__rosidl_typesupport_fastrtps_cExport.cmake
-- Up-to-date: /home/linjiawei/load_mcap/install/deva_localization_msgs/share/deva_localization_msgs/cmake/export_deva_localization_msgs__rosidl_typesupport_fastrtps_cExport-noconfig.cmake
-- Up-to-date: /home/linjiawei/load_mcap/install/deva_localization_msgs/share/deva_localization_msgs/cmake/deva_localization_msgs__rosidl_typesupport_introspection_cExport.cmake
-- Up-to-date: /home/linjiawei/load_mcap/install/deva_localization_msgs/share/deva_localization_msgs/cmake/deva_localization_msgs__rosidl_typesupport_introspection_cExport-noconfig.cmake
-- Up-to-date: /home/linjiawei/load_mcap/install/deva_localization_msgs/share/deva_localization_msgs/cmake/deva_localization_msgs__rosidl_typesupport_cExport.cmake
-- Up-to-date: /home/linjiawei/load_mcap/install/deva_localization_msgs/share/deva_localization_msgs/cmake/deva_localization_msgs__rosidl_typesupport_cExport-noconfig.cmake
-- Up-to-date: /home/linjiawei/load_mcap/install/deva_localization_msgs/share/deva_localization_msgs/cmake/export_deva_localization_msgs__rosidl_generator_cppExport.cmake
-- Up-to-date: /home/linjiawei/load_mcap/install/deva_localization_msgs/share/deva_localization_msgs/cmake/export_deva_localization_msgs__rosidl_typesupport_fastrtps_cppExport.cmake
-- Up-to-date: /home/linjiawei/load_mcap/install/deva_localization_msgs/share/deva_localization_msgs/cmake/export_deva_localization_msgs__rosidl_typesupport_fastrtps_cppExport-noconfig.cmake
-- Up-to-date: /home/linjiawei/load_mcap/install/deva_localization_msgs/share/deva_localization_msgs/cmake/deva_localization_msgs__rosidl_typesupport_introspection_cppExport.cmake
-- Up-to-date: /home/linjiawei/load_mcap/install/deva_localization_msgs/share/deva_localization_msgs/cmake/deva_localization_msgs__rosidl_typesupport_introspection_cppExport-noconfig.cmake
-- Up-to-date: /home/linjiawei/load_mcap/install/deva_localization_msgs/share/deva_localization_msgs/cmake/deva_localization_msgs__rosidl_typesupport_cppExport.cmake
-- Up-to-date: /home/linjiawei/load_mcap/install/deva_localization_msgs/share/deva_localization_msgs/cmake/deva_localization_msgs__rosidl_typesupport_cppExport-noconfig.cmake
-- Up-to-date: /home/linjiawei/load_mcap/install/deva_localization_msgs/share/deva_localization_msgs/cmake/export_deva_localization_msgs__rosidl_generator_pyExport.cmake
-- Up-to-date: /home/linjiawei/load_mcap/install/deva_localization_msgs/share/deva_localization_msgs/cmake/export_deva_localization_msgs__rosidl_generator_pyExport-noconfig.cmake
-- Up-to-date: /home/linjiawei/load_mcap/install/deva_localization_msgs/share/deva_localization_msgs/cmake/rosidl_cmake-extras.cmake
-- Up-to-date: /home/linjiawei/load_mcap/install/deva_localization_msgs/share/deva_localization_msgs/cmake/ament_cmake_export_dependencies-extras.cmake
-- Up-to-date: /home/linjiawei/load_mcap/install/deva_localization_msgs/share/deva_localization_msgs/cmake/ament_cmake_export_include_directories-extras.cmake
-- Up-to-date: /home/linjiawei/load_mcap/install/deva_localization_msgs/share/deva_localization_msgs/cmake/ament_cmake_export_libraries-extras.cmake
-- Up-to-date: /home/linjiawei/load_mcap/install/deva_localization_msgs/share/deva_localization_msgs/cmake/ament_cmake_export_targets-extras.cmake
-- Up-to-date: /home/linjiawei/load_mcap/install/deva_localization_msgs/share/deva_localization_msgs/cmake/rosidl_cmake_export_typesupport_targets-extras.cmake
-- Up-to-date: /home/linjiawei/load_mcap/install/deva_localization_msgs/share/deva_localization_msgs/cmake/rosidl_cmake_export_typesupport_libraries-extras.cmake
-- Up-to-date: /home/linjiawei/load_mcap/install/deva_localization_msgs/share/deva_localization_msgs/cmake/deva_localization_msgsConfig.cmake
-- Up-to-date: /home/linjiawei/load_mcap/install/deva_localization_msgs/share/deva_localization_msgs/cmake/deva_localization_msgsConfig-version.cmake
-- Up-to-date: /home/linjiawei/load_mcap/install/deva_localization_msgs/share/deva_localization_msgs/package.xml
