[ 11%] Built target rviz_plug_msg__rosidl_generator_c
[ 11%] Built target ament_cmake_python_copy_rviz_plug_msg
[ 12%] Built target rviz_plug_msg__cpp
[ 24%] Built target rviz_plug_msg__rosidl_typesupport_fastrtps_c
[ 35%] Built target rviz_plug_msg__rosidl_typesupport_cpp
[ 47%] Built target rviz_plug_msg__rosidl_typesupport_introspection_c
[ 58%] Built target rviz_plug_msg__rosidl_typesupport_fastrtps_cpp
[ 70%] Built target rviz_plug_msg__rosidl_typesupport_introspection_cpp
[ 81%] Built target rviz_plug_msg__rosidl_typesupport_c
[ 81%] Built target rviz_plug_msg
[ 82%] Built target rviz_plug_msg__py
[ 93%] Built target rviz_plug_msg__rosidl_generator_py
[ 95%] Built target rviz_plug_msg__rosidl_typesupport_fastrtps_c__pyext
[ 97%] Built target rviz_plug_msg__rosidl_typesupport_c__pyext
[100%] Built target rviz_plug_msg__rosidl_typesupport_introspection_c__pyext
running egg_info
writing rviz_plug_msg.egg-info/PKG-INFO
writing dependency_links to rviz_plug_msg.egg-info/dependency_links.txt
writing top-level names to rviz_plug_msg.egg-info/top_level.txt
reading manifest file 'rviz_plug_msg.egg-info/SOURCES.txt'
writing manifest file 'rviz_plug_msg.egg-info/SOURCES.txt'
[100%] Built target ament_cmake_python_build_rviz_plug_msg_egg
-- Install configuration: ""
-- Up-to-date: /home/linjiawei/load_mcap/install/rviz_plug_msg/share/ament_index/resource_index/rosidl_interfaces/rviz_plug_msg
-- Up-to-date: /home/linjiawei/load_mcap/install/rviz_plug_msg/include/rviz_plug_msg/rviz_plug_msg
-- Up-to-date: /home/linjiawei/load_mcap/install/rviz_plug_msg/include/rviz_plug_msg/rviz_plug_msg/msg
-- Up-to-date: /home/linjiawei/load_mcap/install/rviz_plug_msg/include/rviz_plug_msg/rviz_plug_msg/msg/rosidl_generator_c__visibility_control.h
-- Up-to-date: /home/linjiawei/load_mcap/install/rviz_plug_msg/include/rviz_plug_msg/rviz_plug_msg/msg/bywire_diag.h
-- Up-to-date: /home/linjiawei/load_mcap/install/rviz_plug_msg/include/rviz_plug_msg/rviz_plug_msg/msg/detail
-- Up-to-date: /home/linjiawei/load_mcap/install/rviz_plug_msg/include/rviz_plug_msg/rviz_plug_msg/msg/detail/bywire_diag__functions.c
-- Up-to-date: /home/linjiawei/load_mcap/install/rviz_plug_msg/include/rviz_plug_msg/rviz_plug_msg/msg/detail/bywire_diag__functions.h
-- Up-to-date: /home/linjiawei/load_mcap/install/rviz_plug_msg/include/rviz_plug_msg/rviz_plug_msg/msg/detail/bywire_diag__struct.h
-- Up-to-date: /home/linjiawei/load_mcap/install/rviz_plug_msg/include/rviz_plug_msg/rviz_plug_msg/msg/detail/bywire_diag__type_support.h
-- Up-to-date: /home/linjiawei/load_mcap/install/rviz_plug_msg/include/rviz_plug_msg/rviz_plug_msg/msg/detail/bywire_msg_type__functions.c
-- Up-to-date: /home/linjiawei/load_mcap/install/rviz_plug_msg/include/rviz_plug_msg/rviz_plug_msg/msg/detail/bywire_msg_type__functions.h
-- Up-to-date: /home/linjiawei/load_mcap/install/rviz_plug_msg/include/rviz_plug_msg/rviz_plug_msg/msg/detail/bywire_msg_type__struct.h
-- Up-to-date: /home/linjiawei/load_mcap/install/rviz_plug_msg/include/rviz_plug_msg/rviz_plug_msg/msg/detail/bywire_msg_type__type_support.h
-- Up-to-date: /home/linjiawei/load_mcap/install/rviz_plug_msg/include/rviz_plug_msg/rviz_plug_msg/msg/detail/error_enum__functions.c
-- Up-to-date: /home/linjiawei/load_mcap/install/rviz_plug_msg/include/rviz_plug_msg/rviz_plug_msg/msg/detail/error_enum__functions.h
-- Up-to-date: /home/linjiawei/load_mcap/install/rviz_plug_msg/include/rviz_plug_msg/rviz_plug_msg/msg/detail/error_enum__struct.h
-- Up-to-date: /home/linjiawei/load_mcap/install/rviz_plug_msg/include/rviz_plug_msg/rviz_plug_msg/msg/detail/error_enum__type_support.h
-- Up-to-date: /home/linjiawei/load_mcap/install/rviz_plug_msg/include/rviz_plug_msg/rviz_plug_msg/msg/detail/exception_monitor__functions.c
-- Up-to-date: /home/linjiawei/load_mcap/install/rviz_plug_msg/include/rviz_plug_msg/rviz_plug_msg/msg/detail/exception_monitor__functions.h
-- Up-to-date: /home/linjiawei/load_mcap/install/rviz_plug_msg/include/rviz_plug_msg/rviz_plug_msg/msg/detail/exception_monitor__struct.h
-- Up-to-date: /home/linjiawei/load_mcap/install/rviz_plug_msg/include/rviz_plug_msg/rviz_plug_msg/msg/detail/exception_monitor__type_support.h
-- Up-to-date: /home/linjiawei/load_mcap/install/rviz_plug_msg/include/rviz_plug_msg/rviz_plug_msg/msg/detail/freq__functions.c
-- Up-to-date: /home/linjiawei/load_mcap/install/rviz_plug_msg/include/rviz_plug_msg/rviz_plug_msg/msg/detail/freq__functions.h
-- Up-to-date: /home/linjiawei/load_mcap/install/rviz_plug_msg/include/rviz_plug_msg/rviz_plug_msg/msg/detail/freq__struct.h
-- Up-to-date: /home/linjiawei/load_mcap/install/rviz_plug_msg/include/rviz_plug_msg/rviz_plug_msg/msg/detail/freq__type_support.h
-- Up-to-date: /home/linjiawei/load_mcap/install/rviz_plug_msg/include/rviz_plug_msg/rviz_plug_msg/msg/detail/freq_monitor__functions.c
-- Up-to-date: /home/linjiawei/load_mcap/install/rviz_plug_msg/include/rviz_plug_msg/rviz_plug_msg/msg/detail/freq_monitor__functions.h
-- Up-to-date: /home/linjiawei/load_mcap/install/rviz_plug_msg/include/rviz_plug_msg/rviz_plug_msg/msg/detail/freq_monitor__struct.h
-- Up-to-date: /home/linjiawei/load_mcap/install/rviz_plug_msg/include/rviz_plug_msg/rviz_plug_msg/msg/detail/freq_monitor__type_support.h
-- Up-to-date: /home/linjiawei/load_mcap/install/rviz_plug_msg/include/rviz_plug_msg/rviz_plug_msg/msg/detail/info_enum__functions.c
-- Up-to-date: /home/linjiawei/load_mcap/install/rviz_plug_msg/include/rviz_plug_msg/rviz_plug_msg/msg/detail/info_enum__functions.h
-- Up-to-date: /home/linjiawei/load_mcap/install/rviz_plug_msg/include/rviz_plug_msg/rviz_plug_msg/msg/detail/info_enum__struct.h
-- Up-to-date: /home/linjiawei/load_mcap/install/rviz_plug_msg/include/rviz_plug_msg/rviz_plug_msg/msg/detail/info_enum__type_support.h
-- Up-to-date: /home/linjiawei/load_mcap/install/rviz_plug_msg/include/rviz_plug_msg/rviz_plug_msg/msg/detail/status_enum__functions.c
-- Up-to-date: /home/linjiawei/load_mcap/install/rviz_plug_msg/include/rviz_plug_msg/rviz_plug_msg/msg/detail/status_enum__functions.h
-- Up-to-date: /home/linjiawei/load_mcap/install/rviz_plug_msg/include/rviz_plug_msg/rviz_plug_msg/msg/detail/status_enum__struct.h
-- Up-to-date: /home/linjiawei/load_mcap/install/rviz_plug_msg/include/rviz_plug_msg/rviz_plug_msg/msg/detail/status_enum__type_support.h
-- Up-to-date: /home/linjiawei/load_mcap/install/rviz_plug_msg/include/rviz_plug_msg/rviz_plug_msg/msg/bywire_msg_type.h
-- Up-to-date: /home/linjiawei/load_mcap/install/rviz_plug_msg/include/rviz_plug_msg/rviz_plug_msg/msg/error_enum.h
-- Up-to-date: /home/linjiawei/load_mcap/install/rviz_plug_msg/include/rviz_plug_msg/rviz_plug_msg/msg/exception_monitor.h
-- Up-to-date: /home/linjiawei/load_mcap/install/rviz_plug_msg/include/rviz_plug_msg/rviz_plug_msg/msg/freq.h
-- Up-to-date: /home/linjiawei/load_mcap/install/rviz_plug_msg/include/rviz_plug_msg/rviz_plug_msg/msg/freq_monitor.h
-- Up-to-date: /home/linjiawei/load_mcap/install/rviz_plug_msg/include/rviz_plug_msg/rviz_plug_msg/msg/info_enum.h
-- Up-to-date: /home/linjiawei/load_mcap/install/rviz_plug_msg/include/rviz_plug_msg/rviz_plug_msg/msg/status_enum.h
-- Up-to-date: /home/linjiawei/load_mcap/install/rviz_plug_msg/share/rviz_plug_msg/environment/library_path.sh
-- Up-to-date: /home/linjiawei/load_mcap/install/rviz_plug_msg/share/rviz_plug_msg/environment/library_path.dsv
-- Up-to-date: /home/linjiawei/load_mcap/install/rviz_plug_msg/lib/librviz_plug_msg__rosidl_generator_c.so
-- Up-to-date: /home/linjiawei/load_mcap/install/rviz_plug_msg/include/rviz_plug_msg/rviz_plug_msg
-- Up-to-date: /home/linjiawei/load_mcap/install/rviz_plug_msg/include/rviz_plug_msg/rviz_plug_msg/msg
-- Up-to-date: /home/linjiawei/load_mcap/install/rviz_plug_msg/include/rviz_plug_msg/rviz_plug_msg/msg/rosidl_typesupport_fastrtps_c__visibility_control.h
-- Up-to-date: /home/linjiawei/load_mcap/install/rviz_plug_msg/include/rviz_plug_msg/rviz_plug_msg/msg/detail
-- Up-to-date: /home/linjiawei/load_mcap/install/rviz_plug_msg/include/rviz_plug_msg/rviz_plug_msg/msg/detail/bywire_diag__rosidl_typesupport_fastrtps_c.h
-- Up-to-date: /home/linjiawei/load_mcap/install/rviz_plug_msg/include/rviz_plug_msg/rviz_plug_msg/msg/detail/bywire_msg_type__rosidl_typesupport_fastrtps_c.h
-- Up-to-date: /home/linjiawei/load_mcap/install/rviz_plug_msg/include/rviz_plug_msg/rviz_plug_msg/msg/detail/error_enum__rosidl_typesupport_fastrtps_c.h
-- Up-to-date: /home/linjiawei/load_mcap/install/rviz_plug_msg/include/rviz_plug_msg/rviz_plug_msg/msg/detail/exception_monitor__rosidl_typesupport_fastrtps_c.h
-- Up-to-date: /home/linjiawei/load_mcap/install/rviz_plug_msg/include/rviz_plug_msg/rviz_plug_msg/msg/detail/freq__rosidl_typesupport_fastrtps_c.h
-- Up-to-date: /home/linjiawei/load_mcap/install/rviz_plug_msg/include/rviz_plug_msg/rviz_plug_msg/msg/detail/freq_monitor__rosidl_typesupport_fastrtps_c.h
-- Up-to-date: /home/linjiawei/load_mcap/install/rviz_plug_msg/include/rviz_plug_msg/rviz_plug_msg/msg/detail/info_enum__rosidl_typesupport_fastrtps_c.h
-- Up-to-date: /home/linjiawei/load_mcap/install/rviz_plug_msg/include/rviz_plug_msg/rviz_plug_msg/msg/detail/status_enum__rosidl_typesupport_fastrtps_c.h
-- Up-to-date: /home/linjiawei/load_mcap/install/rviz_plug_msg/lib/librviz_plug_msg__rosidl_typesupport_fastrtps_c.so
-- Up-to-date: /home/linjiawei/load_mcap/install/rviz_plug_msg/include/rviz_plug_msg/rviz_plug_msg
-- Up-to-date: /home/linjiawei/load_mcap/install/rviz_plug_msg/include/rviz_plug_msg/rviz_plug_msg/msg
-- Up-to-date: /home/linjiawei/load_mcap/install/rviz_plug_msg/include/rviz_plug_msg/rviz_plug_msg/msg/rosidl_typesupport_introspection_c__visibility_control.h
-- Up-to-date: /home/linjiawei/load_mcap/install/rviz_plug_msg/include/rviz_plug_msg/rviz_plug_msg/msg/detail
-- Up-to-date: /home/linjiawei/load_mcap/install/rviz_plug_msg/include/rviz_plug_msg/rviz_plug_msg/msg/detail/bywire_diag__rosidl_typesupport_introspection_c.h
-- Up-to-date: /home/linjiawei/load_mcap/install/rviz_plug_msg/include/rviz_plug_msg/rviz_plug_msg/msg/detail/bywire_diag__type_support.c
-- Up-to-date: /home/linjiawei/load_mcap/install/rviz_plug_msg/include/rviz_plug_msg/rviz_plug_msg/msg/detail/bywire_msg_type__rosidl_typesupport_introspection_c.h
-- Up-to-date: /home/linjiawei/load_mcap/install/rviz_plug_msg/include/rviz_plug_msg/rviz_plug_msg/msg/detail/bywire_msg_type__type_support.c
-- Up-to-date: /home/linjiawei/load_mcap/install/rviz_plug_msg/include/rviz_plug_msg/rviz_plug_msg/msg/detail/error_enum__rosidl_typesupport_introspection_c.h
-- Up-to-date: /home/linjiawei/load_mcap/install/rviz_plug_msg/include/rviz_plug_msg/rviz_plug_msg/msg/detail/error_enum__type_support.c
-- Up-to-date: /home/linjiawei/load_mcap/install/rviz_plug_msg/include/rviz_plug_msg/rviz_plug_msg/msg/detail/exception_monitor__rosidl_typesupport_introspection_c.h
-- Up-to-date: /home/linjiawei/load_mcap/install/rviz_plug_msg/include/rviz_plug_msg/rviz_plug_msg/msg/detail/exception_monitor__type_support.c
-- Up-to-date: /home/linjiawei/load_mcap/install/rviz_plug_msg/include/rviz_plug_msg/rviz_plug_msg/msg/detail/freq__rosidl_typesupport_introspection_c.h
-- Up-to-date: /home/linjiawei/load_mcap/install/rviz_plug_msg/include/rviz_plug_msg/rviz_plug_msg/msg/detail/freq__type_support.c
-- Up-to-date: /home/linjiawei/load_mcap/install/rviz_plug_msg/include/rviz_plug_msg/rviz_plug_msg/msg/detail/freq_monitor__rosidl_typesupport_introspection_c.h
-- Up-to-date: /home/linjiawei/load_mcap/install/rviz_plug_msg/include/rviz_plug_msg/rviz_plug_msg/msg/detail/freq_monitor__type_support.c
-- Up-to-date: /home/linjiawei/load_mcap/install/rviz_plug_msg/include/rviz_plug_msg/rviz_plug_msg/msg/detail/info_enum__rosidl_typesupport_introspection_c.h
-- Up-to-date: /home/linjiawei/load_mcap/install/rviz_plug_msg/include/rviz_plug_msg/rviz_plug_msg/msg/detail/info_enum__type_support.c
-- Up-to-date: /home/linjiawei/load_mcap/install/rviz_plug_msg/include/rviz_plug_msg/rviz_plug_msg/msg/detail/status_enum__rosidl_typesupport_introspection_c.h
-- Up-to-date: /home/linjiawei/load_mcap/install/rviz_plug_msg/include/rviz_plug_msg/rviz_plug_msg/msg/detail/status_enum__type_support.c
-- Up-to-date: /home/linjiawei/load_mcap/install/rviz_plug_msg/lib/librviz_plug_msg__rosidl_typesupport_introspection_c.so
-- Up-to-date: /home/linjiawei/load_mcap/install/rviz_plug_msg/lib/librviz_plug_msg__rosidl_typesupport_c.so
-- Up-to-date: /home/linjiawei/load_mcap/install/rviz_plug_msg/include/rviz_plug_msg/rviz_plug_msg
-- Up-to-date: /home/linjiawei/load_mcap/install/rviz_plug_msg/include/rviz_plug_msg/rviz_plug_msg/msg
-- Up-to-date: /home/linjiawei/load_mcap/install/rviz_plug_msg/include/rviz_plug_msg/rviz_plug_msg/msg/rosidl_generator_cpp__visibility_control.hpp
-- Up-to-date: /home/linjiawei/load_mcap/install/rviz_plug_msg/include/rviz_plug_msg/rviz_plug_msg/msg/bywire_diag.hpp
-- Up-to-date: /home/linjiawei/load_mcap/install/rviz_plug_msg/include/rviz_plug_msg/rviz_plug_msg/msg/detail
-- Up-to-date: /home/linjiawei/load_mcap/install/rviz_plug_msg/include/rviz_plug_msg/rviz_plug_msg/msg/detail/bywire_diag__builder.hpp
-- Up-to-date: /home/linjiawei/load_mcap/install/rviz_plug_msg/include/rviz_plug_msg/rviz_plug_msg/msg/detail/bywire_diag__struct.hpp
-- Up-to-date: /home/linjiawei/load_mcap/install/rviz_plug_msg/include/rviz_plug_msg/rviz_plug_msg/msg/detail/bywire_diag__traits.hpp
-- Up-to-date: /home/linjiawei/load_mcap/install/rviz_plug_msg/include/rviz_plug_msg/rviz_plug_msg/msg/detail/bywire_diag__type_support.hpp
-- Up-to-date: /home/linjiawei/load_mcap/install/rviz_plug_msg/include/rviz_plug_msg/rviz_plug_msg/msg/detail/bywire_msg_type__builder.hpp
-- Up-to-date: /home/linjiawei/load_mcap/install/rviz_plug_msg/include/rviz_plug_msg/rviz_plug_msg/msg/detail/bywire_msg_type__struct.hpp
-- Up-to-date: /home/linjiawei/load_mcap/install/rviz_plug_msg/include/rviz_plug_msg/rviz_plug_msg/msg/detail/bywire_msg_type__traits.hpp
-- Up-to-date: /home/linjiawei/load_mcap/install/rviz_plug_msg/include/rviz_plug_msg/rviz_plug_msg/msg/detail/bywire_msg_type__type_support.hpp
-- Up-to-date: /home/linjiawei/load_mcap/install/rviz_plug_msg/include/rviz_plug_msg/rviz_plug_msg/msg/detail/error_enum__builder.hpp
-- Up-to-date: /home/linjiawei/load_mcap/install/rviz_plug_msg/include/rviz_plug_msg/rviz_plug_msg/msg/detail/error_enum__struct.hpp
-- Up-to-date: /home/linjiawei/load_mcap/install/rviz_plug_msg/include/rviz_plug_msg/rviz_plug_msg/msg/detail/error_enum__traits.hpp
-- Up-to-date: /home/linjiawei/load_mcap/install/rviz_plug_msg/include/rviz_plug_msg/rviz_plug_msg/msg/detail/error_enum__type_support.hpp
-- Up-to-date: /home/linjiawei/load_mcap/install/rviz_plug_msg/include/rviz_plug_msg/rviz_plug_msg/msg/detail/exception_monitor__builder.hpp
-- Up-to-date: /home/linjiawei/load_mcap/install/rviz_plug_msg/include/rviz_plug_msg/rviz_plug_msg/msg/detail/exception_monitor__struct.hpp
-- Up-to-date: /home/linjiawei/load_mcap/install/rviz_plug_msg/include/rviz_plug_msg/rviz_plug_msg/msg/detail/exception_monitor__traits.hpp
-- Up-to-date: /home/linjiawei/load_mcap/install/rviz_plug_msg/include/rviz_plug_msg/rviz_plug_msg/msg/detail/exception_monitor__type_support.hpp
-- Up-to-date: /home/linjiawei/load_mcap/install/rviz_plug_msg/include/rviz_plug_msg/rviz_plug_msg/msg/detail/freq__builder.hpp
-- Up-to-date: /home/linjiawei/load_mcap/install/rviz_plug_msg/include/rviz_plug_msg/rviz_plug_msg/msg/detail/freq__struct.hpp
-- Up-to-date: /home/linjiawei/load_mcap/install/rviz_plug_msg/include/rviz_plug_msg/rviz_plug_msg/msg/detail/freq__traits.hpp
-- Up-to-date: /home/linjiawei/load_mcap/install/rviz_plug_msg/include/rviz_plug_msg/rviz_plug_msg/msg/detail/freq__type_support.hpp
-- Up-to-date: /home/linjiawei/load_mcap/install/rviz_plug_msg/include/rviz_plug_msg/rviz_plug_msg/msg/detail/freq_monitor__builder.hpp
-- Up-to-date: /home/linjiawei/load_mcap/install/rviz_plug_msg/include/rviz_plug_msg/rviz_plug_msg/msg/detail/freq_monitor__struct.hpp
-- Up-to-date: /home/linjiawei/load_mcap/install/rviz_plug_msg/include/rviz_plug_msg/rviz_plug_msg/msg/detail/freq_monitor__traits.hpp
-- Up-to-date: /home/linjiawei/load_mcap/install/rviz_plug_msg/include/rviz_plug_msg/rviz_plug_msg/msg/detail/freq_monitor__type_support.hpp
-- Up-to-date: /home/linjiawei/load_mcap/install/rviz_plug_msg/include/rviz_plug_msg/rviz_plug_msg/msg/detail/info_enum__builder.hpp
-- Up-to-date: /home/linjiawei/load_mcap/install/rviz_plug_msg/include/rviz_plug_msg/rviz_plug_msg/msg/detail/info_enum__struct.hpp
-- Up-to-date: /home/linjiawei/load_mcap/install/rviz_plug_msg/include/rviz_plug_msg/rviz_plug_msg/msg/detail/info_enum__traits.hpp
-- Up-to-date: /home/linjiawei/load_mcap/install/rviz_plug_msg/include/rviz_plug_msg/rviz_plug_msg/msg/detail/info_enum__type_support.hpp
-- Up-to-date: /home/linjiawei/load_mcap/install/rviz_plug_msg/include/rviz_plug_msg/rviz_plug_msg/msg/detail/status_enum__builder.hpp
-- Up-to-date: /home/linjiawei/load_mcap/install/rviz_plug_msg/include/rviz_plug_msg/rviz_plug_msg/msg/detail/status_enum__struct.hpp
-- Up-to-date: /home/linjiawei/load_mcap/install/rviz_plug_msg/include/rviz_plug_msg/rviz_plug_msg/msg/detail/status_enum__traits.hpp
-- Up-to-date: /home/linjiawei/load_mcap/install/rviz_plug_msg/include/rviz_plug_msg/rviz_plug_msg/msg/detail/status_enum__type_support.hpp
-- Up-to-date: /home/linjiawei/load_mcap/install/rviz_plug_msg/include/rviz_plug_msg/rviz_plug_msg/msg/bywire_msg_type.hpp
-- Up-to-date: /home/linjiawei/load_mcap/install/rviz_plug_msg/include/rviz_plug_msg/rviz_plug_msg/msg/error_enum.hpp
-- Up-to-date: /home/linjiawei/load_mcap/install/rviz_plug_msg/include/rviz_plug_msg/rviz_plug_msg/msg/exception_monitor.hpp
-- Up-to-date: /home/linjiawei/load_mcap/install/rviz_plug_msg/include/rviz_plug_msg/rviz_plug_msg/msg/freq.hpp
-- Up-to-date: /home/linjiawei/load_mcap/install/rviz_plug_msg/include/rviz_plug_msg/rviz_plug_msg/msg/freq_monitor.hpp
-- Up-to-date: /home/linjiawei/load_mcap/install/rviz_plug_msg/include/rviz_plug_msg/rviz_plug_msg/msg/info_enum.hpp
-- Up-to-date: /home/linjiawei/load_mcap/install/rviz_plug_msg/include/rviz_plug_msg/rviz_plug_msg/msg/status_enum.hpp
-- Up-to-date: /home/linjiawei/load_mcap/install/rviz_plug_msg/include/rviz_plug_msg/rviz_plug_msg
-- Up-to-date: /home/linjiawei/load_mcap/install/rviz_plug_msg/include/rviz_plug_msg/rviz_plug_msg/msg
-- Up-to-date: /home/linjiawei/load_mcap/install/rviz_plug_msg/include/rviz_plug_msg/rviz_plug_msg/msg/rosidl_typesupport_fastrtps_cpp__visibility_control.h
-- Up-to-date: /home/linjiawei/load_mcap/install/rviz_plug_msg/include/rviz_plug_msg/rviz_plug_msg/msg/detail
-- Up-to-date: /home/linjiawei/load_mcap/install/rviz_plug_msg/include/rviz_plug_msg/rviz_plug_msg/msg/detail/bywire_diag__rosidl_typesupport_fastrtps_cpp.hpp
-- Up-to-date: /home/linjiawei/load_mcap/install/rviz_plug_msg/include/rviz_plug_msg/rviz_plug_msg/msg/detail/dds_fastrtps
-- Up-to-date: /home/linjiawei/load_mcap/install/rviz_plug_msg/include/rviz_plug_msg/rviz_plug_msg/msg/detail/bywire_msg_type__rosidl_typesupport_fastrtps_cpp.hpp
-- Up-to-date: /home/linjiawei/load_mcap/install/rviz_plug_msg/include/rviz_plug_msg/rviz_plug_msg/msg/detail/error_enum__rosidl_typesupport_fastrtps_cpp.hpp
-- Up-to-date: /home/linjiawei/load_mcap/install/rviz_plug_msg/include/rviz_plug_msg/rviz_plug_msg/msg/detail/exception_monitor__rosidl_typesupport_fastrtps_cpp.hpp
-- Up-to-date: /home/linjiawei/load_mcap/install/rviz_plug_msg/include/rviz_plug_msg/rviz_plug_msg/msg/detail/freq__rosidl_typesupport_fastrtps_cpp.hpp
-- Up-to-date: /home/linjiawei/load_mcap/install/rviz_plug_msg/include/rviz_plug_msg/rviz_plug_msg/msg/detail/freq_monitor__rosidl_typesupport_fastrtps_cpp.hpp
-- Up-to-date: /home/linjiawei/load_mcap/install/rviz_plug_msg/include/rviz_plug_msg/rviz_plug_msg/msg/detail/info_enum__rosidl_typesupport_fastrtps_cpp.hpp
-- Up-to-date: /home/linjiawei/load_mcap/install/rviz_plug_msg/include/rviz_plug_msg/rviz_plug_msg/msg/detail/status_enum__rosidl_typesupport_fastrtps_cpp.hpp
-- Up-to-date: /home/linjiawei/load_mcap/install/rviz_plug_msg/lib/librviz_plug_msg__rosidl_typesupport_fastrtps_cpp.so
-- Up-to-date: /home/linjiawei/load_mcap/install/rviz_plug_msg/include/rviz_plug_msg/rviz_plug_msg
-- Up-to-date: /home/linjiawei/load_mcap/install/rviz_plug_msg/include/rviz_plug_msg/rviz_plug_msg/msg
-- Up-to-date: /home/linjiawei/load_mcap/install/rviz_plug_msg/include/rviz_plug_msg/rviz_plug_msg/msg/detail
-- Up-to-date: /home/linjiawei/load_mcap/install/rviz_plug_msg/include/rviz_plug_msg/rviz_plug_msg/msg/detail/bywire_diag__rosidl_typesupport_introspection_cpp.hpp
-- Up-to-date: /home/linjiawei/load_mcap/install/rviz_plug_msg/include/rviz_plug_msg/rviz_plug_msg/msg/detail/bywire_diag__type_support.cpp
-- Up-to-date: /home/linjiawei/load_mcap/install/rviz_plug_msg/include/rviz_plug_msg/rviz_plug_msg/msg/detail/bywire_msg_type__rosidl_typesupport_introspection_cpp.hpp
-- Up-to-date: /home/linjiawei/load_mcap/install/rviz_plug_msg/include/rviz_plug_msg/rviz_plug_msg/msg/detail/bywire_msg_type__type_support.cpp
-- Up-to-date: /home/linjiawei/load_mcap/install/rviz_plug_msg/include/rviz_plug_msg/rviz_plug_msg/msg/detail/error_enum__rosidl_typesupport_introspection_cpp.hpp
-- Up-to-date: /home/linjiawei/load_mcap/install/rviz_plug_msg/include/rviz_plug_msg/rviz_plug_msg/msg/detail/error_enum__type_support.cpp
-- Up-to-date: /home/linjiawei/load_mcap/install/rviz_plug_msg/include/rviz_plug_msg/rviz_plug_msg/msg/detail/exception_monitor__rosidl_typesupport_introspection_cpp.hpp
-- Up-to-date: /home/linjiawei/load_mcap/install/rviz_plug_msg/include/rviz_plug_msg/rviz_plug_msg/msg/detail/exception_monitor__type_support.cpp
-- Up-to-date: /home/linjiawei/load_mcap/install/rviz_plug_msg/include/rviz_plug_msg/rviz_plug_msg/msg/detail/freq__rosidl_typesupport_introspection_cpp.hpp
-- Up-to-date: /home/linjiawei/load_mcap/install/rviz_plug_msg/include/rviz_plug_msg/rviz_plug_msg/msg/detail/freq__type_support.cpp
-- Up-to-date: /home/linjiawei/load_mcap/install/rviz_plug_msg/include/rviz_plug_msg/rviz_plug_msg/msg/detail/freq_monitor__rosidl_typesupport_introspection_cpp.hpp
-- Up-to-date: /home/linjiawei/load_mcap/install/rviz_plug_msg/include/rviz_plug_msg/rviz_plug_msg/msg/detail/freq_monitor__type_support.cpp
-- Up-to-date: /home/linjiawei/load_mcap/install/rviz_plug_msg/include/rviz_plug_msg/rviz_plug_msg/msg/detail/info_enum__rosidl_typesupport_introspection_cpp.hpp
-- Up-to-date: /home/linjiawei/load_mcap/install/rviz_plug_msg/include/rviz_plug_msg/rviz_plug_msg/msg/detail/info_enum__type_support.cpp
-- Up-to-date: /home/linjiawei/load_mcap/install/rviz_plug_msg/include/rviz_plug_msg/rviz_plug_msg/msg/detail/status_enum__rosidl_typesupport_introspection_cpp.hpp
-- Up-to-date: /home/linjiawei/load_mcap/install/rviz_plug_msg/include/rviz_plug_msg/rviz_plug_msg/msg/detail/status_enum__type_support.cpp
-- Up-to-date: /home/linjiawei/load_mcap/install/rviz_plug_msg/lib/librviz_plug_msg__rosidl_typesupport_introspection_cpp.so
-- Up-to-date: /home/linjiawei/load_mcap/install/rviz_plug_msg/lib/librviz_plug_msg__rosidl_typesupport_cpp.so
-- Up-to-date: /home/linjiawei/load_mcap/install/rviz_plug_msg/share/rviz_plug_msg/environment/pythonpath.sh
-- Up-to-date: /home/linjiawei/load_mcap/install/rviz_plug_msg/share/rviz_plug_msg/environment/pythonpath.dsv
-- Up-to-date: /home/linjiawei/load_mcap/install/rviz_plug_msg/local/lib/python3.10/dist-packages/rviz_plug_msg-0.0.0-py3.10.egg-info
-- Installing: /home/linjiawei/load_mcap/install/rviz_plug_msg/local/lib/python3.10/dist-packages/rviz_plug_msg-0.0.0-py3.10.egg-info/PKG-INFO
-- Installing: /home/linjiawei/load_mcap/install/rviz_plug_msg/local/lib/python3.10/dist-packages/rviz_plug_msg-0.0.0-py3.10.egg-info/dependency_links.txt
-- Installing: /home/linjiawei/load_mcap/install/rviz_plug_msg/local/lib/python3.10/dist-packages/rviz_plug_msg-0.0.0-py3.10.egg-info/top_level.txt
-- Installing: /home/linjiawei/load_mcap/install/rviz_plug_msg/local/lib/python3.10/dist-packages/rviz_plug_msg-0.0.0-py3.10.egg-info/SOURCES.txt
-- Up-to-date: /home/linjiawei/load_mcap/install/rviz_plug_msg/local/lib/python3.10/dist-packages/rviz_plug_msg
-- Up-to-date: /home/linjiawei/load_mcap/install/rviz_plug_msg/local/lib/python3.10/dist-packages/rviz_plug_msg/__init__.py
-- Up-to-date: /home/linjiawei/load_mcap/install/rviz_plug_msg/local/lib/python3.10/dist-packages/rviz_plug_msg/msg
-- Up-to-date: /home/linjiawei/load_mcap/install/rviz_plug_msg/local/lib/python3.10/dist-packages/rviz_plug_msg/msg/_bywire_diag.py
-- Up-to-date: /home/linjiawei/load_mcap/install/rviz_plug_msg/local/lib/python3.10/dist-packages/rviz_plug_msg/msg/_bywire_diag_s.c
-- Up-to-date: /home/linjiawei/load_mcap/install/rviz_plug_msg/local/lib/python3.10/dist-packages/rviz_plug_msg/msg/_bywire_msg_type.py
-- Up-to-date: /home/linjiawei/load_mcap/install/rviz_plug_msg/local/lib/python3.10/dist-packages/rviz_plug_msg/msg/_bywire_msg_type_s.c
-- Up-to-date: /home/linjiawei/load_mcap/install/rviz_plug_msg/local/lib/python3.10/dist-packages/rviz_plug_msg/msg/_error_enum.py
-- Up-to-date: /home/linjiawei/load_mcap/install/rviz_plug_msg/local/lib/python3.10/dist-packages/rviz_plug_msg/msg/_error_enum_s.c
-- Up-to-date: /home/linjiawei/load_mcap/install/rviz_plug_msg/local/lib/python3.10/dist-packages/rviz_plug_msg/msg/_exception_monitor.py
-- Up-to-date: /home/linjiawei/load_mcap/install/rviz_plug_msg/local/lib/python3.10/dist-packages/rviz_plug_msg/msg/_exception_monitor_s.c
-- Up-to-date: /home/linjiawei/load_mcap/install/rviz_plug_msg/local/lib/python3.10/dist-packages/rviz_plug_msg/msg/_freq.py
-- Up-to-date: /home/linjiawei/load_mcap/install/rviz_plug_msg/local/lib/python3.10/dist-packages/rviz_plug_msg/msg/_freq_s.c
-- Up-to-date: /home/linjiawei/load_mcap/install/rviz_plug_msg/local/lib/python3.10/dist-packages/rviz_plug_msg/msg/_freq_monitor.py
-- Up-to-date: /home/linjiawei/load_mcap/install/rviz_plug_msg/local/lib/python3.10/dist-packages/rviz_plug_msg/msg/_freq_monitor_s.c
-- Up-to-date: /home/linjiawei/load_mcap/install/rviz_plug_msg/local/lib/python3.10/dist-packages/rviz_plug_msg/msg/_info_enum.py
-- Up-to-date: /home/linjiawei/load_mcap/install/rviz_plug_msg/local/lib/python3.10/dist-packages/rviz_plug_msg/msg/_info_enum_s.c
-- Up-to-date: /home/linjiawei/load_mcap/install/rviz_plug_msg/local/lib/python3.10/dist-packages/rviz_plug_msg/msg/_status_enum.py
-- Up-to-date: /home/linjiawei/load_mcap/install/rviz_plug_msg/local/lib/python3.10/dist-packages/rviz_plug_msg/msg/_status_enum_s.c
-- Up-to-date: /home/linjiawei/load_mcap/install/rviz_plug_msg/local/lib/python3.10/dist-packages/rviz_plug_msg/msg/__init__.py
-- Up-to-date: /home/linjiawei/load_mcap/install/rviz_plug_msg/local/lib/python3.10/dist-packages/rviz_plug_msg/_rviz_plug_msg_s.ep.rosidl_typesupport_fastrtps_c.c
-- Up-to-date: /home/linjiawei/load_mcap/install/rviz_plug_msg/local/lib/python3.10/dist-packages/rviz_plug_msg/_rviz_plug_msg_s.ep.rosidl_typesupport_introspection_c.c
-- Up-to-date: /home/linjiawei/load_mcap/install/rviz_plug_msg/local/lib/python3.10/dist-packages/rviz_plug_msg/_rviz_plug_msg_s.ep.rosidl_typesupport_c.c
-- Up-to-date: /home/linjiawei/load_mcap/install/rviz_plug_msg/local/lib/python3.10/dist-packages/rviz_plug_msg/librviz_plug_msg__rosidl_generator_py.so
-- Up-to-date: /home/linjiawei/load_mcap/install/rviz_plug_msg/local/lib/python3.10/dist-packages/rviz_plug_msg/rviz_plug_msg_s__rosidl_typesupport_fastrtps_c.cpython-310-x86_64-linux-gnu.so
-- Up-to-date: /home/linjiawei/load_mcap/install/rviz_plug_msg/local/lib/python3.10/dist-packages/rviz_plug_msg/rviz_plug_msg_s__rosidl_typesupport_c.cpython-310-x86_64-linux-gnu.so
-- Up-to-date: /home/linjiawei/load_mcap/install/rviz_plug_msg/local/lib/python3.10/dist-packages/rviz_plug_msg/rviz_plug_msg_s__rosidl_typesupport_introspection_c.cpython-310-x86_64-linux-gnu.so
Listing '/home/linjiawei/load_mcap/install/rviz_plug_msg/local/lib/python3.10/dist-packages/rviz_plug_msg'...
Listing '/home/linjiawei/load_mcap/install/rviz_plug_msg/local/lib/python3.10/dist-packages/rviz_plug_msg/msg'...
-- Up-to-date: /home/linjiawei/load_mcap/install/rviz_plug_msg/local/lib/python3.10/dist-packages/rviz_plug_msg/rviz_plug_msg_s__rosidl_typesupport_fastrtps_c.cpython-310-x86_64-linux-gnu.so
-- Up-to-date: /home/linjiawei/load_mcap/install/rviz_plug_msg/local/lib/python3.10/dist-packages/rviz_plug_msg/rviz_plug_msg_s__rosidl_typesupport_introspection_c.cpython-310-x86_64-linux-gnu.so
-- Up-to-date: /home/linjiawei/load_mcap/install/rviz_plug_msg/local/lib/python3.10/dist-packages/rviz_plug_msg/rviz_plug_msg_s__rosidl_typesupport_c.cpython-310-x86_64-linux-gnu.so
-- Up-to-date: /home/linjiawei/load_mcap/install/rviz_plug_msg/lib/librviz_plug_msg__rosidl_generator_py.so
-- Up-to-date: /home/linjiawei/load_mcap/install/rviz_plug_msg/share/rviz_plug_msg/msg/BywireDiag.idl
-- Up-to-date: /home/linjiawei/load_mcap/install/rviz_plug_msg/share/rviz_plug_msg/msg/BywireMsgType.idl
-- Up-to-date: /home/linjiawei/load_mcap/install/rviz_plug_msg/share/rviz_plug_msg/msg/ErrorEnum.idl
-- Up-to-date: /home/linjiawei/load_mcap/install/rviz_plug_msg/share/rviz_plug_msg/msg/ExceptionMonitor.idl
-- Up-to-date: /home/linjiawei/load_mcap/install/rviz_plug_msg/share/rviz_plug_msg/msg/Freq.idl
-- Up-to-date: /home/linjiawei/load_mcap/install/rviz_plug_msg/share/rviz_plug_msg/msg/FreqMonitor.idl
-- Up-to-date: /home/linjiawei/load_mcap/install/rviz_plug_msg/share/rviz_plug_msg/msg/InfoEnum.idl
-- Up-to-date: /home/linjiawei/load_mcap/install/rviz_plug_msg/share/rviz_plug_msg/msg/StatusEnum.idl
-- Up-to-date: /home/linjiawei/load_mcap/install/rviz_plug_msg/share/rviz_plug_msg/msg/BywireDiag.msg
-- Up-to-date: /home/linjiawei/load_mcap/install/rviz_plug_msg/share/rviz_plug_msg/msg/BywireMsgType.msg
-- Up-to-date: /home/linjiawei/load_mcap/install/rviz_plug_msg/share/rviz_plug_msg/msg/ErrorEnum.msg
-- Up-to-date: /home/linjiawei/load_mcap/install/rviz_plug_msg/share/rviz_plug_msg/msg/ExceptionMonitor.msg
-- Up-to-date: /home/linjiawei/load_mcap/install/rviz_plug_msg/share/rviz_plug_msg/msg/Freq.msg
-- Up-to-date: /home/linjiawei/load_mcap/install/rviz_plug_msg/share/rviz_plug_msg/msg/FreqMonitor.msg
-- Up-to-date: /home/linjiawei/load_mcap/install/rviz_plug_msg/share/rviz_plug_msg/msg/InfoEnum.msg
-- Up-to-date: /home/linjiawei/load_mcap/install/rviz_plug_msg/share/rviz_plug_msg/msg/StatusEnum.msg
-- Up-to-date: /home/linjiawei/load_mcap/install/rviz_plug_msg/share/ament_index/resource_index/package_run_dependencies/rviz_plug_msg
-- Up-to-date: /home/linjiawei/load_mcap/install/rviz_plug_msg/share/ament_index/resource_index/parent_prefix_path/rviz_plug_msg
-- Up-to-date: /home/linjiawei/load_mcap/install/rviz_plug_msg/share/rviz_plug_msg/environment/ament_prefix_path.sh
-- Up-to-date: /home/linjiawei/load_mcap/install/rviz_plug_msg/share/rviz_plug_msg/environment/ament_prefix_path.dsv
-- Up-to-date: /home/linjiawei/load_mcap/install/rviz_plug_msg/share/rviz_plug_msg/environment/path.sh
-- Up-to-date: /home/linjiawei/load_mcap/install/rviz_plug_msg/share/rviz_plug_msg/environment/path.dsv
-- Up-to-date: /home/linjiawei/load_mcap/install/rviz_plug_msg/share/rviz_plug_msg/local_setup.bash
-- Up-to-date: /home/linjiawei/load_mcap/install/rviz_plug_msg/share/rviz_plug_msg/local_setup.sh
-- Up-to-date: /home/linjiawei/load_mcap/install/rviz_plug_msg/share/rviz_plug_msg/local_setup.zsh
-- Up-to-date: /home/linjiawei/load_mcap/install/rviz_plug_msg/share/rviz_plug_msg/local_setup.dsv
-- Installing: /home/linjiawei/load_mcap/install/rviz_plug_msg/share/rviz_plug_msg/package.dsv
-- Up-to-date: /home/linjiawei/load_mcap/install/rviz_plug_msg/share/ament_index/resource_index/packages/rviz_plug_msg
-- Up-to-date: /home/linjiawei/load_mcap/install/rviz_plug_msg/share/rviz_plug_msg/cmake/export_rviz_plug_msg__rosidl_generator_cExport.cmake
-- Up-to-date: /home/linjiawei/load_mcap/install/rviz_plug_msg/share/rviz_plug_msg/cmake/export_rviz_plug_msg__rosidl_generator_cExport-noconfig.cmake
-- Up-to-date: /home/linjiawei/load_mcap/install/rviz_plug_msg/share/rviz_plug_msg/cmake/export_rviz_plug_msg__rosidl_typesupport_fastrtps_cExport.cmake
-- Up-to-date: /home/linjiawei/load_mcap/install/rviz_plug_msg/share/rviz_plug_msg/cmake/export_rviz_plug_msg__rosidl_typesupport_fastrtps_cExport-noconfig.cmake
-- Up-to-date: /home/linjiawei/load_mcap/install/rviz_plug_msg/share/rviz_plug_msg/cmake/rviz_plug_msg__rosidl_typesupport_introspection_cExport.cmake
-- Up-to-date: /home/linjiawei/load_mcap/install/rviz_plug_msg/share/rviz_plug_msg/cmake/rviz_plug_msg__rosidl_typesupport_introspection_cExport-noconfig.cmake
-- Up-to-date: /home/linjiawei/load_mcap/install/rviz_plug_msg/share/rviz_plug_msg/cmake/rviz_plug_msg__rosidl_typesupport_cExport.cmake
-- Up-to-date: /home/linjiawei/load_mcap/install/rviz_plug_msg/share/rviz_plug_msg/cmake/rviz_plug_msg__rosidl_typesupport_cExport-noconfig.cmake
-- Up-to-date: /home/linjiawei/load_mcap/install/rviz_plug_msg/share/rviz_plug_msg/cmake/export_rviz_plug_msg__rosidl_generator_cppExport.cmake
-- Up-to-date: /home/linjiawei/load_mcap/install/rviz_plug_msg/share/rviz_plug_msg/cmake/export_rviz_plug_msg__rosidl_typesupport_fastrtps_cppExport.cmake
-- Up-to-date: /home/linjiawei/load_mcap/install/rviz_plug_msg/share/rviz_plug_msg/cmake/export_rviz_plug_msg__rosidl_typesupport_fastrtps_cppExport-noconfig.cmake
-- Up-to-date: /home/linjiawei/load_mcap/install/rviz_plug_msg/share/rviz_plug_msg/cmake/rviz_plug_msg__rosidl_typesupport_introspection_cppExport.cmake
-- Up-to-date: /home/linjiawei/load_mcap/install/rviz_plug_msg/share/rviz_plug_msg/cmake/rviz_plug_msg__rosidl_typesupport_introspection_cppExport-noconfig.cmake
-- Up-to-date: /home/linjiawei/load_mcap/install/rviz_plug_msg/share/rviz_plug_msg/cmake/rviz_plug_msg__rosidl_typesupport_cppExport.cmake
-- Up-to-date: /home/linjiawei/load_mcap/install/rviz_plug_msg/share/rviz_plug_msg/cmake/rviz_plug_msg__rosidl_typesupport_cppExport-noconfig.cmake
-- Up-to-date: /home/linjiawei/load_mcap/install/rviz_plug_msg/share/rviz_plug_msg/cmake/export_rviz_plug_msg__rosidl_generator_pyExport.cmake
-- Up-to-date: /home/linjiawei/load_mcap/install/rviz_plug_msg/share/rviz_plug_msg/cmake/export_rviz_plug_msg__rosidl_generator_pyExport-noconfig.cmake
-- Up-to-date: /home/linjiawei/load_mcap/install/rviz_plug_msg/share/rviz_plug_msg/cmake/rosidl_cmake-extras.cmake
-- Up-to-date: /home/linjiawei/load_mcap/install/rviz_plug_msg/share/rviz_plug_msg/cmake/ament_cmake_export_dependencies-extras.cmake
-- Up-to-date: /home/linjiawei/load_mcap/install/rviz_plug_msg/share/rviz_plug_msg/cmake/ament_cmake_export_include_directories-extras.cmake
-- Up-to-date: /home/linjiawei/load_mcap/install/rviz_plug_msg/share/rviz_plug_msg/cmake/ament_cmake_export_libraries-extras.cmake
-- Up-to-date: /home/linjiawei/load_mcap/install/rviz_plug_msg/share/rviz_plug_msg/cmake/ament_cmake_export_targets-extras.cmake
-- Up-to-date: /home/linjiawei/load_mcap/install/rviz_plug_msg/share/rviz_plug_msg/cmake/rosidl_cmake_export_typesupport_targets-extras.cmake
-- Up-to-date: /home/linjiawei/load_mcap/install/rviz_plug_msg/share/rviz_plug_msg/cmake/rosidl_cmake_export_typesupport_libraries-extras.cmake
-- Up-to-date: /home/linjiawei/load_mcap/install/rviz_plug_msg/share/rviz_plug_msg/cmake/rviz_plug_msgConfig.cmake
-- Up-to-date: /home/linjiawei/load_mcap/install/rviz_plug_msg/share/rviz_plug_msg/cmake/rviz_plug_msgConfig-version.cmake
-- Up-to-date: /home/linjiawei/load_mcap/install/rviz_plug_msg/share/rviz_plug_msg/package.xml
