[0.024s] Invoking command in '/home/linjiawei/load_mcap/build/rviz_plug_msg': CMAKE_PREFIX_PATH=${CMAKE_PREFIX_PATH}:/opt/ros/humble /usr/bin/cmake --build /home/linjiawei/load_mcap/build/rviz_plug_msg -- -j17 -l17
[0.083s] [  1%] Built target rviz_plug_msg__cpp
[0.085s] [ 12%] Built target rviz_plug_msg__rosidl_generator_c
[0.095s] [ 12%] Built target ament_cmake_python_copy_rviz_plug_msg
[0.117s] [ 24%] Built target rviz_plug_msg__rosidl_typesupport_cpp
[0.131s] [ 35%] Built target rviz_plug_msg__rosidl_typesupport_introspection_cpp
[0.139s] [ 47%] Built target rviz_plug_msg__rosidl_typesupport_fastrtps_cpp
[0.141s] [ 58%] Built target rviz_plug_msg__rosidl_typesupport_fastrtps_c
[0.142s] [ 79%] Built target rviz_plug_msg__rosidl_typesupport_introspection_c
[0.142s] [ 81%] Built target rviz_plug_msg__rosidl_typesupport_c
[0.167s] [ 81%] Built target rviz_plug_msg
[0.193s] [ 82%] Built target rviz_plug_msg__py
[0.224s] [ 93%] Built target rviz_plug_msg__rosidl_generator_py
[0.251s] [ 95%] Built target rviz_plug_msg__rosidl_typesupport_introspection_c__pyext
[0.253s] [ 97%] Built target rviz_plug_msg__rosidl_typesupport_fastrtps_c__pyext
[0.254s] [100%] Built target rviz_plug_msg__rosidl_typesupport_c__pyext
[0.396s] running egg_info
[0.397s] writing rviz_plug_msg.egg-info/PKG-INFO
[0.397s] writing dependency_links to rviz_plug_msg.egg-info/dependency_links.txt
[0.398s] writing top-level names to rviz_plug_msg.egg-info/top_level.txt
[0.401s] reading manifest file 'rviz_plug_msg.egg-info/SOURCES.txt'
[0.402s] writing manifest file 'rviz_plug_msg.egg-info/SOURCES.txt'
[0.431s] [100%] Built target ament_cmake_python_build_rviz_plug_msg_egg
[0.444s] Invoked command in '/home/linjiawei/load_mcap/build/rviz_plug_msg' returned '0': CMAKE_PREFIX_PATH=${CMAKE_PREFIX_PATH}:/opt/ros/humble /usr/bin/cmake --build /home/linjiawei/load_mcap/build/rviz_plug_msg -- -j17 -l17
[0.456s] Invoking command in '/home/linjiawei/load_mcap/build/rviz_plug_msg': CMAKE_PREFIX_PATH=${CMAKE_PREFIX_PATH}:/opt/ros/humble /usr/bin/cmake --install /home/linjiawei/load_mcap/build/rviz_plug_msg
[0.466s] -- Install configuration: ""
[0.466s] -- Up-to-date: /home/linjiawei/load_mcap/install/rviz_plug_msg/share/ament_index/resource_index/rosidl_interfaces/rviz_plug_msg
[0.466s] -- Up-to-date: /home/linjiawei/load_mcap/install/rviz_plug_msg/include/rviz_plug_msg/rviz_plug_msg
[0.466s] -- Up-to-date: /home/linjiawei/load_mcap/install/rviz_plug_msg/include/rviz_plug_msg/rviz_plug_msg/msg
[0.467s] -- Up-to-date: /home/linjiawei/load_mcap/install/rviz_plug_msg/include/rviz_plug_msg/rviz_plug_msg/msg/rosidl_generator_c__visibility_control.h
[0.467s] -- Up-to-date: /home/linjiawei/load_mcap/install/rviz_plug_msg/include/rviz_plug_msg/rviz_plug_msg/msg/bywire_diag.h
[0.467s] -- Up-to-date: /home/linjiawei/load_mcap/install/rviz_plug_msg/include/rviz_plug_msg/rviz_plug_msg/msg/detail
[0.467s] -- Up-to-date: /home/linjiawei/load_mcap/install/rviz_plug_msg/include/rviz_plug_msg/rviz_plug_msg/msg/detail/bywire_diag__functions.c
[0.467s] -- Up-to-date: /home/linjiawei/load_mcap/install/rviz_plug_msg/include/rviz_plug_msg/rviz_plug_msg/msg/detail/bywire_diag__functions.h
[0.467s] -- Up-to-date: /home/linjiawei/load_mcap/install/rviz_plug_msg/include/rviz_plug_msg/rviz_plug_msg/msg/detail/bywire_diag__struct.h
[0.467s] -- Up-to-date: /home/linjiawei/load_mcap/install/rviz_plug_msg/include/rviz_plug_msg/rviz_plug_msg/msg/detail/bywire_diag__type_support.h
[0.467s] -- Up-to-date: /home/linjiawei/load_mcap/install/rviz_plug_msg/include/rviz_plug_msg/rviz_plug_msg/msg/detail/bywire_msg_type__functions.c
[0.467s] -- Up-to-date: /home/linjiawei/load_mcap/install/rviz_plug_msg/include/rviz_plug_msg/rviz_plug_msg/msg/detail/bywire_msg_type__functions.h
[0.467s] -- Up-to-date: /home/linjiawei/load_mcap/install/rviz_plug_msg/include/rviz_plug_msg/rviz_plug_msg/msg/detail/bywire_msg_type__struct.h
[0.467s] -- Up-to-date: /home/linjiawei/load_mcap/install/rviz_plug_msg/include/rviz_plug_msg/rviz_plug_msg/msg/detail/bywire_msg_type__type_support.h
[0.468s] -- Up-to-date: /home/linjiawei/load_mcap/install/rviz_plug_msg/include/rviz_plug_msg/rviz_plug_msg/msg/detail/error_enum__functions.c
[0.468s] -- Up-to-date: /home/linjiawei/load_mcap/install/rviz_plug_msg/include/rviz_plug_msg/rviz_plug_msg/msg/detail/error_enum__functions.h
[0.469s] -- Up-to-date: /home/linjiawei/load_mcap/install/rviz_plug_msg/include/rviz_plug_msg/rviz_plug_msg/msg/detail/error_enum__struct.h
[0.469s] -- Up-to-date: /home/linjiawei/load_mcap/install/rviz_plug_msg/include/rviz_plug_msg/rviz_plug_msg/msg/detail/error_enum__type_support.h
[0.469s] -- Up-to-date: /home/linjiawei/load_mcap/install/rviz_plug_msg/include/rviz_plug_msg/rviz_plug_msg/msg/detail/exception_monitor__functions.c
[0.469s] -- Up-to-date: /home/linjiawei/load_mcap/install/rviz_plug_msg/include/rviz_plug_msg/rviz_plug_msg/msg/detail/exception_monitor__functions.h
[0.469s] -- Up-to-date: /home/linjiawei/load_mcap/install/rviz_plug_msg/include/rviz_plug_msg/rviz_plug_msg/msg/detail/exception_monitor__struct.h
[0.470s] -- Up-to-date: /home/linjiawei/load_mcap/install/rviz_plug_msg/include/rviz_plug_msg/rviz_plug_msg/msg/detail/exception_monitor__type_support.h
[0.470s] -- Up-to-date: /home/linjiawei/load_mcap/install/rviz_plug_msg/include/rviz_plug_msg/rviz_plug_msg/msg/detail/freq__functions.c
[0.470s] -- Up-to-date: /home/linjiawei/load_mcap/install/rviz_plug_msg/include/rviz_plug_msg/rviz_plug_msg/msg/detail/freq__functions.h
[0.470s] -- Up-to-date: /home/linjiawei/load_mcap/install/rviz_plug_msg/include/rviz_plug_msg/rviz_plug_msg/msg/detail/freq__struct.h
[0.471s] -- Up-to-date: /home/linjiawei/load_mcap/install/rviz_plug_msg/include/rviz_plug_msg/rviz_plug_msg/msg/detail/freq__type_support.h
[0.471s] -- Up-to-date: /home/linjiawei/load_mcap/install/rviz_plug_msg/include/rviz_plug_msg/rviz_plug_msg/msg/detail/freq_monitor__functions.c
[0.471s] -- Up-to-date: /home/linjiawei/load_mcap/install/rviz_plug_msg/include/rviz_plug_msg/rviz_plug_msg/msg/detail/freq_monitor__functions.h
[0.471s] -- Up-to-date: /home/linjiawei/load_mcap/install/rviz_plug_msg/include/rviz_plug_msg/rviz_plug_msg/msg/detail/freq_monitor__struct.h
[0.471s] -- Up-to-date: /home/linjiawei/load_mcap/install/rviz_plug_msg/include/rviz_plug_msg/rviz_plug_msg/msg/detail/freq_monitor__type_support.h
[0.471s] -- Up-to-date: /home/linjiawei/load_mcap/install/rviz_plug_msg/include/rviz_plug_msg/rviz_plug_msg/msg/detail/info_enum__functions.c
[0.471s] -- Up-to-date: /home/linjiawei/load_mcap/install/rviz_plug_msg/include/rviz_plug_msg/rviz_plug_msg/msg/detail/info_enum__functions.h
[0.471s] -- Up-to-date: /home/linjiawei/load_mcap/install/rviz_plug_msg/include/rviz_plug_msg/rviz_plug_msg/msg/detail/info_enum__struct.h
[0.471s] -- Up-to-date: /home/linjiawei/load_mcap/install/rviz_plug_msg/include/rviz_plug_msg/rviz_plug_msg/msg/detail/info_enum__type_support.h
[0.471s] -- Up-to-date: /home/linjiawei/load_mcap/install/rviz_plug_msg/include/rviz_plug_msg/rviz_plug_msg/msg/detail/status_enum__functions.c
[0.471s] -- Up-to-date: /home/linjiawei/load_mcap/install/rviz_plug_msg/include/rviz_plug_msg/rviz_plug_msg/msg/detail/status_enum__functions.h
[0.471s] -- Up-to-date: /home/linjiawei/load_mcap/install/rviz_plug_msg/include/rviz_plug_msg/rviz_plug_msg/msg/detail/status_enum__struct.h
[0.471s] -- Up-to-date: /home/linjiawei/load_mcap/install/rviz_plug_msg/include/rviz_plug_msg/rviz_plug_msg/msg/detail/status_enum__type_support.h
[0.472s] -- Up-to-date: /home/linjiawei/load_mcap/install/rviz_plug_msg/include/rviz_plug_msg/rviz_plug_msg/msg/bywire_msg_type.h
[0.472s] -- Up-to-date: /home/linjiawei/load_mcap/install/rviz_plug_msg/include/rviz_plug_msg/rviz_plug_msg/msg/error_enum.h
[0.472s] -- Up-to-date: /home/linjiawei/load_mcap/install/rviz_plug_msg/include/rviz_plug_msg/rviz_plug_msg/msg/exception_monitor.h
[0.472s] -- Up-to-date: /home/linjiawei/load_mcap/install/rviz_plug_msg/include/rviz_plug_msg/rviz_plug_msg/msg/freq.h
[0.472s] -- Up-to-date: /home/linjiawei/load_mcap/install/rviz_plug_msg/include/rviz_plug_msg/rviz_plug_msg/msg/freq_monitor.h
[0.472s] -- Up-to-date: /home/linjiawei/load_mcap/install/rviz_plug_msg/include/rviz_plug_msg/rviz_plug_msg/msg/info_enum.h
[0.472s] -- Up-to-date: /home/linjiawei/load_mcap/install/rviz_plug_msg/include/rviz_plug_msg/rviz_plug_msg/msg/status_enum.h
[0.472s] -- Up-to-date: /home/linjiawei/load_mcap/install/rviz_plug_msg/share/rviz_plug_msg/environment/library_path.sh
[0.472s] -- Up-to-date: /home/linjiawei/load_mcap/install/rviz_plug_msg/share/rviz_plug_msg/environment/library_path.dsv
[0.472s] -- Up-to-date: /home/linjiawei/load_mcap/install/rviz_plug_msg/lib/librviz_plug_msg__rosidl_generator_c.so
[0.472s] -- Up-to-date: /home/linjiawei/load_mcap/install/rviz_plug_msg/include/rviz_plug_msg/rviz_plug_msg
[0.472s] -- Up-to-date: /home/linjiawei/load_mcap/install/rviz_plug_msg/include/rviz_plug_msg/rviz_plug_msg/msg
[0.473s] -- Up-to-date: /home/linjiawei/load_mcap/install/rviz_plug_msg/include/rviz_plug_msg/rviz_plug_msg/msg/rosidl_typesupport_fastrtps_c__visibility_control.h
[0.473s] -- Up-to-date: /home/linjiawei/load_mcap/install/rviz_plug_msg/include/rviz_plug_msg/rviz_plug_msg/msg/detail
[0.473s] -- Up-to-date: /home/linjiawei/load_mcap/install/rviz_plug_msg/include/rviz_plug_msg/rviz_plug_msg/msg/detail/bywire_diag__rosidl_typesupport_fastrtps_c.h
[0.473s] -- Up-to-date: /home/linjiawei/load_mcap/install/rviz_plug_msg/include/rviz_plug_msg/rviz_plug_msg/msg/detail/bywire_msg_type__rosidl_typesupport_fastrtps_c.h
[0.473s] -- Up-to-date: /home/linjiawei/load_mcap/install/rviz_plug_msg/include/rviz_plug_msg/rviz_plug_msg/msg/detail/error_enum__rosidl_typesupport_fastrtps_c.h
[0.473s] -- Up-to-date: /home/linjiawei/load_mcap/install/rviz_plug_msg/include/rviz_plug_msg/rviz_plug_msg/msg/detail/exception_monitor__rosidl_typesupport_fastrtps_c.h
[0.473s] -- Up-to-date: /home/linjiawei/load_mcap/install/rviz_plug_msg/include/rviz_plug_msg/rviz_plug_msg/msg/detail/freq__rosidl_typesupport_fastrtps_c.h
[0.473s] -- Up-to-date: /home/linjiawei/load_mcap/install/rviz_plug_msg/include/rviz_plug_msg/rviz_plug_msg/msg/detail/freq_monitor__rosidl_typesupport_fastrtps_c.h
[0.473s] -- Up-to-date: /home/linjiawei/load_mcap/install/rviz_plug_msg/include/rviz_plug_msg/rviz_plug_msg/msg/detail/info_enum__rosidl_typesupport_fastrtps_c.h
[0.474s] -- Up-to-date: /home/linjiawei/load_mcap/install/rviz_plug_msg/include/rviz_plug_msg/rviz_plug_msg/msg/detail/status_enum__rosidl_typesupport_fastrtps_c.h
[0.474s] -- Up-to-date: /home/linjiawei/load_mcap/install/rviz_plug_msg/lib/librviz_plug_msg__rosidl_typesupport_fastrtps_c.so
[0.474s] -- Up-to-date: /home/linjiawei/load_mcap/install/rviz_plug_msg/include/rviz_plug_msg/rviz_plug_msg
[0.474s] -- Up-to-date: /home/linjiawei/load_mcap/install/rviz_plug_msg/include/rviz_plug_msg/rviz_plug_msg/msg
[0.474s] -- Up-to-date: /home/linjiawei/load_mcap/install/rviz_plug_msg/include/rviz_plug_msg/rviz_plug_msg/msg/rosidl_typesupport_introspection_c__visibility_control.h
[0.474s] -- Up-to-date: /home/linjiawei/load_mcap/install/rviz_plug_msg/include/rviz_plug_msg/rviz_plug_msg/msg/detail
[0.474s] -- Up-to-date: /home/linjiawei/load_mcap/install/rviz_plug_msg/include/rviz_plug_msg/rviz_plug_msg/msg/detail/bywire_diag__rosidl_typesupport_introspection_c.h
[0.474s] -- Up-to-date: /home/linjiawei/load_mcap/install/rviz_plug_msg/include/rviz_plug_msg/rviz_plug_msg/msg/detail/bywire_diag__type_support.c
[0.474s] -- Up-to-date: /home/linjiawei/load_mcap/install/rviz_plug_msg/include/rviz_plug_msg/rviz_plug_msg/msg/detail/bywire_msg_type__rosidl_typesupport_introspection_c.h
[0.475s] -- Up-to-date: /home/linjiawei/load_mcap/install/rviz_plug_msg/include/rviz_plug_msg/rviz_plug_msg/msg/detail/bywire_msg_type__type_support.c
[0.476s] -- Up-to-date: /home/linjiawei/load_mcap/install/rviz_plug_msg/include/rviz_plug_msg/rviz_plug_msg/msg/detail/error_enum__rosidl_typesupport_introspection_c.h
[0.477s] -- Up-to-date: /home/linjiawei/load_mcap/install/rviz_plug_msg/include/rviz_plug_msg/rviz_plug_msg/msg/detail/error_enum__type_support.c
[0.477s] -- Up-to-date: /home/linjiawei/load_mcap/install/rviz_plug_msg/include/rviz_plug_msg/rviz_plug_msg/msg/detail/exception_monitor__rosidl_typesupport_introspection_c.h
[0.477s] -- Up-to-date: /home/linjiawei/load_mcap/install/rviz_plug_msg/include/rviz_plug_msg/rviz_plug_msg/msg/detail/exception_monitor__type_support.c
[0.477s] -- Up-to-date: /home/linjiawei/load_mcap/install/rviz_plug_msg/include/rviz_plug_msg/rviz_plug_msg/msg/detail/freq__rosidl_typesupport_introspection_c.h
[0.477s] -- Up-to-date: /home/linjiawei/load_mcap/install/rviz_plug_msg/include/rviz_plug_msg/rviz_plug_msg/msg/detail/freq__type_support.c
[0.477s] -- Up-to-date: /home/linjiawei/load_mcap/install/rviz_plug_msg/include/rviz_plug_msg/rviz_plug_msg/msg/detail/freq_monitor__rosidl_typesupport_introspection_c.h
[0.477s] -- Up-to-date: /home/linjiawei/load_mcap/install/rviz_plug_msg/include/rviz_plug_msg/rviz_plug_msg/msg/detail/freq_monitor__type_support.c
[0.478s] -- Up-to-date: /home/linjiawei/load_mcap/install/rviz_plug_msg/include/rviz_plug_msg/rviz_plug_msg/msg/detail/info_enum__rosidl_typesupport_introspection_c.h
[0.478s] -- Up-to-date: /home/linjiawei/load_mcap/install/rviz_plug_msg/include/rviz_plug_msg/rviz_plug_msg/msg/detail/info_enum__type_support.c
[0.478s] -- Up-to-date: /home/linjiawei/load_mcap/install/rviz_plug_msg/include/rviz_plug_msg/rviz_plug_msg/msg/detail/status_enum__rosidl_typesupport_introspection_c.h
[0.478s] -- Up-to-date: /home/linjiawei/load_mcap/install/rviz_plug_msg/include/rviz_plug_msg/rviz_plug_msg/msg/detail/status_enum__type_support.c
[0.478s] -- Up-to-date: /home/linjiawei/load_mcap/install/rviz_plug_msg/lib/librviz_plug_msg__rosidl_typesupport_introspection_c.so
[0.478s] -- Up-to-date: /home/linjiawei/load_mcap/install/rviz_plug_msg/lib/librviz_plug_msg__rosidl_typesupport_c.so
[0.479s] -- Up-to-date: /home/linjiawei/load_mcap/install/rviz_plug_msg/include/rviz_plug_msg/rviz_plug_msg
[0.479s] -- Up-to-date: /home/linjiawei/load_mcap/install/rviz_plug_msg/include/rviz_plug_msg/rviz_plug_msg/msg
[0.479s] -- Up-to-date: /home/linjiawei/load_mcap/install/rviz_plug_msg/include/rviz_plug_msg/rviz_plug_msg/msg/rosidl_generator_cpp__visibility_control.hpp
[0.479s] -- Up-to-date: /home/linjiawei/load_mcap/install/rviz_plug_msg/include/rviz_plug_msg/rviz_plug_msg/msg/bywire_diag.hpp
[0.479s] -- Up-to-date: /home/linjiawei/load_mcap/install/rviz_plug_msg/include/rviz_plug_msg/rviz_plug_msg/msg/detail
[0.479s] -- Up-to-date: /home/linjiawei/load_mcap/install/rviz_plug_msg/include/rviz_plug_msg/rviz_plug_msg/msg/detail/bywire_diag__builder.hpp
[0.479s] -- Up-to-date: /home/linjiawei/load_mcap/install/rviz_plug_msg/include/rviz_plug_msg/rviz_plug_msg/msg/detail/bywire_diag__struct.hpp
[0.479s] -- Up-to-date: /home/linjiawei/load_mcap/install/rviz_plug_msg/include/rviz_plug_msg/rviz_plug_msg/msg/detail/bywire_diag__traits.hpp
[0.479s] -- Up-to-date: /home/linjiawei/load_mcap/install/rviz_plug_msg/include/rviz_plug_msg/rviz_plug_msg/msg/detail/bywire_diag__type_support.hpp
[0.479s] -- Up-to-date: /home/linjiawei/load_mcap/install/rviz_plug_msg/include/rviz_plug_msg/rviz_plug_msg/msg/detail/bywire_msg_type__builder.hpp
[0.480s] -- Up-to-date: /home/linjiawei/load_mcap/install/rviz_plug_msg/include/rviz_plug_msg/rviz_plug_msg/msg/detail/bywire_msg_type__struct.hpp
[0.480s] -- Up-to-date: /home/linjiawei/load_mcap/install/rviz_plug_msg/include/rviz_plug_msg/rviz_plug_msg/msg/detail/bywire_msg_type__traits.hpp
[0.480s] -- Up-to-date: /home/linjiawei/load_mcap/install/rviz_plug_msg/include/rviz_plug_msg/rviz_plug_msg/msg/detail/bywire_msg_type__type_support.hpp
[0.480s] -- Up-to-date: /home/linjiawei/load_mcap/install/rviz_plug_msg/include/rviz_plug_msg/rviz_plug_msg/msg/detail/error_enum__builder.hpp
[0.480s] -- Up-to-date: /home/linjiawei/load_mcap/install/rviz_plug_msg/include/rviz_plug_msg/rviz_plug_msg/msg/detail/error_enum__struct.hpp
[0.480s] -- Up-to-date: /home/linjiawei/load_mcap/install/rviz_plug_msg/include/rviz_plug_msg/rviz_plug_msg/msg/detail/error_enum__traits.hpp
[0.480s] -- Up-to-date: /home/linjiawei/load_mcap/install/rviz_plug_msg/include/rviz_plug_msg/rviz_plug_msg/msg/detail/error_enum__type_support.hpp
[0.480s] -- Up-to-date: /home/linjiawei/load_mcap/install/rviz_plug_msg/include/rviz_plug_msg/rviz_plug_msg/msg/detail/exception_monitor__builder.hpp
[0.481s] -- Up-to-date: /home/linjiawei/load_mcap/install/rviz_plug_msg/include/rviz_plug_msg/rviz_plug_msg/msg/detail/exception_monitor__struct.hpp
[0.481s] -- Up-to-date: /home/linjiawei/load_mcap/install/rviz_plug_msg/include/rviz_plug_msg/rviz_plug_msg/msg/detail/exception_monitor__traits.hpp
[0.481s] -- Up-to-date: /home/linjiawei/load_mcap/install/rviz_plug_msg/include/rviz_plug_msg/rviz_plug_msg/msg/detail/exception_monitor__type_support.hpp
[0.481s] -- Up-to-date: /home/linjiawei/load_mcap/install/rviz_plug_msg/include/rviz_plug_msg/rviz_plug_msg/msg/detail/freq__builder.hpp
[0.481s] -- Up-to-date: /home/linjiawei/load_mcap/install/rviz_plug_msg/include/rviz_plug_msg/rviz_plug_msg/msg/detail/freq__struct.hpp
[0.481s] -- Up-to-date: /home/linjiawei/load_mcap/install/rviz_plug_msg/include/rviz_plug_msg/rviz_plug_msg/msg/detail/freq__traits.hpp
[0.481s] -- Up-to-date: /home/linjiawei/load_mcap/install/rviz_plug_msg/include/rviz_plug_msg/rviz_plug_msg/msg/detail/freq__type_support.hpp
[0.481s] -- Up-to-date: /home/linjiawei/load_mcap/install/rviz_plug_msg/include/rviz_plug_msg/rviz_plug_msg/msg/detail/freq_monitor__builder.hpp
[0.481s] -- Up-to-date: /home/linjiawei/load_mcap/install/rviz_plug_msg/include/rviz_plug_msg/rviz_plug_msg/msg/detail/freq_monitor__struct.hpp
[0.481s] -- Up-to-date: /home/linjiawei/load_mcap/install/rviz_plug_msg/include/rviz_plug_msg/rviz_plug_msg/msg/detail/freq_monitor__traits.hpp
[0.481s] -- Up-to-date: /home/linjiawei/load_mcap/install/rviz_plug_msg/include/rviz_plug_msg/rviz_plug_msg/msg/detail/freq_monitor__type_support.hpp
[0.482s] -- Up-to-date: /home/linjiawei/load_mcap/install/rviz_plug_msg/include/rviz_plug_msg/rviz_plug_msg/msg/detail/info_enum__builder.hpp
[0.482s] -- Up-to-date: /home/linjiawei/load_mcap/install/rviz_plug_msg/include/rviz_plug_msg/rviz_plug_msg/msg/detail/info_enum__struct.hpp
[0.482s] -- Up-to-date: /home/linjiawei/load_mcap/install/rviz_plug_msg/include/rviz_plug_msg/rviz_plug_msg/msg/detail/info_enum__traits.hpp
[0.482s] -- Up-to-date: /home/linjiawei/load_mcap/install/rviz_plug_msg/include/rviz_plug_msg/rviz_plug_msg/msg/detail/info_enum__type_support.hpp
[0.482s] -- Up-to-date: /home/linjiawei/load_mcap/install/rviz_plug_msg/include/rviz_plug_msg/rviz_plug_msg/msg/detail/status_enum__builder.hpp
[0.482s] -- Up-to-date: /home/linjiawei/load_mcap/install/rviz_plug_msg/include/rviz_plug_msg/rviz_plug_msg/msg/detail/status_enum__struct.hpp
[0.482s] -- Up-to-date: /home/linjiawei/load_mcap/install/rviz_plug_msg/include/rviz_plug_msg/rviz_plug_msg/msg/detail/status_enum__traits.hpp
[0.482s] -- Up-to-date: /home/linjiawei/load_mcap/install/rviz_plug_msg/include/rviz_plug_msg/rviz_plug_msg/msg/detail/status_enum__type_support.hpp
[0.482s] -- Up-to-date: /home/linjiawei/load_mcap/install/rviz_plug_msg/include/rviz_plug_msg/rviz_plug_msg/msg/bywire_msg_type.hpp
[0.482s] -- Up-to-date: /home/linjiawei/load_mcap/install/rviz_plug_msg/include/rviz_plug_msg/rviz_plug_msg/msg/error_enum.hpp
[0.482s] -- Up-to-date: /home/linjiawei/load_mcap/install/rviz_plug_msg/include/rviz_plug_msg/rviz_plug_msg/msg/exception_monitor.hpp
[0.482s] -- Up-to-date: /home/linjiawei/load_mcap/install/rviz_plug_msg/include/rviz_plug_msg/rviz_plug_msg/msg/freq.hpp
[0.482s] -- Up-to-date: /home/linjiawei/load_mcap/install/rviz_plug_msg/include/rviz_plug_msg/rviz_plug_msg/msg/freq_monitor.hpp
[0.482s] -- Up-to-date: /home/linjiawei/load_mcap/install/rviz_plug_msg/include/rviz_plug_msg/rviz_plug_msg/msg/info_enum.hpp
[0.483s] -- Up-to-date: /home/linjiawei/load_mcap/install/rviz_plug_msg/include/rviz_plug_msg/rviz_plug_msg/msg/status_enum.hpp
[0.483s] -- Up-to-date: /home/linjiawei/load_mcap/install/rviz_plug_msg/include/rviz_plug_msg/rviz_plug_msg
[0.483s] -- Up-to-date: /home/linjiawei/load_mcap/install/rviz_plug_msg/include/rviz_plug_msg/rviz_plug_msg/msg
[0.483s] -- Up-to-date: /home/linjiawei/load_mcap/install/rviz_plug_msg/include/rviz_plug_msg/rviz_plug_msg/msg/rosidl_typesupport_fastrtps_cpp__visibility_control.h
[0.483s] -- Up-to-date: /home/linjiawei/load_mcap/install/rviz_plug_msg/include/rviz_plug_msg/rviz_plug_msg/msg/detail
[0.483s] -- Up-to-date: /home/linjiawei/load_mcap/install/rviz_plug_msg/include/rviz_plug_msg/rviz_plug_msg/msg/detail/bywire_diag__rosidl_typesupport_fastrtps_cpp.hpp
[0.483s] -- Up-to-date: /home/linjiawei/load_mcap/install/rviz_plug_msg/include/rviz_plug_msg/rviz_plug_msg/msg/detail/dds_fastrtps
[0.483s] -- Up-to-date: /home/linjiawei/load_mcap/install/rviz_plug_msg/include/rviz_plug_msg/rviz_plug_msg/msg/detail/bywire_msg_type__rosidl_typesupport_fastrtps_cpp.hpp
[0.483s] -- Up-to-date: /home/linjiawei/load_mcap/install/rviz_plug_msg/include/rviz_plug_msg/rviz_plug_msg/msg/detail/error_enum__rosidl_typesupport_fastrtps_cpp.hpp
[0.483s] -- Up-to-date: /home/linjiawei/load_mcap/install/rviz_plug_msg/include/rviz_plug_msg/rviz_plug_msg/msg/detail/exception_monitor__rosidl_typesupport_fastrtps_cpp.hpp
[0.483s] -- Up-to-date: /home/linjiawei/load_mcap/install/rviz_plug_msg/include/rviz_plug_msg/rviz_plug_msg/msg/detail/freq__rosidl_typesupport_fastrtps_cpp.hpp
[0.483s] -- Up-to-date: /home/linjiawei/load_mcap/install/rviz_plug_msg/include/rviz_plug_msg/rviz_plug_msg/msg/detail/freq_monitor__rosidl_typesupport_fastrtps_cpp.hpp
[0.483s] -- Up-to-date: /home/linjiawei/load_mcap/install/rviz_plug_msg/include/rviz_plug_msg/rviz_plug_msg/msg/detail/info_enum__rosidl_typesupport_fastrtps_cpp.hpp
[0.483s] -- Up-to-date: /home/linjiawei/load_mcap/install/rviz_plug_msg/include/rviz_plug_msg/rviz_plug_msg/msg/detail/status_enum__rosidl_typesupport_fastrtps_cpp.hpp
[0.483s] -- Up-to-date: /home/linjiawei/load_mcap/install/rviz_plug_msg/lib/librviz_plug_msg__rosidl_typesupport_fastrtps_cpp.so
[0.483s] -- Up-to-date: /home/linjiawei/load_mcap/install/rviz_plug_msg/include/rviz_plug_msg/rviz_plug_msg
[0.483s] -- Up-to-date: /home/linjiawei/load_mcap/install/rviz_plug_msg/include/rviz_plug_msg/rviz_plug_msg/msg
[0.483s] -- Up-to-date: /home/linjiawei/load_mcap/install/rviz_plug_msg/include/rviz_plug_msg/rviz_plug_msg/msg/detail
[0.483s] -- Up-to-date: /home/linjiawei/load_mcap/install/rviz_plug_msg/include/rviz_plug_msg/rviz_plug_msg/msg/detail/bywire_diag__rosidl_typesupport_introspection_cpp.hpp
[0.484s] -- Up-to-date: /home/linjiawei/load_mcap/install/rviz_plug_msg/include/rviz_plug_msg/rviz_plug_msg/msg/detail/bywire_diag__type_support.cpp
[0.484s] -- Up-to-date: /home/linjiawei/load_mcap/install/rviz_plug_msg/include/rviz_plug_msg/rviz_plug_msg/msg/detail/bywire_msg_type__rosidl_typesupport_introspection_cpp.hpp
[0.484s] -- Up-to-date: /home/linjiawei/load_mcap/install/rviz_plug_msg/include/rviz_plug_msg/rviz_plug_msg/msg/detail/bywire_msg_type__type_support.cpp
[0.484s] -- Up-to-date: /home/linjiawei/load_mcap/install/rviz_plug_msg/include/rviz_plug_msg/rviz_plug_msg/msg/detail/error_enum__rosidl_typesupport_introspection_cpp.hpp
[0.484s] -- Up-to-date: /home/linjiawei/load_mcap/install/rviz_plug_msg/include/rviz_plug_msg/rviz_plug_msg/msg/detail/error_enum__type_support.cpp
[0.484s] -- Up-to-date: /home/linjiawei/load_mcap/install/rviz_plug_msg/include/rviz_plug_msg/rviz_plug_msg/msg/detail/exception_monitor__rosidl_typesupport_introspection_cpp.hpp
[0.484s] -- Up-to-date: /home/linjiawei/load_mcap/install/rviz_plug_msg/include/rviz_plug_msg/rviz_plug_msg/msg/detail/exception_monitor__type_support.cpp
[0.484s] -- Up-to-date: /home/linjiawei/load_mcap/install/rviz_plug_msg/include/rviz_plug_msg/rviz_plug_msg/msg/detail/freq__rosidl_typesupport_introspection_cpp.hpp
[0.484s] -- Up-to-date: /home/linjiawei/load_mcap/install/rviz_plug_msg/include/rviz_plug_msg/rviz_plug_msg/msg/detail/freq__type_support.cpp
[0.484s] -- Up-to-date: /home/linjiawei/load_mcap/install/rviz_plug_msg/include/rviz_plug_msg/rviz_plug_msg/msg/detail/freq_monitor__rosidl_typesupport_introspection_cpp.hpp
[0.484s] -- Up-to-date: /home/linjiawei/load_mcap/install/rviz_plug_msg/include/rviz_plug_msg/rviz_plug_msg/msg/detail/freq_monitor__type_support.cpp
[0.484s] -- Up-to-date: /home/linjiawei/load_mcap/install/rviz_plug_msg/include/rviz_plug_msg/rviz_plug_msg/msg/detail/info_enum__rosidl_typesupport_introspection_cpp.hpp
[0.484s] -- Up-to-date: /home/linjiawei/load_mcap/install/rviz_plug_msg/include/rviz_plug_msg/rviz_plug_msg/msg/detail/info_enum__type_support.cpp
[0.484s] -- Up-to-date: /home/linjiawei/load_mcap/install/rviz_plug_msg/include/rviz_plug_msg/rviz_plug_msg/msg/detail/status_enum__rosidl_typesupport_introspection_cpp.hpp
[0.484s] -- Up-to-date: /home/linjiawei/load_mcap/install/rviz_plug_msg/include/rviz_plug_msg/rviz_plug_msg/msg/detail/status_enum__type_support.cpp
[0.484s] -- Up-to-date: /home/linjiawei/load_mcap/install/rviz_plug_msg/lib/librviz_plug_msg__rosidl_typesupport_introspection_cpp.so
[0.485s] -- Up-to-date: /home/linjiawei/load_mcap/install/rviz_plug_msg/lib/librviz_plug_msg__rosidl_typesupport_cpp.so
[0.485s] -- Up-to-date: /home/linjiawei/load_mcap/install/rviz_plug_msg/share/rviz_plug_msg/environment/pythonpath.sh
[0.485s] -- Up-to-date: /home/linjiawei/load_mcap/install/rviz_plug_msg/share/rviz_plug_msg/environment/pythonpath.dsv
[0.485s] -- Up-to-date: /home/linjiawei/load_mcap/install/rviz_plug_msg/local/lib/python3.10/dist-packages/rviz_plug_msg-0.0.0-py3.10.egg-info
[0.485s] -- Installing: /home/linjiawei/load_mcap/install/rviz_plug_msg/local/lib/python3.10/dist-packages/rviz_plug_msg-0.0.0-py3.10.egg-info/PKG-INFO
[0.485s] -- Installing: /home/linjiawei/load_mcap/install/rviz_plug_msg/local/lib/python3.10/dist-packages/rviz_plug_msg-0.0.0-py3.10.egg-info/dependency_links.txt
[0.485s] -- Installing: /home/linjiawei/load_mcap/install/rviz_plug_msg/local/lib/python3.10/dist-packages/rviz_plug_msg-0.0.0-py3.10.egg-info/top_level.txt
[0.485s] -- Installing: /home/linjiawei/load_mcap/install/rviz_plug_msg/local/lib/python3.10/dist-packages/rviz_plug_msg-0.0.0-py3.10.egg-info/SOURCES.txt
[0.488s] -- Up-to-date: /home/linjiawei/load_mcap/install/rviz_plug_msg/local/lib/python3.10/dist-packages/rviz_plug_msg
[0.488s] -- Up-to-date: /home/linjiawei/load_mcap/install/rviz_plug_msg/local/lib/python3.10/dist-packages/rviz_plug_msg/__init__.py
[0.488s] -- Up-to-date: /home/linjiawei/load_mcap/install/rviz_plug_msg/local/lib/python3.10/dist-packages/rviz_plug_msg/msg
[0.489s] -- Up-to-date: /home/linjiawei/load_mcap/install/rviz_plug_msg/local/lib/python3.10/dist-packages/rviz_plug_msg/msg/_bywire_diag.py
[0.489s] -- Up-to-date: /home/linjiawei/load_mcap/install/rviz_plug_msg/local/lib/python3.10/dist-packages/rviz_plug_msg/msg/_bywire_diag_s.c
[0.489s] -- Up-to-date: /home/linjiawei/load_mcap/install/rviz_plug_msg/local/lib/python3.10/dist-packages/rviz_plug_msg/msg/_bywire_msg_type.py
[0.489s] -- Up-to-date: /home/linjiawei/load_mcap/install/rviz_plug_msg/local/lib/python3.10/dist-packages/rviz_plug_msg/msg/_bywire_msg_type_s.c
[0.489s] -- Up-to-date: /home/linjiawei/load_mcap/install/rviz_plug_msg/local/lib/python3.10/dist-packages/rviz_plug_msg/msg/_error_enum.py
[0.490s] -- Up-to-date: /home/linjiawei/load_mcap/install/rviz_plug_msg/local/lib/python3.10/dist-packages/rviz_plug_msg/msg/_error_enum_s.c
[0.490s] -- Up-to-date: /home/linjiawei/load_mcap/install/rviz_plug_msg/local/lib/python3.10/dist-packages/rviz_plug_msg/msg/_exception_monitor.py
[0.490s] -- Up-to-date: /home/linjiawei/load_mcap/install/rviz_plug_msg/local/lib/python3.10/dist-packages/rviz_plug_msg/msg/_exception_monitor_s.c
[0.490s] -- Up-to-date: /home/linjiawei/load_mcap/install/rviz_plug_msg/local/lib/python3.10/dist-packages/rviz_plug_msg/msg/_freq.py
[0.490s] -- Up-to-date: /home/linjiawei/load_mcap/install/rviz_plug_msg/local/lib/python3.10/dist-packages/rviz_plug_msg/msg/_freq_s.c
[0.490s] -- Up-to-date: /home/linjiawei/load_mcap/install/rviz_plug_msg/local/lib/python3.10/dist-packages/rviz_plug_msg/msg/_freq_monitor.py
[0.490s] -- Up-to-date: /home/linjiawei/load_mcap/install/rviz_plug_msg/local/lib/python3.10/dist-packages/rviz_plug_msg/msg/_freq_monitor_s.c
[0.490s] -- Up-to-date: /home/linjiawei/load_mcap/install/rviz_plug_msg/local/lib/python3.10/dist-packages/rviz_plug_msg/msg/_info_enum.py
[0.490s] -- Up-to-date: /home/linjiawei/load_mcap/install/rviz_plug_msg/local/lib/python3.10/dist-packages/rviz_plug_msg/msg/_info_enum_s.c
[0.490s] -- Up-to-date: /home/linjiawei/load_mcap/install/rviz_plug_msg/local/lib/python3.10/dist-packages/rviz_plug_msg/msg/_status_enum.py
[0.490s] -- Up-to-date: /home/linjiawei/load_mcap/install/rviz_plug_msg/local/lib/python3.10/dist-packages/rviz_plug_msg/msg/_status_enum_s.c
[0.490s] -- Up-to-date: /home/linjiawei/load_mcap/install/rviz_plug_msg/local/lib/python3.10/dist-packages/rviz_plug_msg/msg/__init__.py
[0.490s] -- Up-to-date: /home/linjiawei/load_mcap/install/rviz_plug_msg/local/lib/python3.10/dist-packages/rviz_plug_msg/_rviz_plug_msg_s.ep.rosidl_typesupport_fastrtps_c.c
[0.491s] -- Up-to-date: /home/linjiawei/load_mcap/install/rviz_plug_msg/local/lib/python3.10/dist-packages/rviz_plug_msg/_rviz_plug_msg_s.ep.rosidl_typesupport_introspection_c.c
[0.491s] -- Up-to-date: /home/linjiawei/load_mcap/install/rviz_plug_msg/local/lib/python3.10/dist-packages/rviz_plug_msg/_rviz_plug_msg_s.ep.rosidl_typesupport_c.c
[0.491s] -- Up-to-date: /home/linjiawei/load_mcap/install/rviz_plug_msg/local/lib/python3.10/dist-packages/rviz_plug_msg/librviz_plug_msg__rosidl_generator_py.so
[0.491s] -- Up-to-date: /home/linjiawei/load_mcap/install/rviz_plug_msg/local/lib/python3.10/dist-packages/rviz_plug_msg/rviz_plug_msg_s__rosidl_typesupport_fastrtps_c.cpython-310-x86_64-linux-gnu.so
[0.491s] -- Up-to-date: /home/linjiawei/load_mcap/install/rviz_plug_msg/local/lib/python3.10/dist-packages/rviz_plug_msg/rviz_plug_msg_s__rosidl_typesupport_c.cpython-310-x86_64-linux-gnu.so
[0.491s] -- Up-to-date: /home/linjiawei/load_mcap/install/rviz_plug_msg/local/lib/python3.10/dist-packages/rviz_plug_msg/rviz_plug_msg_s__rosidl_typesupport_introspection_c.cpython-310-x86_64-linux-gnu.so
[0.579s] Listing '/home/linjiawei/load_mcap/install/rviz_plug_msg/local/lib/python3.10/dist-packages/rviz_plug_msg'...
[0.579s] Listing '/home/linjiawei/load_mcap/install/rviz_plug_msg/local/lib/python3.10/dist-packages/rviz_plug_msg/msg'...
[0.587s] -- Up-to-date: /home/linjiawei/load_mcap/install/rviz_plug_msg/local/lib/python3.10/dist-packages/rviz_plug_msg/rviz_plug_msg_s__rosidl_typesupport_fastrtps_c.cpython-310-x86_64-linux-gnu.so
[0.587s] -- Up-to-date: /home/linjiawei/load_mcap/install/rviz_plug_msg/local/lib/python3.10/dist-packages/rviz_plug_msg/rviz_plug_msg_s__rosidl_typesupport_introspection_c.cpython-310-x86_64-linux-gnu.so
[0.587s] -- Up-to-date: /home/linjiawei/load_mcap/install/rviz_plug_msg/local/lib/python3.10/dist-packages/rviz_plug_msg/rviz_plug_msg_s__rosidl_typesupport_c.cpython-310-x86_64-linux-gnu.so
[0.587s] -- Up-to-date: /home/linjiawei/load_mcap/install/rviz_plug_msg/lib/librviz_plug_msg__rosidl_generator_py.so
[0.587s] -- Up-to-date: /home/linjiawei/load_mcap/install/rviz_plug_msg/share/rviz_plug_msg/msg/BywireDiag.idl
[0.587s] -- Up-to-date: /home/linjiawei/load_mcap/install/rviz_plug_msg/share/rviz_plug_msg/msg/BywireMsgType.idl
[0.587s] -- Up-to-date: /home/linjiawei/load_mcap/install/rviz_plug_msg/share/rviz_plug_msg/msg/ErrorEnum.idl
[0.587s] -- Up-to-date: /home/linjiawei/load_mcap/install/rviz_plug_msg/share/rviz_plug_msg/msg/ExceptionMonitor.idl
[0.587s] -- Up-to-date: /home/linjiawei/load_mcap/install/rviz_plug_msg/share/rviz_plug_msg/msg/Freq.idl
[0.587s] -- Up-to-date: /home/linjiawei/load_mcap/install/rviz_plug_msg/share/rviz_plug_msg/msg/FreqMonitor.idl
[0.587s] -- Up-to-date: /home/linjiawei/load_mcap/install/rviz_plug_msg/share/rviz_plug_msg/msg/InfoEnum.idl
[0.587s] -- Up-to-date: /home/linjiawei/load_mcap/install/rviz_plug_msg/share/rviz_plug_msg/msg/StatusEnum.idl
[0.587s] -- Up-to-date: /home/linjiawei/load_mcap/install/rviz_plug_msg/share/rviz_plug_msg/msg/BywireDiag.msg
[0.588s] -- Up-to-date: /home/linjiawei/load_mcap/install/rviz_plug_msg/share/rviz_plug_msg/msg/BywireMsgType.msg
[0.588s] -- Up-to-date: /home/linjiawei/load_mcap/install/rviz_plug_msg/share/rviz_plug_msg/msg/ErrorEnum.msg
[0.588s] -- Up-to-date: /home/linjiawei/load_mcap/install/rviz_plug_msg/share/rviz_plug_msg/msg/ExceptionMonitor.msg
[0.588s] -- Up-to-date: /home/linjiawei/load_mcap/install/rviz_plug_msg/share/rviz_plug_msg/msg/Freq.msg
[0.588s] -- Up-to-date: /home/linjiawei/load_mcap/install/rviz_plug_msg/share/rviz_plug_msg/msg/FreqMonitor.msg
[0.588s] -- Up-to-date: /home/linjiawei/load_mcap/install/rviz_plug_msg/share/rviz_plug_msg/msg/InfoEnum.msg
[0.588s] -- Up-to-date: /home/linjiawei/load_mcap/install/rviz_plug_msg/share/rviz_plug_msg/msg/StatusEnum.msg
[0.588s] -- Up-to-date: /home/linjiawei/load_mcap/install/rviz_plug_msg/share/ament_index/resource_index/package_run_dependencies/rviz_plug_msg
[0.588s] -- Up-to-date: /home/linjiawei/load_mcap/install/rviz_plug_msg/share/ament_index/resource_index/parent_prefix_path/rviz_plug_msg
[0.588s] -- Up-to-date: /home/linjiawei/load_mcap/install/rviz_plug_msg/share/rviz_plug_msg/environment/ament_prefix_path.sh
[0.588s] -- Up-to-date: /home/linjiawei/load_mcap/install/rviz_plug_msg/share/rviz_plug_msg/environment/ament_prefix_path.dsv
[0.588s] -- Up-to-date: /home/linjiawei/load_mcap/install/rviz_plug_msg/share/rviz_plug_msg/environment/path.sh
[0.588s] -- Up-to-date: /home/linjiawei/load_mcap/install/rviz_plug_msg/share/rviz_plug_msg/environment/path.dsv
[0.588s] -- Up-to-date: /home/linjiawei/load_mcap/install/rviz_plug_msg/share/rviz_plug_msg/local_setup.bash
[0.588s] -- Up-to-date: /home/linjiawei/load_mcap/install/rviz_plug_msg/share/rviz_plug_msg/local_setup.sh
[0.588s] -- Up-to-date: /home/linjiawei/load_mcap/install/rviz_plug_msg/share/rviz_plug_msg/local_setup.zsh
[0.588s] -- Up-to-date: /home/linjiawei/load_mcap/install/rviz_plug_msg/share/rviz_plug_msg/local_setup.dsv
[0.588s] -- Installing: /home/linjiawei/load_mcap/install/rviz_plug_msg/share/rviz_plug_msg/package.dsv
[0.588s] -- Up-to-date: /home/linjiawei/load_mcap/install/rviz_plug_msg/share/ament_index/resource_index/packages/rviz_plug_msg
[0.589s] -- Up-to-date: /home/linjiawei/load_mcap/install/rviz_plug_msg/share/rviz_plug_msg/cmake/export_rviz_plug_msg__rosidl_generator_cExport.cmake
[0.589s] -- Up-to-date: /home/linjiawei/load_mcap/install/rviz_plug_msg/share/rviz_plug_msg/cmake/export_rviz_plug_msg__rosidl_generator_cExport-noconfig.cmake
[0.589s] -- Up-to-date: /home/linjiawei/load_mcap/install/rviz_plug_msg/share/rviz_plug_msg/cmake/export_rviz_plug_msg__rosidl_typesupport_fastrtps_cExport.cmake
[0.589s] -- Up-to-date: /home/linjiawei/load_mcap/install/rviz_plug_msg/share/rviz_plug_msg/cmake/export_rviz_plug_msg__rosidl_typesupport_fastrtps_cExport-noconfig.cmake
[0.589s] -- Up-to-date: /home/linjiawei/load_mcap/install/rviz_plug_msg/share/rviz_plug_msg/cmake/rviz_plug_msg__rosidl_typesupport_introspection_cExport.cmake
[0.589s] -- Up-to-date: /home/linjiawei/load_mcap/install/rviz_plug_msg/share/rviz_plug_msg/cmake/rviz_plug_msg__rosidl_typesupport_introspection_cExport-noconfig.cmake
[0.589s] -- Up-to-date: /home/linjiawei/load_mcap/install/rviz_plug_msg/share/rviz_plug_msg/cmake/rviz_plug_msg__rosidl_typesupport_cExport.cmake
[0.589s] -- Up-to-date: /home/linjiawei/load_mcap/install/rviz_plug_msg/share/rviz_plug_msg/cmake/rviz_plug_msg__rosidl_typesupport_cExport-noconfig.cmake
[0.589s] -- Up-to-date: /home/linjiawei/load_mcap/install/rviz_plug_msg/share/rviz_plug_msg/cmake/export_rviz_plug_msg__rosidl_generator_cppExport.cmake
[0.589s] -- Up-to-date: /home/linjiawei/load_mcap/install/rviz_plug_msg/share/rviz_plug_msg/cmake/export_rviz_plug_msg__rosidl_typesupport_fastrtps_cppExport.cmake
[0.589s] -- Up-to-date: /home/linjiawei/load_mcap/install/rviz_plug_msg/share/rviz_plug_msg/cmake/export_rviz_plug_msg__rosidl_typesupport_fastrtps_cppExport-noconfig.cmake
[0.589s] -- Up-to-date: /home/linjiawei/load_mcap/install/rviz_plug_msg/share/rviz_plug_msg/cmake/rviz_plug_msg__rosidl_typesupport_introspection_cppExport.cmake
[0.589s] -- Up-to-date: /home/linjiawei/load_mcap/install/rviz_plug_msg/share/rviz_plug_msg/cmake/rviz_plug_msg__rosidl_typesupport_introspection_cppExport-noconfig.cmake
[0.589s] -- Up-to-date: /home/linjiawei/load_mcap/install/rviz_plug_msg/share/rviz_plug_msg/cmake/rviz_plug_msg__rosidl_typesupport_cppExport.cmake
[0.589s] -- Up-to-date: /home/linjiawei/load_mcap/install/rviz_plug_msg/share/rviz_plug_msg/cmake/rviz_plug_msg__rosidl_typesupport_cppExport-noconfig.cmake
[0.589s] -- Up-to-date: /home/linjiawei/load_mcap/install/rviz_plug_msg/share/rviz_plug_msg/cmake/export_rviz_plug_msg__rosidl_generator_pyExport.cmake
[0.589s] -- Up-to-date: /home/linjiawei/load_mcap/install/rviz_plug_msg/share/rviz_plug_msg/cmake/export_rviz_plug_msg__rosidl_generator_pyExport-noconfig.cmake
[0.589s] -- Up-to-date: /home/linjiawei/load_mcap/install/rviz_plug_msg/share/rviz_plug_msg/cmake/rosidl_cmake-extras.cmake
[0.589s] -- Up-to-date: /home/linjiawei/load_mcap/install/rviz_plug_msg/share/rviz_plug_msg/cmake/ament_cmake_export_dependencies-extras.cmake
[0.590s] -- Up-to-date: /home/linjiawei/load_mcap/install/rviz_plug_msg/share/rviz_plug_msg/cmake/ament_cmake_export_include_directories-extras.cmake
[0.590s] -- Up-to-date: /home/linjiawei/load_mcap/install/rviz_plug_msg/share/rviz_plug_msg/cmake/ament_cmake_export_libraries-extras.cmake
[0.590s] -- Up-to-date: /home/linjiawei/load_mcap/install/rviz_plug_msg/share/rviz_plug_msg/cmake/ament_cmake_export_targets-extras.cmake
[0.590s] -- Up-to-date: /home/linjiawei/load_mcap/install/rviz_plug_msg/share/rviz_plug_msg/cmake/rosidl_cmake_export_typesupport_targets-extras.cmake
[0.590s] -- Up-to-date: /home/linjiawei/load_mcap/install/rviz_plug_msg/share/rviz_plug_msg/cmake/rosidl_cmake_export_typesupport_libraries-extras.cmake
[0.590s] -- Up-to-date: /home/linjiawei/load_mcap/install/rviz_plug_msg/share/rviz_plug_msg/cmake/rviz_plug_msgConfig.cmake
[0.590s] -- Up-to-date: /home/linjiawei/load_mcap/install/rviz_plug_msg/share/rviz_plug_msg/cmake/rviz_plug_msgConfig-version.cmake
[0.590s] -- Up-to-date: /home/linjiawei/load_mcap/install/rviz_plug_msg/share/rviz_plug_msg/package.xml
[0.590s] Invoked command in '/home/linjiawei/load_mcap/build/rviz_plug_msg' returned '0': CMAKE_PREFIX_PATH=${CMAKE_PREFIX_PATH}:/opt/ros/humble /usr/bin/cmake --install /home/linjiawei/load_mcap/build/rviz_plug_msg
