[0.000000] (-) TimerEvent: {}
[0.000223] (-) JobUnselected: {'identifier': 'deva_ads_msgs'}
[0.000256] (-) JobUnselected: {'identifier': 'deva_aeb_msgs'}
[0.000277] (-) JobUnselected: {'identifier': 'deva_common_msgs'}
[0.000297] (-) JobUnselected: {'identifier': 'deva_control_msgs'}
[0.000316] (-) JobUnselected: {'identifier': 'deva_function_msgs'}
[0.000334] (-) JobUnselected: {'identifier': 'deva_gaode_routing_msgs'}
[0.000351] (-) JobUnselected: {'identifier': 'deva_localization_msgs'}
[0.000369] (-) JobUnselected: {'identifier': 'deva_map_msgs'}
[0.000386] (-) JobUnselected: {'identifier': 'deva_mdriver_msgs'}
[0.000403] (-) JobUnselected: {'identifier': 'deva_navi_msgs'}
[0.000420] (-) JobUnselected: {'identifier': 'deva_perception_msgs'}
[0.000437] (-) JobUnselected: {'identifier': 'deva_planning_msgs'}
[0.000454] (-) JobUnselected: {'identifier': 'deva_planning_msgs2'}
[0.000471] (-) JobUnselected: {'identifier': 'environment_model_msgs'}
[0.000488] (-) JobUnselected: {'identifier': 'fault_diagnosis'}
[0.000506] (-) JobUnselected: {'identifier': 'rviz_plug_msg'}
[0.000523] (-) JobUnselected: {'identifier': 'serialize_msgs'}
[0.000545] (mcap_streamer) JobQueued: {'identifier': 'mcap_streamer', 'dependencies': OrderedDict()}
[0.000790] (mcap_streamer) JobStarted: {'identifier': 'mcap_streamer'}
[0.010638] (mcap_streamer) JobProgress: {'identifier': 'mcap_streamer', 'progress': 'cmake'}
[0.011346] (mcap_streamer) JobProgress: {'identifier': 'mcap_streamer', 'progress': 'build'}
[0.012081] (mcap_streamer) Command: {'cmd': ['/usr/bin/cmake', '--build', '/home/linjiawei/load_mcap/build/mcap_streamer', '--', '-j17', '-l17'], 'cwd': '/home/linjiawei/load_mcap/build/mcap_streamer', 'env': OrderedDict([('LESSOPEN', '| /usr/bin/lesspipe %s'), ('VSCODE_CWD', '/home/linjiawei'), ('KUBERNETES_SERVICE_PORT', '443'), ('VSCODE_ESM_ENTRYPOINT', 'vs/workbench/api/node/extensionHostProcess'), ('KUBEBRAIN_SITE', 'mach'), ('KUBERNETES_PORT', 'tcp://10.68.0.1:443'), ('BRAIN_DAEMON_JUPYTER_DIR', '/data/jupyter'), ('USER', 'linjiawei'), ('SSH_CLIENT', '100.96.2.80 57616 22'), ('VSCODE_NLS_CONFIG', '{"userLocale":"zh-cn","osLocale":"zh-cn","resolvedLanguage":"zh-cn","defaultMessagesFile":"/home/linjiawei/.cursor-server/bin/ba90f2f88e4911312761abab9492c42442117cf0/out/nls.messages.json","languagePack":{"translationsConfigFile":"/home/linjiawei/.cursor-server/data/clp/6fe284ae87274d9cb2cdffc89b193492.zh-cn/tcf.json","messagesFile":"/home/linjiawei/.cursor-server/data/clp/6fe284ae87274d9cb2cdffc89b193492.zh-cn/ba90f2f88e4911312761abab9492c42442117cf0/nls.messages.json","corruptMarkerFile":"/home/linjiawei/.cursor-server/data/clp/6fe284ae87274d9cb2cdffc89b193492.zh-cn/corrupted.info"},"locale":"zh-cn","availableLanguages":{"*":"zh-cn"},"_languagePackId":"6fe284ae87274d9cb2cdffc89b193492.zh-cn","_languagePackSupport":true,"_translationsConfigFile":"/home/linjiawei/.cursor-server/data/clp/6fe284ae87274d9cb2cdffc89b193492.zh-cn/tcf.json","_cacheRoot":"/home/linjiawei/.cursor-server/data/clp/6fe284ae87274d9cb2cdffc89b193492.zh-cn","_resolvedLanguagePackCoreLocation":"/home/linjiawei/.cursor-server/data/clp/6fe284ae87274d9cb2cdffc89b193492.zh-cn/ba90f2f88e4911312761abab9492c42442117cf0","_corruptedFile":"/home/linjiawei/.cursor-server/data/clp/6fe284ae87274d9cb2cdffc89b193492.zh-cn/corrupted.info"}'), ('BRAIN_SHARED_READONLY', 'false'), ('KUBEBRAIN_PROCESS_ID', 'a339afdf-8e23-41dd-b3c2-ec44dfa27e9d'), ('VSCODE_HANDLES_UNCAUGHT_ERRORS', 'true'), ('HOSTNAME', 'ros'), ('XDG_SESSION_TYPE', 'tty'), ('SHLVL', '0'), ('LD_LIBRARY_PATH', '/home/linjiawei/load_mcap/install/serialize_msgs/lib:/home/linjiawei/load_mcap/install/rviz_plug_msg/lib:/home/linjiawei/load_mcap/install/fault_diagnosis/lib:/home/linjiawei/load_mcap/install/environment_model_msgs/lib:/home/linjiawei/load_mcap/install/deva_control_msgs/lib:/home/linjiawei/load_mcap/install/deva_planning_msgs2/lib:/home/linjiawei/load_mcap/install/deva_mdriver_msgs/lib:/home/linjiawei/load_mcap/install/deva_planning_msgs/lib:/home/linjiawei/load_mcap/install/deva_map_msgs/lib:/home/linjiawei/load_mcap/install/deva_perception_msgs/lib:/home/linjiawei/load_mcap/install/deva_navi_msgs/lib:/home/linjiawei/load_mcap/install/deva_localization_msgs/lib:/home/linjiawei/load_mcap/install/deva_gaode_routing_msgs/lib:/home/linjiawei/load_mcap/install/deva_function_msgs/lib:/home/linjiawei/load_mcap/install/deva_aeb_msgs/lib:/home/linjiawei/load_mcap/install/deva_common_msgs/lib:/home/linjiawei/load_mcap/install/deva_ads_msgs/lib:/opt/ros/humble/opt/rviz_ogre_vendor/lib:/opt/ros/humble/lib/x86_64-linux-gnu:/opt/ros/humble/lib:/usr/local/nvidia/lib64'), ('BROWSER', '/home/linjiawei/.cursor-server/bin/ba90f2f88e4911312761abab9492c42442117cf0/bin/helpers/browser.sh'), ('MOTD_SHOWN', 'pam'), ('HOME', '/home/linjiawei'), ('TMP_SIZE', '16777216K'), ('KUBEBRAIN_RUNTIME', 'ws2'), ('OLDPWD', '/home/linjiawei/load_mcap'), ('VSCODE_IPC_HOOK_CLI', '/run/user/10250/vscode-ipc-a2aff49f-58d2-441e-828d-ced252d61886.sock'), ('BRAIN_DAEMON_JUPYTER_TOKEN', '9c0e8eec-6994-41a4-9f6b-319d33bc630e'), ('ROS_PYTHON_VERSION', '3'), ('BRAIN_DAEMON_JUPYTER_BASE_URL', '/kapi/workspace.kubebrain.io/mach-mp/ws-00018098a82852e6/jupyter'), ('PCIDEVICE_MELLANOX_COM_MLNX_RDMA', ''), ('NO_COLOR', '1'), ('TOPOLOGY_ZONE', 'mach-cn-west-qy-dsxs-cm'), ('VSCODE_L10N_BUNDLE_LOCATION', 'vscode-local:/home/linjiawei/.cursor/extensions/ms-ceintl.vscode-language-pack-zh-hans-1.99.0-universal/translations/extensions/vscode.json-language-features.i18n.json'), ('COLCON_PREFIX_PATH', '/home/linjiawei/load_mcap/install'), ('ROS_DISTRO', 'humble'), ('LOGNAME', 'linjiawei'), ('FORCE_COLOR', '0'), ('VSCODE_HANDLES_SIGPIPE', 'true'), ('_', '/usr/bin/colcon'), ('ROS_VERSION', '2'), ('BRAIN_USERNAME', 'linjiawei'), ('XDG_SESSION_CLASS', 'user'), ('TERM', 'dumb'), ('XDG_SESSION_ID', 'c59'), ('KUBERNETES_PORT_443_TCP_ADDR', '10.68.0.1'), ('ROS_LOCALHOST_ONLY', '0'), ('COMPOSER_NO_INTERACTION', '1'), ('SHM_SIZE', '16777216K'), ('PATH', '/home/linjiawei/.local/bin:/home/linjiawei/.local/bin:/opt/ros/humble/bin:/opt/conda/bin:/kubebrain:/usr/local/nvidia/bin:/usr/local/sbin:/usr/local/bin:/usr/sbin:/usr/bin:/sbin:/bin'), ('VSCODE_AGENT_FOLDER', '/home/linjiawei/.cursor-server'), ('KUBEBRAIN_WORKSPACE_NAME', 'ws-00018098a82852e6'), ('XDG_RUNTIME_DIR', '/run/user/10250'), ('KUBERNETES_PORT_443_TCP_PORT', '443'), ('CURSOR_AGENT', '1'), ('DISPLAY', 'localhost:10.0'), ('KUBERNETES_PORT_443_TCP_PROTO', 'tcp'), ('KUBEBRAIN_RESOURCE_TYPE', 'workspace'), ('LANG', 'en_US.UTF-8'), ('LS_COLORS', ''), ('SSH_AUTH_SOCK', '/tmp/cursor-remote-ssh-auth-sock-5947a298-eaf8-4f15-adfc-973d91be4566.sock'), ('AMENT_PREFIX_PATH', '/home/linjiawei/load_mcap/install/serialize_msgs:/home/linjiawei/load_mcap/install/rviz_plug_msg:/home/linjiawei/load_mcap/install/mcap_streamer:/home/linjiawei/load_mcap/install/fault_diagnosis:/home/linjiawei/load_mcap/install/environment_model_msgs:/home/linjiawei/load_mcap/install/deva_control_msgs:/home/linjiawei/load_mcap/install/deva_planning_msgs2:/home/linjiawei/load_mcap/install/deva_mdriver_msgs:/home/linjiawei/load_mcap/install/deva_planning_msgs:/home/linjiawei/load_mcap/install/deva_map_msgs:/home/linjiawei/load_mcap/install/deva_perception_msgs:/home/linjiawei/load_mcap/install/deva_navi_msgs:/home/linjiawei/load_mcap/install/deva_localization_msgs:/home/linjiawei/load_mcap/install/deva_gaode_routing_msgs:/home/linjiawei/load_mcap/install/deva_function_msgs:/home/linjiawei/load_mcap/install/deva_aeb_msgs:/home/linjiawei/load_mcap/install/deva_common_msgs:/home/linjiawei/load_mcap/install/deva_ads_msgs:/opt/ros/humble'), ('BRAIN_DAEMON_JUPYTER_PORT', '8888'), ('SHELL', '/bin/bash'), ('VSCODE_SERVER_SHUTDOWN_TIMEOUT', '300'), ('TerminationGracePeriodSeconds', '30'), ('LESSCLOSE', '/usr/bin/lesspipe %s %s'), ('KUBERNETES_SERVICE_PORT_HTTPS', '443'), ('KUBERNETES_PORT_443_TCP', 'tcp://10.68.0.1:443'), ('KUBEBRAIN_QUOTA_GROUP', 'mp_ws'), ('KUBEBRAIN_CLUSTER_ENTRY', 'https://qy.machdrive.cn'), ('PWD', '/home/linjiawei/load_mcap/build/mcap_streamer'), ('BRAIN_SHARED_ROOT', '10.68.17.151:/'), ('KUBEBRAIN_NAMESPACE', 'mach-mp'), ('KUBERNETES_SERVICE_HOST', '10.68.0.1'), ('BRAIN_TOPOLOGY_LEAF_ROCE', ''), ('LC_ALL', 'en_US.UTF-8'), ('SSH_CONNECTION', '100.96.2.80 57616 100.97.82.77 22'), ('KUBEBRAIN_PROCESS_NAME', 'ws-00018098a82852e6-master'), ('KUBEBRAIN_WORKSPACE_NAMESPACE', ''), ('PYTHONPATH', '/home/linjiawei/load_mcap/install/serialize_msgs/local/lib/python3.10/dist-packages:/home/linjiawei/load_mcap/install/rviz_plug_msg/local/lib/python3.10/dist-packages:/home/linjiawei/load_mcap/install/fault_diagnosis/local/lib/python3.10/dist-packages:/home/linjiawei/load_mcap/install/environment_model_msgs/local/lib/python3.10/dist-packages:/home/linjiawei/load_mcap/install/deva_control_msgs/local/lib/python3.10/dist-packages:/home/linjiawei/load_mcap/install/deva_planning_msgs2/local/lib/python3.10/dist-packages:/home/linjiawei/load_mcap/install/deva_mdriver_msgs/local/lib/python3.10/dist-packages:/home/linjiawei/load_mcap/install/deva_planning_msgs/local/lib/python3.10/dist-packages:/home/linjiawei/load_mcap/install/deva_map_msgs/local/lib/python3.10/dist-packages:/home/linjiawei/load_mcap/install/deva_perception_msgs/local/lib/python3.10/dist-packages:/home/linjiawei/load_mcap/install/deva_navi_msgs/local/lib/python3.10/dist-packages:/home/linjiawei/load_mcap/install/deva_localization_msgs/local/lib/python3.10/dist-packages:/home/linjiawei/load_mcap/install/deva_gaode_routing_msgs/local/lib/python3.10/dist-packages:/home/linjiawei/load_mcap/install/deva_function_msgs/local/lib/python3.10/dist-packages:/home/linjiawei/load_mcap/install/deva_aeb_msgs/local/lib/python3.10/dist-packages:/home/linjiawei/load_mcap/install/deva_common_msgs/local/lib/python3.10/dist-packages:/home/linjiawei/load_mcap/install/deva_ads_msgs/local/lib/python3.10/dist-packages:/opt/ros/humble/lib/python3.10/site-packages:/opt/ros/humble/local/lib/python3.10/dist-packages'), ('NVIDIA_VISIBLE_DEVICES', ''), ('COLCON', '1'), ('CMAKE_PREFIX_PATH', '/home/linjiawei/load_mcap/install/serialize_msgs:/home/linjiawei/load_mcap/install/rviz_plug_msg:/home/linjiawei/load_mcap/install/mcap_streamer:/home/linjiawei/load_mcap/install/fault_diagnosis:/home/linjiawei/load_mcap/install/environment_model_msgs:/home/linjiawei/load_mcap/install/deva_control_msgs:/home/linjiawei/load_mcap/install/deva_planning_msgs2:/home/linjiawei/load_mcap/install/deva_mdriver_msgs:/home/linjiawei/load_mcap/install/deva_planning_msgs:/home/linjiawei/load_mcap/install/deva_map_msgs:/home/linjiawei/load_mcap/install/deva_perception_msgs:/home/linjiawei/load_mcap/install/deva_navi_msgs:/home/linjiawei/load_mcap/install/deva_localization_msgs:/home/linjiawei/load_mcap/install/deva_gaode_routing_msgs:/home/linjiawei/load_mcap/install/deva_function_msgs:/home/linjiawei/load_mcap/install/deva_aeb_msgs:/home/linjiawei/load_mcap/install/deva_common_msgs:/home/linjiawei/load_mcap/install/deva_ads_msgs:/opt/ros/humble')]), 'shell': False}
[0.070230] (mcap_streamer) StdoutLine: {'line': b'[ 33%] Built target s3_downloader_lib\n'}
[0.086317] (mcap_streamer) StdoutLine: {'line': b'[ 50%] Building CXX object CMakeFiles/mcap_example.dir/src/mcap_example.cpp.o\n'}
[0.097847] (mcap_streamer) StdoutLine: {'line': b'[ 83%] Built target mcap_streamer_node\n'}
[0.099704] (-) TimerEvent: {}
[0.199839] (-) TimerEvent: {}
[0.300008] (-) TimerEvent: {}
[0.400153] (-) TimerEvent: {}
[0.500301] (-) TimerEvent: {}
[0.600464] (-) TimerEvent: {}
[0.700597] (-) TimerEvent: {}
[0.800747] (-) TimerEvent: {}
[0.900887] (-) TimerEvent: {}
[1.000992] (-) TimerEvent: {}
[1.101092] (-) TimerEvent: {}
[1.201189] (-) TimerEvent: {}
[1.301304] (-) TimerEvent: {}
[1.401455] (-) TimerEvent: {}
[1.501592] (-) TimerEvent: {}
[1.601700] (-) TimerEvent: {}
[1.701799] (-) TimerEvent: {}
[1.801934] (-) TimerEvent: {}
[1.902065] (-) TimerEvent: {}
[2.002171] (-) TimerEvent: {}
[2.102287] (-) TimerEvent: {}
[2.202407] (-) TimerEvent: {}
[2.302526] (-) TimerEvent: {}
[2.402648] (-) TimerEvent: {}
[2.502753] (-) TimerEvent: {}
[2.602851] (-) TimerEvent: {}
[2.702947] (-) TimerEvent: {}
[2.803065] (-) TimerEvent: {}
[2.903199] (-) TimerEvent: {}
[3.003301] (-) TimerEvent: {}
[3.103396] (-) TimerEvent: {}
[3.203489] (-) TimerEvent: {}
[3.303604] (-) TimerEvent: {}
[3.403713] (-) TimerEvent: {}
[3.503811] (-) TimerEvent: {}
[3.603905] (-) TimerEvent: {}
[3.703995] (-) TimerEvent: {}
[3.804115] (-) TimerEvent: {}
[3.904235] (-) TimerEvent: {}
[4.004331] (-) TimerEvent: {}
[4.104431] (-) TimerEvent: {}
[4.204538] (-) TimerEvent: {}
[4.304670] (-) TimerEvent: {}
[4.404814] (-) TimerEvent: {}
[4.504940] (-) TimerEvent: {}
[4.605057] (-) TimerEvent: {}
[4.705172] (-) TimerEvent: {}
[4.805309] (-) TimerEvent: {}
[4.905488] (-) TimerEvent: {}
[5.005636] (-) TimerEvent: {}
[5.105788] (-) TimerEvent: {}
[5.205934] (-) TimerEvent: {}
[5.306087] (-) TimerEvent: {}
[5.406239] (-) TimerEvent: {}
[5.506364] (-) TimerEvent: {}
[5.606497] (-) TimerEvent: {}
[5.706645] (-) TimerEvent: {}
[5.806838] (-) TimerEvent: {}
[5.907023] (-) TimerEvent: {}
[6.007222] (-) TimerEvent: {}
[6.107401] (-) TimerEvent: {}
[6.207549] (-) TimerEvent: {}
[6.307693] (-) TimerEvent: {}
[6.407832] (-) TimerEvent: {}
[6.507969] (-) TimerEvent: {}
[6.608109] (-) TimerEvent: {}
[6.708237] (-) TimerEvent: {}
[6.808381] (-) TimerEvent: {}
[6.908526] (-) TimerEvent: {}
[7.008655] (-) TimerEvent: {}
[7.108772] (-) TimerEvent: {}
[7.208912] (-) TimerEvent: {}
[7.309072] (-) TimerEvent: {}
[7.409233] (-) TimerEvent: {}
[7.509397] (-) TimerEvent: {}
[7.609549] (-) TimerEvent: {}
[7.709699] (-) TimerEvent: {}
[7.809855] (-) TimerEvent: {}
[7.910034] (-) TimerEvent: {}
[8.010227] (-) TimerEvent: {}
[8.110441] (-) TimerEvent: {}
[8.210663] (-) TimerEvent: {}
[8.310886] (-) TimerEvent: {}
[8.411136] (-) TimerEvent: {}
[8.511375] (-) TimerEvent: {}
[8.611626] (-) TimerEvent: {}
[8.711864] (-) TimerEvent: {}
[8.812073] (-) TimerEvent: {}
[8.912238] (-) TimerEvent: {}
[9.012382] (-) TimerEvent: {}
[9.112516] (-) TimerEvent: {}
[9.212646] (-) TimerEvent: {}
[9.312785] (-) TimerEvent: {}
[9.412915] (-) TimerEvent: {}
[9.513046] (-) TimerEvent: {}
[9.613192] (-) TimerEvent: {}
[9.713382] (-) TimerEvent: {}
[9.813597] (-) TimerEvent: {}
[9.913820] (-) TimerEvent: {}
[10.014046] (-) TimerEvent: {}
[10.114286] (-) TimerEvent: {}
[10.214528] (-) TimerEvent: {}
[10.314763] (-) TimerEvent: {}
[10.414981] (-) TimerEvent: {}
[10.515168] (-) TimerEvent: {}
[10.615327] (-) TimerEvent: {}
[10.715478] (-) TimerEvent: {}
[10.815654] (-) TimerEvent: {}
[10.915837] (-) TimerEvent: {}
[11.015999] (-) TimerEvent: {}
[11.116150] (-) TimerEvent: {}
[11.216295] (-) TimerEvent: {}
[11.316436] (-) TimerEvent: {}
[11.416605] (-) TimerEvent: {}
[11.516830] (-) TimerEvent: {}
[11.617029] (-) TimerEvent: {}
[11.717196] (-) TimerEvent: {}
[11.817363] (-) TimerEvent: {}
[11.917520] (-) TimerEvent: {}
[12.017697] (-) TimerEvent: {}
[12.117904] (-) TimerEvent: {}
[12.218112] (-) TimerEvent: {}
[12.318333] (-) TimerEvent: {}
[12.418560] (-) TimerEvent: {}
[12.518782] (-) TimerEvent: {}
[12.619030] (-) TimerEvent: {}
[12.719311] (-) TimerEvent: {}
[12.758906] (mcap_streamer) StdoutLine: {'line': b'[100%] Linking CXX executable mcap_example\n'}
[12.819450] (-) TimerEvent: {}
[12.919652] (-) TimerEvent: {}
[13.019882] (-) TimerEvent: {}
[13.120120] (-) TimerEvent: {}
[13.220342] (-) TimerEvent: {}
[13.320574] (-) TimerEvent: {}
[13.353337] (mcap_streamer) StdoutLine: {'line': b'[100%] Built target mcap_example\n'}
[13.364151] (mcap_streamer) CommandEnded: {'returncode': 0}
[13.364942] (mcap_streamer) JobProgress: {'identifier': 'mcap_streamer', 'progress': 'install'}
[13.374294] (mcap_streamer) Command: {'cmd': ['/usr/bin/cmake', '--install', '/home/linjiawei/load_mcap/build/mcap_streamer'], 'cwd': '/home/linjiawei/load_mcap/build/mcap_streamer', 'env': OrderedDict([('LESSOPEN', '| /usr/bin/lesspipe %s'), ('VSCODE_CWD', '/home/linjiawei'), ('KUBERNETES_SERVICE_PORT', '443'), ('VSCODE_ESM_ENTRYPOINT', 'vs/workbench/api/node/extensionHostProcess'), ('KUBEBRAIN_SITE', 'mach'), ('KUBERNETES_PORT', 'tcp://10.68.0.1:443'), ('BRAIN_DAEMON_JUPYTER_DIR', '/data/jupyter'), ('USER', 'linjiawei'), ('SSH_CLIENT', '100.96.2.80 57616 22'), ('VSCODE_NLS_CONFIG', '{"userLocale":"zh-cn","osLocale":"zh-cn","resolvedLanguage":"zh-cn","defaultMessagesFile":"/home/linjiawei/.cursor-server/bin/ba90f2f88e4911312761abab9492c42442117cf0/out/nls.messages.json","languagePack":{"translationsConfigFile":"/home/linjiawei/.cursor-server/data/clp/6fe284ae87274d9cb2cdffc89b193492.zh-cn/tcf.json","messagesFile":"/home/linjiawei/.cursor-server/data/clp/6fe284ae87274d9cb2cdffc89b193492.zh-cn/ba90f2f88e4911312761abab9492c42442117cf0/nls.messages.json","corruptMarkerFile":"/home/linjiawei/.cursor-server/data/clp/6fe284ae87274d9cb2cdffc89b193492.zh-cn/corrupted.info"},"locale":"zh-cn","availableLanguages":{"*":"zh-cn"},"_languagePackId":"6fe284ae87274d9cb2cdffc89b193492.zh-cn","_languagePackSupport":true,"_translationsConfigFile":"/home/linjiawei/.cursor-server/data/clp/6fe284ae87274d9cb2cdffc89b193492.zh-cn/tcf.json","_cacheRoot":"/home/linjiawei/.cursor-server/data/clp/6fe284ae87274d9cb2cdffc89b193492.zh-cn","_resolvedLanguagePackCoreLocation":"/home/linjiawei/.cursor-server/data/clp/6fe284ae87274d9cb2cdffc89b193492.zh-cn/ba90f2f88e4911312761abab9492c42442117cf0","_corruptedFile":"/home/linjiawei/.cursor-server/data/clp/6fe284ae87274d9cb2cdffc89b193492.zh-cn/corrupted.info"}'), ('BRAIN_SHARED_READONLY', 'false'), ('KUBEBRAIN_PROCESS_ID', 'a339afdf-8e23-41dd-b3c2-ec44dfa27e9d'), ('VSCODE_HANDLES_UNCAUGHT_ERRORS', 'true'), ('HOSTNAME', 'ros'), ('XDG_SESSION_TYPE', 'tty'), ('SHLVL', '0'), ('LD_LIBRARY_PATH', '/home/linjiawei/load_mcap/install/serialize_msgs/lib:/home/linjiawei/load_mcap/install/rviz_plug_msg/lib:/home/linjiawei/load_mcap/install/fault_diagnosis/lib:/home/linjiawei/load_mcap/install/environment_model_msgs/lib:/home/linjiawei/load_mcap/install/deva_control_msgs/lib:/home/linjiawei/load_mcap/install/deva_planning_msgs2/lib:/home/linjiawei/load_mcap/install/deva_mdriver_msgs/lib:/home/linjiawei/load_mcap/install/deva_planning_msgs/lib:/home/linjiawei/load_mcap/install/deva_map_msgs/lib:/home/linjiawei/load_mcap/install/deva_perception_msgs/lib:/home/linjiawei/load_mcap/install/deva_navi_msgs/lib:/home/linjiawei/load_mcap/install/deva_localization_msgs/lib:/home/linjiawei/load_mcap/install/deva_gaode_routing_msgs/lib:/home/linjiawei/load_mcap/install/deva_function_msgs/lib:/home/linjiawei/load_mcap/install/deva_aeb_msgs/lib:/home/linjiawei/load_mcap/install/deva_common_msgs/lib:/home/linjiawei/load_mcap/install/deva_ads_msgs/lib:/opt/ros/humble/opt/rviz_ogre_vendor/lib:/opt/ros/humble/lib/x86_64-linux-gnu:/opt/ros/humble/lib:/usr/local/nvidia/lib64'), ('BROWSER', '/home/linjiawei/.cursor-server/bin/ba90f2f88e4911312761abab9492c42442117cf0/bin/helpers/browser.sh'), ('MOTD_SHOWN', 'pam'), ('HOME', '/home/linjiawei'), ('TMP_SIZE', '16777216K'), ('KUBEBRAIN_RUNTIME', 'ws2'), ('OLDPWD', '/home/linjiawei/load_mcap'), ('VSCODE_IPC_HOOK_CLI', '/run/user/10250/vscode-ipc-a2aff49f-58d2-441e-828d-ced252d61886.sock'), ('BRAIN_DAEMON_JUPYTER_TOKEN', '9c0e8eec-6994-41a4-9f6b-319d33bc630e'), ('ROS_PYTHON_VERSION', '3'), ('BRAIN_DAEMON_JUPYTER_BASE_URL', '/kapi/workspace.kubebrain.io/mach-mp/ws-00018098a82852e6/jupyter'), ('PCIDEVICE_MELLANOX_COM_MLNX_RDMA', ''), ('NO_COLOR', '1'), ('TOPOLOGY_ZONE', 'mach-cn-west-qy-dsxs-cm'), ('VSCODE_L10N_BUNDLE_LOCATION', 'vscode-local:/home/linjiawei/.cursor/extensions/ms-ceintl.vscode-language-pack-zh-hans-1.99.0-universal/translations/extensions/vscode.json-language-features.i18n.json'), ('COLCON_PREFIX_PATH', '/home/linjiawei/load_mcap/install'), ('ROS_DISTRO', 'humble'), ('LOGNAME', 'linjiawei'), ('FORCE_COLOR', '0'), ('VSCODE_HANDLES_SIGPIPE', 'true'), ('_', '/usr/bin/colcon'), ('ROS_VERSION', '2'), ('BRAIN_USERNAME', 'linjiawei'), ('XDG_SESSION_CLASS', 'user'), ('TERM', 'dumb'), ('XDG_SESSION_ID', 'c59'), ('KUBERNETES_PORT_443_TCP_ADDR', '10.68.0.1'), ('ROS_LOCALHOST_ONLY', '0'), ('COMPOSER_NO_INTERACTION', '1'), ('SHM_SIZE', '16777216K'), ('PATH', '/home/linjiawei/.local/bin:/home/linjiawei/.local/bin:/opt/ros/humble/bin:/opt/conda/bin:/kubebrain:/usr/local/nvidia/bin:/usr/local/sbin:/usr/local/bin:/usr/sbin:/usr/bin:/sbin:/bin'), ('VSCODE_AGENT_FOLDER', '/home/linjiawei/.cursor-server'), ('KUBEBRAIN_WORKSPACE_NAME', 'ws-00018098a82852e6'), ('XDG_RUNTIME_DIR', '/run/user/10250'), ('KUBERNETES_PORT_443_TCP_PORT', '443'), ('CURSOR_AGENT', '1'), ('DISPLAY', 'localhost:10.0'), ('KUBERNETES_PORT_443_TCP_PROTO', 'tcp'), ('KUBEBRAIN_RESOURCE_TYPE', 'workspace'), ('LANG', 'en_US.UTF-8'), ('LS_COLORS', ''), ('SSH_AUTH_SOCK', '/tmp/cursor-remote-ssh-auth-sock-5947a298-eaf8-4f15-adfc-973d91be4566.sock'), ('AMENT_PREFIX_PATH', '/home/linjiawei/load_mcap/install/serialize_msgs:/home/linjiawei/load_mcap/install/rviz_plug_msg:/home/linjiawei/load_mcap/install/mcap_streamer:/home/linjiawei/load_mcap/install/fault_diagnosis:/home/linjiawei/load_mcap/install/environment_model_msgs:/home/linjiawei/load_mcap/install/deva_control_msgs:/home/linjiawei/load_mcap/install/deva_planning_msgs2:/home/linjiawei/load_mcap/install/deva_mdriver_msgs:/home/linjiawei/load_mcap/install/deva_planning_msgs:/home/linjiawei/load_mcap/install/deva_map_msgs:/home/linjiawei/load_mcap/install/deva_perception_msgs:/home/linjiawei/load_mcap/install/deva_navi_msgs:/home/linjiawei/load_mcap/install/deva_localization_msgs:/home/linjiawei/load_mcap/install/deva_gaode_routing_msgs:/home/linjiawei/load_mcap/install/deva_function_msgs:/home/linjiawei/load_mcap/install/deva_aeb_msgs:/home/linjiawei/load_mcap/install/deva_common_msgs:/home/linjiawei/load_mcap/install/deva_ads_msgs:/opt/ros/humble'), ('BRAIN_DAEMON_JUPYTER_PORT', '8888'), ('SHELL', '/bin/bash'), ('VSCODE_SERVER_SHUTDOWN_TIMEOUT', '300'), ('TerminationGracePeriodSeconds', '30'), ('LESSCLOSE', '/usr/bin/lesspipe %s %s'), ('KUBERNETES_SERVICE_PORT_HTTPS', '443'), ('KUBERNETES_PORT_443_TCP', 'tcp://10.68.0.1:443'), ('KUBEBRAIN_QUOTA_GROUP', 'mp_ws'), ('KUBEBRAIN_CLUSTER_ENTRY', 'https://qy.machdrive.cn'), ('PWD', '/home/linjiawei/load_mcap/build/mcap_streamer'), ('BRAIN_SHARED_ROOT', '10.68.17.151:/'), ('KUBEBRAIN_NAMESPACE', 'mach-mp'), ('KUBERNETES_SERVICE_HOST', '10.68.0.1'), ('BRAIN_TOPOLOGY_LEAF_ROCE', ''), ('LC_ALL', 'en_US.UTF-8'), ('SSH_CONNECTION', '100.96.2.80 57616 100.97.82.77 22'), ('KUBEBRAIN_PROCESS_NAME', 'ws-00018098a82852e6-master'), ('KUBEBRAIN_WORKSPACE_NAMESPACE', ''), ('PYTHONPATH', '/home/linjiawei/load_mcap/install/serialize_msgs/local/lib/python3.10/dist-packages:/home/linjiawei/load_mcap/install/rviz_plug_msg/local/lib/python3.10/dist-packages:/home/linjiawei/load_mcap/install/fault_diagnosis/local/lib/python3.10/dist-packages:/home/linjiawei/load_mcap/install/environment_model_msgs/local/lib/python3.10/dist-packages:/home/linjiawei/load_mcap/install/deva_control_msgs/local/lib/python3.10/dist-packages:/home/linjiawei/load_mcap/install/deva_planning_msgs2/local/lib/python3.10/dist-packages:/home/linjiawei/load_mcap/install/deva_mdriver_msgs/local/lib/python3.10/dist-packages:/home/linjiawei/load_mcap/install/deva_planning_msgs/local/lib/python3.10/dist-packages:/home/linjiawei/load_mcap/install/deva_map_msgs/local/lib/python3.10/dist-packages:/home/linjiawei/load_mcap/install/deva_perception_msgs/local/lib/python3.10/dist-packages:/home/linjiawei/load_mcap/install/deva_navi_msgs/local/lib/python3.10/dist-packages:/home/linjiawei/load_mcap/install/deva_localization_msgs/local/lib/python3.10/dist-packages:/home/linjiawei/load_mcap/install/deva_gaode_routing_msgs/local/lib/python3.10/dist-packages:/home/linjiawei/load_mcap/install/deva_function_msgs/local/lib/python3.10/dist-packages:/home/linjiawei/load_mcap/install/deva_aeb_msgs/local/lib/python3.10/dist-packages:/home/linjiawei/load_mcap/install/deva_common_msgs/local/lib/python3.10/dist-packages:/home/linjiawei/load_mcap/install/deva_ads_msgs/local/lib/python3.10/dist-packages:/opt/ros/humble/lib/python3.10/site-packages:/opt/ros/humble/local/lib/python3.10/dist-packages'), ('NVIDIA_VISIBLE_DEVICES', ''), ('COLCON', '1'), ('CMAKE_PREFIX_PATH', '/home/linjiawei/load_mcap/install/serialize_msgs:/home/linjiawei/load_mcap/install/rviz_plug_msg:/home/linjiawei/load_mcap/install/mcap_streamer:/home/linjiawei/load_mcap/install/fault_diagnosis:/home/linjiawei/load_mcap/install/environment_model_msgs:/home/linjiawei/load_mcap/install/deva_control_msgs:/home/linjiawei/load_mcap/install/deva_planning_msgs2:/home/linjiawei/load_mcap/install/deva_mdriver_msgs:/home/linjiawei/load_mcap/install/deva_planning_msgs:/home/linjiawei/load_mcap/install/deva_map_msgs:/home/linjiawei/load_mcap/install/deva_perception_msgs:/home/linjiawei/load_mcap/install/deva_navi_msgs:/home/linjiawei/load_mcap/install/deva_localization_msgs:/home/linjiawei/load_mcap/install/deva_gaode_routing_msgs:/home/linjiawei/load_mcap/install/deva_function_msgs:/home/linjiawei/load_mcap/install/deva_aeb_msgs:/home/linjiawei/load_mcap/install/deva_common_msgs:/home/linjiawei/load_mcap/install/deva_ads_msgs:/opt/ros/humble')]), 'shell': False}
[13.381899] (mcap_streamer) StdoutLine: {'line': b'-- Install configuration: ""\n'}
[13.382071] (mcap_streamer) StdoutLine: {'line': b'-- Up-to-date: /home/linjiawei/load_mcap/install/mcap_streamer/lib/mcap_streamer/mcap_streamer_node\n'}
[13.382316] (mcap_streamer) StdoutLine: {'line': b'-- Installing: /home/linjiawei/load_mcap/install/mcap_streamer/lib/mcap_streamer/mcap_example\n'}
[13.384981] (mcap_streamer) StdoutLine: {'line': b'-- Set runtime path of "/home/linjiawei/load_mcap/install/mcap_streamer/lib/mcap_streamer/mcap_example" to ""\n'}
[13.385073] (mcap_streamer) StdoutLine: {'line': b'-- Up-to-date: /home/linjiawei/load_mcap/install/mcap_streamer/share/mcap_streamer/config\n'}
[13.385145] (mcap_streamer) StdoutLine: {'line': b'-- Up-to-date: /home/linjiawei/load_mcap/install/mcap_streamer/share/mcap_streamer/config/mcap_streamer_params.yaml\n'}
[13.385216] (mcap_streamer) StdoutLine: {'line': b'-- Up-to-date: /home/linjiawei/load_mcap/install/mcap_streamer/share/mcap_streamer/config/mcap_reader_params.yaml\n'}
[13.385287] (mcap_streamer) StdoutLine: {'line': b'-- Up-to-date: /home/linjiawei/load_mcap/install/mcap_streamer/share/mcap_streamer/launch\n'}
[13.385367] (mcap_streamer) StdoutLine: {'line': b'-- Up-to-date: /home/linjiawei/load_mcap/install/mcap_streamer/share/mcap_streamer/launch/mcap_streamer.launch.py\n'}
[13.385437] (mcap_streamer) StdoutLine: {'line': b'-- Up-to-date: /home/linjiawei/load_mcap/install/mcap_streamer/share/mcap_streamer/launch/mcap_reader.launch.py\n'}
[13.385507] (mcap_streamer) StdoutLine: {'line': b'-- Up-to-date: /home/linjiawei/load_mcap/install/mcap_streamer/share/mcap_streamer/launch/mcap_streamer_with_reader.launch.py\n'}
[13.385578] (mcap_streamer) StdoutLine: {'line': b'-- Up-to-date: /home/linjiawei/load_mcap/install/mcap_streamer/share/mcap_streamer/launch/mcap_example.launch.py\n'}
[13.385647] (mcap_streamer) StdoutLine: {'line': b'-- Up-to-date: /home/linjiawei/load_mcap/install/mcap_streamer/share/ament_index/resource_index/package_run_dependencies/mcap_streamer\n'}
[13.385715] (mcap_streamer) StdoutLine: {'line': b'-- Up-to-date: /home/linjiawei/load_mcap/install/mcap_streamer/share/ament_index/resource_index/parent_prefix_path/mcap_streamer\n'}
[13.385914] (mcap_streamer) StdoutLine: {'line': b'-- Up-to-date: /home/linjiawei/load_mcap/install/mcap_streamer/share/mcap_streamer/environment/ament_prefix_path.sh\n'}
[13.385973] (mcap_streamer) StdoutLine: {'line': b'-- Up-to-date: /home/linjiawei/load_mcap/install/mcap_streamer/share/mcap_streamer/environment/ament_prefix_path.dsv\n'}
[13.386025] (mcap_streamer) StdoutLine: {'line': b'-- Up-to-date: /home/linjiawei/load_mcap/install/mcap_streamer/share/mcap_streamer/environment/path.sh\n'}
[13.386076] (mcap_streamer) StdoutLine: {'line': b'-- Up-to-date: /home/linjiawei/load_mcap/install/mcap_streamer/share/mcap_streamer/environment/path.dsv\n'}
[13.386128] (mcap_streamer) StdoutLine: {'line': b'-- Up-to-date: /home/linjiawei/load_mcap/install/mcap_streamer/share/mcap_streamer/local_setup.bash\n'}
[13.386179] (mcap_streamer) StdoutLine: {'line': b'-- Up-to-date: /home/linjiawei/load_mcap/install/mcap_streamer/share/mcap_streamer/local_setup.sh\n'}
[13.386264] (mcap_streamer) StdoutLine: {'line': b'-- Up-to-date: /home/linjiawei/load_mcap/install/mcap_streamer/share/mcap_streamer/local_setup.zsh\n'}
[13.386589] (mcap_streamer) StdoutLine: {'line': b'-- Up-to-date: /home/linjiawei/load_mcap/install/mcap_streamer/share/mcap_streamer/local_setup.dsv\n'}
[13.386946] (mcap_streamer) StdoutLine: {'line': b'-- Installing: /home/linjiawei/load_mcap/install/mcap_streamer/share/mcap_streamer/package.dsv\n'}
[13.387303] (mcap_streamer) StdoutLine: {'line': b'-- Up-to-date: /home/linjiawei/load_mcap/install/mcap_streamer/share/ament_index/resource_index/packages/mcap_streamer\n'}
[13.387398] (mcap_streamer) StdoutLine: {'line': b'-- Up-to-date: /home/linjiawei/load_mcap/install/mcap_streamer/share/mcap_streamer/cmake/mcap_streamerConfig.cmake\n'}
[13.387470] (mcap_streamer) StdoutLine: {'line': b'-- Up-to-date: /home/linjiawei/load_mcap/install/mcap_streamer/share/mcap_streamer/cmake/mcap_streamerConfig-version.cmake\n'}
[13.387541] (mcap_streamer) StdoutLine: {'line': b'-- Up-to-date: /home/linjiawei/load_mcap/install/mcap_streamer/share/mcap_streamer/package.xml\n'}
[13.387611] (mcap_streamer) CommandEnded: {'returncode': 0}
[13.410784] (mcap_streamer) JobEnded: {'identifier': 'mcap_streamer', 'rc': 0}
[13.411473] (-) EventReactorShutdown: {}
