[  0%] Built target deva_common_msgs__cpp
[ 12%] Built target deva_common_msgs__rosidl_generator_c
[ 12%] Built target ament_cmake_python_copy_deva_common_msgs
[ 24%] Built target deva_common_msgs__rosidl_typesupport_cpp
[ 36%] Built target deva_common_msgs__rosidl_typesupport_introspection_cpp
[ 48%] Built target deva_common_msgs__rosidl_typesupport_fastrtps_c
[ 60%] Built target deva_common_msgs__rosidl_typesupport_introspection_c
[ 72%] Built target deva_common_msgs__rosidl_typesupport_fastrtps_cpp
[ 84%] Built target deva_common_msgs__rosidl_typesupport_c
[ 84%] Built target deva_common_msgs
[ 85%] Built target deva_common_msgs__py
[ 96%] Built target deva_common_msgs__rosidl_generator_py
[ 98%] Built target deva_common_msgs__rosidl_typesupport_introspection_c__pyext
[ 99%] Built target deva_common_msgs__rosidl_typesupport_c__pyext
[100%] Built target deva_common_msgs__rosidl_typesupport_fastrtps_c__pyext
running egg_info
writing deva_common_msgs.egg-info/PKG-INFO
writing dependency_links to deva_common_msgs.egg-info/dependency_links.txt
writing top-level names to deva_common_msgs.egg-info/top_level.txt
reading manifest file 'deva_common_msgs.egg-info/SOURCES.txt'
writing manifest file 'deva_common_msgs.egg-info/SOURCES.txt'
[100%] Built target ament_cmake_python_build_deva_common_msgs_egg
-- Install configuration: ""
-- Up-to-date: /home/linjiawei/load_mcap/install/deva_common_msgs/share/ament_index/resource_index/rosidl_interfaces/deva_common_msgs
-- Up-to-date: /home/linjiawei/load_mcap/install/deva_common_msgs/include/deva_common_msgs/deva_common_msgs
-- Up-to-date: /home/linjiawei/load_mcap/install/deva_common_msgs/include/deva_common_msgs/deva_common_msgs/msg
-- Up-to-date: /home/linjiawei/load_mcap/install/deva_common_msgs/include/deva_common_msgs/deva_common_msgs/msg/rosidl_generator_c__visibility_control.h
-- Up-to-date: /home/linjiawei/load_mcap/install/deva_common_msgs/include/deva_common_msgs/deva_common_msgs/msg/bounding_box.h
-- Up-to-date: /home/linjiawei/load_mcap/install/deva_common_msgs/include/deva_common_msgs/deva_common_msgs/msg/detail
-- Up-to-date: /home/linjiawei/load_mcap/install/deva_common_msgs/include/deva_common_msgs/deva_common_msgs/msg/detail/bounding_box__functions.c
-- Up-to-date: /home/linjiawei/load_mcap/install/deva_common_msgs/include/deva_common_msgs/deva_common_msgs/msg/detail/bounding_box__functions.h
-- Up-to-date: /home/linjiawei/load_mcap/install/deva_common_msgs/include/deva_common_msgs/deva_common_msgs/msg/detail/bounding_box__struct.h
-- Up-to-date: /home/linjiawei/load_mcap/install/deva_common_msgs/include/deva_common_msgs/deva_common_msgs/msg/detail/bounding_box__type_support.h
-- Up-to-date: /home/linjiawei/load_mcap/install/deva_common_msgs/include/deva_common_msgs/deva_common_msgs/msg/detail/bounding_box2d__functions.c
-- Up-to-date: /home/linjiawei/load_mcap/install/deva_common_msgs/include/deva_common_msgs/deva_common_msgs/msg/detail/bounding_box2d__functions.h
-- Up-to-date: /home/linjiawei/load_mcap/install/deva_common_msgs/include/deva_common_msgs/deva_common_msgs/msg/detail/bounding_box2d__struct.h
-- Up-to-date: /home/linjiawei/load_mcap/install/deva_common_msgs/include/deva_common_msgs/deva_common_msgs/msg/detail/bounding_box2d__type_support.h
-- Up-to-date: /home/linjiawei/load_mcap/install/deva_common_msgs/include/deva_common_msgs/deva_common_msgs/msg/detail/dimension__functions.c
-- Up-to-date: /home/linjiawei/load_mcap/install/deva_common_msgs/include/deva_common_msgs/deva_common_msgs/msg/detail/dimension__functions.h
-- Up-to-date: /home/linjiawei/load_mcap/install/deva_common_msgs/include/deva_common_msgs/deva_common_msgs/msg/detail/dimension__struct.h
-- Up-to-date: /home/linjiawei/load_mcap/install/deva_common_msgs/include/deva_common_msgs/deva_common_msgs/msg/detail/dimension__type_support.h
-- Up-to-date: /home/linjiawei/load_mcap/install/deva_common_msgs/include/deva_common_msgs/deva_common_msgs/msg/detail/disperse_curve__functions.c
-- Up-to-date: /home/linjiawei/load_mcap/install/deva_common_msgs/include/deva_common_msgs/deva_common_msgs/msg/detail/disperse_curve__functions.h
-- Up-to-date: /home/linjiawei/load_mcap/install/deva_common_msgs/include/deva_common_msgs/deva_common_msgs/msg/detail/disperse_curve__struct.h
-- Up-to-date: /home/linjiawei/load_mcap/install/deva_common_msgs/include/deva_common_msgs/deva_common_msgs/msg/detail/disperse_curve__type_support.h
-- Up-to-date: /home/linjiawei/load_mcap/install/deva_common_msgs/include/deva_common_msgs/deva_common_msgs/msg/detail/equation_curve__functions.c
-- Up-to-date: /home/linjiawei/load_mcap/install/deva_common_msgs/include/deva_common_msgs/deva_common_msgs/msg/detail/equation_curve__functions.h
-- Up-to-date: /home/linjiawei/load_mcap/install/deva_common_msgs/include/deva_common_msgs/deva_common_msgs/msg/detail/equation_curve__struct.h
-- Up-to-date: /home/linjiawei/load_mcap/install/deva_common_msgs/include/deva_common_msgs/deva_common_msgs/msg/detail/equation_curve__type_support.h
-- Up-to-date: /home/linjiawei/load_mcap/install/deva_common_msgs/include/deva_common_msgs/deva_common_msgs/msg/detail/ground_point__functions.c
-- Up-to-date: /home/linjiawei/load_mcap/install/deva_common_msgs/include/deva_common_msgs/deva_common_msgs/msg/detail/ground_point__functions.h
-- Up-to-date: /home/linjiawei/load_mcap/install/deva_common_msgs/include/deva_common_msgs/deva_common_msgs/msg/detail/ground_point__struct.h
-- Up-to-date: /home/linjiawei/load_mcap/install/deva_common_msgs/include/deva_common_msgs/deva_common_msgs/msg/detail/ground_point__type_support.h
-- Up-to-date: /home/linjiawei/load_mcap/install/deva_common_msgs/include/deva_common_msgs/deva_common_msgs/msg/detail/header__functions.c
-- Up-to-date: /home/linjiawei/load_mcap/install/deva_common_msgs/include/deva_common_msgs/deva_common_msgs/msg/detail/header__functions.h
-- Up-to-date: /home/linjiawei/load_mcap/install/deva_common_msgs/include/deva_common_msgs/deva_common_msgs/msg/detail/header__struct.h
-- Up-to-date: /home/linjiawei/load_mcap/install/deva_common_msgs/include/deva_common_msgs/deva_common_msgs/msg/detail/header__type_support.h
-- Up-to-date: /home/linjiawei/load_mcap/install/deva_common_msgs/include/deva_common_msgs/deva_common_msgs/msg/detail/kv__functions.c
-- Up-to-date: /home/linjiawei/load_mcap/install/deva_common_msgs/include/deva_common_msgs/deva_common_msgs/msg/detail/kv__functions.h
-- Up-to-date: /home/linjiawei/load_mcap/install/deva_common_msgs/include/deva_common_msgs/deva_common_msgs/msg/detail/kv__struct.h
-- Up-to-date: /home/linjiawei/load_mcap/install/deva_common_msgs/include/deva_common_msgs/deva_common_msgs/msg/detail/kv__type_support.h
-- Up-to-date: /home/linjiawei/load_mcap/install/deva_common_msgs/include/deva_common_msgs/deva_common_msgs/msg/detail/line2d__functions.c
-- Up-to-date: /home/linjiawei/load_mcap/install/deva_common_msgs/include/deva_common_msgs/deva_common_msgs/msg/detail/line2d__functions.h
-- Up-to-date: /home/linjiawei/load_mcap/install/deva_common_msgs/include/deva_common_msgs/deva_common_msgs/msg/detail/line2d__struct.h
-- Up-to-date: /home/linjiawei/load_mcap/install/deva_common_msgs/include/deva_common_msgs/deva_common_msgs/msg/detail/line2d__type_support.h
-- Up-to-date: /home/linjiawei/load_mcap/install/deva_common_msgs/include/deva_common_msgs/deva_common_msgs/msg/detail/line_segment__functions.c
-- Up-to-date: /home/linjiawei/load_mcap/install/deva_common_msgs/include/deva_common_msgs/deva_common_msgs/msg/detail/line_segment__functions.h
-- Up-to-date: /home/linjiawei/load_mcap/install/deva_common_msgs/include/deva_common_msgs/deva_common_msgs/msg/detail/line_segment__struct.h
-- Up-to-date: /home/linjiawei/load_mcap/install/deva_common_msgs/include/deva_common_msgs/deva_common_msgs/msg/detail/line_segment__type_support.h
-- Up-to-date: /home/linjiawei/load_mcap/install/deva_common_msgs/include/deva_common_msgs/deva_common_msgs/msg/detail/point2d__functions.c
-- Up-to-date: /home/linjiawei/load_mcap/install/deva_common_msgs/include/deva_common_msgs/deva_common_msgs/msg/detail/point2d__functions.h
-- Up-to-date: /home/linjiawei/load_mcap/install/deva_common_msgs/include/deva_common_msgs/deva_common_msgs/msg/detail/point2d__struct.h
-- Up-to-date: /home/linjiawei/load_mcap/install/deva_common_msgs/include/deva_common_msgs/deva_common_msgs/msg/detail/point2d__type_support.h
-- Up-to-date: /home/linjiawei/load_mcap/install/deva_common_msgs/include/deva_common_msgs/deva_common_msgs/msg/detail/serialize__functions.c
-- Up-to-date: /home/linjiawei/load_mcap/install/deva_common_msgs/include/deva_common_msgs/deva_common_msgs/msg/detail/serialize__functions.h
-- Up-to-date: /home/linjiawei/load_mcap/install/deva_common_msgs/include/deva_common_msgs/deva_common_msgs/msg/detail/serialize__struct.h
-- Up-to-date: /home/linjiawei/load_mcap/install/deva_common_msgs/include/deva_common_msgs/deva_common_msgs/msg/detail/serialize__type_support.h
-- Up-to-date: /home/linjiawei/load_mcap/install/deva_common_msgs/include/deva_common_msgs/deva_common_msgs/msg/detail/string__functions.c
-- Up-to-date: /home/linjiawei/load_mcap/install/deva_common_msgs/include/deva_common_msgs/deva_common_msgs/msg/detail/string__functions.h
-- Up-to-date: /home/linjiawei/load_mcap/install/deva_common_msgs/include/deva_common_msgs/deva_common_msgs/msg/detail/string__struct.h
-- Up-to-date: /home/linjiawei/load_mcap/install/deva_common_msgs/include/deva_common_msgs/deva_common_msgs/msg/detail/string__type_support.h
-- Up-to-date: /home/linjiawei/load_mcap/install/deva_common_msgs/include/deva_common_msgs/deva_common_msgs/msg/bounding_box2d.h
-- Up-to-date: /home/linjiawei/load_mcap/install/deva_common_msgs/include/deva_common_msgs/deva_common_msgs/msg/dimension.h
-- Up-to-date: /home/linjiawei/load_mcap/install/deva_common_msgs/include/deva_common_msgs/deva_common_msgs/msg/disperse_curve.h
-- Up-to-date: /home/linjiawei/load_mcap/install/deva_common_msgs/include/deva_common_msgs/deva_common_msgs/msg/equation_curve.h
-- Up-to-date: /home/linjiawei/load_mcap/install/deva_common_msgs/include/deva_common_msgs/deva_common_msgs/msg/ground_point.h
-- Up-to-date: /home/linjiawei/load_mcap/install/deva_common_msgs/include/deva_common_msgs/deva_common_msgs/msg/header.h
-- Up-to-date: /home/linjiawei/load_mcap/install/deva_common_msgs/include/deva_common_msgs/deva_common_msgs/msg/kv.h
-- Up-to-date: /home/linjiawei/load_mcap/install/deva_common_msgs/include/deva_common_msgs/deva_common_msgs/msg/line2d.h
-- Up-to-date: /home/linjiawei/load_mcap/install/deva_common_msgs/include/deva_common_msgs/deva_common_msgs/msg/line_segment.h
-- Up-to-date: /home/linjiawei/load_mcap/install/deva_common_msgs/include/deva_common_msgs/deva_common_msgs/msg/point2d.h
-- Up-to-date: /home/linjiawei/load_mcap/install/deva_common_msgs/include/deva_common_msgs/deva_common_msgs/msg/serialize.h
-- Up-to-date: /home/linjiawei/load_mcap/install/deva_common_msgs/include/deva_common_msgs/deva_common_msgs/msg/string.h
-- Up-to-date: /home/linjiawei/load_mcap/install/deva_common_msgs/share/deva_common_msgs/environment/library_path.sh
-- Up-to-date: /home/linjiawei/load_mcap/install/deva_common_msgs/share/deva_common_msgs/environment/library_path.dsv
-- Up-to-date: /home/linjiawei/load_mcap/install/deva_common_msgs/lib/libdeva_common_msgs__rosidl_generator_c.so
-- Up-to-date: /home/linjiawei/load_mcap/install/deva_common_msgs/include/deva_common_msgs/deva_common_msgs
-- Up-to-date: /home/linjiawei/load_mcap/install/deva_common_msgs/include/deva_common_msgs/deva_common_msgs/msg
-- Up-to-date: /home/linjiawei/load_mcap/install/deva_common_msgs/include/deva_common_msgs/deva_common_msgs/msg/rosidl_typesupport_fastrtps_c__visibility_control.h
-- Up-to-date: /home/linjiawei/load_mcap/install/deva_common_msgs/include/deva_common_msgs/deva_common_msgs/msg/detail
-- Up-to-date: /home/linjiawei/load_mcap/install/deva_common_msgs/include/deva_common_msgs/deva_common_msgs/msg/detail/bounding_box__rosidl_typesupport_fastrtps_c.h
-- Up-to-date: /home/linjiawei/load_mcap/install/deva_common_msgs/include/deva_common_msgs/deva_common_msgs/msg/detail/bounding_box2d__rosidl_typesupport_fastrtps_c.h
-- Up-to-date: /home/linjiawei/load_mcap/install/deva_common_msgs/include/deva_common_msgs/deva_common_msgs/msg/detail/dimension__rosidl_typesupport_fastrtps_c.h
-- Up-to-date: /home/linjiawei/load_mcap/install/deva_common_msgs/include/deva_common_msgs/deva_common_msgs/msg/detail/disperse_curve__rosidl_typesupport_fastrtps_c.h
-- Up-to-date: /home/linjiawei/load_mcap/install/deva_common_msgs/include/deva_common_msgs/deva_common_msgs/msg/detail/equation_curve__rosidl_typesupport_fastrtps_c.h
-- Up-to-date: /home/linjiawei/load_mcap/install/deva_common_msgs/include/deva_common_msgs/deva_common_msgs/msg/detail/ground_point__rosidl_typesupport_fastrtps_c.h
-- Up-to-date: /home/linjiawei/load_mcap/install/deva_common_msgs/include/deva_common_msgs/deva_common_msgs/msg/detail/header__rosidl_typesupport_fastrtps_c.h
-- Up-to-date: /home/linjiawei/load_mcap/install/deva_common_msgs/include/deva_common_msgs/deva_common_msgs/msg/detail/kv__rosidl_typesupport_fastrtps_c.h
-- Up-to-date: /home/linjiawei/load_mcap/install/deva_common_msgs/include/deva_common_msgs/deva_common_msgs/msg/detail/line2d__rosidl_typesupport_fastrtps_c.h
-- Up-to-date: /home/linjiawei/load_mcap/install/deva_common_msgs/include/deva_common_msgs/deva_common_msgs/msg/detail/line_segment__rosidl_typesupport_fastrtps_c.h
-- Up-to-date: /home/linjiawei/load_mcap/install/deva_common_msgs/include/deva_common_msgs/deva_common_msgs/msg/detail/point2d__rosidl_typesupport_fastrtps_c.h
-- Up-to-date: /home/linjiawei/load_mcap/install/deva_common_msgs/include/deva_common_msgs/deva_common_msgs/msg/detail/serialize__rosidl_typesupport_fastrtps_c.h
-- Up-to-date: /home/linjiawei/load_mcap/install/deva_common_msgs/include/deva_common_msgs/deva_common_msgs/msg/detail/string__rosidl_typesupport_fastrtps_c.h
-- Up-to-date: /home/linjiawei/load_mcap/install/deva_common_msgs/lib/libdeva_common_msgs__rosidl_typesupport_fastrtps_c.so
-- Up-to-date: /home/linjiawei/load_mcap/install/deva_common_msgs/include/deva_common_msgs/deva_common_msgs
-- Up-to-date: /home/linjiawei/load_mcap/install/deva_common_msgs/include/deva_common_msgs/deva_common_msgs/msg
-- Up-to-date: /home/linjiawei/load_mcap/install/deva_common_msgs/include/deva_common_msgs/deva_common_msgs/msg/rosidl_typesupport_introspection_c__visibility_control.h
-- Up-to-date: /home/linjiawei/load_mcap/install/deva_common_msgs/include/deva_common_msgs/deva_common_msgs/msg/detail
-- Up-to-date: /home/linjiawei/load_mcap/install/deva_common_msgs/include/deva_common_msgs/deva_common_msgs/msg/detail/bounding_box__rosidl_typesupport_introspection_c.h
-- Up-to-date: /home/linjiawei/load_mcap/install/deva_common_msgs/include/deva_common_msgs/deva_common_msgs/msg/detail/bounding_box__type_support.c
-- Up-to-date: /home/linjiawei/load_mcap/install/deva_common_msgs/include/deva_common_msgs/deva_common_msgs/msg/detail/bounding_box2d__rosidl_typesupport_introspection_c.h
-- Up-to-date: /home/linjiawei/load_mcap/install/deva_common_msgs/include/deva_common_msgs/deva_common_msgs/msg/detail/bounding_box2d__type_support.c
-- Up-to-date: /home/linjiawei/load_mcap/install/deva_common_msgs/include/deva_common_msgs/deva_common_msgs/msg/detail/dimension__rosidl_typesupport_introspection_c.h
-- Up-to-date: /home/linjiawei/load_mcap/install/deva_common_msgs/include/deva_common_msgs/deva_common_msgs/msg/detail/dimension__type_support.c
-- Up-to-date: /home/linjiawei/load_mcap/install/deva_common_msgs/include/deva_common_msgs/deva_common_msgs/msg/detail/disperse_curve__rosidl_typesupport_introspection_c.h
-- Up-to-date: /home/linjiawei/load_mcap/install/deva_common_msgs/include/deva_common_msgs/deva_common_msgs/msg/detail/disperse_curve__type_support.c
-- Up-to-date: /home/linjiawei/load_mcap/install/deva_common_msgs/include/deva_common_msgs/deva_common_msgs/msg/detail/equation_curve__rosidl_typesupport_introspection_c.h
-- Up-to-date: /home/linjiawei/load_mcap/install/deva_common_msgs/include/deva_common_msgs/deva_common_msgs/msg/detail/equation_curve__type_support.c
-- Up-to-date: /home/linjiawei/load_mcap/install/deva_common_msgs/include/deva_common_msgs/deva_common_msgs/msg/detail/ground_point__rosidl_typesupport_introspection_c.h
-- Up-to-date: /home/linjiawei/load_mcap/install/deva_common_msgs/include/deva_common_msgs/deva_common_msgs/msg/detail/ground_point__type_support.c
-- Up-to-date: /home/linjiawei/load_mcap/install/deva_common_msgs/include/deva_common_msgs/deva_common_msgs/msg/detail/header__rosidl_typesupport_introspection_c.h
-- Up-to-date: /home/linjiawei/load_mcap/install/deva_common_msgs/include/deva_common_msgs/deva_common_msgs/msg/detail/header__type_support.c
-- Up-to-date: /home/linjiawei/load_mcap/install/deva_common_msgs/include/deva_common_msgs/deva_common_msgs/msg/detail/kv__rosidl_typesupport_introspection_c.h
-- Up-to-date: /home/linjiawei/load_mcap/install/deva_common_msgs/include/deva_common_msgs/deva_common_msgs/msg/detail/kv__type_support.c
-- Up-to-date: /home/linjiawei/load_mcap/install/deva_common_msgs/include/deva_common_msgs/deva_common_msgs/msg/detail/line2d__rosidl_typesupport_introspection_c.h
-- Up-to-date: /home/linjiawei/load_mcap/install/deva_common_msgs/include/deva_common_msgs/deva_common_msgs/msg/detail/line2d__type_support.c
-- Up-to-date: /home/linjiawei/load_mcap/install/deva_common_msgs/include/deva_common_msgs/deva_common_msgs/msg/detail/line_segment__rosidl_typesupport_introspection_c.h
-- Up-to-date: /home/linjiawei/load_mcap/install/deva_common_msgs/include/deva_common_msgs/deva_common_msgs/msg/detail/line_segment__type_support.c
-- Up-to-date: /home/linjiawei/load_mcap/install/deva_common_msgs/include/deva_common_msgs/deva_common_msgs/msg/detail/point2d__rosidl_typesupport_introspection_c.h
-- Up-to-date: /home/linjiawei/load_mcap/install/deva_common_msgs/include/deva_common_msgs/deva_common_msgs/msg/detail/point2d__type_support.c
-- Up-to-date: /home/linjiawei/load_mcap/install/deva_common_msgs/include/deva_common_msgs/deva_common_msgs/msg/detail/serialize__rosidl_typesupport_introspection_c.h
-- Up-to-date: /home/linjiawei/load_mcap/install/deva_common_msgs/include/deva_common_msgs/deva_common_msgs/msg/detail/serialize__type_support.c
-- Up-to-date: /home/linjiawei/load_mcap/install/deva_common_msgs/include/deva_common_msgs/deva_common_msgs/msg/detail/string__rosidl_typesupport_introspection_c.h
-- Up-to-date: /home/linjiawei/load_mcap/install/deva_common_msgs/include/deva_common_msgs/deva_common_msgs/msg/detail/string__type_support.c
-- Up-to-date: /home/linjiawei/load_mcap/install/deva_common_msgs/lib/libdeva_common_msgs__rosidl_typesupport_introspection_c.so
-- Up-to-date: /home/linjiawei/load_mcap/install/deva_common_msgs/lib/libdeva_common_msgs__rosidl_typesupport_c.so
-- Up-to-date: /home/linjiawei/load_mcap/install/deva_common_msgs/include/deva_common_msgs/deva_common_msgs
-- Up-to-date: /home/linjiawei/load_mcap/install/deva_common_msgs/include/deva_common_msgs/deva_common_msgs/msg
-- Up-to-date: /home/linjiawei/load_mcap/install/deva_common_msgs/include/deva_common_msgs/deva_common_msgs/msg/rosidl_generator_cpp__visibility_control.hpp
-- Up-to-date: /home/linjiawei/load_mcap/install/deva_common_msgs/include/deva_common_msgs/deva_common_msgs/msg/bounding_box.hpp
-- Up-to-date: /home/linjiawei/load_mcap/install/deva_common_msgs/include/deva_common_msgs/deva_common_msgs/msg/detail
-- Up-to-date: /home/linjiawei/load_mcap/install/deva_common_msgs/include/deva_common_msgs/deva_common_msgs/msg/detail/bounding_box__builder.hpp
-- Up-to-date: /home/linjiawei/load_mcap/install/deva_common_msgs/include/deva_common_msgs/deva_common_msgs/msg/detail/bounding_box__struct.hpp
-- Up-to-date: /home/linjiawei/load_mcap/install/deva_common_msgs/include/deva_common_msgs/deva_common_msgs/msg/detail/bounding_box__traits.hpp
-- Up-to-date: /home/linjiawei/load_mcap/install/deva_common_msgs/include/deva_common_msgs/deva_common_msgs/msg/detail/bounding_box__type_support.hpp
-- Up-to-date: /home/linjiawei/load_mcap/install/deva_common_msgs/include/deva_common_msgs/deva_common_msgs/msg/detail/bounding_box2d__builder.hpp
-- Up-to-date: /home/linjiawei/load_mcap/install/deva_common_msgs/include/deva_common_msgs/deva_common_msgs/msg/detail/bounding_box2d__struct.hpp
-- Up-to-date: /home/linjiawei/load_mcap/install/deva_common_msgs/include/deva_common_msgs/deva_common_msgs/msg/detail/bounding_box2d__traits.hpp
-- Up-to-date: /home/linjiawei/load_mcap/install/deva_common_msgs/include/deva_common_msgs/deva_common_msgs/msg/detail/bounding_box2d__type_support.hpp
-- Up-to-date: /home/linjiawei/load_mcap/install/deva_common_msgs/include/deva_common_msgs/deva_common_msgs/msg/detail/dimension__builder.hpp
-- Up-to-date: /home/linjiawei/load_mcap/install/deva_common_msgs/include/deva_common_msgs/deva_common_msgs/msg/detail/dimension__struct.hpp
-- Up-to-date: /home/linjiawei/load_mcap/install/deva_common_msgs/include/deva_common_msgs/deva_common_msgs/msg/detail/dimension__traits.hpp
-- Up-to-date: /home/linjiawei/load_mcap/install/deva_common_msgs/include/deva_common_msgs/deva_common_msgs/msg/detail/dimension__type_support.hpp
-- Up-to-date: /home/linjiawei/load_mcap/install/deva_common_msgs/include/deva_common_msgs/deva_common_msgs/msg/detail/disperse_curve__builder.hpp
-- Up-to-date: /home/linjiawei/load_mcap/install/deva_common_msgs/include/deva_common_msgs/deva_common_msgs/msg/detail/disperse_curve__struct.hpp
-- Up-to-date: /home/linjiawei/load_mcap/install/deva_common_msgs/include/deva_common_msgs/deva_common_msgs/msg/detail/disperse_curve__traits.hpp
-- Up-to-date: /home/linjiawei/load_mcap/install/deva_common_msgs/include/deva_common_msgs/deva_common_msgs/msg/detail/disperse_curve__type_support.hpp
-- Up-to-date: /home/linjiawei/load_mcap/install/deva_common_msgs/include/deva_common_msgs/deva_common_msgs/msg/detail/equation_curve__builder.hpp
-- Up-to-date: /home/linjiawei/load_mcap/install/deva_common_msgs/include/deva_common_msgs/deva_common_msgs/msg/detail/equation_curve__struct.hpp
-- Up-to-date: /home/linjiawei/load_mcap/install/deva_common_msgs/include/deva_common_msgs/deva_common_msgs/msg/detail/equation_curve__traits.hpp
-- Up-to-date: /home/linjiawei/load_mcap/install/deva_common_msgs/include/deva_common_msgs/deva_common_msgs/msg/detail/equation_curve__type_support.hpp
-- Up-to-date: /home/linjiawei/load_mcap/install/deva_common_msgs/include/deva_common_msgs/deva_common_msgs/msg/detail/ground_point__builder.hpp
-- Up-to-date: /home/linjiawei/load_mcap/install/deva_common_msgs/include/deva_common_msgs/deva_common_msgs/msg/detail/ground_point__struct.hpp
-- Up-to-date: /home/linjiawei/load_mcap/install/deva_common_msgs/include/deva_common_msgs/deva_common_msgs/msg/detail/ground_point__traits.hpp
-- Up-to-date: /home/linjiawei/load_mcap/install/deva_common_msgs/include/deva_common_msgs/deva_common_msgs/msg/detail/ground_point__type_support.hpp
-- Up-to-date: /home/linjiawei/load_mcap/install/deva_common_msgs/include/deva_common_msgs/deva_common_msgs/msg/detail/header__builder.hpp
-- Up-to-date: /home/linjiawei/load_mcap/install/deva_common_msgs/include/deva_common_msgs/deva_common_msgs/msg/detail/header__struct.hpp
-- Up-to-date: /home/linjiawei/load_mcap/install/deva_common_msgs/include/deva_common_msgs/deva_common_msgs/msg/detail/header__traits.hpp
-- Up-to-date: /home/linjiawei/load_mcap/install/deva_common_msgs/include/deva_common_msgs/deva_common_msgs/msg/detail/header__type_support.hpp
-- Up-to-date: /home/linjiawei/load_mcap/install/deva_common_msgs/include/deva_common_msgs/deva_common_msgs/msg/detail/kv__builder.hpp
-- Up-to-date: /home/linjiawei/load_mcap/install/deva_common_msgs/include/deva_common_msgs/deva_common_msgs/msg/detail/kv__struct.hpp
-- Up-to-date: /home/linjiawei/load_mcap/install/deva_common_msgs/include/deva_common_msgs/deva_common_msgs/msg/detail/kv__traits.hpp
-- Up-to-date: /home/linjiawei/load_mcap/install/deva_common_msgs/include/deva_common_msgs/deva_common_msgs/msg/detail/kv__type_support.hpp
-- Up-to-date: /home/linjiawei/load_mcap/install/deva_common_msgs/include/deva_common_msgs/deva_common_msgs/msg/detail/line2d__builder.hpp
-- Up-to-date: /home/linjiawei/load_mcap/install/deva_common_msgs/include/deva_common_msgs/deva_common_msgs/msg/detail/line2d__struct.hpp
-- Up-to-date: /home/linjiawei/load_mcap/install/deva_common_msgs/include/deva_common_msgs/deva_common_msgs/msg/detail/line2d__traits.hpp
-- Up-to-date: /home/linjiawei/load_mcap/install/deva_common_msgs/include/deva_common_msgs/deva_common_msgs/msg/detail/line2d__type_support.hpp
-- Up-to-date: /home/linjiawei/load_mcap/install/deva_common_msgs/include/deva_common_msgs/deva_common_msgs/msg/detail/line_segment__builder.hpp
-- Up-to-date: /home/linjiawei/load_mcap/install/deva_common_msgs/include/deva_common_msgs/deva_common_msgs/msg/detail/line_segment__struct.hpp
-- Up-to-date: /home/linjiawei/load_mcap/install/deva_common_msgs/include/deva_common_msgs/deva_common_msgs/msg/detail/line_segment__traits.hpp
-- Up-to-date: /home/linjiawei/load_mcap/install/deva_common_msgs/include/deva_common_msgs/deva_common_msgs/msg/detail/line_segment__type_support.hpp
-- Up-to-date: /home/linjiawei/load_mcap/install/deva_common_msgs/include/deva_common_msgs/deva_common_msgs/msg/detail/point2d__builder.hpp
-- Up-to-date: /home/linjiawei/load_mcap/install/deva_common_msgs/include/deva_common_msgs/deva_common_msgs/msg/detail/point2d__struct.hpp
-- Up-to-date: /home/linjiawei/load_mcap/install/deva_common_msgs/include/deva_common_msgs/deva_common_msgs/msg/detail/point2d__traits.hpp
-- Up-to-date: /home/linjiawei/load_mcap/install/deva_common_msgs/include/deva_common_msgs/deva_common_msgs/msg/detail/point2d__type_support.hpp
-- Up-to-date: /home/linjiawei/load_mcap/install/deva_common_msgs/include/deva_common_msgs/deva_common_msgs/msg/detail/serialize__builder.hpp
-- Up-to-date: /home/linjiawei/load_mcap/install/deva_common_msgs/include/deva_common_msgs/deva_common_msgs/msg/detail/serialize__struct.hpp
-- Up-to-date: /home/linjiawei/load_mcap/install/deva_common_msgs/include/deva_common_msgs/deva_common_msgs/msg/detail/serialize__traits.hpp
-- Up-to-date: /home/linjiawei/load_mcap/install/deva_common_msgs/include/deva_common_msgs/deva_common_msgs/msg/detail/serialize__type_support.hpp
-- Up-to-date: /home/linjiawei/load_mcap/install/deva_common_msgs/include/deva_common_msgs/deva_common_msgs/msg/detail/string__builder.hpp
-- Up-to-date: /home/linjiawei/load_mcap/install/deva_common_msgs/include/deva_common_msgs/deva_common_msgs/msg/detail/string__struct.hpp
-- Up-to-date: /home/linjiawei/load_mcap/install/deva_common_msgs/include/deva_common_msgs/deva_common_msgs/msg/detail/string__traits.hpp
-- Up-to-date: /home/linjiawei/load_mcap/install/deva_common_msgs/include/deva_common_msgs/deva_common_msgs/msg/detail/string__type_support.hpp
-- Up-to-date: /home/linjiawei/load_mcap/install/deva_common_msgs/include/deva_common_msgs/deva_common_msgs/msg/bounding_box2d.hpp
-- Up-to-date: /home/linjiawei/load_mcap/install/deva_common_msgs/include/deva_common_msgs/deva_common_msgs/msg/dimension.hpp
-- Up-to-date: /home/linjiawei/load_mcap/install/deva_common_msgs/include/deva_common_msgs/deva_common_msgs/msg/disperse_curve.hpp
-- Up-to-date: /home/linjiawei/load_mcap/install/deva_common_msgs/include/deva_common_msgs/deva_common_msgs/msg/equation_curve.hpp
-- Up-to-date: /home/linjiawei/load_mcap/install/deva_common_msgs/include/deva_common_msgs/deva_common_msgs/msg/ground_point.hpp
-- Up-to-date: /home/linjiawei/load_mcap/install/deva_common_msgs/include/deva_common_msgs/deva_common_msgs/msg/header.hpp
-- Up-to-date: /home/linjiawei/load_mcap/install/deva_common_msgs/include/deva_common_msgs/deva_common_msgs/msg/kv.hpp
-- Up-to-date: /home/linjiawei/load_mcap/install/deva_common_msgs/include/deva_common_msgs/deva_common_msgs/msg/line2d.hpp
-- Up-to-date: /home/linjiawei/load_mcap/install/deva_common_msgs/include/deva_common_msgs/deva_common_msgs/msg/line_segment.hpp
-- Up-to-date: /home/linjiawei/load_mcap/install/deva_common_msgs/include/deva_common_msgs/deva_common_msgs/msg/point2d.hpp
-- Up-to-date: /home/linjiawei/load_mcap/install/deva_common_msgs/include/deva_common_msgs/deva_common_msgs/msg/serialize.hpp
-- Up-to-date: /home/linjiawei/load_mcap/install/deva_common_msgs/include/deva_common_msgs/deva_common_msgs/msg/string.hpp
-- Up-to-date: /home/linjiawei/load_mcap/install/deva_common_msgs/include/deva_common_msgs/deva_common_msgs
-- Up-to-date: /home/linjiawei/load_mcap/install/deva_common_msgs/include/deva_common_msgs/deva_common_msgs/msg
-- Up-to-date: /home/linjiawei/load_mcap/install/deva_common_msgs/include/deva_common_msgs/deva_common_msgs/msg/rosidl_typesupport_fastrtps_cpp__visibility_control.h
-- Up-to-date: /home/linjiawei/load_mcap/install/deva_common_msgs/include/deva_common_msgs/deva_common_msgs/msg/detail
-- Up-to-date: /home/linjiawei/load_mcap/install/deva_common_msgs/include/deva_common_msgs/deva_common_msgs/msg/detail/bounding_box__rosidl_typesupport_fastrtps_cpp.hpp
-- Up-to-date: /home/linjiawei/load_mcap/install/deva_common_msgs/include/deva_common_msgs/deva_common_msgs/msg/detail/dds_fastrtps
-- Up-to-date: /home/linjiawei/load_mcap/install/deva_common_msgs/include/deva_common_msgs/deva_common_msgs/msg/detail/bounding_box2d__rosidl_typesupport_fastrtps_cpp.hpp
-- Up-to-date: /home/linjiawei/load_mcap/install/deva_common_msgs/include/deva_common_msgs/deva_common_msgs/msg/detail/dimension__rosidl_typesupport_fastrtps_cpp.hpp
-- Up-to-date: /home/linjiawei/load_mcap/install/deva_common_msgs/include/deva_common_msgs/deva_common_msgs/msg/detail/disperse_curve__rosidl_typesupport_fastrtps_cpp.hpp
-- Up-to-date: /home/linjiawei/load_mcap/install/deva_common_msgs/include/deva_common_msgs/deva_common_msgs/msg/detail/equation_curve__rosidl_typesupport_fastrtps_cpp.hpp
-- Up-to-date: /home/linjiawei/load_mcap/install/deva_common_msgs/include/deva_common_msgs/deva_common_msgs/msg/detail/ground_point__rosidl_typesupport_fastrtps_cpp.hpp
-- Up-to-date: /home/linjiawei/load_mcap/install/deva_common_msgs/include/deva_common_msgs/deva_common_msgs/msg/detail/header__rosidl_typesupport_fastrtps_cpp.hpp
-- Up-to-date: /home/linjiawei/load_mcap/install/deva_common_msgs/include/deva_common_msgs/deva_common_msgs/msg/detail/kv__rosidl_typesupport_fastrtps_cpp.hpp
-- Up-to-date: /home/linjiawei/load_mcap/install/deva_common_msgs/include/deva_common_msgs/deva_common_msgs/msg/detail/line2d__rosidl_typesupport_fastrtps_cpp.hpp
-- Up-to-date: /home/linjiawei/load_mcap/install/deva_common_msgs/include/deva_common_msgs/deva_common_msgs/msg/detail/line_segment__rosidl_typesupport_fastrtps_cpp.hpp
-- Up-to-date: /home/linjiawei/load_mcap/install/deva_common_msgs/include/deva_common_msgs/deva_common_msgs/msg/detail/point2d__rosidl_typesupport_fastrtps_cpp.hpp
-- Up-to-date: /home/linjiawei/load_mcap/install/deva_common_msgs/include/deva_common_msgs/deva_common_msgs/msg/detail/serialize__rosidl_typesupport_fastrtps_cpp.hpp
-- Up-to-date: /home/linjiawei/load_mcap/install/deva_common_msgs/include/deva_common_msgs/deva_common_msgs/msg/detail/string__rosidl_typesupport_fastrtps_cpp.hpp
-- Up-to-date: /home/linjiawei/load_mcap/install/deva_common_msgs/lib/libdeva_common_msgs__rosidl_typesupport_fastrtps_cpp.so
-- Up-to-date: /home/linjiawei/load_mcap/install/deva_common_msgs/include/deva_common_msgs/deva_common_msgs
-- Up-to-date: /home/linjiawei/load_mcap/install/deva_common_msgs/include/deva_common_msgs/deva_common_msgs/msg
-- Up-to-date: /home/linjiawei/load_mcap/install/deva_common_msgs/include/deva_common_msgs/deva_common_msgs/msg/detail
-- Up-to-date: /home/linjiawei/load_mcap/install/deva_common_msgs/include/deva_common_msgs/deva_common_msgs/msg/detail/bounding_box__rosidl_typesupport_introspection_cpp.hpp
-- Up-to-date: /home/linjiawei/load_mcap/install/deva_common_msgs/include/deva_common_msgs/deva_common_msgs/msg/detail/bounding_box__type_support.cpp
-- Up-to-date: /home/linjiawei/load_mcap/install/deva_common_msgs/include/deva_common_msgs/deva_common_msgs/msg/detail/bounding_box2d__rosidl_typesupport_introspection_cpp.hpp
-- Up-to-date: /home/linjiawei/load_mcap/install/deva_common_msgs/include/deva_common_msgs/deva_common_msgs/msg/detail/bounding_box2d__type_support.cpp
-- Up-to-date: /home/linjiawei/load_mcap/install/deva_common_msgs/include/deva_common_msgs/deva_common_msgs/msg/detail/dimension__rosidl_typesupport_introspection_cpp.hpp
-- Up-to-date: /home/linjiawei/load_mcap/install/deva_common_msgs/include/deva_common_msgs/deva_common_msgs/msg/detail/dimension__type_support.cpp
-- Up-to-date: /home/linjiawei/load_mcap/install/deva_common_msgs/include/deva_common_msgs/deva_common_msgs/msg/detail/disperse_curve__rosidl_typesupport_introspection_cpp.hpp
-- Up-to-date: /home/linjiawei/load_mcap/install/deva_common_msgs/include/deva_common_msgs/deva_common_msgs/msg/detail/disperse_curve__type_support.cpp
-- Up-to-date: /home/linjiawei/load_mcap/install/deva_common_msgs/include/deva_common_msgs/deva_common_msgs/msg/detail/equation_curve__rosidl_typesupport_introspection_cpp.hpp
-- Up-to-date: /home/linjiawei/load_mcap/install/deva_common_msgs/include/deva_common_msgs/deva_common_msgs/msg/detail/equation_curve__type_support.cpp
-- Up-to-date: /home/linjiawei/load_mcap/install/deva_common_msgs/include/deva_common_msgs/deva_common_msgs/msg/detail/ground_point__rosidl_typesupport_introspection_cpp.hpp
-- Up-to-date: /home/linjiawei/load_mcap/install/deva_common_msgs/include/deva_common_msgs/deva_common_msgs/msg/detail/ground_point__type_support.cpp
-- Up-to-date: /home/linjiawei/load_mcap/install/deva_common_msgs/include/deva_common_msgs/deva_common_msgs/msg/detail/header__rosidl_typesupport_introspection_cpp.hpp
-- Up-to-date: /home/linjiawei/load_mcap/install/deva_common_msgs/include/deva_common_msgs/deva_common_msgs/msg/detail/header__type_support.cpp
-- Up-to-date: /home/linjiawei/load_mcap/install/deva_common_msgs/include/deva_common_msgs/deva_common_msgs/msg/detail/kv__rosidl_typesupport_introspection_cpp.hpp
-- Up-to-date: /home/linjiawei/load_mcap/install/deva_common_msgs/include/deva_common_msgs/deva_common_msgs/msg/detail/kv__type_support.cpp
-- Up-to-date: /home/linjiawei/load_mcap/install/deva_common_msgs/include/deva_common_msgs/deva_common_msgs/msg/detail/line2d__rosidl_typesupport_introspection_cpp.hpp
-- Up-to-date: /home/linjiawei/load_mcap/install/deva_common_msgs/include/deva_common_msgs/deva_common_msgs/msg/detail/line2d__type_support.cpp
-- Up-to-date: /home/linjiawei/load_mcap/install/deva_common_msgs/include/deva_common_msgs/deva_common_msgs/msg/detail/line_segment__rosidl_typesupport_introspection_cpp.hpp
-- Up-to-date: /home/linjiawei/load_mcap/install/deva_common_msgs/include/deva_common_msgs/deva_common_msgs/msg/detail/line_segment__type_support.cpp
-- Up-to-date: /home/linjiawei/load_mcap/install/deva_common_msgs/include/deva_common_msgs/deva_common_msgs/msg/detail/point2d__rosidl_typesupport_introspection_cpp.hpp
-- Up-to-date: /home/linjiawei/load_mcap/install/deva_common_msgs/include/deva_common_msgs/deva_common_msgs/msg/detail/point2d__type_support.cpp
-- Up-to-date: /home/linjiawei/load_mcap/install/deva_common_msgs/include/deva_common_msgs/deva_common_msgs/msg/detail/serialize__rosidl_typesupport_introspection_cpp.hpp
-- Up-to-date: /home/linjiawei/load_mcap/install/deva_common_msgs/include/deva_common_msgs/deva_common_msgs/msg/detail/serialize__type_support.cpp
-- Up-to-date: /home/linjiawei/load_mcap/install/deva_common_msgs/include/deva_common_msgs/deva_common_msgs/msg/detail/string__rosidl_typesupport_introspection_cpp.hpp
-- Up-to-date: /home/linjiawei/load_mcap/install/deva_common_msgs/include/deva_common_msgs/deva_common_msgs/msg/detail/string__type_support.cpp
-- Up-to-date: /home/linjiawei/load_mcap/install/deva_common_msgs/lib/libdeva_common_msgs__rosidl_typesupport_introspection_cpp.so
-- Up-to-date: /home/linjiawei/load_mcap/install/deva_common_msgs/lib/libdeva_common_msgs__rosidl_typesupport_cpp.so
-- Up-to-date: /home/linjiawei/load_mcap/install/deva_common_msgs/share/deva_common_msgs/environment/pythonpath.sh
-- Up-to-date: /home/linjiawei/load_mcap/install/deva_common_msgs/share/deva_common_msgs/environment/pythonpath.dsv
-- Up-to-date: /home/linjiawei/load_mcap/install/deva_common_msgs/local/lib/python3.10/dist-packages/deva_common_msgs-0.0.0-py3.10.egg-info
-- Installing: /home/linjiawei/load_mcap/install/deva_common_msgs/local/lib/python3.10/dist-packages/deva_common_msgs-0.0.0-py3.10.egg-info/PKG-INFO
-- Installing: /home/linjiawei/load_mcap/install/deva_common_msgs/local/lib/python3.10/dist-packages/deva_common_msgs-0.0.0-py3.10.egg-info/dependency_links.txt
-- Installing: /home/linjiawei/load_mcap/install/deva_common_msgs/local/lib/python3.10/dist-packages/deva_common_msgs-0.0.0-py3.10.egg-info/top_level.txt
-- Installing: /home/linjiawei/load_mcap/install/deva_common_msgs/local/lib/python3.10/dist-packages/deva_common_msgs-0.0.0-py3.10.egg-info/SOURCES.txt
-- Up-to-date: /home/linjiawei/load_mcap/install/deva_common_msgs/local/lib/python3.10/dist-packages/deva_common_msgs
-- Up-to-date: /home/linjiawei/load_mcap/install/deva_common_msgs/local/lib/python3.10/dist-packages/deva_common_msgs/__init__.py
-- Up-to-date: /home/linjiawei/load_mcap/install/deva_common_msgs/local/lib/python3.10/dist-packages/deva_common_msgs/msg
-- Up-to-date: /home/linjiawei/load_mcap/install/deva_common_msgs/local/lib/python3.10/dist-packages/deva_common_msgs/msg/_bounding_box.py
-- Up-to-date: /home/linjiawei/load_mcap/install/deva_common_msgs/local/lib/python3.10/dist-packages/deva_common_msgs/msg/_bounding_box_s.c
-- Up-to-date: /home/linjiawei/load_mcap/install/deva_common_msgs/local/lib/python3.10/dist-packages/deva_common_msgs/msg/_bounding_box2d.py
-- Up-to-date: /home/linjiawei/load_mcap/install/deva_common_msgs/local/lib/python3.10/dist-packages/deva_common_msgs/msg/_bounding_box2d_s.c
-- Up-to-date: /home/linjiawei/load_mcap/install/deva_common_msgs/local/lib/python3.10/dist-packages/deva_common_msgs/msg/_dimension.py
-- Up-to-date: /home/linjiawei/load_mcap/install/deva_common_msgs/local/lib/python3.10/dist-packages/deva_common_msgs/msg/_dimension_s.c
-- Up-to-date: /home/linjiawei/load_mcap/install/deva_common_msgs/local/lib/python3.10/dist-packages/deva_common_msgs/msg/_disperse_curve.py
-- Up-to-date: /home/linjiawei/load_mcap/install/deva_common_msgs/local/lib/python3.10/dist-packages/deva_common_msgs/msg/_disperse_curve_s.c
-- Up-to-date: /home/linjiawei/load_mcap/install/deva_common_msgs/local/lib/python3.10/dist-packages/deva_common_msgs/msg/_equation_curve.py
-- Up-to-date: /home/linjiawei/load_mcap/install/deva_common_msgs/local/lib/python3.10/dist-packages/deva_common_msgs/msg/_equation_curve_s.c
-- Up-to-date: /home/linjiawei/load_mcap/install/deva_common_msgs/local/lib/python3.10/dist-packages/deva_common_msgs/msg/_ground_point.py
-- Up-to-date: /home/linjiawei/load_mcap/install/deva_common_msgs/local/lib/python3.10/dist-packages/deva_common_msgs/msg/_ground_point_s.c
-- Up-to-date: /home/linjiawei/load_mcap/install/deva_common_msgs/local/lib/python3.10/dist-packages/deva_common_msgs/msg/_header.py
-- Up-to-date: /home/linjiawei/load_mcap/install/deva_common_msgs/local/lib/python3.10/dist-packages/deva_common_msgs/msg/_header_s.c
-- Up-to-date: /home/linjiawei/load_mcap/install/deva_common_msgs/local/lib/python3.10/dist-packages/deva_common_msgs/msg/_kv.py
-- Up-to-date: /home/linjiawei/load_mcap/install/deva_common_msgs/local/lib/python3.10/dist-packages/deva_common_msgs/msg/_kv_s.c
-- Up-to-date: /home/linjiawei/load_mcap/install/deva_common_msgs/local/lib/python3.10/dist-packages/deva_common_msgs/msg/_line2d.py
-- Up-to-date: /home/linjiawei/load_mcap/install/deva_common_msgs/local/lib/python3.10/dist-packages/deva_common_msgs/msg/_line2d_s.c
-- Up-to-date: /home/linjiawei/load_mcap/install/deva_common_msgs/local/lib/python3.10/dist-packages/deva_common_msgs/msg/_line_segment.py
-- Up-to-date: /home/linjiawei/load_mcap/install/deva_common_msgs/local/lib/python3.10/dist-packages/deva_common_msgs/msg/_line_segment_s.c
-- Up-to-date: /home/linjiawei/load_mcap/install/deva_common_msgs/local/lib/python3.10/dist-packages/deva_common_msgs/msg/_point2d.py
-- Up-to-date: /home/linjiawei/load_mcap/install/deva_common_msgs/local/lib/python3.10/dist-packages/deva_common_msgs/msg/_point2d_s.c
-- Up-to-date: /home/linjiawei/load_mcap/install/deva_common_msgs/local/lib/python3.10/dist-packages/deva_common_msgs/msg/_serialize.py
-- Up-to-date: /home/linjiawei/load_mcap/install/deva_common_msgs/local/lib/python3.10/dist-packages/deva_common_msgs/msg/_serialize_s.c
-- Up-to-date: /home/linjiawei/load_mcap/install/deva_common_msgs/local/lib/python3.10/dist-packages/deva_common_msgs/msg/_string.py
-- Up-to-date: /home/linjiawei/load_mcap/install/deva_common_msgs/local/lib/python3.10/dist-packages/deva_common_msgs/msg/_string_s.c
-- Up-to-date: /home/linjiawei/load_mcap/install/deva_common_msgs/local/lib/python3.10/dist-packages/deva_common_msgs/msg/__init__.py
-- Up-to-date: /home/linjiawei/load_mcap/install/deva_common_msgs/local/lib/python3.10/dist-packages/deva_common_msgs/_deva_common_msgs_s.ep.rosidl_typesupport_fastrtps_c.c
-- Up-to-date: /home/linjiawei/load_mcap/install/deva_common_msgs/local/lib/python3.10/dist-packages/deva_common_msgs/_deva_common_msgs_s.ep.rosidl_typesupport_introspection_c.c
-- Up-to-date: /home/linjiawei/load_mcap/install/deva_common_msgs/local/lib/python3.10/dist-packages/deva_common_msgs/_deva_common_msgs_s.ep.rosidl_typesupport_c.c
-- Up-to-date: /home/linjiawei/load_mcap/install/deva_common_msgs/local/lib/python3.10/dist-packages/deva_common_msgs/libdeva_common_msgs__rosidl_generator_py.so
-- Up-to-date: /home/linjiawei/load_mcap/install/deva_common_msgs/local/lib/python3.10/dist-packages/deva_common_msgs/deva_common_msgs_s__rosidl_typesupport_introspection_c.cpython-310-x86_64-linux-gnu.so
-- Up-to-date: /home/linjiawei/load_mcap/install/deva_common_msgs/local/lib/python3.10/dist-packages/deva_common_msgs/deva_common_msgs_s__rosidl_typesupport_fastrtps_c.cpython-310-x86_64-linux-gnu.so
-- Up-to-date: /home/linjiawei/load_mcap/install/deva_common_msgs/local/lib/python3.10/dist-packages/deva_common_msgs/deva_common_msgs_s__rosidl_typesupport_c.cpython-310-x86_64-linux-gnu.so
Listing '/home/linjiawei/load_mcap/install/deva_common_msgs/local/lib/python3.10/dist-packages/deva_common_msgs'...
Listing '/home/linjiawei/load_mcap/install/deva_common_msgs/local/lib/python3.10/dist-packages/deva_common_msgs/msg'...
-- Up-to-date: /home/linjiawei/load_mcap/install/deva_common_msgs/local/lib/python3.10/dist-packages/deva_common_msgs/deva_common_msgs_s__rosidl_typesupport_fastrtps_c.cpython-310-x86_64-linux-gnu.so
-- Up-to-date: /home/linjiawei/load_mcap/install/deva_common_msgs/local/lib/python3.10/dist-packages/deva_common_msgs/deva_common_msgs_s__rosidl_typesupport_introspection_c.cpython-310-x86_64-linux-gnu.so
-- Up-to-date: /home/linjiawei/load_mcap/install/deva_common_msgs/local/lib/python3.10/dist-packages/deva_common_msgs/deva_common_msgs_s__rosidl_typesupport_c.cpython-310-x86_64-linux-gnu.so
-- Up-to-date: /home/linjiawei/load_mcap/install/deva_common_msgs/lib/libdeva_common_msgs__rosidl_generator_py.so
-- Up-to-date: /home/linjiawei/load_mcap/install/deva_common_msgs/share/deva_common_msgs/msg/BoundingBox.idl
-- Up-to-date: /home/linjiawei/load_mcap/install/deva_common_msgs/share/deva_common_msgs/msg/BoundingBox2d.idl
-- Up-to-date: /home/linjiawei/load_mcap/install/deva_common_msgs/share/deva_common_msgs/msg/Dimension.idl
-- Up-to-date: /home/linjiawei/load_mcap/install/deva_common_msgs/share/deva_common_msgs/msg/DisperseCurve.idl
-- Up-to-date: /home/linjiawei/load_mcap/install/deva_common_msgs/share/deva_common_msgs/msg/EquationCurve.idl
-- Up-to-date: /home/linjiawei/load_mcap/install/deva_common_msgs/share/deva_common_msgs/msg/GroundPoint.idl
-- Up-to-date: /home/linjiawei/load_mcap/install/deva_common_msgs/share/deva_common_msgs/msg/Header.idl
-- Up-to-date: /home/linjiawei/load_mcap/install/deva_common_msgs/share/deva_common_msgs/msg/KV.idl
-- Up-to-date: /home/linjiawei/load_mcap/install/deva_common_msgs/share/deva_common_msgs/msg/Line2d.idl
-- Up-to-date: /home/linjiawei/load_mcap/install/deva_common_msgs/share/deva_common_msgs/msg/LineSegment.idl
-- Up-to-date: /home/linjiawei/load_mcap/install/deva_common_msgs/share/deva_common_msgs/msg/Point2d.idl
-- Up-to-date: /home/linjiawei/load_mcap/install/deva_common_msgs/share/deva_common_msgs/msg/Serialize.idl
-- Up-to-date: /home/linjiawei/load_mcap/install/deva_common_msgs/share/deva_common_msgs/msg/String.idl
-- Up-to-date: /home/linjiawei/load_mcap/install/deva_common_msgs/share/deva_common_msgs/msg/BoundingBox.msg
-- Up-to-date: /home/linjiawei/load_mcap/install/deva_common_msgs/share/deva_common_msgs/msg/BoundingBox2d.msg
-- Up-to-date: /home/linjiawei/load_mcap/install/deva_common_msgs/share/deva_common_msgs/msg/Dimension.msg
-- Up-to-date: /home/linjiawei/load_mcap/install/deva_common_msgs/share/deva_common_msgs/msg/DisperseCurve.msg
-- Up-to-date: /home/linjiawei/load_mcap/install/deva_common_msgs/share/deva_common_msgs/msg/EquationCurve.msg
-- Up-to-date: /home/linjiawei/load_mcap/install/deva_common_msgs/share/deva_common_msgs/msg/GroundPoint.msg
-- Up-to-date: /home/linjiawei/load_mcap/install/deva_common_msgs/share/deva_common_msgs/msg/Header.msg
-- Up-to-date: /home/linjiawei/load_mcap/install/deva_common_msgs/share/deva_common_msgs/msg/KV.msg
-- Up-to-date: /home/linjiawei/load_mcap/install/deva_common_msgs/share/deva_common_msgs/msg/Line2d.msg
-- Up-to-date: /home/linjiawei/load_mcap/install/deva_common_msgs/share/deva_common_msgs/msg/LineSegment.msg
-- Up-to-date: /home/linjiawei/load_mcap/install/deva_common_msgs/share/deva_common_msgs/msg/Point2d.msg
-- Up-to-date: /home/linjiawei/load_mcap/install/deva_common_msgs/share/deva_common_msgs/msg/Serialize.msg
-- Up-to-date: /home/linjiawei/load_mcap/install/deva_common_msgs/share/deva_common_msgs/msg/String.msg
-- Up-to-date: /home/linjiawei/load_mcap/install/deva_common_msgs/share/ament_index/resource_index/package_run_dependencies/deva_common_msgs
-- Up-to-date: /home/linjiawei/load_mcap/install/deva_common_msgs/share/ament_index/resource_index/parent_prefix_path/deva_common_msgs
-- Up-to-date: /home/linjiawei/load_mcap/install/deva_common_msgs/share/deva_common_msgs/environment/ament_prefix_path.sh
-- Up-to-date: /home/linjiawei/load_mcap/install/deva_common_msgs/share/deva_common_msgs/environment/ament_prefix_path.dsv
-- Up-to-date: /home/linjiawei/load_mcap/install/deva_common_msgs/share/deva_common_msgs/environment/path.sh
-- Up-to-date: /home/linjiawei/load_mcap/install/deva_common_msgs/share/deva_common_msgs/environment/path.dsv
-- Up-to-date: /home/linjiawei/load_mcap/install/deva_common_msgs/share/deva_common_msgs/local_setup.bash
-- Up-to-date: /home/linjiawei/load_mcap/install/deva_common_msgs/share/deva_common_msgs/local_setup.sh
-- Up-to-date: /home/linjiawei/load_mcap/install/deva_common_msgs/share/deva_common_msgs/local_setup.zsh
-- Up-to-date: /home/linjiawei/load_mcap/install/deva_common_msgs/share/deva_common_msgs/local_setup.dsv
-- Installing: /home/linjiawei/load_mcap/install/deva_common_msgs/share/deva_common_msgs/package.dsv
-- Up-to-date: /home/linjiawei/load_mcap/install/deva_common_msgs/share/ament_index/resource_index/packages/deva_common_msgs
-- Up-to-date: /home/linjiawei/load_mcap/install/deva_common_msgs/share/deva_common_msgs/cmake/export_deva_common_msgs__rosidl_generator_cExport.cmake
-- Up-to-date: /home/linjiawei/load_mcap/install/deva_common_msgs/share/deva_common_msgs/cmake/export_deva_common_msgs__rosidl_generator_cExport-noconfig.cmake
-- Up-to-date: /home/linjiawei/load_mcap/install/deva_common_msgs/share/deva_common_msgs/cmake/export_deva_common_msgs__rosidl_typesupport_fastrtps_cExport.cmake
-- Up-to-date: /home/linjiawei/load_mcap/install/deva_common_msgs/share/deva_common_msgs/cmake/export_deva_common_msgs__rosidl_typesupport_fastrtps_cExport-noconfig.cmake
-- Up-to-date: /home/linjiawei/load_mcap/install/deva_common_msgs/share/deva_common_msgs/cmake/deva_common_msgs__rosidl_typesupport_introspection_cExport.cmake
-- Up-to-date: /home/linjiawei/load_mcap/install/deva_common_msgs/share/deva_common_msgs/cmake/deva_common_msgs__rosidl_typesupport_introspection_cExport-noconfig.cmake
-- Up-to-date: /home/linjiawei/load_mcap/install/deva_common_msgs/share/deva_common_msgs/cmake/deva_common_msgs__rosidl_typesupport_cExport.cmake
-- Up-to-date: /home/linjiawei/load_mcap/install/deva_common_msgs/share/deva_common_msgs/cmake/deva_common_msgs__rosidl_typesupport_cExport-noconfig.cmake
-- Up-to-date: /home/linjiawei/load_mcap/install/deva_common_msgs/share/deva_common_msgs/cmake/export_deva_common_msgs__rosidl_generator_cppExport.cmake
-- Up-to-date: /home/linjiawei/load_mcap/install/deva_common_msgs/share/deva_common_msgs/cmake/export_deva_common_msgs__rosidl_typesupport_fastrtps_cppExport.cmake
-- Up-to-date: /home/linjiawei/load_mcap/install/deva_common_msgs/share/deva_common_msgs/cmake/export_deva_common_msgs__rosidl_typesupport_fastrtps_cppExport-noconfig.cmake
-- Up-to-date: /home/linjiawei/load_mcap/install/deva_common_msgs/share/deva_common_msgs/cmake/deva_common_msgs__rosidl_typesupport_introspection_cppExport.cmake
-- Up-to-date: /home/linjiawei/load_mcap/install/deva_common_msgs/share/deva_common_msgs/cmake/deva_common_msgs__rosidl_typesupport_introspection_cppExport-noconfig.cmake
-- Up-to-date: /home/linjiawei/load_mcap/install/deva_common_msgs/share/deva_common_msgs/cmake/deva_common_msgs__rosidl_typesupport_cppExport.cmake
-- Up-to-date: /home/linjiawei/load_mcap/install/deva_common_msgs/share/deva_common_msgs/cmake/deva_common_msgs__rosidl_typesupport_cppExport-noconfig.cmake
-- Up-to-date: /home/linjiawei/load_mcap/install/deva_common_msgs/share/deva_common_msgs/cmake/export_deva_common_msgs__rosidl_generator_pyExport.cmake
-- Up-to-date: /home/linjiawei/load_mcap/install/deva_common_msgs/share/deva_common_msgs/cmake/export_deva_common_msgs__rosidl_generator_pyExport-noconfig.cmake
-- Up-to-date: /home/linjiawei/load_mcap/install/deva_common_msgs/share/deva_common_msgs/cmake/rosidl_cmake-extras.cmake
-- Up-to-date: /home/linjiawei/load_mcap/install/deva_common_msgs/share/deva_common_msgs/cmake/ament_cmake_export_dependencies-extras.cmake
-- Up-to-date: /home/linjiawei/load_mcap/install/deva_common_msgs/share/deva_common_msgs/cmake/ament_cmake_export_include_directories-extras.cmake
-- Up-to-date: /home/linjiawei/load_mcap/install/deva_common_msgs/share/deva_common_msgs/cmake/ament_cmake_export_libraries-extras.cmake
-- Up-to-date: /home/linjiawei/load_mcap/install/deva_common_msgs/share/deva_common_msgs/cmake/ament_cmake_export_targets-extras.cmake
-- Up-to-date: /home/linjiawei/load_mcap/install/deva_common_msgs/share/deva_common_msgs/cmake/rosidl_cmake_export_typesupport_targets-extras.cmake
-- Up-to-date: /home/linjiawei/load_mcap/install/deva_common_msgs/share/deva_common_msgs/cmake/rosidl_cmake_export_typesupport_libraries-extras.cmake
-- Up-to-date: /home/linjiawei/load_mcap/install/deva_common_msgs/share/deva_common_msgs/cmake/deva_common_msgsConfig.cmake
-- Up-to-date: /home/linjiawei/load_mcap/install/deva_common_msgs/share/deva_common_msgs/cmake/deva_common_msgsConfig-version.cmake
-- Up-to-date: /home/linjiawei/load_mcap/install/deva_common_msgs/share/deva_common_msgs/package.xml
