[0.103s] Invoking command in '/home/linjiawei/load_mcap/build/deva_mdriver_msgs': CMAKE_PREFIX_PATH=/home/linjiawei/load_mcap/install/deva_planning_msgs:/home/linjiawei/load_mcap/install/deva_map_msgs:/home/linjiawei/load_mcap/install/deva_perception_msgs:/home/linjiawei/load_mcap/install/deva_localization_msgs:/home/linjiawei/load_mcap/install/deva_common_msgs:/home/linjiawei/load_mcap/install/serialize_msgs:/home/linjiawei/load_mcap/install/rviz_plug_msg:/home/linjiawei/load_mcap/install/fault_diagnosis:/home/linjiawei/load_mcap/install/environment_model_msgs:/home/linjiawei/load_mcap/install/deva_control_msgs:/home/linjiawei/load_mcap/install/deva_planning_msgs2:/home/linjiawei/load_mcap/install/deva_mdriver_msgs:/home/linjiawei/load_mcap/install/deva_navi_msgs:/home/linjiawei/load_mcap/install/deva_gaode_routing_msgs:/home/linjiawei/load_mcap/install/deva_function_msgs:/home/linjiawei/load_mcap/install/deva_aeb_msgs:/home/linjiawei/load_mcap/install/deva_ads_msgs:/home/linjiawei/load_mcap/install/mcap_streamer:/opt/ros/humble LD_LIBRARY_PATH=/home/linjiawei/load_mcap/install/deva_planning_msgs/lib:/home/linjiawei/load_mcap/install/deva_map_msgs/lib:/home/linjiawei/load_mcap/install/deva_perception_msgs/lib:/home/linjiawei/load_mcap/install/deva_localization_msgs/lib:/home/linjiawei/load_mcap/install/deva_common_msgs/lib:/home/linjiawei/load_mcap/install/serialize_msgs/lib:/home/linjiawei/load_mcap/install/rviz_plug_msg/lib:/home/linjiawei/load_mcap/install/fault_diagnosis/lib:/home/linjiawei/load_mcap/install/environment_model_msgs/lib:/home/linjiawei/load_mcap/install/deva_control_msgs/lib:/home/linjiawei/load_mcap/install/deva_planning_msgs2/lib:/home/linjiawei/load_mcap/install/deva_mdriver_msgs/lib:/home/linjiawei/load_mcap/install/deva_navi_msgs/lib:/home/linjiawei/load_mcap/install/deva_gaode_routing_msgs/lib:/home/linjiawei/load_mcap/install/deva_function_msgs/lib:/home/linjiawei/load_mcap/install/deva_aeb_msgs/lib:/home/linjiawei/load_mcap/install/deva_ads_msgs/lib:/opt/ros/humble/opt/rviz_ogre_vendor/lib:/opt/ros/humble/lib/x86_64-linux-gnu:/opt/ros/humble/lib:/usr/local/nvidia/lib64 /usr/bin/cmake --build /home/linjiawei/load_mcap/build/deva_mdriver_msgs -- -j17 -l17
[0.169s] [  0%] Built target deva_mdriver_msgs__cpp
[0.170s] [ 12%] Built target deva_mdriver_msgs__rosidl_generator_c
[0.176s] [ 12%] Built target ament_cmake_python_copy_deva_mdriver_msgs
[0.455s] running egg_info
[0.456s] writing deva_mdriver_msgs.egg-info/PKG-INFO
[0.456s] writing dependency_links to deva_mdriver_msgs.egg-info/dependency_links.txt
[0.456s] writing top-level names to deva_mdriver_msgs.egg-info/top_level.txt
[0.459s] reading manifest file 'deva_mdriver_msgs.egg-info/SOURCES.txt'
[0.460s] writing manifest file 'deva_mdriver_msgs.egg-info/SOURCES.txt'
[0.645s] [ 20%] Built target ament_cmake_python_build_deva_mdriver_msgs_egg
[0.645s] [ 31%] Built target deva_mdriver_msgs__rosidl_typesupport_introspection_c
[0.645s] [ 48%] Built target deva_mdriver_msgs__rosidl_typesupport_c
[0.645s] [ 48%] Built target deva_mdriver_msgs__rosidl_typesupport_fastrtps_c
[0.645s] [ 82%] Built target deva_mdriver_msgs__rosidl_typesupport_introspection_cpp
[0.645s] [ 83%] Built target deva_mdriver_msgs__rosidl_typesupport_cpp
[0.646s] [ 84%] Built target deva_mdriver_msgs__rosidl_typesupport_fastrtps_cpp
[0.667s] [ 84%] Built target deva_mdriver_msgs
[0.693s] [ 85%] Built target deva_mdriver_msgs__py
[0.723s] [ 96%] Built target deva_mdriver_msgs__rosidl_generator_py
[0.748s] [ 98%] Built target deva_mdriver_msgs__rosidl_typesupport_introspection_c__pyext
[0.748s] [ 99%] Built target deva_mdriver_msgs__rosidl_typesupport_fastrtps_c__pyext
[0.749s] [100%] Built target deva_mdriver_msgs__rosidl_typesupport_c__pyext
[0.766s] Invoked command in '/home/linjiawei/load_mcap/build/deva_mdriver_msgs' returned '0': CMAKE_PREFIX_PATH=/home/linjiawei/load_mcap/install/deva_planning_msgs:/home/linjiawei/load_mcap/install/deva_map_msgs:/home/linjiawei/load_mcap/install/deva_perception_msgs:/home/linjiawei/load_mcap/install/deva_localization_msgs:/home/linjiawei/load_mcap/install/deva_common_msgs:/home/linjiawei/load_mcap/install/serialize_msgs:/home/linjiawei/load_mcap/install/rviz_plug_msg:/home/linjiawei/load_mcap/install/fault_diagnosis:/home/linjiawei/load_mcap/install/environment_model_msgs:/home/linjiawei/load_mcap/install/deva_control_msgs:/home/linjiawei/load_mcap/install/deva_planning_msgs2:/home/linjiawei/load_mcap/install/deva_mdriver_msgs:/home/linjiawei/load_mcap/install/deva_navi_msgs:/home/linjiawei/load_mcap/install/deva_gaode_routing_msgs:/home/linjiawei/load_mcap/install/deva_function_msgs:/home/linjiawei/load_mcap/install/deva_aeb_msgs:/home/linjiawei/load_mcap/install/deva_ads_msgs:/home/linjiawei/load_mcap/install/mcap_streamer:/opt/ros/humble LD_LIBRARY_PATH=/home/linjiawei/load_mcap/install/deva_planning_msgs/lib:/home/linjiawei/load_mcap/install/deva_map_msgs/lib:/home/linjiawei/load_mcap/install/deva_perception_msgs/lib:/home/linjiawei/load_mcap/install/deva_localization_msgs/lib:/home/linjiawei/load_mcap/install/deva_common_msgs/lib:/home/linjiawei/load_mcap/install/serialize_msgs/lib:/home/linjiawei/load_mcap/install/rviz_plug_msg/lib:/home/linjiawei/load_mcap/install/fault_diagnosis/lib:/home/linjiawei/load_mcap/install/environment_model_msgs/lib:/home/linjiawei/load_mcap/install/deva_control_msgs/lib:/home/linjiawei/load_mcap/install/deva_planning_msgs2/lib:/home/linjiawei/load_mcap/install/deva_mdriver_msgs/lib:/home/linjiawei/load_mcap/install/deva_navi_msgs/lib:/home/linjiawei/load_mcap/install/deva_gaode_routing_msgs/lib:/home/linjiawei/load_mcap/install/deva_function_msgs/lib:/home/linjiawei/load_mcap/install/deva_aeb_msgs/lib:/home/linjiawei/load_mcap/install/deva_ads_msgs/lib:/opt/ros/humble/opt/rviz_ogre_vendor/lib:/opt/ros/humble/lib/x86_64-linux-gnu:/opt/ros/humble/lib:/usr/local/nvidia/lib64 /usr/bin/cmake --build /home/linjiawei/load_mcap/build/deva_mdriver_msgs -- -j17 -l17
[0.768s] Invoking command in '/home/linjiawei/load_mcap/build/deva_mdriver_msgs': CMAKE_PREFIX_PATH=/home/linjiawei/load_mcap/install/deva_planning_msgs:/home/linjiawei/load_mcap/install/deva_map_msgs:/home/linjiawei/load_mcap/install/deva_perception_msgs:/home/linjiawei/load_mcap/install/deva_localization_msgs:/home/linjiawei/load_mcap/install/deva_common_msgs:/home/linjiawei/load_mcap/install/serialize_msgs:/home/linjiawei/load_mcap/install/rviz_plug_msg:/home/linjiawei/load_mcap/install/fault_diagnosis:/home/linjiawei/load_mcap/install/environment_model_msgs:/home/linjiawei/load_mcap/install/deva_control_msgs:/home/linjiawei/load_mcap/install/deva_planning_msgs2:/home/linjiawei/load_mcap/install/deva_mdriver_msgs:/home/linjiawei/load_mcap/install/deva_navi_msgs:/home/linjiawei/load_mcap/install/deva_gaode_routing_msgs:/home/linjiawei/load_mcap/install/deva_function_msgs:/home/linjiawei/load_mcap/install/deva_aeb_msgs:/home/linjiawei/load_mcap/install/deva_ads_msgs:/home/linjiawei/load_mcap/install/mcap_streamer:/opt/ros/humble LD_LIBRARY_PATH=/home/linjiawei/load_mcap/install/deva_planning_msgs/lib:/home/linjiawei/load_mcap/install/deva_map_msgs/lib:/home/linjiawei/load_mcap/install/deva_perception_msgs/lib:/home/linjiawei/load_mcap/install/deva_localization_msgs/lib:/home/linjiawei/load_mcap/install/deva_common_msgs/lib:/home/linjiawei/load_mcap/install/serialize_msgs/lib:/home/linjiawei/load_mcap/install/rviz_plug_msg/lib:/home/linjiawei/load_mcap/install/fault_diagnosis/lib:/home/linjiawei/load_mcap/install/environment_model_msgs/lib:/home/linjiawei/load_mcap/install/deva_control_msgs/lib:/home/linjiawei/load_mcap/install/deva_planning_msgs2/lib:/home/linjiawei/load_mcap/install/deva_mdriver_msgs/lib:/home/linjiawei/load_mcap/install/deva_navi_msgs/lib:/home/linjiawei/load_mcap/install/deva_gaode_routing_msgs/lib:/home/linjiawei/load_mcap/install/deva_function_msgs/lib:/home/linjiawei/load_mcap/install/deva_aeb_msgs/lib:/home/linjiawei/load_mcap/install/deva_ads_msgs/lib:/opt/ros/humble/opt/rviz_ogre_vendor/lib:/opt/ros/humble/lib/x86_64-linux-gnu:/opt/ros/humble/lib:/usr/local/nvidia/lib64 /usr/bin/cmake --install /home/linjiawei/load_mcap/build/deva_mdriver_msgs
[0.779s] -- Install configuration: ""
[0.779s] -- Up-to-date: /home/linjiawei/load_mcap/install/deva_mdriver_msgs/share/ament_index/resource_index/rosidl_interfaces/deva_mdriver_msgs
[0.779s] -- Up-to-date: /home/linjiawei/load_mcap/install/deva_mdriver_msgs/include/deva_mdriver_msgs/deva_mdriver_msgs
[0.780s] -- Up-to-date: /home/linjiawei/load_mcap/install/deva_mdriver_msgs/include/deva_mdriver_msgs/deva_mdriver_msgs/msg
[0.780s] -- Up-to-date: /home/linjiawei/load_mcap/install/deva_mdriver_msgs/include/deva_mdriver_msgs/deva_mdriver_msgs/msg/rosidl_generator_c__visibility_control.h
[0.780s] -- Up-to-date: /home/linjiawei/load_mcap/install/deva_mdriver_msgs/include/deva_mdriver_msgs/deva_mdriver_msgs/msg/acc_heading_steering_stats.h
[0.780s] -- Up-to-date: /home/linjiawei/load_mcap/install/deva_mdriver_msgs/include/deva_mdriver_msgs/deva_mdriver_msgs/msg/detail
[0.780s] -- Up-to-date: /home/linjiawei/load_mcap/install/deva_mdriver_msgs/include/deva_mdriver_msgs/deva_mdriver_msgs/msg/detail/acc_heading_steering_stats__functions.c
[0.780s] -- Up-to-date: /home/linjiawei/load_mcap/install/deva_mdriver_msgs/include/deva_mdriver_msgs/deva_mdriver_msgs/msg/detail/acc_heading_steering_stats__functions.h
[0.780s] -- Up-to-date: /home/linjiawei/load_mcap/install/deva_mdriver_msgs/include/deva_mdriver_msgs/deva_mdriver_msgs/msg/detail/acc_heading_steering_stats__struct.h
[0.780s] -- Up-to-date: /home/linjiawei/load_mcap/install/deva_mdriver_msgs/include/deva_mdriver_msgs/deva_mdriver_msgs/msg/detail/acc_heading_steering_stats__type_support.h
[0.781s] -- Up-to-date: /home/linjiawei/load_mcap/install/deva_mdriver_msgs/include/deva_mdriver_msgs/deva_mdriver_msgs/msg/detail/center_line__functions.c
[0.781s] -- Up-to-date: /home/linjiawei/load_mcap/install/deva_mdriver_msgs/include/deva_mdriver_msgs/deva_mdriver_msgs/msg/detail/center_line__functions.h
[0.781s] -- Up-to-date: /home/linjiawei/load_mcap/install/deva_mdriver_msgs/include/deva_mdriver_msgs/deva_mdriver_msgs/msg/detail/center_line__struct.h
[0.781s] -- Up-to-date: /home/linjiawei/load_mcap/install/deva_mdriver_msgs/include/deva_mdriver_msgs/deva_mdriver_msgs/msg/detail/center_line__type_support.h
[0.781s] -- Up-to-date: /home/linjiawei/load_mcap/install/deva_mdriver_msgs/include/deva_mdriver_msgs/deva_mdriver_msgs/msg/detail/center_line_point__functions.c
[0.781s] -- Up-to-date: /home/linjiawei/load_mcap/install/deva_mdriver_msgs/include/deva_mdriver_msgs/deva_mdriver_msgs/msg/detail/center_line_point__functions.h
[0.781s] -- Up-to-date: /home/linjiawei/load_mcap/install/deva_mdriver_msgs/include/deva_mdriver_msgs/deva_mdriver_msgs/msg/detail/center_line_point__struct.h
[0.781s] -- Up-to-date: /home/linjiawei/load_mcap/install/deva_mdriver_msgs/include/deva_mdriver_msgs/deva_mdriver_msgs/msg/detail/center_line_point__type_support.h
[0.781s] -- Up-to-date: /home/linjiawei/load_mcap/install/deva_mdriver_msgs/include/deva_mdriver_msgs/deva_mdriver_msgs/msg/detail/center_lines__functions.c
[0.781s] -- Up-to-date: /home/linjiawei/load_mcap/install/deva_mdriver_msgs/include/deva_mdriver_msgs/deva_mdriver_msgs/msg/detail/center_lines__functions.h
[0.781s] -- Up-to-date: /home/linjiawei/load_mcap/install/deva_mdriver_msgs/include/deva_mdriver_msgs/deva_mdriver_msgs/msg/detail/center_lines__struct.h
[0.781s] -- Up-to-date: /home/linjiawei/load_mcap/install/deva_mdriver_msgs/include/deva_mdriver_msgs/deva_mdriver_msgs/msg/detail/center_lines__type_support.h
[0.782s] -- Up-to-date: /home/linjiawei/load_mcap/install/deva_mdriver_msgs/include/deva_mdriver_msgs/deva_mdriver_msgs/msg/detail/debug_info__functions.c
[0.782s] -- Up-to-date: /home/linjiawei/load_mcap/install/deva_mdriver_msgs/include/deva_mdriver_msgs/deva_mdriver_msgs/msg/detail/debug_info__functions.h
[0.782s] -- Up-to-date: /home/linjiawei/load_mcap/install/deva_mdriver_msgs/include/deva_mdriver_msgs/deva_mdriver_msgs/msg/detail/debug_info__struct.h
[0.782s] -- Up-to-date: /home/linjiawei/load_mcap/install/deva_mdriver_msgs/include/deva_mdriver_msgs/deva_mdriver_msgs/msg/detail/debug_info__type_support.h
[0.782s] -- Up-to-date: /home/linjiawei/load_mcap/install/deva_mdriver_msgs/include/deva_mdriver_msgs/deva_mdriver_msgs/msg/detail/m_prediction_obstacle__functions.c
[0.782s] -- Up-to-date: /home/linjiawei/load_mcap/install/deva_mdriver_msgs/include/deva_mdriver_msgs/deva_mdriver_msgs/msg/detail/m_prediction_obstacle__functions.h
[0.782s] -- Up-to-date: /home/linjiawei/load_mcap/install/deva_mdriver_msgs/include/deva_mdriver_msgs/deva_mdriver_msgs/msg/detail/m_prediction_obstacle__struct.h
[0.782s] -- Up-to-date: /home/linjiawei/load_mcap/install/deva_mdriver_msgs/include/deva_mdriver_msgs/deva_mdriver_msgs/msg/detail/m_prediction_obstacle__type_support.h
[0.782s] -- Up-to-date: /home/linjiawei/load_mcap/install/deva_mdriver_msgs/include/deva_mdriver_msgs/deva_mdriver_msgs/msg/detail/m_world__functions.c
[0.782s] -- Up-to-date: /home/linjiawei/load_mcap/install/deva_mdriver_msgs/include/deva_mdriver_msgs/deva_mdriver_msgs/msg/detail/m_world__functions.h
[0.782s] -- Up-to-date: /home/linjiawei/load_mcap/install/deva_mdriver_msgs/include/deva_mdriver_msgs/deva_mdriver_msgs/msg/detail/m_world__struct.h
[0.782s] -- Up-to-date: /home/linjiawei/load_mcap/install/deva_mdriver_msgs/include/deva_mdriver_msgs/deva_mdriver_msgs/msg/detail/m_world__type_support.h
[0.783s] -- Up-to-date: /home/linjiawei/load_mcap/install/deva_mdriver_msgs/include/deva_mdriver_msgs/deva_mdriver_msgs/msg/detail/mdriver_meta_action__functions.c
[0.783s] -- Up-to-date: /home/linjiawei/load_mcap/install/deva_mdriver_msgs/include/deva_mdriver_msgs/deva_mdriver_msgs/msg/detail/mdriver_meta_action__functions.h
[0.783s] -- Up-to-date: /home/linjiawei/load_mcap/install/deva_mdriver_msgs/include/deva_mdriver_msgs/deva_mdriver_msgs/msg/detail/mdriver_meta_action__struct.h
[0.783s] -- Up-to-date: /home/linjiawei/load_mcap/install/deva_mdriver_msgs/include/deva_mdriver_msgs/deva_mdriver_msgs/msg/detail/mdriver_meta_action__type_support.h
[0.783s] -- Up-to-date: /home/linjiawei/load_mcap/install/deva_mdriver_msgs/include/deva_mdriver_msgs/deva_mdriver_msgs/msg/detail/mdriver_ref_line__functions.c
[0.783s] -- Up-to-date: /home/linjiawei/load_mcap/install/deva_mdriver_msgs/include/deva_mdriver_msgs/deva_mdriver_msgs/msg/detail/mdriver_ref_line__functions.h
[0.783s] -- Up-to-date: /home/linjiawei/load_mcap/install/deva_mdriver_msgs/include/deva_mdriver_msgs/deva_mdriver_msgs/msg/detail/mdriver_ref_line__struct.h
[0.783s] -- Up-to-date: /home/linjiawei/load_mcap/install/deva_mdriver_msgs/include/deva_mdriver_msgs/deva_mdriver_msgs/msg/detail/mdriver_ref_line__type_support.h
[0.783s] -- Up-to-date: /home/linjiawei/load_mcap/install/deva_mdriver_msgs/include/deva_mdriver_msgs/deva_mdriver_msgs/msg/detail/mdriver_ref_lines__functions.c
[0.783s] -- Up-to-date: /home/linjiawei/load_mcap/install/deva_mdriver_msgs/include/deva_mdriver_msgs/deva_mdriver_msgs/msg/detail/mdriver_ref_lines__functions.h
[0.784s] -- Up-to-date: /home/linjiawei/load_mcap/install/deva_mdriver_msgs/include/deva_mdriver_msgs/deva_mdriver_msgs/msg/detail/mdriver_ref_lines__struct.h
[0.784s] -- Up-to-date: /home/linjiawei/load_mcap/install/deva_mdriver_msgs/include/deva_mdriver_msgs/deva_mdriver_msgs/msg/detail/mdriver_ref_lines__type_support.h
[0.784s] -- Up-to-date: /home/linjiawei/load_mcap/install/deva_mdriver_msgs/include/deva_mdriver_msgs/deva_mdriver_msgs/msg/detail/mdriver_result__functions.c
[0.784s] -- Up-to-date: /home/linjiawei/load_mcap/install/deva_mdriver_msgs/include/deva_mdriver_msgs/deva_mdriver_msgs/msg/detail/mdriver_result__functions.h
[0.784s] -- Up-to-date: /home/linjiawei/load_mcap/install/deva_mdriver_msgs/include/deva_mdriver_msgs/deva_mdriver_msgs/msg/detail/mdriver_result__struct.h
[0.784s] -- Up-to-date: /home/linjiawei/load_mcap/install/deva_mdriver_msgs/include/deva_mdriver_msgs/deva_mdriver_msgs/msg/detail/mdriver_result__type_support.h
[0.784s] -- Up-to-date: /home/linjiawei/load_mcap/install/deva_mdriver_msgs/include/deva_mdriver_msgs/deva_mdriver_msgs/msg/detail/mean_variance__functions.c
[0.784s] -- Up-to-date: /home/linjiawei/load_mcap/install/deva_mdriver_msgs/include/deva_mdriver_msgs/deva_mdriver_msgs/msg/detail/mean_variance__functions.h
[0.785s] -- Up-to-date: /home/linjiawei/load_mcap/install/deva_mdriver_msgs/include/deva_mdriver_msgs/deva_mdriver_msgs/msg/detail/mean_variance__struct.h
[0.785s] -- Up-to-date: /home/linjiawei/load_mcap/install/deva_mdriver_msgs/include/deva_mdriver_msgs/deva_mdriver_msgs/msg/detail/mean_variance__type_support.h
[0.785s] -- Up-to-date: /home/linjiawei/load_mcap/install/deva_mdriver_msgs/include/deva_mdriver_msgs/deva_mdriver_msgs/msg/detail/nudge_buffer__functions.c
[0.785s] -- Up-to-date: /home/linjiawei/load_mcap/install/deva_mdriver_msgs/include/deva_mdriver_msgs/deva_mdriver_msgs/msg/detail/nudge_buffer__functions.h
[0.785s] -- Up-to-date: /home/linjiawei/load_mcap/install/deva_mdriver_msgs/include/deva_mdriver_msgs/deva_mdriver_msgs/msg/detail/nudge_buffer__struct.h
[0.785s] -- Up-to-date: /home/linjiawei/load_mcap/install/deva_mdriver_msgs/include/deva_mdriver_msgs/deva_mdriver_msgs/msg/detail/nudge_buffer__type_support.h
[0.785s] -- Up-to-date: /home/linjiawei/load_mcap/install/deva_mdriver_msgs/include/deva_mdriver_msgs/deva_mdriver_msgs/msg/detail/obstacle_nudge_buffer__functions.c
[0.785s] -- Up-to-date: /home/linjiawei/load_mcap/install/deva_mdriver_msgs/include/deva_mdriver_msgs/deva_mdriver_msgs/msg/detail/obstacle_nudge_buffer__functions.h
[0.786s] -- Up-to-date: /home/linjiawei/load_mcap/install/deva_mdriver_msgs/include/deva_mdriver_msgs/deva_mdriver_msgs/msg/detail/obstacle_nudge_buffer__struct.h
[0.786s] -- Up-to-date: /home/linjiawei/load_mcap/install/deva_mdriver_msgs/include/deva_mdriver_msgs/deva_mdriver_msgs/msg/detail/obstacle_nudge_buffer__type_support.h
[0.786s] -- Up-to-date: /home/linjiawei/load_mcap/install/deva_mdriver_msgs/include/deva_mdriver_msgs/deva_mdriver_msgs/msg/center_line.h
[0.786s] -- Up-to-date: /home/linjiawei/load_mcap/install/deva_mdriver_msgs/include/deva_mdriver_msgs/deva_mdriver_msgs/msg/center_line_point.h
[0.787s] -- Up-to-date: /home/linjiawei/load_mcap/install/deva_mdriver_msgs/include/deva_mdriver_msgs/deva_mdriver_msgs/msg/center_lines.h
[0.787s] -- Up-to-date: /home/linjiawei/load_mcap/install/deva_mdriver_msgs/include/deva_mdriver_msgs/deva_mdriver_msgs/msg/debug_info.h
[0.787s] -- Up-to-date: /home/linjiawei/load_mcap/install/deva_mdriver_msgs/include/deva_mdriver_msgs/deva_mdriver_msgs/msg/m_prediction_obstacle.h
[0.787s] -- Up-to-date: /home/linjiawei/load_mcap/install/deva_mdriver_msgs/include/deva_mdriver_msgs/deva_mdriver_msgs/msg/m_world.h
[0.787s] -- Up-to-date: /home/linjiawei/load_mcap/install/deva_mdriver_msgs/include/deva_mdriver_msgs/deva_mdriver_msgs/msg/mdriver_meta_action.h
[0.787s] -- Up-to-date: /home/linjiawei/load_mcap/install/deva_mdriver_msgs/include/deva_mdriver_msgs/deva_mdriver_msgs/msg/mdriver_ref_line.h
[0.787s] -- Up-to-date: /home/linjiawei/load_mcap/install/deva_mdriver_msgs/include/deva_mdriver_msgs/deva_mdriver_msgs/msg/mdriver_ref_lines.h
[0.787s] -- Up-to-date: /home/linjiawei/load_mcap/install/deva_mdriver_msgs/include/deva_mdriver_msgs/deva_mdriver_msgs/msg/mdriver_result.h
[0.787s] -- Up-to-date: /home/linjiawei/load_mcap/install/deva_mdriver_msgs/include/deva_mdriver_msgs/deva_mdriver_msgs/msg/mean_variance.h
[0.787s] -- Up-to-date: /home/linjiawei/load_mcap/install/deva_mdriver_msgs/include/deva_mdriver_msgs/deva_mdriver_msgs/msg/nudge_buffer.h
[0.788s] -- Up-to-date: /home/linjiawei/load_mcap/install/deva_mdriver_msgs/include/deva_mdriver_msgs/deva_mdriver_msgs/msg/obstacle_nudge_buffer.h
[0.788s] -- Up-to-date: /home/linjiawei/load_mcap/install/deva_mdriver_msgs/share/deva_mdriver_msgs/environment/library_path.sh
[0.788s] -- Up-to-date: /home/linjiawei/load_mcap/install/deva_mdriver_msgs/share/deva_mdriver_msgs/environment/library_path.dsv
[0.788s] -- Up-to-date: /home/linjiawei/load_mcap/install/deva_mdriver_msgs/lib/libdeva_mdriver_msgs__rosidl_generator_c.so
[0.788s] -- Up-to-date: /home/linjiawei/load_mcap/install/deva_mdriver_msgs/include/deva_mdriver_msgs/deva_mdriver_msgs
[0.788s] -- Up-to-date: /home/linjiawei/load_mcap/install/deva_mdriver_msgs/include/deva_mdriver_msgs/deva_mdriver_msgs/msg
[0.788s] -- Up-to-date: /home/linjiawei/load_mcap/install/deva_mdriver_msgs/include/deva_mdriver_msgs/deva_mdriver_msgs/msg/rosidl_typesupport_fastrtps_c__visibility_control.h
[0.789s] -- Up-to-date: /home/linjiawei/load_mcap/install/deva_mdriver_msgs/include/deva_mdriver_msgs/deva_mdriver_msgs/msg/detail
[0.789s] -- Up-to-date: /home/linjiawei/load_mcap/install/deva_mdriver_msgs/include/deva_mdriver_msgs/deva_mdriver_msgs/msg/detail/acc_heading_steering_stats__rosidl_typesupport_fastrtps_c.h
[0.789s] -- Up-to-date: /home/linjiawei/load_mcap/install/deva_mdriver_msgs/include/deva_mdriver_msgs/deva_mdriver_msgs/msg/detail/center_line__rosidl_typesupport_fastrtps_c.h
[0.789s] -- Up-to-date: /home/linjiawei/load_mcap/install/deva_mdriver_msgs/include/deva_mdriver_msgs/deva_mdriver_msgs/msg/detail/center_line_point__rosidl_typesupport_fastrtps_c.h
[0.789s] -- Up-to-date: /home/linjiawei/load_mcap/install/deva_mdriver_msgs/include/deva_mdriver_msgs/deva_mdriver_msgs/msg/detail/center_lines__rosidl_typesupport_fastrtps_c.h
[0.789s] -- Up-to-date: /home/linjiawei/load_mcap/install/deva_mdriver_msgs/include/deva_mdriver_msgs/deva_mdriver_msgs/msg/detail/debug_info__rosidl_typesupport_fastrtps_c.h
[0.789s] -- Up-to-date: /home/linjiawei/load_mcap/install/deva_mdriver_msgs/include/deva_mdriver_msgs/deva_mdriver_msgs/msg/detail/m_prediction_obstacle__rosidl_typesupport_fastrtps_c.h
[0.789s] -- Up-to-date: /home/linjiawei/load_mcap/install/deva_mdriver_msgs/include/deva_mdriver_msgs/deva_mdriver_msgs/msg/detail/m_world__rosidl_typesupport_fastrtps_c.h
[0.789s] -- Up-to-date: /home/linjiawei/load_mcap/install/deva_mdriver_msgs/include/deva_mdriver_msgs/deva_mdriver_msgs/msg/detail/mdriver_meta_action__rosidl_typesupport_fastrtps_c.h
[0.790s] -- Up-to-date: /home/linjiawei/load_mcap/install/deva_mdriver_msgs/include/deva_mdriver_msgs/deva_mdriver_msgs/msg/detail/mdriver_ref_line__rosidl_typesupport_fastrtps_c.h
[0.790s] -- Up-to-date: /home/linjiawei/load_mcap/install/deva_mdriver_msgs/include/deva_mdriver_msgs/deva_mdriver_msgs/msg/detail/mdriver_ref_lines__rosidl_typesupport_fastrtps_c.h
[0.790s] -- Up-to-date: /home/linjiawei/load_mcap/install/deva_mdriver_msgs/include/deva_mdriver_msgs/deva_mdriver_msgs/msg/detail/mdriver_result__rosidl_typesupport_fastrtps_c.h
[0.790s] -- Up-to-date: /home/linjiawei/load_mcap/install/deva_mdriver_msgs/include/deva_mdriver_msgs/deva_mdriver_msgs/msg/detail/mean_variance__rosidl_typesupport_fastrtps_c.h
[0.790s] -- Up-to-date: /home/linjiawei/load_mcap/install/deva_mdriver_msgs/include/deva_mdriver_msgs/deva_mdriver_msgs/msg/detail/nudge_buffer__rosidl_typesupport_fastrtps_c.h
[0.790s] -- Up-to-date: /home/linjiawei/load_mcap/install/deva_mdriver_msgs/include/deva_mdriver_msgs/deva_mdriver_msgs/msg/detail/obstacle_nudge_buffer__rosidl_typesupport_fastrtps_c.h
[0.790s] -- Up-to-date: /home/linjiawei/load_mcap/install/deva_mdriver_msgs/lib/libdeva_mdriver_msgs__rosidl_typesupport_fastrtps_c.so
[0.791s] -- Up-to-date: /home/linjiawei/load_mcap/install/deva_mdriver_msgs/include/deva_mdriver_msgs/deva_mdriver_msgs
[0.791s] -- Up-to-date: /home/linjiawei/load_mcap/install/deva_mdriver_msgs/include/deva_mdriver_msgs/deva_mdriver_msgs/msg
[0.791s] -- Up-to-date: /home/linjiawei/load_mcap/install/deva_mdriver_msgs/include/deva_mdriver_msgs/deva_mdriver_msgs/msg/rosidl_typesupport_introspection_c__visibility_control.h
[0.791s] -- Up-to-date: /home/linjiawei/load_mcap/install/deva_mdriver_msgs/include/deva_mdriver_msgs/deva_mdriver_msgs/msg/detail
[0.791s] -- Up-to-date: /home/linjiawei/load_mcap/install/deva_mdriver_msgs/include/deva_mdriver_msgs/deva_mdriver_msgs/msg/detail/acc_heading_steering_stats__rosidl_typesupport_introspection_c.h
[0.791s] -- Up-to-date: /home/linjiawei/load_mcap/install/deva_mdriver_msgs/include/deva_mdriver_msgs/deva_mdriver_msgs/msg/detail/acc_heading_steering_stats__type_support.c
[0.791s] -- Up-to-date: /home/linjiawei/load_mcap/install/deva_mdriver_msgs/include/deva_mdriver_msgs/deva_mdriver_msgs/msg/detail/center_line__rosidl_typesupport_introspection_c.h
[0.791s] -- Up-to-date: /home/linjiawei/load_mcap/install/deva_mdriver_msgs/include/deva_mdriver_msgs/deva_mdriver_msgs/msg/detail/center_line__type_support.c
[0.791s] -- Up-to-date: /home/linjiawei/load_mcap/install/deva_mdriver_msgs/include/deva_mdriver_msgs/deva_mdriver_msgs/msg/detail/center_line_point__rosidl_typesupport_introspection_c.h
[0.792s] -- Up-to-date: /home/linjiawei/load_mcap/install/deva_mdriver_msgs/include/deva_mdriver_msgs/deva_mdriver_msgs/msg/detail/center_line_point__type_support.c
[0.792s] -- Up-to-date: /home/linjiawei/load_mcap/install/deva_mdriver_msgs/include/deva_mdriver_msgs/deva_mdriver_msgs/msg/detail/center_lines__rosidl_typesupport_introspection_c.h
[0.792s] -- Up-to-date: /home/linjiawei/load_mcap/install/deva_mdriver_msgs/include/deva_mdriver_msgs/deva_mdriver_msgs/msg/detail/center_lines__type_support.c
[0.792s] -- Up-to-date: /home/linjiawei/load_mcap/install/deva_mdriver_msgs/include/deva_mdriver_msgs/deva_mdriver_msgs/msg/detail/debug_info__rosidl_typesupport_introspection_c.h
[0.792s] -- Up-to-date: /home/linjiawei/load_mcap/install/deva_mdriver_msgs/include/deva_mdriver_msgs/deva_mdriver_msgs/msg/detail/debug_info__type_support.c
[0.792s] -- Up-to-date: /home/linjiawei/load_mcap/install/deva_mdriver_msgs/include/deva_mdriver_msgs/deva_mdriver_msgs/msg/detail/m_prediction_obstacle__rosidl_typesupport_introspection_c.h
[0.792s] -- Up-to-date: /home/linjiawei/load_mcap/install/deva_mdriver_msgs/include/deva_mdriver_msgs/deva_mdriver_msgs/msg/detail/m_prediction_obstacle__type_support.c
[0.792s] -- Up-to-date: /home/linjiawei/load_mcap/install/deva_mdriver_msgs/include/deva_mdriver_msgs/deva_mdriver_msgs/msg/detail/m_world__rosidl_typesupport_introspection_c.h
[0.792s] -- Up-to-date: /home/linjiawei/load_mcap/install/deva_mdriver_msgs/include/deva_mdriver_msgs/deva_mdriver_msgs/msg/detail/m_world__type_support.c
[0.792s] -- Up-to-date: /home/linjiawei/load_mcap/install/deva_mdriver_msgs/include/deva_mdriver_msgs/deva_mdriver_msgs/msg/detail/mdriver_meta_action__rosidl_typesupport_introspection_c.h
[0.792s] -- Up-to-date: /home/linjiawei/load_mcap/install/deva_mdriver_msgs/include/deva_mdriver_msgs/deva_mdriver_msgs/msg/detail/mdriver_meta_action__type_support.c
[0.792s] -- Up-to-date: /home/linjiawei/load_mcap/install/deva_mdriver_msgs/include/deva_mdriver_msgs/deva_mdriver_msgs/msg/detail/mdriver_ref_line__rosidl_typesupport_introspection_c.h
[0.792s] -- Up-to-date: /home/linjiawei/load_mcap/install/deva_mdriver_msgs/include/deva_mdriver_msgs/deva_mdriver_msgs/msg/detail/mdriver_ref_line__type_support.c
[0.793s] -- Up-to-date: /home/linjiawei/load_mcap/install/deva_mdriver_msgs/include/deva_mdriver_msgs/deva_mdriver_msgs/msg/detail/mdriver_ref_lines__rosidl_typesupport_introspection_c.h
[0.793s] -- Up-to-date: /home/linjiawei/load_mcap/install/deva_mdriver_msgs/include/deva_mdriver_msgs/deva_mdriver_msgs/msg/detail/mdriver_ref_lines__type_support.c
[0.793s] -- Up-to-date: /home/linjiawei/load_mcap/install/deva_mdriver_msgs/include/deva_mdriver_msgs/deva_mdriver_msgs/msg/detail/mdriver_result__rosidl_typesupport_introspection_c.h
[0.793s] -- Up-to-date: /home/linjiawei/load_mcap/install/deva_mdriver_msgs/include/deva_mdriver_msgs/deva_mdriver_msgs/msg/detail/mdriver_result__type_support.c
[0.793s] -- Up-to-date: /home/linjiawei/load_mcap/install/deva_mdriver_msgs/include/deva_mdriver_msgs/deva_mdriver_msgs/msg/detail/mean_variance__rosidl_typesupport_introspection_c.h
[0.793s] -- Up-to-date: /home/linjiawei/load_mcap/install/deva_mdriver_msgs/include/deva_mdriver_msgs/deva_mdriver_msgs/msg/detail/mean_variance__type_support.c
[0.793s] -- Up-to-date: /home/linjiawei/load_mcap/install/deva_mdriver_msgs/include/deva_mdriver_msgs/deva_mdriver_msgs/msg/detail/nudge_buffer__rosidl_typesupport_introspection_c.h
[0.793s] -- Up-to-date: /home/linjiawei/load_mcap/install/deva_mdriver_msgs/include/deva_mdriver_msgs/deva_mdriver_msgs/msg/detail/nudge_buffer__type_support.c
[0.793s] -- Up-to-date: /home/linjiawei/load_mcap/install/deva_mdriver_msgs/include/deva_mdriver_msgs/deva_mdriver_msgs/msg/detail/obstacle_nudge_buffer__rosidl_typesupport_introspection_c.h
[0.794s] -- Up-to-date: /home/linjiawei/load_mcap/install/deva_mdriver_msgs/include/deva_mdriver_msgs/deva_mdriver_msgs/msg/detail/obstacle_nudge_buffer__type_support.c
[0.794s] -- Up-to-date: /home/linjiawei/load_mcap/install/deva_mdriver_msgs/lib/libdeva_mdriver_msgs__rosidl_typesupport_introspection_c.so
[0.794s] -- Up-to-date: /home/linjiawei/load_mcap/install/deva_mdriver_msgs/lib/libdeva_mdriver_msgs__rosidl_typesupport_c.so
[0.794s] -- Up-to-date: /home/linjiawei/load_mcap/install/deva_mdriver_msgs/include/deva_mdriver_msgs/deva_mdriver_msgs
[0.794s] -- Up-to-date: /home/linjiawei/load_mcap/install/deva_mdriver_msgs/include/deva_mdriver_msgs/deva_mdriver_msgs/msg
[0.794s] -- Up-to-date: /home/linjiawei/load_mcap/install/deva_mdriver_msgs/include/deva_mdriver_msgs/deva_mdriver_msgs/msg/rosidl_generator_cpp__visibility_control.hpp
[0.794s] -- Up-to-date: /home/linjiawei/load_mcap/install/deva_mdriver_msgs/include/deva_mdriver_msgs/deva_mdriver_msgs/msg/acc_heading_steering_stats.hpp
[0.794s] -- Up-to-date: /home/linjiawei/load_mcap/install/deva_mdriver_msgs/include/deva_mdriver_msgs/deva_mdriver_msgs/msg/detail
[0.795s] -- Up-to-date: /home/linjiawei/load_mcap/install/deva_mdriver_msgs/include/deva_mdriver_msgs/deva_mdriver_msgs/msg/detail/acc_heading_steering_stats__builder.hpp
[0.795s] -- Up-to-date: /home/linjiawei/load_mcap/install/deva_mdriver_msgs/include/deva_mdriver_msgs/deva_mdriver_msgs/msg/detail/acc_heading_steering_stats__struct.hpp
[0.795s] -- Up-to-date: /home/linjiawei/load_mcap/install/deva_mdriver_msgs/include/deva_mdriver_msgs/deva_mdriver_msgs/msg/detail/acc_heading_steering_stats__traits.hpp
[0.795s] -- Up-to-date: /home/linjiawei/load_mcap/install/deva_mdriver_msgs/include/deva_mdriver_msgs/deva_mdriver_msgs/msg/detail/acc_heading_steering_stats__type_support.hpp
[0.796s] -- Up-to-date: /home/linjiawei/load_mcap/install/deva_mdriver_msgs/include/deva_mdriver_msgs/deva_mdriver_msgs/msg/detail/center_line__builder.hpp
[0.796s] -- Up-to-date: /home/linjiawei/load_mcap/install/deva_mdriver_msgs/include/deva_mdriver_msgs/deva_mdriver_msgs/msg/detail/center_line__struct.hpp
[0.796s] -- Up-to-date: /home/linjiawei/load_mcap/install/deva_mdriver_msgs/include/deva_mdriver_msgs/deva_mdriver_msgs/msg/detail/center_line__traits.hpp
[0.796s] -- Up-to-date: /home/linjiawei/load_mcap/install/deva_mdriver_msgs/include/deva_mdriver_msgs/deva_mdriver_msgs/msg/detail/center_line__type_support.hpp
[0.796s] -- Up-to-date: /home/linjiawei/load_mcap/install/deva_mdriver_msgs/include/deva_mdriver_msgs/deva_mdriver_msgs/msg/detail/center_line_point__builder.hpp
[0.796s] -- Up-to-date: /home/linjiawei/load_mcap/install/deva_mdriver_msgs/include/deva_mdriver_msgs/deva_mdriver_msgs/msg/detail/center_line_point__struct.hpp
[0.796s] -- Up-to-date: /home/linjiawei/load_mcap/install/deva_mdriver_msgs/include/deva_mdriver_msgs/deva_mdriver_msgs/msg/detail/center_line_point__traits.hpp
[0.796s] -- Up-to-date: /home/linjiawei/load_mcap/install/deva_mdriver_msgs/include/deva_mdriver_msgs/deva_mdriver_msgs/msg/detail/center_line_point__type_support.hpp
[0.796s] -- Up-to-date: /home/linjiawei/load_mcap/install/deva_mdriver_msgs/include/deva_mdriver_msgs/deva_mdriver_msgs/msg/detail/center_lines__builder.hpp
[0.796s] -- Up-to-date: /home/linjiawei/load_mcap/install/deva_mdriver_msgs/include/deva_mdriver_msgs/deva_mdriver_msgs/msg/detail/center_lines__struct.hpp
[0.796s] -- Up-to-date: /home/linjiawei/load_mcap/install/deva_mdriver_msgs/include/deva_mdriver_msgs/deva_mdriver_msgs/msg/detail/center_lines__traits.hpp
[0.796s] -- Up-to-date: /home/linjiawei/load_mcap/install/deva_mdriver_msgs/include/deva_mdriver_msgs/deva_mdriver_msgs/msg/detail/center_lines__type_support.hpp
[0.797s] -- Up-to-date: /home/linjiawei/load_mcap/install/deva_mdriver_msgs/include/deva_mdriver_msgs/deva_mdriver_msgs/msg/detail/debug_info__builder.hpp
[0.798s] -- Up-to-date: /home/linjiawei/load_mcap/install/deva_mdriver_msgs/include/deva_mdriver_msgs/deva_mdriver_msgs/msg/detail/debug_info__struct.hpp
[0.798s] -- Up-to-date: /home/linjiawei/load_mcap/install/deva_mdriver_msgs/include/deva_mdriver_msgs/deva_mdriver_msgs/msg/detail/debug_info__traits.hpp
[0.798s] -- Up-to-date: /home/linjiawei/load_mcap/install/deva_mdriver_msgs/include/deva_mdriver_msgs/deva_mdriver_msgs/msg/detail/debug_info__type_support.hpp
[0.798s] -- Up-to-date: /home/linjiawei/load_mcap/install/deva_mdriver_msgs/include/deva_mdriver_msgs/deva_mdriver_msgs/msg/detail/m_prediction_obstacle__builder.hpp
[0.798s] -- Up-to-date: /home/linjiawei/load_mcap/install/deva_mdriver_msgs/include/deva_mdriver_msgs/deva_mdriver_msgs/msg/detail/m_prediction_obstacle__struct.hpp
[0.798s] -- Up-to-date: /home/linjiawei/load_mcap/install/deva_mdriver_msgs/include/deva_mdriver_msgs/deva_mdriver_msgs/msg/detail/m_prediction_obstacle__traits.hpp
[0.798s] -- Up-to-date: /home/linjiawei/load_mcap/install/deva_mdriver_msgs/include/deva_mdriver_msgs/deva_mdriver_msgs/msg/detail/m_prediction_obstacle__type_support.hpp
[0.798s] -- Up-to-date: /home/linjiawei/load_mcap/install/deva_mdriver_msgs/include/deva_mdriver_msgs/deva_mdriver_msgs/msg/detail/m_world__builder.hpp
[0.798s] -- Up-to-date: /home/linjiawei/load_mcap/install/deva_mdriver_msgs/include/deva_mdriver_msgs/deva_mdriver_msgs/msg/detail/m_world__struct.hpp
[0.798s] -- Up-to-date: /home/linjiawei/load_mcap/install/deva_mdriver_msgs/include/deva_mdriver_msgs/deva_mdriver_msgs/msg/detail/m_world__traits.hpp
[0.798s] -- Up-to-date: /home/linjiawei/load_mcap/install/deva_mdriver_msgs/include/deva_mdriver_msgs/deva_mdriver_msgs/msg/detail/m_world__type_support.hpp
[0.799s] -- Up-to-date: /home/linjiawei/load_mcap/install/deva_mdriver_msgs/include/deva_mdriver_msgs/deva_mdriver_msgs/msg/detail/mdriver_meta_action__builder.hpp
[0.799s] -- Up-to-date: /home/linjiawei/load_mcap/install/deva_mdriver_msgs/include/deva_mdriver_msgs/deva_mdriver_msgs/msg/detail/mdriver_meta_action__struct.hpp
[0.799s] -- Up-to-date: /home/linjiawei/load_mcap/install/deva_mdriver_msgs/include/deva_mdriver_msgs/deva_mdriver_msgs/msg/detail/mdriver_meta_action__traits.hpp
[0.799s] -- Up-to-date: /home/linjiawei/load_mcap/install/deva_mdriver_msgs/include/deva_mdriver_msgs/deva_mdriver_msgs/msg/detail/mdriver_meta_action__type_support.hpp
[0.799s] -- Up-to-date: /home/linjiawei/load_mcap/install/deva_mdriver_msgs/include/deva_mdriver_msgs/deva_mdriver_msgs/msg/detail/mdriver_ref_line__builder.hpp
[0.799s] -- Up-to-date: /home/linjiawei/load_mcap/install/deva_mdriver_msgs/include/deva_mdriver_msgs/deva_mdriver_msgs/msg/detail/mdriver_ref_line__struct.hpp
[0.799s] -- Up-to-date: /home/linjiawei/load_mcap/install/deva_mdriver_msgs/include/deva_mdriver_msgs/deva_mdriver_msgs/msg/detail/mdriver_ref_line__traits.hpp
[0.799s] -- Up-to-date: /home/linjiawei/load_mcap/install/deva_mdriver_msgs/include/deva_mdriver_msgs/deva_mdriver_msgs/msg/detail/mdriver_ref_line__type_support.hpp
[0.799s] -- Up-to-date: /home/linjiawei/load_mcap/install/deva_mdriver_msgs/include/deva_mdriver_msgs/deva_mdriver_msgs/msg/detail/mdriver_ref_lines__builder.hpp
[0.799s] -- Up-to-date: /home/linjiawei/load_mcap/install/deva_mdriver_msgs/include/deva_mdriver_msgs/deva_mdriver_msgs/msg/detail/mdriver_ref_lines__struct.hpp
[0.799s] -- Up-to-date: /home/linjiawei/load_mcap/install/deva_mdriver_msgs/include/deva_mdriver_msgs/deva_mdriver_msgs/msg/detail/mdriver_ref_lines__traits.hpp
[0.799s] -- Up-to-date: /home/linjiawei/load_mcap/install/deva_mdriver_msgs/include/deva_mdriver_msgs/deva_mdriver_msgs/msg/detail/mdriver_ref_lines__type_support.hpp
[0.799s] -- Up-to-date: /home/linjiawei/load_mcap/install/deva_mdriver_msgs/include/deva_mdriver_msgs/deva_mdriver_msgs/msg/detail/mdriver_result__builder.hpp
[0.799s] -- Up-to-date: /home/linjiawei/load_mcap/install/deva_mdriver_msgs/include/deva_mdriver_msgs/deva_mdriver_msgs/msg/detail/mdriver_result__struct.hpp
[0.799s] -- Up-to-date: /home/linjiawei/load_mcap/install/deva_mdriver_msgs/include/deva_mdriver_msgs/deva_mdriver_msgs/msg/detail/mdriver_result__traits.hpp
[0.799s] -- Up-to-date: /home/linjiawei/load_mcap/install/deva_mdriver_msgs/include/deva_mdriver_msgs/deva_mdriver_msgs/msg/detail/mdriver_result__type_support.hpp
[0.799s] -- Up-to-date: /home/linjiawei/load_mcap/install/deva_mdriver_msgs/include/deva_mdriver_msgs/deva_mdriver_msgs/msg/detail/mean_variance__builder.hpp
[0.799s] -- Up-to-date: /home/linjiawei/load_mcap/install/deva_mdriver_msgs/include/deva_mdriver_msgs/deva_mdriver_msgs/msg/detail/mean_variance__struct.hpp
[0.799s] -- Up-to-date: /home/linjiawei/load_mcap/install/deva_mdriver_msgs/include/deva_mdriver_msgs/deva_mdriver_msgs/msg/detail/mean_variance__traits.hpp
[0.800s] -- Up-to-date: /home/linjiawei/load_mcap/install/deva_mdriver_msgs/include/deva_mdriver_msgs/deva_mdriver_msgs/msg/detail/mean_variance__type_support.hpp
[0.800s] -- Up-to-date: /home/linjiawei/load_mcap/install/deva_mdriver_msgs/include/deva_mdriver_msgs/deva_mdriver_msgs/msg/detail/nudge_buffer__builder.hpp
[0.800s] -- Up-to-date: /home/linjiawei/load_mcap/install/deva_mdriver_msgs/include/deva_mdriver_msgs/deva_mdriver_msgs/msg/detail/nudge_buffer__struct.hpp
[0.800s] -- Up-to-date: /home/linjiawei/load_mcap/install/deva_mdriver_msgs/include/deva_mdriver_msgs/deva_mdriver_msgs/msg/detail/nudge_buffer__traits.hpp
[0.800s] -- Up-to-date: /home/linjiawei/load_mcap/install/deva_mdriver_msgs/include/deva_mdriver_msgs/deva_mdriver_msgs/msg/detail/nudge_buffer__type_support.hpp
[0.800s] -- Up-to-date: /home/linjiawei/load_mcap/install/deva_mdriver_msgs/include/deva_mdriver_msgs/deva_mdriver_msgs/msg/detail/obstacle_nudge_buffer__builder.hpp
[0.800s] -- Up-to-date: /home/linjiawei/load_mcap/install/deva_mdriver_msgs/include/deva_mdriver_msgs/deva_mdriver_msgs/msg/detail/obstacle_nudge_buffer__struct.hpp
[0.800s] -- Up-to-date: /home/linjiawei/load_mcap/install/deva_mdriver_msgs/include/deva_mdriver_msgs/deva_mdriver_msgs/msg/detail/obstacle_nudge_buffer__traits.hpp
[0.800s] -- Up-to-date: /home/linjiawei/load_mcap/install/deva_mdriver_msgs/include/deva_mdriver_msgs/deva_mdriver_msgs/msg/detail/obstacle_nudge_buffer__type_support.hpp
[0.800s] -- Up-to-date: /home/linjiawei/load_mcap/install/deva_mdriver_msgs/include/deva_mdriver_msgs/deva_mdriver_msgs/msg/center_line.hpp
[0.800s] -- Up-to-date: /home/linjiawei/load_mcap/install/deva_mdriver_msgs/include/deva_mdriver_msgs/deva_mdriver_msgs/msg/center_line_point.hpp
[0.800s] -- Up-to-date: /home/linjiawei/load_mcap/install/deva_mdriver_msgs/include/deva_mdriver_msgs/deva_mdriver_msgs/msg/center_lines.hpp
[0.800s] -- Up-to-date: /home/linjiawei/load_mcap/install/deva_mdriver_msgs/include/deva_mdriver_msgs/deva_mdriver_msgs/msg/debug_info.hpp
[0.800s] -- Up-to-date: /home/linjiawei/load_mcap/install/deva_mdriver_msgs/include/deva_mdriver_msgs/deva_mdriver_msgs/msg/m_prediction_obstacle.hpp
[0.800s] -- Up-to-date: /home/linjiawei/load_mcap/install/deva_mdriver_msgs/include/deva_mdriver_msgs/deva_mdriver_msgs/msg/m_world.hpp
[0.800s] -- Up-to-date: /home/linjiawei/load_mcap/install/deva_mdriver_msgs/include/deva_mdriver_msgs/deva_mdriver_msgs/msg/mdriver_meta_action.hpp
[0.800s] -- Up-to-date: /home/linjiawei/load_mcap/install/deva_mdriver_msgs/include/deva_mdriver_msgs/deva_mdriver_msgs/msg/mdriver_ref_line.hpp
[0.800s] -- Up-to-date: /home/linjiawei/load_mcap/install/deva_mdriver_msgs/include/deva_mdriver_msgs/deva_mdriver_msgs/msg/mdriver_ref_lines.hpp
[0.801s] -- Up-to-date: /home/linjiawei/load_mcap/install/deva_mdriver_msgs/include/deva_mdriver_msgs/deva_mdriver_msgs/msg/mdriver_result.hpp
[0.801s] -- Up-to-date: /home/linjiawei/load_mcap/install/deva_mdriver_msgs/include/deva_mdriver_msgs/deva_mdriver_msgs/msg/mean_variance.hpp
[0.801s] -- Up-to-date: /home/linjiawei/load_mcap/install/deva_mdriver_msgs/include/deva_mdriver_msgs/deva_mdriver_msgs/msg/nudge_buffer.hpp
[0.802s] -- Up-to-date: /home/linjiawei/load_mcap/install/deva_mdriver_msgs/include/deva_mdriver_msgs/deva_mdriver_msgs/msg/obstacle_nudge_buffer.hpp
[0.802s] -- Up-to-date: /home/linjiawei/load_mcap/install/deva_mdriver_msgs/include/deva_mdriver_msgs/deva_mdriver_msgs
[0.802s] -- Up-to-date: /home/linjiawei/load_mcap/install/deva_mdriver_msgs/include/deva_mdriver_msgs/deva_mdriver_msgs/msg
[0.802s] -- Up-to-date: /home/linjiawei/load_mcap/install/deva_mdriver_msgs/include/deva_mdriver_msgs/deva_mdriver_msgs/msg/rosidl_typesupport_fastrtps_cpp__visibility_control.h
[0.802s] -- Up-to-date: /home/linjiawei/load_mcap/install/deva_mdriver_msgs/include/deva_mdriver_msgs/deva_mdriver_msgs/msg/detail
[0.802s] -- Up-to-date: /home/linjiawei/load_mcap/install/deva_mdriver_msgs/include/deva_mdriver_msgs/deva_mdriver_msgs/msg/detail/acc_heading_steering_stats__rosidl_typesupport_fastrtps_cpp.hpp
[0.803s] -- Up-to-date: /home/linjiawei/load_mcap/install/deva_mdriver_msgs/include/deva_mdriver_msgs/deva_mdriver_msgs/msg/detail/dds_fastrtps
[0.803s] -- Up-to-date: /home/linjiawei/load_mcap/install/deva_mdriver_msgs/include/deva_mdriver_msgs/deva_mdriver_msgs/msg/detail/center_line__rosidl_typesupport_fastrtps_cpp.hpp
[0.803s] -- Up-to-date: /home/linjiawei/load_mcap/install/deva_mdriver_msgs/include/deva_mdriver_msgs/deva_mdriver_msgs/msg/detail/center_line_point__rosidl_typesupport_fastrtps_cpp.hpp
[0.804s] -- Up-to-date: /home/linjiawei/load_mcap/install/deva_mdriver_msgs/include/deva_mdriver_msgs/deva_mdriver_msgs/msg/detail/center_lines__rosidl_typesupport_fastrtps_cpp.hpp
[0.804s] -- Up-to-date: /home/linjiawei/load_mcap/install/deva_mdriver_msgs/include/deva_mdriver_msgs/deva_mdriver_msgs/msg/detail/debug_info__rosidl_typesupport_fastrtps_cpp.hpp
[0.804s] -- Up-to-date: /home/linjiawei/load_mcap/install/deva_mdriver_msgs/include/deva_mdriver_msgs/deva_mdriver_msgs/msg/detail/m_prediction_obstacle__rosidl_typesupport_fastrtps_cpp.hpp
[0.804s] -- Up-to-date: /home/linjiawei/load_mcap/install/deva_mdriver_msgs/include/deva_mdriver_msgs/deva_mdriver_msgs/msg/detail/m_world__rosidl_typesupport_fastrtps_cpp.hpp
[0.804s] -- Up-to-date: /home/linjiawei/load_mcap/install/deva_mdriver_msgs/include/deva_mdriver_msgs/deva_mdriver_msgs/msg/detail/mdriver_meta_action__rosidl_typesupport_fastrtps_cpp.hpp
[0.804s] -- Up-to-date: /home/linjiawei/load_mcap/install/deva_mdriver_msgs/include/deva_mdriver_msgs/deva_mdriver_msgs/msg/detail/mdriver_ref_line__rosidl_typesupport_fastrtps_cpp.hpp
[0.804s] -- Up-to-date: /home/linjiawei/load_mcap/install/deva_mdriver_msgs/include/deva_mdriver_msgs/deva_mdriver_msgs/msg/detail/mdriver_ref_lines__rosidl_typesupport_fastrtps_cpp.hpp
[0.804s] -- Up-to-date: /home/linjiawei/load_mcap/install/deva_mdriver_msgs/include/deva_mdriver_msgs/deva_mdriver_msgs/msg/detail/mdriver_result__rosidl_typesupport_fastrtps_cpp.hpp
[0.804s] -- Up-to-date: /home/linjiawei/load_mcap/install/deva_mdriver_msgs/include/deva_mdriver_msgs/deva_mdriver_msgs/msg/detail/mean_variance__rosidl_typesupport_fastrtps_cpp.hpp
[0.804s] -- Up-to-date: /home/linjiawei/load_mcap/install/deva_mdriver_msgs/include/deva_mdriver_msgs/deva_mdriver_msgs/msg/detail/nudge_buffer__rosidl_typesupport_fastrtps_cpp.hpp
[0.804s] -- Up-to-date: /home/linjiawei/load_mcap/install/deva_mdriver_msgs/include/deva_mdriver_msgs/deva_mdriver_msgs/msg/detail/obstacle_nudge_buffer__rosidl_typesupport_fastrtps_cpp.hpp
[0.804s] -- Up-to-date: /home/linjiawei/load_mcap/install/deva_mdriver_msgs/lib/libdeva_mdriver_msgs__rosidl_typesupport_fastrtps_cpp.so
[0.804s] -- Up-to-date: /home/linjiawei/load_mcap/install/deva_mdriver_msgs/include/deva_mdriver_msgs/deva_mdriver_msgs
[0.804s] -- Up-to-date: /home/linjiawei/load_mcap/install/deva_mdriver_msgs/include/deva_mdriver_msgs/deva_mdriver_msgs/msg
[0.804s] -- Up-to-date: /home/linjiawei/load_mcap/install/deva_mdriver_msgs/include/deva_mdriver_msgs/deva_mdriver_msgs/msg/detail
[0.804s] -- Up-to-date: /home/linjiawei/load_mcap/install/deva_mdriver_msgs/include/deva_mdriver_msgs/deva_mdriver_msgs/msg/detail/acc_heading_steering_stats__rosidl_typesupport_introspection_cpp.hpp
[0.804s] -- Up-to-date: /home/linjiawei/load_mcap/install/deva_mdriver_msgs/include/deva_mdriver_msgs/deva_mdriver_msgs/msg/detail/acc_heading_steering_stats__type_support.cpp
[0.804s] -- Up-to-date: /home/linjiawei/load_mcap/install/deva_mdriver_msgs/include/deva_mdriver_msgs/deva_mdriver_msgs/msg/detail/center_line__rosidl_typesupport_introspection_cpp.hpp
[0.805s] -- Up-to-date: /home/linjiawei/load_mcap/install/deva_mdriver_msgs/include/deva_mdriver_msgs/deva_mdriver_msgs/msg/detail/center_line__type_support.cpp
[0.805s] -- Up-to-date: /home/linjiawei/load_mcap/install/deva_mdriver_msgs/include/deva_mdriver_msgs/deva_mdriver_msgs/msg/detail/center_line_point__rosidl_typesupport_introspection_cpp.hpp
[0.805s] -- Up-to-date: /home/linjiawei/load_mcap/install/deva_mdriver_msgs/include/deva_mdriver_msgs/deva_mdriver_msgs/msg/detail/center_line_point__type_support.cpp
[0.805s] -- Up-to-date: /home/linjiawei/load_mcap/install/deva_mdriver_msgs/include/deva_mdriver_msgs/deva_mdriver_msgs/msg/detail/center_lines__rosidl_typesupport_introspection_cpp.hpp
[0.805s] -- Up-to-date: /home/linjiawei/load_mcap/install/deva_mdriver_msgs/include/deva_mdriver_msgs/deva_mdriver_msgs/msg/detail/center_lines__type_support.cpp
[0.805s] -- Up-to-date: /home/linjiawei/load_mcap/install/deva_mdriver_msgs/include/deva_mdriver_msgs/deva_mdriver_msgs/msg/detail/debug_info__rosidl_typesupport_introspection_cpp.hpp
[0.805s] -- Up-to-date: /home/linjiawei/load_mcap/install/deva_mdriver_msgs/include/deva_mdriver_msgs/deva_mdriver_msgs/msg/detail/debug_info__type_support.cpp
[0.805s] -- Up-to-date: /home/linjiawei/load_mcap/install/deva_mdriver_msgs/include/deva_mdriver_msgs/deva_mdriver_msgs/msg/detail/m_prediction_obstacle__rosidl_typesupport_introspection_cpp.hpp
[0.805s] -- Up-to-date: /home/linjiawei/load_mcap/install/deva_mdriver_msgs/include/deva_mdriver_msgs/deva_mdriver_msgs/msg/detail/m_prediction_obstacle__type_support.cpp
[0.805s] -- Up-to-date: /home/linjiawei/load_mcap/install/deva_mdriver_msgs/include/deva_mdriver_msgs/deva_mdriver_msgs/msg/detail/m_world__rosidl_typesupport_introspection_cpp.hpp
[0.806s] -- Up-to-date: /home/linjiawei/load_mcap/install/deva_mdriver_msgs/include/deva_mdriver_msgs/deva_mdriver_msgs/msg/detail/m_world__type_support.cpp
[0.806s] -- Up-to-date: /home/linjiawei/load_mcap/install/deva_mdriver_msgs/include/deva_mdriver_msgs/deva_mdriver_msgs/msg/detail/mdriver_meta_action__rosidl_typesupport_introspection_cpp.hpp
[0.806s] -- Up-to-date: /home/linjiawei/load_mcap/install/deva_mdriver_msgs/include/deva_mdriver_msgs/deva_mdriver_msgs/msg/detail/mdriver_meta_action__type_support.cpp
[0.806s] -- Up-to-date: /home/linjiawei/load_mcap/install/deva_mdriver_msgs/include/deva_mdriver_msgs/deva_mdriver_msgs/msg/detail/mdriver_ref_line__rosidl_typesupport_introspection_cpp.hpp
[0.806s] -- Up-to-date: /home/linjiawei/load_mcap/install/deva_mdriver_msgs/include/deva_mdriver_msgs/deva_mdriver_msgs/msg/detail/mdriver_ref_line__type_support.cpp
[0.806s] -- Up-to-date: /home/linjiawei/load_mcap/install/deva_mdriver_msgs/include/deva_mdriver_msgs/deva_mdriver_msgs/msg/detail/mdriver_ref_lines__rosidl_typesupport_introspection_cpp.hpp
[0.806s] -- Up-to-date: /home/linjiawei/load_mcap/install/deva_mdriver_msgs/include/deva_mdriver_msgs/deva_mdriver_msgs/msg/detail/mdriver_ref_lines__type_support.cpp
[0.806s] -- Up-to-date: /home/linjiawei/load_mcap/install/deva_mdriver_msgs/include/deva_mdriver_msgs/deva_mdriver_msgs/msg/detail/mdriver_result__rosidl_typesupport_introspection_cpp.hpp
[0.807s] -- Up-to-date: /home/linjiawei/load_mcap/install/deva_mdriver_msgs/include/deva_mdriver_msgs/deva_mdriver_msgs/msg/detail/mdriver_result__type_support.cpp
[0.807s] -- Up-to-date: /home/linjiawei/load_mcap/install/deva_mdriver_msgs/include/deva_mdriver_msgs/deva_mdriver_msgs/msg/detail/mean_variance__rosidl_typesupport_introspection_cpp.hpp
[0.807s] -- Up-to-date: /home/linjiawei/load_mcap/install/deva_mdriver_msgs/include/deva_mdriver_msgs/deva_mdriver_msgs/msg/detail/mean_variance__type_support.cpp
[0.807s] -- Up-to-date: /home/linjiawei/load_mcap/install/deva_mdriver_msgs/include/deva_mdriver_msgs/deva_mdriver_msgs/msg/detail/nudge_buffer__rosidl_typesupport_introspection_cpp.hpp
[0.807s] -- Up-to-date: /home/linjiawei/load_mcap/install/deva_mdriver_msgs/include/deva_mdriver_msgs/deva_mdriver_msgs/msg/detail/nudge_buffer__type_support.cpp
[0.807s] -- Up-to-date: /home/linjiawei/load_mcap/install/deva_mdriver_msgs/include/deva_mdriver_msgs/deva_mdriver_msgs/msg/detail/obstacle_nudge_buffer__rosidl_typesupport_introspection_cpp.hpp
[0.807s] -- Up-to-date: /home/linjiawei/load_mcap/install/deva_mdriver_msgs/include/deva_mdriver_msgs/deva_mdriver_msgs/msg/detail/obstacle_nudge_buffer__type_support.cpp
[0.807s] -- Up-to-date: /home/linjiawei/load_mcap/install/deva_mdriver_msgs/lib/libdeva_mdriver_msgs__rosidl_typesupport_introspection_cpp.so
[0.807s] -- Up-to-date: /home/linjiawei/load_mcap/install/deva_mdriver_msgs/lib/libdeva_mdriver_msgs__rosidl_typesupport_cpp.so
[0.808s] -- Up-to-date: /home/linjiawei/load_mcap/install/deva_mdriver_msgs/share/deva_mdriver_msgs/environment/pythonpath.sh
[0.808s] -- Up-to-date: /home/linjiawei/load_mcap/install/deva_mdriver_msgs/share/deva_mdriver_msgs/environment/pythonpath.dsv
[0.808s] -- Up-to-date: /home/linjiawei/load_mcap/install/deva_mdriver_msgs/local/lib/python3.10/dist-packages/deva_mdriver_msgs-0.0.0-py3.10.egg-info
[0.808s] -- Installing: /home/linjiawei/load_mcap/install/deva_mdriver_msgs/local/lib/python3.10/dist-packages/deva_mdriver_msgs-0.0.0-py3.10.egg-info/PKG-INFO
[0.808s] -- Installing: /home/linjiawei/load_mcap/install/deva_mdriver_msgs/local/lib/python3.10/dist-packages/deva_mdriver_msgs-0.0.0-py3.10.egg-info/dependency_links.txt
[0.808s] -- Installing: /home/linjiawei/load_mcap/install/deva_mdriver_msgs/local/lib/python3.10/dist-packages/deva_mdriver_msgs-0.0.0-py3.10.egg-info/top_level.txt
[0.808s] -- Installing: /home/linjiawei/load_mcap/install/deva_mdriver_msgs/local/lib/python3.10/dist-packages/deva_mdriver_msgs-0.0.0-py3.10.egg-info/SOURCES.txt
[0.808s] -- Up-to-date: /home/linjiawei/load_mcap/install/deva_mdriver_msgs/local/lib/python3.10/dist-packages/deva_mdriver_msgs
[0.809s] -- Up-to-date: /home/linjiawei/load_mcap/install/deva_mdriver_msgs/local/lib/python3.10/dist-packages/deva_mdriver_msgs/__init__.py
[0.809s] -- Up-to-date: /home/linjiawei/load_mcap/install/deva_mdriver_msgs/local/lib/python3.10/dist-packages/deva_mdriver_msgs/msg
[0.809s] -- Up-to-date: /home/linjiawei/load_mcap/install/deva_mdriver_msgs/local/lib/python3.10/dist-packages/deva_mdriver_msgs/msg/_acc_heading_steering_stats.py
[0.809s] -- Up-to-date: /home/linjiawei/load_mcap/install/deva_mdriver_msgs/local/lib/python3.10/dist-packages/deva_mdriver_msgs/msg/_acc_heading_steering_stats_s.c
[0.809s] -- Up-to-date: /home/linjiawei/load_mcap/install/deva_mdriver_msgs/local/lib/python3.10/dist-packages/deva_mdriver_msgs/msg/_center_line.py
[0.809s] -- Up-to-date: /home/linjiawei/load_mcap/install/deva_mdriver_msgs/local/lib/python3.10/dist-packages/deva_mdriver_msgs/msg/_center_line_s.c
[0.809s] -- Up-to-date: /home/linjiawei/load_mcap/install/deva_mdriver_msgs/local/lib/python3.10/dist-packages/deva_mdriver_msgs/msg/_center_line_point.py
[0.810s] -- Up-to-date: /home/linjiawei/load_mcap/install/deva_mdriver_msgs/local/lib/python3.10/dist-packages/deva_mdriver_msgs/msg/_center_line_point_s.c
[0.810s] -- Up-to-date: /home/linjiawei/load_mcap/install/deva_mdriver_msgs/local/lib/python3.10/dist-packages/deva_mdriver_msgs/msg/_center_lines.py
[0.810s] -- Up-to-date: /home/linjiawei/load_mcap/install/deva_mdriver_msgs/local/lib/python3.10/dist-packages/deva_mdriver_msgs/msg/_center_lines_s.c
[0.810s] -- Up-to-date: /home/linjiawei/load_mcap/install/deva_mdriver_msgs/local/lib/python3.10/dist-packages/deva_mdriver_msgs/msg/_debug_info.py
[0.810s] -- Up-to-date: /home/linjiawei/load_mcap/install/deva_mdriver_msgs/local/lib/python3.10/dist-packages/deva_mdriver_msgs/msg/_debug_info_s.c
[0.810s] -- Up-to-date: /home/linjiawei/load_mcap/install/deva_mdriver_msgs/local/lib/python3.10/dist-packages/deva_mdriver_msgs/msg/_m_prediction_obstacle.py
[0.810s] -- Up-to-date: /home/linjiawei/load_mcap/install/deva_mdriver_msgs/local/lib/python3.10/dist-packages/deva_mdriver_msgs/msg/_m_prediction_obstacle_s.c
[0.810s] -- Up-to-date: /home/linjiawei/load_mcap/install/deva_mdriver_msgs/local/lib/python3.10/dist-packages/deva_mdriver_msgs/msg/_m_world.py
[0.810s] -- Up-to-date: /home/linjiawei/load_mcap/install/deva_mdriver_msgs/local/lib/python3.10/dist-packages/deva_mdriver_msgs/msg/_m_world_s.c
[0.810s] -- Up-to-date: /home/linjiawei/load_mcap/install/deva_mdriver_msgs/local/lib/python3.10/dist-packages/deva_mdriver_msgs/msg/_mdriver_meta_action.py
[0.810s] -- Up-to-date: /home/linjiawei/load_mcap/install/deva_mdriver_msgs/local/lib/python3.10/dist-packages/deva_mdriver_msgs/msg/_mdriver_meta_action_s.c
[0.810s] -- Up-to-date: /home/linjiawei/load_mcap/install/deva_mdriver_msgs/local/lib/python3.10/dist-packages/deva_mdriver_msgs/msg/_mdriver_ref_line.py
[0.810s] -- Up-to-date: /home/linjiawei/load_mcap/install/deva_mdriver_msgs/local/lib/python3.10/dist-packages/deva_mdriver_msgs/msg/_mdriver_ref_line_s.c
[0.810s] -- Up-to-date: /home/linjiawei/load_mcap/install/deva_mdriver_msgs/local/lib/python3.10/dist-packages/deva_mdriver_msgs/msg/_mdriver_ref_lines.py
[0.811s] -- Up-to-date: /home/linjiawei/load_mcap/install/deva_mdriver_msgs/local/lib/python3.10/dist-packages/deva_mdriver_msgs/msg/_mdriver_ref_lines_s.c
[0.811s] -- Up-to-date: /home/linjiawei/load_mcap/install/deva_mdriver_msgs/local/lib/python3.10/dist-packages/deva_mdriver_msgs/msg/_mdriver_result.py
[0.811s] -- Up-to-date: /home/linjiawei/load_mcap/install/deva_mdriver_msgs/local/lib/python3.10/dist-packages/deva_mdriver_msgs/msg/_mdriver_result_s.c
[0.811s] -- Up-to-date: /home/linjiawei/load_mcap/install/deva_mdriver_msgs/local/lib/python3.10/dist-packages/deva_mdriver_msgs/msg/_mean_variance.py
[0.811s] -- Up-to-date: /home/linjiawei/load_mcap/install/deva_mdriver_msgs/local/lib/python3.10/dist-packages/deva_mdriver_msgs/msg/_mean_variance_s.c
[0.811s] -- Up-to-date: /home/linjiawei/load_mcap/install/deva_mdriver_msgs/local/lib/python3.10/dist-packages/deva_mdriver_msgs/msg/_nudge_buffer.py
[0.811s] -- Up-to-date: /home/linjiawei/load_mcap/install/deva_mdriver_msgs/local/lib/python3.10/dist-packages/deva_mdriver_msgs/msg/_nudge_buffer_s.c
[0.811s] -- Up-to-date: /home/linjiawei/load_mcap/install/deva_mdriver_msgs/local/lib/python3.10/dist-packages/deva_mdriver_msgs/msg/_obstacle_nudge_buffer.py
[0.812s] -- Up-to-date: /home/linjiawei/load_mcap/install/deva_mdriver_msgs/local/lib/python3.10/dist-packages/deva_mdriver_msgs/msg/_obstacle_nudge_buffer_s.c
[0.812s] -- Up-to-date: /home/linjiawei/load_mcap/install/deva_mdriver_msgs/local/lib/python3.10/dist-packages/deva_mdriver_msgs/msg/__init__.py
[0.812s] -- Up-to-date: /home/linjiawei/load_mcap/install/deva_mdriver_msgs/local/lib/python3.10/dist-packages/deva_mdriver_msgs/_deva_mdriver_msgs_s.ep.rosidl_typesupport_fastrtps_c.c
[0.812s] -- Up-to-date: /home/linjiawei/load_mcap/install/deva_mdriver_msgs/local/lib/python3.10/dist-packages/deva_mdriver_msgs/_deva_mdriver_msgs_s.ep.rosidl_typesupport_introspection_c.c
[0.812s] -- Up-to-date: /home/linjiawei/load_mcap/install/deva_mdriver_msgs/local/lib/python3.10/dist-packages/deva_mdriver_msgs/_deva_mdriver_msgs_s.ep.rosidl_typesupport_c.c
[0.812s] -- Up-to-date: /home/linjiawei/load_mcap/install/deva_mdriver_msgs/local/lib/python3.10/dist-packages/deva_mdriver_msgs/libdeva_mdriver_msgs__rosidl_generator_py.so
[0.812s] -- Up-to-date: /home/linjiawei/load_mcap/install/deva_mdriver_msgs/local/lib/python3.10/dist-packages/deva_mdriver_msgs/deva_mdriver_msgs_s__rosidl_typesupport_fastrtps_c.cpython-310-x86_64-linux-gnu.so
[0.812s] -- Up-to-date: /home/linjiawei/load_mcap/install/deva_mdriver_msgs/local/lib/python3.10/dist-packages/deva_mdriver_msgs/deva_mdriver_msgs_s__rosidl_typesupport_c.cpython-310-x86_64-linux-gnu.so
[0.812s] -- Up-to-date: /home/linjiawei/load_mcap/install/deva_mdriver_msgs/local/lib/python3.10/dist-packages/deva_mdriver_msgs/deva_mdriver_msgs_s__rosidl_typesupport_introspection_c.cpython-310-x86_64-linux-gnu.so
[0.832s] Listing '/home/linjiawei/load_mcap/install/deva_mdriver_msgs/local/lib/python3.10/dist-packages/deva_mdriver_msgs'...
[0.832s] Listing '/home/linjiawei/load_mcap/install/deva_mdriver_msgs/local/lib/python3.10/dist-packages/deva_mdriver_msgs/msg'...
[0.836s] -- Up-to-date: /home/linjiawei/load_mcap/install/deva_mdriver_msgs/local/lib/python3.10/dist-packages/deva_mdriver_msgs/deva_mdriver_msgs_s__rosidl_typesupport_fastrtps_c.cpython-310-x86_64-linux-gnu.so
[0.837s] -- Up-to-date: /home/linjiawei/load_mcap/install/deva_mdriver_msgs/local/lib/python3.10/dist-packages/deva_mdriver_msgs/deva_mdriver_msgs_s__rosidl_typesupport_introspection_c.cpython-310-x86_64-linux-gnu.so
[0.837s] -- Up-to-date: /home/linjiawei/load_mcap/install/deva_mdriver_msgs/local/lib/python3.10/dist-packages/deva_mdriver_msgs/deva_mdriver_msgs_s__rosidl_typesupport_c.cpython-310-x86_64-linux-gnu.so
[0.837s] -- Up-to-date: /home/linjiawei/load_mcap/install/deva_mdriver_msgs/lib/libdeva_mdriver_msgs__rosidl_generator_py.so
[0.837s] -- Up-to-date: /home/linjiawei/load_mcap/install/deva_mdriver_msgs/share/deva_mdriver_msgs/msg/AccHeadingSteeringStats.idl
[0.838s] -- Up-to-date: /home/linjiawei/load_mcap/install/deva_mdriver_msgs/share/deva_mdriver_msgs/msg/CenterLine.idl
[0.838s] -- Up-to-date: /home/linjiawei/load_mcap/install/deva_mdriver_msgs/share/deva_mdriver_msgs/msg/CenterLinePoint.idl
[0.838s] -- Up-to-date: /home/linjiawei/load_mcap/install/deva_mdriver_msgs/share/deva_mdriver_msgs/msg/CenterLines.idl
[0.838s] -- Up-to-date: /home/linjiawei/load_mcap/install/deva_mdriver_msgs/share/deva_mdriver_msgs/msg/DebugInfo.idl
[0.838s] -- Up-to-date: /home/linjiawei/load_mcap/install/deva_mdriver_msgs/share/deva_mdriver_msgs/msg/MPredictionObstacle.idl
[0.838s] -- Up-to-date: /home/linjiawei/load_mcap/install/deva_mdriver_msgs/share/deva_mdriver_msgs/msg/MWorld.idl
[0.838s] -- Up-to-date: /home/linjiawei/load_mcap/install/deva_mdriver_msgs/share/deva_mdriver_msgs/msg/MdriverMetaAction.idl
[0.838s] -- Up-to-date: /home/linjiawei/load_mcap/install/deva_mdriver_msgs/share/deva_mdriver_msgs/msg/MdriverRefLine.idl
[0.838s] -- Up-to-date: /home/linjiawei/load_mcap/install/deva_mdriver_msgs/share/deva_mdriver_msgs/msg/MdriverRefLines.idl
[0.838s] -- Up-to-date: /home/linjiawei/load_mcap/install/deva_mdriver_msgs/share/deva_mdriver_msgs/msg/MdriverResult.idl
[0.838s] -- Up-to-date: /home/linjiawei/load_mcap/install/deva_mdriver_msgs/share/deva_mdriver_msgs/msg/MeanVariance.idl
[0.839s] -- Up-to-date: /home/linjiawei/load_mcap/install/deva_mdriver_msgs/share/deva_mdriver_msgs/msg/NudgeBuffer.idl
[0.839s] -- Up-to-date: /home/linjiawei/load_mcap/install/deva_mdriver_msgs/share/deva_mdriver_msgs/msg/ObstacleNudgeBuffer.idl
[0.839s] -- Up-to-date: /home/linjiawei/load_mcap/install/deva_mdriver_msgs/share/deva_mdriver_msgs/msg/AccHeadingSteeringStats.msg
[0.839s] -- Up-to-date: /home/linjiawei/load_mcap/install/deva_mdriver_msgs/share/deva_mdriver_msgs/msg/CenterLine.msg
[0.839s] -- Up-to-date: /home/linjiawei/load_mcap/install/deva_mdriver_msgs/share/deva_mdriver_msgs/msg/CenterLinePoint.msg
[0.839s] -- Up-to-date: /home/linjiawei/load_mcap/install/deva_mdriver_msgs/share/deva_mdriver_msgs/msg/CenterLines.msg
[0.839s] -- Up-to-date: /home/linjiawei/load_mcap/install/deva_mdriver_msgs/share/deva_mdriver_msgs/msg/DebugInfo.msg
[0.839s] -- Up-to-date: /home/linjiawei/load_mcap/install/deva_mdriver_msgs/share/deva_mdriver_msgs/msg/MPredictionObstacle.msg
[0.839s] -- Up-to-date: /home/linjiawei/load_mcap/install/deva_mdriver_msgs/share/deva_mdriver_msgs/msg/MWorld.msg
[0.840s] -- Up-to-date: /home/linjiawei/load_mcap/install/deva_mdriver_msgs/share/deva_mdriver_msgs/msg/MdriverMetaAction.msg
[0.840s] -- Up-to-date: /home/linjiawei/load_mcap/install/deva_mdriver_msgs/share/deva_mdriver_msgs/msg/MdriverRefLine.msg
[0.840s] -- Up-to-date: /home/linjiawei/load_mcap/install/deva_mdriver_msgs/share/deva_mdriver_msgs/msg/MdriverRefLines.msg
[0.840s] -- Up-to-date: /home/linjiawei/load_mcap/install/deva_mdriver_msgs/share/deva_mdriver_msgs/msg/MdriverResult.msg
[0.840s] -- Up-to-date: /home/linjiawei/load_mcap/install/deva_mdriver_msgs/share/deva_mdriver_msgs/msg/MeanVariance.msg
[0.840s] -- Up-to-date: /home/linjiawei/load_mcap/install/deva_mdriver_msgs/share/deva_mdriver_msgs/msg/NudgeBuffer.msg
[0.840s] -- Up-to-date: /home/linjiawei/load_mcap/install/deva_mdriver_msgs/share/deva_mdriver_msgs/msg/ObstacleNudgeBuffer.msg
[0.840s] -- Up-to-date: /home/linjiawei/load_mcap/install/deva_mdriver_msgs/share/ament_index/resource_index/package_run_dependencies/deva_mdriver_msgs
[0.840s] -- Up-to-date: /home/linjiawei/load_mcap/install/deva_mdriver_msgs/share/ament_index/resource_index/parent_prefix_path/deva_mdriver_msgs
[0.841s] -- Up-to-date: /home/linjiawei/load_mcap/install/deva_mdriver_msgs/share/deva_mdriver_msgs/environment/ament_prefix_path.sh
[0.841s] -- Up-to-date: /home/linjiawei/load_mcap/install/deva_mdriver_msgs/share/deva_mdriver_msgs/environment/ament_prefix_path.dsv
[0.841s] -- Up-to-date: /home/linjiawei/load_mcap/install/deva_mdriver_msgs/share/deva_mdriver_msgs/environment/path.sh
[0.841s] -- Up-to-date: /home/linjiawei/load_mcap/install/deva_mdriver_msgs/share/deva_mdriver_msgs/environment/path.dsv
[0.841s] -- Up-to-date: /home/linjiawei/load_mcap/install/deva_mdriver_msgs/share/deva_mdriver_msgs/local_setup.bash
[0.841s] -- Up-to-date: /home/linjiawei/load_mcap/install/deva_mdriver_msgs/share/deva_mdriver_msgs/local_setup.sh
[0.842s] -- Up-to-date: /home/linjiawei/load_mcap/install/deva_mdriver_msgs/share/deva_mdriver_msgs/local_setup.zsh
[0.842s] -- Up-to-date: /home/linjiawei/load_mcap/install/deva_mdriver_msgs/share/deva_mdriver_msgs/local_setup.dsv
[0.842s] -- Installing: /home/linjiawei/load_mcap/install/deva_mdriver_msgs/share/deva_mdriver_msgs/package.dsv
[0.842s] -- Up-to-date: /home/linjiawei/load_mcap/install/deva_mdriver_msgs/share/ament_index/resource_index/packages/deva_mdriver_msgs
[0.843s] -- Up-to-date: /home/linjiawei/load_mcap/install/deva_mdriver_msgs/share/deva_mdriver_msgs/cmake/export_deva_mdriver_msgs__rosidl_generator_cExport.cmake
[0.843s] -- Up-to-date: /home/linjiawei/load_mcap/install/deva_mdriver_msgs/share/deva_mdriver_msgs/cmake/export_deva_mdriver_msgs__rosidl_generator_cExport-noconfig.cmake
[0.843s] -- Up-to-date: /home/linjiawei/load_mcap/install/deva_mdriver_msgs/share/deva_mdriver_msgs/cmake/export_deva_mdriver_msgs__rosidl_typesupport_fastrtps_cExport.cmake
[0.843s] -- Up-to-date: /home/linjiawei/load_mcap/install/deva_mdriver_msgs/share/deva_mdriver_msgs/cmake/export_deva_mdriver_msgs__rosidl_typesupport_fastrtps_cExport-noconfig.cmake
[0.843s] -- Up-to-date: /home/linjiawei/load_mcap/install/deva_mdriver_msgs/share/deva_mdriver_msgs/cmake/deva_mdriver_msgs__rosidl_typesupport_introspection_cExport.cmake
[0.843s] -- Up-to-date: /home/linjiawei/load_mcap/install/deva_mdriver_msgs/share/deva_mdriver_msgs/cmake/deva_mdriver_msgs__rosidl_typesupport_introspection_cExport-noconfig.cmake
[0.844s] -- Up-to-date: /home/linjiawei/load_mcap/install/deva_mdriver_msgs/share/deva_mdriver_msgs/cmake/deva_mdriver_msgs__rosidl_typesupport_cExport.cmake
[0.844s] -- Up-to-date: /home/linjiawei/load_mcap/install/deva_mdriver_msgs/share/deva_mdriver_msgs/cmake/deva_mdriver_msgs__rosidl_typesupport_cExport-noconfig.cmake
[0.844s] -- Up-to-date: /home/linjiawei/load_mcap/install/deva_mdriver_msgs/share/deva_mdriver_msgs/cmake/export_deva_mdriver_msgs__rosidl_generator_cppExport.cmake
[0.844s] -- Up-to-date: /home/linjiawei/load_mcap/install/deva_mdriver_msgs/share/deva_mdriver_msgs/cmake/export_deva_mdriver_msgs__rosidl_typesupport_fastrtps_cppExport.cmake
[0.845s] -- Up-to-date: /home/linjiawei/load_mcap/install/deva_mdriver_msgs/share/deva_mdriver_msgs/cmake/export_deva_mdriver_msgs__rosidl_typesupport_fastrtps_cppExport-noconfig.cmake
[0.845s] -- Up-to-date: /home/linjiawei/load_mcap/install/deva_mdriver_msgs/share/deva_mdriver_msgs/cmake/deva_mdriver_msgs__rosidl_typesupport_introspection_cppExport.cmake
[0.845s] -- Up-to-date: /home/linjiawei/load_mcap/install/deva_mdriver_msgs/share/deva_mdriver_msgs/cmake/deva_mdriver_msgs__rosidl_typesupport_introspection_cppExport-noconfig.cmake
[0.845s] -- Up-to-date: /home/linjiawei/load_mcap/install/deva_mdriver_msgs/share/deva_mdriver_msgs/cmake/deva_mdriver_msgs__rosidl_typesupport_cppExport.cmake
[0.845s] -- Up-to-date: /home/linjiawei/load_mcap/install/deva_mdriver_msgs/share/deva_mdriver_msgs/cmake/deva_mdriver_msgs__rosidl_typesupport_cppExport-noconfig.cmake
[0.845s] -- Up-to-date: /home/linjiawei/load_mcap/install/deva_mdriver_msgs/share/deva_mdriver_msgs/cmake/export_deva_mdriver_msgs__rosidl_generator_pyExport.cmake
[0.845s] -- Up-to-date: /home/linjiawei/load_mcap/install/deva_mdriver_msgs/share/deva_mdriver_msgs/cmake/export_deva_mdriver_msgs__rosidl_generator_pyExport-noconfig.cmake
[0.846s] -- Up-to-date: /home/linjiawei/load_mcap/install/deva_mdriver_msgs/share/deva_mdriver_msgs/cmake/rosidl_cmake-extras.cmake
[0.846s] -- Up-to-date: /home/linjiawei/load_mcap/install/deva_mdriver_msgs/share/deva_mdriver_msgs/cmake/ament_cmake_export_dependencies-extras.cmake
[0.848s] -- Up-to-date: /home/linjiawei/load_mcap/install/deva_mdriver_msgs/share/deva_mdriver_msgs/cmake/ament_cmake_export_include_directories-extras.cmake
[0.848s] -- Up-to-date: /home/linjiawei/load_mcap/install/deva_mdriver_msgs/share/deva_mdriver_msgs/cmake/ament_cmake_export_libraries-extras.cmake
[0.848s] -- Up-to-date: /home/linjiawei/load_mcap/install/deva_mdriver_msgs/share/deva_mdriver_msgs/cmake/ament_cmake_export_targets-extras.cmake
[0.849s] -- Up-to-date: /home/linjiawei/load_mcap/install/deva_mdriver_msgs/share/deva_mdriver_msgs/cmake/rosidl_cmake_export_typesupport_targets-extras.cmake
[0.849s] -- Up-to-date: /home/linjiawei/load_mcap/install/deva_mdriver_msgs/share/deva_mdriver_msgs/cmake/rosidl_cmake_export_typesupport_libraries-extras.cmake
[0.849s] -- Up-to-date: /home/linjiawei/load_mcap/install/deva_mdriver_msgs/share/deva_mdriver_msgs/cmake/deva_mdriver_msgsConfig.cmake
[0.849s] -- Up-to-date: /home/linjiawei/load_mcap/install/deva_mdriver_msgs/share/deva_mdriver_msgs/cmake/deva_mdriver_msgsConfig-version.cmake
[0.849s] -- Up-to-date: /home/linjiawei/load_mcap/install/deva_mdriver_msgs/share/deva_mdriver_msgs/package.xml
[0.851s] Invoked command in '/home/linjiawei/load_mcap/build/deva_mdriver_msgs' returned '0': CMAKE_PREFIX_PATH=/home/linjiawei/load_mcap/install/deva_planning_msgs:/home/linjiawei/load_mcap/install/deva_map_msgs:/home/linjiawei/load_mcap/install/deva_perception_msgs:/home/linjiawei/load_mcap/install/deva_localization_msgs:/home/linjiawei/load_mcap/install/deva_common_msgs:/home/linjiawei/load_mcap/install/serialize_msgs:/home/linjiawei/load_mcap/install/rviz_plug_msg:/home/linjiawei/load_mcap/install/fault_diagnosis:/home/linjiawei/load_mcap/install/environment_model_msgs:/home/linjiawei/load_mcap/install/deva_control_msgs:/home/linjiawei/load_mcap/install/deva_planning_msgs2:/home/linjiawei/load_mcap/install/deva_mdriver_msgs:/home/linjiawei/load_mcap/install/deva_navi_msgs:/home/linjiawei/load_mcap/install/deva_gaode_routing_msgs:/home/linjiawei/load_mcap/install/deva_function_msgs:/home/linjiawei/load_mcap/install/deva_aeb_msgs:/home/linjiawei/load_mcap/install/deva_ads_msgs:/home/linjiawei/load_mcap/install/mcap_streamer:/opt/ros/humble LD_LIBRARY_PATH=/home/linjiawei/load_mcap/install/deva_planning_msgs/lib:/home/linjiawei/load_mcap/install/deva_map_msgs/lib:/home/linjiawei/load_mcap/install/deva_perception_msgs/lib:/home/linjiawei/load_mcap/install/deva_localization_msgs/lib:/home/linjiawei/load_mcap/install/deva_common_msgs/lib:/home/linjiawei/load_mcap/install/serialize_msgs/lib:/home/linjiawei/load_mcap/install/rviz_plug_msg/lib:/home/linjiawei/load_mcap/install/fault_diagnosis/lib:/home/linjiawei/load_mcap/install/environment_model_msgs/lib:/home/linjiawei/load_mcap/install/deva_control_msgs/lib:/home/linjiawei/load_mcap/install/deva_planning_msgs2/lib:/home/linjiawei/load_mcap/install/deva_mdriver_msgs/lib:/home/linjiawei/load_mcap/install/deva_navi_msgs/lib:/home/linjiawei/load_mcap/install/deva_gaode_routing_msgs/lib:/home/linjiawei/load_mcap/install/deva_function_msgs/lib:/home/linjiawei/load_mcap/install/deva_aeb_msgs/lib:/home/linjiawei/load_mcap/install/deva_ads_msgs/lib:/opt/ros/humble/opt/rviz_ogre_vendor/lib:/opt/ros/humble/lib/x86_64-linux-gnu:/opt/ros/humble/lib:/usr/local/nvidia/lib64 /usr/bin/cmake --install /home/linjiawei/load_mcap/build/deva_mdriver_msgs
