-- The C compiler identification is GNU 11.3.0
-- The CXX compiler identification is GNU 11.3.0
-- Detecting C compiler ABI info
-- Detecting C compiler ABI info - done
-- Check for working C compiler: /usr/bin/cc - skipped
-- Detecting C compile features
-- Detecting C compile features - done
-- Detecting CXX compiler ABI info
-- Detecting CXX compiler ABI info - done
-- Check for working CXX compiler: /usr/bin/c++ - skipped
-- Detecting CXX compile features
-- Detecting CXX compile features - done
-- Found ament_cmake: 1.3.12 (/opt/ros/humble/share/ament_cmake/cmake)
-- Found Python3: /usr/bin/python3 (found version "3.10.6") found components: Interpreter 
-- Found rosidl_default_generators: 1.2.0 (/opt/ros/humble/share/rosidl_default_generators/cmake)
-- Using all available rosidl_typesupport_c: rosidl_typesupport_fastrtps_c;rosidl_typesupport_introspection_c
-- Found rosidl_adapter: 3.1.7 (/opt/ros/humble/share/rosidl_adapter/cmake)
-- Using all available rosidl_typesupport_cpp: rosidl_typesupport_fastrtps_cpp;rosidl_typesupport_introspection_cpp
-- Found geometry_msgs: 4.9.0 (/opt/ros/humble/share/geometry_msgs/cmake)
-- Found ament_cmake_ros: 0.10.0 (/opt/ros/humble/share/ament_cmake_ros/cmake)
-- Using all available rosidl_typesupport_c: rosidl_typesupport_fastrtps_c;rosidl_typesupport_introspection_c
-- Using all available rosidl_typesupport_cpp: rosidl_typesupport_fastrtps_cpp;rosidl_typesupport_introspection_cpp
-- Found PythonInterp: /usr/bin/python3 (found suitable version "3.10.6", minimum required is "3.6") 
-- Found python_cmake_module: 0.10.0 (/opt/ros/humble/share/python_cmake_module/cmake)
-- Found PythonLibs: /usr/lib/x86_64-linux-gnu/libpython3.10.so (found suitable version "3.10.6", minimum required is "3.5") 
-- Using PYTHON_EXECUTABLE: /usr/bin/python3
-- Using PYTHON_INCLUDE_DIRS: /usr/include/python3.10
-- Using PYTHON_LIBRARIES: /usr/lib/x86_64-linux-gnu/libpython3.10.so
-- Found PythonExtra: .so  
-- Configuring done
-- Generating done
-- Build files have been written to: /home/linjiawei/load_mcap/build/deva_common_msgs
[  1%] [34m[1mGenerating C code for ROS interfaces[0m
[  1%] [34m[1mGenerating C++ code for ROS interfaces[0m
[  1%] Built target ament_cmake_python_copy_deva_common_msgs
running egg_info
creating deva_common_msgs.egg-info
writing deva_common_msgs.egg-info/PKG-INFO
writing dependency_links to deva_common_msgs.egg-info/dependency_links.txt
writing top-level names to deva_common_msgs.egg-info/top_level.txt
writing manifest file 'deva_common_msgs.egg-info/SOURCES.txt'
reading manifest file 'deva_common_msgs.egg-info/SOURCES.txt'
writing manifest file 'deva_common_msgs.egg-info/SOURCES.txt'
[  1%] Built target ament_cmake_python_build_deva_common_msgs_egg
[  1%] Built target deva_common_msgs__cpp
[  2%] [34m[1mGenerating C++ type support for eProsima Fast-RTPS[0m
[  2%] [34m[1mGenerating C++ introspection for ROS interfaces[0m
[  3%] [34m[1mGenerating C++ type support dispatch for ROS interfaces[0m
[  4%] [32mBuilding C object CMakeFiles/deva_common_msgs__rosidl_generator_c.dir/rosidl_generator_c/deva_common_msgs/msg/detail/bounding_box2d__functions.c.o[0m
[  4%] [32mBuilding C object CMakeFiles/deva_common_msgs__rosidl_generator_c.dir/rosidl_generator_c/deva_common_msgs/msg/detail/bounding_box__functions.c.o[0m
[  5%] [32mBuilding C object CMakeFiles/deva_common_msgs__rosidl_generator_c.dir/rosidl_generator_c/deva_common_msgs/msg/detail/dimension__functions.c.o[0m
[  6%] [32mBuilding C object CMakeFiles/deva_common_msgs__rosidl_generator_c.dir/rosidl_generator_c/deva_common_msgs/msg/detail/disperse_curve__functions.c.o[0m
[  7%] [32mBuilding C object CMakeFiles/deva_common_msgs__rosidl_generator_c.dir/rosidl_generator_c/deva_common_msgs/msg/detail/equation_curve__functions.c.o[0m
[  8%] [32mBuilding C object CMakeFiles/deva_common_msgs__rosidl_generator_c.dir/rosidl_generator_c/deva_common_msgs/msg/detail/ground_point__functions.c.o[0m
[  9%] [32mBuilding C object CMakeFiles/deva_common_msgs__rosidl_generator_c.dir/rosidl_generator_c/deva_common_msgs/msg/detail/line2d__functions.c.o[0m
[  9%] [32mBuilding C object CMakeFiles/deva_common_msgs__rosidl_generator_c.dir/rosidl_generator_c/deva_common_msgs/msg/detail/header__functions.c.o[0m
[ 10%] [32mBuilding C object CMakeFiles/deva_common_msgs__rosidl_generator_c.dir/rosidl_generator_c/deva_common_msgs/msg/detail/line_segment__functions.c.o[0m
[ 11%] [32mBuilding C object CMakeFiles/deva_common_msgs__rosidl_generator_c.dir/rosidl_generator_c/deva_common_msgs/msg/detail/kv__functions.c.o[0m
[ 12%] [32mBuilding C object CMakeFiles/deva_common_msgs__rosidl_generator_c.dir/rosidl_generator_c/deva_common_msgs/msg/detail/serialize__functions.c.o[0m
[ 12%] [32mBuilding C object CMakeFiles/deva_common_msgs__rosidl_generator_c.dir/rosidl_generator_c/deva_common_msgs/msg/detail/point2d__functions.c.o[0m
[ 13%] [32mBuilding C object CMakeFiles/deva_common_msgs__rosidl_generator_c.dir/rosidl_generator_c/deva_common_msgs/msg/detail/string__functions.c.o[0m
[ 14%] [32m[1mLinking C shared library libdeva_common_msgs__rosidl_generator_c.so[0m
[ 14%] Built target deva_common_msgs__rosidl_generator_c
[ 15%] [34m[1mGenerating C type support for eProsima Fast-RTPS[0m
[ 16%] [34m[1mGenerating C introspection for ROS interfaces[0m
[ 17%] [34m[1mGenerating C type support dispatch for ROS interfaces[0m
[ 18%] [32mBuilding CXX object CMakeFiles/deva_common_msgs__rosidl_typesupport_cpp.dir/rosidl_typesupport_cpp/deva_common_msgs/msg/bounding_box__type_support.cpp.o[0m
[ 19%] [32mBuilding CXX object CMakeFiles/deva_common_msgs__rosidl_typesupport_cpp.dir/rosidl_typesupport_cpp/deva_common_msgs/msg/bounding_box2d__type_support.cpp.o[0m
[ 19%] [32mBuilding CXX object CMakeFiles/deva_common_msgs__rosidl_typesupport_cpp.dir/rosidl_typesupport_cpp/deva_common_msgs/msg/dimension__type_support.cpp.o[0m
[ 20%] [32mBuilding CXX object CMakeFiles/deva_common_msgs__rosidl_typesupport_cpp.dir/rosidl_typesupport_cpp/deva_common_msgs/msg/disperse_curve__type_support.cpp.o[0m
[ 21%] [32mBuilding CXX object CMakeFiles/deva_common_msgs__rosidl_typesupport_cpp.dir/rosidl_typesupport_cpp/deva_common_msgs/msg/equation_curve__type_support.cpp.o[0m
[ 22%] [32mBuilding CXX object CMakeFiles/deva_common_msgs__rosidl_typesupport_cpp.dir/rosidl_typesupport_cpp/deva_common_msgs/msg/ground_point__type_support.cpp.o[0m
[ 23%] [32mBuilding CXX object CMakeFiles/deva_common_msgs__rosidl_typesupport_cpp.dir/rosidl_typesupport_cpp/deva_common_msgs/msg/line2d__type_support.cpp.o[0m
[ 23%] [32mBuilding CXX object CMakeFiles/deva_common_msgs__rosidl_typesupport_cpp.dir/rosidl_typesupport_cpp/deva_common_msgs/msg/kv__type_support.cpp.o[0m
[ 24%] [32mBuilding CXX object CMakeFiles/deva_common_msgs__rosidl_typesupport_cpp.dir/rosidl_typesupport_cpp/deva_common_msgs/msg/line_segment__type_support.cpp.o[0m
[ 25%] [32mBuilding CXX object CMakeFiles/deva_common_msgs__rosidl_typesupport_cpp.dir/rosidl_typesupport_cpp/deva_common_msgs/msg/header__type_support.cpp.o[0m
[ 26%] [32mBuilding CXX object CMakeFiles/deva_common_msgs__rosidl_typesupport_cpp.dir/rosidl_typesupport_cpp/deva_common_msgs/msg/point2d__type_support.cpp.o[0m
[ 27%] [32mBuilding CXX object CMakeFiles/deva_common_msgs__rosidl_typesupport_cpp.dir/rosidl_typesupport_cpp/deva_common_msgs/msg/serialize__type_support.cpp.o[0m
[ 28%] [32mBuilding CXX object CMakeFiles/deva_common_msgs__rosidl_typesupport_fastrtps_cpp.dir/rosidl_typesupport_fastrtps_cpp/deva_common_msgs/msg/detail/dds_fastrtps/bounding_box__type_support.cpp.o[0m
[ 29%] [32mBuilding CXX object CMakeFiles/deva_common_msgs__rosidl_typesupport_fastrtps_cpp.dir/rosidl_typesupport_fastrtps_cpp/deva_common_msgs/msg/detail/dds_fastrtps/bounding_box2d__type_support.cpp.o[0m
[ 29%] [32mBuilding CXX object CMakeFiles/deva_common_msgs__rosidl_typesupport_cpp.dir/rosidl_typesupport_cpp/deva_common_msgs/msg/string__type_support.cpp.o[0m
[ 30%] [32mBuilding CXX object CMakeFiles/deva_common_msgs__rosidl_typesupport_fastrtps_cpp.dir/rosidl_typesupport_fastrtps_cpp/deva_common_msgs/msg/detail/dds_fastrtps/dimension__type_support.cpp.o[0m
[ 30%] [32mBuilding CXX object CMakeFiles/deva_common_msgs__rosidl_typesupport_fastrtps_cpp.dir/rosidl_typesupport_fastrtps_cpp/deva_common_msgs/msg/detail/dds_fastrtps/disperse_curve__type_support.cpp.o[0m
[ 31%] [32mBuilding CXX object CMakeFiles/deva_common_msgs__rosidl_typesupport_fastrtps_cpp.dir/rosidl_typesupport_fastrtps_cpp/deva_common_msgs/msg/detail/dds_fastrtps/equation_curve__type_support.cpp.o[0m
[ 31%] [32mBuilding CXX object CMakeFiles/deva_common_msgs__rosidl_typesupport_c.dir/rosidl_typesupport_c/deva_common_msgs/msg/bounding_box__type_support.cpp.o[0m
[ 32%] [32mBuilding CXX object CMakeFiles/deva_common_msgs__rosidl_typesupport_fastrtps_cpp.dir/rosidl_typesupport_fastrtps_cpp/deva_common_msgs/msg/detail/dds_fastrtps/ground_point__type_support.cpp.o[0m
[ 33%] [32mBuilding CXX object CMakeFiles/deva_common_msgs__rosidl_typesupport_c.dir/rosidl_typesupport_c/deva_common_msgs/msg/bounding_box2d__type_support.cpp.o[0m
[ 34%] [32mBuilding CXX object CMakeFiles/deva_common_msgs__rosidl_typesupport_c.dir/rosidl_typesupport_c/deva_common_msgs/msg/dimension__type_support.cpp.o[0m
[ 35%] [32mBuilding CXX object CMakeFiles/deva_common_msgs__rosidl_typesupport_fastrtps_cpp.dir/rosidl_typesupport_fastrtps_cpp/deva_common_msgs/msg/detail/dds_fastrtps/header__type_support.cpp.o[0m
[ 36%] [32mBuilding CXX object CMakeFiles/deva_common_msgs__rosidl_typesupport_fastrtps_cpp.dir/rosidl_typesupport_fastrtps_cpp/deva_common_msgs/msg/detail/dds_fastrtps/kv__type_support.cpp.o[0m
[ 37%] [32mBuilding CXX object CMakeFiles/deva_common_msgs__rosidl_typesupport_c.dir/rosidl_typesupport_c/deva_common_msgs/msg/disperse_curve__type_support.cpp.o[0m
[ 38%] [32mBuilding CXX object CMakeFiles/deva_common_msgs__rosidl_typesupport_c.dir/rosidl_typesupport_c/deva_common_msgs/msg/equation_curve__type_support.cpp.o[0m
[ 38%] [32mBuilding CXX object CMakeFiles/deva_common_msgs__rosidl_typesupport_c.dir/rosidl_typesupport_c/deva_common_msgs/msg/ground_point__type_support.cpp.o[0m
[ 38%] [32mBuilding CXX object CMakeFiles/deva_common_msgs__rosidl_typesupport_fastrtps_cpp.dir/rosidl_typesupport_fastrtps_cpp/deva_common_msgs/msg/detail/dds_fastrtps/line2d__type_support.cpp.o[0m
[ 39%] [32mBuilding CXX object CMakeFiles/deva_common_msgs__rosidl_typesupport_fastrtps_cpp.dir/rosidl_typesupport_fastrtps_cpp/deva_common_msgs/msg/detail/dds_fastrtps/line_segment__type_support.cpp.o[0m
[ 40%] [32mBuilding CXX object CMakeFiles/deva_common_msgs__rosidl_typesupport_c.dir/rosidl_typesupport_c/deva_common_msgs/msg/header__type_support.cpp.o[0m
[ 41%] [32mBuilding CXX object CMakeFiles/deva_common_msgs__rosidl_typesupport_fastrtps_cpp.dir/rosidl_typesupport_fastrtps_cpp/deva_common_msgs/msg/detail/dds_fastrtps/point2d__type_support.cpp.o[0m
[ 42%] [32mBuilding CXX object CMakeFiles/deva_common_msgs__rosidl_typesupport_fastrtps_cpp.dir/rosidl_typesupport_fastrtps_cpp/deva_common_msgs/msg/detail/dds_fastrtps/serialize__type_support.cpp.o[0m
[ 43%] [32mBuilding CXX object CMakeFiles/deva_common_msgs__rosidl_typesupport_introspection_cpp.dir/rosidl_typesupport_introspection_cpp/deva_common_msgs/msg/detail/bounding_box__type_support.cpp.o[0m
[ 44%] [32m[1mLinking CXX shared library libdeva_common_msgs__rosidl_typesupport_cpp.so[0m
[ 45%] [32mBuilding CXX object CMakeFiles/deva_common_msgs__rosidl_typesupport_c.dir/rosidl_typesupport_c/deva_common_msgs/msg/kv__type_support.cpp.o[0m
[ 46%] [32mBuilding CXX object CMakeFiles/deva_common_msgs__rosidl_typesupport_introspection_cpp.dir/rosidl_typesupport_introspection_cpp/deva_common_msgs/msg/detail/bounding_box2d__type_support.cpp.o[0m
[ 47%] [32mBuilding CXX object CMakeFiles/deva_common_msgs__rosidl_typesupport_introspection_cpp.dir/rosidl_typesupport_introspection_cpp/deva_common_msgs/msg/detail/dimension__type_support.cpp.o[0m
[ 47%] Built target deva_common_msgs__rosidl_typesupport_cpp
[ 48%] [32mBuilding CXX object CMakeFiles/deva_common_msgs__rosidl_typesupport_fastrtps_cpp.dir/rosidl_typesupport_fastrtps_cpp/deva_common_msgs/msg/detail/dds_fastrtps/string__type_support.cpp.o[0m
[ 49%] [32mBuilding CXX object CMakeFiles/deva_common_msgs__rosidl_typesupport_c.dir/rosidl_typesupport_c/deva_common_msgs/msg/line2d__type_support.cpp.o[0m
[ 50%] [32mBuilding CXX object CMakeFiles/deva_common_msgs__rosidl_typesupport_introspection_cpp.dir/rosidl_typesupport_introspection_cpp/deva_common_msgs/msg/detail/disperse_curve__type_support.cpp.o[0m
[ 51%] [32mBuilding CXX object CMakeFiles/deva_common_msgs__rosidl_typesupport_c.dir/rosidl_typesupport_c/deva_common_msgs/msg/line_segment__type_support.cpp.o[0m
[ 51%] [32mBuilding CXX object CMakeFiles/deva_common_msgs__rosidl_typesupport_c.dir/rosidl_typesupport_c/deva_common_msgs/msg/point2d__type_support.cpp.o[0m
[ 51%] [32mBuilding CXX object CMakeFiles/deva_common_msgs__rosidl_typesupport_introspection_cpp.dir/rosidl_typesupport_introspection_cpp/deva_common_msgs/msg/detail/equation_curve__type_support.cpp.o[0m
[ 52%] [32mBuilding CXX object CMakeFiles/deva_common_msgs__rosidl_typesupport_c.dir/rosidl_typesupport_c/deva_common_msgs/msg/serialize__type_support.cpp.o[0m
[ 53%] [32mBuilding CXX object CMakeFiles/deva_common_msgs__rosidl_typesupport_introspection_cpp.dir/rosidl_typesupport_introspection_cpp/deva_common_msgs/msg/detail/ground_point__type_support.cpp.o[0m
[ 54%] [32mBuilding CXX object CMakeFiles/deva_common_msgs__rosidl_typesupport_introspection_cpp.dir/rosidl_typesupport_introspection_cpp/deva_common_msgs/msg/detail/header__type_support.cpp.o[0m
[ 55%] [32mBuilding CXX object CMakeFiles/deva_common_msgs__rosidl_typesupport_c.dir/rosidl_typesupport_c/deva_common_msgs/msg/string__type_support.cpp.o[0m
[ 56%] [32mBuilding C object CMakeFiles/deva_common_msgs__rosidl_typesupport_introspection_c.dir/rosidl_typesupport_introspection_c/deva_common_msgs/msg/detail/bounding_box__type_support.c.o[0m
[ 57%] [32mBuilding CXX object CMakeFiles/deva_common_msgs__rosidl_typesupport_introspection_cpp.dir/rosidl_typesupport_introspection_cpp/deva_common_msgs/msg/detail/kv__type_support.cpp.o[0m
[ 57%] [32mBuilding C object CMakeFiles/deva_common_msgs__rosidl_typesupport_introspection_c.dir/rosidl_typesupport_introspection_c/deva_common_msgs/msg/detail/dimension__type_support.c.o[0m
[ 58%] [32mBuilding C object CMakeFiles/deva_common_msgs__rosidl_typesupport_introspection_c.dir/rosidl_typesupport_introspection_c/deva_common_msgs/msg/detail/bounding_box2d__type_support.c.o[0m
[ 59%] [32m[1mLinking CXX shared library libdeva_common_msgs__rosidl_typesupport_c.so[0m
[ 60%] [32mBuilding CXX object CMakeFiles/deva_common_msgs__rosidl_typesupport_fastrtps_c.dir/rosidl_typesupport_fastrtps_c/deva_common_msgs/msg/detail/bounding_box__type_support_c.cpp.o[0m
[ 61%] [32mBuilding C object CMakeFiles/deva_common_msgs__rosidl_typesupport_introspection_c.dir/rosidl_typesupport_introspection_c/deva_common_msgs/msg/detail/disperse_curve__type_support.c.o[0m
[ 61%] [32mBuilding CXX object CMakeFiles/deva_common_msgs__rosidl_typesupport_fastrtps_c.dir/rosidl_typesupport_fastrtps_c/deva_common_msgs/msg/detail/bounding_box2d__type_support_c.cpp.o[0m
[ 62%] [32mBuilding CXX object CMakeFiles/deva_common_msgs__rosidl_typesupport_fastrtps_c.dir/rosidl_typesupport_fastrtps_c/deva_common_msgs/msg/detail/dimension__type_support_c.cpp.o[0m
[ 63%] [32mBuilding C object CMakeFiles/deva_common_msgs__rosidl_typesupport_introspection_c.dir/rosidl_typesupport_introspection_c/deva_common_msgs/msg/detail/equation_curve__type_support.c.o[0m
[ 63%] Built target deva_common_msgs__rosidl_typesupport_c
[ 64%] [32mBuilding CXX object CMakeFiles/deva_common_msgs__rosidl_typesupport_introspection_cpp.dir/rosidl_typesupport_introspection_cpp/deva_common_msgs/msg/detail/line2d__type_support.cpp.o[0m
[ 65%] [32mBuilding CXX object CMakeFiles/deva_common_msgs__rosidl_typesupport_fastrtps_c.dir/rosidl_typesupport_fastrtps_c/deva_common_msgs/msg/detail/disperse_curve__type_support_c.cpp.o[0m
[ 66%] [32mBuilding C object CMakeFiles/deva_common_msgs__rosidl_typesupport_introspection_c.dir/rosidl_typesupport_introspection_c/deva_common_msgs/msg/detail/ground_point__type_support.c.o[0m
[ 66%] [32mBuilding CXX object CMakeFiles/deva_common_msgs__rosidl_typesupport_introspection_cpp.dir/rosidl_typesupport_introspection_cpp/deva_common_msgs/msg/detail/line_segment__type_support.cpp.o[0m
[ 67%] [32mBuilding CXX object CMakeFiles/deva_common_msgs__rosidl_typesupport_fastrtps_c.dir/rosidl_typesupport_fastrtps_c/deva_common_msgs/msg/detail/equation_curve__type_support_c.cpp.o[0m
[ 68%] [32mBuilding C object CMakeFiles/deva_common_msgs__rosidl_typesupport_introspection_c.dir/rosidl_typesupport_introspection_c/deva_common_msgs/msg/detail/header__type_support.c.o[0m
[ 69%] [32mBuilding CXX object CMakeFiles/deva_common_msgs__rosidl_typesupport_fastrtps_c.dir/rosidl_typesupport_fastrtps_c/deva_common_msgs/msg/detail/ground_point__type_support_c.cpp.o[0m
[ 69%] [32mBuilding C object CMakeFiles/deva_common_msgs__rosidl_typesupport_introspection_c.dir/rosidl_typesupport_introspection_c/deva_common_msgs/msg/detail/kv__type_support.c.o[0m
[ 69%] [32mBuilding CXX object CMakeFiles/deva_common_msgs__rosidl_typesupport_fastrtps_c.dir/rosidl_typesupport_fastrtps_c/deva_common_msgs/msg/detail/header__type_support_c.cpp.o[0m
[ 70%] [32mBuilding CXX object CMakeFiles/deva_common_msgs__rosidl_typesupport_introspection_cpp.dir/rosidl_typesupport_introspection_cpp/deva_common_msgs/msg/detail/point2d__type_support.cpp.o[0m
[ 71%] [32mBuilding CXX object CMakeFiles/deva_common_msgs__rosidl_typesupport_introspection_cpp.dir/rosidl_typesupport_introspection_cpp/deva_common_msgs/msg/detail/serialize__type_support.cpp.o[0m
[ 72%] [32mBuilding C object CMakeFiles/deva_common_msgs__rosidl_typesupport_introspection_c.dir/rosidl_typesupport_introspection_c/deva_common_msgs/msg/detail/line2d__type_support.c.o[0m
[ 73%] [32mBuilding CXX object CMakeFiles/deva_common_msgs__rosidl_typesupport_introspection_cpp.dir/rosidl_typesupport_introspection_cpp/deva_common_msgs/msg/detail/string__type_support.cpp.o[0m
[ 74%] [32mBuilding C object CMakeFiles/deva_common_msgs__rosidl_typesupport_introspection_c.dir/rosidl_typesupport_introspection_c/deva_common_msgs/msg/detail/line_segment__type_support.c.o[0m
[ 75%] [32mBuilding CXX object CMakeFiles/deva_common_msgs__rosidl_typesupport_fastrtps_c.dir/rosidl_typesupport_fastrtps_c/deva_common_msgs/msg/detail/kv__type_support_c.cpp.o[0m
[ 76%] [32mBuilding CXX object CMakeFiles/deva_common_msgs__rosidl_typesupport_fastrtps_c.dir/rosidl_typesupport_fastrtps_c/deva_common_msgs/msg/detail/line2d__type_support_c.cpp.o[0m
[ 76%] [32m[1mLinking CXX shared library libdeva_common_msgs__rosidl_typesupport_fastrtps_cpp.so[0m
[ 77%] [32mBuilding CXX object CMakeFiles/deva_common_msgs__rosidl_typesupport_fastrtps_c.dir/rosidl_typesupport_fastrtps_c/deva_common_msgs/msg/detail/line_segment__type_support_c.cpp.o[0m
[ 78%] [32mBuilding C object CMakeFiles/deva_common_msgs__rosidl_typesupport_introspection_c.dir/rosidl_typesupport_introspection_c/deva_common_msgs/msg/detail/point2d__type_support.c.o[0m
[ 79%] [32mBuilding CXX object CMakeFiles/deva_common_msgs__rosidl_typesupport_fastrtps_c.dir/rosidl_typesupport_fastrtps_c/deva_common_msgs/msg/detail/point2d__type_support_c.cpp.o[0m
[ 79%] [32mBuilding CXX object CMakeFiles/deva_common_msgs__rosidl_typesupport_fastrtps_c.dir/rosidl_typesupport_fastrtps_c/deva_common_msgs/msg/detail/serialize__type_support_c.cpp.o[0m
[ 80%] [32mBuilding C object CMakeFiles/deva_common_msgs__rosidl_typesupport_introspection_c.dir/rosidl_typesupport_introspection_c/deva_common_msgs/msg/detail/serialize__type_support.c.o[0m
[ 81%] [32mBuilding CXX object CMakeFiles/deva_common_msgs__rosidl_typesupport_fastrtps_c.dir/rosidl_typesupport_fastrtps_c/deva_common_msgs/msg/detail/string__type_support_c.cpp.o[0m
[ 81%] Built target deva_common_msgs__rosidl_typesupport_fastrtps_cpp
[ 81%] [32mBuilding C object CMakeFiles/deva_common_msgs__rosidl_typesupport_introspection_c.dir/rosidl_typesupport_introspection_c/deva_common_msgs/msg/detail/string__type_support.c.o[0m
[ 82%] [32m[1mLinking C shared library libdeva_common_msgs__rosidl_typesupport_introspection_c.so[0m
[ 83%] [32m[1mLinking CXX shared library libdeva_common_msgs__rosidl_typesupport_introspection_cpp.so[0m
[ 83%] Built target deva_common_msgs__rosidl_typesupport_introspection_c
[ 83%] Built target deva_common_msgs__rosidl_typesupport_introspection_cpp
[ 84%] [32m[1mLinking CXX shared library libdeva_common_msgs__rosidl_typesupport_fastrtps_c.so[0m
[ 84%] Built target deva_common_msgs__rosidl_typesupport_fastrtps_c
[ 84%] Built target deva_common_msgs
[ 85%] [34m[1mGenerating Python code for ROS interfaces[0m
[ 85%] Built target deva_common_msgs__py
[ 86%] [32mBuilding C object CMakeFiles/deva_common_msgs__rosidl_generator_py.dir/rosidl_generator_py/deva_common_msgs/msg/_disperse_curve_s.c.o[0m
[ 87%] [32mBuilding C object CMakeFiles/deva_common_msgs__rosidl_generator_py.dir/rosidl_generator_py/deva_common_msgs/msg/_bounding_box_s.c.o[0m
[ 88%] [32mBuilding C object CMakeFiles/deva_common_msgs__rosidl_generator_py.dir/rosidl_generator_py/deva_common_msgs/msg/_equation_curve_s.c.o[0m
[ 89%] [32mBuilding C object CMakeFiles/deva_common_msgs__rosidl_generator_py.dir/rosidl_generator_py/deva_common_msgs/msg/_ground_point_s.c.o[0m
[ 89%] [32mBuilding C object CMakeFiles/deva_common_msgs__rosidl_generator_py.dir/rosidl_generator_py/deva_common_msgs/msg/_bounding_box2d_s.c.o[0m
[ 90%] [32mBuilding C object CMakeFiles/deva_common_msgs__rosidl_generator_py.dir/rosidl_generator_py/deva_common_msgs/msg/_dimension_s.c.o[0m
[ 90%] [32mBuilding C object CMakeFiles/deva_common_msgs__rosidl_generator_py.dir/rosidl_generator_py/deva_common_msgs/msg/_header_s.c.o[0m
[ 91%] [32mBuilding C object CMakeFiles/deva_common_msgs__rosidl_generator_py.dir/rosidl_generator_py/deva_common_msgs/msg/_kv_s.c.o[0m
[ 92%] [32mBuilding C object CMakeFiles/deva_common_msgs__rosidl_generator_py.dir/rosidl_generator_py/deva_common_msgs/msg/_line2d_s.c.o[0m
[ 93%] [32mBuilding C object CMakeFiles/deva_common_msgs__rosidl_generator_py.dir/rosidl_generator_py/deva_common_msgs/msg/_line_segment_s.c.o[0m
[ 94%] [32mBuilding C object CMakeFiles/deva_common_msgs__rosidl_generator_py.dir/rosidl_generator_py/deva_common_msgs/msg/_point2d_s.c.o[0m
[ 94%] [32mBuilding C object CMakeFiles/deva_common_msgs__rosidl_generator_py.dir/rosidl_generator_py/deva_common_msgs/msg/_serialize_s.c.o[0m
[ 95%] [32mBuilding C object CMakeFiles/deva_common_msgs__rosidl_generator_py.dir/rosidl_generator_py/deva_common_msgs/msg/_string_s.c.o[0m
[ 96%] [32m[1mLinking C shared library rosidl_generator_py/deva_common_msgs/libdeva_common_msgs__rosidl_generator_py.so[0m
[ 96%] Built target deva_common_msgs__rosidl_generator_py
[ 97%] [32mBuilding C object CMakeFiles/deva_common_msgs__rosidl_typesupport_fastrtps_c__pyext.dir/rosidl_generator_py/deva_common_msgs/_deva_common_msgs_s.ep.rosidl_typesupport_fastrtps_c.c.o[0m
[ 98%] [32mBuilding C object CMakeFiles/deva_common_msgs__rosidl_typesupport_introspection_c__pyext.dir/rosidl_generator_py/deva_common_msgs/_deva_common_msgs_s.ep.rosidl_typesupport_introspection_c.c.o[0m
[ 99%] [32mBuilding C object CMakeFiles/deva_common_msgs__rosidl_typesupport_c__pyext.dir/rosidl_generator_py/deva_common_msgs/_deva_common_msgs_s.ep.rosidl_typesupport_c.c.o[0m
[100%] [32m[1mLinking C shared library rosidl_generator_py/deva_common_msgs/deva_common_msgs_s__rosidl_typesupport_introspection_c.cpython-310-x86_64-linux-gnu.so[0m
[100%] [32m[1mLinking C shared library rosidl_generator_py/deva_common_msgs/deva_common_msgs_s__rosidl_typesupport_fastrtps_c.cpython-310-x86_64-linux-gnu.so[0m
[100%] Built target deva_common_msgs__rosidl_typesupport_introspection_c__pyext
[100%] [32m[1mLinking C shared library rosidl_generator_py/deva_common_msgs/deva_common_msgs_s__rosidl_typesupport_c.cpython-310-x86_64-linux-gnu.so[0m
[100%] Built target deva_common_msgs__rosidl_typesupport_fastrtps_c__pyext
[100%] Built target deva_common_msgs__rosidl_typesupport_c__pyext
-- Install configuration: ""
-- Installing: /home/linjiawei/load_mcap/install/deva_common_msgs/share/ament_index/resource_index/rosidl_interfaces/deva_common_msgs
-- Installing: /home/linjiawei/load_mcap/install/deva_common_msgs/include/deva_common_msgs/deva_common_msgs
-- Installing: /home/linjiawei/load_mcap/install/deva_common_msgs/include/deva_common_msgs/deva_common_msgs/msg
-- Installing: /home/linjiawei/load_mcap/install/deva_common_msgs/include/deva_common_msgs/deva_common_msgs/msg/rosidl_generator_c__visibility_control.h
-- Installing: /home/linjiawei/load_mcap/install/deva_common_msgs/include/deva_common_msgs/deva_common_msgs/msg/bounding_box.h
-- Installing: /home/linjiawei/load_mcap/install/deva_common_msgs/include/deva_common_msgs/deva_common_msgs/msg/detail
-- Installing: /home/linjiawei/load_mcap/install/deva_common_msgs/include/deva_common_msgs/deva_common_msgs/msg/detail/bounding_box__functions.c
-- Installing: /home/linjiawei/load_mcap/install/deva_common_msgs/include/deva_common_msgs/deva_common_msgs/msg/detail/bounding_box__functions.h
-- Installing: /home/linjiawei/load_mcap/install/deva_common_msgs/include/deva_common_msgs/deva_common_msgs/msg/detail/bounding_box__struct.h
-- Installing: /home/linjiawei/load_mcap/install/deva_common_msgs/include/deva_common_msgs/deva_common_msgs/msg/detail/bounding_box__type_support.h
-- Installing: /home/linjiawei/load_mcap/install/deva_common_msgs/include/deva_common_msgs/deva_common_msgs/msg/detail/bounding_box2d__functions.c
-- Installing: /home/linjiawei/load_mcap/install/deva_common_msgs/include/deva_common_msgs/deva_common_msgs/msg/detail/bounding_box2d__functions.h
-- Installing: /home/linjiawei/load_mcap/install/deva_common_msgs/include/deva_common_msgs/deva_common_msgs/msg/detail/bounding_box2d__struct.h
-- Installing: /home/linjiawei/load_mcap/install/deva_common_msgs/include/deva_common_msgs/deva_common_msgs/msg/detail/bounding_box2d__type_support.h
-- Installing: /home/linjiawei/load_mcap/install/deva_common_msgs/include/deva_common_msgs/deva_common_msgs/msg/detail/dimension__functions.c
-- Installing: /home/linjiawei/load_mcap/install/deva_common_msgs/include/deva_common_msgs/deva_common_msgs/msg/detail/dimension__functions.h
-- Installing: /home/linjiawei/load_mcap/install/deva_common_msgs/include/deva_common_msgs/deva_common_msgs/msg/detail/dimension__struct.h
-- Installing: /home/linjiawei/load_mcap/install/deva_common_msgs/include/deva_common_msgs/deva_common_msgs/msg/detail/dimension__type_support.h
-- Installing: /home/linjiawei/load_mcap/install/deva_common_msgs/include/deva_common_msgs/deva_common_msgs/msg/detail/disperse_curve__functions.c
-- Installing: /home/linjiawei/load_mcap/install/deva_common_msgs/include/deva_common_msgs/deva_common_msgs/msg/detail/disperse_curve__functions.h
-- Installing: /home/linjiawei/load_mcap/install/deva_common_msgs/include/deva_common_msgs/deva_common_msgs/msg/detail/disperse_curve__struct.h
-- Installing: /home/linjiawei/load_mcap/install/deva_common_msgs/include/deva_common_msgs/deva_common_msgs/msg/detail/disperse_curve__type_support.h
-- Installing: /home/linjiawei/load_mcap/install/deva_common_msgs/include/deva_common_msgs/deva_common_msgs/msg/detail/equation_curve__functions.c
-- Installing: /home/linjiawei/load_mcap/install/deva_common_msgs/include/deva_common_msgs/deva_common_msgs/msg/detail/equation_curve__functions.h
-- Installing: /home/linjiawei/load_mcap/install/deva_common_msgs/include/deva_common_msgs/deva_common_msgs/msg/detail/equation_curve__struct.h
-- Installing: /home/linjiawei/load_mcap/install/deva_common_msgs/include/deva_common_msgs/deva_common_msgs/msg/detail/equation_curve__type_support.h
-- Installing: /home/linjiawei/load_mcap/install/deva_common_msgs/include/deva_common_msgs/deva_common_msgs/msg/detail/ground_point__functions.c
-- Installing: /home/linjiawei/load_mcap/install/deva_common_msgs/include/deva_common_msgs/deva_common_msgs/msg/detail/ground_point__functions.h
-- Installing: /home/linjiawei/load_mcap/install/deva_common_msgs/include/deva_common_msgs/deva_common_msgs/msg/detail/ground_point__struct.h
-- Installing: /home/linjiawei/load_mcap/install/deva_common_msgs/include/deva_common_msgs/deva_common_msgs/msg/detail/ground_point__type_support.h
-- Installing: /home/linjiawei/load_mcap/install/deva_common_msgs/include/deva_common_msgs/deva_common_msgs/msg/detail/header__functions.c
-- Installing: /home/linjiawei/load_mcap/install/deva_common_msgs/include/deva_common_msgs/deva_common_msgs/msg/detail/header__functions.h
-- Installing: /home/linjiawei/load_mcap/install/deva_common_msgs/include/deva_common_msgs/deva_common_msgs/msg/detail/header__struct.h
-- Installing: /home/linjiawei/load_mcap/install/deva_common_msgs/include/deva_common_msgs/deva_common_msgs/msg/detail/header__type_support.h
-- Installing: /home/linjiawei/load_mcap/install/deva_common_msgs/include/deva_common_msgs/deva_common_msgs/msg/detail/kv__functions.c
-- Installing: /home/linjiawei/load_mcap/install/deva_common_msgs/include/deva_common_msgs/deva_common_msgs/msg/detail/kv__functions.h
-- Installing: /home/linjiawei/load_mcap/install/deva_common_msgs/include/deva_common_msgs/deva_common_msgs/msg/detail/kv__struct.h
-- Installing: /home/linjiawei/load_mcap/install/deva_common_msgs/include/deva_common_msgs/deva_common_msgs/msg/detail/kv__type_support.h
-- Installing: /home/linjiawei/load_mcap/install/deva_common_msgs/include/deva_common_msgs/deva_common_msgs/msg/detail/line2d__functions.c
-- Installing: /home/linjiawei/load_mcap/install/deva_common_msgs/include/deva_common_msgs/deva_common_msgs/msg/detail/line2d__functions.h
-- Installing: /home/linjiawei/load_mcap/install/deva_common_msgs/include/deva_common_msgs/deva_common_msgs/msg/detail/line2d__struct.h
-- Installing: /home/linjiawei/load_mcap/install/deva_common_msgs/include/deva_common_msgs/deva_common_msgs/msg/detail/line2d__type_support.h
-- Installing: /home/linjiawei/load_mcap/install/deva_common_msgs/include/deva_common_msgs/deva_common_msgs/msg/detail/line_segment__functions.c
-- Installing: /home/linjiawei/load_mcap/install/deva_common_msgs/include/deva_common_msgs/deva_common_msgs/msg/detail/line_segment__functions.h
-- Installing: /home/linjiawei/load_mcap/install/deva_common_msgs/include/deva_common_msgs/deva_common_msgs/msg/detail/line_segment__struct.h
-- Installing: /home/linjiawei/load_mcap/install/deva_common_msgs/include/deva_common_msgs/deva_common_msgs/msg/detail/line_segment__type_support.h
-- Installing: /home/linjiawei/load_mcap/install/deva_common_msgs/include/deva_common_msgs/deva_common_msgs/msg/detail/point2d__functions.c
-- Installing: /home/linjiawei/load_mcap/install/deva_common_msgs/include/deva_common_msgs/deva_common_msgs/msg/detail/point2d__functions.h
-- Installing: /home/linjiawei/load_mcap/install/deva_common_msgs/include/deva_common_msgs/deva_common_msgs/msg/detail/point2d__struct.h
-- Installing: /home/linjiawei/load_mcap/install/deva_common_msgs/include/deva_common_msgs/deva_common_msgs/msg/detail/point2d__type_support.h
-- Installing: /home/linjiawei/load_mcap/install/deva_common_msgs/include/deva_common_msgs/deva_common_msgs/msg/detail/serialize__functions.c
-- Installing: /home/linjiawei/load_mcap/install/deva_common_msgs/include/deva_common_msgs/deva_common_msgs/msg/detail/serialize__functions.h
-- Installing: /home/linjiawei/load_mcap/install/deva_common_msgs/include/deva_common_msgs/deva_common_msgs/msg/detail/serialize__struct.h
-- Installing: /home/linjiawei/load_mcap/install/deva_common_msgs/include/deva_common_msgs/deva_common_msgs/msg/detail/serialize__type_support.h
-- Installing: /home/linjiawei/load_mcap/install/deva_common_msgs/include/deva_common_msgs/deva_common_msgs/msg/detail/string__functions.c
-- Installing: /home/linjiawei/load_mcap/install/deva_common_msgs/include/deva_common_msgs/deva_common_msgs/msg/detail/string__functions.h
-- Installing: /home/linjiawei/load_mcap/install/deva_common_msgs/include/deva_common_msgs/deva_common_msgs/msg/detail/string__struct.h
-- Installing: /home/linjiawei/load_mcap/install/deva_common_msgs/include/deva_common_msgs/deva_common_msgs/msg/detail/string__type_support.h
-- Installing: /home/linjiawei/load_mcap/install/deva_common_msgs/include/deva_common_msgs/deva_common_msgs/msg/bounding_box2d.h
-- Installing: /home/linjiawei/load_mcap/install/deva_common_msgs/include/deva_common_msgs/deva_common_msgs/msg/dimension.h
-- Installing: /home/linjiawei/load_mcap/install/deva_common_msgs/include/deva_common_msgs/deva_common_msgs/msg/disperse_curve.h
-- Installing: /home/linjiawei/load_mcap/install/deva_common_msgs/include/deva_common_msgs/deva_common_msgs/msg/equation_curve.h
-- Installing: /home/linjiawei/load_mcap/install/deva_common_msgs/include/deva_common_msgs/deva_common_msgs/msg/ground_point.h
-- Installing: /home/linjiawei/load_mcap/install/deva_common_msgs/include/deva_common_msgs/deva_common_msgs/msg/header.h
-- Installing: /home/linjiawei/load_mcap/install/deva_common_msgs/include/deva_common_msgs/deva_common_msgs/msg/kv.h
-- Installing: /home/linjiawei/load_mcap/install/deva_common_msgs/include/deva_common_msgs/deva_common_msgs/msg/line2d.h
-- Installing: /home/linjiawei/load_mcap/install/deva_common_msgs/include/deva_common_msgs/deva_common_msgs/msg/line_segment.h
-- Installing: /home/linjiawei/load_mcap/install/deva_common_msgs/include/deva_common_msgs/deva_common_msgs/msg/point2d.h
-- Installing: /home/linjiawei/load_mcap/install/deva_common_msgs/include/deva_common_msgs/deva_common_msgs/msg/serialize.h
-- Installing: /home/linjiawei/load_mcap/install/deva_common_msgs/include/deva_common_msgs/deva_common_msgs/msg/string.h
-- Installing: /home/linjiawei/load_mcap/install/deva_common_msgs/share/deva_common_msgs/environment/library_path.sh
-- Installing: /home/linjiawei/load_mcap/install/deva_common_msgs/share/deva_common_msgs/environment/library_path.dsv
-- Installing: /home/linjiawei/load_mcap/install/deva_common_msgs/lib/libdeva_common_msgs__rosidl_generator_c.so
-- Set runtime path of "/home/linjiawei/load_mcap/install/deva_common_msgs/lib/libdeva_common_msgs__rosidl_generator_c.so" to ""
-- Up-to-date: /home/linjiawei/load_mcap/install/deva_common_msgs/include/deva_common_msgs/deva_common_msgs
-- Up-to-date: /home/linjiawei/load_mcap/install/deva_common_msgs/include/deva_common_msgs/deva_common_msgs/msg
-- Installing: /home/linjiawei/load_mcap/install/deva_common_msgs/include/deva_common_msgs/deva_common_msgs/msg/rosidl_typesupport_fastrtps_c__visibility_control.h
-- Up-to-date: /home/linjiawei/load_mcap/install/deva_common_msgs/include/deva_common_msgs/deva_common_msgs/msg/detail
-- Installing: /home/linjiawei/load_mcap/install/deva_common_msgs/include/deva_common_msgs/deva_common_msgs/msg/detail/bounding_box__rosidl_typesupport_fastrtps_c.h
-- Installing: /home/linjiawei/load_mcap/install/deva_common_msgs/include/deva_common_msgs/deva_common_msgs/msg/detail/bounding_box2d__rosidl_typesupport_fastrtps_c.h
-- Installing: /home/linjiawei/load_mcap/install/deva_common_msgs/include/deva_common_msgs/deva_common_msgs/msg/detail/dimension__rosidl_typesupport_fastrtps_c.h
-- Installing: /home/linjiawei/load_mcap/install/deva_common_msgs/include/deva_common_msgs/deva_common_msgs/msg/detail/disperse_curve__rosidl_typesupport_fastrtps_c.h
-- Installing: /home/linjiawei/load_mcap/install/deva_common_msgs/include/deva_common_msgs/deva_common_msgs/msg/detail/equation_curve__rosidl_typesupport_fastrtps_c.h
-- Installing: /home/linjiawei/load_mcap/install/deva_common_msgs/include/deva_common_msgs/deva_common_msgs/msg/detail/ground_point__rosidl_typesupport_fastrtps_c.h
-- Installing: /home/linjiawei/load_mcap/install/deva_common_msgs/include/deva_common_msgs/deva_common_msgs/msg/detail/header__rosidl_typesupport_fastrtps_c.h
-- Installing: /home/linjiawei/load_mcap/install/deva_common_msgs/include/deva_common_msgs/deva_common_msgs/msg/detail/kv__rosidl_typesupport_fastrtps_c.h
-- Installing: /home/linjiawei/load_mcap/install/deva_common_msgs/include/deva_common_msgs/deva_common_msgs/msg/detail/line2d__rosidl_typesupport_fastrtps_c.h
-- Installing: /home/linjiawei/load_mcap/install/deva_common_msgs/include/deva_common_msgs/deva_common_msgs/msg/detail/line_segment__rosidl_typesupport_fastrtps_c.h
-- Installing: /home/linjiawei/load_mcap/install/deva_common_msgs/include/deva_common_msgs/deva_common_msgs/msg/detail/point2d__rosidl_typesupport_fastrtps_c.h
-- Installing: /home/linjiawei/load_mcap/install/deva_common_msgs/include/deva_common_msgs/deva_common_msgs/msg/detail/serialize__rosidl_typesupport_fastrtps_c.h
-- Installing: /home/linjiawei/load_mcap/install/deva_common_msgs/include/deva_common_msgs/deva_common_msgs/msg/detail/string__rosidl_typesupport_fastrtps_c.h
-- Installing: /home/linjiawei/load_mcap/install/deva_common_msgs/lib/libdeva_common_msgs__rosidl_typesupport_fastrtps_c.so
-- Set runtime path of "/home/linjiawei/load_mcap/install/deva_common_msgs/lib/libdeva_common_msgs__rosidl_typesupport_fastrtps_c.so" to ""
-- Up-to-date: /home/linjiawei/load_mcap/install/deva_common_msgs/include/deva_common_msgs/deva_common_msgs
-- Up-to-date: /home/linjiawei/load_mcap/install/deva_common_msgs/include/deva_common_msgs/deva_common_msgs/msg
-- Installing: /home/linjiawei/load_mcap/install/deva_common_msgs/include/deva_common_msgs/deva_common_msgs/msg/rosidl_typesupport_introspection_c__visibility_control.h
-- Up-to-date: /home/linjiawei/load_mcap/install/deva_common_msgs/include/deva_common_msgs/deva_common_msgs/msg/detail
-- Installing: /home/linjiawei/load_mcap/install/deva_common_msgs/include/deva_common_msgs/deva_common_msgs/msg/detail/bounding_box__rosidl_typesupport_introspection_c.h
-- Installing: /home/linjiawei/load_mcap/install/deva_common_msgs/include/deva_common_msgs/deva_common_msgs/msg/detail/bounding_box__type_support.c
-- Installing: /home/linjiawei/load_mcap/install/deva_common_msgs/include/deva_common_msgs/deva_common_msgs/msg/detail/bounding_box2d__rosidl_typesupport_introspection_c.h
-- Installing: /home/linjiawei/load_mcap/install/deva_common_msgs/include/deva_common_msgs/deva_common_msgs/msg/detail/bounding_box2d__type_support.c
-- Installing: /home/linjiawei/load_mcap/install/deva_common_msgs/include/deva_common_msgs/deva_common_msgs/msg/detail/dimension__rosidl_typesupport_introspection_c.h
-- Installing: /home/linjiawei/load_mcap/install/deva_common_msgs/include/deva_common_msgs/deva_common_msgs/msg/detail/dimension__type_support.c
-- Installing: /home/linjiawei/load_mcap/install/deva_common_msgs/include/deva_common_msgs/deva_common_msgs/msg/detail/disperse_curve__rosidl_typesupport_introspection_c.h
-- Installing: /home/linjiawei/load_mcap/install/deva_common_msgs/include/deva_common_msgs/deva_common_msgs/msg/detail/disperse_curve__type_support.c
-- Installing: /home/linjiawei/load_mcap/install/deva_common_msgs/include/deva_common_msgs/deva_common_msgs/msg/detail/equation_curve__rosidl_typesupport_introspection_c.h
-- Installing: /home/linjiawei/load_mcap/install/deva_common_msgs/include/deva_common_msgs/deva_common_msgs/msg/detail/equation_curve__type_support.c
-- Installing: /home/linjiawei/load_mcap/install/deva_common_msgs/include/deva_common_msgs/deva_common_msgs/msg/detail/ground_point__rosidl_typesupport_introspection_c.h
-- Installing: /home/linjiawei/load_mcap/install/deva_common_msgs/include/deva_common_msgs/deva_common_msgs/msg/detail/ground_point__type_support.c
-- Installing: /home/linjiawei/load_mcap/install/deva_common_msgs/include/deva_common_msgs/deva_common_msgs/msg/detail/header__rosidl_typesupport_introspection_c.h
-- Installing: /home/linjiawei/load_mcap/install/deva_common_msgs/include/deva_common_msgs/deva_common_msgs/msg/detail/header__type_support.c
-- Installing: /home/linjiawei/load_mcap/install/deva_common_msgs/include/deva_common_msgs/deva_common_msgs/msg/detail/kv__rosidl_typesupport_introspection_c.h
-- Installing: /home/linjiawei/load_mcap/install/deva_common_msgs/include/deva_common_msgs/deva_common_msgs/msg/detail/kv__type_support.c
-- Installing: /home/linjiawei/load_mcap/install/deva_common_msgs/include/deva_common_msgs/deva_common_msgs/msg/detail/line2d__rosidl_typesupport_introspection_c.h
-- Installing: /home/linjiawei/load_mcap/install/deva_common_msgs/include/deva_common_msgs/deva_common_msgs/msg/detail/line2d__type_support.c
-- Installing: /home/linjiawei/load_mcap/install/deva_common_msgs/include/deva_common_msgs/deva_common_msgs/msg/detail/line_segment__rosidl_typesupport_introspection_c.h
-- Installing: /home/linjiawei/load_mcap/install/deva_common_msgs/include/deva_common_msgs/deva_common_msgs/msg/detail/line_segment__type_support.c
-- Installing: /home/linjiawei/load_mcap/install/deva_common_msgs/include/deva_common_msgs/deva_common_msgs/msg/detail/point2d__rosidl_typesupport_introspection_c.h
-- Installing: /home/linjiawei/load_mcap/install/deva_common_msgs/include/deva_common_msgs/deva_common_msgs/msg/detail/point2d__type_support.c
-- Installing: /home/linjiawei/load_mcap/install/deva_common_msgs/include/deva_common_msgs/deva_common_msgs/msg/detail/serialize__rosidl_typesupport_introspection_c.h
-- Installing: /home/linjiawei/load_mcap/install/deva_common_msgs/include/deva_common_msgs/deva_common_msgs/msg/detail/serialize__type_support.c
-- Installing: /home/linjiawei/load_mcap/install/deva_common_msgs/include/deva_common_msgs/deva_common_msgs/msg/detail/string__rosidl_typesupport_introspection_c.h
-- Installing: /home/linjiawei/load_mcap/install/deva_common_msgs/include/deva_common_msgs/deva_common_msgs/msg/detail/string__type_support.c
-- Installing: /home/linjiawei/load_mcap/install/deva_common_msgs/lib/libdeva_common_msgs__rosidl_typesupport_introspection_c.so
-- Set runtime path of "/home/linjiawei/load_mcap/install/deva_common_msgs/lib/libdeva_common_msgs__rosidl_typesupport_introspection_c.so" to ""
-- Installing: /home/linjiawei/load_mcap/install/deva_common_msgs/lib/libdeva_common_msgs__rosidl_typesupport_c.so
-- Set runtime path of "/home/linjiawei/load_mcap/install/deva_common_msgs/lib/libdeva_common_msgs__rosidl_typesupport_c.so" to ""
-- Up-to-date: /home/linjiawei/load_mcap/install/deva_common_msgs/include/deva_common_msgs/deva_common_msgs
-- Up-to-date: /home/linjiawei/load_mcap/install/deva_common_msgs/include/deva_common_msgs/deva_common_msgs/msg
-- Installing: /home/linjiawei/load_mcap/install/deva_common_msgs/include/deva_common_msgs/deva_common_msgs/msg/rosidl_generator_cpp__visibility_control.hpp
-- Installing: /home/linjiawei/load_mcap/install/deva_common_msgs/include/deva_common_msgs/deva_common_msgs/msg/bounding_box.hpp
-- Up-to-date: /home/linjiawei/load_mcap/install/deva_common_msgs/include/deva_common_msgs/deva_common_msgs/msg/detail
-- Installing: /home/linjiawei/load_mcap/install/deva_common_msgs/include/deva_common_msgs/deva_common_msgs/msg/detail/bounding_box__builder.hpp
-- Installing: /home/linjiawei/load_mcap/install/deva_common_msgs/include/deva_common_msgs/deva_common_msgs/msg/detail/bounding_box__struct.hpp
-- Installing: /home/linjiawei/load_mcap/install/deva_common_msgs/include/deva_common_msgs/deva_common_msgs/msg/detail/bounding_box__traits.hpp
-- Installing: /home/linjiawei/load_mcap/install/deva_common_msgs/include/deva_common_msgs/deva_common_msgs/msg/detail/bounding_box__type_support.hpp
-- Installing: /home/linjiawei/load_mcap/install/deva_common_msgs/include/deva_common_msgs/deva_common_msgs/msg/detail/bounding_box2d__builder.hpp
-- Installing: /home/linjiawei/load_mcap/install/deva_common_msgs/include/deva_common_msgs/deva_common_msgs/msg/detail/bounding_box2d__struct.hpp
-- Installing: /home/linjiawei/load_mcap/install/deva_common_msgs/include/deva_common_msgs/deva_common_msgs/msg/detail/bounding_box2d__traits.hpp
-- Installing: /home/linjiawei/load_mcap/install/deva_common_msgs/include/deva_common_msgs/deva_common_msgs/msg/detail/bounding_box2d__type_support.hpp
-- Installing: /home/linjiawei/load_mcap/install/deva_common_msgs/include/deva_common_msgs/deva_common_msgs/msg/detail/dimension__builder.hpp
-- Installing: /home/linjiawei/load_mcap/install/deva_common_msgs/include/deva_common_msgs/deva_common_msgs/msg/detail/dimension__struct.hpp
-- Installing: /home/linjiawei/load_mcap/install/deva_common_msgs/include/deva_common_msgs/deva_common_msgs/msg/detail/dimension__traits.hpp
-- Installing: /home/linjiawei/load_mcap/install/deva_common_msgs/include/deva_common_msgs/deva_common_msgs/msg/detail/dimension__type_support.hpp
-- Installing: /home/linjiawei/load_mcap/install/deva_common_msgs/include/deva_common_msgs/deva_common_msgs/msg/detail/disperse_curve__builder.hpp
-- Installing: /home/linjiawei/load_mcap/install/deva_common_msgs/include/deva_common_msgs/deva_common_msgs/msg/detail/disperse_curve__struct.hpp
-- Installing: /home/linjiawei/load_mcap/install/deva_common_msgs/include/deva_common_msgs/deva_common_msgs/msg/detail/disperse_curve__traits.hpp
-- Installing: /home/linjiawei/load_mcap/install/deva_common_msgs/include/deva_common_msgs/deva_common_msgs/msg/detail/disperse_curve__type_support.hpp
-- Installing: /home/linjiawei/load_mcap/install/deva_common_msgs/include/deva_common_msgs/deva_common_msgs/msg/detail/equation_curve__builder.hpp
-- Installing: /home/linjiawei/load_mcap/install/deva_common_msgs/include/deva_common_msgs/deva_common_msgs/msg/detail/equation_curve__struct.hpp
-- Installing: /home/linjiawei/load_mcap/install/deva_common_msgs/include/deva_common_msgs/deva_common_msgs/msg/detail/equation_curve__traits.hpp
-- Installing: /home/linjiawei/load_mcap/install/deva_common_msgs/include/deva_common_msgs/deva_common_msgs/msg/detail/equation_curve__type_support.hpp
-- Installing: /home/linjiawei/load_mcap/install/deva_common_msgs/include/deva_common_msgs/deva_common_msgs/msg/detail/ground_point__builder.hpp
-- Installing: /home/linjiawei/load_mcap/install/deva_common_msgs/include/deva_common_msgs/deva_common_msgs/msg/detail/ground_point__struct.hpp
-- Installing: /home/linjiawei/load_mcap/install/deva_common_msgs/include/deva_common_msgs/deva_common_msgs/msg/detail/ground_point__traits.hpp
-- Installing: /home/linjiawei/load_mcap/install/deva_common_msgs/include/deva_common_msgs/deva_common_msgs/msg/detail/ground_point__type_support.hpp
-- Installing: /home/linjiawei/load_mcap/install/deva_common_msgs/include/deva_common_msgs/deva_common_msgs/msg/detail/header__builder.hpp
-- Installing: /home/linjiawei/load_mcap/install/deva_common_msgs/include/deva_common_msgs/deva_common_msgs/msg/detail/header__struct.hpp
-- Installing: /home/linjiawei/load_mcap/install/deva_common_msgs/include/deva_common_msgs/deva_common_msgs/msg/detail/header__traits.hpp
-- Installing: /home/linjiawei/load_mcap/install/deva_common_msgs/include/deva_common_msgs/deva_common_msgs/msg/detail/header__type_support.hpp
-- Installing: /home/linjiawei/load_mcap/install/deva_common_msgs/include/deva_common_msgs/deva_common_msgs/msg/detail/kv__builder.hpp
-- Installing: /home/linjiawei/load_mcap/install/deva_common_msgs/include/deva_common_msgs/deva_common_msgs/msg/detail/kv__struct.hpp
-- Installing: /home/linjiawei/load_mcap/install/deva_common_msgs/include/deva_common_msgs/deva_common_msgs/msg/detail/kv__traits.hpp
-- Installing: /home/linjiawei/load_mcap/install/deva_common_msgs/include/deva_common_msgs/deva_common_msgs/msg/detail/kv__type_support.hpp
-- Installing: /home/linjiawei/load_mcap/install/deva_common_msgs/include/deva_common_msgs/deva_common_msgs/msg/detail/line2d__builder.hpp
-- Installing: /home/linjiawei/load_mcap/install/deva_common_msgs/include/deva_common_msgs/deva_common_msgs/msg/detail/line2d__struct.hpp
-- Installing: /home/linjiawei/load_mcap/install/deva_common_msgs/include/deva_common_msgs/deva_common_msgs/msg/detail/line2d__traits.hpp
-- Installing: /home/linjiawei/load_mcap/install/deva_common_msgs/include/deva_common_msgs/deva_common_msgs/msg/detail/line2d__type_support.hpp
-- Installing: /home/linjiawei/load_mcap/install/deva_common_msgs/include/deva_common_msgs/deva_common_msgs/msg/detail/line_segment__builder.hpp
-- Installing: /home/linjiawei/load_mcap/install/deva_common_msgs/include/deva_common_msgs/deva_common_msgs/msg/detail/line_segment__struct.hpp
-- Installing: /home/linjiawei/load_mcap/install/deva_common_msgs/include/deva_common_msgs/deva_common_msgs/msg/detail/line_segment__traits.hpp
-- Installing: /home/linjiawei/load_mcap/install/deva_common_msgs/include/deva_common_msgs/deva_common_msgs/msg/detail/line_segment__type_support.hpp
-- Installing: /home/linjiawei/load_mcap/install/deva_common_msgs/include/deva_common_msgs/deva_common_msgs/msg/detail/point2d__builder.hpp
-- Installing: /home/linjiawei/load_mcap/install/deva_common_msgs/include/deva_common_msgs/deva_common_msgs/msg/detail/point2d__struct.hpp
-- Installing: /home/linjiawei/load_mcap/install/deva_common_msgs/include/deva_common_msgs/deva_common_msgs/msg/detail/point2d__traits.hpp
-- Installing: /home/linjiawei/load_mcap/install/deva_common_msgs/include/deva_common_msgs/deva_common_msgs/msg/detail/point2d__type_support.hpp
-- Installing: /home/linjiawei/load_mcap/install/deva_common_msgs/include/deva_common_msgs/deva_common_msgs/msg/detail/serialize__builder.hpp
-- Installing: /home/linjiawei/load_mcap/install/deva_common_msgs/include/deva_common_msgs/deva_common_msgs/msg/detail/serialize__struct.hpp
-- Installing: /home/linjiawei/load_mcap/install/deva_common_msgs/include/deva_common_msgs/deva_common_msgs/msg/detail/serialize__traits.hpp
-- Installing: /home/linjiawei/load_mcap/install/deva_common_msgs/include/deva_common_msgs/deva_common_msgs/msg/detail/serialize__type_support.hpp
-- Installing: /home/linjiawei/load_mcap/install/deva_common_msgs/include/deva_common_msgs/deva_common_msgs/msg/detail/string__builder.hpp
-- Installing: /home/linjiawei/load_mcap/install/deva_common_msgs/include/deva_common_msgs/deva_common_msgs/msg/detail/string__struct.hpp
-- Installing: /home/linjiawei/load_mcap/install/deva_common_msgs/include/deva_common_msgs/deva_common_msgs/msg/detail/string__traits.hpp
-- Installing: /home/linjiawei/load_mcap/install/deva_common_msgs/include/deva_common_msgs/deva_common_msgs/msg/detail/string__type_support.hpp
-- Installing: /home/linjiawei/load_mcap/install/deva_common_msgs/include/deva_common_msgs/deva_common_msgs/msg/bounding_box2d.hpp
-- Installing: /home/linjiawei/load_mcap/install/deva_common_msgs/include/deva_common_msgs/deva_common_msgs/msg/dimension.hpp
-- Installing: /home/linjiawei/load_mcap/install/deva_common_msgs/include/deva_common_msgs/deva_common_msgs/msg/disperse_curve.hpp
-- Installing: /home/linjiawei/load_mcap/install/deva_common_msgs/include/deva_common_msgs/deva_common_msgs/msg/equation_curve.hpp
-- Installing: /home/linjiawei/load_mcap/install/deva_common_msgs/include/deva_common_msgs/deva_common_msgs/msg/ground_point.hpp
-- Installing: /home/linjiawei/load_mcap/install/deva_common_msgs/include/deva_common_msgs/deva_common_msgs/msg/header.hpp
-- Installing: /home/linjiawei/load_mcap/install/deva_common_msgs/include/deva_common_msgs/deva_common_msgs/msg/kv.hpp
-- Installing: /home/linjiawei/load_mcap/install/deva_common_msgs/include/deva_common_msgs/deva_common_msgs/msg/line2d.hpp
-- Installing: /home/linjiawei/load_mcap/install/deva_common_msgs/include/deva_common_msgs/deva_common_msgs/msg/line_segment.hpp
-- Installing: /home/linjiawei/load_mcap/install/deva_common_msgs/include/deva_common_msgs/deva_common_msgs/msg/point2d.hpp
-- Installing: /home/linjiawei/load_mcap/install/deva_common_msgs/include/deva_common_msgs/deva_common_msgs/msg/serialize.hpp
-- Installing: /home/linjiawei/load_mcap/install/deva_common_msgs/include/deva_common_msgs/deva_common_msgs/msg/string.hpp
-- Up-to-date: /home/linjiawei/load_mcap/install/deva_common_msgs/include/deva_common_msgs/deva_common_msgs
-- Up-to-date: /home/linjiawei/load_mcap/install/deva_common_msgs/include/deva_common_msgs/deva_common_msgs/msg
-- Installing: /home/linjiawei/load_mcap/install/deva_common_msgs/include/deva_common_msgs/deva_common_msgs/msg/rosidl_typesupport_fastrtps_cpp__visibility_control.h
-- Up-to-date: /home/linjiawei/load_mcap/install/deva_common_msgs/include/deva_common_msgs/deva_common_msgs/msg/detail
-- Installing: /home/linjiawei/load_mcap/install/deva_common_msgs/include/deva_common_msgs/deva_common_msgs/msg/detail/bounding_box__rosidl_typesupport_fastrtps_cpp.hpp
-- Installing: /home/linjiawei/load_mcap/install/deva_common_msgs/include/deva_common_msgs/deva_common_msgs/msg/detail/dds_fastrtps
-- Installing: /home/linjiawei/load_mcap/install/deva_common_msgs/include/deva_common_msgs/deva_common_msgs/msg/detail/bounding_box2d__rosidl_typesupport_fastrtps_cpp.hpp
-- Installing: /home/linjiawei/load_mcap/install/deva_common_msgs/include/deva_common_msgs/deva_common_msgs/msg/detail/dimension__rosidl_typesupport_fastrtps_cpp.hpp
-- Installing: /home/linjiawei/load_mcap/install/deva_common_msgs/include/deva_common_msgs/deva_common_msgs/msg/detail/disperse_curve__rosidl_typesupport_fastrtps_cpp.hpp
-- Installing: /home/linjiawei/load_mcap/install/deva_common_msgs/include/deva_common_msgs/deva_common_msgs/msg/detail/equation_curve__rosidl_typesupport_fastrtps_cpp.hpp
-- Installing: /home/linjiawei/load_mcap/install/deva_common_msgs/include/deva_common_msgs/deva_common_msgs/msg/detail/ground_point__rosidl_typesupport_fastrtps_cpp.hpp
-- Installing: /home/linjiawei/load_mcap/install/deva_common_msgs/include/deva_common_msgs/deva_common_msgs/msg/detail/header__rosidl_typesupport_fastrtps_cpp.hpp
-- Installing: /home/linjiawei/load_mcap/install/deva_common_msgs/include/deva_common_msgs/deva_common_msgs/msg/detail/kv__rosidl_typesupport_fastrtps_cpp.hpp
-- Installing: /home/linjiawei/load_mcap/install/deva_common_msgs/include/deva_common_msgs/deva_common_msgs/msg/detail/line2d__rosidl_typesupport_fastrtps_cpp.hpp
-- Installing: /home/linjiawei/load_mcap/install/deva_common_msgs/include/deva_common_msgs/deva_common_msgs/msg/detail/line_segment__rosidl_typesupport_fastrtps_cpp.hpp
-- Installing: /home/linjiawei/load_mcap/install/deva_common_msgs/include/deva_common_msgs/deva_common_msgs/msg/detail/point2d__rosidl_typesupport_fastrtps_cpp.hpp
-- Installing: /home/linjiawei/load_mcap/install/deva_common_msgs/include/deva_common_msgs/deva_common_msgs/msg/detail/serialize__rosidl_typesupport_fastrtps_cpp.hpp
-- Installing: /home/linjiawei/load_mcap/install/deva_common_msgs/include/deva_common_msgs/deva_common_msgs/msg/detail/string__rosidl_typesupport_fastrtps_cpp.hpp
-- Installing: /home/linjiawei/load_mcap/install/deva_common_msgs/lib/libdeva_common_msgs__rosidl_typesupport_fastrtps_cpp.so
-- Set runtime path of "/home/linjiawei/load_mcap/install/deva_common_msgs/lib/libdeva_common_msgs__rosidl_typesupport_fastrtps_cpp.so" to ""
-- Up-to-date: /home/linjiawei/load_mcap/install/deva_common_msgs/include/deva_common_msgs/deva_common_msgs
-- Up-to-date: /home/linjiawei/load_mcap/install/deva_common_msgs/include/deva_common_msgs/deva_common_msgs/msg
-- Up-to-date: /home/linjiawei/load_mcap/install/deva_common_msgs/include/deva_common_msgs/deva_common_msgs/msg/detail
-- Installing: /home/linjiawei/load_mcap/install/deva_common_msgs/include/deva_common_msgs/deva_common_msgs/msg/detail/bounding_box__rosidl_typesupport_introspection_cpp.hpp
-- Installing: /home/linjiawei/load_mcap/install/deva_common_msgs/include/deva_common_msgs/deva_common_msgs/msg/detail/bounding_box__type_support.cpp
-- Installing: /home/linjiawei/load_mcap/install/deva_common_msgs/include/deva_common_msgs/deva_common_msgs/msg/detail/bounding_box2d__rosidl_typesupport_introspection_cpp.hpp
-- Installing: /home/linjiawei/load_mcap/install/deva_common_msgs/include/deva_common_msgs/deva_common_msgs/msg/detail/bounding_box2d__type_support.cpp
-- Installing: /home/linjiawei/load_mcap/install/deva_common_msgs/include/deva_common_msgs/deva_common_msgs/msg/detail/dimension__rosidl_typesupport_introspection_cpp.hpp
-- Installing: /home/linjiawei/load_mcap/install/deva_common_msgs/include/deva_common_msgs/deva_common_msgs/msg/detail/dimension__type_support.cpp
-- Installing: /home/linjiawei/load_mcap/install/deva_common_msgs/include/deva_common_msgs/deva_common_msgs/msg/detail/disperse_curve__rosidl_typesupport_introspection_cpp.hpp
-- Installing: /home/linjiawei/load_mcap/install/deva_common_msgs/include/deva_common_msgs/deva_common_msgs/msg/detail/disperse_curve__type_support.cpp
-- Installing: /home/linjiawei/load_mcap/install/deva_common_msgs/include/deva_common_msgs/deva_common_msgs/msg/detail/equation_curve__rosidl_typesupport_introspection_cpp.hpp
-- Installing: /home/linjiawei/load_mcap/install/deva_common_msgs/include/deva_common_msgs/deva_common_msgs/msg/detail/equation_curve__type_support.cpp
-- Installing: /home/linjiawei/load_mcap/install/deva_common_msgs/include/deva_common_msgs/deva_common_msgs/msg/detail/ground_point__rosidl_typesupport_introspection_cpp.hpp
-- Installing: /home/linjiawei/load_mcap/install/deva_common_msgs/include/deva_common_msgs/deva_common_msgs/msg/detail/ground_point__type_support.cpp
-- Installing: /home/linjiawei/load_mcap/install/deva_common_msgs/include/deva_common_msgs/deva_common_msgs/msg/detail/header__rosidl_typesupport_introspection_cpp.hpp
-- Installing: /home/linjiawei/load_mcap/install/deva_common_msgs/include/deva_common_msgs/deva_common_msgs/msg/detail/header__type_support.cpp
-- Installing: /home/linjiawei/load_mcap/install/deva_common_msgs/include/deva_common_msgs/deva_common_msgs/msg/detail/kv__rosidl_typesupport_introspection_cpp.hpp
-- Installing: /home/linjiawei/load_mcap/install/deva_common_msgs/include/deva_common_msgs/deva_common_msgs/msg/detail/kv__type_support.cpp
-- Installing: /home/linjiawei/load_mcap/install/deva_common_msgs/include/deva_common_msgs/deva_common_msgs/msg/detail/line2d__rosidl_typesupport_introspection_cpp.hpp
-- Installing: /home/linjiawei/load_mcap/install/deva_common_msgs/include/deva_common_msgs/deva_common_msgs/msg/detail/line2d__type_support.cpp
-- Installing: /home/linjiawei/load_mcap/install/deva_common_msgs/include/deva_common_msgs/deva_common_msgs/msg/detail/line_segment__rosidl_typesupport_introspection_cpp.hpp
-- Installing: /home/linjiawei/load_mcap/install/deva_common_msgs/include/deva_common_msgs/deva_common_msgs/msg/detail/line_segment__type_support.cpp
-- Installing: /home/linjiawei/load_mcap/install/deva_common_msgs/include/deva_common_msgs/deva_common_msgs/msg/detail/point2d__rosidl_typesupport_introspection_cpp.hpp
-- Installing: /home/linjiawei/load_mcap/install/deva_common_msgs/include/deva_common_msgs/deva_common_msgs/msg/detail/point2d__type_support.cpp
-- Installing: /home/linjiawei/load_mcap/install/deva_common_msgs/include/deva_common_msgs/deva_common_msgs/msg/detail/serialize__rosidl_typesupport_introspection_cpp.hpp
-- Installing: /home/linjiawei/load_mcap/install/deva_common_msgs/include/deva_common_msgs/deva_common_msgs/msg/detail/serialize__type_support.cpp
-- Installing: /home/linjiawei/load_mcap/install/deva_common_msgs/include/deva_common_msgs/deva_common_msgs/msg/detail/string__rosidl_typesupport_introspection_cpp.hpp
-- Installing: /home/linjiawei/load_mcap/install/deva_common_msgs/include/deva_common_msgs/deva_common_msgs/msg/detail/string__type_support.cpp
-- Installing: /home/linjiawei/load_mcap/install/deva_common_msgs/lib/libdeva_common_msgs__rosidl_typesupport_introspection_cpp.so
-- Set runtime path of "/home/linjiawei/load_mcap/install/deva_common_msgs/lib/libdeva_common_msgs__rosidl_typesupport_introspection_cpp.so" to ""
-- Installing: /home/linjiawei/load_mcap/install/deva_common_msgs/lib/libdeva_common_msgs__rosidl_typesupport_cpp.so
-- Set runtime path of "/home/linjiawei/load_mcap/install/deva_common_msgs/lib/libdeva_common_msgs__rosidl_typesupport_cpp.so" to ""
-- Installing: /home/linjiawei/load_mcap/install/deva_common_msgs/share/deva_common_msgs/environment/pythonpath.sh
-- Installing: /home/linjiawei/load_mcap/install/deva_common_msgs/share/deva_common_msgs/environment/pythonpath.dsv
-- Installing: /home/linjiawei/load_mcap/install/deva_common_msgs/local/lib/python3.10/dist-packages/deva_common_msgs-0.0.0-py3.10.egg-info
-- Installing: /home/linjiawei/load_mcap/install/deva_common_msgs/local/lib/python3.10/dist-packages/deva_common_msgs-0.0.0-py3.10.egg-info/PKG-INFO
-- Installing: /home/linjiawei/load_mcap/install/deva_common_msgs/local/lib/python3.10/dist-packages/deva_common_msgs-0.0.0-py3.10.egg-info/dependency_links.txt
-- Installing: /home/linjiawei/load_mcap/install/deva_common_msgs/local/lib/python3.10/dist-packages/deva_common_msgs-0.0.0-py3.10.egg-info/top_level.txt
-- Installing: /home/linjiawei/load_mcap/install/deva_common_msgs/local/lib/python3.10/dist-packages/deva_common_msgs-0.0.0-py3.10.egg-info/SOURCES.txt
-- Installing: /home/linjiawei/load_mcap/install/deva_common_msgs/local/lib/python3.10/dist-packages/deva_common_msgs
-- Installing: /home/linjiawei/load_mcap/install/deva_common_msgs/local/lib/python3.10/dist-packages/deva_common_msgs/__init__.py
-- Installing: /home/linjiawei/load_mcap/install/deva_common_msgs/local/lib/python3.10/dist-packages/deva_common_msgs/msg
-- Installing: /home/linjiawei/load_mcap/install/deva_common_msgs/local/lib/python3.10/dist-packages/deva_common_msgs/msg/_bounding_box.py
-- Installing: /home/linjiawei/load_mcap/install/deva_common_msgs/local/lib/python3.10/dist-packages/deva_common_msgs/msg/_bounding_box_s.c
-- Installing: /home/linjiawei/load_mcap/install/deva_common_msgs/local/lib/python3.10/dist-packages/deva_common_msgs/msg/_bounding_box2d.py
-- Installing: /home/linjiawei/load_mcap/install/deva_common_msgs/local/lib/python3.10/dist-packages/deva_common_msgs/msg/_bounding_box2d_s.c
-- Installing: /home/linjiawei/load_mcap/install/deva_common_msgs/local/lib/python3.10/dist-packages/deva_common_msgs/msg/_dimension.py
-- Installing: /home/linjiawei/load_mcap/install/deva_common_msgs/local/lib/python3.10/dist-packages/deva_common_msgs/msg/_dimension_s.c
-- Installing: /home/linjiawei/load_mcap/install/deva_common_msgs/local/lib/python3.10/dist-packages/deva_common_msgs/msg/_disperse_curve.py
-- Installing: /home/linjiawei/load_mcap/install/deva_common_msgs/local/lib/python3.10/dist-packages/deva_common_msgs/msg/_disperse_curve_s.c
-- Installing: /home/linjiawei/load_mcap/install/deva_common_msgs/local/lib/python3.10/dist-packages/deva_common_msgs/msg/_equation_curve.py
-- Installing: /home/linjiawei/load_mcap/install/deva_common_msgs/local/lib/python3.10/dist-packages/deva_common_msgs/msg/_equation_curve_s.c
-- Installing: /home/linjiawei/load_mcap/install/deva_common_msgs/local/lib/python3.10/dist-packages/deva_common_msgs/msg/_ground_point.py
-- Installing: /home/linjiawei/load_mcap/install/deva_common_msgs/local/lib/python3.10/dist-packages/deva_common_msgs/msg/_ground_point_s.c
-- Installing: /home/linjiawei/load_mcap/install/deva_common_msgs/local/lib/python3.10/dist-packages/deva_common_msgs/msg/_header.py
-- Installing: /home/linjiawei/load_mcap/install/deva_common_msgs/local/lib/python3.10/dist-packages/deva_common_msgs/msg/_header_s.c
-- Installing: /home/linjiawei/load_mcap/install/deva_common_msgs/local/lib/python3.10/dist-packages/deva_common_msgs/msg/_kv.py
-- Installing: /home/linjiawei/load_mcap/install/deva_common_msgs/local/lib/python3.10/dist-packages/deva_common_msgs/msg/_kv_s.c
-- Installing: /home/linjiawei/load_mcap/install/deva_common_msgs/local/lib/python3.10/dist-packages/deva_common_msgs/msg/_line2d.py
-- Installing: /home/linjiawei/load_mcap/install/deva_common_msgs/local/lib/python3.10/dist-packages/deva_common_msgs/msg/_line2d_s.c
-- Installing: /home/linjiawei/load_mcap/install/deva_common_msgs/local/lib/python3.10/dist-packages/deva_common_msgs/msg/_line_segment.py
-- Installing: /home/linjiawei/load_mcap/install/deva_common_msgs/local/lib/python3.10/dist-packages/deva_common_msgs/msg/_line_segment_s.c
-- Installing: /home/linjiawei/load_mcap/install/deva_common_msgs/local/lib/python3.10/dist-packages/deva_common_msgs/msg/_point2d.py
-- Installing: /home/linjiawei/load_mcap/install/deva_common_msgs/local/lib/python3.10/dist-packages/deva_common_msgs/msg/_point2d_s.c
-- Installing: /home/linjiawei/load_mcap/install/deva_common_msgs/local/lib/python3.10/dist-packages/deva_common_msgs/msg/_serialize.py
-- Installing: /home/linjiawei/load_mcap/install/deva_common_msgs/local/lib/python3.10/dist-packages/deva_common_msgs/msg/_serialize_s.c
-- Installing: /home/linjiawei/load_mcap/install/deva_common_msgs/local/lib/python3.10/dist-packages/deva_common_msgs/msg/_string.py
-- Installing: /home/linjiawei/load_mcap/install/deva_common_msgs/local/lib/python3.10/dist-packages/deva_common_msgs/msg/_string_s.c
-- Installing: /home/linjiawei/load_mcap/install/deva_common_msgs/local/lib/python3.10/dist-packages/deva_common_msgs/msg/__init__.py
-- Installing: /home/linjiawei/load_mcap/install/deva_common_msgs/local/lib/python3.10/dist-packages/deva_common_msgs/_deva_common_msgs_s.ep.rosidl_typesupport_fastrtps_c.c
-- Installing: /home/linjiawei/load_mcap/install/deva_common_msgs/local/lib/python3.10/dist-packages/deva_common_msgs/_deva_common_msgs_s.ep.rosidl_typesupport_introspection_c.c
-- Installing: /home/linjiawei/load_mcap/install/deva_common_msgs/local/lib/python3.10/dist-packages/deva_common_msgs/_deva_common_msgs_s.ep.rosidl_typesupport_c.c
-- Installing: /home/linjiawei/load_mcap/install/deva_common_msgs/local/lib/python3.10/dist-packages/deva_common_msgs/libdeva_common_msgs__rosidl_generator_py.so
-- Installing: /home/linjiawei/load_mcap/install/deva_common_msgs/local/lib/python3.10/dist-packages/deva_common_msgs/deva_common_msgs_s__rosidl_typesupport_introspection_c.cpython-310-x86_64-linux-gnu.so
-- Installing: /home/linjiawei/load_mcap/install/deva_common_msgs/local/lib/python3.10/dist-packages/deva_common_msgs/deva_common_msgs_s__rosidl_typesupport_fastrtps_c.cpython-310-x86_64-linux-gnu.so
-- Installing: /home/linjiawei/load_mcap/install/deva_common_msgs/local/lib/python3.10/dist-packages/deva_common_msgs/deva_common_msgs_s__rosidl_typesupport_c.cpython-310-x86_64-linux-gnu.so
Listing '/home/linjiawei/load_mcap/install/deva_common_msgs/local/lib/python3.10/dist-packages/deva_common_msgs'...
Compiling '/home/linjiawei/load_mcap/install/deva_common_msgs/local/lib/python3.10/dist-packages/deva_common_msgs/__init__.py'...
Listing '/home/linjiawei/load_mcap/install/deva_common_msgs/local/lib/python3.10/dist-packages/deva_common_msgs/msg'...
Compiling '/home/linjiawei/load_mcap/install/deva_common_msgs/local/lib/python3.10/dist-packages/deva_common_msgs/msg/__init__.py'...
Compiling '/home/linjiawei/load_mcap/install/deva_common_msgs/local/lib/python3.10/dist-packages/deva_common_msgs/msg/_bounding_box.py'...
Compiling '/home/linjiawei/load_mcap/install/deva_common_msgs/local/lib/python3.10/dist-packages/deva_common_msgs/msg/_bounding_box2d.py'...
Compiling '/home/linjiawei/load_mcap/install/deva_common_msgs/local/lib/python3.10/dist-packages/deva_common_msgs/msg/_dimension.py'...
Compiling '/home/linjiawei/load_mcap/install/deva_common_msgs/local/lib/python3.10/dist-packages/deva_common_msgs/msg/_disperse_curve.py'...
Compiling '/home/linjiawei/load_mcap/install/deva_common_msgs/local/lib/python3.10/dist-packages/deva_common_msgs/msg/_equation_curve.py'...
Compiling '/home/linjiawei/load_mcap/install/deva_common_msgs/local/lib/python3.10/dist-packages/deva_common_msgs/msg/_ground_point.py'...
Compiling '/home/linjiawei/load_mcap/install/deva_common_msgs/local/lib/python3.10/dist-packages/deva_common_msgs/msg/_header.py'...
Compiling '/home/linjiawei/load_mcap/install/deva_common_msgs/local/lib/python3.10/dist-packages/deva_common_msgs/msg/_kv.py'...
Compiling '/home/linjiawei/load_mcap/install/deva_common_msgs/local/lib/python3.10/dist-packages/deva_common_msgs/msg/_line2d.py'...
Compiling '/home/linjiawei/load_mcap/install/deva_common_msgs/local/lib/python3.10/dist-packages/deva_common_msgs/msg/_line_segment.py'...
Compiling '/home/linjiawei/load_mcap/install/deva_common_msgs/local/lib/python3.10/dist-packages/deva_common_msgs/msg/_point2d.py'...
Compiling '/home/linjiawei/load_mcap/install/deva_common_msgs/local/lib/python3.10/dist-packages/deva_common_msgs/msg/_serialize.py'...
Compiling '/home/linjiawei/load_mcap/install/deva_common_msgs/local/lib/python3.10/dist-packages/deva_common_msgs/msg/_string.py'...
-- Installing: /home/linjiawei/load_mcap/install/deva_common_msgs/local/lib/python3.10/dist-packages/deva_common_msgs/deva_common_msgs_s__rosidl_typesupport_fastrtps_c.cpython-310-x86_64-linux-gnu.so
-- Set runtime path of "/home/linjiawei/load_mcap/install/deva_common_msgs/local/lib/python3.10/dist-packages/deva_common_msgs/deva_common_msgs_s__rosidl_typesupport_fastrtps_c.cpython-310-x86_64-linux-gnu.so" to ""
-- Installing: /home/linjiawei/load_mcap/install/deva_common_msgs/local/lib/python3.10/dist-packages/deva_common_msgs/deva_common_msgs_s__rosidl_typesupport_introspection_c.cpython-310-x86_64-linux-gnu.so
-- Set runtime path of "/home/linjiawei/load_mcap/install/deva_common_msgs/local/lib/python3.10/dist-packages/deva_common_msgs/deva_common_msgs_s__rosidl_typesupport_introspection_c.cpython-310-x86_64-linux-gnu.so" to ""
-- Installing: /home/linjiawei/load_mcap/install/deva_common_msgs/local/lib/python3.10/dist-packages/deva_common_msgs/deva_common_msgs_s__rosidl_typesupport_c.cpython-310-x86_64-linux-gnu.so
-- Set runtime path of "/home/linjiawei/load_mcap/install/deva_common_msgs/local/lib/python3.10/dist-packages/deva_common_msgs/deva_common_msgs_s__rosidl_typesupport_c.cpython-310-x86_64-linux-gnu.so" to ""
-- Installing: /home/linjiawei/load_mcap/install/deva_common_msgs/lib/libdeva_common_msgs__rosidl_generator_py.so
-- Set runtime path of "/home/linjiawei/load_mcap/install/deva_common_msgs/lib/libdeva_common_msgs__rosidl_generator_py.so" to ""
-- Installing: /home/linjiawei/load_mcap/install/deva_common_msgs/share/deva_common_msgs/msg/BoundingBox.idl
-- Installing: /home/linjiawei/load_mcap/install/deva_common_msgs/share/deva_common_msgs/msg/BoundingBox2d.idl
-- Installing: /home/linjiawei/load_mcap/install/deva_common_msgs/share/deva_common_msgs/msg/Dimension.idl
-- Installing: /home/linjiawei/load_mcap/install/deva_common_msgs/share/deva_common_msgs/msg/DisperseCurve.idl
-- Installing: /home/linjiawei/load_mcap/install/deva_common_msgs/share/deva_common_msgs/msg/EquationCurve.idl
-- Installing: /home/linjiawei/load_mcap/install/deva_common_msgs/share/deva_common_msgs/msg/GroundPoint.idl
-- Installing: /home/linjiawei/load_mcap/install/deva_common_msgs/share/deva_common_msgs/msg/Header.idl
-- Installing: /home/linjiawei/load_mcap/install/deva_common_msgs/share/deva_common_msgs/msg/KV.idl
-- Installing: /home/linjiawei/load_mcap/install/deva_common_msgs/share/deva_common_msgs/msg/Line2d.idl
-- Installing: /home/linjiawei/load_mcap/install/deva_common_msgs/share/deva_common_msgs/msg/LineSegment.idl
-- Installing: /home/linjiawei/load_mcap/install/deva_common_msgs/share/deva_common_msgs/msg/Point2d.idl
-- Installing: /home/linjiawei/load_mcap/install/deva_common_msgs/share/deva_common_msgs/msg/Serialize.idl
-- Installing: /home/linjiawei/load_mcap/install/deva_common_msgs/share/deva_common_msgs/msg/String.idl
-- Installing: /home/linjiawei/load_mcap/install/deva_common_msgs/share/deva_common_msgs/msg/BoundingBox.msg
-- Installing: /home/linjiawei/load_mcap/install/deva_common_msgs/share/deva_common_msgs/msg/BoundingBox2d.msg
-- Installing: /home/linjiawei/load_mcap/install/deva_common_msgs/share/deva_common_msgs/msg/Dimension.msg
-- Installing: /home/linjiawei/load_mcap/install/deva_common_msgs/share/deva_common_msgs/msg/DisperseCurve.msg
-- Installing: /home/linjiawei/load_mcap/install/deva_common_msgs/share/deva_common_msgs/msg/EquationCurve.msg
-- Installing: /home/linjiawei/load_mcap/install/deva_common_msgs/share/deva_common_msgs/msg/GroundPoint.msg
-- Installing: /home/linjiawei/load_mcap/install/deva_common_msgs/share/deva_common_msgs/msg/Header.msg
-- Installing: /home/linjiawei/load_mcap/install/deva_common_msgs/share/deva_common_msgs/msg/KV.msg
-- Installing: /home/linjiawei/load_mcap/install/deva_common_msgs/share/deva_common_msgs/msg/Line2d.msg
-- Installing: /home/linjiawei/load_mcap/install/deva_common_msgs/share/deva_common_msgs/msg/LineSegment.msg
-- Installing: /home/linjiawei/load_mcap/install/deva_common_msgs/share/deva_common_msgs/msg/Point2d.msg
-- Installing: /home/linjiawei/load_mcap/install/deva_common_msgs/share/deva_common_msgs/msg/Serialize.msg
-- Installing: /home/linjiawei/load_mcap/install/deva_common_msgs/share/deva_common_msgs/msg/String.msg
-- Installing: /home/linjiawei/load_mcap/install/deva_common_msgs/share/ament_index/resource_index/package_run_dependencies/deva_common_msgs
-- Installing: /home/linjiawei/load_mcap/install/deva_common_msgs/share/ament_index/resource_index/parent_prefix_path/deva_common_msgs
-- Installing: /home/linjiawei/load_mcap/install/deva_common_msgs/share/deva_common_msgs/environment/ament_prefix_path.sh
-- Installing: /home/linjiawei/load_mcap/install/deva_common_msgs/share/deva_common_msgs/environment/ament_prefix_path.dsv
-- Installing: /home/linjiawei/load_mcap/install/deva_common_msgs/share/deva_common_msgs/environment/path.sh
-- Installing: /home/linjiawei/load_mcap/install/deva_common_msgs/share/deva_common_msgs/environment/path.dsv
-- Installing: /home/linjiawei/load_mcap/install/deva_common_msgs/share/deva_common_msgs/local_setup.bash
-- Installing: /home/linjiawei/load_mcap/install/deva_common_msgs/share/deva_common_msgs/local_setup.sh
-- Installing: /home/linjiawei/load_mcap/install/deva_common_msgs/share/deva_common_msgs/local_setup.zsh
-- Installing: /home/linjiawei/load_mcap/install/deva_common_msgs/share/deva_common_msgs/local_setup.dsv
-- Installing: /home/linjiawei/load_mcap/install/deva_common_msgs/share/deva_common_msgs/package.dsv
-- Installing: /home/linjiawei/load_mcap/install/deva_common_msgs/share/ament_index/resource_index/packages/deva_common_msgs
-- Installing: /home/linjiawei/load_mcap/install/deva_common_msgs/share/deva_common_msgs/cmake/export_deva_common_msgs__rosidl_generator_cExport.cmake
-- Installing: /home/linjiawei/load_mcap/install/deva_common_msgs/share/deva_common_msgs/cmake/export_deva_common_msgs__rosidl_generator_cExport-noconfig.cmake
-- Installing: /home/linjiawei/load_mcap/install/deva_common_msgs/share/deva_common_msgs/cmake/export_deva_common_msgs__rosidl_typesupport_fastrtps_cExport.cmake
-- Installing: /home/linjiawei/load_mcap/install/deva_common_msgs/share/deva_common_msgs/cmake/export_deva_common_msgs__rosidl_typesupport_fastrtps_cExport-noconfig.cmake
-- Installing: /home/linjiawei/load_mcap/install/deva_common_msgs/share/deva_common_msgs/cmake/deva_common_msgs__rosidl_typesupport_introspection_cExport.cmake
-- Installing: /home/linjiawei/load_mcap/install/deva_common_msgs/share/deva_common_msgs/cmake/deva_common_msgs__rosidl_typesupport_introspection_cExport-noconfig.cmake
-- Installing: /home/linjiawei/load_mcap/install/deva_common_msgs/share/deva_common_msgs/cmake/deva_common_msgs__rosidl_typesupport_cExport.cmake
-- Installing: /home/linjiawei/load_mcap/install/deva_common_msgs/share/deva_common_msgs/cmake/deva_common_msgs__rosidl_typesupport_cExport-noconfig.cmake
-- Installing: /home/linjiawei/load_mcap/install/deva_common_msgs/share/deva_common_msgs/cmake/export_deva_common_msgs__rosidl_generator_cppExport.cmake
-- Installing: /home/linjiawei/load_mcap/install/deva_common_msgs/share/deva_common_msgs/cmake/export_deva_common_msgs__rosidl_typesupport_fastrtps_cppExport.cmake
-- Installing: /home/linjiawei/load_mcap/install/deva_common_msgs/share/deva_common_msgs/cmake/export_deva_common_msgs__rosidl_typesupport_fastrtps_cppExport-noconfig.cmake
-- Installing: /home/linjiawei/load_mcap/install/deva_common_msgs/share/deva_common_msgs/cmake/deva_common_msgs__rosidl_typesupport_introspection_cppExport.cmake
-- Installing: /home/linjiawei/load_mcap/install/deva_common_msgs/share/deva_common_msgs/cmake/deva_common_msgs__rosidl_typesupport_introspection_cppExport-noconfig.cmake
-- Installing: /home/linjiawei/load_mcap/install/deva_common_msgs/share/deva_common_msgs/cmake/deva_common_msgs__rosidl_typesupport_cppExport.cmake
-- Installing: /home/linjiawei/load_mcap/install/deva_common_msgs/share/deva_common_msgs/cmake/deva_common_msgs__rosidl_typesupport_cppExport-noconfig.cmake
-- Installing: /home/linjiawei/load_mcap/install/deva_common_msgs/share/deva_common_msgs/cmake/export_deva_common_msgs__rosidl_generator_pyExport.cmake
-- Installing: /home/linjiawei/load_mcap/install/deva_common_msgs/share/deva_common_msgs/cmake/export_deva_common_msgs__rosidl_generator_pyExport-noconfig.cmake
-- Installing: /home/linjiawei/load_mcap/install/deva_common_msgs/share/deva_common_msgs/cmake/rosidl_cmake-extras.cmake
-- Installing: /home/linjiawei/load_mcap/install/deva_common_msgs/share/deva_common_msgs/cmake/ament_cmake_export_dependencies-extras.cmake
-- Installing: /home/linjiawei/load_mcap/install/deva_common_msgs/share/deva_common_msgs/cmake/ament_cmake_export_include_directories-extras.cmake
-- Installing: /home/linjiawei/load_mcap/install/deva_common_msgs/share/deva_common_msgs/cmake/ament_cmake_export_libraries-extras.cmake
-- Installing: /home/linjiawei/load_mcap/install/deva_common_msgs/share/deva_common_msgs/cmake/ament_cmake_export_targets-extras.cmake
-- Installing: /home/linjiawei/load_mcap/install/deva_common_msgs/share/deva_common_msgs/cmake/rosidl_cmake_export_typesupport_targets-extras.cmake
-- Installing: /home/linjiawei/load_mcap/install/deva_common_msgs/share/deva_common_msgs/cmake/rosidl_cmake_export_typesupport_libraries-extras.cmake
-- Installing: /home/linjiawei/load_mcap/install/deva_common_msgs/share/deva_common_msgs/cmake/deva_common_msgsConfig.cmake
-- Installing: /home/linjiawei/load_mcap/install/deva_common_msgs/share/deva_common_msgs/cmake/deva_common_msgsConfig-version.cmake
-- Installing: /home/linjiawei/load_mcap/install/deva_common_msgs/share/deva_common_msgs/package.xml
