[0.023s] Invoking command in '/home/linjiawei/load_mcap/build/deva_common_msgs': CMAKE_PREFIX_PATH=${CMAKE_PREFIX_PATH}:/opt/ros/humble /usr/bin/cmake /home/linjiawei/load_mcap/src/deva_common_msgs -DCMAKE_INSTALL_PREFIX=/home/linjiawei/load_mcap/install/deva_common_msgs
[0.086s] -- The C compiler identification is GNU 11.3.0
[0.145s] -- The CXX compiler identification is GNU 11.3.0
[0.153s] -- Detecting C compiler ABI info
[0.225s] -- Detecting C compiler ABI info - done
[0.233s] -- Check for working C compiler: /usr/bin/cc - skipped
[0.233s] -- Detecting C compile features
[0.233s] -- Detecting C compile features - done
[0.236s] -- Detecting CXX compiler ABI info
[0.336s] -- Detecting CXX compiler ABI info - done
[0.344s] -- Check for working CXX compiler: /usr/bin/c++ - skipped
[0.344s] -- Detecting CXX compile features
[0.344s] -- Detecting CXX compile features - done
[0.346s] -- Found ament_cmake: 1.3.12 (/opt/ros/humble/share/ament_cmake/cmake)
[0.507s] -- Found Python3: /usr/bin/python3 (found version "3.10.6") found components: Interpreter 
[0.590s] -- Found rosidl_default_generators: 1.2.0 (/opt/ros/humble/share/rosidl_default_generators/cmake)
[0.595s] -- Using all available rosidl_typesupport_c: rosidl_typesupport_fastrtps_c;rosidl_typesupport_introspection_c
[0.599s] -- Found rosidl_adapter: 3.1.7 (/opt/ros/humble/share/rosidl_adapter/cmake)
[0.645s] -- Using all available rosidl_typesupport_cpp: rosidl_typesupport_fastrtps_cpp;rosidl_typesupport_introspection_cpp
[0.694s] -- Found geometry_msgs: 4.9.0 (/opt/ros/humble/share/geometry_msgs/cmake)
[1.191s] -- Found ament_cmake_ros: 0.10.0 (/opt/ros/humble/share/ament_cmake_ros/cmake)
[1.480s] -- Using all available rosidl_typesupport_c: rosidl_typesupport_fastrtps_c;rosidl_typesupport_introspection_c
[1.860s] -- Using all available rosidl_typesupport_cpp: rosidl_typesupport_fastrtps_cpp;rosidl_typesupport_introspection_cpp
[1.885s] -- Found PythonInterp: /usr/bin/python3 (found suitable version "3.10.6", minimum required is "3.6") 
[1.886s] -- Found python_cmake_module: 0.10.0 (/opt/ros/humble/share/python_cmake_module/cmake)
[1.913s] -- Found PythonLibs: /usr/lib/x86_64-linux-gnu/libpython3.10.so (found suitable version "3.10.6", minimum required is "3.5") 
[1.914s] -- Using PYTHON_EXECUTABLE: /usr/bin/python3
[1.914s] -- Using PYTHON_INCLUDE_DIRS: /usr/include/python3.10
[1.914s] -- Using PYTHON_LIBRARIES: /usr/lib/x86_64-linux-gnu/libpython3.10.so
[1.944s] -- Found PythonExtra: .so  
[2.025s] -- Configuring done
[2.125s] -- Generating done
[2.146s] -- Build files have been written to: /home/linjiawei/load_mcap/build/deva_common_msgs
[2.158s] Invoked command in '/home/linjiawei/load_mcap/build/deva_common_msgs' returned '0': CMAKE_PREFIX_PATH=${CMAKE_PREFIX_PATH}:/opt/ros/humble /usr/bin/cmake /home/linjiawei/load_mcap/src/deva_common_msgs -DCMAKE_INSTALL_PREFIX=/home/linjiawei/load_mcap/install/deva_common_msgs
[2.164s] Invoking command in '/home/linjiawei/load_mcap/build/deva_common_msgs': CMAKE_PREFIX_PATH=${CMAKE_PREFIX_PATH}:/opt/ros/humble /usr/bin/cmake --build /home/linjiawei/load_mcap/build/deva_common_msgs -- -j17 -l17
[2.275s] [  1%] [34m[1mGenerating C code for ROS interfaces[0m
[2.275s] [  1%] [34m[1mGenerating C++ code for ROS interfaces[0m
[2.312s] [  1%] Built target ament_cmake_python_copy_deva_common_msgs
[2.624s] running egg_info
[2.624s] creating deva_common_msgs.egg-info
[2.625s] writing deva_common_msgs.egg-info/PKG-INFO
[2.625s] writing dependency_links to deva_common_msgs.egg-info/dependency_links.txt
[2.625s] writing top-level names to deva_common_msgs.egg-info/top_level.txt
[2.625s] writing manifest file 'deva_common_msgs.egg-info/SOURCES.txt'
[2.628s] reading manifest file 'deva_common_msgs.egg-info/SOURCES.txt'
[2.629s] writing manifest file 'deva_common_msgs.egg-info/SOURCES.txt'
[2.661s] [  1%] Built target ament_cmake_python_build_deva_common_msgs_egg
[4.123s] [  1%] Built target deva_common_msgs__cpp
[4.188s] [  2%] [34m[1mGenerating C++ type support for eProsima Fast-RTPS[0m
[4.207s] [  2%] [34m[1mGenerating C++ introspection for ROS interfaces[0m
[4.211s] [  3%] [34m[1mGenerating C++ type support dispatch for ROS interfaces[0m
[4.355s] [  4%] [32mBuilding C object CMakeFiles/deva_common_msgs__rosidl_generator_c.dir/rosidl_generator_c/deva_common_msgs/msg/detail/bounding_box2d__functions.c.o[0m
[4.356s] [  4%] [32mBuilding C object CMakeFiles/deva_common_msgs__rosidl_generator_c.dir/rosidl_generator_c/deva_common_msgs/msg/detail/bounding_box__functions.c.o[0m
[4.358s] [  5%] [32mBuilding C object CMakeFiles/deva_common_msgs__rosidl_generator_c.dir/rosidl_generator_c/deva_common_msgs/msg/detail/dimension__functions.c.o[0m
[4.370s] [  6%] [32mBuilding C object CMakeFiles/deva_common_msgs__rosidl_generator_c.dir/rosidl_generator_c/deva_common_msgs/msg/detail/disperse_curve__functions.c.o[0m
[4.378s] [  7%] [32mBuilding C object CMakeFiles/deva_common_msgs__rosidl_generator_c.dir/rosidl_generator_c/deva_common_msgs/msg/detail/equation_curve__functions.c.o[0m
[4.421s] [  8%] [32mBuilding C object CMakeFiles/deva_common_msgs__rosidl_generator_c.dir/rosidl_generator_c/deva_common_msgs/msg/detail/ground_point__functions.c.o[0m
[4.445s] [  9%] [32mBuilding C object CMakeFiles/deva_common_msgs__rosidl_generator_c.dir/rosidl_generator_c/deva_common_msgs/msg/detail/line2d__functions.c.o[0m
[4.464s] [  9%] [32mBuilding C object CMakeFiles/deva_common_msgs__rosidl_generator_c.dir/rosidl_generator_c/deva_common_msgs/msg/detail/header__functions.c.o[0m
[4.470s] [ 10%] [32mBuilding C object CMakeFiles/deva_common_msgs__rosidl_generator_c.dir/rosidl_generator_c/deva_common_msgs/msg/detail/line_segment__functions.c.o[0m
[4.478s] [ 11%] [32mBuilding C object CMakeFiles/deva_common_msgs__rosidl_generator_c.dir/rosidl_generator_c/deva_common_msgs/msg/detail/kv__functions.c.o[0m
[4.499s] [ 12%] [32mBuilding C object CMakeFiles/deva_common_msgs__rosidl_generator_c.dir/rosidl_generator_c/deva_common_msgs/msg/detail/serialize__functions.c.o[0m
[4.513s] [ 12%] [32mBuilding C object CMakeFiles/deva_common_msgs__rosidl_generator_c.dir/rosidl_generator_c/deva_common_msgs/msg/detail/point2d__functions.c.o[0m
[4.567s] [ 13%] [32mBuilding C object CMakeFiles/deva_common_msgs__rosidl_generator_c.dir/rosidl_generator_c/deva_common_msgs/msg/detail/string__functions.c.o[0m
[4.696s] [ 14%] [32m[1mLinking C shared library libdeva_common_msgs__rosidl_generator_c.so[0m
[4.884s] [ 14%] Built target deva_common_msgs__rosidl_generator_c
[4.955s] [ 15%] [34m[1mGenerating C type support for eProsima Fast-RTPS[0m
[4.963s] [ 16%] [34m[1mGenerating C introspection for ROS interfaces[0m
[4.965s] [ 17%] [34m[1mGenerating C type support dispatch for ROS interfaces[0m
[5.586s] [ 18%] [32mBuilding CXX object CMakeFiles/deva_common_msgs__rosidl_typesupport_cpp.dir/rosidl_typesupport_cpp/deva_common_msgs/msg/bounding_box__type_support.cpp.o[0m
[5.591s] [ 19%] [32mBuilding CXX object CMakeFiles/deva_common_msgs__rosidl_typesupport_cpp.dir/rosidl_typesupport_cpp/deva_common_msgs/msg/bounding_box2d__type_support.cpp.o[0m
[5.592s] [ 19%] [32mBuilding CXX object CMakeFiles/deva_common_msgs__rosidl_typesupport_cpp.dir/rosidl_typesupport_cpp/deva_common_msgs/msg/dimension__type_support.cpp.o[0m
[5.593s] [ 20%] [32mBuilding CXX object CMakeFiles/deva_common_msgs__rosidl_typesupport_cpp.dir/rosidl_typesupport_cpp/deva_common_msgs/msg/disperse_curve__type_support.cpp.o[0m
[5.595s] [ 21%] [32mBuilding CXX object CMakeFiles/deva_common_msgs__rosidl_typesupport_cpp.dir/rosidl_typesupport_cpp/deva_common_msgs/msg/equation_curve__type_support.cpp.o[0m
[5.603s] [ 22%] [32mBuilding CXX object CMakeFiles/deva_common_msgs__rosidl_typesupport_cpp.dir/rosidl_typesupport_cpp/deva_common_msgs/msg/ground_point__type_support.cpp.o[0m
[5.616s] [ 23%] [32mBuilding CXX object CMakeFiles/deva_common_msgs__rosidl_typesupport_cpp.dir/rosidl_typesupport_cpp/deva_common_msgs/msg/line2d__type_support.cpp.o[0m
[5.616s] [ 23%] [32mBuilding CXX object CMakeFiles/deva_common_msgs__rosidl_typesupport_cpp.dir/rosidl_typesupport_cpp/deva_common_msgs/msg/kv__type_support.cpp.o[0m
[5.632s] [ 24%] [32mBuilding CXX object CMakeFiles/deva_common_msgs__rosidl_typesupport_cpp.dir/rosidl_typesupport_cpp/deva_common_msgs/msg/line_segment__type_support.cpp.o[0m
[5.632s] [ 25%] [32mBuilding CXX object CMakeFiles/deva_common_msgs__rosidl_typesupport_cpp.dir/rosidl_typesupport_cpp/deva_common_msgs/msg/header__type_support.cpp.o[0m
[5.669s] [ 26%] [32mBuilding CXX object CMakeFiles/deva_common_msgs__rosidl_typesupport_cpp.dir/rosidl_typesupport_cpp/deva_common_msgs/msg/point2d__type_support.cpp.o[0m
[5.719s] [ 27%] [32mBuilding CXX object CMakeFiles/deva_common_msgs__rosidl_typesupport_cpp.dir/rosidl_typesupport_cpp/deva_common_msgs/msg/serialize__type_support.cpp.o[0m
[5.883s] [ 28%] [32mBuilding CXX object CMakeFiles/deva_common_msgs__rosidl_typesupport_fastrtps_cpp.dir/rosidl_typesupport_fastrtps_cpp/deva_common_msgs/msg/detail/dds_fastrtps/bounding_box__type_support.cpp.o[0m
[5.908s] [ 29%] [32mBuilding CXX object CMakeFiles/deva_common_msgs__rosidl_typesupport_fastrtps_cpp.dir/rosidl_typesupport_fastrtps_cpp/deva_common_msgs/msg/detail/dds_fastrtps/bounding_box2d__type_support.cpp.o[0m
[5.915s] [ 29%] [32mBuilding CXX object CMakeFiles/deva_common_msgs__rosidl_typesupport_cpp.dir/rosidl_typesupport_cpp/deva_common_msgs/msg/string__type_support.cpp.o[0m
[5.944s] [ 30%] [32mBuilding CXX object CMakeFiles/deva_common_msgs__rosidl_typesupport_fastrtps_cpp.dir/rosidl_typesupport_fastrtps_cpp/deva_common_msgs/msg/detail/dds_fastrtps/dimension__type_support.cpp.o[0m
[5.954s] [ 30%] [32mBuilding CXX object CMakeFiles/deva_common_msgs__rosidl_typesupport_fastrtps_cpp.dir/rosidl_typesupport_fastrtps_cpp/deva_common_msgs/msg/detail/dds_fastrtps/disperse_curve__type_support.cpp.o[0m
[5.962s] [ 31%] [32mBuilding CXX object CMakeFiles/deva_common_msgs__rosidl_typesupport_fastrtps_cpp.dir/rosidl_typesupport_fastrtps_cpp/deva_common_msgs/msg/detail/dds_fastrtps/equation_curve__type_support.cpp.o[0m
[5.998s] [ 31%] [32mBuilding CXX object CMakeFiles/deva_common_msgs__rosidl_typesupport_c.dir/rosidl_typesupport_c/deva_common_msgs/msg/bounding_box__type_support.cpp.o[0m
[6.000s] [ 32%] [32mBuilding CXX object CMakeFiles/deva_common_msgs__rosidl_typesupport_fastrtps_cpp.dir/rosidl_typesupport_fastrtps_cpp/deva_common_msgs/msg/detail/dds_fastrtps/ground_point__type_support.cpp.o[0m
[6.008s] [ 33%] [32mBuilding CXX object CMakeFiles/deva_common_msgs__rosidl_typesupport_c.dir/rosidl_typesupport_c/deva_common_msgs/msg/bounding_box2d__type_support.cpp.o[0m
[6.028s] [ 34%] [32mBuilding CXX object CMakeFiles/deva_common_msgs__rosidl_typesupport_c.dir/rosidl_typesupport_c/deva_common_msgs/msg/dimension__type_support.cpp.o[0m
[6.084s] [ 35%] [32mBuilding CXX object CMakeFiles/deva_common_msgs__rosidl_typesupport_fastrtps_cpp.dir/rosidl_typesupport_fastrtps_cpp/deva_common_msgs/msg/detail/dds_fastrtps/header__type_support.cpp.o[0m
[6.094s] [ 36%] [32mBuilding CXX object CMakeFiles/deva_common_msgs__rosidl_typesupport_fastrtps_cpp.dir/rosidl_typesupport_fastrtps_cpp/deva_common_msgs/msg/detail/dds_fastrtps/kv__type_support.cpp.o[0m
[6.101s] [ 37%] [32mBuilding CXX object CMakeFiles/deva_common_msgs__rosidl_typesupport_c.dir/rosidl_typesupport_c/deva_common_msgs/msg/disperse_curve__type_support.cpp.o[0m
[6.106s] [ 38%] [32mBuilding CXX object CMakeFiles/deva_common_msgs__rosidl_typesupport_c.dir/rosidl_typesupport_c/deva_common_msgs/msg/equation_curve__type_support.cpp.o[0m
[6.110s] [ 38%] [32mBuilding CXX object CMakeFiles/deva_common_msgs__rosidl_typesupport_c.dir/rosidl_typesupport_c/deva_common_msgs/msg/ground_point__type_support.cpp.o[0m
[6.114s] [ 38%] [32mBuilding CXX object CMakeFiles/deva_common_msgs__rosidl_typesupport_fastrtps_cpp.dir/rosidl_typesupport_fastrtps_cpp/deva_common_msgs/msg/detail/dds_fastrtps/line2d__type_support.cpp.o[0m
[6.131s] [ 39%] [32mBuilding CXX object CMakeFiles/deva_common_msgs__rosidl_typesupport_fastrtps_cpp.dir/rosidl_typesupport_fastrtps_cpp/deva_common_msgs/msg/detail/dds_fastrtps/line_segment__type_support.cpp.o[0m
[6.191s] [ 40%] [32mBuilding CXX object CMakeFiles/deva_common_msgs__rosidl_typesupport_c.dir/rosidl_typesupport_c/deva_common_msgs/msg/header__type_support.cpp.o[0m
[6.202s] [ 41%] [32mBuilding CXX object CMakeFiles/deva_common_msgs__rosidl_typesupport_fastrtps_cpp.dir/rosidl_typesupport_fastrtps_cpp/deva_common_msgs/msg/detail/dds_fastrtps/point2d__type_support.cpp.o[0m
[6.228s] [ 42%] [32mBuilding CXX object CMakeFiles/deva_common_msgs__rosidl_typesupport_fastrtps_cpp.dir/rosidl_typesupport_fastrtps_cpp/deva_common_msgs/msg/detail/dds_fastrtps/serialize__type_support.cpp.o[0m
[6.245s] [ 43%] [32mBuilding CXX object CMakeFiles/deva_common_msgs__rosidl_typesupport_introspection_cpp.dir/rosidl_typesupport_introspection_cpp/deva_common_msgs/msg/detail/bounding_box__type_support.cpp.o[0m
[6.251s] [ 44%] [32m[1mLinking CXX shared library libdeva_common_msgs__rosidl_typesupport_cpp.so[0m
[6.307s] [ 45%] [32mBuilding CXX object CMakeFiles/deva_common_msgs__rosidl_typesupport_c.dir/rosidl_typesupport_c/deva_common_msgs/msg/kv__type_support.cpp.o[0m
[6.372s] [ 46%] [32mBuilding CXX object CMakeFiles/deva_common_msgs__rosidl_typesupport_introspection_cpp.dir/rosidl_typesupport_introspection_cpp/deva_common_msgs/msg/detail/bounding_box2d__type_support.cpp.o[0m
[6.454s] [ 47%] [32mBuilding CXX object CMakeFiles/deva_common_msgs__rosidl_typesupport_introspection_cpp.dir/rosidl_typesupport_introspection_cpp/deva_common_msgs/msg/detail/dimension__type_support.cpp.o[0m
[6.459s] [ 47%] Built target deva_common_msgs__rosidl_typesupport_cpp
[6.462s] [ 48%] [32mBuilding CXX object CMakeFiles/deva_common_msgs__rosidl_typesupport_fastrtps_cpp.dir/rosidl_typesupport_fastrtps_cpp/deva_common_msgs/msg/detail/dds_fastrtps/string__type_support.cpp.o[0m
[6.471s] [ 49%] [32mBuilding CXX object CMakeFiles/deva_common_msgs__rosidl_typesupport_c.dir/rosidl_typesupport_c/deva_common_msgs/msg/line2d__type_support.cpp.o[0m
[6.478s] [ 50%] [32mBuilding CXX object CMakeFiles/deva_common_msgs__rosidl_typesupport_introspection_cpp.dir/rosidl_typesupport_introspection_cpp/deva_common_msgs/msg/detail/disperse_curve__type_support.cpp.o[0m
[6.480s] [ 51%] [32mBuilding CXX object CMakeFiles/deva_common_msgs__rosidl_typesupport_c.dir/rosidl_typesupport_c/deva_common_msgs/msg/line_segment__type_support.cpp.o[0m
[6.527s] [ 51%] [32mBuilding CXX object CMakeFiles/deva_common_msgs__rosidl_typesupport_c.dir/rosidl_typesupport_c/deva_common_msgs/msg/point2d__type_support.cpp.o[0m
[6.560s] [ 51%] [32mBuilding CXX object CMakeFiles/deva_common_msgs__rosidl_typesupport_introspection_cpp.dir/rosidl_typesupport_introspection_cpp/deva_common_msgs/msg/detail/equation_curve__type_support.cpp.o[0m
[6.562s] [ 52%] [32mBuilding CXX object CMakeFiles/deva_common_msgs__rosidl_typesupport_c.dir/rosidl_typesupport_c/deva_common_msgs/msg/serialize__type_support.cpp.o[0m
[6.568s] [ 53%] [32mBuilding CXX object CMakeFiles/deva_common_msgs__rosidl_typesupport_introspection_cpp.dir/rosidl_typesupport_introspection_cpp/deva_common_msgs/msg/detail/ground_point__type_support.cpp.o[0m
[6.587s] [ 54%] [32mBuilding CXX object CMakeFiles/deva_common_msgs__rosidl_typesupport_introspection_cpp.dir/rosidl_typesupport_introspection_cpp/deva_common_msgs/msg/detail/header__type_support.cpp.o[0m
[6.606s] [ 55%] [32mBuilding CXX object CMakeFiles/deva_common_msgs__rosidl_typesupport_c.dir/rosidl_typesupport_c/deva_common_msgs/msg/string__type_support.cpp.o[0m
[6.620s] [ 56%] [32mBuilding C object CMakeFiles/deva_common_msgs__rosidl_typesupport_introspection_c.dir/rosidl_typesupport_introspection_c/deva_common_msgs/msg/detail/bounding_box__type_support.c.o[0m
[6.654s] [ 57%] [32mBuilding CXX object CMakeFiles/deva_common_msgs__rosidl_typesupport_introspection_cpp.dir/rosidl_typesupport_introspection_cpp/deva_common_msgs/msg/detail/kv__type_support.cpp.o[0m
[6.659s] [ 57%] [32mBuilding C object CMakeFiles/deva_common_msgs__rosidl_typesupport_introspection_c.dir/rosidl_typesupport_introspection_c/deva_common_msgs/msg/detail/dimension__type_support.c.o[0m
[6.666s] [ 58%] [32mBuilding C object CMakeFiles/deva_common_msgs__rosidl_typesupport_introspection_c.dir/rosidl_typesupport_introspection_c/deva_common_msgs/msg/detail/bounding_box2d__type_support.c.o[0m
[6.669s] [ 59%] [32m[1mLinking CXX shared library libdeva_common_msgs__rosidl_typesupport_c.so[0m
[6.679s] [ 60%] [32mBuilding CXX object CMakeFiles/deva_common_msgs__rosidl_typesupport_fastrtps_c.dir/rosidl_typesupport_fastrtps_c/deva_common_msgs/msg/detail/bounding_box__type_support_c.cpp.o[0m
[6.679s] [ 61%] [32mBuilding C object CMakeFiles/deva_common_msgs__rosidl_typesupport_introspection_c.dir/rosidl_typesupport_introspection_c/deva_common_msgs/msg/detail/disperse_curve__type_support.c.o[0m
[6.720s] [ 61%] [32mBuilding CXX object CMakeFiles/deva_common_msgs__rosidl_typesupport_fastrtps_c.dir/rosidl_typesupport_fastrtps_c/deva_common_msgs/msg/detail/bounding_box2d__type_support_c.cpp.o[0m
[6.762s] [ 62%] [32mBuilding CXX object CMakeFiles/deva_common_msgs__rosidl_typesupport_fastrtps_c.dir/rosidl_typesupport_fastrtps_c/deva_common_msgs/msg/detail/dimension__type_support_c.cpp.o[0m
[6.803s] [ 63%] [32mBuilding C object CMakeFiles/deva_common_msgs__rosidl_typesupport_introspection_c.dir/rosidl_typesupport_introspection_c/deva_common_msgs/msg/detail/equation_curve__type_support.c.o[0m
[6.850s] [ 63%] Built target deva_common_msgs__rosidl_typesupport_c
[6.870s] [ 64%] [32mBuilding CXX object CMakeFiles/deva_common_msgs__rosidl_typesupport_introspection_cpp.dir/rosidl_typesupport_introspection_cpp/deva_common_msgs/msg/detail/line2d__type_support.cpp.o[0m
[6.880s] [ 65%] [32mBuilding CXX object CMakeFiles/deva_common_msgs__rosidl_typesupport_fastrtps_c.dir/rosidl_typesupport_fastrtps_c/deva_common_msgs/msg/detail/disperse_curve__type_support_c.cpp.o[0m
[6.903s] [ 66%] [32mBuilding C object CMakeFiles/deva_common_msgs__rosidl_typesupport_introspection_c.dir/rosidl_typesupport_introspection_c/deva_common_msgs/msg/detail/ground_point__type_support.c.o[0m
[6.924s] [ 66%] [32mBuilding CXX object CMakeFiles/deva_common_msgs__rosidl_typesupport_introspection_cpp.dir/rosidl_typesupport_introspection_cpp/deva_common_msgs/msg/detail/line_segment__type_support.cpp.o[0m
[6.960s] [ 67%] [32mBuilding CXX object CMakeFiles/deva_common_msgs__rosidl_typesupport_fastrtps_c.dir/rosidl_typesupport_fastrtps_c/deva_common_msgs/msg/detail/equation_curve__type_support_c.cpp.o[0m
[7.003s] [ 68%] [32mBuilding C object CMakeFiles/deva_common_msgs__rosidl_typesupport_introspection_c.dir/rosidl_typesupport_introspection_c/deva_common_msgs/msg/detail/header__type_support.c.o[0m
[7.057s] [ 69%] [32mBuilding CXX object CMakeFiles/deva_common_msgs__rosidl_typesupport_fastrtps_c.dir/rosidl_typesupport_fastrtps_c/deva_common_msgs/msg/detail/ground_point__type_support_c.cpp.o[0m
[7.068s] [ 69%] [32mBuilding C object CMakeFiles/deva_common_msgs__rosidl_typesupport_introspection_c.dir/rosidl_typesupport_introspection_c/deva_common_msgs/msg/detail/kv__type_support.c.o[0m
[7.095s] [ 69%] [32mBuilding CXX object CMakeFiles/deva_common_msgs__rosidl_typesupport_fastrtps_c.dir/rosidl_typesupport_fastrtps_c/deva_common_msgs/msg/detail/header__type_support_c.cpp.o[0m
[7.165s] [ 70%] [32mBuilding CXX object CMakeFiles/deva_common_msgs__rosidl_typesupport_introspection_cpp.dir/rosidl_typesupport_introspection_cpp/deva_common_msgs/msg/detail/point2d__type_support.cpp.o[0m
[7.175s] [ 71%] [32mBuilding CXX object CMakeFiles/deva_common_msgs__rosidl_typesupport_introspection_cpp.dir/rosidl_typesupport_introspection_cpp/deva_common_msgs/msg/detail/serialize__type_support.cpp.o[0m
[7.178s] [ 72%] [32mBuilding C object CMakeFiles/deva_common_msgs__rosidl_typesupport_introspection_c.dir/rosidl_typesupport_introspection_c/deva_common_msgs/msg/detail/line2d__type_support.c.o[0m
[7.192s] [ 73%] [32mBuilding CXX object CMakeFiles/deva_common_msgs__rosidl_typesupport_introspection_cpp.dir/rosidl_typesupport_introspection_cpp/deva_common_msgs/msg/detail/string__type_support.cpp.o[0m
[7.262s] [ 74%] [32mBuilding C object CMakeFiles/deva_common_msgs__rosidl_typesupport_introspection_c.dir/rosidl_typesupport_introspection_c/deva_common_msgs/msg/detail/line_segment__type_support.c.o[0m
[7.301s] [ 75%] [32mBuilding CXX object CMakeFiles/deva_common_msgs__rosidl_typesupport_fastrtps_c.dir/rosidl_typesupport_fastrtps_c/deva_common_msgs/msg/detail/kv__type_support_c.cpp.o[0m
[7.303s] [ 76%] [32mBuilding CXX object CMakeFiles/deva_common_msgs__rosidl_typesupport_fastrtps_c.dir/rosidl_typesupport_fastrtps_c/deva_common_msgs/msg/detail/line2d__type_support_c.cpp.o[0m
[7.309s] [ 76%] [32m[1mLinking CXX shared library libdeva_common_msgs__rosidl_typesupport_fastrtps_cpp.so[0m
[7.313s] [ 77%] [32mBuilding CXX object CMakeFiles/deva_common_msgs__rosidl_typesupport_fastrtps_c.dir/rosidl_typesupport_fastrtps_c/deva_common_msgs/msg/detail/line_segment__type_support_c.cpp.o[0m
[7.330s] [ 78%] [32mBuilding C object CMakeFiles/deva_common_msgs__rosidl_typesupport_introspection_c.dir/rosidl_typesupport_introspection_c/deva_common_msgs/msg/detail/point2d__type_support.c.o[0m
[7.352s] [ 79%] [32mBuilding CXX object CMakeFiles/deva_common_msgs__rosidl_typesupport_fastrtps_c.dir/rosidl_typesupport_fastrtps_c/deva_common_msgs/msg/detail/point2d__type_support_c.cpp.o[0m
[7.400s] [ 79%] [32mBuilding CXX object CMakeFiles/deva_common_msgs__rosidl_typesupport_fastrtps_c.dir/rosidl_typesupport_fastrtps_c/deva_common_msgs/msg/detail/serialize__type_support_c.cpp.o[0m
[7.403s] [ 80%] [32mBuilding C object CMakeFiles/deva_common_msgs__rosidl_typesupport_introspection_c.dir/rosidl_typesupport_introspection_c/deva_common_msgs/msg/detail/serialize__type_support.c.o[0m
[7.408s] [ 81%] [32mBuilding CXX object CMakeFiles/deva_common_msgs__rosidl_typesupport_fastrtps_c.dir/rosidl_typesupport_fastrtps_c/deva_common_msgs/msg/detail/string__type_support_c.cpp.o[0m
[7.473s] [ 81%] Built target deva_common_msgs__rosidl_typesupport_fastrtps_cpp
[7.504s] [ 81%] [32mBuilding C object CMakeFiles/deva_common_msgs__rosidl_typesupport_introspection_c.dir/rosidl_typesupport_introspection_c/deva_common_msgs/msg/detail/string__type_support.c.o[0m
[7.613s] [ 82%] [32m[1mLinking C shared library libdeva_common_msgs__rosidl_typesupport_introspection_c.so[0m
[7.646s] [ 83%] [32m[1mLinking CXX shared library libdeva_common_msgs__rosidl_typesupport_introspection_cpp.so[0m
[7.681s] [ 83%] Built target deva_common_msgs__rosidl_typesupport_introspection_c
[7.745s] [ 83%] Built target deva_common_msgs__rosidl_typesupport_introspection_cpp
[7.826s] [ 84%] [32m[1mLinking CXX shared library libdeva_common_msgs__rosidl_typesupport_fastrtps_c.so[0m
[7.928s] [ 84%] Built target deva_common_msgs__rosidl_typesupport_fastrtps_c
[7.957s] [ 84%] Built target deva_common_msgs
[7.987s] [ 85%] [34m[1mGenerating Python code for ROS interfaces[0m
[9.972s] [ 85%] Built target deva_common_msgs__py
[10.010s] [ 86%] [32mBuilding C object CMakeFiles/deva_common_msgs__rosidl_generator_py.dir/rosidl_generator_py/deva_common_msgs/msg/_disperse_curve_s.c.o[0m
[10.012s] [ 87%] [32mBuilding C object CMakeFiles/deva_common_msgs__rosidl_generator_py.dir/rosidl_generator_py/deva_common_msgs/msg/_bounding_box_s.c.o[0m
[10.020s] [ 88%] [32mBuilding C object CMakeFiles/deva_common_msgs__rosidl_generator_py.dir/rosidl_generator_py/deva_common_msgs/msg/_equation_curve_s.c.o[0m
[10.020s] [ 89%] [32mBuilding C object CMakeFiles/deva_common_msgs__rosidl_generator_py.dir/rosidl_generator_py/deva_common_msgs/msg/_ground_point_s.c.o[0m
[10.024s] [ 89%] [32mBuilding C object CMakeFiles/deva_common_msgs__rosidl_generator_py.dir/rosidl_generator_py/deva_common_msgs/msg/_bounding_box2d_s.c.o[0m
[10.031s] [ 90%] [32mBuilding C object CMakeFiles/deva_common_msgs__rosidl_generator_py.dir/rosidl_generator_py/deva_common_msgs/msg/_dimension_s.c.o[0m
[10.075s] [ 90%] [32mBuilding C object CMakeFiles/deva_common_msgs__rosidl_generator_py.dir/rosidl_generator_py/deva_common_msgs/msg/_header_s.c.o[0m
[10.144s] [ 91%] [32mBuilding C object CMakeFiles/deva_common_msgs__rosidl_generator_py.dir/rosidl_generator_py/deva_common_msgs/msg/_kv_s.c.o[0m
[10.174s] [ 92%] [32mBuilding C object CMakeFiles/deva_common_msgs__rosidl_generator_py.dir/rosidl_generator_py/deva_common_msgs/msg/_line2d_s.c.o[0m
[10.181s] [ 93%] [32mBuilding C object CMakeFiles/deva_common_msgs__rosidl_generator_py.dir/rosidl_generator_py/deva_common_msgs/msg/_line_segment_s.c.o[0m
[10.194s] [ 94%] [32mBuilding C object CMakeFiles/deva_common_msgs__rosidl_generator_py.dir/rosidl_generator_py/deva_common_msgs/msg/_point2d_s.c.o[0m
[10.251s] [ 94%] [32mBuilding C object CMakeFiles/deva_common_msgs__rosidl_generator_py.dir/rosidl_generator_py/deva_common_msgs/msg/_serialize_s.c.o[0m
[10.258s] [ 95%] [32mBuilding C object CMakeFiles/deva_common_msgs__rosidl_generator_py.dir/rosidl_generator_py/deva_common_msgs/msg/_string_s.c.o[0m
[10.422s] [ 96%] [32m[1mLinking C shared library rosidl_generator_py/deva_common_msgs/libdeva_common_msgs__rosidl_generator_py.so[0m
[10.513s] [ 96%] Built target deva_common_msgs__rosidl_generator_py
[10.573s] [ 97%] [32mBuilding C object CMakeFiles/deva_common_msgs__rosidl_typesupport_fastrtps_c__pyext.dir/rosidl_generator_py/deva_common_msgs/_deva_common_msgs_s.ep.rosidl_typesupport_fastrtps_c.c.o[0m
[10.575s] [ 98%] [32mBuilding C object CMakeFiles/deva_common_msgs__rosidl_typesupport_introspection_c__pyext.dir/rosidl_generator_py/deva_common_msgs/_deva_common_msgs_s.ep.rosidl_typesupport_introspection_c.c.o[0m
[10.612s] [ 99%] [32mBuilding C object CMakeFiles/deva_common_msgs__rosidl_typesupport_c__pyext.dir/rosidl_generator_py/deva_common_msgs/_deva_common_msgs_s.ep.rosidl_typesupport_c.c.o[0m
[10.728s] [100%] [32m[1mLinking C shared library rosidl_generator_py/deva_common_msgs/deva_common_msgs_s__rosidl_typesupport_introspection_c.cpython-310-x86_64-linux-gnu.so[0m
[10.764s] [100%] [32m[1mLinking C shared library rosidl_generator_py/deva_common_msgs/deva_common_msgs_s__rosidl_typesupport_fastrtps_c.cpython-310-x86_64-linux-gnu.so[0m
[10.803s] [100%] Built target deva_common_msgs__rosidl_typesupport_introspection_c__pyext
[10.834s] [100%] [32m[1mLinking C shared library rosidl_generator_py/deva_common_msgs/deva_common_msgs_s__rosidl_typesupport_c.cpython-310-x86_64-linux-gnu.so[0m
[10.836s] [100%] Built target deva_common_msgs__rosidl_typesupport_fastrtps_c__pyext
[10.883s] [100%] Built target deva_common_msgs__rosidl_typesupport_c__pyext
[10.914s] Invoked command in '/home/linjiawei/load_mcap/build/deva_common_msgs' returned '0': CMAKE_PREFIX_PATH=${CMAKE_PREFIX_PATH}:/opt/ros/humble /usr/bin/cmake --build /home/linjiawei/load_mcap/build/deva_common_msgs -- -j17 -l17
[10.915s] Invoking command in '/home/linjiawei/load_mcap/build/deva_common_msgs': CMAKE_PREFIX_PATH=${CMAKE_PREFIX_PATH}:/opt/ros/humble /usr/bin/cmake --install /home/linjiawei/load_mcap/build/deva_common_msgs
[10.926s] -- Install configuration: ""
[10.926s] -- Installing: /home/linjiawei/load_mcap/install/deva_common_msgs/share/ament_index/resource_index/rosidl_interfaces/deva_common_msgs
[10.926s] -- Installing: /home/linjiawei/load_mcap/install/deva_common_msgs/include/deva_common_msgs/deva_common_msgs
[10.926s] -- Installing: /home/linjiawei/load_mcap/install/deva_common_msgs/include/deva_common_msgs/deva_common_msgs/msg
[10.926s] -- Installing: /home/linjiawei/load_mcap/install/deva_common_msgs/include/deva_common_msgs/deva_common_msgs/msg/rosidl_generator_c__visibility_control.h
[10.926s] -- Installing: /home/linjiawei/load_mcap/install/deva_common_msgs/include/deva_common_msgs/deva_common_msgs/msg/bounding_box.h
[10.926s] -- Installing: /home/linjiawei/load_mcap/install/deva_common_msgs/include/deva_common_msgs/deva_common_msgs/msg/detail
[10.926s] -- Installing: /home/linjiawei/load_mcap/install/deva_common_msgs/include/deva_common_msgs/deva_common_msgs/msg/detail/bounding_box__functions.c
[10.926s] -- Installing: /home/linjiawei/load_mcap/install/deva_common_msgs/include/deva_common_msgs/deva_common_msgs/msg/detail/bounding_box__functions.h
[10.926s] -- Installing: /home/linjiawei/load_mcap/install/deva_common_msgs/include/deva_common_msgs/deva_common_msgs/msg/detail/bounding_box__struct.h
[10.926s] -- Installing: /home/linjiawei/load_mcap/install/deva_common_msgs/include/deva_common_msgs/deva_common_msgs/msg/detail/bounding_box__type_support.h
[10.926s] -- Installing: /home/linjiawei/load_mcap/install/deva_common_msgs/include/deva_common_msgs/deva_common_msgs/msg/detail/bounding_box2d__functions.c
[10.926s] -- Installing: /home/linjiawei/load_mcap/install/deva_common_msgs/include/deva_common_msgs/deva_common_msgs/msg/detail/bounding_box2d__functions.h
[10.926s] -- Installing: /home/linjiawei/load_mcap/install/deva_common_msgs/include/deva_common_msgs/deva_common_msgs/msg/detail/bounding_box2d__struct.h
[10.927s] -- Installing: /home/linjiawei/load_mcap/install/deva_common_msgs/include/deva_common_msgs/deva_common_msgs/msg/detail/bounding_box2d__type_support.h
[10.927s] -- Installing: /home/linjiawei/load_mcap/install/deva_common_msgs/include/deva_common_msgs/deva_common_msgs/msg/detail/dimension__functions.c
[10.927s] -- Installing: /home/linjiawei/load_mcap/install/deva_common_msgs/include/deva_common_msgs/deva_common_msgs/msg/detail/dimension__functions.h
[10.967s] -- Installing: /home/linjiawei/load_mcap/install/deva_common_msgs/include/deva_common_msgs/deva_common_msgs/msg/detail/dimension__struct.h
[10.972s] -- Installing: /home/linjiawei/load_mcap/install/deva_common_msgs/include/deva_common_msgs/deva_common_msgs/msg/detail/dimension__type_support.h
[10.972s] -- Installing: /home/linjiawei/load_mcap/install/deva_common_msgs/include/deva_common_msgs/deva_common_msgs/msg/detail/disperse_curve__functions.c
[10.973s] -- Installing: /home/linjiawei/load_mcap/install/deva_common_msgs/include/deva_common_msgs/deva_common_msgs/msg/detail/disperse_curve__functions.h
[10.973s] -- Installing: /home/linjiawei/load_mcap/install/deva_common_msgs/include/deva_common_msgs/deva_common_msgs/msg/detail/disperse_curve__struct.h
[10.973s] -- Installing: /home/linjiawei/load_mcap/install/deva_common_msgs/include/deva_common_msgs/deva_common_msgs/msg/detail/disperse_curve__type_support.h
[10.973s] -- Installing: /home/linjiawei/load_mcap/install/deva_common_msgs/include/deva_common_msgs/deva_common_msgs/msg/detail/equation_curve__functions.c
[10.973s] -- Installing: /home/linjiawei/load_mcap/install/deva_common_msgs/include/deva_common_msgs/deva_common_msgs/msg/detail/equation_curve__functions.h
[10.973s] -- Installing: /home/linjiawei/load_mcap/install/deva_common_msgs/include/deva_common_msgs/deva_common_msgs/msg/detail/equation_curve__struct.h
[10.973s] -- Installing: /home/linjiawei/load_mcap/install/deva_common_msgs/include/deva_common_msgs/deva_common_msgs/msg/detail/equation_curve__type_support.h
[10.973s] -- Installing: /home/linjiawei/load_mcap/install/deva_common_msgs/include/deva_common_msgs/deva_common_msgs/msg/detail/ground_point__functions.c
[10.973s] -- Installing: /home/linjiawei/load_mcap/install/deva_common_msgs/include/deva_common_msgs/deva_common_msgs/msg/detail/ground_point__functions.h
[10.973s] -- Installing: /home/linjiawei/load_mcap/install/deva_common_msgs/include/deva_common_msgs/deva_common_msgs/msg/detail/ground_point__struct.h
[10.973s] -- Installing: /home/linjiawei/load_mcap/install/deva_common_msgs/include/deva_common_msgs/deva_common_msgs/msg/detail/ground_point__type_support.h
[10.973s] -- Installing: /home/linjiawei/load_mcap/install/deva_common_msgs/include/deva_common_msgs/deva_common_msgs/msg/detail/header__functions.c
[10.973s] -- Installing: /home/linjiawei/load_mcap/install/deva_common_msgs/include/deva_common_msgs/deva_common_msgs/msg/detail/header__functions.h
[10.973s] -- Installing: /home/linjiawei/load_mcap/install/deva_common_msgs/include/deva_common_msgs/deva_common_msgs/msg/detail/header__struct.h
[10.973s] -- Installing: /home/linjiawei/load_mcap/install/deva_common_msgs/include/deva_common_msgs/deva_common_msgs/msg/detail/header__type_support.h
[10.973s] -- Installing: /home/linjiawei/load_mcap/install/deva_common_msgs/include/deva_common_msgs/deva_common_msgs/msg/detail/kv__functions.c
[10.973s] -- Installing: /home/linjiawei/load_mcap/install/deva_common_msgs/include/deva_common_msgs/deva_common_msgs/msg/detail/kv__functions.h
[10.973s] -- Installing: /home/linjiawei/load_mcap/install/deva_common_msgs/include/deva_common_msgs/deva_common_msgs/msg/detail/kv__struct.h
[10.973s] -- Installing: /home/linjiawei/load_mcap/install/deva_common_msgs/include/deva_common_msgs/deva_common_msgs/msg/detail/kv__type_support.h
[10.974s] -- Installing: /home/linjiawei/load_mcap/install/deva_common_msgs/include/deva_common_msgs/deva_common_msgs/msg/detail/line2d__functions.c
[10.974s] -- Installing: /home/linjiawei/load_mcap/install/deva_common_msgs/include/deva_common_msgs/deva_common_msgs/msg/detail/line2d__functions.h
[10.974s] -- Installing: /home/linjiawei/load_mcap/install/deva_common_msgs/include/deva_common_msgs/deva_common_msgs/msg/detail/line2d__struct.h
[10.974s] -- Installing: /home/linjiawei/load_mcap/install/deva_common_msgs/include/deva_common_msgs/deva_common_msgs/msg/detail/line2d__type_support.h
[10.974s] -- Installing: /home/linjiawei/load_mcap/install/deva_common_msgs/include/deva_common_msgs/deva_common_msgs/msg/detail/line_segment__functions.c
[10.974s] -- Installing: /home/linjiawei/load_mcap/install/deva_common_msgs/include/deva_common_msgs/deva_common_msgs/msg/detail/line_segment__functions.h
[10.974s] -- Installing: /home/linjiawei/load_mcap/install/deva_common_msgs/include/deva_common_msgs/deva_common_msgs/msg/detail/line_segment__struct.h
[10.974s] -- Installing: /home/linjiawei/load_mcap/install/deva_common_msgs/include/deva_common_msgs/deva_common_msgs/msg/detail/line_segment__type_support.h
[10.974s] -- Installing: /home/linjiawei/load_mcap/install/deva_common_msgs/include/deva_common_msgs/deva_common_msgs/msg/detail/point2d__functions.c
[10.974s] -- Installing: /home/linjiawei/load_mcap/install/deva_common_msgs/include/deva_common_msgs/deva_common_msgs/msg/detail/point2d__functions.h
[10.974s] -- Installing: /home/linjiawei/load_mcap/install/deva_common_msgs/include/deva_common_msgs/deva_common_msgs/msg/detail/point2d__struct.h
[10.974s] -- Installing: /home/linjiawei/load_mcap/install/deva_common_msgs/include/deva_common_msgs/deva_common_msgs/msg/detail/point2d__type_support.h
[10.974s] -- Installing: /home/linjiawei/load_mcap/install/deva_common_msgs/include/deva_common_msgs/deva_common_msgs/msg/detail/serialize__functions.c
[10.974s] -- Installing: /home/linjiawei/load_mcap/install/deva_common_msgs/include/deva_common_msgs/deva_common_msgs/msg/detail/serialize__functions.h
[10.974s] -- Installing: /home/linjiawei/load_mcap/install/deva_common_msgs/include/deva_common_msgs/deva_common_msgs/msg/detail/serialize__struct.h
[10.974s] -- Installing: /home/linjiawei/load_mcap/install/deva_common_msgs/include/deva_common_msgs/deva_common_msgs/msg/detail/serialize__type_support.h
[10.974s] -- Installing: /home/linjiawei/load_mcap/install/deva_common_msgs/include/deva_common_msgs/deva_common_msgs/msg/detail/string__functions.c
[10.974s] -- Installing: /home/linjiawei/load_mcap/install/deva_common_msgs/include/deva_common_msgs/deva_common_msgs/msg/detail/string__functions.h
[10.974s] -- Installing: /home/linjiawei/load_mcap/install/deva_common_msgs/include/deva_common_msgs/deva_common_msgs/msg/detail/string__struct.h
[10.975s] -- Installing: /home/linjiawei/load_mcap/install/deva_common_msgs/include/deva_common_msgs/deva_common_msgs/msg/detail/string__type_support.h
[10.975s] -- Installing: /home/linjiawei/load_mcap/install/deva_common_msgs/include/deva_common_msgs/deva_common_msgs/msg/bounding_box2d.h
[10.975s] -- Installing: /home/linjiawei/load_mcap/install/deva_common_msgs/include/deva_common_msgs/deva_common_msgs/msg/dimension.h
[10.975s] -- Installing: /home/linjiawei/load_mcap/install/deva_common_msgs/include/deva_common_msgs/deva_common_msgs/msg/disperse_curve.h
[10.975s] -- Installing: /home/linjiawei/load_mcap/install/deva_common_msgs/include/deva_common_msgs/deva_common_msgs/msg/equation_curve.h
[10.975s] -- Installing: /home/linjiawei/load_mcap/install/deva_common_msgs/include/deva_common_msgs/deva_common_msgs/msg/ground_point.h
[10.975s] -- Installing: /home/linjiawei/load_mcap/install/deva_common_msgs/include/deva_common_msgs/deva_common_msgs/msg/header.h
[10.975s] -- Installing: /home/linjiawei/load_mcap/install/deva_common_msgs/include/deva_common_msgs/deva_common_msgs/msg/kv.h
[10.975s] -- Installing: /home/linjiawei/load_mcap/install/deva_common_msgs/include/deva_common_msgs/deva_common_msgs/msg/line2d.h
[10.975s] -- Installing: /home/linjiawei/load_mcap/install/deva_common_msgs/include/deva_common_msgs/deva_common_msgs/msg/line_segment.h
[10.975s] -- Installing: /home/linjiawei/load_mcap/install/deva_common_msgs/include/deva_common_msgs/deva_common_msgs/msg/point2d.h
[10.975s] -- Installing: /home/linjiawei/load_mcap/install/deva_common_msgs/include/deva_common_msgs/deva_common_msgs/msg/serialize.h
[10.975s] -- Installing: /home/linjiawei/load_mcap/install/deva_common_msgs/include/deva_common_msgs/deva_common_msgs/msg/string.h
[10.975s] -- Installing: /home/linjiawei/load_mcap/install/deva_common_msgs/share/deva_common_msgs/environment/library_path.sh
[10.975s] -- Installing: /home/linjiawei/load_mcap/install/deva_common_msgs/share/deva_common_msgs/environment/library_path.dsv
[10.975s] -- Installing: /home/linjiawei/load_mcap/install/deva_common_msgs/lib/libdeva_common_msgs__rosidl_generator_c.so
[10.975s] -- Set runtime path of "/home/linjiawei/load_mcap/install/deva_common_msgs/lib/libdeva_common_msgs__rosidl_generator_c.so" to ""
[10.975s] -- Up-to-date: /home/linjiawei/load_mcap/install/deva_common_msgs/include/deva_common_msgs/deva_common_msgs
[10.975s] -- Up-to-date: /home/linjiawei/load_mcap/install/deva_common_msgs/include/deva_common_msgs/deva_common_msgs/msg
[10.975s] -- Installing: /home/linjiawei/load_mcap/install/deva_common_msgs/include/deva_common_msgs/deva_common_msgs/msg/rosidl_typesupport_fastrtps_c__visibility_control.h
[10.984s] -- Up-to-date: /home/linjiawei/load_mcap/install/deva_common_msgs/include/deva_common_msgs/deva_common_msgs/msg/detail
[10.984s] -- Installing: /home/linjiawei/load_mcap/install/deva_common_msgs/include/deva_common_msgs/deva_common_msgs/msg/detail/bounding_box__rosidl_typesupport_fastrtps_c.h
[10.984s] -- Installing: /home/linjiawei/load_mcap/install/deva_common_msgs/include/deva_common_msgs/deva_common_msgs/msg/detail/bounding_box2d__rosidl_typesupport_fastrtps_c.h
[10.984s] -- Installing: /home/linjiawei/load_mcap/install/deva_common_msgs/include/deva_common_msgs/deva_common_msgs/msg/detail/dimension__rosidl_typesupport_fastrtps_c.h
[10.984s] -- Installing: /home/linjiawei/load_mcap/install/deva_common_msgs/include/deva_common_msgs/deva_common_msgs/msg/detail/disperse_curve__rosidl_typesupport_fastrtps_c.h
[10.984s] -- Installing: /home/linjiawei/load_mcap/install/deva_common_msgs/include/deva_common_msgs/deva_common_msgs/msg/detail/equation_curve__rosidl_typesupport_fastrtps_c.h
[10.984s] -- Installing: /home/linjiawei/load_mcap/install/deva_common_msgs/include/deva_common_msgs/deva_common_msgs/msg/detail/ground_point__rosidl_typesupport_fastrtps_c.h
[10.984s] -- Installing: /home/linjiawei/load_mcap/install/deva_common_msgs/include/deva_common_msgs/deva_common_msgs/msg/detail/header__rosidl_typesupport_fastrtps_c.h
[10.984s] -- Installing: /home/linjiawei/load_mcap/install/deva_common_msgs/include/deva_common_msgs/deva_common_msgs/msg/detail/kv__rosidl_typesupport_fastrtps_c.h
[10.984s] -- Installing: /home/linjiawei/load_mcap/install/deva_common_msgs/include/deva_common_msgs/deva_common_msgs/msg/detail/line2d__rosidl_typesupport_fastrtps_c.h
[10.984s] -- Installing: /home/linjiawei/load_mcap/install/deva_common_msgs/include/deva_common_msgs/deva_common_msgs/msg/detail/line_segment__rosidl_typesupport_fastrtps_c.h
[10.984s] -- Installing: /home/linjiawei/load_mcap/install/deva_common_msgs/include/deva_common_msgs/deva_common_msgs/msg/detail/point2d__rosidl_typesupport_fastrtps_c.h
[10.984s] -- Installing: /home/linjiawei/load_mcap/install/deva_common_msgs/include/deva_common_msgs/deva_common_msgs/msg/detail/serialize__rosidl_typesupport_fastrtps_c.h
[10.985s] -- Installing: /home/linjiawei/load_mcap/install/deva_common_msgs/include/deva_common_msgs/deva_common_msgs/msg/detail/string__rosidl_typesupport_fastrtps_c.h
[10.985s] -- Installing: /home/linjiawei/load_mcap/install/deva_common_msgs/lib/libdeva_common_msgs__rosidl_typesupport_fastrtps_c.so
[10.987s] -- Set runtime path of "/home/linjiawei/load_mcap/install/deva_common_msgs/lib/libdeva_common_msgs__rosidl_typesupport_fastrtps_c.so" to ""
[10.989s] -- Up-to-date: /home/linjiawei/load_mcap/install/deva_common_msgs/include/deva_common_msgs/deva_common_msgs
[10.989s] -- Up-to-date: /home/linjiawei/load_mcap/install/deva_common_msgs/include/deva_common_msgs/deva_common_msgs/msg
[10.989s] -- Installing: /home/linjiawei/load_mcap/install/deva_common_msgs/include/deva_common_msgs/deva_common_msgs/msg/rosidl_typesupport_introspection_c__visibility_control.h
[10.989s] -- Up-to-date: /home/linjiawei/load_mcap/install/deva_common_msgs/include/deva_common_msgs/deva_common_msgs/msg/detail
[10.989s] -- Installing: /home/linjiawei/load_mcap/install/deva_common_msgs/include/deva_common_msgs/deva_common_msgs/msg/detail/bounding_box__rosidl_typesupport_introspection_c.h
[10.989s] -- Installing: /home/linjiawei/load_mcap/install/deva_common_msgs/include/deva_common_msgs/deva_common_msgs/msg/detail/bounding_box__type_support.c
[10.989s] -- Installing: /home/linjiawei/load_mcap/install/deva_common_msgs/include/deva_common_msgs/deva_common_msgs/msg/detail/bounding_box2d__rosidl_typesupport_introspection_c.h
[10.989s] -- Installing: /home/linjiawei/load_mcap/install/deva_common_msgs/include/deva_common_msgs/deva_common_msgs/msg/detail/bounding_box2d__type_support.c
[10.989s] -- Installing: /home/linjiawei/load_mcap/install/deva_common_msgs/include/deva_common_msgs/deva_common_msgs/msg/detail/dimension__rosidl_typesupport_introspection_c.h
[10.989s] -- Installing: /home/linjiawei/load_mcap/install/deva_common_msgs/include/deva_common_msgs/deva_common_msgs/msg/detail/dimension__type_support.c
[10.989s] -- Installing: /home/linjiawei/load_mcap/install/deva_common_msgs/include/deva_common_msgs/deva_common_msgs/msg/detail/disperse_curve__rosidl_typesupport_introspection_c.h
[10.989s] -- Installing: /home/linjiawei/load_mcap/install/deva_common_msgs/include/deva_common_msgs/deva_common_msgs/msg/detail/disperse_curve__type_support.c
[10.989s] -- Installing: /home/linjiawei/load_mcap/install/deva_common_msgs/include/deva_common_msgs/deva_common_msgs/msg/detail/equation_curve__rosidl_typesupport_introspection_c.h
[10.989s] -- Installing: /home/linjiawei/load_mcap/install/deva_common_msgs/include/deva_common_msgs/deva_common_msgs/msg/detail/equation_curve__type_support.c
[10.990s] -- Installing: /home/linjiawei/load_mcap/install/deva_common_msgs/include/deva_common_msgs/deva_common_msgs/msg/detail/ground_point__rosidl_typesupport_introspection_c.h
[10.990s] -- Installing: /home/linjiawei/load_mcap/install/deva_common_msgs/include/deva_common_msgs/deva_common_msgs/msg/detail/ground_point__type_support.c
[10.999s] -- Installing: /home/linjiawei/load_mcap/install/deva_common_msgs/include/deva_common_msgs/deva_common_msgs/msg/detail/header__rosidl_typesupport_introspection_c.h
[10.999s] -- Installing: /home/linjiawei/load_mcap/install/deva_common_msgs/include/deva_common_msgs/deva_common_msgs/msg/detail/header__type_support.c
[10.999s] -- Installing: /home/linjiawei/load_mcap/install/deva_common_msgs/include/deva_common_msgs/deva_common_msgs/msg/detail/kv__rosidl_typesupport_introspection_c.h
[10.999s] -- Installing: /home/linjiawei/load_mcap/install/deva_common_msgs/include/deva_common_msgs/deva_common_msgs/msg/detail/kv__type_support.c
[10.999s] -- Installing: /home/linjiawei/load_mcap/install/deva_common_msgs/include/deva_common_msgs/deva_common_msgs/msg/detail/line2d__rosidl_typesupport_introspection_c.h
[10.999s] -- Installing: /home/linjiawei/load_mcap/install/deva_common_msgs/include/deva_common_msgs/deva_common_msgs/msg/detail/line2d__type_support.c
[10.999s] -- Installing: /home/linjiawei/load_mcap/install/deva_common_msgs/include/deva_common_msgs/deva_common_msgs/msg/detail/line_segment__rosidl_typesupport_introspection_c.h
[10.999s] -- Installing: /home/linjiawei/load_mcap/install/deva_common_msgs/include/deva_common_msgs/deva_common_msgs/msg/detail/line_segment__type_support.c
[11.000s] -- Installing: /home/linjiawei/load_mcap/install/deva_common_msgs/include/deva_common_msgs/deva_common_msgs/msg/detail/point2d__rosidl_typesupport_introspection_c.h
[11.000s] -- Installing: /home/linjiawei/load_mcap/install/deva_common_msgs/include/deva_common_msgs/deva_common_msgs/msg/detail/point2d__type_support.c
[11.000s] -- Installing: /home/linjiawei/load_mcap/install/deva_common_msgs/include/deva_common_msgs/deva_common_msgs/msg/detail/serialize__rosidl_typesupport_introspection_c.h
[11.000s] -- Installing: /home/linjiawei/load_mcap/install/deva_common_msgs/include/deva_common_msgs/deva_common_msgs/msg/detail/serialize__type_support.c
[11.000s] -- Installing: /home/linjiawei/load_mcap/install/deva_common_msgs/include/deva_common_msgs/deva_common_msgs/msg/detail/string__rosidl_typesupport_introspection_c.h
[11.015s] -- Installing: /home/linjiawei/load_mcap/install/deva_common_msgs/include/deva_common_msgs/deva_common_msgs/msg/detail/string__type_support.c
[11.016s] -- Installing: /home/linjiawei/load_mcap/install/deva_common_msgs/lib/libdeva_common_msgs__rosidl_typesupport_introspection_c.so
[11.016s] -- Set runtime path of "/home/linjiawei/load_mcap/install/deva_common_msgs/lib/libdeva_common_msgs__rosidl_typesupport_introspection_c.so" to ""
[11.016s] -- Installing: /home/linjiawei/load_mcap/install/deva_common_msgs/lib/libdeva_common_msgs__rosidl_typesupport_c.so
[11.016s] -- Set runtime path of "/home/linjiawei/load_mcap/install/deva_common_msgs/lib/libdeva_common_msgs__rosidl_typesupport_c.so" to ""
[11.016s] -- Up-to-date: /home/linjiawei/load_mcap/install/deva_common_msgs/include/deva_common_msgs/deva_common_msgs
[11.016s] -- Up-to-date: /home/linjiawei/load_mcap/install/deva_common_msgs/include/deva_common_msgs/deva_common_msgs/msg
[11.017s] -- Installing: /home/linjiawei/load_mcap/install/deva_common_msgs/include/deva_common_msgs/deva_common_msgs/msg/rosidl_generator_cpp__visibility_control.hpp
[11.017s] -- Installing: /home/linjiawei/load_mcap/install/deva_common_msgs/include/deva_common_msgs/deva_common_msgs/msg/bounding_box.hpp
[11.017s] -- Up-to-date: /home/linjiawei/load_mcap/install/deva_common_msgs/include/deva_common_msgs/deva_common_msgs/msg/detail
[11.017s] -- Installing: /home/linjiawei/load_mcap/install/deva_common_msgs/include/deva_common_msgs/deva_common_msgs/msg/detail/bounding_box__builder.hpp
[11.018s] -- Installing: /home/linjiawei/load_mcap/install/deva_common_msgs/include/deva_common_msgs/deva_common_msgs/msg/detail/bounding_box__struct.hpp
[11.018s] -- Installing: /home/linjiawei/load_mcap/install/deva_common_msgs/include/deva_common_msgs/deva_common_msgs/msg/detail/bounding_box__traits.hpp
[11.018s] -- Installing: /home/linjiawei/load_mcap/install/deva_common_msgs/include/deva_common_msgs/deva_common_msgs/msg/detail/bounding_box__type_support.hpp
[11.018s] -- Installing: /home/linjiawei/load_mcap/install/deva_common_msgs/include/deva_common_msgs/deva_common_msgs/msg/detail/bounding_box2d__builder.hpp
[11.018s] -- Installing: /home/linjiawei/load_mcap/install/deva_common_msgs/include/deva_common_msgs/deva_common_msgs/msg/detail/bounding_box2d__struct.hpp
[11.019s] -- Installing: /home/linjiawei/load_mcap/install/deva_common_msgs/include/deva_common_msgs/deva_common_msgs/msg/detail/bounding_box2d__traits.hpp
[11.019s] -- Installing: /home/linjiawei/load_mcap/install/deva_common_msgs/include/deva_common_msgs/deva_common_msgs/msg/detail/bounding_box2d__type_support.hpp
[11.019s] -- Installing: /home/linjiawei/load_mcap/install/deva_common_msgs/include/deva_common_msgs/deva_common_msgs/msg/detail/dimension__builder.hpp
[11.019s] -- Installing: /home/linjiawei/load_mcap/install/deva_common_msgs/include/deva_common_msgs/deva_common_msgs/msg/detail/dimension__struct.hpp
[11.019s] -- Installing: /home/linjiawei/load_mcap/install/deva_common_msgs/include/deva_common_msgs/deva_common_msgs/msg/detail/dimension__traits.hpp
[11.019s] -- Installing: /home/linjiawei/load_mcap/install/deva_common_msgs/include/deva_common_msgs/deva_common_msgs/msg/detail/dimension__type_support.hpp
[11.019s] -- Installing: /home/linjiawei/load_mcap/install/deva_common_msgs/include/deva_common_msgs/deva_common_msgs/msg/detail/disperse_curve__builder.hpp
[11.019s] -- Installing: /home/linjiawei/load_mcap/install/deva_common_msgs/include/deva_common_msgs/deva_common_msgs/msg/detail/disperse_curve__struct.hpp
[11.019s] -- Installing: /home/linjiawei/load_mcap/install/deva_common_msgs/include/deva_common_msgs/deva_common_msgs/msg/detail/disperse_curve__traits.hpp
[11.019s] -- Installing: /home/linjiawei/load_mcap/install/deva_common_msgs/include/deva_common_msgs/deva_common_msgs/msg/detail/disperse_curve__type_support.hpp
[11.019s] -- Installing: /home/linjiawei/load_mcap/install/deva_common_msgs/include/deva_common_msgs/deva_common_msgs/msg/detail/equation_curve__builder.hpp
[11.019s] -- Installing: /home/linjiawei/load_mcap/install/deva_common_msgs/include/deva_common_msgs/deva_common_msgs/msg/detail/equation_curve__struct.hpp
[11.019s] -- Installing: /home/linjiawei/load_mcap/install/deva_common_msgs/include/deva_common_msgs/deva_common_msgs/msg/detail/equation_curve__traits.hpp
[11.019s] -- Installing: /home/linjiawei/load_mcap/install/deva_common_msgs/include/deva_common_msgs/deva_common_msgs/msg/detail/equation_curve__type_support.hpp
[11.019s] -- Installing: /home/linjiawei/load_mcap/install/deva_common_msgs/include/deva_common_msgs/deva_common_msgs/msg/detail/ground_point__builder.hpp
[11.019s] -- Installing: /home/linjiawei/load_mcap/install/deva_common_msgs/include/deva_common_msgs/deva_common_msgs/msg/detail/ground_point__struct.hpp
[11.020s] -- Installing: /home/linjiawei/load_mcap/install/deva_common_msgs/include/deva_common_msgs/deva_common_msgs/msg/detail/ground_point__traits.hpp
[11.020s] -- Installing: /home/linjiawei/load_mcap/install/deva_common_msgs/include/deva_common_msgs/deva_common_msgs/msg/detail/ground_point__type_support.hpp
[11.020s] -- Installing: /home/linjiawei/load_mcap/install/deva_common_msgs/include/deva_common_msgs/deva_common_msgs/msg/detail/header__builder.hpp
[11.020s] -- Installing: /home/linjiawei/load_mcap/install/deva_common_msgs/include/deva_common_msgs/deva_common_msgs/msg/detail/header__struct.hpp
[11.020s] -- Installing: /home/linjiawei/load_mcap/install/deva_common_msgs/include/deva_common_msgs/deva_common_msgs/msg/detail/header__traits.hpp
[11.020s] -- Installing: /home/linjiawei/load_mcap/install/deva_common_msgs/include/deva_common_msgs/deva_common_msgs/msg/detail/header__type_support.hpp
[11.020s] -- Installing: /home/linjiawei/load_mcap/install/deva_common_msgs/include/deva_common_msgs/deva_common_msgs/msg/detail/kv__builder.hpp
[11.020s] -- Installing: /home/linjiawei/load_mcap/install/deva_common_msgs/include/deva_common_msgs/deva_common_msgs/msg/detail/kv__struct.hpp
[11.020s] -- Installing: /home/linjiawei/load_mcap/install/deva_common_msgs/include/deva_common_msgs/deva_common_msgs/msg/detail/kv__traits.hpp
[11.020s] -- Installing: /home/linjiawei/load_mcap/install/deva_common_msgs/include/deva_common_msgs/deva_common_msgs/msg/detail/kv__type_support.hpp
[11.020s] -- Installing: /home/linjiawei/load_mcap/install/deva_common_msgs/include/deva_common_msgs/deva_common_msgs/msg/detail/line2d__builder.hpp
[11.020s] -- Installing: /home/linjiawei/load_mcap/install/deva_common_msgs/include/deva_common_msgs/deva_common_msgs/msg/detail/line2d__struct.hpp
[11.020s] -- Installing: /home/linjiawei/load_mcap/install/deva_common_msgs/include/deva_common_msgs/deva_common_msgs/msg/detail/line2d__traits.hpp
[11.020s] -- Installing: /home/linjiawei/load_mcap/install/deva_common_msgs/include/deva_common_msgs/deva_common_msgs/msg/detail/line2d__type_support.hpp
[11.020s] -- Installing: /home/linjiawei/load_mcap/install/deva_common_msgs/include/deva_common_msgs/deva_common_msgs/msg/detail/line_segment__builder.hpp
[11.020s] -- Installing: /home/linjiawei/load_mcap/install/deva_common_msgs/include/deva_common_msgs/deva_common_msgs/msg/detail/line_segment__struct.hpp
[11.020s] -- Installing: /home/linjiawei/load_mcap/install/deva_common_msgs/include/deva_common_msgs/deva_common_msgs/msg/detail/line_segment__traits.hpp
[11.020s] -- Installing: /home/linjiawei/load_mcap/install/deva_common_msgs/include/deva_common_msgs/deva_common_msgs/msg/detail/line_segment__type_support.hpp
[11.020s] -- Installing: /home/linjiawei/load_mcap/install/deva_common_msgs/include/deva_common_msgs/deva_common_msgs/msg/detail/point2d__builder.hpp
[11.021s] -- Installing: /home/linjiawei/load_mcap/install/deva_common_msgs/include/deva_common_msgs/deva_common_msgs/msg/detail/point2d__struct.hpp
[11.021s] -- Installing: /home/linjiawei/load_mcap/install/deva_common_msgs/include/deva_common_msgs/deva_common_msgs/msg/detail/point2d__traits.hpp
[11.021s] -- Installing: /home/linjiawei/load_mcap/install/deva_common_msgs/include/deva_common_msgs/deva_common_msgs/msg/detail/point2d__type_support.hpp
[11.021s] -- Installing: /home/linjiawei/load_mcap/install/deva_common_msgs/include/deva_common_msgs/deva_common_msgs/msg/detail/serialize__builder.hpp
[11.021s] -- Installing: /home/linjiawei/load_mcap/install/deva_common_msgs/include/deva_common_msgs/deva_common_msgs/msg/detail/serialize__struct.hpp
[11.021s] -- Installing: /home/linjiawei/load_mcap/install/deva_common_msgs/include/deva_common_msgs/deva_common_msgs/msg/detail/serialize__traits.hpp
[11.021s] -- Installing: /home/linjiawei/load_mcap/install/deva_common_msgs/include/deva_common_msgs/deva_common_msgs/msg/detail/serialize__type_support.hpp
[11.021s] -- Installing: /home/linjiawei/load_mcap/install/deva_common_msgs/include/deva_common_msgs/deva_common_msgs/msg/detail/string__builder.hpp
[11.021s] -- Installing: /home/linjiawei/load_mcap/install/deva_common_msgs/include/deva_common_msgs/deva_common_msgs/msg/detail/string__struct.hpp
[11.021s] -- Installing: /home/linjiawei/load_mcap/install/deva_common_msgs/include/deva_common_msgs/deva_common_msgs/msg/detail/string__traits.hpp
[11.021s] -- Installing: /home/linjiawei/load_mcap/install/deva_common_msgs/include/deva_common_msgs/deva_common_msgs/msg/detail/string__type_support.hpp
[11.021s] -- Installing: /home/linjiawei/load_mcap/install/deva_common_msgs/include/deva_common_msgs/deva_common_msgs/msg/bounding_box2d.hpp
[11.021s] -- Installing: /home/linjiawei/load_mcap/install/deva_common_msgs/include/deva_common_msgs/deva_common_msgs/msg/dimension.hpp
[11.021s] -- Installing: /home/linjiawei/load_mcap/install/deva_common_msgs/include/deva_common_msgs/deva_common_msgs/msg/disperse_curve.hpp
[11.021s] -- Installing: /home/linjiawei/load_mcap/install/deva_common_msgs/include/deva_common_msgs/deva_common_msgs/msg/equation_curve.hpp
[11.021s] -- Installing: /home/linjiawei/load_mcap/install/deva_common_msgs/include/deva_common_msgs/deva_common_msgs/msg/ground_point.hpp
[11.021s] -- Installing: /home/linjiawei/load_mcap/install/deva_common_msgs/include/deva_common_msgs/deva_common_msgs/msg/header.hpp
[11.021s] -- Installing: /home/linjiawei/load_mcap/install/deva_common_msgs/include/deva_common_msgs/deva_common_msgs/msg/kv.hpp
[11.021s] -- Installing: /home/linjiawei/load_mcap/install/deva_common_msgs/include/deva_common_msgs/deva_common_msgs/msg/line2d.hpp
[11.021s] -- Installing: /home/linjiawei/load_mcap/install/deva_common_msgs/include/deva_common_msgs/deva_common_msgs/msg/line_segment.hpp
[11.022s] -- Installing: /home/linjiawei/load_mcap/install/deva_common_msgs/include/deva_common_msgs/deva_common_msgs/msg/point2d.hpp
[11.022s] -- Installing: /home/linjiawei/load_mcap/install/deva_common_msgs/include/deva_common_msgs/deva_common_msgs/msg/serialize.hpp
[11.022s] -- Installing: /home/linjiawei/load_mcap/install/deva_common_msgs/include/deva_common_msgs/deva_common_msgs/msg/string.hpp
[11.022s] -- Up-to-date: /home/linjiawei/load_mcap/install/deva_common_msgs/include/deva_common_msgs/deva_common_msgs
[11.022s] -- Up-to-date: /home/linjiawei/load_mcap/install/deva_common_msgs/include/deva_common_msgs/deva_common_msgs/msg
[11.022s] -- Installing: /home/linjiawei/load_mcap/install/deva_common_msgs/include/deva_common_msgs/deva_common_msgs/msg/rosidl_typesupport_fastrtps_cpp__visibility_control.h
[11.022s] -- Up-to-date: /home/linjiawei/load_mcap/install/deva_common_msgs/include/deva_common_msgs/deva_common_msgs/msg/detail
[11.022s] -- Installing: /home/linjiawei/load_mcap/install/deva_common_msgs/include/deva_common_msgs/deva_common_msgs/msg/detail/bounding_box__rosidl_typesupport_fastrtps_cpp.hpp
[11.022s] -- Installing: /home/linjiawei/load_mcap/install/deva_common_msgs/include/deva_common_msgs/deva_common_msgs/msg/detail/dds_fastrtps
[11.022s] -- Installing: /home/linjiawei/load_mcap/install/deva_common_msgs/include/deva_common_msgs/deva_common_msgs/msg/detail/bounding_box2d__rosidl_typesupport_fastrtps_cpp.hpp
[11.022s] -- Installing: /home/linjiawei/load_mcap/install/deva_common_msgs/include/deva_common_msgs/deva_common_msgs/msg/detail/dimension__rosidl_typesupport_fastrtps_cpp.hpp
[11.022s] -- Installing: /home/linjiawei/load_mcap/install/deva_common_msgs/include/deva_common_msgs/deva_common_msgs/msg/detail/disperse_curve__rosidl_typesupport_fastrtps_cpp.hpp
[11.022s] -- Installing: /home/linjiawei/load_mcap/install/deva_common_msgs/include/deva_common_msgs/deva_common_msgs/msg/detail/equation_curve__rosidl_typesupport_fastrtps_cpp.hpp
[11.022s] -- Installing: /home/linjiawei/load_mcap/install/deva_common_msgs/include/deva_common_msgs/deva_common_msgs/msg/detail/ground_point__rosidl_typesupport_fastrtps_cpp.hpp
[11.022s] -- Installing: /home/linjiawei/load_mcap/install/deva_common_msgs/include/deva_common_msgs/deva_common_msgs/msg/detail/header__rosidl_typesupport_fastrtps_cpp.hpp
[11.022s] -- Installing: /home/linjiawei/load_mcap/install/deva_common_msgs/include/deva_common_msgs/deva_common_msgs/msg/detail/kv__rosidl_typesupport_fastrtps_cpp.hpp
[11.022s] -- Installing: /home/linjiawei/load_mcap/install/deva_common_msgs/include/deva_common_msgs/deva_common_msgs/msg/detail/line2d__rosidl_typesupport_fastrtps_cpp.hpp
[11.022s] -- Installing: /home/linjiawei/load_mcap/install/deva_common_msgs/include/deva_common_msgs/deva_common_msgs/msg/detail/line_segment__rosidl_typesupport_fastrtps_cpp.hpp
[11.022s] -- Installing: /home/linjiawei/load_mcap/install/deva_common_msgs/include/deva_common_msgs/deva_common_msgs/msg/detail/point2d__rosidl_typesupport_fastrtps_cpp.hpp
[11.022s] -- Installing: /home/linjiawei/load_mcap/install/deva_common_msgs/include/deva_common_msgs/deva_common_msgs/msg/detail/serialize__rosidl_typesupport_fastrtps_cpp.hpp
[11.023s] -- Installing: /home/linjiawei/load_mcap/install/deva_common_msgs/include/deva_common_msgs/deva_common_msgs/msg/detail/string__rosidl_typesupport_fastrtps_cpp.hpp
[11.023s] -- Installing: /home/linjiawei/load_mcap/install/deva_common_msgs/lib/libdeva_common_msgs__rosidl_typesupport_fastrtps_cpp.so
[11.023s] -- Set runtime path of "/home/linjiawei/load_mcap/install/deva_common_msgs/lib/libdeva_common_msgs__rosidl_typesupport_fastrtps_cpp.so" to ""
[11.023s] -- Up-to-date: /home/linjiawei/load_mcap/install/deva_common_msgs/include/deva_common_msgs/deva_common_msgs
[11.023s] -- Up-to-date: /home/linjiawei/load_mcap/install/deva_common_msgs/include/deva_common_msgs/deva_common_msgs/msg
[11.023s] -- Up-to-date: /home/linjiawei/load_mcap/install/deva_common_msgs/include/deva_common_msgs/deva_common_msgs/msg/detail
[11.023s] -- Installing: /home/linjiawei/load_mcap/install/deva_common_msgs/include/deva_common_msgs/deva_common_msgs/msg/detail/bounding_box__rosidl_typesupport_introspection_cpp.hpp
[11.023s] -- Installing: /home/linjiawei/load_mcap/install/deva_common_msgs/include/deva_common_msgs/deva_common_msgs/msg/detail/bounding_box__type_support.cpp
[11.023s] -- Installing: /home/linjiawei/load_mcap/install/deva_common_msgs/include/deva_common_msgs/deva_common_msgs/msg/detail/bounding_box2d__rosidl_typesupport_introspection_cpp.hpp
[11.023s] -- Installing: /home/linjiawei/load_mcap/install/deva_common_msgs/include/deva_common_msgs/deva_common_msgs/msg/detail/bounding_box2d__type_support.cpp
[11.023s] -- Installing: /home/linjiawei/load_mcap/install/deva_common_msgs/include/deva_common_msgs/deva_common_msgs/msg/detail/dimension__rosidl_typesupport_introspection_cpp.hpp
[11.023s] -- Installing: /home/linjiawei/load_mcap/install/deva_common_msgs/include/deva_common_msgs/deva_common_msgs/msg/detail/dimension__type_support.cpp
[11.023s] -- Installing: /home/linjiawei/load_mcap/install/deva_common_msgs/include/deva_common_msgs/deva_common_msgs/msg/detail/disperse_curve__rosidl_typesupport_introspection_cpp.hpp
[11.023s] -- Installing: /home/linjiawei/load_mcap/install/deva_common_msgs/include/deva_common_msgs/deva_common_msgs/msg/detail/disperse_curve__type_support.cpp
[11.023s] -- Installing: /home/linjiawei/load_mcap/install/deva_common_msgs/include/deva_common_msgs/deva_common_msgs/msg/detail/equation_curve__rosidl_typesupport_introspection_cpp.hpp
[11.023s] -- Installing: /home/linjiawei/load_mcap/install/deva_common_msgs/include/deva_common_msgs/deva_common_msgs/msg/detail/equation_curve__type_support.cpp
[11.023s] -- Installing: /home/linjiawei/load_mcap/install/deva_common_msgs/include/deva_common_msgs/deva_common_msgs/msg/detail/ground_point__rosidl_typesupport_introspection_cpp.hpp
[11.023s] -- Installing: /home/linjiawei/load_mcap/install/deva_common_msgs/include/deva_common_msgs/deva_common_msgs/msg/detail/ground_point__type_support.cpp
[11.023s] -- Installing: /home/linjiawei/load_mcap/install/deva_common_msgs/include/deva_common_msgs/deva_common_msgs/msg/detail/header__rosidl_typesupport_introspection_cpp.hpp
[11.023s] -- Installing: /home/linjiawei/load_mcap/install/deva_common_msgs/include/deva_common_msgs/deva_common_msgs/msg/detail/header__type_support.cpp
[11.024s] -- Installing: /home/linjiawei/load_mcap/install/deva_common_msgs/include/deva_common_msgs/deva_common_msgs/msg/detail/kv__rosidl_typesupport_introspection_cpp.hpp
[11.024s] -- Installing: /home/linjiawei/load_mcap/install/deva_common_msgs/include/deva_common_msgs/deva_common_msgs/msg/detail/kv__type_support.cpp
[11.024s] -- Installing: /home/linjiawei/load_mcap/install/deva_common_msgs/include/deva_common_msgs/deva_common_msgs/msg/detail/line2d__rosidl_typesupport_introspection_cpp.hpp
[11.024s] -- Installing: /home/linjiawei/load_mcap/install/deva_common_msgs/include/deva_common_msgs/deva_common_msgs/msg/detail/line2d__type_support.cpp
[11.024s] -- Installing: /home/linjiawei/load_mcap/install/deva_common_msgs/include/deva_common_msgs/deva_common_msgs/msg/detail/line_segment__rosidl_typesupport_introspection_cpp.hpp
[11.024s] -- Installing: /home/linjiawei/load_mcap/install/deva_common_msgs/include/deva_common_msgs/deva_common_msgs/msg/detail/line_segment__type_support.cpp
[11.024s] -- Installing: /home/linjiawei/load_mcap/install/deva_common_msgs/include/deva_common_msgs/deva_common_msgs/msg/detail/point2d__rosidl_typesupport_introspection_cpp.hpp
[11.044s] -- Installing: /home/linjiawei/load_mcap/install/deva_common_msgs/include/deva_common_msgs/deva_common_msgs/msg/detail/point2d__type_support.cpp
[11.044s] -- Installing: /home/linjiawei/load_mcap/install/deva_common_msgs/include/deva_common_msgs/deva_common_msgs/msg/detail/serialize__rosidl_typesupport_introspection_cpp.hpp
[11.044s] -- Installing: /home/linjiawei/load_mcap/install/deva_common_msgs/include/deva_common_msgs/deva_common_msgs/msg/detail/serialize__type_support.cpp
[11.044s] -- Installing: /home/linjiawei/load_mcap/install/deva_common_msgs/include/deva_common_msgs/deva_common_msgs/msg/detail/string__rosidl_typesupport_introspection_cpp.hpp
[11.044s] -- Installing: /home/linjiawei/load_mcap/install/deva_common_msgs/include/deva_common_msgs/deva_common_msgs/msg/detail/string__type_support.cpp
[11.044s] -- Installing: /home/linjiawei/load_mcap/install/deva_common_msgs/lib/libdeva_common_msgs__rosidl_typesupport_introspection_cpp.so
[11.053s] -- Set runtime path of "/home/linjiawei/load_mcap/install/deva_common_msgs/lib/libdeva_common_msgs__rosidl_typesupport_introspection_cpp.so" to ""
[11.053s] -- Installing: /home/linjiawei/load_mcap/install/deva_common_msgs/lib/libdeva_common_msgs__rosidl_typesupport_cpp.so
[11.054s] -- Set runtime path of "/home/linjiawei/load_mcap/install/deva_common_msgs/lib/libdeva_common_msgs__rosidl_typesupport_cpp.so" to ""
[11.054s] -- Installing: /home/linjiawei/load_mcap/install/deva_common_msgs/share/deva_common_msgs/environment/pythonpath.sh
[11.054s] -- Installing: /home/linjiawei/load_mcap/install/deva_common_msgs/share/deva_common_msgs/environment/pythonpath.dsv
[11.054s] -- Installing: /home/linjiawei/load_mcap/install/deva_common_msgs/local/lib/python3.10/dist-packages/deva_common_msgs-0.0.0-py3.10.egg-info
[11.054s] -- Installing: /home/linjiawei/load_mcap/install/deva_common_msgs/local/lib/python3.10/dist-packages/deva_common_msgs-0.0.0-py3.10.egg-info/PKG-INFO
[11.054s] -- Installing: /home/linjiawei/load_mcap/install/deva_common_msgs/local/lib/python3.10/dist-packages/deva_common_msgs-0.0.0-py3.10.egg-info/dependency_links.txt
[11.054s] -- Installing: /home/linjiawei/load_mcap/install/deva_common_msgs/local/lib/python3.10/dist-packages/deva_common_msgs-0.0.0-py3.10.egg-info/top_level.txt
[11.054s] -- Installing: /home/linjiawei/load_mcap/install/deva_common_msgs/local/lib/python3.10/dist-packages/deva_common_msgs-0.0.0-py3.10.egg-info/SOURCES.txt
[11.054s] -- Installing: /home/linjiawei/load_mcap/install/deva_common_msgs/local/lib/python3.10/dist-packages/deva_common_msgs
[11.055s] -- Installing: /home/linjiawei/load_mcap/install/deva_common_msgs/local/lib/python3.10/dist-packages/deva_common_msgs/__init__.py
[11.055s] -- Installing: /home/linjiawei/load_mcap/install/deva_common_msgs/local/lib/python3.10/dist-packages/deva_common_msgs/msg
[11.055s] -- Installing: /home/linjiawei/load_mcap/install/deva_common_msgs/local/lib/python3.10/dist-packages/deva_common_msgs/msg/_bounding_box.py
[11.055s] -- Installing: /home/linjiawei/load_mcap/install/deva_common_msgs/local/lib/python3.10/dist-packages/deva_common_msgs/msg/_bounding_box_s.c
[11.055s] -- Installing: /home/linjiawei/load_mcap/install/deva_common_msgs/local/lib/python3.10/dist-packages/deva_common_msgs/msg/_bounding_box2d.py
[11.055s] -- Installing: /home/linjiawei/load_mcap/install/deva_common_msgs/local/lib/python3.10/dist-packages/deva_common_msgs/msg/_bounding_box2d_s.c
[11.055s] -- Installing: /home/linjiawei/load_mcap/install/deva_common_msgs/local/lib/python3.10/dist-packages/deva_common_msgs/msg/_dimension.py
[11.055s] -- Installing: /home/linjiawei/load_mcap/install/deva_common_msgs/local/lib/python3.10/dist-packages/deva_common_msgs/msg/_dimension_s.c
[11.055s] -- Installing: /home/linjiawei/load_mcap/install/deva_common_msgs/local/lib/python3.10/dist-packages/deva_common_msgs/msg/_disperse_curve.py
[11.055s] -- Installing: /home/linjiawei/load_mcap/install/deva_common_msgs/local/lib/python3.10/dist-packages/deva_common_msgs/msg/_disperse_curve_s.c
[11.055s] -- Installing: /home/linjiawei/load_mcap/install/deva_common_msgs/local/lib/python3.10/dist-packages/deva_common_msgs/msg/_equation_curve.py
[11.055s] -- Installing: /home/linjiawei/load_mcap/install/deva_common_msgs/local/lib/python3.10/dist-packages/deva_common_msgs/msg/_equation_curve_s.c
[11.056s] -- Installing: /home/linjiawei/load_mcap/install/deva_common_msgs/local/lib/python3.10/dist-packages/deva_common_msgs/msg/_ground_point.py
[11.056s] -- Installing: /home/linjiawei/load_mcap/install/deva_common_msgs/local/lib/python3.10/dist-packages/deva_common_msgs/msg/_ground_point_s.c
[11.056s] -- Installing: /home/linjiawei/load_mcap/install/deva_common_msgs/local/lib/python3.10/dist-packages/deva_common_msgs/msg/_header.py
[11.056s] -- Installing: /home/linjiawei/load_mcap/install/deva_common_msgs/local/lib/python3.10/dist-packages/deva_common_msgs/msg/_header_s.c
[11.068s] -- Installing: /home/linjiawei/load_mcap/install/deva_common_msgs/local/lib/python3.10/dist-packages/deva_common_msgs/msg/_kv.py
[11.068s] -- Installing: /home/linjiawei/load_mcap/install/deva_common_msgs/local/lib/python3.10/dist-packages/deva_common_msgs/msg/_kv_s.c
[11.068s] -- Installing: /home/linjiawei/load_mcap/install/deva_common_msgs/local/lib/python3.10/dist-packages/deva_common_msgs/msg/_line2d.py
[11.068s] -- Installing: /home/linjiawei/load_mcap/install/deva_common_msgs/local/lib/python3.10/dist-packages/deva_common_msgs/msg/_line2d_s.c
[11.068s] -- Installing: /home/linjiawei/load_mcap/install/deva_common_msgs/local/lib/python3.10/dist-packages/deva_common_msgs/msg/_line_segment.py
[11.068s] -- Installing: /home/linjiawei/load_mcap/install/deva_common_msgs/local/lib/python3.10/dist-packages/deva_common_msgs/msg/_line_segment_s.c
[11.068s] -- Installing: /home/linjiawei/load_mcap/install/deva_common_msgs/local/lib/python3.10/dist-packages/deva_common_msgs/msg/_point2d.py
[11.068s] -- Installing: /home/linjiawei/load_mcap/install/deva_common_msgs/local/lib/python3.10/dist-packages/deva_common_msgs/msg/_point2d_s.c
[11.068s] -- Installing: /home/linjiawei/load_mcap/install/deva_common_msgs/local/lib/python3.10/dist-packages/deva_common_msgs/msg/_serialize.py
[11.069s] -- Installing: /home/linjiawei/load_mcap/install/deva_common_msgs/local/lib/python3.10/dist-packages/deva_common_msgs/msg/_serialize_s.c
[11.069s] -- Installing: /home/linjiawei/load_mcap/install/deva_common_msgs/local/lib/python3.10/dist-packages/deva_common_msgs/msg/_string.py
[11.069s] -- Installing: /home/linjiawei/load_mcap/install/deva_common_msgs/local/lib/python3.10/dist-packages/deva_common_msgs/msg/_string_s.c
[11.069s] -- Installing: /home/linjiawei/load_mcap/install/deva_common_msgs/local/lib/python3.10/dist-packages/deva_common_msgs/msg/__init__.py
[11.069s] -- Installing: /home/linjiawei/load_mcap/install/deva_common_msgs/local/lib/python3.10/dist-packages/deva_common_msgs/_deva_common_msgs_s.ep.rosidl_typesupport_fastrtps_c.c
[11.069s] -- Installing: /home/linjiawei/load_mcap/install/deva_common_msgs/local/lib/python3.10/dist-packages/deva_common_msgs/_deva_common_msgs_s.ep.rosidl_typesupport_introspection_c.c
[11.069s] -- Installing: /home/linjiawei/load_mcap/install/deva_common_msgs/local/lib/python3.10/dist-packages/deva_common_msgs/_deva_common_msgs_s.ep.rosidl_typesupport_c.c
[11.069s] -- Installing: /home/linjiawei/load_mcap/install/deva_common_msgs/local/lib/python3.10/dist-packages/deva_common_msgs/libdeva_common_msgs__rosidl_generator_py.so
[11.069s] -- Installing: /home/linjiawei/load_mcap/install/deva_common_msgs/local/lib/python3.10/dist-packages/deva_common_msgs/deva_common_msgs_s__rosidl_typesupport_introspection_c.cpython-310-x86_64-linux-gnu.so
[11.081s] -- Installing: /home/linjiawei/load_mcap/install/deva_common_msgs/local/lib/python3.10/dist-packages/deva_common_msgs/deva_common_msgs_s__rosidl_typesupport_fastrtps_c.cpython-310-x86_64-linux-gnu.so
[11.081s] -- Installing: /home/linjiawei/load_mcap/install/deva_common_msgs/local/lib/python3.10/dist-packages/deva_common_msgs/deva_common_msgs_s__rosidl_typesupport_c.cpython-310-x86_64-linux-gnu.so
[11.177s] Listing '/home/linjiawei/load_mcap/install/deva_common_msgs/local/lib/python3.10/dist-packages/deva_common_msgs'...
[11.177s] Compiling '/home/linjiawei/load_mcap/install/deva_common_msgs/local/lib/python3.10/dist-packages/deva_common_msgs/__init__.py'...
[11.177s] Listing '/home/linjiawei/load_mcap/install/deva_common_msgs/local/lib/python3.10/dist-packages/deva_common_msgs/msg'...
[11.177s] Compiling '/home/linjiawei/load_mcap/install/deva_common_msgs/local/lib/python3.10/dist-packages/deva_common_msgs/msg/__init__.py'...
[11.177s] Compiling '/home/linjiawei/load_mcap/install/deva_common_msgs/local/lib/python3.10/dist-packages/deva_common_msgs/msg/_bounding_box.py'...
[11.177s] Compiling '/home/linjiawei/load_mcap/install/deva_common_msgs/local/lib/python3.10/dist-packages/deva_common_msgs/msg/_bounding_box2d.py'...
[11.177s] Compiling '/home/linjiawei/load_mcap/install/deva_common_msgs/local/lib/python3.10/dist-packages/deva_common_msgs/msg/_dimension.py'...
[11.177s] Compiling '/home/linjiawei/load_mcap/install/deva_common_msgs/local/lib/python3.10/dist-packages/deva_common_msgs/msg/_disperse_curve.py'...
[11.177s] Compiling '/home/linjiawei/load_mcap/install/deva_common_msgs/local/lib/python3.10/dist-packages/deva_common_msgs/msg/_equation_curve.py'...
[11.177s] Compiling '/home/linjiawei/load_mcap/install/deva_common_msgs/local/lib/python3.10/dist-packages/deva_common_msgs/msg/_ground_point.py'...
[11.178s] Compiling '/home/linjiawei/load_mcap/install/deva_common_msgs/local/lib/python3.10/dist-packages/deva_common_msgs/msg/_header.py'...
[11.178s] Compiling '/home/linjiawei/load_mcap/install/deva_common_msgs/local/lib/python3.10/dist-packages/deva_common_msgs/msg/_kv.py'...
[11.178s] Compiling '/home/linjiawei/load_mcap/install/deva_common_msgs/local/lib/python3.10/dist-packages/deva_common_msgs/msg/_line2d.py'...
[11.178s] Compiling '/home/linjiawei/load_mcap/install/deva_common_msgs/local/lib/python3.10/dist-packages/deva_common_msgs/msg/_line_segment.py'...
[11.178s] Compiling '/home/linjiawei/load_mcap/install/deva_common_msgs/local/lib/python3.10/dist-packages/deva_common_msgs/msg/_point2d.py'...
[11.178s] Compiling '/home/linjiawei/load_mcap/install/deva_common_msgs/local/lib/python3.10/dist-packages/deva_common_msgs/msg/_serialize.py'...
[11.178s] Compiling '/home/linjiawei/load_mcap/install/deva_common_msgs/local/lib/python3.10/dist-packages/deva_common_msgs/msg/_string.py'...
[11.183s] -- Installing: /home/linjiawei/load_mcap/install/deva_common_msgs/local/lib/python3.10/dist-packages/deva_common_msgs/deva_common_msgs_s__rosidl_typesupport_fastrtps_c.cpython-310-x86_64-linux-gnu.so
[11.183s] -- Set runtime path of "/home/linjiawei/load_mcap/install/deva_common_msgs/local/lib/python3.10/dist-packages/deva_common_msgs/deva_common_msgs_s__rosidl_typesupport_fastrtps_c.cpython-310-x86_64-linux-gnu.so" to ""
[11.183s] -- Installing: /home/linjiawei/load_mcap/install/deva_common_msgs/local/lib/python3.10/dist-packages/deva_common_msgs/deva_common_msgs_s__rosidl_typesupport_introspection_c.cpython-310-x86_64-linux-gnu.so
[11.183s] -- Set runtime path of "/home/linjiawei/load_mcap/install/deva_common_msgs/local/lib/python3.10/dist-packages/deva_common_msgs/deva_common_msgs_s__rosidl_typesupport_introspection_c.cpython-310-x86_64-linux-gnu.so" to ""
[11.183s] -- Installing: /home/linjiawei/load_mcap/install/deva_common_msgs/local/lib/python3.10/dist-packages/deva_common_msgs/deva_common_msgs_s__rosidl_typesupport_c.cpython-310-x86_64-linux-gnu.so
[11.184s] -- Set runtime path of "/home/linjiawei/load_mcap/install/deva_common_msgs/local/lib/python3.10/dist-packages/deva_common_msgs/deva_common_msgs_s__rosidl_typesupport_c.cpython-310-x86_64-linux-gnu.so" to ""
[11.184s] -- Installing: /home/linjiawei/load_mcap/install/deva_common_msgs/lib/libdeva_common_msgs__rosidl_generator_py.so
[11.184s] -- Set runtime path of "/home/linjiawei/load_mcap/install/deva_common_msgs/lib/libdeva_common_msgs__rosidl_generator_py.so" to ""
[11.184s] -- Installing: /home/linjiawei/load_mcap/install/deva_common_msgs/share/deva_common_msgs/msg/BoundingBox.idl
[11.184s] -- Installing: /home/linjiawei/load_mcap/install/deva_common_msgs/share/deva_common_msgs/msg/BoundingBox2d.idl
[11.184s] -- Installing: /home/linjiawei/load_mcap/install/deva_common_msgs/share/deva_common_msgs/msg/Dimension.idl
[11.185s] -- Installing: /home/linjiawei/load_mcap/install/deva_common_msgs/share/deva_common_msgs/msg/DisperseCurve.idl
[11.185s] -- Installing: /home/linjiawei/load_mcap/install/deva_common_msgs/share/deva_common_msgs/msg/EquationCurve.idl
[11.185s] -- Installing: /home/linjiawei/load_mcap/install/deva_common_msgs/share/deva_common_msgs/msg/GroundPoint.idl
[11.185s] -- Installing: /home/linjiawei/load_mcap/install/deva_common_msgs/share/deva_common_msgs/msg/Header.idl
[11.185s] -- Installing: /home/linjiawei/load_mcap/install/deva_common_msgs/share/deva_common_msgs/msg/KV.idl
[11.185s] -- Installing: /home/linjiawei/load_mcap/install/deva_common_msgs/share/deva_common_msgs/msg/Line2d.idl
[11.185s] -- Installing: /home/linjiawei/load_mcap/install/deva_common_msgs/share/deva_common_msgs/msg/LineSegment.idl
[11.185s] -- Installing: /home/linjiawei/load_mcap/install/deva_common_msgs/share/deva_common_msgs/msg/Point2d.idl
[11.185s] -- Installing: /home/linjiawei/load_mcap/install/deva_common_msgs/share/deva_common_msgs/msg/Serialize.idl
[11.186s] -- Installing: /home/linjiawei/load_mcap/install/deva_common_msgs/share/deva_common_msgs/msg/String.idl
[11.186s] -- Installing: /home/linjiawei/load_mcap/install/deva_common_msgs/share/deva_common_msgs/msg/BoundingBox.msg
[11.186s] -- Installing: /home/linjiawei/load_mcap/install/deva_common_msgs/share/deva_common_msgs/msg/BoundingBox2d.msg
[11.186s] -- Installing: /home/linjiawei/load_mcap/install/deva_common_msgs/share/deva_common_msgs/msg/Dimension.msg
[11.198s] -- Installing: /home/linjiawei/load_mcap/install/deva_common_msgs/share/deva_common_msgs/msg/DisperseCurve.msg
[11.198s] -- Installing: /home/linjiawei/load_mcap/install/deva_common_msgs/share/deva_common_msgs/msg/EquationCurve.msg
[11.198s] -- Installing: /home/linjiawei/load_mcap/install/deva_common_msgs/share/deva_common_msgs/msg/GroundPoint.msg
[11.198s] -- Installing: /home/linjiawei/load_mcap/install/deva_common_msgs/share/deva_common_msgs/msg/Header.msg
[11.198s] -- Installing: /home/linjiawei/load_mcap/install/deva_common_msgs/share/deva_common_msgs/msg/KV.msg
[11.199s] -- Installing: /home/linjiawei/load_mcap/install/deva_common_msgs/share/deva_common_msgs/msg/Line2d.msg
[11.199s] -- Installing: /home/linjiawei/load_mcap/install/deva_common_msgs/share/deva_common_msgs/msg/LineSegment.msg
[11.199s] -- Installing: /home/linjiawei/load_mcap/install/deva_common_msgs/share/deva_common_msgs/msg/Point2d.msg
[11.199s] -- Installing: /home/linjiawei/load_mcap/install/deva_common_msgs/share/deva_common_msgs/msg/Serialize.msg
[11.199s] -- Installing: /home/linjiawei/load_mcap/install/deva_common_msgs/share/deva_common_msgs/msg/String.msg
[11.199s] -- Installing: /home/linjiawei/load_mcap/install/deva_common_msgs/share/ament_index/resource_index/package_run_dependencies/deva_common_msgs
[11.199s] -- Installing: /home/linjiawei/load_mcap/install/deva_common_msgs/share/ament_index/resource_index/parent_prefix_path/deva_common_msgs
[11.199s] -- Installing: /home/linjiawei/load_mcap/install/deva_common_msgs/share/deva_common_msgs/environment/ament_prefix_path.sh
[11.199s] -- Installing: /home/linjiawei/load_mcap/install/deva_common_msgs/share/deva_common_msgs/environment/ament_prefix_path.dsv
[11.200s] -- Installing: /home/linjiawei/load_mcap/install/deva_common_msgs/share/deva_common_msgs/environment/path.sh
[11.200s] -- Installing: /home/linjiawei/load_mcap/install/deva_common_msgs/share/deva_common_msgs/environment/path.dsv
[11.200s] -- Installing: /home/linjiawei/load_mcap/install/deva_common_msgs/share/deva_common_msgs/local_setup.bash
[11.200s] -- Installing: /home/linjiawei/load_mcap/install/deva_common_msgs/share/deva_common_msgs/local_setup.sh
[11.200s] -- Installing: /home/linjiawei/load_mcap/install/deva_common_msgs/share/deva_common_msgs/local_setup.zsh
[11.200s] -- Installing: /home/linjiawei/load_mcap/install/deva_common_msgs/share/deva_common_msgs/local_setup.dsv
[11.200s] -- Installing: /home/linjiawei/load_mcap/install/deva_common_msgs/share/deva_common_msgs/package.dsv
[11.200s] -- Installing: /home/linjiawei/load_mcap/install/deva_common_msgs/share/ament_index/resource_index/packages/deva_common_msgs
[11.200s] -- Installing: /home/linjiawei/load_mcap/install/deva_common_msgs/share/deva_common_msgs/cmake/export_deva_common_msgs__rosidl_generator_cExport.cmake
[11.200s] -- Installing: /home/linjiawei/load_mcap/install/deva_common_msgs/share/deva_common_msgs/cmake/export_deva_common_msgs__rosidl_generator_cExport-noconfig.cmake
[11.201s] -- Installing: /home/linjiawei/load_mcap/install/deva_common_msgs/share/deva_common_msgs/cmake/export_deva_common_msgs__rosidl_typesupport_fastrtps_cExport.cmake
[11.201s] -- Installing: /home/linjiawei/load_mcap/install/deva_common_msgs/share/deva_common_msgs/cmake/export_deva_common_msgs__rosidl_typesupport_fastrtps_cExport-noconfig.cmake
[11.201s] -- Installing: /home/linjiawei/load_mcap/install/deva_common_msgs/share/deva_common_msgs/cmake/deva_common_msgs__rosidl_typesupport_introspection_cExport.cmake
[11.236s] -- Installing: /home/linjiawei/load_mcap/install/deva_common_msgs/share/deva_common_msgs/cmake/deva_common_msgs__rosidl_typesupport_introspection_cExport-noconfig.cmake
[11.236s] -- Installing: /home/linjiawei/load_mcap/install/deva_common_msgs/share/deva_common_msgs/cmake/deva_common_msgs__rosidl_typesupport_cExport.cmake
[11.236s] -- Installing: /home/linjiawei/load_mcap/install/deva_common_msgs/share/deva_common_msgs/cmake/deva_common_msgs__rosidl_typesupport_cExport-noconfig.cmake
[11.236s] -- Installing: /home/linjiawei/load_mcap/install/deva_common_msgs/share/deva_common_msgs/cmake/export_deva_common_msgs__rosidl_generator_cppExport.cmake
[11.237s] -- Installing: /home/linjiawei/load_mcap/install/deva_common_msgs/share/deva_common_msgs/cmake/export_deva_common_msgs__rosidl_typesupport_fastrtps_cppExport.cmake
[11.237s] -- Installing: /home/linjiawei/load_mcap/install/deva_common_msgs/share/deva_common_msgs/cmake/export_deva_common_msgs__rosidl_typesupport_fastrtps_cppExport-noconfig.cmake
[11.237s] -- Installing: /home/linjiawei/load_mcap/install/deva_common_msgs/share/deva_common_msgs/cmake/deva_common_msgs__rosidl_typesupport_introspection_cppExport.cmake
[11.237s] -- Installing: /home/linjiawei/load_mcap/install/deva_common_msgs/share/deva_common_msgs/cmake/deva_common_msgs__rosidl_typesupport_introspection_cppExport-noconfig.cmake
[11.237s] -- Installing: /home/linjiawei/load_mcap/install/deva_common_msgs/share/deva_common_msgs/cmake/deva_common_msgs__rosidl_typesupport_cppExport.cmake
[11.237s] -- Installing: /home/linjiawei/load_mcap/install/deva_common_msgs/share/deva_common_msgs/cmake/deva_common_msgs__rosidl_typesupport_cppExport-noconfig.cmake
[11.238s] -- Installing: /home/linjiawei/load_mcap/install/deva_common_msgs/share/deva_common_msgs/cmake/export_deva_common_msgs__rosidl_generator_pyExport.cmake
[11.238s] -- Installing: /home/linjiawei/load_mcap/install/deva_common_msgs/share/deva_common_msgs/cmake/export_deva_common_msgs__rosidl_generator_pyExport-noconfig.cmake
[11.238s] -- Installing: /home/linjiawei/load_mcap/install/deva_common_msgs/share/deva_common_msgs/cmake/rosidl_cmake-extras.cmake
[11.238s] -- Installing: /home/linjiawei/load_mcap/install/deva_common_msgs/share/deva_common_msgs/cmake/ament_cmake_export_dependencies-extras.cmake
[11.238s] -- Installing: /home/linjiawei/load_mcap/install/deva_common_msgs/share/deva_common_msgs/cmake/ament_cmake_export_include_directories-extras.cmake
[11.238s] -- Installing: /home/linjiawei/load_mcap/install/deva_common_msgs/share/deva_common_msgs/cmake/ament_cmake_export_libraries-extras.cmake
[11.238s] -- Installing: /home/linjiawei/load_mcap/install/deva_common_msgs/share/deva_common_msgs/cmake/ament_cmake_export_targets-extras.cmake
[11.238s] -- Installing: /home/linjiawei/load_mcap/install/deva_common_msgs/share/deva_common_msgs/cmake/rosidl_cmake_export_typesupport_targets-extras.cmake
[11.238s] -- Installing: /home/linjiawei/load_mcap/install/deva_common_msgs/share/deva_common_msgs/cmake/rosidl_cmake_export_typesupport_libraries-extras.cmake
[11.239s] -- Installing: /home/linjiawei/load_mcap/install/deva_common_msgs/share/deva_common_msgs/cmake/deva_common_msgsConfig.cmake
[11.239s] -- Installing: /home/linjiawei/load_mcap/install/deva_common_msgs/share/deva_common_msgs/cmake/deva_common_msgsConfig-version.cmake
[11.239s] -- Installing: /home/linjiawei/load_mcap/install/deva_common_msgs/share/deva_common_msgs/package.xml
[11.244s] Invoked command in '/home/linjiawei/load_mcap/build/deva_common_msgs' returned '0': CMAKE_PREFIX_PATH=${CMAKE_PREFIX_PATH}:/opt/ros/humble /usr/bin/cmake --install /home/linjiawei/load_mcap/build/deva_common_msgs
