[0.022s] Invoking command in '/home/linjiawei/load_mcap/build/fault_diagnosis': CMAKE_PREFIX_PATH=/home/linjiawei/load_mcap/install/deva_common_msgs:/home/linjiawei/load_mcap/install/serialize_msgs:/home/linjiawei/load_mcap/install/rviz_plug_msg:/home/linjiawei/load_mcap/install/fault_diagnosis:/home/linjiawei/load_mcap/install/environment_model_msgs:/home/linjiawei/load_mcap/install/deva_control_msgs:/home/linjiawei/load_mcap/install/deva_planning_msgs2:/home/linjiawei/load_mcap/install/deva_mdriver_msgs:/home/linjiawei/load_mcap/install/deva_planning_msgs:/home/linjiawei/load_mcap/install/deva_map_msgs:/home/linjiawei/load_mcap/install/deva_perception_msgs:/home/linjiawei/load_mcap/install/deva_navi_msgs:/home/linjiawei/load_mcap/install/deva_localization_msgs:/home/linjiawei/load_mcap/install/deva_gaode_routing_msgs:/home/linjiawei/load_mcap/install/deva_function_msgs:/home/linjiawei/load_mcap/install/deva_aeb_msgs:/home/linjiawei/load_mcap/install/deva_ads_msgs:/home/linjiawei/load_mcap/install/mcap_streamer:/opt/ros/humble LD_LIBRARY_PATH=/home/linjiawei/load_mcap/install/deva_common_msgs/lib:/home/linjiawei/load_mcap/install/serialize_msgs/lib:/home/linjiawei/load_mcap/install/rviz_plug_msg/lib:/home/linjiawei/load_mcap/install/fault_diagnosis/lib:/home/linjiawei/load_mcap/install/environment_model_msgs/lib:/home/linjiawei/load_mcap/install/deva_control_msgs/lib:/home/linjiawei/load_mcap/install/deva_planning_msgs2/lib:/home/linjiawei/load_mcap/install/deva_mdriver_msgs/lib:/home/linjiawei/load_mcap/install/deva_planning_msgs/lib:/home/linjiawei/load_mcap/install/deva_map_msgs/lib:/home/linjiawei/load_mcap/install/deva_perception_msgs/lib:/home/linjiawei/load_mcap/install/deva_navi_msgs/lib:/home/linjiawei/load_mcap/install/deva_localization_msgs/lib:/home/linjiawei/load_mcap/install/deva_gaode_routing_msgs/lib:/home/linjiawei/load_mcap/install/deva_function_msgs/lib:/home/linjiawei/load_mcap/install/deva_aeb_msgs/lib:/home/linjiawei/load_mcap/install/deva_ads_msgs/lib:/opt/ros/humble/opt/rviz_ogre_vendor/lib:/opt/ros/humble/lib/x86_64-linux-gnu:/opt/ros/humble/lib:/usr/local/nvidia/lib64 /usr/bin/cmake --build /home/linjiawei/load_mcap/build/fault_diagnosis -- -j17 -l17
[0.076s] [  2%] Built target fault_diagnosis__cpp
[0.077s] [ 12%] Built target fault_diagnosis__rosidl_generator_c
[0.086s] [ 12%] Built target ament_cmake_python_copy_fault_diagnosis
[0.111s] [ 23%] Built target fault_diagnosis__rosidl_typesupport_cpp
[0.113s] [ 34%] Built target fault_diagnosis__rosidl_typesupport_fastrtps_cpp
[0.113s] [ 44%] Built target fault_diagnosis__rosidl_typesupport_fastrtps_c
[0.113s] [ 55%] Built target fault_diagnosis__rosidl_typesupport_introspection_c
[0.114s] [ 65%] Built target fault_diagnosis__rosidl_typesupport_introspection_cpp
[0.115s] [ 76%] Built target fault_diagnosis__rosidl_typesupport_c
[0.141s] [ 76%] Built target fault_diagnosis
[0.166s] [ 78%] Built target fault_diagnosis__py
[0.193s] [ 87%] Built target fault_diagnosis__rosidl_generator_py
[0.220s] [ 91%] Built target fault_diagnosis__rosidl_typesupport_fastrtps_c__pyext
[0.221s] [ 95%] Built target fault_diagnosis__rosidl_typesupport_introspection_c__pyext
[0.236s] [100%] Built target fault_diagnosis__rosidl_typesupport_c__pyext
[0.366s] running egg_info
[0.367s] writing fault_diagnosis.egg-info/PKG-INFO
[0.368s] writing dependency_links to fault_diagnosis.egg-info/dependency_links.txt
[0.368s] writing top-level names to fault_diagnosis.egg-info/top_level.txt
[0.371s] reading manifest file 'fault_diagnosis.egg-info/SOURCES.txt'
[0.371s] writing manifest file 'fault_diagnosis.egg-info/SOURCES.txt'
[0.399s] [100%] Built target ament_cmake_python_build_fault_diagnosis_egg
[0.412s] Invoked command in '/home/linjiawei/load_mcap/build/fault_diagnosis' returned '0': CMAKE_PREFIX_PATH=/home/linjiawei/load_mcap/install/deva_common_msgs:/home/linjiawei/load_mcap/install/serialize_msgs:/home/linjiawei/load_mcap/install/rviz_plug_msg:/home/linjiawei/load_mcap/install/fault_diagnosis:/home/linjiawei/load_mcap/install/environment_model_msgs:/home/linjiawei/load_mcap/install/deva_control_msgs:/home/linjiawei/load_mcap/install/deva_planning_msgs2:/home/linjiawei/load_mcap/install/deva_mdriver_msgs:/home/linjiawei/load_mcap/install/deva_planning_msgs:/home/linjiawei/load_mcap/install/deva_map_msgs:/home/linjiawei/load_mcap/install/deva_perception_msgs:/home/linjiawei/load_mcap/install/deva_navi_msgs:/home/linjiawei/load_mcap/install/deva_localization_msgs:/home/linjiawei/load_mcap/install/deva_gaode_routing_msgs:/home/linjiawei/load_mcap/install/deva_function_msgs:/home/linjiawei/load_mcap/install/deva_aeb_msgs:/home/linjiawei/load_mcap/install/deva_ads_msgs:/home/linjiawei/load_mcap/install/mcap_streamer:/opt/ros/humble LD_LIBRARY_PATH=/home/linjiawei/load_mcap/install/deva_common_msgs/lib:/home/linjiawei/load_mcap/install/serialize_msgs/lib:/home/linjiawei/load_mcap/install/rviz_plug_msg/lib:/home/linjiawei/load_mcap/install/fault_diagnosis/lib:/home/linjiawei/load_mcap/install/environment_model_msgs/lib:/home/linjiawei/load_mcap/install/deva_control_msgs/lib:/home/linjiawei/load_mcap/install/deva_planning_msgs2/lib:/home/linjiawei/load_mcap/install/deva_mdriver_msgs/lib:/home/linjiawei/load_mcap/install/deva_planning_msgs/lib:/home/linjiawei/load_mcap/install/deva_map_msgs/lib:/home/linjiawei/load_mcap/install/deva_perception_msgs/lib:/home/linjiawei/load_mcap/install/deva_navi_msgs/lib:/home/linjiawei/load_mcap/install/deva_localization_msgs/lib:/home/linjiawei/load_mcap/install/deva_gaode_routing_msgs/lib:/home/linjiawei/load_mcap/install/deva_function_msgs/lib:/home/linjiawei/load_mcap/install/deva_aeb_msgs/lib:/home/linjiawei/load_mcap/install/deva_ads_msgs/lib:/opt/ros/humble/opt/rviz_ogre_vendor/lib:/opt/ros/humble/lib/x86_64-linux-gnu:/opt/ros/humble/lib:/usr/local/nvidia/lib64 /usr/bin/cmake --build /home/linjiawei/load_mcap/build/fault_diagnosis -- -j17 -l17
[0.414s] Invoking command in '/home/linjiawei/load_mcap/build/fault_diagnosis': CMAKE_PREFIX_PATH=/home/linjiawei/load_mcap/install/deva_common_msgs:/home/linjiawei/load_mcap/install/serialize_msgs:/home/linjiawei/load_mcap/install/rviz_plug_msg:/home/linjiawei/load_mcap/install/fault_diagnosis:/home/linjiawei/load_mcap/install/environment_model_msgs:/home/linjiawei/load_mcap/install/deva_control_msgs:/home/linjiawei/load_mcap/install/deva_planning_msgs2:/home/linjiawei/load_mcap/install/deva_mdriver_msgs:/home/linjiawei/load_mcap/install/deva_planning_msgs:/home/linjiawei/load_mcap/install/deva_map_msgs:/home/linjiawei/load_mcap/install/deva_perception_msgs:/home/linjiawei/load_mcap/install/deva_navi_msgs:/home/linjiawei/load_mcap/install/deva_localization_msgs:/home/linjiawei/load_mcap/install/deva_gaode_routing_msgs:/home/linjiawei/load_mcap/install/deva_function_msgs:/home/linjiawei/load_mcap/install/deva_aeb_msgs:/home/linjiawei/load_mcap/install/deva_ads_msgs:/home/linjiawei/load_mcap/install/mcap_streamer:/opt/ros/humble LD_LIBRARY_PATH=/home/linjiawei/load_mcap/install/deva_common_msgs/lib:/home/linjiawei/load_mcap/install/serialize_msgs/lib:/home/linjiawei/load_mcap/install/rviz_plug_msg/lib:/home/linjiawei/load_mcap/install/fault_diagnosis/lib:/home/linjiawei/load_mcap/install/environment_model_msgs/lib:/home/linjiawei/load_mcap/install/deva_control_msgs/lib:/home/linjiawei/load_mcap/install/deva_planning_msgs2/lib:/home/linjiawei/load_mcap/install/deva_mdriver_msgs/lib:/home/linjiawei/load_mcap/install/deva_planning_msgs/lib:/home/linjiawei/load_mcap/install/deva_map_msgs/lib:/home/linjiawei/load_mcap/install/deva_perception_msgs/lib:/home/linjiawei/load_mcap/install/deva_navi_msgs/lib:/home/linjiawei/load_mcap/install/deva_localization_msgs/lib:/home/linjiawei/load_mcap/install/deva_gaode_routing_msgs/lib:/home/linjiawei/load_mcap/install/deva_function_msgs/lib:/home/linjiawei/load_mcap/install/deva_aeb_msgs/lib:/home/linjiawei/load_mcap/install/deva_ads_msgs/lib:/opt/ros/humble/opt/rviz_ogre_vendor/lib:/opt/ros/humble/lib/x86_64-linux-gnu:/opt/ros/humble/lib:/usr/local/nvidia/lib64 /usr/bin/cmake --install /home/linjiawei/load_mcap/build/fault_diagnosis
[0.423s] -- Install configuration: ""
[0.423s] -- Up-to-date: /home/linjiawei/load_mcap/install/fault_diagnosis/share/ament_index/resource_index/rosidl_interfaces/fault_diagnosis
[0.423s] -- Up-to-date: /home/linjiawei/load_mcap/install/fault_diagnosis/include/fault_diagnosis/fault_diagnosis
[0.423s] -- Up-to-date: /home/linjiawei/load_mcap/install/fault_diagnosis/include/fault_diagnosis/fault_diagnosis/msg
[0.423s] -- Up-to-date: /home/linjiawei/load_mcap/install/fault_diagnosis/include/fault_diagnosis/fault_diagnosis/msg/rosidl_generator_c__visibility_control.h
[0.423s] -- Up-to-date: /home/linjiawei/load_mcap/install/fault_diagnosis/include/fault_diagnosis/fault_diagnosis/msg/diag_state.h
[0.424s] -- Up-to-date: /home/linjiawei/load_mcap/install/fault_diagnosis/include/fault_diagnosis/fault_diagnosis/msg/detail
[0.424s] -- Up-to-date: /home/linjiawei/load_mcap/install/fault_diagnosis/include/fault_diagnosis/fault_diagnosis/msg/detail/diag_state__functions.c
[0.424s] -- Up-to-date: /home/linjiawei/load_mcap/install/fault_diagnosis/include/fault_diagnosis/fault_diagnosis/msg/detail/diag_state__functions.h
[0.424s] -- Up-to-date: /home/linjiawei/load_mcap/install/fault_diagnosis/include/fault_diagnosis/fault_diagnosis/msg/detail/diag_state__struct.h
[0.424s] -- Up-to-date: /home/linjiawei/load_mcap/install/fault_diagnosis/include/fault_diagnosis/fault_diagnosis/msg/detail/diag_state__type_support.h
[0.424s] -- Up-to-date: /home/linjiawei/load_mcap/install/fault_diagnosis/include/fault_diagnosis/fault_diagnosis/msg/detail/odd_status_array__functions.c
[0.424s] -- Up-to-date: /home/linjiawei/load_mcap/install/fault_diagnosis/include/fault_diagnosis/fault_diagnosis/msg/detail/odd_status_array__functions.h
[0.424s] -- Up-to-date: /home/linjiawei/load_mcap/install/fault_diagnosis/include/fault_diagnosis/fault_diagnosis/msg/detail/odd_status_array__struct.h
[0.424s] -- Up-to-date: /home/linjiawei/load_mcap/install/fault_diagnosis/include/fault_diagnosis/fault_diagnosis/msg/detail/odd_status_array__type_support.h
[0.425s] -- Up-to-date: /home/linjiawei/load_mcap/install/fault_diagnosis/include/fault_diagnosis/fault_diagnosis/msg/detail/odd_status__functions.c
[0.425s] -- Up-to-date: /home/linjiawei/load_mcap/install/fault_diagnosis/include/fault_diagnosis/fault_diagnosis/msg/detail/odd_status__functions.h
[0.425s] -- Up-to-date: /home/linjiawei/load_mcap/install/fault_diagnosis/include/fault_diagnosis/fault_diagnosis/msg/detail/odd_status__struct.h
[0.425s] -- Up-to-date: /home/linjiawei/load_mcap/install/fault_diagnosis/include/fault_diagnosis/fault_diagnosis/msg/detail/odd_status__type_support.h
[0.425s] -- Up-to-date: /home/linjiawei/load_mcap/install/fault_diagnosis/include/fault_diagnosis/fault_diagnosis/msg/odd_status_array.h
[0.425s] -- Up-to-date: /home/linjiawei/load_mcap/install/fault_diagnosis/include/fault_diagnosis/fault_diagnosis/msg/odd_status.h
[0.425s] -- Up-to-date: /home/linjiawei/load_mcap/install/fault_diagnosis/share/fault_diagnosis/environment/library_path.sh
[0.425s] -- Up-to-date: /home/linjiawei/load_mcap/install/fault_diagnosis/share/fault_diagnosis/environment/library_path.dsv
[0.425s] -- Up-to-date: /home/linjiawei/load_mcap/install/fault_diagnosis/lib/libfault_diagnosis__rosidl_generator_c.so
[0.426s] -- Up-to-date: /home/linjiawei/load_mcap/install/fault_diagnosis/include/fault_diagnosis/fault_diagnosis
[0.426s] -- Up-to-date: /home/linjiawei/load_mcap/install/fault_diagnosis/include/fault_diagnosis/fault_diagnosis/msg
[0.426s] -- Up-to-date: /home/linjiawei/load_mcap/install/fault_diagnosis/include/fault_diagnosis/fault_diagnosis/msg/rosidl_typesupport_fastrtps_c__visibility_control.h
[0.426s] -- Up-to-date: /home/linjiawei/load_mcap/install/fault_diagnosis/include/fault_diagnosis/fault_diagnosis/msg/detail
[0.426s] -- Up-to-date: /home/linjiawei/load_mcap/install/fault_diagnosis/include/fault_diagnosis/fault_diagnosis/msg/detail/diag_state__rosidl_typesupport_fastrtps_c.h
[0.426s] -- Up-to-date: /home/linjiawei/load_mcap/install/fault_diagnosis/include/fault_diagnosis/fault_diagnosis/msg/detail/odd_status_array__rosidl_typesupport_fastrtps_c.h
[0.426s] -- Up-to-date: /home/linjiawei/load_mcap/install/fault_diagnosis/include/fault_diagnosis/fault_diagnosis/msg/detail/odd_status__rosidl_typesupport_fastrtps_c.h
[0.426s] -- Up-to-date: /home/linjiawei/load_mcap/install/fault_diagnosis/lib/libfault_diagnosis__rosidl_typesupport_fastrtps_c.so
[0.426s] -- Up-to-date: /home/linjiawei/load_mcap/install/fault_diagnosis/include/fault_diagnosis/fault_diagnosis
[0.426s] -- Up-to-date: /home/linjiawei/load_mcap/install/fault_diagnosis/include/fault_diagnosis/fault_diagnosis/msg
[0.426s] -- Up-to-date: /home/linjiawei/load_mcap/install/fault_diagnosis/include/fault_diagnosis/fault_diagnosis/msg/rosidl_typesupport_introspection_c__visibility_control.h
[0.426s] -- Up-to-date: /home/linjiawei/load_mcap/install/fault_diagnosis/include/fault_diagnosis/fault_diagnosis/msg/detail
[0.427s] -- Up-to-date: /home/linjiawei/load_mcap/install/fault_diagnosis/include/fault_diagnosis/fault_diagnosis/msg/detail/diag_state__rosidl_typesupport_introspection_c.h
[0.427s] -- Up-to-date: /home/linjiawei/load_mcap/install/fault_diagnosis/include/fault_diagnosis/fault_diagnosis/msg/detail/diag_state__type_support.c
[0.427s] -- Up-to-date: /home/linjiawei/load_mcap/install/fault_diagnosis/include/fault_diagnosis/fault_diagnosis/msg/detail/odd_status_array__rosidl_typesupport_introspection_c.h
[0.427s] -- Up-to-date: /home/linjiawei/load_mcap/install/fault_diagnosis/include/fault_diagnosis/fault_diagnosis/msg/detail/odd_status_array__type_support.c
[0.427s] -- Up-to-date: /home/linjiawei/load_mcap/install/fault_diagnosis/include/fault_diagnosis/fault_diagnosis/msg/detail/odd_status__rosidl_typesupport_introspection_c.h
[0.427s] -- Up-to-date: /home/linjiawei/load_mcap/install/fault_diagnosis/include/fault_diagnosis/fault_diagnosis/msg/detail/odd_status__type_support.c
[0.427s] -- Up-to-date: /home/linjiawei/load_mcap/install/fault_diagnosis/lib/libfault_diagnosis__rosidl_typesupport_introspection_c.so
[0.427s] -- Up-to-date: /home/linjiawei/load_mcap/install/fault_diagnosis/lib/libfault_diagnosis__rosidl_typesupport_c.so
[0.427s] -- Up-to-date: /home/linjiawei/load_mcap/install/fault_diagnosis/include/fault_diagnosis/fault_diagnosis
[0.427s] -- Up-to-date: /home/linjiawei/load_mcap/install/fault_diagnosis/include/fault_diagnosis/fault_diagnosis/msg
[0.427s] -- Up-to-date: /home/linjiawei/load_mcap/install/fault_diagnosis/include/fault_diagnosis/fault_diagnosis/msg/rosidl_generator_cpp__visibility_control.hpp
[0.427s] -- Up-to-date: /home/linjiawei/load_mcap/install/fault_diagnosis/include/fault_diagnosis/fault_diagnosis/msg/diag_state.hpp
[0.427s] -- Up-to-date: /home/linjiawei/load_mcap/install/fault_diagnosis/include/fault_diagnosis/fault_diagnosis/msg/detail
[0.427s] -- Up-to-date: /home/linjiawei/load_mcap/install/fault_diagnosis/include/fault_diagnosis/fault_diagnosis/msg/detail/diag_state__builder.hpp
[0.427s] -- Up-to-date: /home/linjiawei/load_mcap/install/fault_diagnosis/include/fault_diagnosis/fault_diagnosis/msg/detail/diag_state__struct.hpp
[0.427s] -- Up-to-date: /home/linjiawei/load_mcap/install/fault_diagnosis/include/fault_diagnosis/fault_diagnosis/msg/detail/diag_state__traits.hpp
[0.428s] -- Up-to-date: /home/linjiawei/load_mcap/install/fault_diagnosis/include/fault_diagnosis/fault_diagnosis/msg/detail/diag_state__type_support.hpp
[0.428s] -- Up-to-date: /home/linjiawei/load_mcap/install/fault_diagnosis/include/fault_diagnosis/fault_diagnosis/msg/detail/odd_status_array__builder.hpp
[0.428s] -- Up-to-date: /home/linjiawei/load_mcap/install/fault_diagnosis/include/fault_diagnosis/fault_diagnosis/msg/detail/odd_status_array__struct.hpp
[0.428s] -- Up-to-date: /home/linjiawei/load_mcap/install/fault_diagnosis/include/fault_diagnosis/fault_diagnosis/msg/detail/odd_status_array__traits.hpp
[0.428s] -- Up-to-date: /home/linjiawei/load_mcap/install/fault_diagnosis/include/fault_diagnosis/fault_diagnosis/msg/detail/odd_status_array__type_support.hpp
[0.428s] -- Up-to-date: /home/linjiawei/load_mcap/install/fault_diagnosis/include/fault_diagnosis/fault_diagnosis/msg/detail/odd_status__builder.hpp
[0.428s] -- Up-to-date: /home/linjiawei/load_mcap/install/fault_diagnosis/include/fault_diagnosis/fault_diagnosis/msg/detail/odd_status__struct.hpp
[0.428s] -- Up-to-date: /home/linjiawei/load_mcap/install/fault_diagnosis/include/fault_diagnosis/fault_diagnosis/msg/detail/odd_status__traits.hpp
[0.428s] -- Up-to-date: /home/linjiawei/load_mcap/install/fault_diagnosis/include/fault_diagnosis/fault_diagnosis/msg/detail/odd_status__type_support.hpp
[0.428s] -- Up-to-date: /home/linjiawei/load_mcap/install/fault_diagnosis/include/fault_diagnosis/fault_diagnosis/msg/odd_status_array.hpp
[0.428s] -- Up-to-date: /home/linjiawei/load_mcap/install/fault_diagnosis/include/fault_diagnosis/fault_diagnosis/msg/odd_status.hpp
[0.428s] -- Up-to-date: /home/linjiawei/load_mcap/install/fault_diagnosis/include/fault_diagnosis/fault_diagnosis
[0.428s] -- Up-to-date: /home/linjiawei/load_mcap/install/fault_diagnosis/include/fault_diagnosis/fault_diagnosis/msg
[0.428s] -- Up-to-date: /home/linjiawei/load_mcap/install/fault_diagnosis/include/fault_diagnosis/fault_diagnosis/msg/rosidl_typesupport_fastrtps_cpp__visibility_control.h
[0.428s] -- Up-to-date: /home/linjiawei/load_mcap/install/fault_diagnosis/include/fault_diagnosis/fault_diagnosis/msg/detail
[0.428s] -- Up-to-date: /home/linjiawei/load_mcap/install/fault_diagnosis/include/fault_diagnosis/fault_diagnosis/msg/detail/diag_state__rosidl_typesupport_fastrtps_cpp.hpp
[0.428s] -- Up-to-date: /home/linjiawei/load_mcap/install/fault_diagnosis/include/fault_diagnosis/fault_diagnosis/msg/detail/dds_fastrtps
[0.428s] -- Up-to-date: /home/linjiawei/load_mcap/install/fault_diagnosis/include/fault_diagnosis/fault_diagnosis/msg/detail/odd_status_array__rosidl_typesupport_fastrtps_cpp.hpp
[0.428s] -- Up-to-date: /home/linjiawei/load_mcap/install/fault_diagnosis/include/fault_diagnosis/fault_diagnosis/msg/detail/odd_status__rosidl_typesupport_fastrtps_cpp.hpp
[0.429s] -- Up-to-date: /home/linjiawei/load_mcap/install/fault_diagnosis/lib/libfault_diagnosis__rosidl_typesupport_fastrtps_cpp.so
[0.429s] -- Up-to-date: /home/linjiawei/load_mcap/install/fault_diagnosis/include/fault_diagnosis/fault_diagnosis
[0.429s] -- Up-to-date: /home/linjiawei/load_mcap/install/fault_diagnosis/include/fault_diagnosis/fault_diagnosis/msg
[0.429s] -- Up-to-date: /home/linjiawei/load_mcap/install/fault_diagnosis/include/fault_diagnosis/fault_diagnosis/msg/detail
[0.429s] -- Up-to-date: /home/linjiawei/load_mcap/install/fault_diagnosis/include/fault_diagnosis/fault_diagnosis/msg/detail/diag_state__rosidl_typesupport_introspection_cpp.hpp
[0.429s] -- Up-to-date: /home/linjiawei/load_mcap/install/fault_diagnosis/include/fault_diagnosis/fault_diagnosis/msg/detail/diag_state__type_support.cpp
[0.429s] -- Up-to-date: /home/linjiawei/load_mcap/install/fault_diagnosis/include/fault_diagnosis/fault_diagnosis/msg/detail/odd_status_array__rosidl_typesupport_introspection_cpp.hpp
[0.429s] -- Up-to-date: /home/linjiawei/load_mcap/install/fault_diagnosis/include/fault_diagnosis/fault_diagnosis/msg/detail/odd_status_array__type_support.cpp
[0.429s] -- Up-to-date: /home/linjiawei/load_mcap/install/fault_diagnosis/include/fault_diagnosis/fault_diagnosis/msg/detail/odd_status__rosidl_typesupport_introspection_cpp.hpp
[0.429s] -- Up-to-date: /home/linjiawei/load_mcap/install/fault_diagnosis/include/fault_diagnosis/fault_diagnosis/msg/detail/odd_status__type_support.cpp
[0.429s] -- Up-to-date: /home/linjiawei/load_mcap/install/fault_diagnosis/lib/libfault_diagnosis__rosidl_typesupport_introspection_cpp.so
[0.429s] -- Up-to-date: /home/linjiawei/load_mcap/install/fault_diagnosis/lib/libfault_diagnosis__rosidl_typesupport_cpp.so
[0.429s] -- Up-to-date: /home/linjiawei/load_mcap/install/fault_diagnosis/share/fault_diagnosis/environment/pythonpath.sh
[0.429s] -- Up-to-date: /home/linjiawei/load_mcap/install/fault_diagnosis/share/fault_diagnosis/environment/pythonpath.dsv
[0.429s] -- Up-to-date: /home/linjiawei/load_mcap/install/fault_diagnosis/local/lib/python3.10/dist-packages/fault_diagnosis-0.0.0-py3.10.egg-info
[0.429s] -- Installing: /home/linjiawei/load_mcap/install/fault_diagnosis/local/lib/python3.10/dist-packages/fault_diagnosis-0.0.0-py3.10.egg-info/PKG-INFO
[0.429s] -- Installing: /home/linjiawei/load_mcap/install/fault_diagnosis/local/lib/python3.10/dist-packages/fault_diagnosis-0.0.0-py3.10.egg-info/dependency_links.txt
[0.429s] -- Installing: /home/linjiawei/load_mcap/install/fault_diagnosis/local/lib/python3.10/dist-packages/fault_diagnosis-0.0.0-py3.10.egg-info/top_level.txt
[0.429s] -- Installing: /home/linjiawei/load_mcap/install/fault_diagnosis/local/lib/python3.10/dist-packages/fault_diagnosis-0.0.0-py3.10.egg-info/SOURCES.txt
[0.430s] -- Up-to-date: /home/linjiawei/load_mcap/install/fault_diagnosis/local/lib/python3.10/dist-packages/fault_diagnosis
[0.430s] -- Up-to-date: /home/linjiawei/load_mcap/install/fault_diagnosis/local/lib/python3.10/dist-packages/fault_diagnosis/__init__.py
[0.430s] -- Up-to-date: /home/linjiawei/load_mcap/install/fault_diagnosis/local/lib/python3.10/dist-packages/fault_diagnosis/msg
[0.430s] -- Up-to-date: /home/linjiawei/load_mcap/install/fault_diagnosis/local/lib/python3.10/dist-packages/fault_diagnosis/msg/_diag_state.py
[0.430s] -- Up-to-date: /home/linjiawei/load_mcap/install/fault_diagnosis/local/lib/python3.10/dist-packages/fault_diagnosis/msg/_diag_state_s.c
[0.430s] -- Up-to-date: /home/linjiawei/load_mcap/install/fault_diagnosis/local/lib/python3.10/dist-packages/fault_diagnosis/msg/_odd_status_array.py
[0.430s] -- Up-to-date: /home/linjiawei/load_mcap/install/fault_diagnosis/local/lib/python3.10/dist-packages/fault_diagnosis/msg/_odd_status_array_s.c
[0.430s] -- Up-to-date: /home/linjiawei/load_mcap/install/fault_diagnosis/local/lib/python3.10/dist-packages/fault_diagnosis/msg/_odd_status.py
[0.430s] -- Up-to-date: /home/linjiawei/load_mcap/install/fault_diagnosis/local/lib/python3.10/dist-packages/fault_diagnosis/msg/_odd_status_s.c
[0.430s] -- Up-to-date: /home/linjiawei/load_mcap/install/fault_diagnosis/local/lib/python3.10/dist-packages/fault_diagnosis/msg/__init__.py
[0.430s] -- Up-to-date: /home/linjiawei/load_mcap/install/fault_diagnosis/local/lib/python3.10/dist-packages/fault_diagnosis/_fault_diagnosis_s.ep.rosidl_typesupport_fastrtps_c.c
[0.430s] -- Up-to-date: /home/linjiawei/load_mcap/install/fault_diagnosis/local/lib/python3.10/dist-packages/fault_diagnosis/_fault_diagnosis_s.ep.rosidl_typesupport_introspection_c.c
[0.430s] -- Up-to-date: /home/linjiawei/load_mcap/install/fault_diagnosis/local/lib/python3.10/dist-packages/fault_diagnosis/_fault_diagnosis_s.ep.rosidl_typesupport_c.c
[0.430s] -- Up-to-date: /home/linjiawei/load_mcap/install/fault_diagnosis/local/lib/python3.10/dist-packages/fault_diagnosis/libfault_diagnosis__rosidl_generator_py.so
[0.430s] -- Up-to-date: /home/linjiawei/load_mcap/install/fault_diagnosis/local/lib/python3.10/dist-packages/fault_diagnosis/fault_diagnosis_s__rosidl_typesupport_fastrtps_c.cpython-310-x86_64-linux-gnu.so
[0.430s] -- Up-to-date: /home/linjiawei/load_mcap/install/fault_diagnosis/local/lib/python3.10/dist-packages/fault_diagnosis/fault_diagnosis_s__rosidl_typesupport_c.cpython-310-x86_64-linux-gnu.so
[0.430s] -- Up-to-date: /home/linjiawei/load_mcap/install/fault_diagnosis/local/lib/python3.10/dist-packages/fault_diagnosis/fault_diagnosis_s__rosidl_typesupport_introspection_c.cpython-310-x86_64-linux-gnu.so
[0.520s] Listing '/home/linjiawei/load_mcap/install/fault_diagnosis/local/lib/python3.10/dist-packages/fault_diagnosis'...
[0.520s] Listing '/home/linjiawei/load_mcap/install/fault_diagnosis/local/lib/python3.10/dist-packages/fault_diagnosis/msg'...
[0.558s] -- Up-to-date: /home/linjiawei/load_mcap/install/fault_diagnosis/local/lib/python3.10/dist-packages/fault_diagnosis/fault_diagnosis_s__rosidl_typesupport_fastrtps_c.cpython-310-x86_64-linux-gnu.so
[0.559s] -- Up-to-date: /home/linjiawei/load_mcap/install/fault_diagnosis/local/lib/python3.10/dist-packages/fault_diagnosis/fault_diagnosis_s__rosidl_typesupport_introspection_c.cpython-310-x86_64-linux-gnu.so
[0.560s] -- Up-to-date: /home/linjiawei/load_mcap/install/fault_diagnosis/local/lib/python3.10/dist-packages/fault_diagnosis/fault_diagnosis_s__rosidl_typesupport_c.cpython-310-x86_64-linux-gnu.so
[0.561s] -- Up-to-date: /home/linjiawei/load_mcap/install/fault_diagnosis/lib/libfault_diagnosis__rosidl_generator_py.so
[0.562s] -- Up-to-date: /home/linjiawei/load_mcap/install/fault_diagnosis/share/fault_diagnosis/msg/DiagState.idl
[0.562s] -- Up-to-date: /home/linjiawei/load_mcap/install/fault_diagnosis/share/fault_diagnosis/msg/ODDStatusArray.idl
[0.562s] -- Up-to-date: /home/linjiawei/load_mcap/install/fault_diagnosis/share/fault_diagnosis/msg/OddStatus.idl
[0.562s] -- Up-to-date: /home/linjiawei/load_mcap/install/fault_diagnosis/share/fault_diagnosis/msg/DiagState.msg
[0.562s] -- Up-to-date: /home/linjiawei/load_mcap/install/fault_diagnosis/share/fault_diagnosis/msg/ODDStatusArray.msg
[0.562s] -- Up-to-date: /home/linjiawei/load_mcap/install/fault_diagnosis/share/fault_diagnosis/msg/OddStatus.msg
[0.563s] -- Up-to-date: /home/linjiawei/load_mcap/install/fault_diagnosis/share/ament_index/resource_index/package_run_dependencies/fault_diagnosis
[0.563s] -- Up-to-date: /home/linjiawei/load_mcap/install/fault_diagnosis/share/ament_index/resource_index/parent_prefix_path/fault_diagnosis
[0.563s] -- Up-to-date: /home/linjiawei/load_mcap/install/fault_diagnosis/share/fault_diagnosis/environment/ament_prefix_path.sh
[0.563s] -- Up-to-date: /home/linjiawei/load_mcap/install/fault_diagnosis/share/fault_diagnosis/environment/ament_prefix_path.dsv
[0.563s] -- Up-to-date: /home/linjiawei/load_mcap/install/fault_diagnosis/share/fault_diagnosis/environment/path.sh
[0.566s] -- Up-to-date: /home/linjiawei/load_mcap/install/fault_diagnosis/share/fault_diagnosis/environment/path.dsv
[0.567s] -- Up-to-date: /home/linjiawei/load_mcap/install/fault_diagnosis/share/fault_diagnosis/local_setup.bash
[0.567s] -- Up-to-date: /home/linjiawei/load_mcap/install/fault_diagnosis/share/fault_diagnosis/local_setup.sh
[0.567s] -- Up-to-date: /home/linjiawei/load_mcap/install/fault_diagnosis/share/fault_diagnosis/local_setup.zsh
[0.567s] -- Up-to-date: /home/linjiawei/load_mcap/install/fault_diagnosis/share/fault_diagnosis/local_setup.dsv
[0.567s] -- Installing: /home/linjiawei/load_mcap/install/fault_diagnosis/share/fault_diagnosis/package.dsv
[0.567s] -- Up-to-date: /home/linjiawei/load_mcap/install/fault_diagnosis/share/ament_index/resource_index/packages/fault_diagnosis
[0.567s] -- Up-to-date: /home/linjiawei/load_mcap/install/fault_diagnosis/share/fault_diagnosis/cmake/export_fault_diagnosis__rosidl_generator_cExport.cmake
[0.567s] -- Up-to-date: /home/linjiawei/load_mcap/install/fault_diagnosis/share/fault_diagnosis/cmake/export_fault_diagnosis__rosidl_generator_cExport-noconfig.cmake
[0.571s] -- Up-to-date: /home/linjiawei/load_mcap/install/fault_diagnosis/share/fault_diagnosis/cmake/export_fault_diagnosis__rosidl_typesupport_fastrtps_cExport.cmake
[0.571s] -- Up-to-date: /home/linjiawei/load_mcap/install/fault_diagnosis/share/fault_diagnosis/cmake/export_fault_diagnosis__rosidl_typesupport_fastrtps_cExport-noconfig.cmake
[0.571s] -- Up-to-date: /home/linjiawei/load_mcap/install/fault_diagnosis/share/fault_diagnosis/cmake/fault_diagnosis__rosidl_typesupport_introspection_cExport.cmake
[0.571s] -- Up-to-date: /home/linjiawei/load_mcap/install/fault_diagnosis/share/fault_diagnosis/cmake/fault_diagnosis__rosidl_typesupport_introspection_cExport-noconfig.cmake
[0.571s] -- Up-to-date: /home/linjiawei/load_mcap/install/fault_diagnosis/share/fault_diagnosis/cmake/fault_diagnosis__rosidl_typesupport_cExport.cmake
[0.571s] -- Up-to-date: /home/linjiawei/load_mcap/install/fault_diagnosis/share/fault_diagnosis/cmake/fault_diagnosis__rosidl_typesupport_cExport-noconfig.cmake
[0.571s] -- Up-to-date: /home/linjiawei/load_mcap/install/fault_diagnosis/share/fault_diagnosis/cmake/export_fault_diagnosis__rosidl_generator_cppExport.cmake
[0.571s] -- Up-to-date: /home/linjiawei/load_mcap/install/fault_diagnosis/share/fault_diagnosis/cmake/export_fault_diagnosis__rosidl_typesupport_fastrtps_cppExport.cmake
[0.571s] -- Up-to-date: /home/linjiawei/load_mcap/install/fault_diagnosis/share/fault_diagnosis/cmake/export_fault_diagnosis__rosidl_typesupport_fastrtps_cppExport-noconfig.cmake
[0.572s] -- Up-to-date: /home/linjiawei/load_mcap/install/fault_diagnosis/share/fault_diagnosis/cmake/fault_diagnosis__rosidl_typesupport_introspection_cppExport.cmake
[0.572s] -- Up-to-date: /home/linjiawei/load_mcap/install/fault_diagnosis/share/fault_diagnosis/cmake/fault_diagnosis__rosidl_typesupport_introspection_cppExport-noconfig.cmake
[0.572s] -- Up-to-date: /home/linjiawei/load_mcap/install/fault_diagnosis/share/fault_diagnosis/cmake/fault_diagnosis__rosidl_typesupport_cppExport.cmake
[0.572s] -- Up-to-date: /home/linjiawei/load_mcap/install/fault_diagnosis/share/fault_diagnosis/cmake/fault_diagnosis__rosidl_typesupport_cppExport-noconfig.cmake
[0.572s] -- Up-to-date: /home/linjiawei/load_mcap/install/fault_diagnosis/share/fault_diagnosis/cmake/export_fault_diagnosis__rosidl_generator_pyExport.cmake
[0.573s] -- Up-to-date: /home/linjiawei/load_mcap/install/fault_diagnosis/share/fault_diagnosis/cmake/export_fault_diagnosis__rosidl_generator_pyExport-noconfig.cmake
[0.575s] -- Up-to-date: /home/linjiawei/load_mcap/install/fault_diagnosis/share/fault_diagnosis/cmake/rosidl_cmake-extras.cmake
[0.575s] -- Up-to-date: /home/linjiawei/load_mcap/install/fault_diagnosis/share/fault_diagnosis/cmake/ament_cmake_export_dependencies-extras.cmake
[0.577s] -- Up-to-date: /home/linjiawei/load_mcap/install/fault_diagnosis/share/fault_diagnosis/cmake/ament_cmake_export_include_directories-extras.cmake
[0.577s] -- Up-to-date: /home/linjiawei/load_mcap/install/fault_diagnosis/share/fault_diagnosis/cmake/ament_cmake_export_libraries-extras.cmake
[0.577s] -- Up-to-date: /home/linjiawei/load_mcap/install/fault_diagnosis/share/fault_diagnosis/cmake/ament_cmake_export_targets-extras.cmake
[0.577s] -- Up-to-date: /home/linjiawei/load_mcap/install/fault_diagnosis/share/fault_diagnosis/cmake/rosidl_cmake_export_typesupport_targets-extras.cmake
[0.577s] -- Up-to-date: /home/linjiawei/load_mcap/install/fault_diagnosis/share/fault_diagnosis/cmake/rosidl_cmake_export_typesupport_libraries-extras.cmake
[0.577s] -- Up-to-date: /home/linjiawei/load_mcap/install/fault_diagnosis/share/fault_diagnosis/cmake/fault_diagnosisConfig.cmake
[0.577s] -- Up-to-date: /home/linjiawei/load_mcap/install/fault_diagnosis/share/fault_diagnosis/cmake/fault_diagnosisConfig-version.cmake
[0.578s] -- Up-to-date: /home/linjiawei/load_mcap/install/fault_diagnosis/share/fault_diagnosis/package.xml
[0.602s] Invoked command in '/home/linjiawei/load_mcap/build/fault_diagnosis' returned '0': CMAKE_PREFIX_PATH=/home/linjiawei/load_mcap/install/deva_common_msgs:/home/linjiawei/load_mcap/install/serialize_msgs:/home/linjiawei/load_mcap/install/rviz_plug_msg:/home/linjiawei/load_mcap/install/fault_diagnosis:/home/linjiawei/load_mcap/install/environment_model_msgs:/home/linjiawei/load_mcap/install/deva_control_msgs:/home/linjiawei/load_mcap/install/deva_planning_msgs2:/home/linjiawei/load_mcap/install/deva_mdriver_msgs:/home/linjiawei/load_mcap/install/deva_planning_msgs:/home/linjiawei/load_mcap/install/deva_map_msgs:/home/linjiawei/load_mcap/install/deva_perception_msgs:/home/linjiawei/load_mcap/install/deva_navi_msgs:/home/linjiawei/load_mcap/install/deva_localization_msgs:/home/linjiawei/load_mcap/install/deva_gaode_routing_msgs:/home/linjiawei/load_mcap/install/deva_function_msgs:/home/linjiawei/load_mcap/install/deva_aeb_msgs:/home/linjiawei/load_mcap/install/deva_ads_msgs:/home/linjiawei/load_mcap/install/mcap_streamer:/opt/ros/humble LD_LIBRARY_PATH=/home/linjiawei/load_mcap/install/deva_common_msgs/lib:/home/linjiawei/load_mcap/install/serialize_msgs/lib:/home/linjiawei/load_mcap/install/rviz_plug_msg/lib:/home/linjiawei/load_mcap/install/fault_diagnosis/lib:/home/linjiawei/load_mcap/install/environment_model_msgs/lib:/home/linjiawei/load_mcap/install/deva_control_msgs/lib:/home/linjiawei/load_mcap/install/deva_planning_msgs2/lib:/home/linjiawei/load_mcap/install/deva_mdriver_msgs/lib:/home/linjiawei/load_mcap/install/deva_planning_msgs/lib:/home/linjiawei/load_mcap/install/deva_map_msgs/lib:/home/linjiawei/load_mcap/install/deva_perception_msgs/lib:/home/linjiawei/load_mcap/install/deva_navi_msgs/lib:/home/linjiawei/load_mcap/install/deva_localization_msgs/lib:/home/linjiawei/load_mcap/install/deva_gaode_routing_msgs/lib:/home/linjiawei/load_mcap/install/deva_function_msgs/lib:/home/linjiawei/load_mcap/install/deva_aeb_msgs/lib:/home/linjiawei/load_mcap/install/deva_ads_msgs/lib:/opt/ros/humble/opt/rviz_ogre_vendor/lib:/opt/ros/humble/lib/x86_64-linux-gnu:/opt/ros/humble/lib:/usr/local/nvidia/lib64 /usr/bin/cmake --install /home/linjiawei/load_mcap/build/fault_diagnosis
