[  1%] Built target deva_ads_msgs__cpp
[ 12%] Built target deva_ads_msgs__rosidl_generator_c
[ 12%] Built target ament_cmake_python_copy_deva_ads_msgs
[ 23%] Built target deva_ads_msgs__rosidl_typesupport_cpp
[ 34%] Built target deva_ads_msgs__rosidl_typesupport_fastrtps_cpp
[ 45%] Built target deva_ads_msgs__rosidl_typesupport_introspection_cpp
[ 56%] Built target deva_ads_msgs__rosidl_typesupport_c
[ 67%] Built target deva_ads_msgs__rosidl_typesupport_fastrtps_c
[ 78%] Built target deva_ads_msgs__rosidl_typesupport_introspection_c
[ 78%] Built target deva_ads_msgs
[ 80%] Built target deva_ads_msgs__py
[ 89%] Built target deva_ads_msgs__rosidl_generator_py
[ 96%] Built target deva_ads_msgs__rosidl_typesupport_fastrtps_c__pyext
[ 96%] Built target deva_ads_msgs__rosidl_typesupport_introspection_c__pyext
[100%] Built target deva_ads_msgs__rosidl_typesupport_c__pyext
running egg_info
writing deva_ads_msgs.egg-info/PKG-INFO
writing dependency_links to deva_ads_msgs.egg-info/dependency_links.txt
writing top-level names to deva_ads_msgs.egg-info/top_level.txt
reading manifest file 'deva_ads_msgs.egg-info/SOURCES.txt'
writing manifest file 'deva_ads_msgs.egg-info/SOURCES.txt'
[100%] Built target ament_cmake_python_build_deva_ads_msgs_egg
-- Install configuration: ""
-- Up-to-date: /home/linjiawei/load_mcap/install/deva_ads_msgs/share/ament_index/resource_index/rosidl_interfaces/deva_ads_msgs
-- Up-to-date: /home/linjiawei/load_mcap/install/deva_ads_msgs/include/deva_ads_msgs/deva_ads_msgs
-- Up-to-date: /home/linjiawei/load_mcap/install/deva_ads_msgs/include/deva_ads_msgs/deva_ads_msgs/msg
-- Up-to-date: /home/linjiawei/load_mcap/install/deva_ads_msgs/include/deva_ads_msgs/deva_ads_msgs/msg/rosidl_generator_c__visibility_control.h
-- Up-to-date: /home/linjiawei/load_mcap/install/deva_ads_msgs/include/deva_ads_msgs/deva_ads_msgs/msg/ads_info.h
-- Up-to-date: /home/linjiawei/load_mcap/install/deva_ads_msgs/include/deva_ads_msgs/deva_ads_msgs/msg/detail
-- Up-to-date: /home/linjiawei/load_mcap/install/deva_ads_msgs/include/deva_ads_msgs/deva_ads_msgs/msg/detail/ads_info__functions.c
-- Up-to-date: /home/linjiawei/load_mcap/install/deva_ads_msgs/include/deva_ads_msgs/deva_ads_msgs/msg/detail/ads_info__functions.h
-- Up-to-date: /home/linjiawei/load_mcap/install/deva_ads_msgs/include/deva_ads_msgs/deva_ads_msgs/msg/detail/ads_info__struct.h
-- Up-to-date: /home/linjiawei/load_mcap/install/deva_ads_msgs/include/deva_ads_msgs/deva_ads_msgs/msg/detail/ads_info__type_support.h
-- Up-to-date: /home/linjiawei/load_mcap/install/deva_ads_msgs/include/deva_ads_msgs/deva_ads_msgs/msg/detail/ads_marker__functions.c
-- Up-to-date: /home/linjiawei/load_mcap/install/deva_ads_msgs/include/deva_ads_msgs/deva_ads_msgs/msg/detail/ads_marker__functions.h
-- Up-to-date: /home/linjiawei/load_mcap/install/deva_ads_msgs/include/deva_ads_msgs/deva_ads_msgs/msg/detail/ads_marker__struct.h
-- Up-to-date: /home/linjiawei/load_mcap/install/deva_ads_msgs/include/deva_ads_msgs/deva_ads_msgs/msg/detail/ads_marker__type_support.h
-- Up-to-date: /home/linjiawei/load_mcap/install/deva_ads_msgs/include/deva_ads_msgs/deva_ads_msgs/msg/detail/ads_marker_array__functions.c
-- Up-to-date: /home/linjiawei/load_mcap/install/deva_ads_msgs/include/deva_ads_msgs/deva_ads_msgs/msg/detail/ads_marker_array__functions.h
-- Up-to-date: /home/linjiawei/load_mcap/install/deva_ads_msgs/include/deva_ads_msgs/deva_ads_msgs/msg/detail/ads_marker_array__struct.h
-- Up-to-date: /home/linjiawei/load_mcap/install/deva_ads_msgs/include/deva_ads_msgs/deva_ads_msgs/msg/detail/ads_marker_array__type_support.h
-- Up-to-date: /home/linjiawei/load_mcap/install/deva_ads_msgs/include/deva_ads_msgs/deva_ads_msgs/msg/detail/ads_marker_array_vec__functions.c
-- Up-to-date: /home/linjiawei/load_mcap/install/deva_ads_msgs/include/deva_ads_msgs/deva_ads_msgs/msg/detail/ads_marker_array_vec__functions.h
-- Up-to-date: /home/linjiawei/load_mcap/install/deva_ads_msgs/include/deva_ads_msgs/deva_ads_msgs/msg/detail/ads_marker_array_vec__struct.h
-- Up-to-date: /home/linjiawei/load_mcap/install/deva_ads_msgs/include/deva_ads_msgs/deva_ads_msgs/msg/detail/ads_marker_array_vec__type_support.h
-- Up-to-date: /home/linjiawei/load_mcap/install/deva_ads_msgs/include/deva_ads_msgs/deva_ads_msgs/msg/ads_marker.h
-- Up-to-date: /home/linjiawei/load_mcap/install/deva_ads_msgs/include/deva_ads_msgs/deva_ads_msgs/msg/ads_marker_array.h
-- Up-to-date: /home/linjiawei/load_mcap/install/deva_ads_msgs/include/deva_ads_msgs/deva_ads_msgs/msg/ads_marker_array_vec.h
-- Up-to-date: /home/linjiawei/load_mcap/install/deva_ads_msgs/share/deva_ads_msgs/environment/library_path.sh
-- Up-to-date: /home/linjiawei/load_mcap/install/deva_ads_msgs/share/deva_ads_msgs/environment/library_path.dsv
-- Up-to-date: /home/linjiawei/load_mcap/install/deva_ads_msgs/lib/libdeva_ads_msgs__rosidl_generator_c.so
-- Up-to-date: /home/linjiawei/load_mcap/install/deva_ads_msgs/include/deva_ads_msgs/deva_ads_msgs
-- Up-to-date: /home/linjiawei/load_mcap/install/deva_ads_msgs/include/deva_ads_msgs/deva_ads_msgs/msg
-- Up-to-date: /home/linjiawei/load_mcap/install/deva_ads_msgs/include/deva_ads_msgs/deva_ads_msgs/msg/rosidl_typesupport_fastrtps_c__visibility_control.h
-- Up-to-date: /home/linjiawei/load_mcap/install/deva_ads_msgs/include/deva_ads_msgs/deva_ads_msgs/msg/detail
-- Up-to-date: /home/linjiawei/load_mcap/install/deva_ads_msgs/include/deva_ads_msgs/deva_ads_msgs/msg/detail/ads_info__rosidl_typesupport_fastrtps_c.h
-- Up-to-date: /home/linjiawei/load_mcap/install/deva_ads_msgs/include/deva_ads_msgs/deva_ads_msgs/msg/detail/ads_marker__rosidl_typesupport_fastrtps_c.h
-- Up-to-date: /home/linjiawei/load_mcap/install/deva_ads_msgs/include/deva_ads_msgs/deva_ads_msgs/msg/detail/ads_marker_array__rosidl_typesupport_fastrtps_c.h
-- Up-to-date: /home/linjiawei/load_mcap/install/deva_ads_msgs/include/deva_ads_msgs/deva_ads_msgs/msg/detail/ads_marker_array_vec__rosidl_typesupport_fastrtps_c.h
-- Up-to-date: /home/linjiawei/load_mcap/install/deva_ads_msgs/lib/libdeva_ads_msgs__rosidl_typesupport_fastrtps_c.so
-- Up-to-date: /home/linjiawei/load_mcap/install/deva_ads_msgs/include/deva_ads_msgs/deva_ads_msgs
-- Up-to-date: /home/linjiawei/load_mcap/install/deva_ads_msgs/include/deva_ads_msgs/deva_ads_msgs/msg
-- Up-to-date: /home/linjiawei/load_mcap/install/deva_ads_msgs/include/deva_ads_msgs/deva_ads_msgs/msg/rosidl_typesupport_introspection_c__visibility_control.h
-- Up-to-date: /home/linjiawei/load_mcap/install/deva_ads_msgs/include/deva_ads_msgs/deva_ads_msgs/msg/detail
-- Up-to-date: /home/linjiawei/load_mcap/install/deva_ads_msgs/include/deva_ads_msgs/deva_ads_msgs/msg/detail/ads_info__rosidl_typesupport_introspection_c.h
-- Up-to-date: /home/linjiawei/load_mcap/install/deva_ads_msgs/include/deva_ads_msgs/deva_ads_msgs/msg/detail/ads_info__type_support.c
-- Up-to-date: /home/linjiawei/load_mcap/install/deva_ads_msgs/include/deva_ads_msgs/deva_ads_msgs/msg/detail/ads_marker__rosidl_typesupport_introspection_c.h
-- Up-to-date: /home/linjiawei/load_mcap/install/deva_ads_msgs/include/deva_ads_msgs/deva_ads_msgs/msg/detail/ads_marker__type_support.c
-- Up-to-date: /home/linjiawei/load_mcap/install/deva_ads_msgs/include/deva_ads_msgs/deva_ads_msgs/msg/detail/ads_marker_array__rosidl_typesupport_introspection_c.h
-- Up-to-date: /home/linjiawei/load_mcap/install/deva_ads_msgs/include/deva_ads_msgs/deva_ads_msgs/msg/detail/ads_marker_array__type_support.c
-- Up-to-date: /home/linjiawei/load_mcap/install/deva_ads_msgs/include/deva_ads_msgs/deva_ads_msgs/msg/detail/ads_marker_array_vec__rosidl_typesupport_introspection_c.h
-- Up-to-date: /home/linjiawei/load_mcap/install/deva_ads_msgs/include/deva_ads_msgs/deva_ads_msgs/msg/detail/ads_marker_array_vec__type_support.c
-- Up-to-date: /home/linjiawei/load_mcap/install/deva_ads_msgs/lib/libdeva_ads_msgs__rosidl_typesupport_introspection_c.so
-- Up-to-date: /home/linjiawei/load_mcap/install/deva_ads_msgs/lib/libdeva_ads_msgs__rosidl_typesupport_c.so
-- Up-to-date: /home/linjiawei/load_mcap/install/deva_ads_msgs/include/deva_ads_msgs/deva_ads_msgs
-- Up-to-date: /home/linjiawei/load_mcap/install/deva_ads_msgs/include/deva_ads_msgs/deva_ads_msgs/msg
-- Up-to-date: /home/linjiawei/load_mcap/install/deva_ads_msgs/include/deva_ads_msgs/deva_ads_msgs/msg/rosidl_generator_cpp__visibility_control.hpp
-- Up-to-date: /home/linjiawei/load_mcap/install/deva_ads_msgs/include/deva_ads_msgs/deva_ads_msgs/msg/ads_info.hpp
-- Up-to-date: /home/linjiawei/load_mcap/install/deva_ads_msgs/include/deva_ads_msgs/deva_ads_msgs/msg/detail
-- Up-to-date: /home/linjiawei/load_mcap/install/deva_ads_msgs/include/deva_ads_msgs/deva_ads_msgs/msg/detail/ads_info__builder.hpp
-- Up-to-date: /home/linjiawei/load_mcap/install/deva_ads_msgs/include/deva_ads_msgs/deva_ads_msgs/msg/detail/ads_info__struct.hpp
-- Up-to-date: /home/linjiawei/load_mcap/install/deva_ads_msgs/include/deva_ads_msgs/deva_ads_msgs/msg/detail/ads_info__traits.hpp
-- Up-to-date: /home/linjiawei/load_mcap/install/deva_ads_msgs/include/deva_ads_msgs/deva_ads_msgs/msg/detail/ads_info__type_support.hpp
-- Up-to-date: /home/linjiawei/load_mcap/install/deva_ads_msgs/include/deva_ads_msgs/deva_ads_msgs/msg/detail/ads_marker__builder.hpp
-- Up-to-date: /home/linjiawei/load_mcap/install/deva_ads_msgs/include/deva_ads_msgs/deva_ads_msgs/msg/detail/ads_marker__struct.hpp
-- Up-to-date: /home/linjiawei/load_mcap/install/deva_ads_msgs/include/deva_ads_msgs/deva_ads_msgs/msg/detail/ads_marker__traits.hpp
-- Up-to-date: /home/linjiawei/load_mcap/install/deva_ads_msgs/include/deva_ads_msgs/deva_ads_msgs/msg/detail/ads_marker__type_support.hpp
-- Up-to-date: /home/linjiawei/load_mcap/install/deva_ads_msgs/include/deva_ads_msgs/deva_ads_msgs/msg/detail/ads_marker_array__builder.hpp
-- Up-to-date: /home/linjiawei/load_mcap/install/deva_ads_msgs/include/deva_ads_msgs/deva_ads_msgs/msg/detail/ads_marker_array__struct.hpp
-- Up-to-date: /home/linjiawei/load_mcap/install/deva_ads_msgs/include/deva_ads_msgs/deva_ads_msgs/msg/detail/ads_marker_array__traits.hpp
-- Up-to-date: /home/linjiawei/load_mcap/install/deva_ads_msgs/include/deva_ads_msgs/deva_ads_msgs/msg/detail/ads_marker_array__type_support.hpp
-- Up-to-date: /home/linjiawei/load_mcap/install/deva_ads_msgs/include/deva_ads_msgs/deva_ads_msgs/msg/detail/ads_marker_array_vec__builder.hpp
-- Up-to-date: /home/linjiawei/load_mcap/install/deva_ads_msgs/include/deva_ads_msgs/deva_ads_msgs/msg/detail/ads_marker_array_vec__struct.hpp
-- Up-to-date: /home/linjiawei/load_mcap/install/deva_ads_msgs/include/deva_ads_msgs/deva_ads_msgs/msg/detail/ads_marker_array_vec__traits.hpp
-- Up-to-date: /home/linjiawei/load_mcap/install/deva_ads_msgs/include/deva_ads_msgs/deva_ads_msgs/msg/detail/ads_marker_array_vec__type_support.hpp
-- Up-to-date: /home/linjiawei/load_mcap/install/deva_ads_msgs/include/deva_ads_msgs/deva_ads_msgs/msg/ads_marker.hpp
-- Up-to-date: /home/linjiawei/load_mcap/install/deva_ads_msgs/include/deva_ads_msgs/deva_ads_msgs/msg/ads_marker_array.hpp
-- Up-to-date: /home/linjiawei/load_mcap/install/deva_ads_msgs/include/deva_ads_msgs/deva_ads_msgs/msg/ads_marker_array_vec.hpp
-- Up-to-date: /home/linjiawei/load_mcap/install/deva_ads_msgs/include/deva_ads_msgs/deva_ads_msgs
-- Up-to-date: /home/linjiawei/load_mcap/install/deva_ads_msgs/include/deva_ads_msgs/deva_ads_msgs/msg
-- Up-to-date: /home/linjiawei/load_mcap/install/deva_ads_msgs/include/deva_ads_msgs/deva_ads_msgs/msg/rosidl_typesupport_fastrtps_cpp__visibility_control.h
-- Up-to-date: /home/linjiawei/load_mcap/install/deva_ads_msgs/include/deva_ads_msgs/deva_ads_msgs/msg/detail
-- Up-to-date: /home/linjiawei/load_mcap/install/deva_ads_msgs/include/deva_ads_msgs/deva_ads_msgs/msg/detail/ads_info__rosidl_typesupport_fastrtps_cpp.hpp
-- Up-to-date: /home/linjiawei/load_mcap/install/deva_ads_msgs/include/deva_ads_msgs/deva_ads_msgs/msg/detail/dds_fastrtps
-- Up-to-date: /home/linjiawei/load_mcap/install/deva_ads_msgs/include/deva_ads_msgs/deva_ads_msgs/msg/detail/ads_marker__rosidl_typesupport_fastrtps_cpp.hpp
-- Up-to-date: /home/linjiawei/load_mcap/install/deva_ads_msgs/include/deva_ads_msgs/deva_ads_msgs/msg/detail/ads_marker_array__rosidl_typesupport_fastrtps_cpp.hpp
-- Up-to-date: /home/linjiawei/load_mcap/install/deva_ads_msgs/include/deva_ads_msgs/deva_ads_msgs/msg/detail/ads_marker_array_vec__rosidl_typesupport_fastrtps_cpp.hpp
-- Up-to-date: /home/linjiawei/load_mcap/install/deva_ads_msgs/lib/libdeva_ads_msgs__rosidl_typesupport_fastrtps_cpp.so
-- Up-to-date: /home/linjiawei/load_mcap/install/deva_ads_msgs/include/deva_ads_msgs/deva_ads_msgs
-- Up-to-date: /home/linjiawei/load_mcap/install/deva_ads_msgs/include/deva_ads_msgs/deva_ads_msgs/msg
-- Up-to-date: /home/linjiawei/load_mcap/install/deva_ads_msgs/include/deva_ads_msgs/deva_ads_msgs/msg/detail
-- Up-to-date: /home/linjiawei/load_mcap/install/deva_ads_msgs/include/deva_ads_msgs/deva_ads_msgs/msg/detail/ads_info__rosidl_typesupport_introspection_cpp.hpp
-- Up-to-date: /home/linjiawei/load_mcap/install/deva_ads_msgs/include/deva_ads_msgs/deva_ads_msgs/msg/detail/ads_info__type_support.cpp
-- Up-to-date: /home/linjiawei/load_mcap/install/deva_ads_msgs/include/deva_ads_msgs/deva_ads_msgs/msg/detail/ads_marker__rosidl_typesupport_introspection_cpp.hpp
-- Up-to-date: /home/linjiawei/load_mcap/install/deva_ads_msgs/include/deva_ads_msgs/deva_ads_msgs/msg/detail/ads_marker__type_support.cpp
-- Up-to-date: /home/linjiawei/load_mcap/install/deva_ads_msgs/include/deva_ads_msgs/deva_ads_msgs/msg/detail/ads_marker_array__rosidl_typesupport_introspection_cpp.hpp
-- Up-to-date: /home/linjiawei/load_mcap/install/deva_ads_msgs/include/deva_ads_msgs/deva_ads_msgs/msg/detail/ads_marker_array__type_support.cpp
-- Up-to-date: /home/linjiawei/load_mcap/install/deva_ads_msgs/include/deva_ads_msgs/deva_ads_msgs/msg/detail/ads_marker_array_vec__rosidl_typesupport_introspection_cpp.hpp
-- Up-to-date: /home/linjiawei/load_mcap/install/deva_ads_msgs/include/deva_ads_msgs/deva_ads_msgs/msg/detail/ads_marker_array_vec__type_support.cpp
-- Up-to-date: /home/linjiawei/load_mcap/install/deva_ads_msgs/lib/libdeva_ads_msgs__rosidl_typesupport_introspection_cpp.so
-- Up-to-date: /home/linjiawei/load_mcap/install/deva_ads_msgs/lib/libdeva_ads_msgs__rosidl_typesupport_cpp.so
-- Up-to-date: /home/linjiawei/load_mcap/install/deva_ads_msgs/share/deva_ads_msgs/environment/pythonpath.sh
-- Up-to-date: /home/linjiawei/load_mcap/install/deva_ads_msgs/share/deva_ads_msgs/environment/pythonpath.dsv
-- Up-to-date: /home/linjiawei/load_mcap/install/deva_ads_msgs/local/lib/python3.10/dist-packages/deva_ads_msgs-0.0.0-py3.10.egg-info
-- Installing: /home/linjiawei/load_mcap/install/deva_ads_msgs/local/lib/python3.10/dist-packages/deva_ads_msgs-0.0.0-py3.10.egg-info/PKG-INFO
-- Installing: /home/linjiawei/load_mcap/install/deva_ads_msgs/local/lib/python3.10/dist-packages/deva_ads_msgs-0.0.0-py3.10.egg-info/dependency_links.txt
-- Installing: /home/linjiawei/load_mcap/install/deva_ads_msgs/local/lib/python3.10/dist-packages/deva_ads_msgs-0.0.0-py3.10.egg-info/top_level.txt
-- Installing: /home/linjiawei/load_mcap/install/deva_ads_msgs/local/lib/python3.10/dist-packages/deva_ads_msgs-0.0.0-py3.10.egg-info/SOURCES.txt
-- Up-to-date: /home/linjiawei/load_mcap/install/deva_ads_msgs/local/lib/python3.10/dist-packages/deva_ads_msgs
-- Up-to-date: /home/linjiawei/load_mcap/install/deva_ads_msgs/local/lib/python3.10/dist-packages/deva_ads_msgs/__init__.py
-- Up-to-date: /home/linjiawei/load_mcap/install/deva_ads_msgs/local/lib/python3.10/dist-packages/deva_ads_msgs/msg
-- Up-to-date: /home/linjiawei/load_mcap/install/deva_ads_msgs/local/lib/python3.10/dist-packages/deva_ads_msgs/msg/_ads_info.py
-- Up-to-date: /home/linjiawei/load_mcap/install/deva_ads_msgs/local/lib/python3.10/dist-packages/deva_ads_msgs/msg/_ads_info_s.c
-- Up-to-date: /home/linjiawei/load_mcap/install/deva_ads_msgs/local/lib/python3.10/dist-packages/deva_ads_msgs/msg/_ads_marker.py
-- Up-to-date: /home/linjiawei/load_mcap/install/deva_ads_msgs/local/lib/python3.10/dist-packages/deva_ads_msgs/msg/_ads_marker_s.c
-- Up-to-date: /home/linjiawei/load_mcap/install/deva_ads_msgs/local/lib/python3.10/dist-packages/deva_ads_msgs/msg/_ads_marker_array.py
-- Up-to-date: /home/linjiawei/load_mcap/install/deva_ads_msgs/local/lib/python3.10/dist-packages/deva_ads_msgs/msg/_ads_marker_array_s.c
-- Up-to-date: /home/linjiawei/load_mcap/install/deva_ads_msgs/local/lib/python3.10/dist-packages/deva_ads_msgs/msg/_ads_marker_array_vec.py
-- Up-to-date: /home/linjiawei/load_mcap/install/deva_ads_msgs/local/lib/python3.10/dist-packages/deva_ads_msgs/msg/_ads_marker_array_vec_s.c
-- Up-to-date: /home/linjiawei/load_mcap/install/deva_ads_msgs/local/lib/python3.10/dist-packages/deva_ads_msgs/msg/__init__.py
-- Up-to-date: /home/linjiawei/load_mcap/install/deva_ads_msgs/local/lib/python3.10/dist-packages/deva_ads_msgs/_deva_ads_msgs_s.ep.rosidl_typesupport_fastrtps_c.c
-- Up-to-date: /home/linjiawei/load_mcap/install/deva_ads_msgs/local/lib/python3.10/dist-packages/deva_ads_msgs/_deva_ads_msgs_s.ep.rosidl_typesupport_introspection_c.c
-- Up-to-date: /home/linjiawei/load_mcap/install/deva_ads_msgs/local/lib/python3.10/dist-packages/deva_ads_msgs/_deva_ads_msgs_s.ep.rosidl_typesupport_c.c
-- Up-to-date: /home/linjiawei/load_mcap/install/deva_ads_msgs/local/lib/python3.10/dist-packages/deva_ads_msgs/libdeva_ads_msgs__rosidl_generator_py.so
-- Up-to-date: /home/linjiawei/load_mcap/install/deva_ads_msgs/local/lib/python3.10/dist-packages/deva_ads_msgs/deva_ads_msgs_s__rosidl_typesupport_c.cpython-310-x86_64-linux-gnu.so
-- Up-to-date: /home/linjiawei/load_mcap/install/deva_ads_msgs/local/lib/python3.10/dist-packages/deva_ads_msgs/deva_ads_msgs_s__rosidl_typesupport_fastrtps_c.cpython-310-x86_64-linux-gnu.so
-- Up-to-date: /home/linjiawei/load_mcap/install/deva_ads_msgs/local/lib/python3.10/dist-packages/deva_ads_msgs/deva_ads_msgs_s__rosidl_typesupport_introspection_c.cpython-310-x86_64-linux-gnu.so
Listing '/home/linjiawei/load_mcap/install/deva_ads_msgs/local/lib/python3.10/dist-packages/deva_ads_msgs'...
Listing '/home/linjiawei/load_mcap/install/deva_ads_msgs/local/lib/python3.10/dist-packages/deva_ads_msgs/msg'...
-- Up-to-date: /home/linjiawei/load_mcap/install/deva_ads_msgs/local/lib/python3.10/dist-packages/deva_ads_msgs/deva_ads_msgs_s__rosidl_typesupport_fastrtps_c.cpython-310-x86_64-linux-gnu.so
-- Up-to-date: /home/linjiawei/load_mcap/install/deva_ads_msgs/local/lib/python3.10/dist-packages/deva_ads_msgs/deva_ads_msgs_s__rosidl_typesupport_introspection_c.cpython-310-x86_64-linux-gnu.so
-- Up-to-date: /home/linjiawei/load_mcap/install/deva_ads_msgs/local/lib/python3.10/dist-packages/deva_ads_msgs/deva_ads_msgs_s__rosidl_typesupport_c.cpython-310-x86_64-linux-gnu.so
-- Up-to-date: /home/linjiawei/load_mcap/install/deva_ads_msgs/lib/libdeva_ads_msgs__rosidl_generator_py.so
-- Up-to-date: /home/linjiawei/load_mcap/install/deva_ads_msgs/share/deva_ads_msgs/msg/AdsInfo.idl
-- Up-to-date: /home/linjiawei/load_mcap/install/deva_ads_msgs/share/deva_ads_msgs/msg/AdsMarker.idl
-- Up-to-date: /home/linjiawei/load_mcap/install/deva_ads_msgs/share/deva_ads_msgs/msg/AdsMarkerArray.idl
-- Up-to-date: /home/linjiawei/load_mcap/install/deva_ads_msgs/share/deva_ads_msgs/msg/AdsMarkerArrayVec.idl
-- Up-to-date: /home/linjiawei/load_mcap/install/deva_ads_msgs/share/deva_ads_msgs/msg/AdsInfo.msg
-- Up-to-date: /home/linjiawei/load_mcap/install/deva_ads_msgs/share/deva_ads_msgs/msg/AdsMarker.msg
-- Up-to-date: /home/linjiawei/load_mcap/install/deva_ads_msgs/share/deva_ads_msgs/msg/AdsMarkerArray.msg
-- Up-to-date: /home/linjiawei/load_mcap/install/deva_ads_msgs/share/deva_ads_msgs/msg/AdsMarkerArrayVec.msg
-- Up-to-date: /home/linjiawei/load_mcap/install/deva_ads_msgs/share/ament_index/resource_index/package_run_dependencies/deva_ads_msgs
-- Up-to-date: /home/linjiawei/load_mcap/install/deva_ads_msgs/share/ament_index/resource_index/parent_prefix_path/deva_ads_msgs
-- Up-to-date: /home/linjiawei/load_mcap/install/deva_ads_msgs/share/deva_ads_msgs/environment/ament_prefix_path.sh
-- Up-to-date: /home/linjiawei/load_mcap/install/deva_ads_msgs/share/deva_ads_msgs/environment/ament_prefix_path.dsv
-- Up-to-date: /home/linjiawei/load_mcap/install/deva_ads_msgs/share/deva_ads_msgs/environment/path.sh
-- Up-to-date: /home/linjiawei/load_mcap/install/deva_ads_msgs/share/deva_ads_msgs/environment/path.dsv
-- Up-to-date: /home/linjiawei/load_mcap/install/deva_ads_msgs/share/deva_ads_msgs/local_setup.bash
-- Up-to-date: /home/linjiawei/load_mcap/install/deva_ads_msgs/share/deva_ads_msgs/local_setup.sh
-- Up-to-date: /home/linjiawei/load_mcap/install/deva_ads_msgs/share/deva_ads_msgs/local_setup.zsh
-- Up-to-date: /home/linjiawei/load_mcap/install/deva_ads_msgs/share/deva_ads_msgs/local_setup.dsv
-- Installing: /home/linjiawei/load_mcap/install/deva_ads_msgs/share/deva_ads_msgs/package.dsv
-- Up-to-date: /home/linjiawei/load_mcap/install/deva_ads_msgs/share/ament_index/resource_index/packages/deva_ads_msgs
-- Up-to-date: /home/linjiawei/load_mcap/install/deva_ads_msgs/share/deva_ads_msgs/cmake/export_deva_ads_msgs__rosidl_generator_cExport.cmake
-- Up-to-date: /home/linjiawei/load_mcap/install/deva_ads_msgs/share/deva_ads_msgs/cmake/export_deva_ads_msgs__rosidl_generator_cExport-noconfig.cmake
-- Up-to-date: /home/linjiawei/load_mcap/install/deva_ads_msgs/share/deva_ads_msgs/cmake/export_deva_ads_msgs__rosidl_typesupport_fastrtps_cExport.cmake
-- Up-to-date: /home/linjiawei/load_mcap/install/deva_ads_msgs/share/deva_ads_msgs/cmake/export_deva_ads_msgs__rosidl_typesupport_fastrtps_cExport-noconfig.cmake
-- Up-to-date: /home/linjiawei/load_mcap/install/deva_ads_msgs/share/deva_ads_msgs/cmake/deva_ads_msgs__rosidl_typesupport_introspection_cExport.cmake
-- Up-to-date: /home/linjiawei/load_mcap/install/deva_ads_msgs/share/deva_ads_msgs/cmake/deva_ads_msgs__rosidl_typesupport_introspection_cExport-noconfig.cmake
-- Up-to-date: /home/linjiawei/load_mcap/install/deva_ads_msgs/share/deva_ads_msgs/cmake/deva_ads_msgs__rosidl_typesupport_cExport.cmake
-- Up-to-date: /home/linjiawei/load_mcap/install/deva_ads_msgs/share/deva_ads_msgs/cmake/deva_ads_msgs__rosidl_typesupport_cExport-noconfig.cmake
-- Up-to-date: /home/linjiawei/load_mcap/install/deva_ads_msgs/share/deva_ads_msgs/cmake/export_deva_ads_msgs__rosidl_generator_cppExport.cmake
-- Up-to-date: /home/linjiawei/load_mcap/install/deva_ads_msgs/share/deva_ads_msgs/cmake/export_deva_ads_msgs__rosidl_typesupport_fastrtps_cppExport.cmake
-- Up-to-date: /home/linjiawei/load_mcap/install/deva_ads_msgs/share/deva_ads_msgs/cmake/export_deva_ads_msgs__rosidl_typesupport_fastrtps_cppExport-noconfig.cmake
-- Up-to-date: /home/linjiawei/load_mcap/install/deva_ads_msgs/share/deva_ads_msgs/cmake/deva_ads_msgs__rosidl_typesupport_introspection_cppExport.cmake
-- Up-to-date: /home/linjiawei/load_mcap/install/deva_ads_msgs/share/deva_ads_msgs/cmake/deva_ads_msgs__rosidl_typesupport_introspection_cppExport-noconfig.cmake
-- Up-to-date: /home/linjiawei/load_mcap/install/deva_ads_msgs/share/deva_ads_msgs/cmake/deva_ads_msgs__rosidl_typesupport_cppExport.cmake
-- Up-to-date: /home/linjiawei/load_mcap/install/deva_ads_msgs/share/deva_ads_msgs/cmake/deva_ads_msgs__rosidl_typesupport_cppExport-noconfig.cmake
-- Up-to-date: /home/linjiawei/load_mcap/install/deva_ads_msgs/share/deva_ads_msgs/cmake/export_deva_ads_msgs__rosidl_generator_pyExport.cmake
-- Up-to-date: /home/linjiawei/load_mcap/install/deva_ads_msgs/share/deva_ads_msgs/cmake/export_deva_ads_msgs__rosidl_generator_pyExport-noconfig.cmake
-- Up-to-date: /home/linjiawei/load_mcap/install/deva_ads_msgs/share/deva_ads_msgs/cmake/rosidl_cmake-extras.cmake
-- Up-to-date: /home/linjiawei/load_mcap/install/deva_ads_msgs/share/deva_ads_msgs/cmake/ament_cmake_export_dependencies-extras.cmake
-- Up-to-date: /home/linjiawei/load_mcap/install/deva_ads_msgs/share/deva_ads_msgs/cmake/ament_cmake_export_include_directories-extras.cmake
-- Up-to-date: /home/linjiawei/load_mcap/install/deva_ads_msgs/share/deva_ads_msgs/cmake/ament_cmake_export_libraries-extras.cmake
-- Up-to-date: /home/linjiawei/load_mcap/install/deva_ads_msgs/share/deva_ads_msgs/cmake/ament_cmake_export_targets-extras.cmake
-- Up-to-date: /home/linjiawei/load_mcap/install/deva_ads_msgs/share/deva_ads_msgs/cmake/rosidl_cmake_export_typesupport_targets-extras.cmake
-- Up-to-date: /home/linjiawei/load_mcap/install/deva_ads_msgs/share/deva_ads_msgs/cmake/rosidl_cmake_export_typesupport_libraries-extras.cmake
-- Up-to-date: /home/linjiawei/load_mcap/install/deva_ads_msgs/share/deva_ads_msgs/cmake/deva_ads_msgsConfig.cmake
-- Up-to-date: /home/linjiawei/load_mcap/install/deva_ads_msgs/share/deva_ads_msgs/cmake/deva_ads_msgsConfig-version.cmake
-- Up-to-date: /home/linjiawei/load_mcap/install/deva_ads_msgs/share/deva_ads_msgs/package.xml
