[0.045s] Invoking command in '/home/linjiawei/load_mcap/build/mcap_streamer': CMAKE_PREFIX_PATH=${CMAKE_PREFIX_PATH}:/opt/ros/humble /usr/bin/cmake --build /home/linjiawei/load_mcap/build/mcap_streamer -- -j17 -l17
[0.107s] Consolidate compiler generated dependencies of target s3_downloader_lib
[0.128s] [ 16%] Building CXX object CMakeFiles/s3_downloader_lib.dir/src/s3_downloader.cpp.o
[0.152s] Consolidate compiler generated dependencies of target mcap_reader_node
[0.194s] [ 50%] Built target mcap_reader_node
[0.810s] [ 66%] Linking CXX static library libs3_downloader_lib.a
[0.922s] [ 66%] Built target s3_downloader_lib
[0.939s] Consolidate compiler generated dependencies of target mcap_streamer_node
[0.954s] [ 83%] Linking CXX executable mcap_streamer_node
[1.217s] [100%] Built target mcap_streamer_node
[1.242s] Invoked command in '/home/linjiawei/load_mcap/build/mcap_streamer' returned '0': CMAKE_PREFIX_PATH=${CMAKE_PREFIX_PATH}:/opt/ros/humble /usr/bin/cmake --build /home/linjiawei/load_mcap/build/mcap_streamer -- -j17 -l17
[1.262s] Invoking command in '/home/linjiawei/load_mcap/build/mcap_streamer': CMAKE_PREFIX_PATH=${CMAKE_PREFIX_PATH}:/opt/ros/humble /usr/bin/cmake --install /home/linjiawei/load_mcap/build/mcap_streamer
[1.292s] -- Install configuration: ""
[1.293s] -- Installing: /home/linjiawei/load_mcap/install/mcap_streamer/lib/mcap_streamer/mcap_streamer_node
[1.293s] -- Set runtime path of "/home/linjiawei/load_mcap/install/mcap_streamer/lib/mcap_streamer/mcap_streamer_node" to ""
[1.293s] -- Up-to-date: /home/linjiawei/load_mcap/install/mcap_streamer/lib/mcap_streamer/mcap_reader_node
[1.294s] -- Up-to-date: /home/linjiawei/load_mcap/install/mcap_streamer/share/mcap_streamer/config
[1.294s] -- Up-to-date: /home/linjiawei/load_mcap/install/mcap_streamer/share/mcap_streamer/config/mcap_streamer_params.yaml
[1.294s] -- Up-to-date: /home/linjiawei/load_mcap/install/mcap_streamer/share/mcap_streamer/config/mcap_reader_params.yaml
[1.294s] -- Up-to-date: /home/linjiawei/load_mcap/install/mcap_streamer/share/mcap_streamer/launch
[1.294s] -- Up-to-date: /home/linjiawei/load_mcap/install/mcap_streamer/share/mcap_streamer/launch/mcap_streamer.launch.py
[1.294s] -- Up-to-date: /home/linjiawei/load_mcap/install/mcap_streamer/share/mcap_streamer/launch/mcap_reader.launch.py
[1.294s] -- Up-to-date: /home/linjiawei/load_mcap/install/mcap_streamer/share/mcap_streamer/launch/mcap_streamer_with_reader.launch.py
[1.294s] -- Up-to-date: /home/linjiawei/load_mcap/install/mcap_streamer/share/ament_index/resource_index/package_run_dependencies/mcap_streamer
[1.294s] -- Up-to-date: /home/linjiawei/load_mcap/install/mcap_streamer/share/ament_index/resource_index/parent_prefix_path/mcap_streamer
[1.294s] -- Up-to-date: /home/linjiawei/load_mcap/install/mcap_streamer/share/mcap_streamer/environment/ament_prefix_path.sh
[1.295s] -- Up-to-date: /home/linjiawei/load_mcap/install/mcap_streamer/share/mcap_streamer/environment/ament_prefix_path.dsv
[1.295s] -- Up-to-date: /home/linjiawei/load_mcap/install/mcap_streamer/share/mcap_streamer/environment/path.sh
[1.295s] -- Up-to-date: /home/linjiawei/load_mcap/install/mcap_streamer/share/mcap_streamer/environment/path.dsv
[1.295s] -- Up-to-date: /home/linjiawei/load_mcap/install/mcap_streamer/share/mcap_streamer/local_setup.bash
[1.295s] -- Up-to-date: /home/linjiawei/load_mcap/install/mcap_streamer/share/mcap_streamer/local_setup.sh
[1.295s] -- Up-to-date: /home/linjiawei/load_mcap/install/mcap_streamer/share/mcap_streamer/local_setup.zsh
[1.295s] -- Up-to-date: /home/linjiawei/load_mcap/install/mcap_streamer/share/mcap_streamer/local_setup.dsv
[1.295s] -- Installing: /home/linjiawei/load_mcap/install/mcap_streamer/share/mcap_streamer/package.dsv
[1.295s] -- Up-to-date: /home/linjiawei/load_mcap/install/mcap_streamer/share/ament_index/resource_index/packages/mcap_streamer
[1.295s] -- Up-to-date: /home/linjiawei/load_mcap/install/mcap_streamer/share/mcap_streamer/cmake/mcap_streamerConfig.cmake
[1.296s] -- Up-to-date: /home/linjiawei/load_mcap/install/mcap_streamer/share/mcap_streamer/cmake/mcap_streamerConfig-version.cmake
[1.296s] -- Up-to-date: /home/linjiawei/load_mcap/install/mcap_streamer/share/mcap_streamer/package.xml
[1.296s] Invoked command in '/home/linjiawei/load_mcap/build/mcap_streamer' returned '0': CMAKE_PREFIX_PATH=${CMAKE_PREFIX_PATH}:/opt/ros/humble /usr/bin/cmake --install /home/linjiawei/load_mcap/build/mcap_streamer
