[0.065s] Invoking command in '/home/linjiawei/load_mcap/build/fault_diagnosis': AMENT_PREFIX_PATH=/home/linjiawei/load_mcap/install/deva_common_msgs:${AMENT_PREFIX_PATH} CMAKE_PREFIX_PATH=/home/linjiawei/load_mcap/install/deva_common_msgs:/opt/ros/humble LD_LIBRARY_PATH=/home/linjiawei/load_mcap/install/deva_common_msgs/lib:${LD_LIBRARY_PATH} PYTHONPATH=/home/linjiawei/load_mcap/install/deva_common_msgs/local/lib/python3.10/dist-packages:${PYTHONPATH} /usr/bin/cmake --build /home/linjiawei/load_mcap/build/fault_diagnosis -- -j17 -l17
[0.116s] [  2%] Built target fault_diagnosis__cpp
[0.124s] [  2%] Built target ament_cmake_python_copy_fault_diagnosis
[0.130s] [ 12%] Built target fault_diagnosis__rosidl_generator_c
[0.139s] [ 23%] Built target fault_diagnosis__rosidl_typesupport_fastrtps_cpp
[0.143s] [ 34%] Built target fault_diagnosis__rosidl_typesupport_cpp
[0.145s] [ 44%] Built target fault_diagnosis__rosidl_typesupport_introspection_cpp
[0.151s] [ 55%] Built target fault_diagnosis__rosidl_typesupport_introspection_c
[0.155s] [ 65%] Built target fault_diagnosis__rosidl_typesupport_c
[0.163s] [ 76%] Built target fault_diagnosis__rosidl_typesupport_fastrtps_c
[0.184s] [ 76%] Built target fault_diagnosis
[0.206s] [ 78%] Built target fault_diagnosis__py
[0.229s] [ 87%] Built target fault_diagnosis__rosidl_generator_py
[0.249s] [ 91%] Built target fault_diagnosis__rosidl_typesupport_c__pyext
[0.252s] [ 95%] Built target fault_diagnosis__rosidl_typesupport_introspection_c__pyext
[0.254s] [100%] Built target fault_diagnosis__rosidl_typesupport_fastrtps_c__pyext
[0.414s] running egg_info
[0.415s] writing fault_diagnosis.egg-info/PKG-INFO
[0.415s] writing dependency_links to fault_diagnosis.egg-info/dependency_links.txt
[0.415s] writing top-level names to fault_diagnosis.egg-info/top_level.txt
[0.418s] reading manifest file 'fault_diagnosis.egg-info/SOURCES.txt'
[0.419s] writing manifest file 'fault_diagnosis.egg-info/SOURCES.txt'
[0.448s] [100%] Built target ament_cmake_python_build_fault_diagnosis_egg
[0.463s] Invoked command in '/home/linjiawei/load_mcap/build/fault_diagnosis' returned '0': AMENT_PREFIX_PATH=/home/linjiawei/load_mcap/install/deva_common_msgs:${AMENT_PREFIX_PATH} CMAKE_PREFIX_PATH=/home/linjiawei/load_mcap/install/deva_common_msgs:/opt/ros/humble LD_LIBRARY_PATH=/home/linjiawei/load_mcap/install/deva_common_msgs/lib:${LD_LIBRARY_PATH} PYTHONPATH=/home/linjiawei/load_mcap/install/deva_common_msgs/local/lib/python3.10/dist-packages:${PYTHONPATH} /usr/bin/cmake --build /home/linjiawei/load_mcap/build/fault_diagnosis -- -j17 -l17
[0.465s] Invoking command in '/home/linjiawei/load_mcap/build/fault_diagnosis': AMENT_PREFIX_PATH=/home/linjiawei/load_mcap/install/deva_common_msgs:${AMENT_PREFIX_PATH} CMAKE_PREFIX_PATH=/home/linjiawei/load_mcap/install/deva_common_msgs:/opt/ros/humble LD_LIBRARY_PATH=/home/linjiawei/load_mcap/install/deva_common_msgs/lib:${LD_LIBRARY_PATH} PYTHONPATH=/home/linjiawei/load_mcap/install/deva_common_msgs/local/lib/python3.10/dist-packages:${PYTHONPATH} /usr/bin/cmake --install /home/linjiawei/load_mcap/build/fault_diagnosis
[0.501s] -- Install configuration: ""
[0.501s] -- Up-to-date: /home/linjiawei/load_mcap/install/fault_diagnosis/share/ament_index/resource_index/rosidl_interfaces/fault_diagnosis
[0.501s] -- Up-to-date: /home/linjiawei/load_mcap/install/fault_diagnosis/include/fault_diagnosis/fault_diagnosis
[0.501s] -- Up-to-date: /home/linjiawei/load_mcap/install/fault_diagnosis/include/fault_diagnosis/fault_diagnosis/msg
[0.501s] -- Up-to-date: /home/linjiawei/load_mcap/install/fault_diagnosis/include/fault_diagnosis/fault_diagnosis/msg/rosidl_generator_c__visibility_control.h
[0.501s] -- Up-to-date: /home/linjiawei/load_mcap/install/fault_diagnosis/include/fault_diagnosis/fault_diagnosis/msg/diag_state.h
[0.501s] -- Up-to-date: /home/linjiawei/load_mcap/install/fault_diagnosis/include/fault_diagnosis/fault_diagnosis/msg/detail
[0.502s] -- Up-to-date: /home/linjiawei/load_mcap/install/fault_diagnosis/include/fault_diagnosis/fault_diagnosis/msg/detail/diag_state__functions.c
[0.502s] -- Up-to-date: /home/linjiawei/load_mcap/install/fault_diagnosis/include/fault_diagnosis/fault_diagnosis/msg/detail/diag_state__functions.h
[0.502s] -- Up-to-date: /home/linjiawei/load_mcap/install/fault_diagnosis/include/fault_diagnosis/fault_diagnosis/msg/detail/diag_state__struct.h
[0.502s] -- Up-to-date: /home/linjiawei/load_mcap/install/fault_diagnosis/include/fault_diagnosis/fault_diagnosis/msg/detail/diag_state__type_support.h
[0.502s] -- Up-to-date: /home/linjiawei/load_mcap/install/fault_diagnosis/include/fault_diagnosis/fault_diagnosis/msg/detail/odd_status_array__functions.c
[0.502s] -- Up-to-date: /home/linjiawei/load_mcap/install/fault_diagnosis/include/fault_diagnosis/fault_diagnosis/msg/detail/odd_status_array__functions.h
[0.502s] -- Up-to-date: /home/linjiawei/load_mcap/install/fault_diagnosis/include/fault_diagnosis/fault_diagnosis/msg/detail/odd_status_array__struct.h
[0.502s] -- Up-to-date: /home/linjiawei/load_mcap/install/fault_diagnosis/include/fault_diagnosis/fault_diagnosis/msg/detail/odd_status_array__type_support.h
[0.502s] -- Up-to-date: /home/linjiawei/load_mcap/install/fault_diagnosis/include/fault_diagnosis/fault_diagnosis/msg/detail/odd_status__functions.c
[0.502s] -- Up-to-date: /home/linjiawei/load_mcap/install/fault_diagnosis/include/fault_diagnosis/fault_diagnosis/msg/detail/odd_status__functions.h
[0.502s] -- Up-to-date: /home/linjiawei/load_mcap/install/fault_diagnosis/include/fault_diagnosis/fault_diagnosis/msg/detail/odd_status__struct.h
[0.503s] -- Up-to-date: /home/linjiawei/load_mcap/install/fault_diagnosis/include/fault_diagnosis/fault_diagnosis/msg/detail/odd_status__type_support.h
[0.503s] -- Up-to-date: /home/linjiawei/load_mcap/install/fault_diagnosis/include/fault_diagnosis/fault_diagnosis/msg/odd_status_array.h
[0.504s] -- Up-to-date: /home/linjiawei/load_mcap/install/fault_diagnosis/include/fault_diagnosis/fault_diagnosis/msg/odd_status.h
[0.505s] -- Up-to-date: /home/linjiawei/load_mcap/install/fault_diagnosis/share/fault_diagnosis/environment/library_path.sh
[0.505s] -- Up-to-date: /home/linjiawei/load_mcap/install/fault_diagnosis/share/fault_diagnosis/environment/library_path.dsv
[0.506s] -- Up-to-date: /home/linjiawei/load_mcap/install/fault_diagnosis/lib/libfault_diagnosis__rosidl_generator_c.so
[0.507s] -- Up-to-date: /home/linjiawei/load_mcap/install/fault_diagnosis/include/fault_diagnosis/fault_diagnosis
[0.507s] -- Up-to-date: /home/linjiawei/load_mcap/install/fault_diagnosis/include/fault_diagnosis/fault_diagnosis/msg
[0.507s] -- Up-to-date: /home/linjiawei/load_mcap/install/fault_diagnosis/include/fault_diagnosis/fault_diagnosis/msg/rosidl_typesupport_fastrtps_c__visibility_control.h
[0.507s] -- Up-to-date: /home/linjiawei/load_mcap/install/fault_diagnosis/include/fault_diagnosis/fault_diagnosis/msg/detail
[0.507s] -- Up-to-date: /home/linjiawei/load_mcap/install/fault_diagnosis/include/fault_diagnosis/fault_diagnosis/msg/detail/diag_state__rosidl_typesupport_fastrtps_c.h
[0.507s] -- Up-to-date: /home/linjiawei/load_mcap/install/fault_diagnosis/include/fault_diagnosis/fault_diagnosis/msg/detail/odd_status_array__rosidl_typesupport_fastrtps_c.h
[0.507s] -- Up-to-date: /home/linjiawei/load_mcap/install/fault_diagnosis/include/fault_diagnosis/fault_diagnosis/msg/detail/odd_status__rosidl_typesupport_fastrtps_c.h
[0.507s] -- Up-to-date: /home/linjiawei/load_mcap/install/fault_diagnosis/lib/libfault_diagnosis__rosidl_typesupport_fastrtps_c.so
[0.511s] -- Up-to-date: /home/linjiawei/load_mcap/install/fault_diagnosis/include/fault_diagnosis/fault_diagnosis
[0.511s] -- Up-to-date: /home/linjiawei/load_mcap/install/fault_diagnosis/include/fault_diagnosis/fault_diagnosis/msg
[0.513s] -- Up-to-date: /home/linjiawei/load_mcap/install/fault_diagnosis/include/fault_diagnosis/fault_diagnosis/msg/rosidl_typesupport_introspection_c__visibility_control.h
[0.513s] -- Up-to-date: /home/linjiawei/load_mcap/install/fault_diagnosis/include/fault_diagnosis/fault_diagnosis/msg/detail
[0.513s] -- Up-to-date: /home/linjiawei/load_mcap/install/fault_diagnosis/include/fault_diagnosis/fault_diagnosis/msg/detail/diag_state__rosidl_typesupport_introspection_c.h
[0.514s] -- Up-to-date: /home/linjiawei/load_mcap/install/fault_diagnosis/include/fault_diagnosis/fault_diagnosis/msg/detail/diag_state__type_support.c
[0.514s] -- Up-to-date: /home/linjiawei/load_mcap/install/fault_diagnosis/include/fault_diagnosis/fault_diagnosis/msg/detail/odd_status_array__rosidl_typesupport_introspection_c.h
[0.514s] -- Up-to-date: /home/linjiawei/load_mcap/install/fault_diagnosis/include/fault_diagnosis/fault_diagnosis/msg/detail/odd_status_array__type_support.c
[0.514s] -- Up-to-date: /home/linjiawei/load_mcap/install/fault_diagnosis/include/fault_diagnosis/fault_diagnosis/msg/detail/odd_status__rosidl_typesupport_introspection_c.h
[0.514s] -- Up-to-date: /home/linjiawei/load_mcap/install/fault_diagnosis/include/fault_diagnosis/fault_diagnosis/msg/detail/odd_status__type_support.c
[0.514s] -- Up-to-date: /home/linjiawei/load_mcap/install/fault_diagnosis/lib/libfault_diagnosis__rosidl_typesupport_introspection_c.so
[0.514s] -- Up-to-date: /home/linjiawei/load_mcap/install/fault_diagnosis/lib/libfault_diagnosis__rosidl_typesupport_c.so
[0.514s] -- Up-to-date: /home/linjiawei/load_mcap/install/fault_diagnosis/include/fault_diagnosis/fault_diagnosis
[0.514s] -- Up-to-date: /home/linjiawei/load_mcap/install/fault_diagnosis/include/fault_diagnosis/fault_diagnosis/msg
[0.514s] -- Up-to-date: /home/linjiawei/load_mcap/install/fault_diagnosis/include/fault_diagnosis/fault_diagnosis/msg/rosidl_generator_cpp__visibility_control.hpp
[0.515s] -- Up-to-date: /home/linjiawei/load_mcap/install/fault_diagnosis/include/fault_diagnosis/fault_diagnosis/msg/diag_state.hpp
[0.515s] -- Up-to-date: /home/linjiawei/load_mcap/install/fault_diagnosis/include/fault_diagnosis/fault_diagnosis/msg/detail
[0.515s] -- Up-to-date: /home/linjiawei/load_mcap/install/fault_diagnosis/include/fault_diagnosis/fault_diagnosis/msg/detail/diag_state__builder.hpp
[0.515s] -- Up-to-date: /home/linjiawei/load_mcap/install/fault_diagnosis/include/fault_diagnosis/fault_diagnosis/msg/detail/diag_state__struct.hpp
[0.515s] -- Up-to-date: /home/linjiawei/load_mcap/install/fault_diagnosis/include/fault_diagnosis/fault_diagnosis/msg/detail/diag_state__traits.hpp
[0.515s] -- Up-to-date: /home/linjiawei/load_mcap/install/fault_diagnosis/include/fault_diagnosis/fault_diagnosis/msg/detail/diag_state__type_support.hpp
[0.517s] -- Up-to-date: /home/linjiawei/load_mcap/install/fault_diagnosis/include/fault_diagnosis/fault_diagnosis/msg/detail/odd_status_array__builder.hpp
[0.519s] -- Up-to-date: /home/linjiawei/load_mcap/install/fault_diagnosis/include/fault_diagnosis/fault_diagnosis/msg/detail/odd_status_array__struct.hpp
[0.519s] -- Up-to-date: /home/linjiawei/load_mcap/install/fault_diagnosis/include/fault_diagnosis/fault_diagnosis/msg/detail/odd_status_array__traits.hpp
[0.519s] -- Up-to-date: /home/linjiawei/load_mcap/install/fault_diagnosis/include/fault_diagnosis/fault_diagnosis/msg/detail/odd_status_array__type_support.hpp
[0.519s] -- Up-to-date: /home/linjiawei/load_mcap/install/fault_diagnosis/include/fault_diagnosis/fault_diagnosis/msg/detail/odd_status__builder.hpp
[0.519s] -- Up-to-date: /home/linjiawei/load_mcap/install/fault_diagnosis/include/fault_diagnosis/fault_diagnosis/msg/detail/odd_status__struct.hpp
[0.519s] -- Up-to-date: /home/linjiawei/load_mcap/install/fault_diagnosis/include/fault_diagnosis/fault_diagnosis/msg/detail/odd_status__traits.hpp
[0.519s] -- Up-to-date: /home/linjiawei/load_mcap/install/fault_diagnosis/include/fault_diagnosis/fault_diagnosis/msg/detail/odd_status__type_support.hpp
[0.519s] -- Up-to-date: /home/linjiawei/load_mcap/install/fault_diagnosis/include/fault_diagnosis/fault_diagnosis/msg/odd_status_array.hpp
[0.519s] -- Up-to-date: /home/linjiawei/load_mcap/install/fault_diagnosis/include/fault_diagnosis/fault_diagnosis/msg/odd_status.hpp
[0.519s] -- Up-to-date: /home/linjiawei/load_mcap/install/fault_diagnosis/include/fault_diagnosis/fault_diagnosis
[0.520s] -- Up-to-date: /home/linjiawei/load_mcap/install/fault_diagnosis/include/fault_diagnosis/fault_diagnosis/msg
[0.520s] -- Up-to-date: /home/linjiawei/load_mcap/install/fault_diagnosis/include/fault_diagnosis/fault_diagnosis/msg/rosidl_typesupport_fastrtps_cpp__visibility_control.h
[0.520s] -- Up-to-date: /home/linjiawei/load_mcap/install/fault_diagnosis/include/fault_diagnosis/fault_diagnosis/msg/detail
[0.520s] -- Up-to-date: /home/linjiawei/load_mcap/install/fault_diagnosis/include/fault_diagnosis/fault_diagnosis/msg/detail/diag_state__rosidl_typesupport_fastrtps_cpp.hpp
[0.520s] -- Up-to-date: /home/linjiawei/load_mcap/install/fault_diagnosis/include/fault_diagnosis/fault_diagnosis/msg/detail/dds_fastrtps
[0.521s] -- Up-to-date: /home/linjiawei/load_mcap/install/fault_diagnosis/include/fault_diagnosis/fault_diagnosis/msg/detail/odd_status_array__rosidl_typesupport_fastrtps_cpp.hpp
[0.521s] -- Up-to-date: /home/linjiawei/load_mcap/install/fault_diagnosis/include/fault_diagnosis/fault_diagnosis/msg/detail/odd_status__rosidl_typesupport_fastrtps_cpp.hpp
[0.526s] -- Up-to-date: /home/linjiawei/load_mcap/install/fault_diagnosis/lib/libfault_diagnosis__rosidl_typesupport_fastrtps_cpp.so
[0.526s] -- Up-to-date: /home/linjiawei/load_mcap/install/fault_diagnosis/include/fault_diagnosis/fault_diagnosis
[0.526s] -- Up-to-date: /home/linjiawei/load_mcap/install/fault_diagnosis/include/fault_diagnosis/fault_diagnosis/msg
[0.526s] -- Up-to-date: /home/linjiawei/load_mcap/install/fault_diagnosis/include/fault_diagnosis/fault_diagnosis/msg/detail
[0.528s] -- Up-to-date: /home/linjiawei/load_mcap/install/fault_diagnosis/include/fault_diagnosis/fault_diagnosis/msg/detail/diag_state__rosidl_typesupport_introspection_cpp.hpp
[0.528s] -- Up-to-date: /home/linjiawei/load_mcap/install/fault_diagnosis/include/fault_diagnosis/fault_diagnosis/msg/detail/diag_state__type_support.cpp
[0.528s] -- Up-to-date: /home/linjiawei/load_mcap/install/fault_diagnosis/include/fault_diagnosis/fault_diagnosis/msg/detail/odd_status_array__rosidl_typesupport_introspection_cpp.hpp
[0.528s] -- Up-to-date: /home/linjiawei/load_mcap/install/fault_diagnosis/include/fault_diagnosis/fault_diagnosis/msg/detail/odd_status_array__type_support.cpp
[0.529s] -- Up-to-date: /home/linjiawei/load_mcap/install/fault_diagnosis/include/fault_diagnosis/fault_diagnosis/msg/detail/odd_status__rosidl_typesupport_introspection_cpp.hpp
[0.530s] -- Up-to-date: /home/linjiawei/load_mcap/install/fault_diagnosis/include/fault_diagnosis/fault_diagnosis/msg/detail/odd_status__type_support.cpp
[0.530s] -- Up-to-date: /home/linjiawei/load_mcap/install/fault_diagnosis/lib/libfault_diagnosis__rosidl_typesupport_introspection_cpp.so
[0.536s] -- Up-to-date: /home/linjiawei/load_mcap/install/fault_diagnosis/lib/libfault_diagnosis__rosidl_typesupport_cpp.so
[0.536s] -- Up-to-date: /home/linjiawei/load_mcap/install/fault_diagnosis/share/fault_diagnosis/environment/pythonpath.sh
[0.536s] -- Up-to-date: /home/linjiawei/load_mcap/install/fault_diagnosis/share/fault_diagnosis/environment/pythonpath.dsv
[0.537s] -- Up-to-date: /home/linjiawei/load_mcap/install/fault_diagnosis/local/lib/python3.10/dist-packages/fault_diagnosis-0.0.0-py3.10.egg-info
[0.537s] -- Installing: /home/linjiawei/load_mcap/install/fault_diagnosis/local/lib/python3.10/dist-packages/fault_diagnosis-0.0.0-py3.10.egg-info/PKG-INFO
[0.537s] -- Installing: /home/linjiawei/load_mcap/install/fault_diagnosis/local/lib/python3.10/dist-packages/fault_diagnosis-0.0.0-py3.10.egg-info/dependency_links.txt
[0.537s] -- Installing: /home/linjiawei/load_mcap/install/fault_diagnosis/local/lib/python3.10/dist-packages/fault_diagnosis-0.0.0-py3.10.egg-info/top_level.txt
[0.541s] -- Installing: /home/linjiawei/load_mcap/install/fault_diagnosis/local/lib/python3.10/dist-packages/fault_diagnosis-0.0.0-py3.10.egg-info/SOURCES.txt
[0.544s] -- Up-to-date: /home/linjiawei/load_mcap/install/fault_diagnosis/local/lib/python3.10/dist-packages/fault_diagnosis
[0.544s] -- Up-to-date: /home/linjiawei/load_mcap/install/fault_diagnosis/local/lib/python3.10/dist-packages/fault_diagnosis/__init__.py
[0.544s] -- Up-to-date: /home/linjiawei/load_mcap/install/fault_diagnosis/local/lib/python3.10/dist-packages/fault_diagnosis/msg
[0.544s] -- Up-to-date: /home/linjiawei/load_mcap/install/fault_diagnosis/local/lib/python3.10/dist-packages/fault_diagnosis/msg/_diag_state.py
[0.544s] -- Up-to-date: /home/linjiawei/load_mcap/install/fault_diagnosis/local/lib/python3.10/dist-packages/fault_diagnosis/msg/_diag_state_s.c
[0.544s] -- Up-to-date: /home/linjiawei/load_mcap/install/fault_diagnosis/local/lib/python3.10/dist-packages/fault_diagnosis/msg/_odd_status_array.py
[0.545s] -- Up-to-date: /home/linjiawei/load_mcap/install/fault_diagnosis/local/lib/python3.10/dist-packages/fault_diagnosis/msg/_odd_status_array_s.c
[0.548s] -- Up-to-date: /home/linjiawei/load_mcap/install/fault_diagnosis/local/lib/python3.10/dist-packages/fault_diagnosis/msg/_odd_status.py
[0.548s] -- Up-to-date: /home/linjiawei/load_mcap/install/fault_diagnosis/local/lib/python3.10/dist-packages/fault_diagnosis/msg/_odd_status_s.c
[0.548s] -- Up-to-date: /home/linjiawei/load_mcap/install/fault_diagnosis/local/lib/python3.10/dist-packages/fault_diagnosis/msg/__init__.py
[0.549s] -- Up-to-date: /home/linjiawei/load_mcap/install/fault_diagnosis/local/lib/python3.10/dist-packages/fault_diagnosis/_fault_diagnosis_s.ep.rosidl_typesupport_fastrtps_c.c
[0.549s] -- Up-to-date: /home/linjiawei/load_mcap/install/fault_diagnosis/local/lib/python3.10/dist-packages/fault_diagnosis/_fault_diagnosis_s.ep.rosidl_typesupport_introspection_c.c
[0.549s] -- Up-to-date: /home/linjiawei/load_mcap/install/fault_diagnosis/local/lib/python3.10/dist-packages/fault_diagnosis/_fault_diagnosis_s.ep.rosidl_typesupport_c.c
[0.549s] -- Up-to-date: /home/linjiawei/load_mcap/install/fault_diagnosis/local/lib/python3.10/dist-packages/fault_diagnosis/libfault_diagnosis__rosidl_generator_py.so
[0.549s] -- Up-to-date: /home/linjiawei/load_mcap/install/fault_diagnosis/local/lib/python3.10/dist-packages/fault_diagnosis/fault_diagnosis_s__rosidl_typesupport_fastrtps_c.cpython-310-x86_64-linux-gnu.so
[0.549s] -- Up-to-date: /home/linjiawei/load_mcap/install/fault_diagnosis/local/lib/python3.10/dist-packages/fault_diagnosis/fault_diagnosis_s__rosidl_typesupport_c.cpython-310-x86_64-linux-gnu.so
[0.549s] -- Up-to-date: /home/linjiawei/load_mcap/install/fault_diagnosis/local/lib/python3.10/dist-packages/fault_diagnosis/fault_diagnosis_s__rosidl_typesupport_introspection_c.cpython-310-x86_64-linux-gnu.so
[0.663s] Listing '/home/linjiawei/load_mcap/install/fault_diagnosis/local/lib/python3.10/dist-packages/fault_diagnosis'...
[0.663s] Listing '/home/linjiawei/load_mcap/install/fault_diagnosis/local/lib/python3.10/dist-packages/fault_diagnosis/msg'...
[0.664s] -- Up-to-date: /home/linjiawei/load_mcap/install/fault_diagnosis/local/lib/python3.10/dist-packages/fault_diagnosis/fault_diagnosis_s__rosidl_typesupport_fastrtps_c.cpython-310-x86_64-linux-gnu.so
[0.664s] -- Up-to-date: /home/linjiawei/load_mcap/install/fault_diagnosis/local/lib/python3.10/dist-packages/fault_diagnosis/fault_diagnosis_s__rosidl_typesupport_introspection_c.cpython-310-x86_64-linux-gnu.so
[0.664s] -- Up-to-date: /home/linjiawei/load_mcap/install/fault_diagnosis/local/lib/python3.10/dist-packages/fault_diagnosis/fault_diagnosis_s__rosidl_typesupport_c.cpython-310-x86_64-linux-gnu.so
[0.664s] -- Up-to-date: /home/linjiawei/load_mcap/install/fault_diagnosis/lib/libfault_diagnosis__rosidl_generator_py.so
[0.664s] -- Up-to-date: /home/linjiawei/load_mcap/install/fault_diagnosis/share/fault_diagnosis/msg/DiagState.idl
[0.664s] -- Up-to-date: /home/linjiawei/load_mcap/install/fault_diagnosis/share/fault_diagnosis/msg/ODDStatusArray.idl
[0.664s] -- Up-to-date: /home/linjiawei/load_mcap/install/fault_diagnosis/share/fault_diagnosis/msg/OddStatus.idl
[0.664s] -- Up-to-date: /home/linjiawei/load_mcap/install/fault_diagnosis/share/fault_diagnosis/msg/DiagState.msg
[0.664s] -- Up-to-date: /home/linjiawei/load_mcap/install/fault_diagnosis/share/fault_diagnosis/msg/ODDStatusArray.msg
[0.664s] -- Up-to-date: /home/linjiawei/load_mcap/install/fault_diagnosis/share/fault_diagnosis/msg/OddStatus.msg
[0.664s] -- Up-to-date: /home/linjiawei/load_mcap/install/fault_diagnosis/share/ament_index/resource_index/package_run_dependencies/fault_diagnosis
[0.665s] -- Up-to-date: /home/linjiawei/load_mcap/install/fault_diagnosis/share/ament_index/resource_index/parent_prefix_path/fault_diagnosis
[0.665s] -- Up-to-date: /home/linjiawei/load_mcap/install/fault_diagnosis/share/fault_diagnosis/environment/ament_prefix_path.sh
[0.665s] -- Up-to-date: /home/linjiawei/load_mcap/install/fault_diagnosis/share/fault_diagnosis/environment/ament_prefix_path.dsv
[0.665s] -- Up-to-date: /home/linjiawei/load_mcap/install/fault_diagnosis/share/fault_diagnosis/environment/path.sh
[0.665s] -- Up-to-date: /home/linjiawei/load_mcap/install/fault_diagnosis/share/fault_diagnosis/environment/path.dsv
[0.665s] -- Up-to-date: /home/linjiawei/load_mcap/install/fault_diagnosis/share/fault_diagnosis/local_setup.bash
[0.665s] -- Up-to-date: /home/linjiawei/load_mcap/install/fault_diagnosis/share/fault_diagnosis/local_setup.sh
[0.665s] -- Up-to-date: /home/linjiawei/load_mcap/install/fault_diagnosis/share/fault_diagnosis/local_setup.zsh
[0.665s] -- Up-to-date: /home/linjiawei/load_mcap/install/fault_diagnosis/share/fault_diagnosis/local_setup.dsv
[0.665s] -- Installing: /home/linjiawei/load_mcap/install/fault_diagnosis/share/fault_diagnosis/package.dsv
[0.665s] -- Up-to-date: /home/linjiawei/load_mcap/install/fault_diagnosis/share/ament_index/resource_index/packages/fault_diagnosis
[0.666s] -- Up-to-date: /home/linjiawei/load_mcap/install/fault_diagnosis/share/fault_diagnosis/cmake/export_fault_diagnosis__rosidl_generator_cExport.cmake
[0.666s] -- Up-to-date: /home/linjiawei/load_mcap/install/fault_diagnosis/share/fault_diagnosis/cmake/export_fault_diagnosis__rosidl_generator_cExport-noconfig.cmake
[0.666s] -- Up-to-date: /home/linjiawei/load_mcap/install/fault_diagnosis/share/fault_diagnosis/cmake/export_fault_diagnosis__rosidl_typesupport_fastrtps_cExport.cmake
[0.667s] -- Up-to-date: /home/linjiawei/load_mcap/install/fault_diagnosis/share/fault_diagnosis/cmake/export_fault_diagnosis__rosidl_typesupport_fastrtps_cExport-noconfig.cmake
[0.667s] -- Up-to-date: /home/linjiawei/load_mcap/install/fault_diagnosis/share/fault_diagnosis/cmake/fault_diagnosis__rosidl_typesupport_introspection_cExport.cmake
[0.667s] -- Up-to-date: /home/linjiawei/load_mcap/install/fault_diagnosis/share/fault_diagnosis/cmake/fault_diagnosis__rosidl_typesupport_introspection_cExport-noconfig.cmake
[0.667s] -- Up-to-date: /home/linjiawei/load_mcap/install/fault_diagnosis/share/fault_diagnosis/cmake/fault_diagnosis__rosidl_typesupport_cExport.cmake
[0.667s] -- Up-to-date: /home/linjiawei/load_mcap/install/fault_diagnosis/share/fault_diagnosis/cmake/fault_diagnosis__rosidl_typesupport_cExport-noconfig.cmake
[0.667s] -- Up-to-date: /home/linjiawei/load_mcap/install/fault_diagnosis/share/fault_diagnosis/cmake/export_fault_diagnosis__rosidl_generator_cppExport.cmake
[0.667s] -- Up-to-date: /home/linjiawei/load_mcap/install/fault_diagnosis/share/fault_diagnosis/cmake/export_fault_diagnosis__rosidl_typesupport_fastrtps_cppExport.cmake
[0.667s] -- Up-to-date: /home/linjiawei/load_mcap/install/fault_diagnosis/share/fault_diagnosis/cmake/export_fault_diagnosis__rosidl_typesupport_fastrtps_cppExport-noconfig.cmake
[0.667s] -- Up-to-date: /home/linjiawei/load_mcap/install/fault_diagnosis/share/fault_diagnosis/cmake/fault_diagnosis__rosidl_typesupport_introspection_cppExport.cmake
[0.667s] -- Up-to-date: /home/linjiawei/load_mcap/install/fault_diagnosis/share/fault_diagnosis/cmake/fault_diagnosis__rosidl_typesupport_introspection_cppExport-noconfig.cmake
[0.668s] -- Up-to-date: /home/linjiawei/load_mcap/install/fault_diagnosis/share/fault_diagnosis/cmake/fault_diagnosis__rosidl_typesupport_cppExport.cmake
[0.668s] -- Up-to-date: /home/linjiawei/load_mcap/install/fault_diagnosis/share/fault_diagnosis/cmake/fault_diagnosis__rosidl_typesupport_cppExport-noconfig.cmake
[0.668s] -- Up-to-date: /home/linjiawei/load_mcap/install/fault_diagnosis/share/fault_diagnosis/cmake/export_fault_diagnosis__rosidl_generator_pyExport.cmake
[0.668s] -- Up-to-date: /home/linjiawei/load_mcap/install/fault_diagnosis/share/fault_diagnosis/cmake/export_fault_diagnosis__rosidl_generator_pyExport-noconfig.cmake
[0.668s] -- Up-to-date: /home/linjiawei/load_mcap/install/fault_diagnosis/share/fault_diagnosis/cmake/rosidl_cmake-extras.cmake
[0.668s] -- Up-to-date: /home/linjiawei/load_mcap/install/fault_diagnosis/share/fault_diagnosis/cmake/ament_cmake_export_dependencies-extras.cmake
[0.668s] -- Up-to-date: /home/linjiawei/load_mcap/install/fault_diagnosis/share/fault_diagnosis/cmake/ament_cmake_export_include_directories-extras.cmake
[0.670s] -- Up-to-date: /home/linjiawei/load_mcap/install/fault_diagnosis/share/fault_diagnosis/cmake/ament_cmake_export_libraries-extras.cmake
[0.670s] -- Up-to-date: /home/linjiawei/load_mcap/install/fault_diagnosis/share/fault_diagnosis/cmake/ament_cmake_export_targets-extras.cmake
[0.670s] -- Up-to-date: /home/linjiawei/load_mcap/install/fault_diagnosis/share/fault_diagnosis/cmake/rosidl_cmake_export_typesupport_targets-extras.cmake
[0.670s] -- Up-to-date: /home/linjiawei/load_mcap/install/fault_diagnosis/share/fault_diagnosis/cmake/rosidl_cmake_export_typesupport_libraries-extras.cmake
[0.670s] -- Up-to-date: /home/linjiawei/load_mcap/install/fault_diagnosis/share/fault_diagnosis/cmake/fault_diagnosisConfig.cmake
[0.670s] -- Up-to-date: /home/linjiawei/load_mcap/install/fault_diagnosis/share/fault_diagnosis/cmake/fault_diagnosisConfig-version.cmake
[0.670s] -- Up-to-date: /home/linjiawei/load_mcap/install/fault_diagnosis/share/fault_diagnosis/package.xml
[0.670s] Invoked command in '/home/linjiawei/load_mcap/build/fault_diagnosis' returned '0': AMENT_PREFIX_PATH=/home/linjiawei/load_mcap/install/deva_common_msgs:${AMENT_PREFIX_PATH} CMAKE_PREFIX_PATH=/home/linjiawei/load_mcap/install/deva_common_msgs:/opt/ros/humble LD_LIBRARY_PATH=/home/linjiawei/load_mcap/install/deva_common_msgs/lib:${LD_LIBRARY_PATH} PYTHONPATH=/home/linjiawei/load_mcap/install/deva_common_msgs/local/lib/python3.10/dist-packages:${PYTHONPATH} /usr/bin/cmake --install /home/linjiawei/load_mcap/build/fault_diagnosis
