[0.013s] Invoking command in '/home/linjiawei/load_mcap/build/mcap_streamer': CMAKE_PREFIX_PATH=${CMAKE_PREFIX_PATH}:/opt/ros/humble /usr/bin/cmake --build /home/linjiawei/load_mcap/build/mcap_streamer -- -j17 -l17
[0.061s] Consolidate compiler generated dependencies of target mcap_reader_node
[0.067s] [ 33%] Built target s3_downloader_lib
[0.075s] [ 50%] Building CXX object CMakeFiles/mcap_reader_node.dir/src/mcap_reader_node.cpp.o
[0.094s] [ 83%] Built target mcap_streamer_node
[2.506s] /home/linjiawei/load_mcap/src/mcap_streamer/src/mcap_reader_node.cpp: In member function ‘std::string McapReaderNode::formatValue(const MessageMember*, const uint8_t*, size_t&, int)’:
[2.506s] /home/linjiawei/load_mcap/src/mcap_streamer/src/mcap_reader_node.cpp:511:50: error: ‘const rosidl_message_type_support_t’ {aka ‘const struct rosidl_message_type_support_t’} has no member named ‘members_’
[2.506s]   511 |           oss << formatMessage(member->members_->members_, member->members_->member_count_, data, offset, indent + 2);
[2.506s]       |                                                  ^~~~~~~~
[2.507s] /home/linjiawei/load_mcap/src/mcap_streamer/src/mcap_reader_node.cpp:511:78: error: ‘const rosidl_message_type_support_t’ {aka ‘const struct rosidl_message_type_support_t’} has no member named ‘member_count_’
[2.507s]   511 |           oss << formatMessage(member->members_->members_, member->members_->member_count_, data, offset, indent + 2);
[2.507s]       |                                                                              ^~~~~~~~~~~~~
[2.507s] /home/linjiawei/load_mcap/src/mcap_streamer/src/mcap_reader_node.cpp:533:46: error: ‘const rosidl_message_type_support_t’ {aka ‘const struct rosidl_message_type_support_t’} has no member named ‘members_’
[2.507s]   533 |       oss << formatMessage(member->members_->members_, member->members_->member_count_, data, offset, indent + 1);
[2.507s]       |                                              ^~~~~~~~
[2.507s] /home/linjiawei/load_mcap/src/mcap_streamer/src/mcap_reader_node.cpp:533:74: error: ‘const rosidl_message_type_support_t’ {aka ‘const struct rosidl_message_type_support_t’} has no member named ‘member_count_’
[2.507s]   533 |       oss << formatMessage(member->members_->members_, member->members_->member_count_, data, offset, indent + 1);
[2.508s]       |                                                                          ^~~~~~~~~~~~~
[3.436s] gmake[2]: *** [CMakeFiles/mcap_reader_node.dir/build.make:76: CMakeFiles/mcap_reader_node.dir/src/mcap_reader_node.cpp.o] Error 1
[3.436s] gmake[1]: *** [CMakeFiles/Makefile2:193: CMakeFiles/mcap_reader_node.dir/all] Error 2
[3.436s] gmake: *** [Makefile:146: all] Error 2
[3.438s] Invoked command in '/home/linjiawei/load_mcap/build/mcap_streamer' returned '2': CMAKE_PREFIX_PATH=${CMAKE_PREFIX_PATH}:/opt/ros/humble /usr/bin/cmake --build /home/linjiawei/load_mcap/build/mcap_streamer -- -j17 -l17
