-- Found ament_cmake: 1.3.12 (/opt/ros/humble/share/ament_cmake/cmake)
-- Found rclcpp: 16.0.15 (/opt/ros/humble/share/rclcpp/cmake)
-- Found rosidl_generator_c: 3.1.7 (/opt/ros/humble/share/rosidl_generator_c/cmake)
-- Found rosidl_adapter: 3.1.7 (/opt/ros/humble/share/rosidl_adapter/cmake)
-- Found rosidl_generator_cpp: 3.1.7 (/opt/ros/humble/share/rosidl_generator_cpp/cmake)
-- Using all available rosidl_typesupport_c: rosidl_typesupport_fastrtps_c;rosidl_typesupport_introspection_c
-- Using all available rosidl_typesupport_cpp: rosidl_typesupport_fastrtps_cpp;rosidl_typesupport_introspection_cpp
-- Found rmw_implementation_cmake: 6.1.2 (/opt/ros/humble/share/rmw_implementation_cmake/cmake)
-- Found rmw_fastrtps_cpp: 6.2.9 (/opt/ros/humble/share/rmw_fastrtps_cpp/cmake)
-- Using RMW implementation 'rmw_fastrtps_cpp' as default
-- Found rosbag2_cpp: 0.15.15 (/opt/ros/humble/share/rosbag2_cpp/cmake)
-- Found deva_perception_msgs: 0.0.0 (/home/linjiawei/load_mcap/install/deva_perception_msgs/share/deva_perception_msgs/cmake)
-- Found deva_control_msgs: 0.0.0 (/home/linjiawei/load_mcap/install/deva_control_msgs/share/deva_control_msgs/cmake)
-- Found deva_aeb_msgs: 0.0.0 (/home/linjiawei/load_mcap/install/deva_aeb_msgs/share/deva_aeb_msgs/cmake)
-- Found deva_mdriver_msgs: 0.0.0 (/home/linjiawei/load_mcap/install/deva_mdriver_msgs/share/deva_mdriver_msgs/cmake)
-- Found deva_gaode_routing_msgs: 0.0.0 (/home/linjiawei/load_mcap/install/deva_gaode_routing_msgs/share/deva_gaode_routing_msgs/cmake)
-- Found deva_navi_msgs: 0.0.0 (/home/linjiawei/load_mcap/install/deva_navi_msgs/share/deva_navi_msgs/cmake)
-- Found deva_ads_msgs: 0.0.0 (/home/linjiawei/load_mcap/install/deva_ads_msgs/share/deva_ads_msgs/cmake)
-- Found deva_function_msgs: 0.0.0 (/home/linjiawei/load_mcap/install/deva_function_msgs/share/deva_function_msgs/cmake)
-- Found rviz_plug_msg: 0.0.0 (/home/linjiawei/load_mcap/install/rviz_plug_msg/share/rviz_plug_msg/cmake)
-- Found fault_diagnosis: 0.0.0 (/home/linjiawei/load_mcap/install/fault_diagnosis/share/fault_diagnosis/cmake)
-- Found serialize_msgs: 0.0.0 (/home/linjiawei/load_mcap/install/serialize_msgs/share/serialize_msgs/cmake)
-- Found environment_model_msgs: 0.0.0 (/home/linjiawei/load_mcap/install/environment_model_msgs/share/environment_model_msgs/cmake)
-- Found visualization_msgs: 4.9.0 (/opt/ros/humble/share/visualization_msgs/cmake)
-- Found foxglove_msgs: 3.2.1 (/opt/ros/humble/share/foxglove_msgs/cmake)
-- Found ament_lint_auto: 0.12.14 (/opt/ros/humble/share/ament_lint_auto/cmake)
-- Added test 'cppcheck' to perform static code analysis on C / C++ code
-- Configured cppcheck include dirs: $<BUILD_INTERFACE:/home/linjiawei/load_mcap/src/mcap_streamer/include>
-- Configured cppcheck exclude dirs and/or files: 
-- Added test 'flake8' to check Python code syntax and style conventions
-- Added test 'lint_cmake' to check CMake code style
-- Added test 'pep257' to check Python code against some of the docstring style conventions in PEP 257
-- Added test 'uncrustify' to check C / C++ code style
-- Configured uncrustify additional arguments: 
-- Added test 'xmllint' to check XML markup files
-- Configuring done
-- Generating done
-- Build files have been written to: /home/linjiawei/load_mcap/build/mcap_streamer
Consolidate compiler generated dependencies of target s3_downloader_lib
[ 12%] Building CXX object CMakeFiles/ros_message_converter_lib.dir/src/ros_message_converter.cpp.o
[ 37%] Built target s3_downloader_lib
Consolidate compiler generated dependencies of target mcap_streamer_node
[ 62%] Built target mcap_streamer_node
In file included from /home/linjiawei/load_mcap/src/mcap_streamer/src/ros_message_converter.cpp:1:
/home/linjiawei/load_mcap/src/mcap_streamer/include/mcap_streamer/ros_message_converter.hpp: In function ‘mcap_streamer::MessageMap mcap_streamer::message_to_map(const T&) [with T = deva_perception_msgs::msg::RVDynObstacleResult_<std::allocator<void> >; mcap_streamer::MessageMap = std::map<std::__cxx11::basic_string<char>, std::any>]’:
/home/linjiawei/load_mcap/src/mcap_streamer/include/mcap_streamer/ros_message_converter.hpp:66:70: error: no matching function for call to ‘std::__cxx11::basic_string<char>::basic_string(const _frame_id_type&)’
   66 |     header_map["frame_id"] = std::any(std::string(msg.header.frame_id));
      |                                                                      ^
In file included from /usr/include/c++/11/string:55,
                 from /home/linjiawei/load_mcap/src/mcap_streamer/include/mcap_streamer/ros_message_converter.hpp:5,
                 from /home/linjiawei/load_mcap/src/mcap_streamer/src/ros_message_converter.cpp:1:
/usr/include/c++/11/bits/basic_string.h:664:9: note: candidate: ‘template<class _Tp, class> std::__cxx11::basic_string<_CharT, _Traits, _Alloc>::basic_string(const _Tp&, const _Alloc&) [with _Tp = _Tp; <template-parameter-2-2> = <template-parameter-1-2>; _CharT = char; _Traits = std::char_traits<char>; _Alloc = std::allocator<char>]’
  664 |         basic_string(const _Tp& __t, const _Alloc& __a = _Alloc())
      |         ^~~~~~~~~~~~
/usr/include/c++/11/bits/basic_string.h:664:9: note:   template argument deduction/substitution failed:
In file included from /usr/include/c++/11/bits/move.h:57,
                 from /usr/include/c++/11/bits/stl_pair.h:59,
                 from /usr/include/c++/11/bits/stl_algobase.h:64,
                 from /usr/include/c++/11/bits/stl_tree.h:63,
                 from /usr/include/c++/11/map:60,
                 from /home/linjiawei/load_mcap/src/mcap_streamer/include/mcap_streamer/ros_message_converter.hpp:4,
                 from /home/linjiawei/load_mcap/src/mcap_streamer/src/ros_message_converter.cpp:1:
/usr/include/c++/11/type_traits: In substitution of ‘template<bool _Cond, class _Tp> using enable_if_t = typename std::enable_if::type [with bool _Cond = false; _Tp = void]’:
/usr/include/c++/11/bits/basic_string.h:125:8:   required by substitution of ‘template<class _CharT, class _Traits, class _Alloc> template<class _Tp, class _Res> using _If_sv = std::enable_if_t<std::__and_<std::is_convertible<const _Tp&, std::basic_string_view<_CharT, _Traits> >, std::__not_<std::is_convertible<const _Tp*, const std::__cxx11::basic_string<_CharT, _Traits, _Alloc>*> >, std::__not_<std::is_convertible<const _Tp&, const _CharT*> > >::value, _Res> [with _Tp = deva_common_msgs::msg::String_<std::allocator<void> >; _Res = void; _CharT = char; _Traits = std::char_traits<char>; _Alloc = std::allocator<char>]’
/usr/include/c++/11/bits/basic_string.h:662:30:   required from here
/usr/include/c++/11/type_traits:2585:11: error: no type named ‘type’ in ‘struct std::enable_if<false, void>’
 2585 |     using enable_if_t = typename enable_if<_Cond, _Tp>::type;
      |           ^~~~~~~~~~~
In file included from /usr/include/c++/11/string:55,
                 from /home/linjiawei/load_mcap/src/mcap_streamer/include/mcap_streamer/ros_message_converter.hpp:5,
                 from /home/linjiawei/load_mcap/src/mcap_streamer/src/ros_message_converter.cpp:1:
/usr/include/c++/11/bits/basic_string.h:653:9: note: candidate: ‘template<class _Tp, class> std::__cxx11::basic_string<_CharT, _Traits, _Alloc>::basic_string(const _Tp&, std::__cxx11::basic_string<_CharT, _Traits, _Alloc>::size_type, std::__cxx11::basic_string<_CharT, _Traits, _Alloc>::size_type, const _Alloc&) [with _Tp = _Tp; <template-parameter-2-2> = <template-parameter-1-2>; _CharT = char; _Traits = std::char_traits<char>; _Alloc = std::allocator<char>]’
  653 |         basic_string(const _Tp& __t, size_type __pos, size_type __n,
      |         ^~~~~~~~~~~~
/usr/include/c++/11/bits/basic_string.h:653:9: note:   template argument deduction/substitution failed:
In file included from /home/linjiawei/load_mcap/src/mcap_streamer/src/ros_message_converter.cpp:1:
/home/linjiawei/load_mcap/src/mcap_streamer/include/mcap_streamer/ros_message_converter.hpp:66:70: note:   candidate expects 4 arguments, 1 provided
   66 |     header_map["frame_id"] = std::any(std::string(msg.header.frame_id));
      |                                                                      ^
In file included from /usr/include/c++/11/string:55,
                 from /home/linjiawei/load_mcap/src/mcap_streamer/include/mcap_streamer/ros_message_converter.hpp:5,
                 from /home/linjiawei/load_mcap/src/mcap_streamer/src/ros_message_converter.cpp:1:
/usr/include/c++/11/bits/basic_string.h:638:9: note: candidate: ‘template<class _InputIterator, class> std::__cxx11::basic_string<_CharT, _Traits, _Alloc>::basic_string(_InputIterator, _InputIterator, const _Alloc&) [with _InputIterator = _InputIterator; <template-parameter-2-2> = <template-parameter-1-2>; _CharT = char; _Traits = std::char_traits<char>; _Alloc = std::allocator<char>]’
  638 |         basic_string(_InputIterator __beg, _InputIterator __end,
      |         ^~~~~~~~~~~~
/usr/include/c++/11/bits/basic_string.h:638:9: note:   template argument deduction/substitution failed:
In file included from /home/linjiawei/load_mcap/src/mcap_streamer/src/ros_message_converter.cpp:1:
/home/linjiawei/load_mcap/src/mcap_streamer/include/mcap_streamer/ros_message_converter.hpp:66:70: note:   candidate expects 3 arguments, 1 provided
   66 |     header_map["frame_id"] = std::any(std::string(msg.header.frame_id));
      |                                                                      ^
In file included from /usr/include/c++/11/string:55,
                 from /home/linjiawei/load_mcap/src/mcap_streamer/include/mcap_streamer/ros_message_converter.hpp:5,
                 from /home/linjiawei/load_mcap/src/mcap_streamer/src/ros_message_converter.cpp:1:
/usr/include/c++/11/bits/basic_string.h:553:7: note: candidate: ‘template<class> std::__cxx11::basic_string<_CharT, _Traits, _Alloc>::basic_string(std::__cxx11::basic_string<_CharT, _Traits, _Alloc>::size_type, _CharT, const _Alloc&) [with <template-parameter-2-1> = <template-parameter-1-1>; _CharT = char; _Traits = std::char_traits<char>; _Alloc = std::allocator<char>]’
  553 |       basic_string(size_type __n, _CharT __c, const _Alloc& __a = _Alloc())
      |       ^~~~~~~~~~~~
/usr/include/c++/11/bits/basic_string.h:553:7: note:   template argument deduction/substitution failed:
In file included from /home/linjiawei/load_mcap/src/mcap_streamer/src/ros_message_converter.cpp:1:
/home/linjiawei/load_mcap/src/mcap_streamer/include/mcap_streamer/ros_message_converter.hpp:66:70: note:   candidate expects 3 arguments, 1 provided
   66 |     header_map["frame_id"] = std::any(std::string(msg.header.frame_id));
      |                                                                      ^
In file included from /usr/include/c++/11/string:55,
                 from /home/linjiawei/load_mcap/src/mcap_streamer/include/mcap_streamer/ros_message_converter.hpp:5,
                 from /home/linjiawei/load_mcap/src/mcap_streamer/src/ros_message_converter.cpp:1:
/usr/include/c++/11/bits/basic_string.h:533:7: note: candidate: ‘template<class> std::__cxx11::basic_string<_CharT, _Traits, _Alloc>::basic_string(const _CharT*, const _Alloc&) [with <template-parameter-2-1> = <template-parameter-1-1>; _CharT = char; _Traits = std::char_traits<char>; _Alloc = std::allocator<char>]’
  533 |       basic_string(const _CharT* __s, const _Alloc& __a = _Alloc())
      |       ^~~~~~~~~~~~
/usr/include/c++/11/bits/basic_string.h:533:7: note:   template argument deduction/substitution failed:
In file included from /home/linjiawei/load_mcap/src/mcap_streamer/src/ros_message_converter.cpp:1:
/home/linjiawei/load_mcap/src/mcap_streamer/include/mcap_streamer/ros_message_converter.hpp:66:62: note:   cannot convert ‘msg.deva_perception_msgs::msg::RVDynObstacleResult_<std::allocator<void> >::header.deva_common_msgs::msg::Header_<std::allocator<void> >::frame_id’ (type ‘const _frame_id_type’ {aka ‘const deva_common_msgs::msg::String_<std::allocator<void> >’}) to type ‘const char*’
   66 |     header_map["frame_id"] = std::any(std::string(msg.header.frame_id));
      |                                                   ~~~~~~~~~~~^~~~~~~~
In file included from /usr/include/c++/11/string:55,
                 from /home/linjiawei/load_mcap/src/mcap_streamer/include/mcap_streamer/ros_message_converter.hpp:5,
                 from /home/linjiawei/load_mcap/src/mcap_streamer/src/ros_message_converter.cpp:1:
/usr/include/c++/11/bits/basic_string.h:600:7: note: candidate: ‘std::__cxx11::basic_string<_CharT, _Traits, _Alloc>::basic_string(std::__cxx11::basic_string<_CharT, _Traits, _Alloc>&&, const _Alloc&) [with _CharT = char; _Traits = std::char_traits<char>; _Alloc = std::allocator<char>]’
  600 |       basic_string(basic_string&& __str, const _Alloc& __a)
      |       ^~~~~~~~~~~~
/usr/include/c++/11/bits/basic_string.h:600:7: note:   candidate expects 2 arguments, 1 provided
/usr/include/c++/11/bits/basic_string.h:596:7: note: candidate: ‘std::__cxx11::basic_string<_CharT, _Traits, _Alloc>::basic_string(const std::__cxx11::basic_string<_CharT, _Traits, _Alloc>&, const _Alloc&) [with _CharT = char; _Traits = std::char_traits<char>; _Alloc = std::allocator<char>]’
  596 |       basic_string(const basic_string& __str, const _Alloc& __a)
      |       ^~~~~~~~~~~~
/usr/include/c++/11/bits/basic_string.h:596:7: note:   candidate expects 2 arguments, 1 provided
/usr/include/c++/11/bits/basic_string.h:592:7: note: candidate: ‘std::__cxx11::basic_string<_CharT, _Traits, _Alloc>::basic_string(std::initializer_list<_Tp>, const _Alloc&) [with _CharT = char; _Traits = std::char_traits<char>; _Alloc = std::allocator<char>]’
  592 |       basic_string(initializer_list<_CharT> __l, const _Alloc& __a = _Alloc())
      |       ^~~~~~~~~~~~
/usr/include/c++/11/bits/basic_string.h:592:45: note:   no known conversion for argument 1 from ‘const _frame_id_type’ {aka ‘const deva_common_msgs::msg::String_<std::allocator<void> >’} to ‘std::initializer_list<char>’
  592 |       basic_string(initializer_list<_CharT> __l, const _Alloc& __a = _Alloc())
      |                    ~~~~~~~~~~~~~~~~~~~~~~~~~^~~
/usr/include/c++/11/bits/basic_string.h:565:7: note: candidate: ‘std::__cxx11::basic_string<_CharT, _Traits, _Alloc>::basic_string(std::__cxx11::basic_string<_CharT, _Traits, _Alloc>&&) [with _CharT = char; _Traits = std::char_traits<char>; _Alloc = std::allocator<char>]’
  565 |       basic_string(basic_string&& __str) noexcept
      |       ^~~~~~~~~~~~
/usr/include/c++/11/bits/basic_string.h:565:35: note:   no known conversion for argument 1 from ‘const _frame_id_type’ {aka ‘const deva_common_msgs::msg::String_<std::allocator<void> >’} to ‘std::__cxx11::basic_string<char>&&’
  565 |       basic_string(basic_string&& __str) noexcept
      |                    ~~~~~~~~~~~~~~~^~~~~
/usr/include/c++/11/bits/basic_string.h:518:7: note: candidate: ‘std::__cxx11::basic_string<_CharT, _Traits, _Alloc>::basic_string(const _CharT*, std::__cxx11::basic_string<_CharT, _Traits, _Alloc>::size_type, const _Alloc&) [with _CharT = char; _Traits = std::char_traits<char>; _Alloc = std::allocator<char>; std::__cxx11::basic_string<_CharT, _Traits, _Alloc>::size_type = long unsigned int]’
  518 |       basic_string(const _CharT* __s, size_type __n,
      |       ^~~~~~~~~~~~
/usr/include/c++/11/bits/basic_string.h:518:7: note:   candidate expects 3 arguments, 1 provided
/usr/include/c++/11/bits/basic_string.h:500:7: note: candidate: ‘std::__cxx11::basic_string<_CharT, _Traits, _Alloc>::basic_string(const std::__cxx11::basic_string<_CharT, _Traits, _Alloc>&, std::__cxx11::basic_string<_CharT, _Traits, _Alloc>::size_type, std::__cxx11::basic_string<_CharT, _Traits, _Alloc>::size_type, const _Alloc&) [with _CharT = char; _Traits = std::char_traits<char>; _Alloc = std::allocator<char>; std::__cxx11::basic_string<_CharT, _Traits, _Alloc>::size_type = long unsigned int]’
  500 |       basic_string(const basic_string& __str, size_type __pos,
      |       ^~~~~~~~~~~~
/usr/include/c++/11/bits/basic_string.h:500:7: note:   candidate expects 4 arguments, 1 provided
/usr/include/c++/11/bits/basic_string.h:484:7: note: candidate: ‘std::__cxx11::basic_string<_CharT, _Traits, _Alloc>::basic_string(const std::__cxx11::basic_string<_CharT, _Traits, _Alloc>&, std::__cxx11::basic_string<_CharT, _Traits, _Alloc>::size_type, std::__cxx11::basic_string<_CharT, _Traits, _Alloc>::size_type) [with _CharT = char; _Traits = std::char_traits<char>; _Alloc = std::allocator<char>; std::__cxx11::basic_string<_CharT, _Traits, _Alloc>::size_type = long unsigned int]’
  484 |       basic_string(const basic_string& __str, size_type __pos,
      |       ^~~~~~~~~~~~
/usr/include/c++/11/bits/basic_string.h:484:7: note:   candidate expects 3 arguments, 1 provided
/usr/include/c++/11/bits/basic_string.h:469:7: note: candidate: ‘std::__cxx11::basic_string<_CharT, _Traits, _Alloc>::basic_string(const std::__cxx11::basic_string<_CharT, _Traits, _Alloc>&, std::__cxx11::basic_string<_CharT, _Traits, _Alloc>::size_type, const _Alloc&) [with _CharT = char; _Traits = std::char_traits<char>; _Alloc = std::allocator<char>; std::__cxx11::basic_string<_CharT, _Traits, _Alloc>::size_type = long unsigned int]’
  469 |       basic_string(const basic_string& __str, size_type __pos,
      |       ^~~~~~~~~~~~
/usr/include/c++/11/bits/basic_string.h:469:7: note:   candidate expects 3 arguments, 1 provided
/usr/include/c++/11/bits/basic_string.h:456:7: note: candidate: ‘std::__cxx11::basic_string<_CharT, _Traits, _Alloc>::basic_string(const std::__cxx11::basic_string<_CharT, _Traits, _Alloc>&) [with _CharT = char; _Traits = std::char_traits<char>; _Alloc = std::allocator<char>]’
  456 |       basic_string(const basic_string& __str)
      |       ^~~~~~~~~~~~
/usr/include/c++/11/bits/basic_string.h:456:40: note:   no known conversion for argument 1 from ‘const _frame_id_type’ {aka ‘const deva_common_msgs::msg::String_<std::allocator<void> >’} to ‘const std::__cxx11::basic_string<char>&’
  456 |       basic_string(const basic_string& __str)
      |                    ~~~~~~~~~~~~~~~~~~~~^~~~~
/usr/include/c++/11/bits/basic_string.h:448:7: note: candidate: ‘std::__cxx11::basic_string<_CharT, _Traits, _Alloc>::basic_string(const _Alloc&) [with _CharT = char; _Traits = std::char_traits<char>; _Alloc = std::allocator<char>]’
  448 |       basic_string(const _Alloc& __a) _GLIBCXX_NOEXCEPT
      |       ^~~~~~~~~~~~
/usr/include/c++/11/bits/basic_string.h:448:34: note:   no known conversion for argument 1 from ‘const _frame_id_type’ {aka ‘const deva_common_msgs::msg::String_<std::allocator<void> >’} to ‘const std::allocator<char>&’
  448 |       basic_string(const _Alloc& __a) _GLIBCXX_NOEXCEPT
      |                    ~~~~~~~~~~~~~~^~~
/usr/include/c++/11/bits/basic_string.h:439:7: note: candidate: ‘std::__cxx11::basic_string<_CharT, _Traits, _Alloc>::basic_string() [with _CharT = char; _Traits = std::char_traits<char>; _Alloc = std::allocator<char>]’
  439 |       basic_string()
      |       ^~~~~~~~~~~~
/usr/include/c++/11/bits/basic_string.h:439:7: note:   candidate expects 0 arguments, 1 provided
/usr/include/c++/11/bits/basic_string.h:153:7: note: candidate: ‘std::__cxx11::basic_string<_CharT, _Traits, _Alloc>::basic_string(std::__cxx11::basic_string<_CharT, _Traits, _Alloc>::__sv_wrapper, const _Alloc&) [with _CharT = char; _Traits = std::char_traits<char>; _Alloc = std::allocator<char>]’
  153 |       basic_string(__sv_wrapper __svw, const _Alloc& __a)
      |       ^~~~~~~~~~~~
/usr/include/c++/11/bits/basic_string.h:153:7: note:   candidate expects 2 arguments, 1 provided
In file included from /home/linjiawei/load_mcap/src/mcap_streamer/src/ros_message_converter.cpp:1:
/home/linjiawei/load_mcap/src/mcap_streamer/include/mcap_streamer/ros_message_converter.hpp:86:22: warning: unused variable ‘obs’ [-Wunused-variable]
   86 |     for (const auto& obs : msg.dynamic_obs_list) {
      |                      ^~~
/home/linjiawei/load_mcap/src/mcap_streamer/include/mcap_streamer/ros_message_converter.hpp:98:22: warning: unused variable ‘info’ [-Wunused-variable]
   98 |     for (const auto& info : msg.extra_infos) {
      |                      ^~~~
gmake[2]: *** [CMakeFiles/ros_message_converter_lib.dir/build.make:76: CMakeFiles/ros_message_converter_lib.dir/src/ros_message_converter.cpp.o] Error 1
gmake[1]: *** [CMakeFiles/Makefile2:169: CMakeFiles/ros_message_converter_lib.dir/all] Error 2
gmake: *** [Makefile:146: all] Error 2
