[0.009s] Invoking command in '/home/linjiawei/load_mcap/build/mcap_streamer': CMAKE_PREFIX_PATH=/opt/ros/humble /usr/bin/cmake --build /home/linjiawei/load_mcap/build/mcap_streamer -- -j17 -l17
[0.034s] -- Found ament_cmake: 1.3.12 (/opt/ros/humble/share/ament_cmake/cmake)
[0.162s] -- Found rclcpp: 16.0.15 (/opt/ros/humble/share/rclcpp/cmake)
[0.186s] -- Found rosidl_generator_c: 3.1.7 (/opt/ros/humble/share/rosidl_generator_c/cmake)
[0.189s] -- Found rosidl_adapter: 3.1.7 (/opt/ros/humble/share/rosidl_adapter/cmake)
[0.195s] -- Found rosidl_generator_cpp: 3.1.7 (/opt/ros/humble/share/rosidl_generator_cpp/cmake)
[0.204s] -- Using all available rosidl_typesupport_c: rosidl_typesupport_fastrtps_c;rosidl_typesupport_introspection_c
[0.216s] -- Using all available rosidl_typesupport_cpp: rosidl_typesupport_fastrtps_cpp;rosidl_typesupport_introspection_cpp
[0.248s] -- Found rmw_implementation_cmake: 6.1.2 (/opt/ros/humble/share/rmw_implementation_cmake/cmake)
[0.249s] -- Found rmw_fastrtps_cpp: 6.2.9 (/opt/ros/humble/share/rmw_fastrtps_cpp/cmake)
[0.328s] -- Using RMW implementation 'rmw_fastrtps_cpp' as default
[0.377s] -- Found rosbag2_cpp: 0.15.15 (/opt/ros/humble/share/rosbag2_cpp/cmake)
[0.395s] -- Found deva_perception_msgs: 0.0.0 (/home/linjiawei/load_mcap/install/deva_perception_msgs/share/deva_perception_msgs/cmake)
[0.488s] -- Found deva_control_msgs: 0.0.0 (/home/linjiawei/load_mcap/install/deva_control_msgs/share/deva_control_msgs/cmake)
[0.575s] -- Found deva_aeb_msgs: 0.0.0 (/home/linjiawei/load_mcap/install/deva_aeb_msgs/share/deva_aeb_msgs/cmake)
[0.590s] -- Found deva_mdriver_msgs: 0.0.0 (/home/linjiawei/load_mcap/install/deva_mdriver_msgs/share/deva_mdriver_msgs/cmake)
[0.648s] -- Found deva_gaode_routing_msgs: 0.0.0 (/home/linjiawei/load_mcap/install/deva_gaode_routing_msgs/share/deva_gaode_routing_msgs/cmake)
[0.665s] -- Found deva_navi_msgs: 0.0.0 (/home/linjiawei/load_mcap/install/deva_navi_msgs/share/deva_navi_msgs/cmake)
[0.674s] -- Found deva_ads_msgs: 0.0.0 (/home/linjiawei/load_mcap/install/deva_ads_msgs/share/deva_ads_msgs/cmake)
[0.689s] -- Found deva_function_msgs: 0.0.0 (/home/linjiawei/load_mcap/install/deva_function_msgs/share/deva_function_msgs/cmake)
[0.706s] -- Found rviz_plug_msg: 0.0.0 (/home/linjiawei/load_mcap/install/rviz_plug_msg/share/rviz_plug_msg/cmake)
[0.718s] -- Found fault_diagnosis: 0.0.0 (/home/linjiawei/load_mcap/install/fault_diagnosis/share/fault_diagnosis/cmake)
[0.734s] -- Found serialize_msgs: 0.0.0 (/home/linjiawei/load_mcap/install/serialize_msgs/share/serialize_msgs/cmake)
[0.746s] -- Found environment_model_msgs: 0.0.0 (/home/linjiawei/load_mcap/install/environment_model_msgs/share/environment_model_msgs/cmake)
[0.764s] -- Found visualization_msgs: 4.9.0 (/opt/ros/humble/share/visualization_msgs/cmake)
[0.783s] -- Found foxglove_msgs: 3.2.1 (/opt/ros/humble/share/foxglove_msgs/cmake)
[0.798s] -- Found ament_lint_auto: 0.12.14 (/opt/ros/humble/share/ament_lint_auto/cmake)
[0.892s] -- Added test 'cppcheck' to perform static code analysis on C / C++ code
[0.892s] -- Configured cppcheck include dirs: $<BUILD_INTERFACE:/home/linjiawei/load_mcap/src/mcap_streamer/include>
[0.892s] -- Configured cppcheck exclude dirs and/or files: 
[0.893s] -- Added test 'flake8' to check Python code syntax and style conventions
[0.893s] -- Added test 'lint_cmake' to check CMake code style
[0.894s] -- Added test 'pep257' to check Python code against some of the docstring style conventions in PEP 257
[0.894s] -- Added test 'uncrustify' to check C / C++ code style
[0.894s] -- Configured uncrustify additional arguments: 
[0.896s] -- Added test 'xmllint' to check XML markup files
[0.896s] -- Configuring done
[0.947s] -- Generating done
[0.958s] -- Build files have been written to: /home/linjiawei/load_mcap/build/mcap_streamer
[0.988s] Consolidate compiler generated dependencies of target s3_downloader_lib
[0.995s] [ 12%] Building CXX object CMakeFiles/ros_message_converter_lib.dir/src/ros_message_converter.cpp.o
[0.998s] [ 37%] Built target s3_downloader_lib
[1.011s] Consolidate compiler generated dependencies of target mcap_streamer_node
[1.026s] [ 62%] Built target mcap_streamer_node
[1.610s] In file included from /home/linjiawei/load_mcap/src/mcap_streamer/src/ros_message_converter.cpp:1:
[1.610s] /home/linjiawei/load_mcap/src/mcap_streamer/include/mcap_streamer/ros_message_converter.hpp: In function ‘mcap_streamer::MessageMap mcap_streamer::message_to_map(const T&) [with T = deva_perception_msgs::msg::RVDynObstacleResult_<std::allocator<void> >; mcap_streamer::MessageMap = std::map<std::__cxx11::basic_string<char>, std::any>]’:
[1.610s] /home/linjiawei/load_mcap/src/mcap_streamer/include/mcap_streamer/ros_message_converter.hpp:66:70: error: no matching function for call to ‘std::__cxx11::basic_string<char>::basic_string(const _frame_id_type&)’
[1.610s]    66 |     header_map["frame_id"] = std::any(std::string(msg.header.frame_id));
[1.610s]       |                                                                      ^
[1.610s] In file included from /usr/include/c++/11/string:55,
[1.610s]                  from /home/linjiawei/load_mcap/src/mcap_streamer/include/mcap_streamer/ros_message_converter.hpp:5,
[1.610s]                  from /home/linjiawei/load_mcap/src/mcap_streamer/src/ros_message_converter.cpp:1:
[1.611s] /usr/include/c++/11/bits/basic_string.h:664:9: note: candidate: ‘template<class _Tp, class> std::__cxx11::basic_string<_CharT, _Traits, _Alloc>::basic_string(const _Tp&, const _Alloc&) [with _Tp = _Tp; <template-parameter-2-2> = <template-parameter-1-2>; _CharT = char; _Traits = std::char_traits<char>; _Alloc = std::allocator<char>]’
[1.611s]   664 |         basic_string(const _Tp& __t, const _Alloc& __a = _Alloc())
[1.611s]       |         ^~~~~~~~~~~~
[1.611s] /usr/include/c++/11/bits/basic_string.h:664:9: note:   template argument deduction/substitution failed:
[1.611s] In file included from /usr/include/c++/11/bits/move.h:57,
[1.611s]                  from /usr/include/c++/11/bits/stl_pair.h:59,
[1.611s]                  from /usr/include/c++/11/bits/stl_algobase.h:64,
[1.611s]                  from /usr/include/c++/11/bits/stl_tree.h:63,
[1.612s]                  from /usr/include/c++/11/map:60,
[1.612s]                  from /home/linjiawei/load_mcap/src/mcap_streamer/include/mcap_streamer/ros_message_converter.hpp:4,
[1.612s]                  from /home/linjiawei/load_mcap/src/mcap_streamer/src/ros_message_converter.cpp:1:
[1.612s] /usr/include/c++/11/type_traits: In substitution of ‘template<bool _Cond, class _Tp> using enable_if_t = typename std::enable_if::type [with bool _Cond = false; _Tp = void]’:
[1.612s] /usr/include/c++/11/bits/basic_string.h:125:8:   required by substitution of ‘template<class _CharT, class _Traits, class _Alloc> template<class _Tp, class _Res> using _If_sv = std::enable_if_t<std::__and_<std::is_convertible<const _Tp&, std::basic_string_view<_CharT, _Traits> >, std::__not_<std::is_convertible<const _Tp*, const std::__cxx11::basic_string<_CharT, _Traits, _Alloc>*> >, std::__not_<std::is_convertible<const _Tp&, const _CharT*> > >::value, _Res> [with _Tp = deva_common_msgs::msg::String_<std::allocator<void> >; _Res = void; _CharT = char; _Traits = std::char_traits<char>; _Alloc = std::allocator<char>]’
[1.612s] /usr/include/c++/11/bits/basic_string.h:662:30:   required from here
[1.612s] /usr/include/c++/11/type_traits:2585:11: error: no type named ‘type’ in ‘struct std::enable_if<false, void>’
[1.612s]  2585 |     using enable_if_t = typename enable_if<_Cond, _Tp>::type;
[1.612s]       |           ^~~~~~~~~~~
[1.612s] In file included from /usr/include/c++/11/string:55,
[1.612s]                  from /home/linjiawei/load_mcap/src/mcap_streamer/include/mcap_streamer/ros_message_converter.hpp:5,
[1.612s]                  from /home/linjiawei/load_mcap/src/mcap_streamer/src/ros_message_converter.cpp:1:
[1.612s] /usr/include/c++/11/bits/basic_string.h:653:9: note: candidate: ‘template<class _Tp, class> std::__cxx11::basic_string<_CharT, _Traits, _Alloc>::basic_string(const _Tp&, std::__cxx11::basic_string<_CharT, _Traits, _Alloc>::size_type, std::__cxx11::basic_string<_CharT, _Traits, _Alloc>::size_type, const _Alloc&) [with _Tp = _Tp; <template-parameter-2-2> = <template-parameter-1-2>; _CharT = char; _Traits = std::char_traits<char>; _Alloc = std::allocator<char>]’
[1.612s]   653 |         basic_string(const _Tp& __t, size_type __pos, size_type __n,
[1.612s]       |         ^~~~~~~~~~~~
[1.612s] /usr/include/c++/11/bits/basic_string.h:653:9: note:   template argument deduction/substitution failed:
[1.612s] In file included from /home/linjiawei/load_mcap/src/mcap_streamer/src/ros_message_converter.cpp:1:
[1.612s] /home/linjiawei/load_mcap/src/mcap_streamer/include/mcap_streamer/ros_message_converter.hpp:66:70: note:   candidate expects 4 arguments, 1 provided
[1.612s]    66 |     header_map["frame_id"] = std::any(std::string(msg.header.frame_id));
[1.613s]       |                                                                      ^
[1.613s] In file included from /usr/include/c++/11/string:55,
[1.613s]                  from /home/linjiawei/load_mcap/src/mcap_streamer/include/mcap_streamer/ros_message_converter.hpp:5,
[1.613s]                  from /home/linjiawei/load_mcap/src/mcap_streamer/src/ros_message_converter.cpp:1:
[1.613s] /usr/include/c++/11/bits/basic_string.h:638:9: note: candidate: ‘template<class _InputIterator, class> std::__cxx11::basic_string<_CharT, _Traits, _Alloc>::basic_string(_InputIterator, _InputIterator, const _Alloc&) [with _InputIterator = _InputIterator; <template-parameter-2-2> = <template-parameter-1-2>; _CharT = char; _Traits = std::char_traits<char>; _Alloc = std::allocator<char>]’
[1.613s]   638 |         basic_string(_InputIterator __beg, _InputIterator __end,
[1.613s]       |         ^~~~~~~~~~~~
[1.613s] /usr/include/c++/11/bits/basic_string.h:638:9: note:   template argument deduction/substitution failed:
[1.613s] In file included from /home/linjiawei/load_mcap/src/mcap_streamer/src/ros_message_converter.cpp:1:
[1.613s] /home/linjiawei/load_mcap/src/mcap_streamer/include/mcap_streamer/ros_message_converter.hpp:66:70: note:   candidate expects 3 arguments, 1 provided
[1.613s]    66 |     header_map["frame_id"] = std::any(std::string(msg.header.frame_id));
[1.613s]       |                                                                      ^
[1.613s] In file included from /usr/include/c++/11/string:55,
[1.613s]                  from /home/linjiawei/load_mcap/src/mcap_streamer/include/mcap_streamer/ros_message_converter.hpp:5,
[1.613s]                  from /home/linjiawei/load_mcap/src/mcap_streamer/src/ros_message_converter.cpp:1:
[1.613s] /usr/include/c++/11/bits/basic_string.h:553:7: note: candidate: ‘template<class> std::__cxx11::basic_string<_CharT, _Traits, _Alloc>::basic_string(std::__cxx11::basic_string<_CharT, _Traits, _Alloc>::size_type, _CharT, const _Alloc&) [with <template-parameter-2-1> = <template-parameter-1-1>; _CharT = char; _Traits = std::char_traits<char>; _Alloc = std::allocator<char>]’
[1.613s]   553 |       basic_string(size_type __n, _CharT __c, const _Alloc& __a = _Alloc())
[1.613s]       |       ^~~~~~~~~~~~
[1.614s] /usr/include/c++/11/bits/basic_string.h:553:7: note:   template argument deduction/substitution failed:
[1.614s] In file included from /home/linjiawei/load_mcap/src/mcap_streamer/src/ros_message_converter.cpp:1:
[1.614s] /home/linjiawei/load_mcap/src/mcap_streamer/include/mcap_streamer/ros_message_converter.hpp:66:70: note:   candidate expects 3 arguments, 1 provided
[1.614s]    66 |     header_map["frame_id"] = std::any(std::string(msg.header.frame_id));
[1.614s]       |                                                                      ^
[1.614s] In file included from /usr/include/c++/11/string:55,
[1.614s]                  from /home/linjiawei/load_mcap/src/mcap_streamer/include/mcap_streamer/ros_message_converter.hpp:5,
[1.614s]                  from /home/linjiawei/load_mcap/src/mcap_streamer/src/ros_message_converter.cpp:1:
[1.614s] /usr/include/c++/11/bits/basic_string.h:533:7: note: candidate: ‘template<class> std::__cxx11::basic_string<_CharT, _Traits, _Alloc>::basic_string(const _CharT*, const _Alloc&) [with <template-parameter-2-1> = <template-parameter-1-1>; _CharT = char; _Traits = std::char_traits<char>; _Alloc = std::allocator<char>]’
[1.614s]   533 |       basic_string(const _CharT* __s, const _Alloc& __a = _Alloc())
[1.614s]       |       ^~~~~~~~~~~~
[1.614s] /usr/include/c++/11/bits/basic_string.h:533:7: note:   template argument deduction/substitution failed:
[1.614s] In file included from /home/linjiawei/load_mcap/src/mcap_streamer/src/ros_message_converter.cpp:1:
[1.614s] /home/linjiawei/load_mcap/src/mcap_streamer/include/mcap_streamer/ros_message_converter.hpp:66:62: note:   cannot convert ‘msg.deva_perception_msgs::msg::RVDynObstacleResult_<std::allocator<void> >::header.deva_common_msgs::msg::Header_<std::allocator<void> >::frame_id’ (type ‘const _frame_id_type’ {aka ‘const deva_common_msgs::msg::String_<std::allocator<void> >’}) to type ‘const char*’
[1.614s]    66 |     header_map["frame_id"] = std::any(std::string(msg.header.frame_id));
[1.614s]       |                                                   ~~~~~~~~~~~^~~~~~~~
[1.614s] In file included from /usr/include/c++/11/string:55,
[1.614s]                  from /home/linjiawei/load_mcap/src/mcap_streamer/include/mcap_streamer/ros_message_converter.hpp:5,
[1.614s]                  from /home/linjiawei/load_mcap/src/mcap_streamer/src/ros_message_converter.cpp:1:
[1.615s] /usr/include/c++/11/bits/basic_string.h:600:7: note: candidate: ‘std::__cxx11::basic_string<_CharT, _Traits, _Alloc>::basic_string(std::__cxx11::basic_string<_CharT, _Traits, _Alloc>&&, const _Alloc&) [with _CharT = char; _Traits = std::char_traits<char>; _Alloc = std::allocator<char>]’
[1.615s]   600 |       basic_string(basic_string&& __str, const _Alloc& __a)
[1.615s]       |       ^~~~~~~~~~~~
[1.615s] /usr/include/c++/11/bits/basic_string.h:600:7: note:   candidate expects 2 arguments, 1 provided
[1.615s] /usr/include/c++/11/bits/basic_string.h:596:7: note: candidate: ‘std::__cxx11::basic_string<_CharT, _Traits, _Alloc>::basic_string(const std::__cxx11::basic_string<_CharT, _Traits, _Alloc>&, const _Alloc&) [with _CharT = char; _Traits = std::char_traits<char>; _Alloc = std::allocator<char>]’
[1.615s]   596 |       basic_string(const basic_string& __str, const _Alloc& __a)
[1.615s]       |       ^~~~~~~~~~~~
[1.615s] /usr/include/c++/11/bits/basic_string.h:596:7: note:   candidate expects 2 arguments, 1 provided
[1.615s] /usr/include/c++/11/bits/basic_string.h:592:7: note: candidate: ‘std::__cxx11::basic_string<_CharT, _Traits, _Alloc>::basic_string(std::initializer_list<_Tp>, const _Alloc&) [with _CharT = char; _Traits = std::char_traits<char>; _Alloc = std::allocator<char>]’
[1.615s]   592 |       basic_string(initializer_list<_CharT> __l, const _Alloc& __a = _Alloc())
[1.615s]       |       ^~~~~~~~~~~~
[1.615s] /usr/include/c++/11/bits/basic_string.h:592:45: note:   no known conversion for argument 1 from ‘const _frame_id_type’ {aka ‘const deva_common_msgs::msg::String_<std::allocator<void> >’} to ‘std::initializer_list<char>’
[1.615s]   592 |       basic_string(initializer_list<_CharT> __l, const _Alloc& __a = _Alloc())
[1.615s]       |                    ~~~~~~~~~~~~~~~~~~~~~~~~~^~~
[1.615s] /usr/include/c++/11/bits/basic_string.h:565:7: note: candidate: ‘std::__cxx11::basic_string<_CharT, _Traits, _Alloc>::basic_string(std::__cxx11::basic_string<_CharT, _Traits, _Alloc>&&) [with _CharT = char; _Traits = std::char_traits<char>; _Alloc = std::allocator<char>]’
[1.615s]   565 |       basic_string(basic_string&& __str) noexcept
[1.615s]       |       ^~~~~~~~~~~~
[1.615s] /usr/include/c++/11/bits/basic_string.h:565:35: note:   no known conversion for argument 1 from ‘const _frame_id_type’ {aka ‘const deva_common_msgs::msg::String_<std::allocator<void> >’} to ‘std::__cxx11::basic_string<char>&&’
[1.615s]   565 |       basic_string(basic_string&& __str) noexcept
[1.615s]       |                    ~~~~~~~~~~~~~~~^~~~~
[1.616s] /usr/include/c++/11/bits/basic_string.h:518:7: note: candidate: ‘std::__cxx11::basic_string<_CharT, _Traits, _Alloc>::basic_string(const _CharT*, std::__cxx11::basic_string<_CharT, _Traits, _Alloc>::size_type, const _Alloc&) [with _CharT = char; _Traits = std::char_traits<char>; _Alloc = std::allocator<char>; std::__cxx11::basic_string<_CharT, _Traits, _Alloc>::size_type = long unsigned int]’
[1.616s]   518 |       basic_string(const _CharT* __s, size_type __n,
[1.616s]       |       ^~~~~~~~~~~~
[1.616s] /usr/include/c++/11/bits/basic_string.h:518:7: note:   candidate expects 3 arguments, 1 provided
[1.616s] /usr/include/c++/11/bits/basic_string.h:500:7: note: candidate: ‘std::__cxx11::basic_string<_CharT, _Traits, _Alloc>::basic_string(const std::__cxx11::basic_string<_CharT, _Traits, _Alloc>&, std::__cxx11::basic_string<_CharT, _Traits, _Alloc>::size_type, std::__cxx11::basic_string<_CharT, _Traits, _Alloc>::size_type, const _Alloc&) [with _CharT = char; _Traits = std::char_traits<char>; _Alloc = std::allocator<char>; std::__cxx11::basic_string<_CharT, _Traits, _Alloc>::size_type = long unsigned int]’
[1.616s]   500 |       basic_string(const basic_string& __str, size_type __pos,
[1.616s]       |       ^~~~~~~~~~~~
[1.616s] /usr/include/c++/11/bits/basic_string.h:500:7: note:   candidate expects 4 arguments, 1 provided
[1.616s] /usr/include/c++/11/bits/basic_string.h:484:7: note: candidate: ‘std::__cxx11::basic_string<_CharT, _Traits, _Alloc>::basic_string(const std::__cxx11::basic_string<_CharT, _Traits, _Alloc>&, std::__cxx11::basic_string<_CharT, _Traits, _Alloc>::size_type, std::__cxx11::basic_string<_CharT, _Traits, _Alloc>::size_type) [with _CharT = char; _Traits = std::char_traits<char>; _Alloc = std::allocator<char>; std::__cxx11::basic_string<_CharT, _Traits, _Alloc>::size_type = long unsigned int]’
[1.616s]   484 |       basic_string(const basic_string& __str, size_type __pos,
[1.616s]       |       ^~~~~~~~~~~~
[1.616s] /usr/include/c++/11/bits/basic_string.h:484:7: note:   candidate expects 3 arguments, 1 provided
[1.616s] /usr/include/c++/11/bits/basic_string.h:469:7: note: candidate: ‘std::__cxx11::basic_string<_CharT, _Traits, _Alloc>::basic_string(const std::__cxx11::basic_string<_CharT, _Traits, _Alloc>&, std::__cxx11::basic_string<_CharT, _Traits, _Alloc>::size_type, const _Alloc&) [with _CharT = char; _Traits = std::char_traits<char>; _Alloc = std::allocator<char>; std::__cxx11::basic_string<_CharT, _Traits, _Alloc>::size_type = long unsigned int]’
[1.616s]   469 |       basic_string(const basic_string& __str, size_type __pos,
[1.616s]       |       ^~~~~~~~~~~~
[1.616s] /usr/include/c++/11/bits/basic_string.h:469:7: note:   candidate expects 3 arguments, 1 provided
[1.616s] /usr/include/c++/11/bits/basic_string.h:456:7: note: candidate: ‘std::__cxx11::basic_string<_CharT, _Traits, _Alloc>::basic_string(const std::__cxx11::basic_string<_CharT, _Traits, _Alloc>&) [with _CharT = char; _Traits = std::char_traits<char>; _Alloc = std::allocator<char>]’
[1.616s]   456 |       basic_string(const basic_string& __str)
[1.616s]       |       ^~~~~~~~~~~~
[1.617s] /usr/include/c++/11/bits/basic_string.h:456:40: note:   no known conversion for argument 1 from ‘const _frame_id_type’ {aka ‘const deva_common_msgs::msg::String_<std::allocator<void> >’} to ‘const std::__cxx11::basic_string<char>&’
[1.617s]   456 |       basic_string(const basic_string& __str)
[1.617s]       |                    ~~~~~~~~~~~~~~~~~~~~^~~~~
[1.617s] /usr/include/c++/11/bits/basic_string.h:448:7: note: candidate: ‘std::__cxx11::basic_string<_CharT, _Traits, _Alloc>::basic_string(const _Alloc&) [with _CharT = char; _Traits = std::char_traits<char>; _Alloc = std::allocator<char>]’
[1.617s]   448 |       basic_string(const _Alloc& __a) _GLIBCXX_NOEXCEPT
[1.617s]       |       ^~~~~~~~~~~~
[1.617s] /usr/include/c++/11/bits/basic_string.h:448:34: note:   no known conversion for argument 1 from ‘const _frame_id_type’ {aka ‘const deva_common_msgs::msg::String_<std::allocator<void> >’} to ‘const std::allocator<char>&’
[1.617s]   448 |       basic_string(const _Alloc& __a) _GLIBCXX_NOEXCEPT
[1.617s]       |                    ~~~~~~~~~~~~~~^~~
[1.617s] /usr/include/c++/11/bits/basic_string.h:439:7: note: candidate: ‘std::__cxx11::basic_string<_CharT, _Traits, _Alloc>::basic_string() [with _CharT = char; _Traits = std::char_traits<char>; _Alloc = std::allocator<char>]’
[1.617s]   439 |       basic_string()
[1.617s]       |       ^~~~~~~~~~~~
[1.617s] /usr/include/c++/11/bits/basic_string.h:439:7: note:   candidate expects 0 arguments, 1 provided
[1.617s] /usr/include/c++/11/bits/basic_string.h:153:7: note: candidate: ‘std::__cxx11::basic_string<_CharT, _Traits, _Alloc>::basic_string(std::__cxx11::basic_string<_CharT, _Traits, _Alloc>::__sv_wrapper, const _Alloc&) [with _CharT = char; _Traits = std::char_traits<char>; _Alloc = std::allocator<char>]’
[1.617s]   153 |       basic_string(__sv_wrapper __svw, const _Alloc& __a)
[1.617s]       |       ^~~~~~~~~~~~
[1.617s] /usr/include/c++/11/bits/basic_string.h:153:7: note:   candidate expects 2 arguments, 1 provided
[1.618s] In file included from /home/linjiawei/load_mcap/src/mcap_streamer/src/ros_message_converter.cpp:1:
[1.618s] /home/linjiawei/load_mcap/src/mcap_streamer/include/mcap_streamer/ros_message_converter.hpp:86:22: warning: unused variable ‘obs’ [-Wunused-variable]
[1.618s]    86 |     for (const auto& obs : msg.dynamic_obs_list) {
[1.618s]       |                      ^~~
[1.620s] /home/linjiawei/load_mcap/src/mcap_streamer/include/mcap_streamer/ros_message_converter.hpp:98:22: warning: unused variable ‘info’ [-Wunused-variable]
[1.620s]    98 |     for (const auto& info : msg.extra_infos) {
[1.620s]       |                      ^~~~
[1.772s] gmake[2]: *** [CMakeFiles/ros_message_converter_lib.dir/build.make:76: CMakeFiles/ros_message_converter_lib.dir/src/ros_message_converter.cpp.o] Error 1
[1.772s] gmake[1]: *** [CMakeFiles/Makefile2:169: CMakeFiles/ros_message_converter_lib.dir/all] Error 2
[1.772s] gmake: *** [Makefile:146: all] Error 2
[1.775s] Invoked command in '/home/linjiawei/load_mcap/build/mcap_streamer' returned '2': CMAKE_PREFIX_PATH=/opt/ros/humble /usr/bin/cmake --build /home/linjiawei/load_mcap/build/mcap_streamer -- -j17 -l17
