[  0%] Built target deva_control_msgs__cpp
[ 12%] Built target deva_control_msgs__rosidl_generator_c
[ 12%] Built target ament_cmake_python_copy_deva_control_msgs
[ 24%] Built target deva_control_msgs__rosidl_typesupport_cpp
running egg_info
writing deva_control_msgs.egg-info/PKG-INFO
writing dependency_links to deva_control_msgs.egg-info/dependency_links.txt
writing top-level names to deva_control_msgs.egg-info/top_level.txt
reading manifest file 'deva_control_msgs.egg-info/SOURCES.txt'
writing manifest file 'deva_control_msgs.egg-info/SOURCES.txt'
[ 34%] Built target ament_cmake_python_build_deva_control_msgs_egg
[ 75%] Built target deva_control_msgs__rosidl_typesupport_fastrtps_c
[ 44%] Built target deva_control_msgs__rosidl_typesupport_introspection_cpp
[ 77%] Built target deva_control_msgs__rosidl_typesupport_introspection_c
[ 77%] Built target deva_control_msgs__rosidl_typesupport_fastrtps_cpp
[ 84%] Built target deva_control_msgs__rosidl_typesupport_c
[ 84%] Built target deva_control_msgs
[ 85%] Built target deva_control_msgs__py
[ 96%] Built target deva_control_msgs__rosidl_generator_py
[ 97%] Built target deva_control_msgs__rosidl_typesupport_fastrtps_c__pyext
[ 99%] Built target deva_control_msgs__rosidl_typesupport_introspection_c__pyext
[100%] Built target deva_control_msgs__rosidl_typesupport_c__pyext
