[0.133s] Invoking command in '/home/linjiawei/load_mcap/build/deva_localization_msgs': AMENT_PREFIX_PATH=/home/linjiawei/load_mcap/install/deva_common_msgs:${AMENT_PREFIX_PATH} CMAKE_PREFIX_PATH=/home/linjiawei/load_mcap/install/deva_common_msgs:/opt/ros/humble LD_LIBRARY_PATH=/home/linjiawei/load_mcap/install/deva_common_msgs/lib:${LD_LIBRARY_PATH} PYTHONPATH=/home/linjiawei/load_mcap/install/deva_common_msgs/local/lib/python3.10/dist-packages:${PYTHONPATH} /usr/bin/cmake --build /home/linjiawei/load_mcap/build/deva_localization_msgs -- -j17 -l17
[0.181s] [  1%] Built target deva_localization_msgs__cpp
[0.183s] [ 12%] Built target deva_localization_msgs__rosidl_generator_c
[0.204s] [ 24%] Built target deva_localization_msgs__rosidl_typesupport_c
[0.213s] [ 35%] Built target deva_localization_msgs__rosidl_typesupport_cpp
[0.213s] [ 46%] Built target deva_localization_msgs__rosidl_typesupport_introspection_cpp
[0.214s] [ 65%] Built target deva_localization_msgs__rosidl_typesupport_introspection_c
[0.214s] [ 73%] Built target deva_localization_msgs__rosidl_typesupport_fastrtps_cpp
[0.214s] [ 81%] Built target deva_localization_msgs__rosidl_typesupport_fastrtps_c
[0.233s] [ 81%] Built target deva_localization_msgs
[0.259s] [ 82%] Built target deva_localization_msgs__py
[0.277s] [ 92%] Built target deva_localization_msgs__rosidl_generator_py
[0.297s] [ 94%] Built target deva_localization_msgs__rosidl_typesupport_fastrtps_c__pyext
[0.301s] [ 97%] Built target deva_localization_msgs__rosidl_typesupport_introspection_c__pyext
[0.306s] [100%] Built target deva_localization_msgs__rosidl_typesupport_c__pyext
[0.406s] [100%] Built target ament_cmake_python_copy_deva_localization_msgs
[0.758s] running egg_info
[0.763s] writing deva_localization_msgs.egg-info/PKG-INFO
[0.769s] writing dependency_links to deva_localization_msgs.egg-info/dependency_links.txt
[0.769s] writing top-level names to deva_localization_msgs.egg-info/top_level.txt
[0.788s] reading manifest file 'deva_localization_msgs.egg-info/SOURCES.txt'
[0.792s] writing manifest file 'deva_localization_msgs.egg-info/SOURCES.txt'
[0.873s] [100%] Built target ament_cmake_python_build_deva_localization_msgs_egg
[0.892s] Invoked command in '/home/linjiawei/load_mcap/build/deva_localization_msgs' returned '0': AMENT_PREFIX_PATH=/home/linjiawei/load_mcap/install/deva_common_msgs:${AMENT_PREFIX_PATH} CMAKE_PREFIX_PATH=/home/linjiawei/load_mcap/install/deva_common_msgs:/opt/ros/humble LD_LIBRARY_PATH=/home/linjiawei/load_mcap/install/deva_common_msgs/lib:${LD_LIBRARY_PATH} PYTHONPATH=/home/linjiawei/load_mcap/install/deva_common_msgs/local/lib/python3.10/dist-packages:${PYTHONPATH} /usr/bin/cmake --build /home/linjiawei/load_mcap/build/deva_localization_msgs -- -j17 -l17
[0.897s] Invoking command in '/home/linjiawei/load_mcap/build/deva_localization_msgs': AMENT_PREFIX_PATH=/home/linjiawei/load_mcap/install/deva_common_msgs:${AMENT_PREFIX_PATH} CMAKE_PREFIX_PATH=/home/linjiawei/load_mcap/install/deva_common_msgs:/opt/ros/humble LD_LIBRARY_PATH=/home/linjiawei/load_mcap/install/deva_common_msgs/lib:${LD_LIBRARY_PATH} PYTHONPATH=/home/linjiawei/load_mcap/install/deva_common_msgs/local/lib/python3.10/dist-packages:${PYTHONPATH} /usr/bin/cmake --install /home/linjiawei/load_mcap/build/deva_localization_msgs
[0.903s] -- Install configuration: ""
[0.903s] -- Up-to-date: /home/linjiawei/load_mcap/install/deva_localization_msgs/share/ament_index/resource_index/rosidl_interfaces/deva_localization_msgs
[0.903s] -- Up-to-date: /home/linjiawei/load_mcap/install/deva_localization_msgs/include/deva_localization_msgs/deva_localization_msgs
[0.903s] -- Up-to-date: /home/linjiawei/load_mcap/install/deva_localization_msgs/include/deva_localization_msgs/deva_localization_msgs/msg
[0.903s] -- Up-to-date: /home/linjiawei/load_mcap/install/deva_localization_msgs/include/deva_localization_msgs/deva_localization_msgs/msg/rosidl_generator_c__visibility_control.h
[0.903s] -- Up-to-date: /home/linjiawei/load_mcap/install/deva_localization_msgs/include/deva_localization_msgs/deva_localization_msgs/msg/corrected_imu.h
[0.903s] -- Up-to-date: /home/linjiawei/load_mcap/install/deva_localization_msgs/include/deva_localization_msgs/deva_localization_msgs/msg/detail
[0.904s] -- Up-to-date: /home/linjiawei/load_mcap/install/deva_localization_msgs/include/deva_localization_msgs/deva_localization_msgs/msg/detail/corrected_imu__functions.c
[0.904s] -- Up-to-date: /home/linjiawei/load_mcap/install/deva_localization_msgs/include/deva_localization_msgs/deva_localization_msgs/msg/detail/corrected_imu__functions.h
[0.904s] -- Up-to-date: /home/linjiawei/load_mcap/install/deva_localization_msgs/include/deva_localization_msgs/deva_localization_msgs/msg/detail/corrected_imu__struct.h
[0.904s] -- Up-to-date: /home/linjiawei/load_mcap/install/deva_localization_msgs/include/deva_localization_msgs/deva_localization_msgs/msg/detail/corrected_imu__type_support.h
[0.904s] -- Up-to-date: /home/linjiawei/load_mcap/install/deva_localization_msgs/include/deva_localization_msgs/deva_localization_msgs/msg/detail/gnss_best_pose__functions.c
[0.904s] -- Up-to-date: /home/linjiawei/load_mcap/install/deva_localization_msgs/include/deva_localization_msgs/deva_localization_msgs/msg/detail/gnss_best_pose__functions.h
[0.904s] -- Up-to-date: /home/linjiawei/load_mcap/install/deva_localization_msgs/include/deva_localization_msgs/deva_localization_msgs/msg/detail/gnss_best_pose__struct.h
[0.904s] -- Up-to-date: /home/linjiawei/load_mcap/install/deva_localization_msgs/include/deva_localization_msgs/deva_localization_msgs/msg/detail/gnss_best_pose__type_support.h
[0.904s] -- Up-to-date: /home/linjiawei/load_mcap/install/deva_localization_msgs/include/deva_localization_msgs/deva_localization_msgs/msg/detail/ins__functions.c
[0.904s] -- Up-to-date: /home/linjiawei/load_mcap/install/deva_localization_msgs/include/deva_localization_msgs/deva_localization_msgs/msg/detail/ins__functions.h
[0.904s] -- Up-to-date: /home/linjiawei/load_mcap/install/deva_localization_msgs/include/deva_localization_msgs/deva_localization_msgs/msg/detail/ins__struct.h
[0.904s] -- Up-to-date: /home/linjiawei/load_mcap/install/deva_localization_msgs/include/deva_localization_msgs/deva_localization_msgs/msg/detail/ins__type_support.h
[0.904s] -- Up-to-date: /home/linjiawei/load_mcap/install/deva_localization_msgs/include/deva_localization_msgs/deva_localization_msgs/msg/detail/localization_estimate__functions.c
[0.904s] -- Up-to-date: /home/linjiawei/load_mcap/install/deva_localization_msgs/include/deva_localization_msgs/deva_localization_msgs/msg/detail/localization_estimate__functions.h
[0.904s] -- Up-to-date: /home/linjiawei/load_mcap/install/deva_localization_msgs/include/deva_localization_msgs/deva_localization_msgs/msg/detail/localization_estimate__struct.h
[0.905s] -- Up-to-date: /home/linjiawei/load_mcap/install/deva_localization_msgs/include/deva_localization_msgs/deva_localization_msgs/msg/detail/localization_estimate__type_support.h
[0.905s] -- Up-to-date: /home/linjiawei/load_mcap/install/deva_localization_msgs/include/deva_localization_msgs/deva_localization_msgs/msg/detail/localization_revise__functions.c
[0.905s] -- Up-to-date: /home/linjiawei/load_mcap/install/deva_localization_msgs/include/deva_localization_msgs/deva_localization_msgs/msg/detail/localization_revise__functions.h
[0.905s] -- Up-to-date: /home/linjiawei/load_mcap/install/deva_localization_msgs/include/deva_localization_msgs/deva_localization_msgs/msg/detail/localization_revise__struct.h
[0.905s] -- Up-to-date: /home/linjiawei/load_mcap/install/deva_localization_msgs/include/deva_localization_msgs/deva_localization_msgs/msg/detail/localization_revise__type_support.h
[0.905s] -- Up-to-date: /home/linjiawei/load_mcap/install/deva_localization_msgs/include/deva_localization_msgs/deva_localization_msgs/msg/detail/pose__functions.c
[0.905s] -- Up-to-date: /home/linjiawei/load_mcap/install/deva_localization_msgs/include/deva_localization_msgs/deva_localization_msgs/msg/detail/pose__functions.h
[0.905s] -- Up-to-date: /home/linjiawei/load_mcap/install/deva_localization_msgs/include/deva_localization_msgs/deva_localization_msgs/msg/detail/pose__struct.h
[0.905s] -- Up-to-date: /home/linjiawei/load_mcap/install/deva_localization_msgs/include/deva_localization_msgs/deva_localization_msgs/msg/detail/pose__type_support.h
[0.905s] -- Up-to-date: /home/linjiawei/load_mcap/install/deva_localization_msgs/include/deva_localization_msgs/deva_localization_msgs/msg/detail/raw_imu__functions.c
[0.905s] -- Up-to-date: /home/linjiawei/load_mcap/install/deva_localization_msgs/include/deva_localization_msgs/deva_localization_msgs/msg/detail/raw_imu__functions.h
[0.905s] -- Up-to-date: /home/linjiawei/load_mcap/install/deva_localization_msgs/include/deva_localization_msgs/deva_localization_msgs/msg/detail/raw_imu__struct.h
[0.905s] -- Up-to-date: /home/linjiawei/load_mcap/install/deva_localization_msgs/include/deva_localization_msgs/deva_localization_msgs/msg/detail/raw_imu__type_support.h
[0.905s] -- Up-to-date: /home/linjiawei/load_mcap/install/deva_localization_msgs/include/deva_localization_msgs/deva_localization_msgs/msg/gnss_best_pose.h
[0.906s] -- Up-to-date: /home/linjiawei/load_mcap/install/deva_localization_msgs/include/deva_localization_msgs/deva_localization_msgs/msg/ins.h
[0.906s] -- Up-to-date: /home/linjiawei/load_mcap/install/deva_localization_msgs/include/deva_localization_msgs/deva_localization_msgs/msg/localization_estimate.h
[0.906s] -- Up-to-date: /home/linjiawei/load_mcap/install/deva_localization_msgs/include/deva_localization_msgs/deva_localization_msgs/msg/localization_revise.h
[0.906s] -- Up-to-date: /home/linjiawei/load_mcap/install/deva_localization_msgs/include/deva_localization_msgs/deva_localization_msgs/msg/pose.h
[0.906s] -- Up-to-date: /home/linjiawei/load_mcap/install/deva_localization_msgs/include/deva_localization_msgs/deva_localization_msgs/msg/raw_imu.h
[0.906s] -- Up-to-date: /home/linjiawei/load_mcap/install/deva_localization_msgs/share/deva_localization_msgs/environment/library_path.sh
[0.906s] -- Up-to-date: /home/linjiawei/load_mcap/install/deva_localization_msgs/share/deva_localization_msgs/environment/library_path.dsv
[0.906s] -- Up-to-date: /home/linjiawei/load_mcap/install/deva_localization_msgs/lib/libdeva_localization_msgs__rosidl_generator_c.so
[0.906s] -- Up-to-date: /home/linjiawei/load_mcap/install/deva_localization_msgs/include/deva_localization_msgs/deva_localization_msgs
[0.906s] -- Up-to-date: /home/linjiawei/load_mcap/install/deva_localization_msgs/include/deva_localization_msgs/deva_localization_msgs/msg
[0.906s] -- Up-to-date: /home/linjiawei/load_mcap/install/deva_localization_msgs/include/deva_localization_msgs/deva_localization_msgs/msg/rosidl_typesupport_fastrtps_c__visibility_control.h
[0.906s] -- Up-to-date: /home/linjiawei/load_mcap/install/deva_localization_msgs/include/deva_localization_msgs/deva_localization_msgs/msg/detail
[0.906s] -- Up-to-date: /home/linjiawei/load_mcap/install/deva_localization_msgs/include/deva_localization_msgs/deva_localization_msgs/msg/detail/corrected_imu__rosidl_typesupport_fastrtps_c.h
[0.906s] -- Up-to-date: /home/linjiawei/load_mcap/install/deva_localization_msgs/include/deva_localization_msgs/deva_localization_msgs/msg/detail/gnss_best_pose__rosidl_typesupport_fastrtps_c.h
[0.907s] -- Up-to-date: /home/linjiawei/load_mcap/install/deva_localization_msgs/include/deva_localization_msgs/deva_localization_msgs/msg/detail/ins__rosidl_typesupport_fastrtps_c.h
[0.907s] -- Up-to-date: /home/linjiawei/load_mcap/install/deva_localization_msgs/include/deva_localization_msgs/deva_localization_msgs/msg/detail/localization_estimate__rosidl_typesupport_fastrtps_c.h
[0.907s] -- Up-to-date: /home/linjiawei/load_mcap/install/deva_localization_msgs/include/deva_localization_msgs/deva_localization_msgs/msg/detail/localization_revise__rosidl_typesupport_fastrtps_c.h
[0.907s] -- Up-to-date: /home/linjiawei/load_mcap/install/deva_localization_msgs/include/deva_localization_msgs/deva_localization_msgs/msg/detail/pose__rosidl_typesupport_fastrtps_c.h
[0.907s] -- Up-to-date: /home/linjiawei/load_mcap/install/deva_localization_msgs/include/deva_localization_msgs/deva_localization_msgs/msg/detail/raw_imu__rosidl_typesupport_fastrtps_c.h
[0.907s] -- Up-to-date: /home/linjiawei/load_mcap/install/deva_localization_msgs/lib/libdeva_localization_msgs__rosidl_typesupport_fastrtps_c.so
[0.907s] -- Up-to-date: /home/linjiawei/load_mcap/install/deva_localization_msgs/include/deva_localization_msgs/deva_localization_msgs
[0.907s] -- Up-to-date: /home/linjiawei/load_mcap/install/deva_localization_msgs/include/deva_localization_msgs/deva_localization_msgs/msg
[0.907s] -- Up-to-date: /home/linjiawei/load_mcap/install/deva_localization_msgs/include/deva_localization_msgs/deva_localization_msgs/msg/rosidl_typesupport_introspection_c__visibility_control.h
[0.907s] -- Up-to-date: /home/linjiawei/load_mcap/install/deva_localization_msgs/include/deva_localization_msgs/deva_localization_msgs/msg/detail
[0.907s] -- Up-to-date: /home/linjiawei/load_mcap/install/deva_localization_msgs/include/deva_localization_msgs/deva_localization_msgs/msg/detail/corrected_imu__rosidl_typesupport_introspection_c.h
[0.907s] -- Up-to-date: /home/linjiawei/load_mcap/install/deva_localization_msgs/include/deva_localization_msgs/deva_localization_msgs/msg/detail/corrected_imu__type_support.c
[0.907s] -- Up-to-date: /home/linjiawei/load_mcap/install/deva_localization_msgs/include/deva_localization_msgs/deva_localization_msgs/msg/detail/gnss_best_pose__rosidl_typesupport_introspection_c.h
[0.907s] -- Up-to-date: /home/linjiawei/load_mcap/install/deva_localization_msgs/include/deva_localization_msgs/deva_localization_msgs/msg/detail/gnss_best_pose__type_support.c
[0.907s] -- Up-to-date: /home/linjiawei/load_mcap/install/deva_localization_msgs/include/deva_localization_msgs/deva_localization_msgs/msg/detail/ins__rosidl_typesupport_introspection_c.h
[0.908s] -- Up-to-date: /home/linjiawei/load_mcap/install/deva_localization_msgs/include/deva_localization_msgs/deva_localization_msgs/msg/detail/ins__type_support.c
[0.908s] -- Up-to-date: /home/linjiawei/load_mcap/install/deva_localization_msgs/include/deva_localization_msgs/deva_localization_msgs/msg/detail/localization_estimate__rosidl_typesupport_introspection_c.h
[0.908s] -- Up-to-date: /home/linjiawei/load_mcap/install/deva_localization_msgs/include/deva_localization_msgs/deva_localization_msgs/msg/detail/localization_estimate__type_support.c
[0.908s] -- Up-to-date: /home/linjiawei/load_mcap/install/deva_localization_msgs/include/deva_localization_msgs/deva_localization_msgs/msg/detail/localization_revise__rosidl_typesupport_introspection_c.h
[0.908s] -- Up-to-date: /home/linjiawei/load_mcap/install/deva_localization_msgs/include/deva_localization_msgs/deva_localization_msgs/msg/detail/localization_revise__type_support.c
[0.908s] -- Up-to-date: /home/linjiawei/load_mcap/install/deva_localization_msgs/include/deva_localization_msgs/deva_localization_msgs/msg/detail/pose__rosidl_typesupport_introspection_c.h
[0.908s] -- Up-to-date: /home/linjiawei/load_mcap/install/deva_localization_msgs/include/deva_localization_msgs/deva_localization_msgs/msg/detail/pose__type_support.c
[0.908s] -- Up-to-date: /home/linjiawei/load_mcap/install/deva_localization_msgs/include/deva_localization_msgs/deva_localization_msgs/msg/detail/raw_imu__rosidl_typesupport_introspection_c.h
[0.908s] -- Up-to-date: /home/linjiawei/load_mcap/install/deva_localization_msgs/include/deva_localization_msgs/deva_localization_msgs/msg/detail/raw_imu__type_support.c
[0.908s] -- Up-to-date: /home/linjiawei/load_mcap/install/deva_localization_msgs/lib/libdeva_localization_msgs__rosidl_typesupport_introspection_c.so
[0.908s] -- Up-to-date: /home/linjiawei/load_mcap/install/deva_localization_msgs/lib/libdeva_localization_msgs__rosidl_typesupport_c.so
[0.908s] -- Up-to-date: /home/linjiawei/load_mcap/install/deva_localization_msgs/include/deva_localization_msgs/deva_localization_msgs
[0.908s] -- Up-to-date: /home/linjiawei/load_mcap/install/deva_localization_msgs/include/deva_localization_msgs/deva_localization_msgs/msg
[0.908s] -- Up-to-date: /home/linjiawei/load_mcap/install/deva_localization_msgs/include/deva_localization_msgs/deva_localization_msgs/msg/rosidl_generator_cpp__visibility_control.hpp
[0.909s] -- Up-to-date: /home/linjiawei/load_mcap/install/deva_localization_msgs/include/deva_localization_msgs/deva_localization_msgs/msg/corrected_imu.hpp
[0.909s] -- Up-to-date: /home/linjiawei/load_mcap/install/deva_localization_msgs/include/deva_localization_msgs/deva_localization_msgs/msg/detail
[0.909s] -- Up-to-date: /home/linjiawei/load_mcap/install/deva_localization_msgs/include/deva_localization_msgs/deva_localization_msgs/msg/detail/corrected_imu__builder.hpp
[0.909s] -- Up-to-date: /home/linjiawei/load_mcap/install/deva_localization_msgs/include/deva_localization_msgs/deva_localization_msgs/msg/detail/corrected_imu__struct.hpp
[0.909s] -- Up-to-date: /home/linjiawei/load_mcap/install/deva_localization_msgs/include/deva_localization_msgs/deva_localization_msgs/msg/detail/corrected_imu__traits.hpp
[0.909s] -- Up-to-date: /home/linjiawei/load_mcap/install/deva_localization_msgs/include/deva_localization_msgs/deva_localization_msgs/msg/detail/corrected_imu__type_support.hpp
[0.909s] -- Up-to-date: /home/linjiawei/load_mcap/install/deva_localization_msgs/include/deva_localization_msgs/deva_localization_msgs/msg/detail/gnss_best_pose__builder.hpp
[0.909s] -- Up-to-date: /home/linjiawei/load_mcap/install/deva_localization_msgs/include/deva_localization_msgs/deva_localization_msgs/msg/detail/gnss_best_pose__struct.hpp
[0.909s] -- Up-to-date: /home/linjiawei/load_mcap/install/deva_localization_msgs/include/deva_localization_msgs/deva_localization_msgs/msg/detail/gnss_best_pose__traits.hpp
[0.909s] -- Up-to-date: /home/linjiawei/load_mcap/install/deva_localization_msgs/include/deva_localization_msgs/deva_localization_msgs/msg/detail/gnss_best_pose__type_support.hpp
[0.909s] -- Up-to-date: /home/linjiawei/load_mcap/install/deva_localization_msgs/include/deva_localization_msgs/deva_localization_msgs/msg/detail/ins__builder.hpp
[0.909s] -- Up-to-date: /home/linjiawei/load_mcap/install/deva_localization_msgs/include/deva_localization_msgs/deva_localization_msgs/msg/detail/ins__struct.hpp
[0.909s] -- Up-to-date: /home/linjiawei/load_mcap/install/deva_localization_msgs/include/deva_localization_msgs/deva_localization_msgs/msg/detail/ins__traits.hpp
[0.909s] -- Up-to-date: /home/linjiawei/load_mcap/install/deva_localization_msgs/include/deva_localization_msgs/deva_localization_msgs/msg/detail/ins__type_support.hpp
[0.910s] -- Up-to-date: /home/linjiawei/load_mcap/install/deva_localization_msgs/include/deva_localization_msgs/deva_localization_msgs/msg/detail/localization_estimate__builder.hpp
[0.910s] -- Up-to-date: /home/linjiawei/load_mcap/install/deva_localization_msgs/include/deva_localization_msgs/deva_localization_msgs/msg/detail/localization_estimate__struct.hpp
[0.910s] -- Up-to-date: /home/linjiawei/load_mcap/install/deva_localization_msgs/include/deva_localization_msgs/deva_localization_msgs/msg/detail/localization_estimate__traits.hpp
[0.910s] -- Up-to-date: /home/linjiawei/load_mcap/install/deva_localization_msgs/include/deva_localization_msgs/deva_localization_msgs/msg/detail/localization_estimate__type_support.hpp
[0.910s] -- Up-to-date: /home/linjiawei/load_mcap/install/deva_localization_msgs/include/deva_localization_msgs/deva_localization_msgs/msg/detail/localization_revise__builder.hpp
[0.910s] -- Up-to-date: /home/linjiawei/load_mcap/install/deva_localization_msgs/include/deva_localization_msgs/deva_localization_msgs/msg/detail/localization_revise__struct.hpp
[0.910s] -- Up-to-date: /home/linjiawei/load_mcap/install/deva_localization_msgs/include/deva_localization_msgs/deva_localization_msgs/msg/detail/localization_revise__traits.hpp
[0.910s] -- Up-to-date: /home/linjiawei/load_mcap/install/deva_localization_msgs/include/deva_localization_msgs/deva_localization_msgs/msg/detail/localization_revise__type_support.hpp
[0.910s] -- Up-to-date: /home/linjiawei/load_mcap/install/deva_localization_msgs/include/deva_localization_msgs/deva_localization_msgs/msg/detail/pose__builder.hpp
[0.910s] -- Up-to-date: /home/linjiawei/load_mcap/install/deva_localization_msgs/include/deva_localization_msgs/deva_localization_msgs/msg/detail/pose__struct.hpp
[0.910s] -- Up-to-date: /home/linjiawei/load_mcap/install/deva_localization_msgs/include/deva_localization_msgs/deva_localization_msgs/msg/detail/pose__traits.hpp
[0.910s] -- Up-to-date: /home/linjiawei/load_mcap/install/deva_localization_msgs/include/deva_localization_msgs/deva_localization_msgs/msg/detail/pose__type_support.hpp
[0.910s] -- Up-to-date: /home/linjiawei/load_mcap/install/deva_localization_msgs/include/deva_localization_msgs/deva_localization_msgs/msg/detail/raw_imu__builder.hpp
[0.910s] -- Up-to-date: /home/linjiawei/load_mcap/install/deva_localization_msgs/include/deva_localization_msgs/deva_localization_msgs/msg/detail/raw_imu__struct.hpp
[0.911s] -- Up-to-date: /home/linjiawei/load_mcap/install/deva_localization_msgs/include/deva_localization_msgs/deva_localization_msgs/msg/detail/raw_imu__traits.hpp
[0.911s] -- Up-to-date: /home/linjiawei/load_mcap/install/deva_localization_msgs/include/deva_localization_msgs/deva_localization_msgs/msg/detail/raw_imu__type_support.hpp
[0.911s] -- Up-to-date: /home/linjiawei/load_mcap/install/deva_localization_msgs/include/deva_localization_msgs/deva_localization_msgs/msg/gnss_best_pose.hpp
[0.911s] -- Up-to-date: /home/linjiawei/load_mcap/install/deva_localization_msgs/include/deva_localization_msgs/deva_localization_msgs/msg/ins.hpp
[0.911s] -- Up-to-date: /home/linjiawei/load_mcap/install/deva_localization_msgs/include/deva_localization_msgs/deva_localization_msgs/msg/localization_estimate.hpp
[0.912s] -- Up-to-date: /home/linjiawei/load_mcap/install/deva_localization_msgs/include/deva_localization_msgs/deva_localization_msgs/msg/localization_revise.hpp
[0.912s] -- Up-to-date: /home/linjiawei/load_mcap/install/deva_localization_msgs/include/deva_localization_msgs/deva_localization_msgs/msg/pose.hpp
[0.912s] -- Up-to-date: /home/linjiawei/load_mcap/install/deva_localization_msgs/include/deva_localization_msgs/deva_localization_msgs/msg/raw_imu.hpp
[0.912s] -- Up-to-date: /home/linjiawei/load_mcap/install/deva_localization_msgs/include/deva_localization_msgs/deva_localization_msgs
[0.912s] -- Up-to-date: /home/linjiawei/load_mcap/install/deva_localization_msgs/include/deva_localization_msgs/deva_localization_msgs/msg
[0.912s] -- Up-to-date: /home/linjiawei/load_mcap/install/deva_localization_msgs/include/deva_localization_msgs/deva_localization_msgs/msg/rosidl_typesupport_fastrtps_cpp__visibility_control.h
[0.912s] -- Up-to-date: /home/linjiawei/load_mcap/install/deva_localization_msgs/include/deva_localization_msgs/deva_localization_msgs/msg/detail
[0.912s] -- Up-to-date: /home/linjiawei/load_mcap/install/deva_localization_msgs/include/deva_localization_msgs/deva_localization_msgs/msg/detail/corrected_imu__rosidl_typesupport_fastrtps_cpp.hpp
[0.912s] -- Up-to-date: /home/linjiawei/load_mcap/install/deva_localization_msgs/include/deva_localization_msgs/deva_localization_msgs/msg/detail/dds_fastrtps
[0.912s] -- Up-to-date: /home/linjiawei/load_mcap/install/deva_localization_msgs/include/deva_localization_msgs/deva_localization_msgs/msg/detail/gnss_best_pose__rosidl_typesupport_fastrtps_cpp.hpp
[0.912s] -- Up-to-date: /home/linjiawei/load_mcap/install/deva_localization_msgs/include/deva_localization_msgs/deva_localization_msgs/msg/detail/ins__rosidl_typesupport_fastrtps_cpp.hpp
[0.912s] -- Up-to-date: /home/linjiawei/load_mcap/install/deva_localization_msgs/include/deva_localization_msgs/deva_localization_msgs/msg/detail/localization_estimate__rosidl_typesupport_fastrtps_cpp.hpp
[0.913s] -- Up-to-date: /home/linjiawei/load_mcap/install/deva_localization_msgs/include/deva_localization_msgs/deva_localization_msgs/msg/detail/localization_revise__rosidl_typesupport_fastrtps_cpp.hpp
[0.913s] -- Up-to-date: /home/linjiawei/load_mcap/install/deva_localization_msgs/include/deva_localization_msgs/deva_localization_msgs/msg/detail/pose__rosidl_typesupport_fastrtps_cpp.hpp
[0.913s] -- Up-to-date: /home/linjiawei/load_mcap/install/deva_localization_msgs/include/deva_localization_msgs/deva_localization_msgs/msg/detail/raw_imu__rosidl_typesupport_fastrtps_cpp.hpp
[0.913s] -- Up-to-date: /home/linjiawei/load_mcap/install/deva_localization_msgs/lib/libdeva_localization_msgs__rosidl_typesupport_fastrtps_cpp.so
[0.913s] -- Up-to-date: /home/linjiawei/load_mcap/install/deva_localization_msgs/include/deva_localization_msgs/deva_localization_msgs
[0.913s] -- Up-to-date: /home/linjiawei/load_mcap/install/deva_localization_msgs/include/deva_localization_msgs/deva_localization_msgs/msg
[0.913s] -- Up-to-date: /home/linjiawei/load_mcap/install/deva_localization_msgs/include/deva_localization_msgs/deva_localization_msgs/msg/detail
[0.913s] -- Up-to-date: /home/linjiawei/load_mcap/install/deva_localization_msgs/include/deva_localization_msgs/deva_localization_msgs/msg/detail/corrected_imu__rosidl_typesupport_introspection_cpp.hpp
[0.913s] -- Up-to-date: /home/linjiawei/load_mcap/install/deva_localization_msgs/include/deva_localization_msgs/deva_localization_msgs/msg/detail/corrected_imu__type_support.cpp
[0.913s] -- Up-to-date: /home/linjiawei/load_mcap/install/deva_localization_msgs/include/deva_localization_msgs/deva_localization_msgs/msg/detail/gnss_best_pose__rosidl_typesupport_introspection_cpp.hpp
[0.913s] -- Up-to-date: /home/linjiawei/load_mcap/install/deva_localization_msgs/include/deva_localization_msgs/deva_localization_msgs/msg/detail/gnss_best_pose__type_support.cpp
[0.914s] -- Up-to-date: /home/linjiawei/load_mcap/install/deva_localization_msgs/include/deva_localization_msgs/deva_localization_msgs/msg/detail/ins__rosidl_typesupport_introspection_cpp.hpp
[0.914s] -- Up-to-date: /home/linjiawei/load_mcap/install/deva_localization_msgs/include/deva_localization_msgs/deva_localization_msgs/msg/detail/ins__type_support.cpp
[0.914s] -- Up-to-date: /home/linjiawei/load_mcap/install/deva_localization_msgs/include/deva_localization_msgs/deva_localization_msgs/msg/detail/localization_estimate__rosidl_typesupport_introspection_cpp.hpp
[0.914s] -- Up-to-date: /home/linjiawei/load_mcap/install/deva_localization_msgs/include/deva_localization_msgs/deva_localization_msgs/msg/detail/localization_estimate__type_support.cpp
[0.914s] -- Up-to-date: /home/linjiawei/load_mcap/install/deva_localization_msgs/include/deva_localization_msgs/deva_localization_msgs/msg/detail/localization_revise__rosidl_typesupport_introspection_cpp.hpp
[0.914s] -- Up-to-date: /home/linjiawei/load_mcap/install/deva_localization_msgs/include/deva_localization_msgs/deva_localization_msgs/msg/detail/localization_revise__type_support.cpp
[0.914s] -- Up-to-date: /home/linjiawei/load_mcap/install/deva_localization_msgs/include/deva_localization_msgs/deva_localization_msgs/msg/detail/pose__rosidl_typesupport_introspection_cpp.hpp
[0.914s] -- Up-to-date: /home/linjiawei/load_mcap/install/deva_localization_msgs/include/deva_localization_msgs/deva_localization_msgs/msg/detail/pose__type_support.cpp
[0.914s] -- Up-to-date: /home/linjiawei/load_mcap/install/deva_localization_msgs/include/deva_localization_msgs/deva_localization_msgs/msg/detail/raw_imu__rosidl_typesupport_introspection_cpp.hpp
[0.914s] -- Up-to-date: /home/linjiawei/load_mcap/install/deva_localization_msgs/include/deva_localization_msgs/deva_localization_msgs/msg/detail/raw_imu__type_support.cpp
[0.914s] -- Up-to-date: /home/linjiawei/load_mcap/install/deva_localization_msgs/lib/libdeva_localization_msgs__rosidl_typesupport_introspection_cpp.so
[0.914s] -- Up-to-date: /home/linjiawei/load_mcap/install/deva_localization_msgs/lib/libdeva_localization_msgs__rosidl_typesupport_cpp.so
[0.914s] -- Up-to-date: /home/linjiawei/load_mcap/install/deva_localization_msgs/share/deva_localization_msgs/environment/pythonpath.sh
[0.915s] -- Up-to-date: /home/linjiawei/load_mcap/install/deva_localization_msgs/share/deva_localization_msgs/environment/pythonpath.dsv
[0.915s] -- Up-to-date: /home/linjiawei/load_mcap/install/deva_localization_msgs/local/lib/python3.10/dist-packages/deva_localization_msgs-0.0.0-py3.10.egg-info
[0.915s] -- Installing: /home/linjiawei/load_mcap/install/deva_localization_msgs/local/lib/python3.10/dist-packages/deva_localization_msgs-0.0.0-py3.10.egg-info/PKG-INFO
[0.915s] -- Installing: /home/linjiawei/load_mcap/install/deva_localization_msgs/local/lib/python3.10/dist-packages/deva_localization_msgs-0.0.0-py3.10.egg-info/dependency_links.txt
[0.915s] -- Installing: /home/linjiawei/load_mcap/install/deva_localization_msgs/local/lib/python3.10/dist-packages/deva_localization_msgs-0.0.0-py3.10.egg-info/top_level.txt
[0.915s] -- Installing: /home/linjiawei/load_mcap/install/deva_localization_msgs/local/lib/python3.10/dist-packages/deva_localization_msgs-0.0.0-py3.10.egg-info/SOURCES.txt
[0.915s] -- Up-to-date: /home/linjiawei/load_mcap/install/deva_localization_msgs/local/lib/python3.10/dist-packages/deva_localization_msgs
[0.915s] -- Up-to-date: /home/linjiawei/load_mcap/install/deva_localization_msgs/local/lib/python3.10/dist-packages/deva_localization_msgs/__init__.py
[0.915s] -- Up-to-date: /home/linjiawei/load_mcap/install/deva_localization_msgs/local/lib/python3.10/dist-packages/deva_localization_msgs/msg
[0.915s] -- Up-to-date: /home/linjiawei/load_mcap/install/deva_localization_msgs/local/lib/python3.10/dist-packages/deva_localization_msgs/msg/_corrected_imu.py
[0.915s] -- Up-to-date: /home/linjiawei/load_mcap/install/deva_localization_msgs/local/lib/python3.10/dist-packages/deva_localization_msgs/msg/_corrected_imu_s.c
[0.915s] -- Up-to-date: /home/linjiawei/load_mcap/install/deva_localization_msgs/local/lib/python3.10/dist-packages/deva_localization_msgs/msg/_gnss_best_pose.py
[0.915s] -- Up-to-date: /home/linjiawei/load_mcap/install/deva_localization_msgs/local/lib/python3.10/dist-packages/deva_localization_msgs/msg/_gnss_best_pose_s.c
[0.915s] -- Up-to-date: /home/linjiawei/load_mcap/install/deva_localization_msgs/local/lib/python3.10/dist-packages/deva_localization_msgs/msg/_ins.py
[0.916s] -- Up-to-date: /home/linjiawei/load_mcap/install/deva_localization_msgs/local/lib/python3.10/dist-packages/deva_localization_msgs/msg/_ins_s.c
[0.916s] -- Up-to-date: /home/linjiawei/load_mcap/install/deva_localization_msgs/local/lib/python3.10/dist-packages/deva_localization_msgs/msg/_localization_estimate.py
[0.916s] -- Up-to-date: /home/linjiawei/load_mcap/install/deva_localization_msgs/local/lib/python3.10/dist-packages/deva_localization_msgs/msg/_localization_estimate_s.c
[0.916s] -- Up-to-date: /home/linjiawei/load_mcap/install/deva_localization_msgs/local/lib/python3.10/dist-packages/deva_localization_msgs/msg/_localization_revise.py
[0.916s] -- Up-to-date: /home/linjiawei/load_mcap/install/deva_localization_msgs/local/lib/python3.10/dist-packages/deva_localization_msgs/msg/_localization_revise_s.c
[0.916s] -- Up-to-date: /home/linjiawei/load_mcap/install/deva_localization_msgs/local/lib/python3.10/dist-packages/deva_localization_msgs/msg/_pose.py
[0.916s] -- Up-to-date: /home/linjiawei/load_mcap/install/deva_localization_msgs/local/lib/python3.10/dist-packages/deva_localization_msgs/msg/_pose_s.c
[0.916s] -- Up-to-date: /home/linjiawei/load_mcap/install/deva_localization_msgs/local/lib/python3.10/dist-packages/deva_localization_msgs/msg/_raw_imu.py
[0.916s] -- Up-to-date: /home/linjiawei/load_mcap/install/deva_localization_msgs/local/lib/python3.10/dist-packages/deva_localization_msgs/msg/_raw_imu_s.c
[0.916s] -- Up-to-date: /home/linjiawei/load_mcap/install/deva_localization_msgs/local/lib/python3.10/dist-packages/deva_localization_msgs/msg/__init__.py
[0.916s] -- Up-to-date: /home/linjiawei/load_mcap/install/deva_localization_msgs/local/lib/python3.10/dist-packages/deva_localization_msgs/_deva_localization_msgs_s.ep.rosidl_typesupport_fastrtps_c.c
[0.917s] -- Up-to-date: /home/linjiawei/load_mcap/install/deva_localization_msgs/local/lib/python3.10/dist-packages/deva_localization_msgs/_deva_localization_msgs_s.ep.rosidl_typesupport_introspection_c.c
[0.917s] -- Up-to-date: /home/linjiawei/load_mcap/install/deva_localization_msgs/local/lib/python3.10/dist-packages/deva_localization_msgs/_deva_localization_msgs_s.ep.rosidl_typesupport_c.c
[0.917s] -- Up-to-date: /home/linjiawei/load_mcap/install/deva_localization_msgs/local/lib/python3.10/dist-packages/deva_localization_msgs/libdeva_localization_msgs__rosidl_generator_py.so
[0.917s] -- Up-to-date: /home/linjiawei/load_mcap/install/deva_localization_msgs/local/lib/python3.10/dist-packages/deva_localization_msgs/deva_localization_msgs_s__rosidl_typesupport_c.cpython-310-x86_64-linux-gnu.so
[0.917s] -- Up-to-date: /home/linjiawei/load_mcap/install/deva_localization_msgs/local/lib/python3.10/dist-packages/deva_localization_msgs/deva_localization_msgs_s__rosidl_typesupport_introspection_c.cpython-310-x86_64-linux-gnu.so
[0.917s] -- Up-to-date: /home/linjiawei/load_mcap/install/deva_localization_msgs/local/lib/python3.10/dist-packages/deva_localization_msgs/deva_localization_msgs_s__rosidl_typesupport_fastrtps_c.cpython-310-x86_64-linux-gnu.so
[0.924s] Listing '/home/linjiawei/load_mcap/install/deva_localization_msgs/local/lib/python3.10/dist-packages/deva_localization_msgs'...
[0.925s] Listing '/home/linjiawei/load_mcap/install/deva_localization_msgs/local/lib/python3.10/dist-packages/deva_localization_msgs/msg'...
[0.926s] -- Up-to-date: /home/linjiawei/load_mcap/install/deva_localization_msgs/local/lib/python3.10/dist-packages/deva_localization_msgs/deva_localization_msgs_s__rosidl_typesupport_fastrtps_c.cpython-310-x86_64-linux-gnu.so
[0.926s] -- Up-to-date: /home/linjiawei/load_mcap/install/deva_localization_msgs/local/lib/python3.10/dist-packages/deva_localization_msgs/deva_localization_msgs_s__rosidl_typesupport_introspection_c.cpython-310-x86_64-linux-gnu.so
[0.926s] -- Up-to-date: /home/linjiawei/load_mcap/install/deva_localization_msgs/local/lib/python3.10/dist-packages/deva_localization_msgs/deva_localization_msgs_s__rosidl_typesupport_c.cpython-310-x86_64-linux-gnu.so
[0.927s] -- Up-to-date: /home/linjiawei/load_mcap/install/deva_localization_msgs/lib/libdeva_localization_msgs__rosidl_generator_py.so
[0.927s] -- Up-to-date: /home/linjiawei/load_mcap/install/deva_localization_msgs/share/deva_localization_msgs/msg/CorrectedImu.idl
[0.927s] -- Up-to-date: /home/linjiawei/load_mcap/install/deva_localization_msgs/share/deva_localization_msgs/msg/GnssBestPose.idl
[0.927s] -- Up-to-date: /home/linjiawei/load_mcap/install/deva_localization_msgs/share/deva_localization_msgs/msg/Ins.idl
[0.927s] -- Up-to-date: /home/linjiawei/load_mcap/install/deva_localization_msgs/share/deva_localization_msgs/msg/LocalizationEstimate.idl
[0.927s] -- Up-to-date: /home/linjiawei/load_mcap/install/deva_localization_msgs/share/deva_localization_msgs/msg/LocalizationRevise.idl
[0.927s] -- Up-to-date: /home/linjiawei/load_mcap/install/deva_localization_msgs/share/deva_localization_msgs/msg/Pose.idl
[0.927s] -- Up-to-date: /home/linjiawei/load_mcap/install/deva_localization_msgs/share/deva_localization_msgs/msg/RawImu.idl
[0.927s] -- Up-to-date: /home/linjiawei/load_mcap/install/deva_localization_msgs/share/deva_localization_msgs/msg/CorrectedImu.msg
[0.928s] -- Up-to-date: /home/linjiawei/load_mcap/install/deva_localization_msgs/share/deva_localization_msgs/msg/GnssBestPose.msg
[0.928s] -- Up-to-date: /home/linjiawei/load_mcap/install/deva_localization_msgs/share/deva_localization_msgs/msg/Ins.msg
[0.928s] -- Up-to-date: /home/linjiawei/load_mcap/install/deva_localization_msgs/share/deva_localization_msgs/msg/LocalizationEstimate.msg
[0.928s] -- Up-to-date: /home/linjiawei/load_mcap/install/deva_localization_msgs/share/deva_localization_msgs/msg/LocalizationRevise.msg
[0.928s] -- Up-to-date: /home/linjiawei/load_mcap/install/deva_localization_msgs/share/deva_localization_msgs/msg/Pose.msg
[0.928s] -- Up-to-date: /home/linjiawei/load_mcap/install/deva_localization_msgs/share/deva_localization_msgs/msg/RawImu.msg
[0.928s] -- Up-to-date: /home/linjiawei/load_mcap/install/deva_localization_msgs/share/ament_index/resource_index/package_run_dependencies/deva_localization_msgs
[0.929s] -- Up-to-date: /home/linjiawei/load_mcap/install/deva_localization_msgs/share/ament_index/resource_index/parent_prefix_path/deva_localization_msgs
[0.929s] -- Up-to-date: /home/linjiawei/load_mcap/install/deva_localization_msgs/share/deva_localization_msgs/environment/ament_prefix_path.sh
[0.929s] -- Up-to-date: /home/linjiawei/load_mcap/install/deva_localization_msgs/share/deva_localization_msgs/environment/ament_prefix_path.dsv
[0.929s] -- Up-to-date: /home/linjiawei/load_mcap/install/deva_localization_msgs/share/deva_localization_msgs/environment/path.sh
[0.929s] -- Up-to-date: /home/linjiawei/load_mcap/install/deva_localization_msgs/share/deva_localization_msgs/environment/path.dsv
[0.929s] -- Up-to-date: /home/linjiawei/load_mcap/install/deva_localization_msgs/share/deva_localization_msgs/local_setup.bash
[0.929s] -- Up-to-date: /home/linjiawei/load_mcap/install/deva_localization_msgs/share/deva_localization_msgs/local_setup.sh
[0.929s] -- Up-to-date: /home/linjiawei/load_mcap/install/deva_localization_msgs/share/deva_localization_msgs/local_setup.zsh
[0.929s] -- Up-to-date: /home/linjiawei/load_mcap/install/deva_localization_msgs/share/deva_localization_msgs/local_setup.dsv
[0.929s] -- Installing: /home/linjiawei/load_mcap/install/deva_localization_msgs/share/deva_localization_msgs/package.dsv
[0.929s] -- Up-to-date: /home/linjiawei/load_mcap/install/deva_localization_msgs/share/ament_index/resource_index/packages/deva_localization_msgs
[0.929s] -- Up-to-date: /home/linjiawei/load_mcap/install/deva_localization_msgs/share/deva_localization_msgs/cmake/export_deva_localization_msgs__rosidl_generator_cExport.cmake
[0.929s] -- Up-to-date: /home/linjiawei/load_mcap/install/deva_localization_msgs/share/deva_localization_msgs/cmake/export_deva_localization_msgs__rosidl_generator_cExport-noconfig.cmake
[0.930s] -- Up-to-date: /home/linjiawei/load_mcap/install/deva_localization_msgs/share/deva_localization_msgs/cmake/export_deva_localization_msgs__rosidl_typesupport_fastrtps_cExport.cmake
[0.930s] -- Up-to-date: /home/linjiawei/load_mcap/install/deva_localization_msgs/share/deva_localization_msgs/cmake/export_deva_localization_msgs__rosidl_typesupport_fastrtps_cExport-noconfig.cmake
[0.930s] -- Up-to-date: /home/linjiawei/load_mcap/install/deva_localization_msgs/share/deva_localization_msgs/cmake/deva_localization_msgs__rosidl_typesupport_introspection_cExport.cmake
[0.930s] -- Up-to-date: /home/linjiawei/load_mcap/install/deva_localization_msgs/share/deva_localization_msgs/cmake/deva_localization_msgs__rosidl_typesupport_introspection_cExport-noconfig.cmake
[0.930s] -- Up-to-date: /home/linjiawei/load_mcap/install/deva_localization_msgs/share/deva_localization_msgs/cmake/deva_localization_msgs__rosidl_typesupport_cExport.cmake
[0.930s] -- Up-to-date: /home/linjiawei/load_mcap/install/deva_localization_msgs/share/deva_localization_msgs/cmake/deva_localization_msgs__rosidl_typesupport_cExport-noconfig.cmake
[0.930s] -- Up-to-date: /home/linjiawei/load_mcap/install/deva_localization_msgs/share/deva_localization_msgs/cmake/export_deva_localization_msgs__rosidl_generator_cppExport.cmake
[0.930s] -- Up-to-date: /home/linjiawei/load_mcap/install/deva_localization_msgs/share/deva_localization_msgs/cmake/export_deva_localization_msgs__rosidl_typesupport_fastrtps_cppExport.cmake
[0.930s] -- Up-to-date: /home/linjiawei/load_mcap/install/deva_localization_msgs/share/deva_localization_msgs/cmake/export_deva_localization_msgs__rosidl_typesupport_fastrtps_cppExport-noconfig.cmake
[0.930s] -- Up-to-date: /home/linjiawei/load_mcap/install/deva_localization_msgs/share/deva_localization_msgs/cmake/deva_localization_msgs__rosidl_typesupport_introspection_cppExport.cmake
[0.930s] -- Up-to-date: /home/linjiawei/load_mcap/install/deva_localization_msgs/share/deva_localization_msgs/cmake/deva_localization_msgs__rosidl_typesupport_introspection_cppExport-noconfig.cmake
[0.930s] -- Up-to-date: /home/linjiawei/load_mcap/install/deva_localization_msgs/share/deva_localization_msgs/cmake/deva_localization_msgs__rosidl_typesupport_cppExport.cmake
[0.930s] -- Up-to-date: /home/linjiawei/load_mcap/install/deva_localization_msgs/share/deva_localization_msgs/cmake/deva_localization_msgs__rosidl_typesupport_cppExport-noconfig.cmake
[0.930s] -- Up-to-date: /home/linjiawei/load_mcap/install/deva_localization_msgs/share/deva_localization_msgs/cmake/export_deva_localization_msgs__rosidl_generator_pyExport.cmake
[0.931s] -- Up-to-date: /home/linjiawei/load_mcap/install/deva_localization_msgs/share/deva_localization_msgs/cmake/export_deva_localization_msgs__rosidl_generator_pyExport-noconfig.cmake
[0.931s] -- Up-to-date: /home/linjiawei/load_mcap/install/deva_localization_msgs/share/deva_localization_msgs/cmake/rosidl_cmake-extras.cmake
[0.931s] -- Up-to-date: /home/linjiawei/load_mcap/install/deva_localization_msgs/share/deva_localization_msgs/cmake/ament_cmake_export_dependencies-extras.cmake
[0.931s] -- Up-to-date: /home/linjiawei/load_mcap/install/deva_localization_msgs/share/deva_localization_msgs/cmake/ament_cmake_export_include_directories-extras.cmake
[0.931s] -- Up-to-date: /home/linjiawei/load_mcap/install/deva_localization_msgs/share/deva_localization_msgs/cmake/ament_cmake_export_libraries-extras.cmake
[0.931s] -- Up-to-date: /home/linjiawei/load_mcap/install/deva_localization_msgs/share/deva_localization_msgs/cmake/ament_cmake_export_targets-extras.cmake
[0.931s] -- Up-to-date: /home/linjiawei/load_mcap/install/deva_localization_msgs/share/deva_localization_msgs/cmake/rosidl_cmake_export_typesupport_targets-extras.cmake
[0.931s] -- Up-to-date: /home/linjiawei/load_mcap/install/deva_localization_msgs/share/deva_localization_msgs/cmake/rosidl_cmake_export_typesupport_libraries-extras.cmake
[0.931s] -- Up-to-date: /home/linjiawei/load_mcap/install/deva_localization_msgs/share/deva_localization_msgs/cmake/deva_localization_msgsConfig.cmake
[0.931s] -- Up-to-date: /home/linjiawei/load_mcap/install/deva_localization_msgs/share/deva_localization_msgs/cmake/deva_localization_msgsConfig-version.cmake
[0.931s] -- Up-to-date: /home/linjiawei/load_mcap/install/deva_localization_msgs/share/deva_localization_msgs/package.xml
[0.941s] Invoked command in '/home/linjiawei/load_mcap/build/deva_localization_msgs' returned '0': AMENT_PREFIX_PATH=/home/linjiawei/load_mcap/install/deva_common_msgs:${AMENT_PREFIX_PATH} CMAKE_PREFIX_PATH=/home/linjiawei/load_mcap/install/deva_common_msgs:/opt/ros/humble LD_LIBRARY_PATH=/home/linjiawei/load_mcap/install/deva_common_msgs/lib:${LD_LIBRARY_PATH} PYTHONPATH=/home/linjiawei/load_mcap/install/deva_common_msgs/local/lib/python3.10/dist-packages:${PYTHONPATH} /usr/bin/cmake --install /home/linjiawei/load_mcap/build/deva_localization_msgs
