[ 10%] Built target fault_diagnosis__rosidl_generator_c
[ 12%] Built target fault_diagnosis__cpp
[ 12%] Built target ament_cmake_python_copy_fault_diagnosis
[ 23%] Built target fault_diagnosis__rosidl_typesupport_fastrtps_c
[ 34%] Built target fault_diagnosis__rosidl_typesupport_introspection_c
[ 44%] Built target fault_diagnosis__rosidl_typesupport_cpp
[ 55%] Built target fault_diagnosis__rosidl_typesupport_introspection_cpp
[ 65%] Built target fault_diagnosis__rosidl_typesupport_c
[ 76%] Built target fault_diagnosis__rosidl_typesupport_fastrtps_cpp
[ 76%] Built target fault_diagnosis
[ 78%] Built target fault_diagnosis__py
[ 87%] Built target fault_diagnosis__rosidl_generator_py
[ 91%] Built target fault_diagnosis__rosidl_typesupport_introspection_c__pyext
[ 95%] Built target fault_diagnosis__rosidl_typesupport_fastrtps_c__pyext
[100%] Built target fault_diagnosis__rosidl_typesupport_c__pyext
running egg_info
writing fault_diagnosis.egg-info/PKG-INFO
writing dependency_links to fault_diagnosis.egg-info/dependency_links.txt
writing top-level names to fault_diagnosis.egg-info/top_level.txt
reading manifest file 'fault_diagnosis.egg-info/SOURCES.txt'
writing manifest file 'fault_diagnosis.egg-info/SOURCES.txt'
[100%] Built target ament_cmake_python_build_fault_diagnosis_egg
