[0.073s] Invoking command in '/home/linjiawei/load_mcap/build/fault_diagnosis': CMAKE_PREFIX_PATH=/home/linjiawei/load_mcap/install/deva_common_msgs:/home/linjiawei/load_mcap/install/serialize_msgs:/home/linjiawei/load_mcap/install/rviz_plug_msg:/home/linjiawei/load_mcap/install/fault_diagnosis:/home/linjiawei/load_mcap/install/environment_model_msgs:/home/linjiawei/load_mcap/install/deva_control_msgs:/home/linjiawei/load_mcap/install/deva_planning_msgs2:/home/linjiawei/load_mcap/install/deva_mdriver_msgs:/home/linjiawei/load_mcap/install/deva_planning_msgs:/home/linjiawei/load_mcap/install/deva_map_msgs:/home/linjiawei/load_mcap/install/deva_perception_msgs:/home/linjiawei/load_mcap/install/deva_navi_msgs:/home/linjiawei/load_mcap/install/deva_localization_msgs:/home/linjiawei/load_mcap/install/deva_gaode_routing_msgs:/home/linjiawei/load_mcap/install/deva_function_msgs:/home/linjiawei/load_mcap/install/deva_aeb_msgs:/home/linjiawei/load_mcap/install/deva_ads_msgs:/home/linjiawei/load_mcap/install/mcap_streamer:/opt/ros/humble LD_LIBRARY_PATH=/home/linjiawei/load_mcap/install/deva_common_msgs/lib:/home/linjiawei/load_mcap/install/serialize_msgs/lib:/home/linjiawei/load_mcap/install/rviz_plug_msg/lib:/home/linjiawei/load_mcap/install/fault_diagnosis/lib:/home/linjiawei/load_mcap/install/environment_model_msgs/lib:/home/linjiawei/load_mcap/install/deva_control_msgs/lib:/home/linjiawei/load_mcap/install/deva_planning_msgs2/lib:/home/linjiawei/load_mcap/install/deva_mdriver_msgs/lib:/home/linjiawei/load_mcap/install/deva_planning_msgs/lib:/home/linjiawei/load_mcap/install/deva_map_msgs/lib:/home/linjiawei/load_mcap/install/deva_perception_msgs/lib:/home/linjiawei/load_mcap/install/deva_navi_msgs/lib:/home/linjiawei/load_mcap/install/deva_localization_msgs/lib:/home/linjiawei/load_mcap/install/deva_gaode_routing_msgs/lib:/home/linjiawei/load_mcap/install/deva_function_msgs/lib:/home/linjiawei/load_mcap/install/deva_aeb_msgs/lib:/home/linjiawei/load_mcap/install/deva_ads_msgs/lib:/opt/ros/humble/opt/rviz_ogre_vendor/lib:/opt/ros/humble/lib/x86_64-linux-gnu:/opt/ros/humble/lib:/usr/local/nvidia/lib64 /usr/bin/cmake --build /home/linjiawei/load_mcap/build/fault_diagnosis -- -j17 -l17
[0.129s] [ 10%] Built target fault_diagnosis__rosidl_generator_c
[0.129s] [ 12%] Built target fault_diagnosis__cpp
[0.136s] [ 12%] Built target ament_cmake_python_copy_fault_diagnosis
[0.166s] [ 23%] Built target fault_diagnosis__rosidl_typesupport_fastrtps_c
[0.178s] [ 34%] Built target fault_diagnosis__rosidl_typesupport_introspection_c
[0.178s] [ 44%] Built target fault_diagnosis__rosidl_typesupport_cpp
[0.178s] [ 55%] Built target fault_diagnosis__rosidl_typesupport_introspection_cpp
[0.179s] [ 65%] Built target fault_diagnosis__rosidl_typesupport_c
[0.179s] [ 76%] Built target fault_diagnosis__rosidl_typesupport_fastrtps_cpp
[0.220s] [ 76%] Built target fault_diagnosis
[0.244s] [ 78%] Built target fault_diagnosis__py
[0.272s] [ 87%] Built target fault_diagnosis__rosidl_generator_py
[0.297s] [ 91%] Built target fault_diagnosis__rosidl_typesupport_introspection_c__pyext
[0.298s] [ 95%] Built target fault_diagnosis__rosidl_typesupport_fastrtps_c__pyext
[0.314s] [100%] Built target fault_diagnosis__rosidl_typesupport_c__pyext
[0.429s] running egg_info
[0.430s] writing fault_diagnosis.egg-info/PKG-INFO
[0.430s] writing dependency_links to fault_diagnosis.egg-info/dependency_links.txt
[0.430s] writing top-level names to fault_diagnosis.egg-info/top_level.txt
[0.433s] reading manifest file 'fault_diagnosis.egg-info/SOURCES.txt'
[0.434s] writing manifest file 'fault_diagnosis.egg-info/SOURCES.txt'
[0.464s] [100%] Built target ament_cmake_python_build_fault_diagnosis_egg
