[0.000000] (-) TimerEvent: {}
[0.000277] (-) JobUnselected: {'identifier': 'deva_ads_msgs'}
[0.000312] (-) JobUnselected: {'identifier': 'deva_aeb_msgs'}
[0.000333] (-) JobUnselected: {'identifier': 'deva_common_msgs'}
[0.000353] (-) JobUnselected: {'identifier': 'deva_control_msgs'}
[0.000370] (-) JobUnselected: {'identifier': 'deva_function_msgs'}
[0.000388] (-) JobUnselected: {'identifier': 'deva_gaode_routing_msgs'}
[0.000406] (-) JobUnselected: {'identifier': 'deva_localization_msgs'}
[0.000423] (-) JobUnselected: {'identifier': 'deva_map_msgs'}
[0.000440] (-) JobUnselected: {'identifier': 'deva_mdriver_msgs'}
[0.000457] (-) JobUnselected: {'identifier': 'deva_navi_msgs'}
[0.000474] (-) JobUnselected: {'identifier': 'deva_perception_msgs'}
[0.000492] (-) JobUnselected: {'identifier': 'deva_planning_msgs'}
[0.000510] (-) JobUnselected: {'identifier': 'deva_planning_msgs2'}
[0.000527] (-) JobUnselected: {'identifier': 'environment_model_msgs'}
[0.000545] (-) JobUnselected: {'identifier': 'fault_diagnosis'}
[0.000562] (-) JobUnselected: {'identifier': 'rviz_plug_msg'}
[0.000579] (-) JobUnselected: {'identifier': 'serialize_msgs'}
[0.000600] (mcap_streamer) JobQueued: {'identifier': 'mcap_streamer', 'dependencies': OrderedDict()}
[0.000623] (mcap_streamer) JobStarted: {'identifier': 'mcap_streamer'}
[0.007469] (mcap_streamer) JobProgress: {'identifier': 'mcap_streamer', 'progress': 'cmake'}
[0.008066] (mcap_streamer) JobProgress: {'identifier': 'mcap_streamer', 'progress': 'build'}
[0.008777] (mcap_streamer) Command: {'cmd': ['/usr/bin/cmake', '--build', '/home/linjiawei/load_mcap/build/mcap_streamer', '--', '-j17', '-l17'], 'cwd': '/home/linjiawei/load_mcap/build/mcap_streamer', 'env': OrderedDict([('LESSOPEN', '| /usr/bin/lesspipe %s'), ('VSCODE_CWD', '/home/linjiawei'), ('KUBERNETES_SERVICE_PORT', '443'), ('VSCODE_ESM_ENTRYPOINT', 'vs/workbench/api/node/extensionHostProcess'), ('KUBEBRAIN_SITE', 'mach'), ('KUBERNETES_PORT', 'tcp://10.68.0.1:443'), ('BRAIN_DAEMON_JUPYTER_DIR', '/data/jupyter'), ('USER', 'linjiawei'), ('SSH_CLIENT', '100.96.2.80 57616 22'), ('VSCODE_NLS_CONFIG', '{"userLocale":"zh-cn","osLocale":"zh-cn","resolvedLanguage":"zh-cn","defaultMessagesFile":"/home/linjiawei/.cursor-server/bin/ba90f2f88e4911312761abab9492c42442117cf0/out/nls.messages.json","languagePack":{"translationsConfigFile":"/home/linjiawei/.cursor-server/data/clp/6fe284ae87274d9cb2cdffc89b193492.zh-cn/tcf.json","messagesFile":"/home/linjiawei/.cursor-server/data/clp/6fe284ae87274d9cb2cdffc89b193492.zh-cn/ba90f2f88e4911312761abab9492c42442117cf0/nls.messages.json","corruptMarkerFile":"/home/linjiawei/.cursor-server/data/clp/6fe284ae87274d9cb2cdffc89b193492.zh-cn/corrupted.info"},"locale":"zh-cn","availableLanguages":{"*":"zh-cn"},"_languagePackId":"6fe284ae87274d9cb2cdffc89b193492.zh-cn","_languagePackSupport":true,"_translationsConfigFile":"/home/linjiawei/.cursor-server/data/clp/6fe284ae87274d9cb2cdffc89b193492.zh-cn/tcf.json","_cacheRoot":"/home/linjiawei/.cursor-server/data/clp/6fe284ae87274d9cb2cdffc89b193492.zh-cn","_resolvedLanguagePackCoreLocation":"/home/linjiawei/.cursor-server/data/clp/6fe284ae87274d9cb2cdffc89b193492.zh-cn/ba90f2f88e4911312761abab9492c42442117cf0","_corruptedFile":"/home/linjiawei/.cursor-server/data/clp/6fe284ae87274d9cb2cdffc89b193492.zh-cn/corrupted.info"}'), ('BRAIN_SHARED_READONLY', 'false'), ('KUBEBRAIN_PROCESS_ID', 'a339afdf-8e23-41dd-b3c2-ec44dfa27e9d'), ('VSCODE_HANDLES_UNCAUGHT_ERRORS', 'true'), ('HOSTNAME', 'ros'), ('XDG_SESSION_TYPE', 'tty'), ('SHLVL', '0'), ('LD_LIBRARY_PATH', '/opt/ros/humble/opt/rviz_ogre_vendor/lib:/opt/ros/humble/lib/x86_64-linux-gnu:/opt/ros/humble/lib:/usr/local/nvidia/lib64'), ('BROWSER', '/home/linjiawei/.cursor-server/bin/ba90f2f88e4911312761abab9492c42442117cf0/bin/helpers/browser.sh'), ('MOTD_SHOWN', 'pam'), ('HOME', '/home/linjiawei'), ('TMP_SIZE', '16777216K'), ('KUBEBRAIN_RUNTIME', 'ws2'), ('OLDPWD', '/home/linjiawei/load_mcap'), ('VSCODE_IPC_HOOK_CLI', '/run/user/10250/vscode-ipc-a2aff49f-58d2-441e-828d-ced252d61886.sock'), ('BRAIN_DAEMON_JUPYTER_TOKEN', '9c0e8eec-6994-41a4-9f6b-319d33bc630e'), ('ROS_PYTHON_VERSION', '3'), ('BRAIN_DAEMON_JUPYTER_BASE_URL', '/kapi/workspace.kubebrain.io/mach-mp/ws-00018098a82852e6/jupyter'), ('PCIDEVICE_MELLANOX_COM_MLNX_RDMA', ''), ('NO_COLOR', '1'), ('TOPOLOGY_ZONE', 'mach-cn-west-qy-dsxs-cm'), ('VSCODE_L10N_BUNDLE_LOCATION', 'vscode-local:/home/linjiawei/.cursor/extensions/ms-ceintl.vscode-language-pack-zh-hans-1.99.0-universal/translations/extensions/vscode.json-language-features.i18n.json'), ('ROS_DISTRO', 'humble'), ('LOGNAME', 'linjiawei'), ('FORCE_COLOR', '0'), ('VSCODE_HANDLES_SIGPIPE', 'true'), ('_', '/usr/bin/colcon'), ('ROS_VERSION', '2'), ('BRAIN_USERNAME', 'linjiawei'), ('XDG_SESSION_CLASS', 'user'), ('TERM', 'dumb'), ('XDG_SESSION_ID', 'c59'), ('KUBERNETES_PORT_443_TCP_ADDR', '10.68.0.1'), ('ROS_LOCALHOST_ONLY', '0'), ('COMPOSER_NO_INTERACTION', '1'), ('SHM_SIZE', '16777216K'), ('PATH', '/home/linjiawei/.local/bin:/home/linjiawei/.local/bin:/opt/ros/humble/bin:/opt/conda/bin:/kubebrain:/usr/local/nvidia/bin:/usr/local/sbin:/usr/local/bin:/usr/sbin:/usr/bin:/sbin:/bin'), ('VSCODE_AGENT_FOLDER', '/home/linjiawei/.cursor-server'), ('KUBEBRAIN_WORKSPACE_NAME', 'ws-00018098a82852e6'), ('XDG_RUNTIME_DIR', '/run/user/10250'), ('KUBERNETES_PORT_443_TCP_PORT', '443'), ('CURSOR_AGENT', '1'), ('DISPLAY', 'localhost:10.0'), ('KUBERNETES_PORT_443_TCP_PROTO', 'tcp'), ('KUBEBRAIN_RESOURCE_TYPE', 'workspace'), ('LANG', 'en_US.UTF-8'), ('LS_COLORS', ''), ('SSH_AUTH_SOCK', '/tmp/cursor-remote-ssh-auth-sock-5947a298-eaf8-4f15-adfc-973d91be4566.sock'), ('AMENT_PREFIX_PATH', '/opt/ros/humble'), ('BRAIN_DAEMON_JUPYTER_PORT', '8888'), ('SHELL', '/bin/bash'), ('VSCODE_SERVER_SHUTDOWN_TIMEOUT', '300'), ('TerminationGracePeriodSeconds', '30'), ('LESSCLOSE', '/usr/bin/lesspipe %s %s'), ('KUBERNETES_SERVICE_PORT_HTTPS', '443'), ('KUBERNETES_PORT_443_TCP', 'tcp://10.68.0.1:443'), ('KUBEBRAIN_QUOTA_GROUP', 'mp_ws'), ('KUBEBRAIN_CLUSTER_ENTRY', 'https://qy.machdrive.cn'), ('PWD', '/home/linjiawei/load_mcap/build/mcap_streamer'), ('BRAIN_SHARED_ROOT', '10.68.17.151:/'), ('KUBEBRAIN_NAMESPACE', 'mach-mp'), ('KUBERNETES_SERVICE_HOST', '10.68.0.1'), ('BRAIN_TOPOLOGY_LEAF_ROCE', ''), ('LC_ALL', 'en_US.UTF-8'), ('SSH_CONNECTION', '100.96.2.80 57616 100.97.82.77 22'), ('KUBEBRAIN_PROCESS_NAME', 'ws-00018098a82852e6-master'), ('KUBEBRAIN_WORKSPACE_NAMESPACE', ''), ('PYTHONPATH', '/opt/ros/humble/lib/python3.10/site-packages:/opt/ros/humble/local/lib/python3.10/dist-packages'), ('NVIDIA_VISIBLE_DEVICES', ''), ('COLCON', '1'), ('CMAKE_PREFIX_PATH', '/opt/ros/humble')]), 'shell': False}
[0.052852] (mcap_streamer) StdoutLine: {'line': b'Consolidate compiler generated dependencies of target ros_message_converter_lib\n'}
[0.059877] (mcap_streamer) StdoutLine: {'line': b'[ 25%] Built target s3_downloader_lib\n'}
[0.063093] (mcap_streamer) StdoutLine: {'line': b'[ 37%] Building CXX object CMakeFiles/ros_message_converter_lib.dir/src/ros_message_converter.cpp.o\n'}
[0.083551] (mcap_streamer) StdoutLine: {'line': b'[ 62%] Built target mcap_streamer_node\n'}
[0.099575] (-) TimerEvent: {}
[0.199739] (-) TimerEvent: {}
[0.299884] (-) TimerEvent: {}
[0.400001] (-) TimerEvent: {}
[0.500112] (-) TimerEvent: {}
[0.600233] (-) TimerEvent: {}
[0.700351] (-) TimerEvent: {}
[0.800509] (-) TimerEvent: {}
[0.900651] (-) TimerEvent: {}
[0.983941] (mcap_streamer) StdoutLine: {'line': b'[ 75%] Linking CXX static library libros_message_converter_lib.a\n'}
[1.000738] (-) TimerEvent: {}
[1.041502] (mcap_streamer) StdoutLine: {'line': b'[ 75%] Built target ros_message_converter_lib\n'}
[1.064440] (mcap_streamer) StdoutLine: {'line': b'Consolidate compiler generated dependencies of target mcap_example\n'}
[1.082191] (mcap_streamer) StdoutLine: {'line': b'[ 87%] Building CXX object CMakeFiles/mcap_example.dir/src/mcap_example.cpp.o\n'}
[1.100837] (-) TimerEvent: {}
[1.201001] (-) TimerEvent: {}
[1.301180] (-) TimerEvent: {}
[1.401341] (-) TimerEvent: {}
[1.501462] (-) TimerEvent: {}
[1.601583] (-) TimerEvent: {}
[1.701741] (-) TimerEvent: {}
[1.801902] (-) TimerEvent: {}
[1.902044] (-) TimerEvent: {}
[2.002244] (-) TimerEvent: {}
[2.102387] (-) TimerEvent: {}
[2.202551] (-) TimerEvent: {}
[2.302696] (-) TimerEvent: {}
[2.402896] (-) TimerEvent: {}
[2.503081] (-) TimerEvent: {}
[2.603211] (-) TimerEvent: {}
[2.703356] (-) TimerEvent: {}
[2.803495] (-) TimerEvent: {}
[2.903604] (-) TimerEvent: {}
[3.003738] (-) TimerEvent: {}
[3.103880] (-) TimerEvent: {}
[3.204006] (-) TimerEvent: {}
[3.304140] (-) TimerEvent: {}
[3.404330] (-) TimerEvent: {}
[3.504531] (-) TimerEvent: {}
[3.604674] (-) TimerEvent: {}
[3.704828] (-) TimerEvent: {}
[3.805011] (-) TimerEvent: {}
[3.905224] (-) TimerEvent: {}
[4.005434] (-) TimerEvent: {}
[4.105590] (-) TimerEvent: {}
[4.205726] (-) TimerEvent: {}
[4.305845] (-) TimerEvent: {}
[4.405949] (-) TimerEvent: {}
[4.506071] (-) TimerEvent: {}
[4.606196] (-) TimerEvent: {}
[4.706371] (-) TimerEvent: {}
[4.806570] (-) TimerEvent: {}
[4.906784] (-) TimerEvent: {}
[5.006970] (-) TimerEvent: {}
[5.107127] (-) TimerEvent: {}
[5.207264] (-) TimerEvent: {}
[5.307385] (-) TimerEvent: {}
[5.407513] (-) TimerEvent: {}
[5.507695] (-) TimerEvent: {}
[5.607851] (-) TimerEvent: {}
[5.708021] (-) TimerEvent: {}
[5.808192] (-) TimerEvent: {}
[5.908325] (-) TimerEvent: {}
[6.008500] (-) TimerEvent: {}
[6.108749] (-) TimerEvent: {}
[6.209013] (-) TimerEvent: {}
[6.309214] (-) TimerEvent: {}
[6.409370] (-) TimerEvent: {}
[6.509524] (-) TimerEvent: {}
[6.609656] (-) TimerEvent: {}
[6.709792] (-) TimerEvent: {}
[6.809966] (-) TimerEvent: {}
[6.910153] (-) TimerEvent: {}
[7.010336] (-) TimerEvent: {}
[7.110479] (-) TimerEvent: {}
[7.210670] (-) TimerEvent: {}
[7.311054] (-) TimerEvent: {}
[7.411297] (-) TimerEvent: {}
[7.511543] (-) TimerEvent: {}
[7.611785] (-) TimerEvent: {}
[7.712008] (-) TimerEvent: {}
[7.812245] (-) TimerEvent: {}
[7.912474] (-) TimerEvent: {}
[8.012696] (-) TimerEvent: {}
[8.112944] (-) TimerEvent: {}
[8.213229] (-) TimerEvent: {}
[8.313456] (-) TimerEvent: {}
[8.413687] (-) TimerEvent: {}
[8.513897] (-) TimerEvent: {}
[8.614122] (-) TimerEvent: {}
[8.714337] (-) TimerEvent: {}
[8.814523] (-) TimerEvent: {}
[8.914783] (-) TimerEvent: {}
[9.014991] (-) TimerEvent: {}
[9.115152] (-) TimerEvent: {}
[9.215292] (-) TimerEvent: {}
[9.315449] (-) TimerEvent: {}
[9.415609] (-) TimerEvent: {}
[9.515838] (-) TimerEvent: {}
[9.616079] (-) TimerEvent: {}
[9.716302] (-) TimerEvent: {}
[9.816511] (-) TimerEvent: {}
[9.916753] (-) TimerEvent: {}
[10.017003] (-) TimerEvent: {}
[10.117241] (-) TimerEvent: {}
[10.217460] (-) TimerEvent: {}
[10.317639] (-) TimerEvent: {}
[10.417780] (-) TimerEvent: {}
[10.517902] (-) TimerEvent: {}
[10.618032] (-) TimerEvent: {}
[10.718202] (-) TimerEvent: {}
[10.818359] (-) TimerEvent: {}
[10.918477] (-) TimerEvent: {}
[11.018624] (-) TimerEvent: {}
[11.118808] (-) TimerEvent: {}
[11.219001] (-) TimerEvent: {}
[11.319150] (-) TimerEvent: {}
[11.419265] (-) TimerEvent: {}
[11.519369] (-) TimerEvent: {}
[11.619469] (-) TimerEvent: {}
[11.719589] (-) TimerEvent: {}
[11.819708] (-) TimerEvent: {}
[11.919810] (-) TimerEvent: {}
[12.019933] (-) TimerEvent: {}
[12.120052] (-) TimerEvent: {}
[12.220182] (-) TimerEvent: {}
[12.320308] (-) TimerEvent: {}
[12.420445] (-) TimerEvent: {}
[12.520583] (-) TimerEvent: {}
[12.620686] (-) TimerEvent: {}
[12.720801] (-) TimerEvent: {}
[12.820910] (-) TimerEvent: {}
[12.921009] (-) TimerEvent: {}
[13.021123] (-) TimerEvent: {}
[13.121243] (-) TimerEvent: {}
[13.221350] (-) TimerEvent: {}
[13.321453] (-) TimerEvent: {}
[13.421552] (-) TimerEvent: {}
[13.521651] (-) TimerEvent: {}
[13.621787] (-) TimerEvent: {}
[13.721943] (-) TimerEvent: {}
[13.822091] (-) TimerEvent: {}
[13.922244] (-) TimerEvent: {}
[14.022424] (-) TimerEvent: {}
[14.122608] (-) TimerEvent: {}
[14.176409] (mcap_streamer) StdoutLine: {'line': b'[100%] Linking CXX executable mcap_example\n'}
[14.222710] (-) TimerEvent: {}
[14.322925] (-) TimerEvent: {}
[14.423093] (-) TimerEvent: {}
[14.523229] (-) TimerEvent: {}
[14.623348] (-) TimerEvent: {}
[14.723485] (-) TimerEvent: {}
[14.823623] (-) TimerEvent: {}
[14.920206] (mcap_streamer) StdoutLine: {'line': b'[100%] Built target mcap_example\n'}
[14.923702] (-) TimerEvent: {}
[15.023839] (-) TimerEvent: {}
[15.123968] (-) TimerEvent: {}
[15.224092] (-) TimerEvent: {}
[15.288272] (mcap_streamer) CommandEnded: {'returncode': 0}
[15.288727] (mcap_streamer) JobProgress: {'identifier': 'mcap_streamer', 'progress': 'install'}
[15.296697] (mcap_streamer) Command: {'cmd': ['/usr/bin/cmake', '--install', '/home/linjiawei/load_mcap/build/mcap_streamer'], 'cwd': '/home/linjiawei/load_mcap/build/mcap_streamer', 'env': OrderedDict([('LESSOPEN', '| /usr/bin/lesspipe %s'), ('VSCODE_CWD', '/home/linjiawei'), ('KUBERNETES_SERVICE_PORT', '443'), ('VSCODE_ESM_ENTRYPOINT', 'vs/workbench/api/node/extensionHostProcess'), ('KUBEBRAIN_SITE', 'mach'), ('KUBERNETES_PORT', 'tcp://10.68.0.1:443'), ('BRAIN_DAEMON_JUPYTER_DIR', '/data/jupyter'), ('USER', 'linjiawei'), ('SSH_CLIENT', '100.96.2.80 57616 22'), ('VSCODE_NLS_CONFIG', '{"userLocale":"zh-cn","osLocale":"zh-cn","resolvedLanguage":"zh-cn","defaultMessagesFile":"/home/linjiawei/.cursor-server/bin/ba90f2f88e4911312761abab9492c42442117cf0/out/nls.messages.json","languagePack":{"translationsConfigFile":"/home/linjiawei/.cursor-server/data/clp/6fe284ae87274d9cb2cdffc89b193492.zh-cn/tcf.json","messagesFile":"/home/linjiawei/.cursor-server/data/clp/6fe284ae87274d9cb2cdffc89b193492.zh-cn/ba90f2f88e4911312761abab9492c42442117cf0/nls.messages.json","corruptMarkerFile":"/home/linjiawei/.cursor-server/data/clp/6fe284ae87274d9cb2cdffc89b193492.zh-cn/corrupted.info"},"locale":"zh-cn","availableLanguages":{"*":"zh-cn"},"_languagePackId":"6fe284ae87274d9cb2cdffc89b193492.zh-cn","_languagePackSupport":true,"_translationsConfigFile":"/home/linjiawei/.cursor-server/data/clp/6fe284ae87274d9cb2cdffc89b193492.zh-cn/tcf.json","_cacheRoot":"/home/linjiawei/.cursor-server/data/clp/6fe284ae87274d9cb2cdffc89b193492.zh-cn","_resolvedLanguagePackCoreLocation":"/home/linjiawei/.cursor-server/data/clp/6fe284ae87274d9cb2cdffc89b193492.zh-cn/ba90f2f88e4911312761abab9492c42442117cf0","_corruptedFile":"/home/linjiawei/.cursor-server/data/clp/6fe284ae87274d9cb2cdffc89b193492.zh-cn/corrupted.info"}'), ('BRAIN_SHARED_READONLY', 'false'), ('KUBEBRAIN_PROCESS_ID', 'a339afdf-8e23-41dd-b3c2-ec44dfa27e9d'), ('VSCODE_HANDLES_UNCAUGHT_ERRORS', 'true'), ('HOSTNAME', 'ros'), ('XDG_SESSION_TYPE', 'tty'), ('SHLVL', '0'), ('LD_LIBRARY_PATH', '/opt/ros/humble/opt/rviz_ogre_vendor/lib:/opt/ros/humble/lib/x86_64-linux-gnu:/opt/ros/humble/lib:/usr/local/nvidia/lib64'), ('BROWSER', '/home/linjiawei/.cursor-server/bin/ba90f2f88e4911312761abab9492c42442117cf0/bin/helpers/browser.sh'), ('MOTD_SHOWN', 'pam'), ('HOME', '/home/linjiawei'), ('TMP_SIZE', '16777216K'), ('KUBEBRAIN_RUNTIME', 'ws2'), ('OLDPWD', '/home/linjiawei/load_mcap'), ('VSCODE_IPC_HOOK_CLI', '/run/user/10250/vscode-ipc-a2aff49f-58d2-441e-828d-ced252d61886.sock'), ('BRAIN_DAEMON_JUPYTER_TOKEN', '9c0e8eec-6994-41a4-9f6b-319d33bc630e'), ('ROS_PYTHON_VERSION', '3'), ('BRAIN_DAEMON_JUPYTER_BASE_URL', '/kapi/workspace.kubebrain.io/mach-mp/ws-00018098a82852e6/jupyter'), ('PCIDEVICE_MELLANOX_COM_MLNX_RDMA', ''), ('NO_COLOR', '1'), ('TOPOLOGY_ZONE', 'mach-cn-west-qy-dsxs-cm'), ('VSCODE_L10N_BUNDLE_LOCATION', 'vscode-local:/home/linjiawei/.cursor/extensions/ms-ceintl.vscode-language-pack-zh-hans-1.99.0-universal/translations/extensions/vscode.json-language-features.i18n.json'), ('ROS_DISTRO', 'humble'), ('LOGNAME', 'linjiawei'), ('FORCE_COLOR', '0'), ('VSCODE_HANDLES_SIGPIPE', 'true'), ('_', '/usr/bin/colcon'), ('ROS_VERSION', '2'), ('BRAIN_USERNAME', 'linjiawei'), ('XDG_SESSION_CLASS', 'user'), ('TERM', 'dumb'), ('XDG_SESSION_ID', 'c59'), ('KUBERNETES_PORT_443_TCP_ADDR', '10.68.0.1'), ('ROS_LOCALHOST_ONLY', '0'), ('COMPOSER_NO_INTERACTION', '1'), ('SHM_SIZE', '16777216K'), ('PATH', '/home/linjiawei/.local/bin:/home/linjiawei/.local/bin:/opt/ros/humble/bin:/opt/conda/bin:/kubebrain:/usr/local/nvidia/bin:/usr/local/sbin:/usr/local/bin:/usr/sbin:/usr/bin:/sbin:/bin'), ('VSCODE_AGENT_FOLDER', '/home/linjiawei/.cursor-server'), ('KUBEBRAIN_WORKSPACE_NAME', 'ws-00018098a82852e6'), ('XDG_RUNTIME_DIR', '/run/user/10250'), ('KUBERNETES_PORT_443_TCP_PORT', '443'), ('CURSOR_AGENT', '1'), ('DISPLAY', 'localhost:10.0'), ('KUBERNETES_PORT_443_TCP_PROTO', 'tcp'), ('KUBEBRAIN_RESOURCE_TYPE', 'workspace'), ('LANG', 'en_US.UTF-8'), ('LS_COLORS', ''), ('SSH_AUTH_SOCK', '/tmp/cursor-remote-ssh-auth-sock-5947a298-eaf8-4f15-adfc-973d91be4566.sock'), ('AMENT_PREFIX_PATH', '/opt/ros/humble'), ('BRAIN_DAEMON_JUPYTER_PORT', '8888'), ('SHELL', '/bin/bash'), ('VSCODE_SERVER_SHUTDOWN_TIMEOUT', '300'), ('TerminationGracePeriodSeconds', '30'), ('LESSCLOSE', '/usr/bin/lesspipe %s %s'), ('KUBERNETES_SERVICE_PORT_HTTPS', '443'), ('KUBERNETES_PORT_443_TCP', 'tcp://10.68.0.1:443'), ('KUBEBRAIN_QUOTA_GROUP', 'mp_ws'), ('KUBEBRAIN_CLUSTER_ENTRY', 'https://qy.machdrive.cn'), ('PWD', '/home/linjiawei/load_mcap/build/mcap_streamer'), ('BRAIN_SHARED_ROOT', '10.68.17.151:/'), ('KUBEBRAIN_NAMESPACE', 'mach-mp'), ('KUBERNETES_SERVICE_HOST', '10.68.0.1'), ('BRAIN_TOPOLOGY_LEAF_ROCE', ''), ('LC_ALL', 'en_US.UTF-8'), ('SSH_CONNECTION', '100.96.2.80 57616 100.97.82.77 22'), ('KUBEBRAIN_PROCESS_NAME', 'ws-00018098a82852e6-master'), ('KUBEBRAIN_WORKSPACE_NAMESPACE', ''), ('PYTHONPATH', '/opt/ros/humble/lib/python3.10/site-packages:/opt/ros/humble/local/lib/python3.10/dist-packages'), ('NVIDIA_VISIBLE_DEVICES', ''), ('COLCON', '1'), ('CMAKE_PREFIX_PATH', '/opt/ros/humble')]), 'shell': False}
[15.303858] (mcap_streamer) StdoutLine: {'line': b'-- Install configuration: ""\n'}
[15.304036] (mcap_streamer) StdoutLine: {'line': b'-- Up-to-date: /home/linjiawei/load_mcap/install/mcap_streamer/lib/mcap_streamer/mcap_streamer_node\n'}
[15.304290] (mcap_streamer) StdoutLine: {'line': b'-- Installing: /home/linjiawei/load_mcap/install/mcap_streamer/lib/mcap_streamer/mcap_example\n'}
[15.307394] (mcap_streamer) StdoutLine: {'line': b'-- Set runtime path of "/home/linjiawei/load_mcap/install/mcap_streamer/lib/mcap_streamer/mcap_example" to ""\n'}
[15.307471] (mcap_streamer) StdoutLine: {'line': b'-- Up-to-date: /home/linjiawei/load_mcap/install/mcap_streamer/lib/mcap_streamer/libs3_downloader_lib.a\n'}
[15.307527] (mcap_streamer) StdoutLine: {'line': b'-- Installing: /home/linjiawei/load_mcap/install/mcap_streamer/lib/mcap_streamer/libros_message_converter_lib.a\n'}
[15.307809] (mcap_streamer) StdoutLine: {'line': b'-- Up-to-date: /home/linjiawei/load_mcap/install/mcap_streamer/include\n'}
[15.307874] (mcap_streamer) StdoutLine: {'line': b'-- Up-to-date: /home/linjiawei/load_mcap/install/mcap_streamer/include/mcap_streamer\n'}
[15.307932] (mcap_streamer) StdoutLine: {'line': b'-- Up-to-date: /home/linjiawei/load_mcap/install/mcap_streamer/include/mcap_streamer/s3_downloader.hpp\n'}
[15.307987] (mcap_streamer) StdoutLine: {'line': b'-- Installing: /home/linjiawei/load_mcap/install/mcap_streamer/include/mcap_streamer/ros_message_converter.hpp\n'}
[15.308161] (mcap_streamer) StdoutLine: {'line': b'-- Up-to-date: /home/linjiawei/load_mcap/install/mcap_streamer/share/mcap_streamer/config\n'}
[15.308224] (mcap_streamer) StdoutLine: {'line': b'-- Up-to-date: /home/linjiawei/load_mcap/install/mcap_streamer/share/mcap_streamer/config/mcap_streamer_params.yaml\n'}
[15.308278] (mcap_streamer) StdoutLine: {'line': b'-- Up-to-date: /home/linjiawei/load_mcap/install/mcap_streamer/share/mcap_streamer/config/mcap_reader_params.yaml\n'}
[15.308331] (mcap_streamer) StdoutLine: {'line': b'-- Up-to-date: /home/linjiawei/load_mcap/install/mcap_streamer/share/mcap_streamer/launch\n'}
[15.308383] (mcap_streamer) StdoutLine: {'line': b'-- Up-to-date: /home/linjiawei/load_mcap/install/mcap_streamer/share/mcap_streamer/launch/mcap_streamer.launch.py\n'}
[15.308434] (mcap_streamer) StdoutLine: {'line': b'-- Up-to-date: /home/linjiawei/load_mcap/install/mcap_streamer/share/mcap_streamer/launch/mcap_reader.launch.py\n'}
[15.308484] (mcap_streamer) StdoutLine: {'line': b'-- Up-to-date: /home/linjiawei/load_mcap/install/mcap_streamer/share/mcap_streamer/launch/mcap_streamer_with_reader.launch.py\n'}
[15.308536] (mcap_streamer) StdoutLine: {'line': b'-- Up-to-date: /home/linjiawei/load_mcap/install/mcap_streamer/share/mcap_streamer/launch/mcap_example.launch.py\n'}
[15.308594] (mcap_streamer) StdoutLine: {'line': b'-- Up-to-date: /home/linjiawei/load_mcap/install/mcap_streamer/share/ament_index/resource_index/package_run_dependencies/mcap_streamer\n'}
[15.308646] (mcap_streamer) StdoutLine: {'line': b'-- Up-to-date: /home/linjiawei/load_mcap/install/mcap_streamer/share/ament_index/resource_index/parent_prefix_path/mcap_streamer\n'}
[15.308695] (mcap_streamer) StdoutLine: {'line': b'-- Up-to-date: /home/linjiawei/load_mcap/install/mcap_streamer/share/mcap_streamer/environment/ament_prefix_path.sh\n'}
[15.308836] (mcap_streamer) StdoutLine: {'line': b'-- Up-to-date: /home/linjiawei/load_mcap/install/mcap_streamer/share/mcap_streamer/environment/ament_prefix_path.dsv\n'}
[15.308898] (mcap_streamer) StdoutLine: {'line': b'-- Up-to-date: /home/linjiawei/load_mcap/install/mcap_streamer/share/mcap_streamer/environment/path.sh\n'}
[15.308951] (mcap_streamer) StdoutLine: {'line': b'-- Up-to-date: /home/linjiawei/load_mcap/install/mcap_streamer/share/mcap_streamer/environment/path.dsv\n'}
[15.309019] (mcap_streamer) StdoutLine: {'line': b'-- Up-to-date: /home/linjiawei/load_mcap/install/mcap_streamer/share/mcap_streamer/local_setup.bash\n'}
[15.309076] (mcap_streamer) StdoutLine: {'line': b'-- Up-to-date: /home/linjiawei/load_mcap/install/mcap_streamer/share/mcap_streamer/local_setup.sh\n'}
[15.309127] (mcap_streamer) StdoutLine: {'line': b'-- Up-to-date: /home/linjiawei/load_mcap/install/mcap_streamer/share/mcap_streamer/local_setup.zsh\n'}
[15.309177] (mcap_streamer) StdoutLine: {'line': b'-- Up-to-date: /home/linjiawei/load_mcap/install/mcap_streamer/share/mcap_streamer/local_setup.dsv\n'}
[15.309228] (mcap_streamer) StdoutLine: {'line': b'-- Installing: /home/linjiawei/load_mcap/install/mcap_streamer/share/mcap_streamer/package.dsv\n'}
[15.309278] (mcap_streamer) StdoutLine: {'line': b'-- Up-to-date: /home/linjiawei/load_mcap/install/mcap_streamer/share/ament_index/resource_index/packages/mcap_streamer\n'}
[15.309327] (mcap_streamer) StdoutLine: {'line': b'-- Up-to-date: /home/linjiawei/load_mcap/install/mcap_streamer/share/mcap_streamer/cmake/mcap_streamerConfig.cmake\n'}
[15.309377] (mcap_streamer) StdoutLine: {'line': b'-- Up-to-date: /home/linjiawei/load_mcap/install/mcap_streamer/share/mcap_streamer/cmake/mcap_streamerConfig-version.cmake\n'}
[15.309440] (mcap_streamer) StdoutLine: {'line': b'-- Up-to-date: /home/linjiawei/load_mcap/install/mcap_streamer/share/mcap_streamer/package.xml\n'}
[15.310742] (mcap_streamer) CommandEnded: {'returncode': 0}
[15.324334] (-) TimerEvent: {}
[15.424495] (-) TimerEvent: {}
[15.504404] (mcap_streamer) JobEnded: {'identifier': 'mcap_streamer', 'rc': 0}
[15.505111] (-) EventReactorShutdown: {}
