[  1%] Built target deva_localization_msgs__cpp
[ 12%] Built target deva_localization_msgs__rosidl_generator_c
[ 24%] Built target deva_localization_msgs__rosidl_typesupport_fastrtps_cpp
[ 35%] Built target deva_localization_msgs__rosidl_typesupport_fastrtps_c
[ 46%] Built target deva_localization_msgs__rosidl_typesupport_introspection_cpp
[ 58%] Built target deva_localization_msgs__rosidl_typesupport_cpp
[ 69%] Built target deva_localization_msgs__rosidl_typesupport_c
[ 81%] Built target deva_localization_msgs__rosidl_typesupport_introspection_c
[ 81%] Built target deva_localization_msgs
[ 82%] Built target deva_localization_msgs__py
[ 92%] Built target deva_localization_msgs__rosidl_generator_py
[ 94%] Built target deva_localization_msgs__rosidl_typesupport_fastrtps_c__pyext
[ 97%] Built target deva_localization_msgs__rosidl_typesupport_c__pyext
[100%] Built target deva_localization_msgs__rosidl_typesupport_introspection_c__pyext
[100%] Built target ament_cmake_python_copy_deva_localization_msgs
running egg_info
writing deva_localization_msgs.egg-info/PKG-INFO
writing dependency_links to deva_localization_msgs.egg-info/dependency_links.txt
writing top-level names to deva_localization_msgs.egg-info/top_level.txt
reading manifest file 'deva_localization_msgs.egg-info/SOURCES.txt'
writing manifest file 'deva_localization_msgs.egg-info/SOURCES.txt'
[100%] Built target ament_cmake_python_build_deva_localization_msgs_egg
