-- The C compiler identification is GNU 11.3.0
-- The CXX compiler identification is GNU 11.3.0
-- Detecting C compiler ABI info
-- Detecting C compiler ABI info - done
-- Check for working C compiler: /usr/bin/cc - skipped
-- Detecting C compile features
-- Detecting C compile features - done
-- Detecting CXX compiler ABI info
-- Detecting CXX compiler ABI info - done
-- Check for working CXX compiler: /usr/bin/c++ - skipped
-- Detecting CXX compile features
-- Detecting CXX compile features - done
-- Found ament_cmake: 1.3.12 (/opt/ros/humble/share/ament_cmake/cmake)
-- Found Python3: /usr/bin/python3 (found version "3.10.6") found components: Interpreter 
-- Found rosidl_default_generators: 1.2.0 (/opt/ros/humble/share/rosidl_default_generators/cmake)
-- Using all available rosidl_typesupport_c: rosidl_typesupport_fastrtps_c;rosidl_typesupport_introspection_c
-- Found rosidl_adapter: 3.1.7 (/opt/ros/humble/share/rosidl_adapter/cmake)
-- Using all available rosidl_typesupport_cpp: rosidl_typesupport_fastrtps_cpp;rosidl_typesupport_introspection_cpp
-- Found std_msgs: 4.9.0 (/opt/ros/humble/share/std_msgs/cmake)
-- Found ament_cmake_ros: 0.10.0 (/opt/ros/humble/share/ament_cmake_ros/cmake)
-- Using all available rosidl_typesupport_c: rosidl_typesupport_fastrtps_c;rosidl_typesupport_introspection_c
-- Using all available rosidl_typesupport_cpp: rosidl_typesupport_fastrtps_cpp;rosidl_typesupport_introspection_cpp
-- Found PythonInterp: /usr/bin/python3 (found suitable version "3.10.6", minimum required is "3.6") 
-- Found python_cmake_module: 0.10.0 (/opt/ros/humble/share/python_cmake_module/cmake)
-- Found PythonLibs: /usr/lib/x86_64-linux-gnu/libpython3.10.so (found suitable version "3.10.6", minimum required is "3.5") 
-- Using PYTHON_EXECUTABLE: /usr/bin/python3
-- Using PYTHON_INCLUDE_DIRS: /usr/include/python3.10
-- Using PYTHON_LIBRARIES: /usr/lib/x86_64-linux-gnu/libpython3.10.so
-- Found PythonExtra: .so  
-- Configuring done
-- Generating done
-- Build files have been written to: /home/linjiawei/load_mcap/build/rviz_plug_msg
[  1%] [34m[1mGenerating C code for ROS interfaces[0m
[  2%] [34m[1mGenerating C++ code for ROS interfaces[0m
[  2%] Built target ament_cmake_python_copy_rviz_plug_msg
running egg_info
creating rviz_plug_msg.egg-info
writing rviz_plug_msg.egg-info/PKG-INFO
writing dependency_links to rviz_plug_msg.egg-info/dependency_links.txt
writing top-level names to rviz_plug_msg.egg-info/top_level.txt
writing manifest file 'rviz_plug_msg.egg-info/SOURCES.txt'
reading manifest file 'rviz_plug_msg.egg-info/SOURCES.txt'
writing manifest file 'rviz_plug_msg.egg-info/SOURCES.txt'
[  2%] Built target ament_cmake_python_build_rviz_plug_msg_egg
[  3%] [32mBuilding C object CMakeFiles/rviz_plug_msg__rosidl_generator_c.dir/rosidl_generator_c/rviz_plug_msg/msg/detail/bywire_diag__functions.c.o[0m
[  4%] [32mBuilding C object CMakeFiles/rviz_plug_msg__rosidl_generator_c.dir/rosidl_generator_c/rviz_plug_msg/msg/detail/bywire_msg_type__functions.c.o[0m
[  5%] [32mBuilding C object CMakeFiles/rviz_plug_msg__rosidl_generator_c.dir/rosidl_generator_c/rviz_plug_msg/msg/detail/exception_monitor__functions.c.o[0m
[  6%] [32mBuilding C object CMakeFiles/rviz_plug_msg__rosidl_generator_c.dir/rosidl_generator_c/rviz_plug_msg/msg/detail/error_enum__functions.c.o[0m
[  8%] [32mBuilding C object CMakeFiles/rviz_plug_msg__rosidl_generator_c.dir/rosidl_generator_c/rviz_plug_msg/msg/detail/freq__functions.c.o[0m
[  9%] [32mBuilding C object CMakeFiles/rviz_plug_msg__rosidl_generator_c.dir/rosidl_generator_c/rviz_plug_msg/msg/detail/freq_monitor__functions.c.o[0m
[  9%] Built target rviz_plug_msg__cpp
[ 10%] [32mBuilding C object CMakeFiles/rviz_plug_msg__rosidl_generator_c.dir/rosidl_generator_c/rviz_plug_msg/msg/detail/status_enum__functions.c.o[0m
[ 11%] [32mBuilding C object CMakeFiles/rviz_plug_msg__rosidl_generator_c.dir/rosidl_generator_c/rviz_plug_msg/msg/detail/info_enum__functions.c.o[0m
[ 12%] [34m[1mGenerating C++ type support for eProsima Fast-RTPS[0m
[ 13%] [34m[1mGenerating C++ introspection for ROS interfaces[0m
[ 14%] [34m[1mGenerating C++ type support dispatch for ROS interfaces[0m
[ 16%] [32m[1mLinking C shared library librviz_plug_msg__rosidl_generator_c.so[0m
[ 16%] Built target rviz_plug_msg__rosidl_generator_c
[ 17%] [34m[1mGenerating C type support for eProsima Fast-RTPS[0m
[ 18%] [34m[1mGenerating C introspection for ROS interfaces[0m
[ 19%] [34m[1mGenerating C type support dispatch for ROS interfaces[0m
[ 20%] [32mBuilding CXX object CMakeFiles/rviz_plug_msg__rosidl_typesupport_cpp.dir/rosidl_typesupport_cpp/rviz_plug_msg/msg/bywire_diag__type_support.cpp.o[0m
[ 21%] [32mBuilding CXX object CMakeFiles/rviz_plug_msg__rosidl_typesupport_cpp.dir/rosidl_typesupport_cpp/rviz_plug_msg/msg/bywire_msg_type__type_support.cpp.o[0m
[ 22%] [32mBuilding CXX object CMakeFiles/rviz_plug_msg__rosidl_typesupport_cpp.dir/rosidl_typesupport_cpp/rviz_plug_msg/msg/exception_monitor__type_support.cpp.o[0m
[ 24%] [32mBuilding CXX object CMakeFiles/rviz_plug_msg__rosidl_typesupport_cpp.dir/rosidl_typesupport_cpp/rviz_plug_msg/msg/error_enum__type_support.cpp.o[0m
[ 25%] [32mBuilding CXX object CMakeFiles/rviz_plug_msg__rosidl_typesupport_cpp.dir/rosidl_typesupport_cpp/rviz_plug_msg/msg/freq__type_support.cpp.o[0m
[ 26%] [32mBuilding CXX object CMakeFiles/rviz_plug_msg__rosidl_typesupport_cpp.dir/rosidl_typesupport_cpp/rviz_plug_msg/msg/freq_monitor__type_support.cpp.o[0m
[ 27%] [32mBuilding CXX object CMakeFiles/rviz_plug_msg__rosidl_typesupport_c.dir/rosidl_typesupport_c/rviz_plug_msg/msg/bywire_diag__type_support.cpp.o[0m
[ 29%] [32mBuilding CXX object CMakeFiles/rviz_plug_msg__rosidl_typesupport_c.dir/rosidl_typesupport_c/rviz_plug_msg/msg/bywire_msg_type__type_support.cpp.o[0m
[ 29%] [32mBuilding CXX object CMakeFiles/rviz_plug_msg__rosidl_typesupport_c.dir/rosidl_typesupport_c/rviz_plug_msg/msg/exception_monitor__type_support.cpp.o[0m
[ 31%] [32mBuilding CXX object CMakeFiles/rviz_plug_msg__rosidl_typesupport_c.dir/rosidl_typesupport_c/rviz_plug_msg/msg/error_enum__type_support.cpp.o[0m
[ 32%] [32mBuilding CXX object CMakeFiles/rviz_plug_msg__rosidl_typesupport_c.dir/rosidl_typesupport_c/rviz_plug_msg/msg/freq__type_support.cpp.o[0m
[ 33%] [32mBuilding CXX object CMakeFiles/rviz_plug_msg__rosidl_typesupport_introspection_cpp.dir/rosidl_typesupport_introspection_cpp/rviz_plug_msg/msg/detail/bywire_diag__type_support.cpp.o[0m
[ 34%] [32mBuilding CXX object CMakeFiles/rviz_plug_msg__rosidl_typesupport_cpp.dir/rosidl_typesupport_cpp/rviz_plug_msg/msg/info_enum__type_support.cpp.o[0m
[ 35%] [32mBuilding CXX object CMakeFiles/rviz_plug_msg__rosidl_typesupport_fastrtps_cpp.dir/rosidl_typesupport_fastrtps_cpp/rviz_plug_msg/msg/detail/dds_fastrtps/bywire_diag__type_support.cpp.o[0m
[ 36%] [32mBuilding CXX object CMakeFiles/rviz_plug_msg__rosidl_typesupport_introspection_cpp.dir/rosidl_typesupport_introspection_cpp/rviz_plug_msg/msg/detail/bywire_msg_type__type_support.cpp.o[0m
[ 37%] [32mBuilding CXX object CMakeFiles/rviz_plug_msg__rosidl_typesupport_introspection_cpp.dir/rosidl_typesupport_introspection_cpp/rviz_plug_msg/msg/detail/error_enum__type_support.cpp.o[0m
[ 39%] [32mBuilding CXX object CMakeFiles/rviz_plug_msg__rosidl_typesupport_fastrtps_cpp.dir/rosidl_typesupport_fastrtps_cpp/rviz_plug_msg/msg/detail/dds_fastrtps/bywire_msg_type__type_support.cpp.o[0m
[ 40%] [32mBuilding CXX object CMakeFiles/rviz_plug_msg__rosidl_typesupport_introspection_cpp.dir/rosidl_typesupport_introspection_cpp/rviz_plug_msg/msg/detail/exception_monitor__type_support.cpp.o[0m
[ 41%] [32mBuilding CXX object CMakeFiles/rviz_plug_msg__rosidl_typesupport_c.dir/rosidl_typesupport_c/rviz_plug_msg/msg/freq_monitor__type_support.cpp.o[0m
[ 42%] [32mBuilding CXX object CMakeFiles/rviz_plug_msg__rosidl_typesupport_c.dir/rosidl_typesupport_c/rviz_plug_msg/msg/info_enum__type_support.cpp.o[0m
[ 43%] [32mBuilding CXX object CMakeFiles/rviz_plug_msg__rosidl_typesupport_fastrtps_cpp.dir/rosidl_typesupport_fastrtps_cpp/rviz_plug_msg/msg/detail/dds_fastrtps/error_enum__type_support.cpp.o[0m
[ 44%] [32mBuilding CXX object CMakeFiles/rviz_plug_msg__rosidl_typesupport_c.dir/rosidl_typesupport_c/rviz_plug_msg/msg/status_enum__type_support.cpp.o[0m
[ 45%] [32mBuilding CXX object CMakeFiles/rviz_plug_msg__rosidl_typesupport_cpp.dir/rosidl_typesupport_cpp/rviz_plug_msg/msg/status_enum__type_support.cpp.o[0m
[ 47%] [32mBuilding CXX object CMakeFiles/rviz_plug_msg__rosidl_typesupport_introspection_cpp.dir/rosidl_typesupport_introspection_cpp/rviz_plug_msg/msg/detail/freq__type_support.cpp.o[0m
[ 48%] [32mBuilding CXX object CMakeFiles/rviz_plug_msg__rosidl_typesupport_fastrtps_cpp.dir/rosidl_typesupport_fastrtps_cpp/rviz_plug_msg/msg/detail/dds_fastrtps/exception_monitor__type_support.cpp.o[0m
[ 49%] [32mBuilding CXX object CMakeFiles/rviz_plug_msg__rosidl_typesupport_fastrtps_c.dir/rosidl_typesupport_fastrtps_c/rviz_plug_msg/msg/detail/bywire_diag__type_support_c.cpp.o[0m
[ 50%] [32mBuilding C object CMakeFiles/rviz_plug_msg__rosidl_typesupport_introspection_c.dir/rosidl_typesupport_introspection_c/rviz_plug_msg/msg/detail/bywire_diag__type_support.c.o[0m
[ 51%] [32m[1mLinking CXX shared library librviz_plug_msg__rosidl_typesupport_c.so[0m
[ 52%] [32mBuilding CXX object CMakeFiles/rviz_plug_msg__rosidl_typesupport_fastrtps_c.dir/rosidl_typesupport_fastrtps_c/rviz_plug_msg/msg/detail/bywire_msg_type__type_support_c.cpp.o[0m
[ 54%] [32mBuilding CXX object CMakeFiles/rviz_plug_msg__rosidl_typesupport_fastrtps_c.dir/rosidl_typesupport_fastrtps_c/rviz_plug_msg/msg/detail/error_enum__type_support_c.cpp.o[0m
[ 55%] [32mBuilding C object CMakeFiles/rviz_plug_msg__rosidl_typesupport_introspection_c.dir/rosidl_typesupport_introspection_c/rviz_plug_msg/msg/detail/bywire_msg_type__type_support.c.o[0m
[ 56%] [32mBuilding CXX object CMakeFiles/rviz_plug_msg__rosidl_typesupport_introspection_cpp.dir/rosidl_typesupport_introspection_cpp/rviz_plug_msg/msg/detail/freq_monitor__type_support.cpp.o[0m
[ 57%] [32mBuilding C object CMakeFiles/rviz_plug_msg__rosidl_typesupport_introspection_c.dir/rosidl_typesupport_introspection_c/rviz_plug_msg/msg/detail/error_enum__type_support.c.o[0m
[ 58%] [32mBuilding C object CMakeFiles/rviz_plug_msg__rosidl_typesupport_introspection_c.dir/rosidl_typesupport_introspection_c/rviz_plug_msg/msg/detail/exception_monitor__type_support.c.o[0m
[ 58%] Built target rviz_plug_msg__rosidl_typesupport_c
[ 59%] [32mBuilding CXX object CMakeFiles/rviz_plug_msg__rosidl_typesupport_fastrtps_cpp.dir/rosidl_typesupport_fastrtps_cpp/rviz_plug_msg/msg/detail/dds_fastrtps/freq_monitor__type_support.cpp.o[0m
[ 60%] [32mBuilding CXX object CMakeFiles/rviz_plug_msg__rosidl_typesupport_fastrtps_cpp.dir/rosidl_typesupport_fastrtps_cpp/rviz_plug_msg/msg/detail/dds_fastrtps/freq__type_support.cpp.o[0m
[ 62%] [32mBuilding CXX object CMakeFiles/rviz_plug_msg__rosidl_typesupport_fastrtps_cpp.dir/rosidl_typesupport_fastrtps_cpp/rviz_plug_msg/msg/detail/dds_fastrtps/info_enum__type_support.cpp.o[0m
[ 63%] [32mBuilding CXX object CMakeFiles/rviz_plug_msg__rosidl_typesupport_introspection_cpp.dir/rosidl_typesupport_introspection_cpp/rviz_plug_msg/msg/detail/info_enum__type_support.cpp.o[0m
[ 64%] [32mBuilding C object CMakeFiles/rviz_plug_msg__rosidl_typesupport_introspection_c.dir/rosidl_typesupport_introspection_c/rviz_plug_msg/msg/detail/freq__type_support.c.o[0m
[ 65%] [32mBuilding CXX object CMakeFiles/rviz_plug_msg__rosidl_typesupport_introspection_cpp.dir/rosidl_typesupport_introspection_cpp/rviz_plug_msg/msg/detail/status_enum__type_support.cpp.o[0m
[ 66%] [32mBuilding C object CMakeFiles/rviz_plug_msg__rosidl_typesupport_introspection_c.dir/rosidl_typesupport_introspection_c/rviz_plug_msg/msg/detail/freq_monitor__type_support.c.o[0m
[ 67%] [32mBuilding CXX object CMakeFiles/rviz_plug_msg__rosidl_typesupport_fastrtps_c.dir/rosidl_typesupport_fastrtps_c/rviz_plug_msg/msg/detail/exception_monitor__type_support_c.cpp.o[0m
[ 68%] [32mBuilding CXX object CMakeFiles/rviz_plug_msg__rosidl_typesupport_fastrtps_cpp.dir/rosidl_typesupport_fastrtps_cpp/rviz_plug_msg/msg/detail/dds_fastrtps/status_enum__type_support.cpp.o[0m
[ 70%] [32m[1mLinking CXX shared library librviz_plug_msg__rosidl_typesupport_cpp.so[0m
[ 71%] [32mBuilding C object CMakeFiles/rviz_plug_msg__rosidl_typesupport_introspection_c.dir/rosidl_typesupport_introspection_c/rviz_plug_msg/msg/detail/info_enum__type_support.c.o[0m
[ 72%] [32mBuilding CXX object CMakeFiles/rviz_plug_msg__rosidl_typesupport_fastrtps_c.dir/rosidl_typesupport_fastrtps_c/rviz_plug_msg/msg/detail/freq__type_support_c.cpp.o[0m
[ 73%] [32mBuilding CXX object CMakeFiles/rviz_plug_msg__rosidl_typesupport_fastrtps_c.dir/rosidl_typesupport_fastrtps_c/rviz_plug_msg/msg/detail/freq_monitor__type_support_c.cpp.o[0m
[ 74%] [32mBuilding C object CMakeFiles/rviz_plug_msg__rosidl_typesupport_introspection_c.dir/rosidl_typesupport_introspection_c/rviz_plug_msg/msg/detail/status_enum__type_support.c.o[0m
[ 75%] [32mBuilding CXX object CMakeFiles/rviz_plug_msg__rosidl_typesupport_fastrtps_c.dir/rosidl_typesupport_fastrtps_c/rviz_plug_msg/msg/detail/status_enum__type_support_c.cpp.o[0m
[ 77%] [32mBuilding CXX object CMakeFiles/rviz_plug_msg__rosidl_typesupport_fastrtps_c.dir/rosidl_typesupport_fastrtps_c/rviz_plug_msg/msg/detail/info_enum__type_support_c.cpp.o[0m
[ 77%] Built target rviz_plug_msg__rosidl_typesupport_cpp
[ 78%] [32m[1mLinking C shared library librviz_plug_msg__rosidl_typesupport_introspection_c.so[0m
[ 78%] Built target rviz_plug_msg__rosidl_typesupport_introspection_c
[ 79%] [32m[1mLinking CXX shared library librviz_plug_msg__rosidl_typesupport_introspection_cpp.so[0m
[ 80%] [32m[1mLinking CXX shared library librviz_plug_msg__rosidl_typesupport_fastrtps_cpp.so[0m
[ 81%] [32m[1mLinking CXX shared library librviz_plug_msg__rosidl_typesupport_fastrtps_c.so[0m
[ 81%] Built target rviz_plug_msg__rosidl_typesupport_introspection_cpp
[ 81%] Built target rviz_plug_msg__rosidl_typesupport_fastrtps_cpp
[ 81%] Built target rviz_plug_msg__rosidl_typesupport_fastrtps_c
[ 81%] Built target rviz_plug_msg
[ 82%] [34m[1mGenerating Python code for ROS interfaces[0m
[ 82%] Built target rviz_plug_msg__py
[ 83%] [32mBuilding C object CMakeFiles/rviz_plug_msg__rosidl_generator_py.dir/rosidl_generator_py/rviz_plug_msg/msg/_bywire_msg_type_s.c.o[0m
[ 86%] [32mBuilding C object CMakeFiles/rviz_plug_msg__rosidl_generator_py.dir/rosidl_generator_py/rviz_plug_msg/msg/_bywire_diag_s.c.o[0m
[ 86%] [32mBuilding C object CMakeFiles/rviz_plug_msg__rosidl_generator_py.dir/rosidl_generator_py/rviz_plug_msg/msg/_error_enum_s.c.o[0m
[ 87%] [32mBuilding C object CMakeFiles/rviz_plug_msg__rosidl_generator_py.dir/rosidl_generator_py/rviz_plug_msg/msg/_freq_monitor_s.c.o[0m
[ 89%] [32mBuilding C object CMakeFiles/rviz_plug_msg__rosidl_generator_py.dir/rosidl_generator_py/rviz_plug_msg/msg/_info_enum_s.c.o[0m
[ 89%] [32mBuilding C object CMakeFiles/rviz_plug_msg__rosidl_generator_py.dir/rosidl_generator_py/rviz_plug_msg/msg/_exception_monitor_s.c.o[0m
[ 90%] [32mBuilding C object CMakeFiles/rviz_plug_msg__rosidl_generator_py.dir/rosidl_generator_py/rviz_plug_msg/msg/_freq_s.c.o[0m
[ 91%] [32mBuilding C object CMakeFiles/rviz_plug_msg__rosidl_generator_py.dir/rosidl_generator_py/rviz_plug_msg/msg/_status_enum_s.c.o[0m
[ 93%] [32m[1mLinking C shared library rosidl_generator_py/rviz_plug_msg/librviz_plug_msg__rosidl_generator_py.so[0m
[ 93%] Built target rviz_plug_msg__rosidl_generator_py
[ 94%] [32mBuilding C object CMakeFiles/rviz_plug_msg__rosidl_typesupport_introspection_c__pyext.dir/rosidl_generator_py/rviz_plug_msg/_rviz_plug_msg_s.ep.rosidl_typesupport_introspection_c.c.o[0m
[ 95%] [32mBuilding C object CMakeFiles/rviz_plug_msg__rosidl_typesupport_fastrtps_c__pyext.dir/rosidl_generator_py/rviz_plug_msg/_rviz_plug_msg_s.ep.rosidl_typesupport_fastrtps_c.c.o[0m
[ 96%] [32mBuilding C object CMakeFiles/rviz_plug_msg__rosidl_typesupport_c__pyext.dir/rosidl_generator_py/rviz_plug_msg/_rviz_plug_msg_s.ep.rosidl_typesupport_c.c.o[0m
[ 97%] [32m[1mLinking C shared library rosidl_generator_py/rviz_plug_msg/rviz_plug_msg_s__rosidl_typesupport_fastrtps_c.cpython-310-x86_64-linux-gnu.so[0m
[ 98%] [32m[1mLinking C shared library rosidl_generator_py/rviz_plug_msg/rviz_plug_msg_s__rosidl_typesupport_c.cpython-310-x86_64-linux-gnu.so[0m
[100%] [32m[1mLinking C shared library rosidl_generator_py/rviz_plug_msg/rviz_plug_msg_s__rosidl_typesupport_introspection_c.cpython-310-x86_64-linux-gnu.so[0m
[100%] Built target rviz_plug_msg__rosidl_typesupport_fastrtps_c__pyext
[100%] Built target rviz_plug_msg__rosidl_typesupport_c__pyext
[100%] Built target rviz_plug_msg__rosidl_typesupport_introspection_c__pyext
-- Install configuration: ""
-- Installing: /home/linjiawei/load_mcap/install/rviz_plug_msg/share/ament_index/resource_index/rosidl_interfaces/rviz_plug_msg
-- Installing: /home/linjiawei/load_mcap/install/rviz_plug_msg/include/rviz_plug_msg/rviz_plug_msg
-- Installing: /home/linjiawei/load_mcap/install/rviz_plug_msg/include/rviz_plug_msg/rviz_plug_msg/msg
-- Installing: /home/linjiawei/load_mcap/install/rviz_plug_msg/include/rviz_plug_msg/rviz_plug_msg/msg/rosidl_generator_c__visibility_control.h
-- Installing: /home/linjiawei/load_mcap/install/rviz_plug_msg/include/rviz_plug_msg/rviz_plug_msg/msg/bywire_diag.h
-- Installing: /home/linjiawei/load_mcap/install/rviz_plug_msg/include/rviz_plug_msg/rviz_plug_msg/msg/detail
-- Installing: /home/linjiawei/load_mcap/install/rviz_plug_msg/include/rviz_plug_msg/rviz_plug_msg/msg/detail/bywire_diag__functions.c
-- Installing: /home/linjiawei/load_mcap/install/rviz_plug_msg/include/rviz_plug_msg/rviz_plug_msg/msg/detail/bywire_diag__functions.h
-- Installing: /home/linjiawei/load_mcap/install/rviz_plug_msg/include/rviz_plug_msg/rviz_plug_msg/msg/detail/bywire_diag__struct.h
-- Installing: /home/linjiawei/load_mcap/install/rviz_plug_msg/include/rviz_plug_msg/rviz_plug_msg/msg/detail/bywire_diag__type_support.h
-- Installing: /home/linjiawei/load_mcap/install/rviz_plug_msg/include/rviz_plug_msg/rviz_plug_msg/msg/detail/bywire_msg_type__functions.c
-- Installing: /home/linjiawei/load_mcap/install/rviz_plug_msg/include/rviz_plug_msg/rviz_plug_msg/msg/detail/bywire_msg_type__functions.h
-- Installing: /home/linjiawei/load_mcap/install/rviz_plug_msg/include/rviz_plug_msg/rviz_plug_msg/msg/detail/bywire_msg_type__struct.h
-- Installing: /home/linjiawei/load_mcap/install/rviz_plug_msg/include/rviz_plug_msg/rviz_plug_msg/msg/detail/bywire_msg_type__type_support.h
-- Installing: /home/linjiawei/load_mcap/install/rviz_plug_msg/include/rviz_plug_msg/rviz_plug_msg/msg/detail/error_enum__functions.c
-- Installing: /home/linjiawei/load_mcap/install/rviz_plug_msg/include/rviz_plug_msg/rviz_plug_msg/msg/detail/error_enum__functions.h
-- Installing: /home/linjiawei/load_mcap/install/rviz_plug_msg/include/rviz_plug_msg/rviz_plug_msg/msg/detail/error_enum__struct.h
-- Installing: /home/linjiawei/load_mcap/install/rviz_plug_msg/include/rviz_plug_msg/rviz_plug_msg/msg/detail/error_enum__type_support.h
-- Installing: /home/linjiawei/load_mcap/install/rviz_plug_msg/include/rviz_plug_msg/rviz_plug_msg/msg/detail/exception_monitor__functions.c
-- Installing: /home/linjiawei/load_mcap/install/rviz_plug_msg/include/rviz_plug_msg/rviz_plug_msg/msg/detail/exception_monitor__functions.h
-- Installing: /home/linjiawei/load_mcap/install/rviz_plug_msg/include/rviz_plug_msg/rviz_plug_msg/msg/detail/exception_monitor__struct.h
-- Installing: /home/linjiawei/load_mcap/install/rviz_plug_msg/include/rviz_plug_msg/rviz_plug_msg/msg/detail/exception_monitor__type_support.h
-- Installing: /home/linjiawei/load_mcap/install/rviz_plug_msg/include/rviz_plug_msg/rviz_plug_msg/msg/detail/freq__functions.c
-- Installing: /home/linjiawei/load_mcap/install/rviz_plug_msg/include/rviz_plug_msg/rviz_plug_msg/msg/detail/freq__functions.h
-- Installing: /home/linjiawei/load_mcap/install/rviz_plug_msg/include/rviz_plug_msg/rviz_plug_msg/msg/detail/freq__struct.h
-- Installing: /home/linjiawei/load_mcap/install/rviz_plug_msg/include/rviz_plug_msg/rviz_plug_msg/msg/detail/freq__type_support.h
-- Installing: /home/linjiawei/load_mcap/install/rviz_plug_msg/include/rviz_plug_msg/rviz_plug_msg/msg/detail/freq_monitor__functions.c
-- Installing: /home/linjiawei/load_mcap/install/rviz_plug_msg/include/rviz_plug_msg/rviz_plug_msg/msg/detail/freq_monitor__functions.h
-- Installing: /home/linjiawei/load_mcap/install/rviz_plug_msg/include/rviz_plug_msg/rviz_plug_msg/msg/detail/freq_monitor__struct.h
-- Installing: /home/linjiawei/load_mcap/install/rviz_plug_msg/include/rviz_plug_msg/rviz_plug_msg/msg/detail/freq_monitor__type_support.h
-- Installing: /home/linjiawei/load_mcap/install/rviz_plug_msg/include/rviz_plug_msg/rviz_plug_msg/msg/detail/info_enum__functions.c
-- Installing: /home/linjiawei/load_mcap/install/rviz_plug_msg/include/rviz_plug_msg/rviz_plug_msg/msg/detail/info_enum__functions.h
-- Installing: /home/linjiawei/load_mcap/install/rviz_plug_msg/include/rviz_plug_msg/rviz_plug_msg/msg/detail/info_enum__struct.h
-- Installing: /home/linjiawei/load_mcap/install/rviz_plug_msg/include/rviz_plug_msg/rviz_plug_msg/msg/detail/info_enum__type_support.h
-- Installing: /home/linjiawei/load_mcap/install/rviz_plug_msg/include/rviz_plug_msg/rviz_plug_msg/msg/detail/status_enum__functions.c
-- Installing: /home/linjiawei/load_mcap/install/rviz_plug_msg/include/rviz_plug_msg/rviz_plug_msg/msg/detail/status_enum__functions.h
-- Installing: /home/linjiawei/load_mcap/install/rviz_plug_msg/include/rviz_plug_msg/rviz_plug_msg/msg/detail/status_enum__struct.h
-- Installing: /home/linjiawei/load_mcap/install/rviz_plug_msg/include/rviz_plug_msg/rviz_plug_msg/msg/detail/status_enum__type_support.h
-- Installing: /home/linjiawei/load_mcap/install/rviz_plug_msg/include/rviz_plug_msg/rviz_plug_msg/msg/bywire_msg_type.h
-- Installing: /home/linjiawei/load_mcap/install/rviz_plug_msg/include/rviz_plug_msg/rviz_plug_msg/msg/error_enum.h
-- Installing: /home/linjiawei/load_mcap/install/rviz_plug_msg/include/rviz_plug_msg/rviz_plug_msg/msg/exception_monitor.h
-- Installing: /home/linjiawei/load_mcap/install/rviz_plug_msg/include/rviz_plug_msg/rviz_plug_msg/msg/freq.h
-- Installing: /home/linjiawei/load_mcap/install/rviz_plug_msg/include/rviz_plug_msg/rviz_plug_msg/msg/freq_monitor.h
-- Installing: /home/linjiawei/load_mcap/install/rviz_plug_msg/include/rviz_plug_msg/rviz_plug_msg/msg/info_enum.h
-- Installing: /home/linjiawei/load_mcap/install/rviz_plug_msg/include/rviz_plug_msg/rviz_plug_msg/msg/status_enum.h
-- Installing: /home/linjiawei/load_mcap/install/rviz_plug_msg/share/rviz_plug_msg/environment/library_path.sh
-- Installing: /home/linjiawei/load_mcap/install/rviz_plug_msg/share/rviz_plug_msg/environment/library_path.dsv
-- Installing: /home/linjiawei/load_mcap/install/rviz_plug_msg/lib/librviz_plug_msg__rosidl_generator_c.so
-- Set runtime path of "/home/linjiawei/load_mcap/install/rviz_plug_msg/lib/librviz_plug_msg__rosidl_generator_c.so" to ""
-- Up-to-date: /home/linjiawei/load_mcap/install/rviz_plug_msg/include/rviz_plug_msg/rviz_plug_msg
-- Up-to-date: /home/linjiawei/load_mcap/install/rviz_plug_msg/include/rviz_plug_msg/rviz_plug_msg/msg
-- Installing: /home/linjiawei/load_mcap/install/rviz_plug_msg/include/rviz_plug_msg/rviz_plug_msg/msg/rosidl_typesupport_fastrtps_c__visibility_control.h
-- Up-to-date: /home/linjiawei/load_mcap/install/rviz_plug_msg/include/rviz_plug_msg/rviz_plug_msg/msg/detail
-- Installing: /home/linjiawei/load_mcap/install/rviz_plug_msg/include/rviz_plug_msg/rviz_plug_msg/msg/detail/bywire_diag__rosidl_typesupport_fastrtps_c.h
-- Installing: /home/linjiawei/load_mcap/install/rviz_plug_msg/include/rviz_plug_msg/rviz_plug_msg/msg/detail/bywire_msg_type__rosidl_typesupport_fastrtps_c.h
-- Installing: /home/linjiawei/load_mcap/install/rviz_plug_msg/include/rviz_plug_msg/rviz_plug_msg/msg/detail/error_enum__rosidl_typesupport_fastrtps_c.h
-- Installing: /home/linjiawei/load_mcap/install/rviz_plug_msg/include/rviz_plug_msg/rviz_plug_msg/msg/detail/exception_monitor__rosidl_typesupport_fastrtps_c.h
-- Installing: /home/linjiawei/load_mcap/install/rviz_plug_msg/include/rviz_plug_msg/rviz_plug_msg/msg/detail/freq__rosidl_typesupport_fastrtps_c.h
-- Installing: /home/linjiawei/load_mcap/install/rviz_plug_msg/include/rviz_plug_msg/rviz_plug_msg/msg/detail/freq_monitor__rosidl_typesupport_fastrtps_c.h
-- Installing: /home/linjiawei/load_mcap/install/rviz_plug_msg/include/rviz_plug_msg/rviz_plug_msg/msg/detail/info_enum__rosidl_typesupport_fastrtps_c.h
-- Installing: /home/linjiawei/load_mcap/install/rviz_plug_msg/include/rviz_plug_msg/rviz_plug_msg/msg/detail/status_enum__rosidl_typesupport_fastrtps_c.h
-- Installing: /home/linjiawei/load_mcap/install/rviz_plug_msg/lib/librviz_plug_msg__rosidl_typesupport_fastrtps_c.so
-- Set runtime path of "/home/linjiawei/load_mcap/install/rviz_plug_msg/lib/librviz_plug_msg__rosidl_typesupport_fastrtps_c.so" to ""
-- Up-to-date: /home/linjiawei/load_mcap/install/rviz_plug_msg/include/rviz_plug_msg/rviz_plug_msg
-- Up-to-date: /home/linjiawei/load_mcap/install/rviz_plug_msg/include/rviz_plug_msg/rviz_plug_msg/msg
-- Installing: /home/linjiawei/load_mcap/install/rviz_plug_msg/include/rviz_plug_msg/rviz_plug_msg/msg/rosidl_typesupport_introspection_c__visibility_control.h
-- Up-to-date: /home/linjiawei/load_mcap/install/rviz_plug_msg/include/rviz_plug_msg/rviz_plug_msg/msg/detail
-- Installing: /home/linjiawei/load_mcap/install/rviz_plug_msg/include/rviz_plug_msg/rviz_plug_msg/msg/detail/bywire_diag__rosidl_typesupport_introspection_c.h
-- Installing: /home/linjiawei/load_mcap/install/rviz_plug_msg/include/rviz_plug_msg/rviz_plug_msg/msg/detail/bywire_diag__type_support.c
-- Installing: /home/linjiawei/load_mcap/install/rviz_plug_msg/include/rviz_plug_msg/rviz_plug_msg/msg/detail/bywire_msg_type__rosidl_typesupport_introspection_c.h
-- Installing: /home/linjiawei/load_mcap/install/rviz_plug_msg/include/rviz_plug_msg/rviz_plug_msg/msg/detail/bywire_msg_type__type_support.c
-- Installing: /home/linjiawei/load_mcap/install/rviz_plug_msg/include/rviz_plug_msg/rviz_plug_msg/msg/detail/error_enum__rosidl_typesupport_introspection_c.h
-- Installing: /home/linjiawei/load_mcap/install/rviz_plug_msg/include/rviz_plug_msg/rviz_plug_msg/msg/detail/error_enum__type_support.c
-- Installing: /home/linjiawei/load_mcap/install/rviz_plug_msg/include/rviz_plug_msg/rviz_plug_msg/msg/detail/exception_monitor__rosidl_typesupport_introspection_c.h
-- Installing: /home/linjiawei/load_mcap/install/rviz_plug_msg/include/rviz_plug_msg/rviz_plug_msg/msg/detail/exception_monitor__type_support.c
-- Installing: /home/linjiawei/load_mcap/install/rviz_plug_msg/include/rviz_plug_msg/rviz_plug_msg/msg/detail/freq__rosidl_typesupport_introspection_c.h
-- Installing: /home/linjiawei/load_mcap/install/rviz_plug_msg/include/rviz_plug_msg/rviz_plug_msg/msg/detail/freq__type_support.c
-- Installing: /home/linjiawei/load_mcap/install/rviz_plug_msg/include/rviz_plug_msg/rviz_plug_msg/msg/detail/freq_monitor__rosidl_typesupport_introspection_c.h
-- Installing: /home/linjiawei/load_mcap/install/rviz_plug_msg/include/rviz_plug_msg/rviz_plug_msg/msg/detail/freq_monitor__type_support.c
-- Installing: /home/linjiawei/load_mcap/install/rviz_plug_msg/include/rviz_plug_msg/rviz_plug_msg/msg/detail/info_enum__rosidl_typesupport_introspection_c.h
-- Installing: /home/linjiawei/load_mcap/install/rviz_plug_msg/include/rviz_plug_msg/rviz_plug_msg/msg/detail/info_enum__type_support.c
-- Installing: /home/linjiawei/load_mcap/install/rviz_plug_msg/include/rviz_plug_msg/rviz_plug_msg/msg/detail/status_enum__rosidl_typesupport_introspection_c.h
-- Installing: /home/linjiawei/load_mcap/install/rviz_plug_msg/include/rviz_plug_msg/rviz_plug_msg/msg/detail/status_enum__type_support.c
-- Installing: /home/linjiawei/load_mcap/install/rviz_plug_msg/lib/librviz_plug_msg__rosidl_typesupport_introspection_c.so
-- Set runtime path of "/home/linjiawei/load_mcap/install/rviz_plug_msg/lib/librviz_plug_msg__rosidl_typesupport_introspection_c.so" to ""
-- Installing: /home/linjiawei/load_mcap/install/rviz_plug_msg/lib/librviz_plug_msg__rosidl_typesupport_c.so
-- Set runtime path of "/home/linjiawei/load_mcap/install/rviz_plug_msg/lib/librviz_plug_msg__rosidl_typesupport_c.so" to ""
-- Up-to-date: /home/linjiawei/load_mcap/install/rviz_plug_msg/include/rviz_plug_msg/rviz_plug_msg
-- Up-to-date: /home/linjiawei/load_mcap/install/rviz_plug_msg/include/rviz_plug_msg/rviz_plug_msg/msg
-- Installing: /home/linjiawei/load_mcap/install/rviz_plug_msg/include/rviz_plug_msg/rviz_plug_msg/msg/rosidl_generator_cpp__visibility_control.hpp
-- Installing: /home/linjiawei/load_mcap/install/rviz_plug_msg/include/rviz_plug_msg/rviz_plug_msg/msg/bywire_diag.hpp
-- Up-to-date: /home/linjiawei/load_mcap/install/rviz_plug_msg/include/rviz_plug_msg/rviz_plug_msg/msg/detail
-- Installing: /home/linjiawei/load_mcap/install/rviz_plug_msg/include/rviz_plug_msg/rviz_plug_msg/msg/detail/bywire_diag__builder.hpp
-- Installing: /home/linjiawei/load_mcap/install/rviz_plug_msg/include/rviz_plug_msg/rviz_plug_msg/msg/detail/bywire_diag__struct.hpp
-- Installing: /home/linjiawei/load_mcap/install/rviz_plug_msg/include/rviz_plug_msg/rviz_plug_msg/msg/detail/bywire_diag__traits.hpp
-- Installing: /home/linjiawei/load_mcap/install/rviz_plug_msg/include/rviz_plug_msg/rviz_plug_msg/msg/detail/bywire_diag__type_support.hpp
-- Installing: /home/linjiawei/load_mcap/install/rviz_plug_msg/include/rviz_plug_msg/rviz_plug_msg/msg/detail/bywire_msg_type__builder.hpp
-- Installing: /home/linjiawei/load_mcap/install/rviz_plug_msg/include/rviz_plug_msg/rviz_plug_msg/msg/detail/bywire_msg_type__struct.hpp
-- Installing: /home/linjiawei/load_mcap/install/rviz_plug_msg/include/rviz_plug_msg/rviz_plug_msg/msg/detail/bywire_msg_type__traits.hpp
-- Installing: /home/linjiawei/load_mcap/install/rviz_plug_msg/include/rviz_plug_msg/rviz_plug_msg/msg/detail/bywire_msg_type__type_support.hpp
-- Installing: /home/linjiawei/load_mcap/install/rviz_plug_msg/include/rviz_plug_msg/rviz_plug_msg/msg/detail/error_enum__builder.hpp
-- Installing: /home/linjiawei/load_mcap/install/rviz_plug_msg/include/rviz_plug_msg/rviz_plug_msg/msg/detail/error_enum__struct.hpp
-- Installing: /home/linjiawei/load_mcap/install/rviz_plug_msg/include/rviz_plug_msg/rviz_plug_msg/msg/detail/error_enum__traits.hpp
-- Installing: /home/linjiawei/load_mcap/install/rviz_plug_msg/include/rviz_plug_msg/rviz_plug_msg/msg/detail/error_enum__type_support.hpp
-- Installing: /home/linjiawei/load_mcap/install/rviz_plug_msg/include/rviz_plug_msg/rviz_plug_msg/msg/detail/exception_monitor__builder.hpp
-- Installing: /home/linjiawei/load_mcap/install/rviz_plug_msg/include/rviz_plug_msg/rviz_plug_msg/msg/detail/exception_monitor__struct.hpp
-- Installing: /home/linjiawei/load_mcap/install/rviz_plug_msg/include/rviz_plug_msg/rviz_plug_msg/msg/detail/exception_monitor__traits.hpp
-- Installing: /home/linjiawei/load_mcap/install/rviz_plug_msg/include/rviz_plug_msg/rviz_plug_msg/msg/detail/exception_monitor__type_support.hpp
-- Installing: /home/linjiawei/load_mcap/install/rviz_plug_msg/include/rviz_plug_msg/rviz_plug_msg/msg/detail/freq__builder.hpp
-- Installing: /home/linjiawei/load_mcap/install/rviz_plug_msg/include/rviz_plug_msg/rviz_plug_msg/msg/detail/freq__struct.hpp
-- Installing: /home/linjiawei/load_mcap/install/rviz_plug_msg/include/rviz_plug_msg/rviz_plug_msg/msg/detail/freq__traits.hpp
-- Installing: /home/linjiawei/load_mcap/install/rviz_plug_msg/include/rviz_plug_msg/rviz_plug_msg/msg/detail/freq__type_support.hpp
-- Installing: /home/linjiawei/load_mcap/install/rviz_plug_msg/include/rviz_plug_msg/rviz_plug_msg/msg/detail/freq_monitor__builder.hpp
-- Installing: /home/linjiawei/load_mcap/install/rviz_plug_msg/include/rviz_plug_msg/rviz_plug_msg/msg/detail/freq_monitor__struct.hpp
-- Installing: /home/linjiawei/load_mcap/install/rviz_plug_msg/include/rviz_plug_msg/rviz_plug_msg/msg/detail/freq_monitor__traits.hpp
-- Installing: /home/linjiawei/load_mcap/install/rviz_plug_msg/include/rviz_plug_msg/rviz_plug_msg/msg/detail/freq_monitor__type_support.hpp
-- Installing: /home/linjiawei/load_mcap/install/rviz_plug_msg/include/rviz_plug_msg/rviz_plug_msg/msg/detail/info_enum__builder.hpp
-- Installing: /home/linjiawei/load_mcap/install/rviz_plug_msg/include/rviz_plug_msg/rviz_plug_msg/msg/detail/info_enum__struct.hpp
-- Installing: /home/linjiawei/load_mcap/install/rviz_plug_msg/include/rviz_plug_msg/rviz_plug_msg/msg/detail/info_enum__traits.hpp
-- Installing: /home/linjiawei/load_mcap/install/rviz_plug_msg/include/rviz_plug_msg/rviz_plug_msg/msg/detail/info_enum__type_support.hpp
-- Installing: /home/linjiawei/load_mcap/install/rviz_plug_msg/include/rviz_plug_msg/rviz_plug_msg/msg/detail/status_enum__builder.hpp
-- Installing: /home/linjiawei/load_mcap/install/rviz_plug_msg/include/rviz_plug_msg/rviz_plug_msg/msg/detail/status_enum__struct.hpp
-- Installing: /home/linjiawei/load_mcap/install/rviz_plug_msg/include/rviz_plug_msg/rviz_plug_msg/msg/detail/status_enum__traits.hpp
-- Installing: /home/linjiawei/load_mcap/install/rviz_plug_msg/include/rviz_plug_msg/rviz_plug_msg/msg/detail/status_enum__type_support.hpp
-- Installing: /home/linjiawei/load_mcap/install/rviz_plug_msg/include/rviz_plug_msg/rviz_plug_msg/msg/bywire_msg_type.hpp
-- Installing: /home/linjiawei/load_mcap/install/rviz_plug_msg/include/rviz_plug_msg/rviz_plug_msg/msg/error_enum.hpp
-- Installing: /home/linjiawei/load_mcap/install/rviz_plug_msg/include/rviz_plug_msg/rviz_plug_msg/msg/exception_monitor.hpp
-- Installing: /home/linjiawei/load_mcap/install/rviz_plug_msg/include/rviz_plug_msg/rviz_plug_msg/msg/freq.hpp
-- Installing: /home/linjiawei/load_mcap/install/rviz_plug_msg/include/rviz_plug_msg/rviz_plug_msg/msg/freq_monitor.hpp
-- Installing: /home/linjiawei/load_mcap/install/rviz_plug_msg/include/rviz_plug_msg/rviz_plug_msg/msg/info_enum.hpp
-- Installing: /home/linjiawei/load_mcap/install/rviz_plug_msg/include/rviz_plug_msg/rviz_plug_msg/msg/status_enum.hpp
-- Up-to-date: /home/linjiawei/load_mcap/install/rviz_plug_msg/include/rviz_plug_msg/rviz_plug_msg
-- Up-to-date: /home/linjiawei/load_mcap/install/rviz_plug_msg/include/rviz_plug_msg/rviz_plug_msg/msg
-- Installing: /home/linjiawei/load_mcap/install/rviz_plug_msg/include/rviz_plug_msg/rviz_plug_msg/msg/rosidl_typesupport_fastrtps_cpp__visibility_control.h
-- Up-to-date: /home/linjiawei/load_mcap/install/rviz_plug_msg/include/rviz_plug_msg/rviz_plug_msg/msg/detail
-- Installing: /home/linjiawei/load_mcap/install/rviz_plug_msg/include/rviz_plug_msg/rviz_plug_msg/msg/detail/bywire_diag__rosidl_typesupport_fastrtps_cpp.hpp
-- Installing: /home/linjiawei/load_mcap/install/rviz_plug_msg/include/rviz_plug_msg/rviz_plug_msg/msg/detail/dds_fastrtps
-- Installing: /home/linjiawei/load_mcap/install/rviz_plug_msg/include/rviz_plug_msg/rviz_plug_msg/msg/detail/bywire_msg_type__rosidl_typesupport_fastrtps_cpp.hpp
-- Installing: /home/linjiawei/load_mcap/install/rviz_plug_msg/include/rviz_plug_msg/rviz_plug_msg/msg/detail/error_enum__rosidl_typesupport_fastrtps_cpp.hpp
-- Installing: /home/linjiawei/load_mcap/install/rviz_plug_msg/include/rviz_plug_msg/rviz_plug_msg/msg/detail/exception_monitor__rosidl_typesupport_fastrtps_cpp.hpp
-- Installing: /home/linjiawei/load_mcap/install/rviz_plug_msg/include/rviz_plug_msg/rviz_plug_msg/msg/detail/freq__rosidl_typesupport_fastrtps_cpp.hpp
-- Installing: /home/linjiawei/load_mcap/install/rviz_plug_msg/include/rviz_plug_msg/rviz_plug_msg/msg/detail/freq_monitor__rosidl_typesupport_fastrtps_cpp.hpp
-- Installing: /home/linjiawei/load_mcap/install/rviz_plug_msg/include/rviz_plug_msg/rviz_plug_msg/msg/detail/info_enum__rosidl_typesupport_fastrtps_cpp.hpp
-- Installing: /home/linjiawei/load_mcap/install/rviz_plug_msg/include/rviz_plug_msg/rviz_plug_msg/msg/detail/status_enum__rosidl_typesupport_fastrtps_cpp.hpp
-- Installing: /home/linjiawei/load_mcap/install/rviz_plug_msg/lib/librviz_plug_msg__rosidl_typesupport_fastrtps_cpp.so
-- Set runtime path of "/home/linjiawei/load_mcap/install/rviz_plug_msg/lib/librviz_plug_msg__rosidl_typesupport_fastrtps_cpp.so" to ""
-- Up-to-date: /home/linjiawei/load_mcap/install/rviz_plug_msg/include/rviz_plug_msg/rviz_plug_msg
-- Up-to-date: /home/linjiawei/load_mcap/install/rviz_plug_msg/include/rviz_plug_msg/rviz_plug_msg/msg
-- Up-to-date: /home/linjiawei/load_mcap/install/rviz_plug_msg/include/rviz_plug_msg/rviz_plug_msg/msg/detail
-- Installing: /home/linjiawei/load_mcap/install/rviz_plug_msg/include/rviz_plug_msg/rviz_plug_msg/msg/detail/bywire_diag__rosidl_typesupport_introspection_cpp.hpp
-- Installing: /home/linjiawei/load_mcap/install/rviz_plug_msg/include/rviz_plug_msg/rviz_plug_msg/msg/detail/bywire_diag__type_support.cpp
-- Installing: /home/linjiawei/load_mcap/install/rviz_plug_msg/include/rviz_plug_msg/rviz_plug_msg/msg/detail/bywire_msg_type__rosidl_typesupport_introspection_cpp.hpp
-- Installing: /home/linjiawei/load_mcap/install/rviz_plug_msg/include/rviz_plug_msg/rviz_plug_msg/msg/detail/bywire_msg_type__type_support.cpp
-- Installing: /home/linjiawei/load_mcap/install/rviz_plug_msg/include/rviz_plug_msg/rviz_plug_msg/msg/detail/error_enum__rosidl_typesupport_introspection_cpp.hpp
-- Installing: /home/linjiawei/load_mcap/install/rviz_plug_msg/include/rviz_plug_msg/rviz_plug_msg/msg/detail/error_enum__type_support.cpp
-- Installing: /home/linjiawei/load_mcap/install/rviz_plug_msg/include/rviz_plug_msg/rviz_plug_msg/msg/detail/exception_monitor__rosidl_typesupport_introspection_cpp.hpp
-- Installing: /home/linjiawei/load_mcap/install/rviz_plug_msg/include/rviz_plug_msg/rviz_plug_msg/msg/detail/exception_monitor__type_support.cpp
-- Installing: /home/linjiawei/load_mcap/install/rviz_plug_msg/include/rviz_plug_msg/rviz_plug_msg/msg/detail/freq__rosidl_typesupport_introspection_cpp.hpp
-- Installing: /home/linjiawei/load_mcap/install/rviz_plug_msg/include/rviz_plug_msg/rviz_plug_msg/msg/detail/freq__type_support.cpp
-- Installing: /home/linjiawei/load_mcap/install/rviz_plug_msg/include/rviz_plug_msg/rviz_plug_msg/msg/detail/freq_monitor__rosidl_typesupport_introspection_cpp.hpp
-- Installing: /home/linjiawei/load_mcap/install/rviz_plug_msg/include/rviz_plug_msg/rviz_plug_msg/msg/detail/freq_monitor__type_support.cpp
-- Installing: /home/linjiawei/load_mcap/install/rviz_plug_msg/include/rviz_plug_msg/rviz_plug_msg/msg/detail/info_enum__rosidl_typesupport_introspection_cpp.hpp
-- Installing: /home/linjiawei/load_mcap/install/rviz_plug_msg/include/rviz_plug_msg/rviz_plug_msg/msg/detail/info_enum__type_support.cpp
-- Installing: /home/linjiawei/load_mcap/install/rviz_plug_msg/include/rviz_plug_msg/rviz_plug_msg/msg/detail/status_enum__rosidl_typesupport_introspection_cpp.hpp
-- Installing: /home/linjiawei/load_mcap/install/rviz_plug_msg/include/rviz_plug_msg/rviz_plug_msg/msg/detail/status_enum__type_support.cpp
-- Installing: /home/linjiawei/load_mcap/install/rviz_plug_msg/lib/librviz_plug_msg__rosidl_typesupport_introspection_cpp.so
-- Set runtime path of "/home/linjiawei/load_mcap/install/rviz_plug_msg/lib/librviz_plug_msg__rosidl_typesupport_introspection_cpp.so" to ""
-- Installing: /home/linjiawei/load_mcap/install/rviz_plug_msg/lib/librviz_plug_msg__rosidl_typesupport_cpp.so
-- Set runtime path of "/home/linjiawei/load_mcap/install/rviz_plug_msg/lib/librviz_plug_msg__rosidl_typesupport_cpp.so" to ""
-- Installing: /home/linjiawei/load_mcap/install/rviz_plug_msg/share/rviz_plug_msg/environment/pythonpath.sh
-- Installing: /home/linjiawei/load_mcap/install/rviz_plug_msg/share/rviz_plug_msg/environment/pythonpath.dsv
-- Installing: /home/linjiawei/load_mcap/install/rviz_plug_msg/local/lib/python3.10/dist-packages/rviz_plug_msg-0.0.0-py3.10.egg-info
-- Installing: /home/linjiawei/load_mcap/install/rviz_plug_msg/local/lib/python3.10/dist-packages/rviz_plug_msg-0.0.0-py3.10.egg-info/PKG-INFO
-- Installing: /home/linjiawei/load_mcap/install/rviz_plug_msg/local/lib/python3.10/dist-packages/rviz_plug_msg-0.0.0-py3.10.egg-info/dependency_links.txt
-- Installing: /home/linjiawei/load_mcap/install/rviz_plug_msg/local/lib/python3.10/dist-packages/rviz_plug_msg-0.0.0-py3.10.egg-info/top_level.txt
-- Installing: /home/linjiawei/load_mcap/install/rviz_plug_msg/local/lib/python3.10/dist-packages/rviz_plug_msg-0.0.0-py3.10.egg-info/SOURCES.txt
-- Installing: /home/linjiawei/load_mcap/install/rviz_plug_msg/local/lib/python3.10/dist-packages/rviz_plug_msg
-- Installing: /home/linjiawei/load_mcap/install/rviz_plug_msg/local/lib/python3.10/dist-packages/rviz_plug_msg/__init__.py
-- Installing: /home/linjiawei/load_mcap/install/rviz_plug_msg/local/lib/python3.10/dist-packages/rviz_plug_msg/msg
-- Installing: /home/linjiawei/load_mcap/install/rviz_plug_msg/local/lib/python3.10/dist-packages/rviz_plug_msg/msg/_bywire_diag.py
-- Installing: /home/linjiawei/load_mcap/install/rviz_plug_msg/local/lib/python3.10/dist-packages/rviz_plug_msg/msg/_bywire_diag_s.c
-- Installing: /home/linjiawei/load_mcap/install/rviz_plug_msg/local/lib/python3.10/dist-packages/rviz_plug_msg/msg/_bywire_msg_type.py
-- Installing: /home/linjiawei/load_mcap/install/rviz_plug_msg/local/lib/python3.10/dist-packages/rviz_plug_msg/msg/_bywire_msg_type_s.c
-- Installing: /home/linjiawei/load_mcap/install/rviz_plug_msg/local/lib/python3.10/dist-packages/rviz_plug_msg/msg/_error_enum.py
-- Installing: /home/linjiawei/load_mcap/install/rviz_plug_msg/local/lib/python3.10/dist-packages/rviz_plug_msg/msg/_error_enum_s.c
-- Installing: /home/linjiawei/load_mcap/install/rviz_plug_msg/local/lib/python3.10/dist-packages/rviz_plug_msg/msg/_exception_monitor.py
-- Installing: /home/linjiawei/load_mcap/install/rviz_plug_msg/local/lib/python3.10/dist-packages/rviz_plug_msg/msg/_exception_monitor_s.c
-- Installing: /home/linjiawei/load_mcap/install/rviz_plug_msg/local/lib/python3.10/dist-packages/rviz_plug_msg/msg/_freq.py
-- Installing: /home/linjiawei/load_mcap/install/rviz_plug_msg/local/lib/python3.10/dist-packages/rviz_plug_msg/msg/_freq_s.c
-- Installing: /home/linjiawei/load_mcap/install/rviz_plug_msg/local/lib/python3.10/dist-packages/rviz_plug_msg/msg/_freq_monitor.py
-- Installing: /home/linjiawei/load_mcap/install/rviz_plug_msg/local/lib/python3.10/dist-packages/rviz_plug_msg/msg/_freq_monitor_s.c
-- Installing: /home/linjiawei/load_mcap/install/rviz_plug_msg/local/lib/python3.10/dist-packages/rviz_plug_msg/msg/_info_enum.py
-- Installing: /home/linjiawei/load_mcap/install/rviz_plug_msg/local/lib/python3.10/dist-packages/rviz_plug_msg/msg/_info_enum_s.c
-- Installing: /home/linjiawei/load_mcap/install/rviz_plug_msg/local/lib/python3.10/dist-packages/rviz_plug_msg/msg/_status_enum.py
-- Installing: /home/linjiawei/load_mcap/install/rviz_plug_msg/local/lib/python3.10/dist-packages/rviz_plug_msg/msg/_status_enum_s.c
-- Installing: /home/linjiawei/load_mcap/install/rviz_plug_msg/local/lib/python3.10/dist-packages/rviz_plug_msg/msg/__init__.py
-- Installing: /home/linjiawei/load_mcap/install/rviz_plug_msg/local/lib/python3.10/dist-packages/rviz_plug_msg/_rviz_plug_msg_s.ep.rosidl_typesupport_fastrtps_c.c
-- Installing: /home/linjiawei/load_mcap/install/rviz_plug_msg/local/lib/python3.10/dist-packages/rviz_plug_msg/_rviz_plug_msg_s.ep.rosidl_typesupport_introspection_c.c
-- Installing: /home/linjiawei/load_mcap/install/rviz_plug_msg/local/lib/python3.10/dist-packages/rviz_plug_msg/_rviz_plug_msg_s.ep.rosidl_typesupport_c.c
-- Installing: /home/linjiawei/load_mcap/install/rviz_plug_msg/local/lib/python3.10/dist-packages/rviz_plug_msg/librviz_plug_msg__rosidl_generator_py.so
-- Installing: /home/linjiawei/load_mcap/install/rviz_plug_msg/local/lib/python3.10/dist-packages/rviz_plug_msg/rviz_plug_msg_s__rosidl_typesupport_fastrtps_c.cpython-310-x86_64-linux-gnu.so
-- Installing: /home/linjiawei/load_mcap/install/rviz_plug_msg/local/lib/python3.10/dist-packages/rviz_plug_msg/rviz_plug_msg_s__rosidl_typesupport_c.cpython-310-x86_64-linux-gnu.so
-- Installing: /home/linjiawei/load_mcap/install/rviz_plug_msg/local/lib/python3.10/dist-packages/rviz_plug_msg/rviz_plug_msg_s__rosidl_typesupport_introspection_c.cpython-310-x86_64-linux-gnu.so
Listing '/home/linjiawei/load_mcap/install/rviz_plug_msg/local/lib/python3.10/dist-packages/rviz_plug_msg'...
Compiling '/home/linjiawei/load_mcap/install/rviz_plug_msg/local/lib/python3.10/dist-packages/rviz_plug_msg/__init__.py'...
Listing '/home/linjiawei/load_mcap/install/rviz_plug_msg/local/lib/python3.10/dist-packages/rviz_plug_msg/msg'...
Compiling '/home/linjiawei/load_mcap/install/rviz_plug_msg/local/lib/python3.10/dist-packages/rviz_plug_msg/msg/__init__.py'...
Compiling '/home/linjiawei/load_mcap/install/rviz_plug_msg/local/lib/python3.10/dist-packages/rviz_plug_msg/msg/_bywire_diag.py'...
Compiling '/home/linjiawei/load_mcap/install/rviz_plug_msg/local/lib/python3.10/dist-packages/rviz_plug_msg/msg/_bywire_msg_type.py'...
Compiling '/home/linjiawei/load_mcap/install/rviz_plug_msg/local/lib/python3.10/dist-packages/rviz_plug_msg/msg/_error_enum.py'...
Compiling '/home/linjiawei/load_mcap/install/rviz_plug_msg/local/lib/python3.10/dist-packages/rviz_plug_msg/msg/_exception_monitor.py'...
Compiling '/home/linjiawei/load_mcap/install/rviz_plug_msg/local/lib/python3.10/dist-packages/rviz_plug_msg/msg/_freq.py'...
Compiling '/home/linjiawei/load_mcap/install/rviz_plug_msg/local/lib/python3.10/dist-packages/rviz_plug_msg/msg/_freq_monitor.py'...
Compiling '/home/linjiawei/load_mcap/install/rviz_plug_msg/local/lib/python3.10/dist-packages/rviz_plug_msg/msg/_info_enum.py'...
Compiling '/home/linjiawei/load_mcap/install/rviz_plug_msg/local/lib/python3.10/dist-packages/rviz_plug_msg/msg/_status_enum.py'...
-- Installing: /home/linjiawei/load_mcap/install/rviz_plug_msg/local/lib/python3.10/dist-packages/rviz_plug_msg/rviz_plug_msg_s__rosidl_typesupport_fastrtps_c.cpython-310-x86_64-linux-gnu.so
-- Set runtime path of "/home/linjiawei/load_mcap/install/rviz_plug_msg/local/lib/python3.10/dist-packages/rviz_plug_msg/rviz_plug_msg_s__rosidl_typesupport_fastrtps_c.cpython-310-x86_64-linux-gnu.so" to ""
-- Installing: /home/linjiawei/load_mcap/install/rviz_plug_msg/local/lib/python3.10/dist-packages/rviz_plug_msg/rviz_plug_msg_s__rosidl_typesupport_introspection_c.cpython-310-x86_64-linux-gnu.so
-- Set runtime path of "/home/linjiawei/load_mcap/install/rviz_plug_msg/local/lib/python3.10/dist-packages/rviz_plug_msg/rviz_plug_msg_s__rosidl_typesupport_introspection_c.cpython-310-x86_64-linux-gnu.so" to ""
-- Installing: /home/linjiawei/load_mcap/install/rviz_plug_msg/local/lib/python3.10/dist-packages/rviz_plug_msg/rviz_plug_msg_s__rosidl_typesupport_c.cpython-310-x86_64-linux-gnu.so
-- Set runtime path of "/home/linjiawei/load_mcap/install/rviz_plug_msg/local/lib/python3.10/dist-packages/rviz_plug_msg/rviz_plug_msg_s__rosidl_typesupport_c.cpython-310-x86_64-linux-gnu.so" to ""
-- Installing: /home/linjiawei/load_mcap/install/rviz_plug_msg/lib/librviz_plug_msg__rosidl_generator_py.so
-- Set runtime path of "/home/linjiawei/load_mcap/install/rviz_plug_msg/lib/librviz_plug_msg__rosidl_generator_py.so" to ""
-- Installing: /home/linjiawei/load_mcap/install/rviz_plug_msg/share/rviz_plug_msg/msg/BywireDiag.idl
-- Installing: /home/linjiawei/load_mcap/install/rviz_plug_msg/share/rviz_plug_msg/msg/BywireMsgType.idl
-- Installing: /home/linjiawei/load_mcap/install/rviz_plug_msg/share/rviz_plug_msg/msg/ErrorEnum.idl
-- Installing: /home/linjiawei/load_mcap/install/rviz_plug_msg/share/rviz_plug_msg/msg/ExceptionMonitor.idl
-- Installing: /home/linjiawei/load_mcap/install/rviz_plug_msg/share/rviz_plug_msg/msg/Freq.idl
-- Installing: /home/linjiawei/load_mcap/install/rviz_plug_msg/share/rviz_plug_msg/msg/FreqMonitor.idl
-- Installing: /home/linjiawei/load_mcap/install/rviz_plug_msg/share/rviz_plug_msg/msg/InfoEnum.idl
-- Installing: /home/linjiawei/load_mcap/install/rviz_plug_msg/share/rviz_plug_msg/msg/StatusEnum.idl
-- Installing: /home/linjiawei/load_mcap/install/rviz_plug_msg/share/rviz_plug_msg/msg/BywireDiag.msg
-- Installing: /home/linjiawei/load_mcap/install/rviz_plug_msg/share/rviz_plug_msg/msg/BywireMsgType.msg
-- Installing: /home/linjiawei/load_mcap/install/rviz_plug_msg/share/rviz_plug_msg/msg/ErrorEnum.msg
-- Installing: /home/linjiawei/load_mcap/install/rviz_plug_msg/share/rviz_plug_msg/msg/ExceptionMonitor.msg
-- Installing: /home/linjiawei/load_mcap/install/rviz_plug_msg/share/rviz_plug_msg/msg/Freq.msg
-- Installing: /home/linjiawei/load_mcap/install/rviz_plug_msg/share/rviz_plug_msg/msg/FreqMonitor.msg
-- Installing: /home/linjiawei/load_mcap/install/rviz_plug_msg/share/rviz_plug_msg/msg/InfoEnum.msg
-- Installing: /home/linjiawei/load_mcap/install/rviz_plug_msg/share/rviz_plug_msg/msg/StatusEnum.msg
-- Installing: /home/linjiawei/load_mcap/install/rviz_plug_msg/share/ament_index/resource_index/package_run_dependencies/rviz_plug_msg
-- Installing: /home/linjiawei/load_mcap/install/rviz_plug_msg/share/ament_index/resource_index/parent_prefix_path/rviz_plug_msg
-- Installing: /home/linjiawei/load_mcap/install/rviz_plug_msg/share/rviz_plug_msg/environment/ament_prefix_path.sh
-- Installing: /home/linjiawei/load_mcap/install/rviz_plug_msg/share/rviz_plug_msg/environment/ament_prefix_path.dsv
-- Installing: /home/linjiawei/load_mcap/install/rviz_plug_msg/share/rviz_plug_msg/environment/path.sh
-- Installing: /home/linjiawei/load_mcap/install/rviz_plug_msg/share/rviz_plug_msg/environment/path.dsv
-- Installing: /home/linjiawei/load_mcap/install/rviz_plug_msg/share/rviz_plug_msg/local_setup.bash
-- Installing: /home/linjiawei/load_mcap/install/rviz_plug_msg/share/rviz_plug_msg/local_setup.sh
-- Installing: /home/linjiawei/load_mcap/install/rviz_plug_msg/share/rviz_plug_msg/local_setup.zsh
-- Installing: /home/linjiawei/load_mcap/install/rviz_plug_msg/share/rviz_plug_msg/local_setup.dsv
-- Installing: /home/linjiawei/load_mcap/install/rviz_plug_msg/share/rviz_plug_msg/package.dsv
-- Installing: /home/linjiawei/load_mcap/install/rviz_plug_msg/share/ament_index/resource_index/packages/rviz_plug_msg
-- Installing: /home/linjiawei/load_mcap/install/rviz_plug_msg/share/rviz_plug_msg/cmake/export_rviz_plug_msg__rosidl_generator_cExport.cmake
-- Installing: /home/linjiawei/load_mcap/install/rviz_plug_msg/share/rviz_plug_msg/cmake/export_rviz_plug_msg__rosidl_generator_cExport-noconfig.cmake
-- Installing: /home/linjiawei/load_mcap/install/rviz_plug_msg/share/rviz_plug_msg/cmake/export_rviz_plug_msg__rosidl_typesupport_fastrtps_cExport.cmake
-- Installing: /home/linjiawei/load_mcap/install/rviz_plug_msg/share/rviz_plug_msg/cmake/export_rviz_plug_msg__rosidl_typesupport_fastrtps_cExport-noconfig.cmake
-- Installing: /home/linjiawei/load_mcap/install/rviz_plug_msg/share/rviz_plug_msg/cmake/rviz_plug_msg__rosidl_typesupport_introspection_cExport.cmake
-- Installing: /home/linjiawei/load_mcap/install/rviz_plug_msg/share/rviz_plug_msg/cmake/rviz_plug_msg__rosidl_typesupport_introspection_cExport-noconfig.cmake
-- Installing: /home/linjiawei/load_mcap/install/rviz_plug_msg/share/rviz_plug_msg/cmake/rviz_plug_msg__rosidl_typesupport_cExport.cmake
-- Installing: /home/linjiawei/load_mcap/install/rviz_plug_msg/share/rviz_plug_msg/cmake/rviz_plug_msg__rosidl_typesupport_cExport-noconfig.cmake
-- Installing: /home/linjiawei/load_mcap/install/rviz_plug_msg/share/rviz_plug_msg/cmake/export_rviz_plug_msg__rosidl_generator_cppExport.cmake
-- Installing: /home/linjiawei/load_mcap/install/rviz_plug_msg/share/rviz_plug_msg/cmake/export_rviz_plug_msg__rosidl_typesupport_fastrtps_cppExport.cmake
-- Installing: /home/linjiawei/load_mcap/install/rviz_plug_msg/share/rviz_plug_msg/cmake/export_rviz_plug_msg__rosidl_typesupport_fastrtps_cppExport-noconfig.cmake
-- Installing: /home/linjiawei/load_mcap/install/rviz_plug_msg/share/rviz_plug_msg/cmake/rviz_plug_msg__rosidl_typesupport_introspection_cppExport.cmake
-- Installing: /home/linjiawei/load_mcap/install/rviz_plug_msg/share/rviz_plug_msg/cmake/rviz_plug_msg__rosidl_typesupport_introspection_cppExport-noconfig.cmake
-- Installing: /home/linjiawei/load_mcap/install/rviz_plug_msg/share/rviz_plug_msg/cmake/rviz_plug_msg__rosidl_typesupport_cppExport.cmake
-- Installing: /home/linjiawei/load_mcap/install/rviz_plug_msg/share/rviz_plug_msg/cmake/rviz_plug_msg__rosidl_typesupport_cppExport-noconfig.cmake
-- Installing: /home/linjiawei/load_mcap/install/rviz_plug_msg/share/rviz_plug_msg/cmake/export_rviz_plug_msg__rosidl_generator_pyExport.cmake
-- Installing: /home/linjiawei/load_mcap/install/rviz_plug_msg/share/rviz_plug_msg/cmake/export_rviz_plug_msg__rosidl_generator_pyExport-noconfig.cmake
-- Installing: /home/linjiawei/load_mcap/install/rviz_plug_msg/share/rviz_plug_msg/cmake/rosidl_cmake-extras.cmake
-- Installing: /home/linjiawei/load_mcap/install/rviz_plug_msg/share/rviz_plug_msg/cmake/ament_cmake_export_dependencies-extras.cmake
-- Installing: /home/linjiawei/load_mcap/install/rviz_plug_msg/share/rviz_plug_msg/cmake/ament_cmake_export_include_directories-extras.cmake
-- Installing: /home/linjiawei/load_mcap/install/rviz_plug_msg/share/rviz_plug_msg/cmake/ament_cmake_export_libraries-extras.cmake
-- Installing: /home/linjiawei/load_mcap/install/rviz_plug_msg/share/rviz_plug_msg/cmake/ament_cmake_export_targets-extras.cmake
-- Installing: /home/linjiawei/load_mcap/install/rviz_plug_msg/share/rviz_plug_msg/cmake/rosidl_cmake_export_typesupport_targets-extras.cmake
-- Installing: /home/linjiawei/load_mcap/install/rviz_plug_msg/share/rviz_plug_msg/cmake/rosidl_cmake_export_typesupport_libraries-extras.cmake
-- Installing: /home/linjiawei/load_mcap/install/rviz_plug_msg/share/rviz_plug_msg/cmake/rviz_plug_msgConfig.cmake
-- Installing: /home/linjiawei/load_mcap/install/rviz_plug_msg/share/rviz_plug_msg/cmake/rviz_plug_msgConfig-version.cmake
-- Installing: /home/linjiawei/load_mcap/install/rviz_plug_msg/share/rviz_plug_msg/package.xml
