[0.018s] Invoking command in '/home/linjiawei/load_mcap/build/rviz_plug_msg': CMAKE_PREFIX_PATH=${CMAKE_PREFIX_PATH}:/opt/ros/humble /usr/bin/cmake /home/linjiawei/load_mcap/src/rviz_plug_msg -DCMAKE_INSTALL_PREFIX=/home/linjiawei/load_mcap/install/rviz_plug_msg
[0.081s] -- The C compiler identification is GNU 11.3.0
[0.146s] -- The CXX compiler identification is GNU 11.3.0
[0.157s] -- Detecting C compiler ABI info
[0.232s] -- Detecting C compiler ABI info - done
[0.247s] -- Check for working C compiler: /usr/bin/cc - skipped
[0.247s] -- Detecting C compile features
[0.248s] -- Detecting C compile features - done
[0.252s] -- Detecting CXX compiler ABI info
[0.337s] -- Detecting CXX compiler ABI info - done
[0.345s] -- Check for working CXX compiler: /usr/bin/c++ - skipped
[0.345s] -- Detecting CXX compile features
[0.346s] -- Detecting CXX compile features - done
[0.347s] -- Found ament_cmake: 1.3.12 (/opt/ros/humble/share/ament_cmake/cmake)
[0.505s] -- Found Python3: /usr/bin/python3 (found version "3.10.6") found components: Interpreter 
[0.588s] -- Found rosidl_default_generators: 1.2.0 (/opt/ros/humble/share/rosidl_default_generators/cmake)
[0.592s] -- Using all available rosidl_typesupport_c: rosidl_typesupport_fastrtps_c;rosidl_typesupport_introspection_c
[0.596s] -- Found rosidl_adapter: 3.1.7 (/opt/ros/humble/share/rosidl_adapter/cmake)
[0.628s] -- Using all available rosidl_typesupport_cpp: rosidl_typesupport_fastrtps_cpp;rosidl_typesupport_introspection_cpp
[0.657s] -- Found std_msgs: 4.9.0 (/opt/ros/humble/share/std_msgs/cmake)
[1.045s] -- Found ament_cmake_ros: 0.10.0 (/opt/ros/humble/share/ament_cmake_ros/cmake)
[1.279s] -- Using all available rosidl_typesupport_c: rosidl_typesupport_fastrtps_c;rosidl_typesupport_introspection_c
[1.582s] -- Using all available rosidl_typesupport_cpp: rosidl_typesupport_fastrtps_cpp;rosidl_typesupport_introspection_cpp
[1.607s] -- Found PythonInterp: /usr/bin/python3 (found suitable version "3.10.6", minimum required is "3.6") 
[1.608s] -- Found python_cmake_module: 0.10.0 (/opt/ros/humble/share/python_cmake_module/cmake)
[1.636s] -- Found PythonLibs: /usr/lib/x86_64-linux-gnu/libpython3.10.so (found suitable version "3.10.6", minimum required is "3.5") 
[1.636s] -- Using PYTHON_EXECUTABLE: /usr/bin/python3
[1.636s] -- Using PYTHON_INCLUDE_DIRS: /usr/include/python3.10
[1.636s] -- Using PYTHON_LIBRARIES: /usr/lib/x86_64-linux-gnu/libpython3.10.so
[1.659s] -- Found PythonExtra: .so  
[1.723s] -- Configuring done
[1.801s] -- Generating done
[1.814s] -- Build files have been written to: /home/linjiawei/load_mcap/build/rviz_plug_msg
[1.823s] Invoked command in '/home/linjiawei/load_mcap/build/rviz_plug_msg' returned '0': CMAKE_PREFIX_PATH=${CMAKE_PREFIX_PATH}:/opt/ros/humble /usr/bin/cmake /home/linjiawei/load_mcap/src/rviz_plug_msg -DCMAKE_INSTALL_PREFIX=/home/linjiawei/load_mcap/install/rviz_plug_msg
[1.824s] Invoking command in '/home/linjiawei/load_mcap/build/rviz_plug_msg': CMAKE_PREFIX_PATH=${CMAKE_PREFIX_PATH}:/opt/ros/humble /usr/bin/cmake --build /home/linjiawei/load_mcap/build/rviz_plug_msg -- -j17 -l17
[1.865s] [  1%] [34m[1mGenerating C code for ROS interfaces[0m
[1.876s] [  2%] [34m[1mGenerating C++ code for ROS interfaces[0m
[1.883s] [  2%] Built target ament_cmake_python_copy_rviz_plug_msg
[2.142s] running egg_info
[2.143s] creating rviz_plug_msg.egg-info
[2.143s] writing rviz_plug_msg.egg-info/PKG-INFO
[2.143s] writing dependency_links to rviz_plug_msg.egg-info/dependency_links.txt
[2.143s] writing top-level names to rviz_plug_msg.egg-info/top_level.txt
[2.143s] writing manifest file 'rviz_plug_msg.egg-info/SOURCES.txt'
[2.151s] reading manifest file 'rviz_plug_msg.egg-info/SOURCES.txt'
[2.151s] writing manifest file 'rviz_plug_msg.egg-info/SOURCES.txt'
[2.197s] [  2%] Built target ament_cmake_python_build_rviz_plug_msg_egg
[2.862s] [  3%] [32mBuilding C object CMakeFiles/rviz_plug_msg__rosidl_generator_c.dir/rosidl_generator_c/rviz_plug_msg/msg/detail/bywire_diag__functions.c.o[0m
[2.870s] [  4%] [32mBuilding C object CMakeFiles/rviz_plug_msg__rosidl_generator_c.dir/rosidl_generator_c/rviz_plug_msg/msg/detail/bywire_msg_type__functions.c.o[0m
[2.877s] [  5%] [32mBuilding C object CMakeFiles/rviz_plug_msg__rosidl_generator_c.dir/rosidl_generator_c/rviz_plug_msg/msg/detail/exception_monitor__functions.c.o[0m
[2.880s] [  6%] [32mBuilding C object CMakeFiles/rviz_plug_msg__rosidl_generator_c.dir/rosidl_generator_c/rviz_plug_msg/msg/detail/error_enum__functions.c.o[0m
[2.886s] [  8%] [32mBuilding C object CMakeFiles/rviz_plug_msg__rosidl_generator_c.dir/rosidl_generator_c/rviz_plug_msg/msg/detail/freq__functions.c.o[0m
[2.891s] [  9%] [32mBuilding C object CMakeFiles/rviz_plug_msg__rosidl_generator_c.dir/rosidl_generator_c/rviz_plug_msg/msg/detail/freq_monitor__functions.c.o[0m
[2.891s] [  9%] Built target rviz_plug_msg__cpp
[2.892s] [ 10%] [32mBuilding C object CMakeFiles/rviz_plug_msg__rosidl_generator_c.dir/rosidl_generator_c/rviz_plug_msg/msg/detail/status_enum__functions.c.o[0m
[2.903s] [ 11%] [32mBuilding C object CMakeFiles/rviz_plug_msg__rosidl_generator_c.dir/rosidl_generator_c/rviz_plug_msg/msg/detail/info_enum__functions.c.o[0m
[2.930s] [ 12%] [34m[1mGenerating C++ type support for eProsima Fast-RTPS[0m
[2.942s] [ 13%] [34m[1mGenerating C++ introspection for ROS interfaces[0m
[2.945s] [ 14%] [34m[1mGenerating C++ type support dispatch for ROS interfaces[0m
[2.971s] [ 16%] [32m[1mLinking C shared library librviz_plug_msg__rosidl_generator_c.so[0m
[3.023s] [ 16%] Built target rviz_plug_msg__rosidl_generator_c
[3.035s] [ 17%] [34m[1mGenerating C type support for eProsima Fast-RTPS[0m
[3.044s] [ 18%] [34m[1mGenerating C introspection for ROS interfaces[0m
[3.054s] [ 19%] [34m[1mGenerating C type support dispatch for ROS interfaces[0m
[3.862s] [ 20%] [32mBuilding CXX object CMakeFiles/rviz_plug_msg__rosidl_typesupport_cpp.dir/rosidl_typesupport_cpp/rviz_plug_msg/msg/bywire_diag__type_support.cpp.o[0m
[3.881s] [ 21%] [32mBuilding CXX object CMakeFiles/rviz_plug_msg__rosidl_typesupport_cpp.dir/rosidl_typesupport_cpp/rviz_plug_msg/msg/bywire_msg_type__type_support.cpp.o[0m
[3.888s] [ 22%] [32mBuilding CXX object CMakeFiles/rviz_plug_msg__rosidl_typesupport_cpp.dir/rosidl_typesupport_cpp/rviz_plug_msg/msg/exception_monitor__type_support.cpp.o[0m
[3.892s] [ 24%] [32mBuilding CXX object CMakeFiles/rviz_plug_msg__rosidl_typesupport_cpp.dir/rosidl_typesupport_cpp/rviz_plug_msg/msg/error_enum__type_support.cpp.o[0m
[3.904s] [ 25%] [32mBuilding CXX object CMakeFiles/rviz_plug_msg__rosidl_typesupport_cpp.dir/rosidl_typesupport_cpp/rviz_plug_msg/msg/freq__type_support.cpp.o[0m
[3.912s] [ 26%] [32mBuilding CXX object CMakeFiles/rviz_plug_msg__rosidl_typesupport_cpp.dir/rosidl_typesupport_cpp/rviz_plug_msg/msg/freq_monitor__type_support.cpp.o[0m
[3.953s] [ 27%] [32mBuilding CXX object CMakeFiles/rviz_plug_msg__rosidl_typesupport_c.dir/rosidl_typesupport_c/rviz_plug_msg/msg/bywire_diag__type_support.cpp.o[0m
[3.957s] [ 29%] [32mBuilding CXX object CMakeFiles/rviz_plug_msg__rosidl_typesupport_c.dir/rosidl_typesupport_c/rviz_plug_msg/msg/bywire_msg_type__type_support.cpp.o[0m
[3.959s] [ 29%] [32mBuilding CXX object CMakeFiles/rviz_plug_msg__rosidl_typesupport_c.dir/rosidl_typesupport_c/rviz_plug_msg/msg/exception_monitor__type_support.cpp.o[0m
[3.965s] [ 31%] [32mBuilding CXX object CMakeFiles/rviz_plug_msg__rosidl_typesupport_c.dir/rosidl_typesupport_c/rviz_plug_msg/msg/error_enum__type_support.cpp.o[0m
[3.982s] [ 32%] [32mBuilding CXX object CMakeFiles/rviz_plug_msg__rosidl_typesupport_c.dir/rosidl_typesupport_c/rviz_plug_msg/msg/freq__type_support.cpp.o[0m
[4.001s] [ 33%] [32mBuilding CXX object CMakeFiles/rviz_plug_msg__rosidl_typesupport_introspection_cpp.dir/rosidl_typesupport_introspection_cpp/rviz_plug_msg/msg/detail/bywire_diag__type_support.cpp.o[0m
[4.009s] [ 34%] [32mBuilding CXX object CMakeFiles/rviz_plug_msg__rosidl_typesupport_cpp.dir/rosidl_typesupport_cpp/rviz_plug_msg/msg/info_enum__type_support.cpp.o[0m
[4.039s] [ 35%] [32mBuilding CXX object CMakeFiles/rviz_plug_msg__rosidl_typesupport_fastrtps_cpp.dir/rosidl_typesupport_fastrtps_cpp/rviz_plug_msg/msg/detail/dds_fastrtps/bywire_diag__type_support.cpp.o[0m
[4.044s] [ 36%] [32mBuilding CXX object CMakeFiles/rviz_plug_msg__rosidl_typesupport_introspection_cpp.dir/rosidl_typesupport_introspection_cpp/rviz_plug_msg/msg/detail/bywire_msg_type__type_support.cpp.o[0m
[4.093s] [ 37%] [32mBuilding CXX object CMakeFiles/rviz_plug_msg__rosidl_typesupport_introspection_cpp.dir/rosidl_typesupport_introspection_cpp/rviz_plug_msg/msg/detail/error_enum__type_support.cpp.o[0m
[4.122s] [ 39%] [32mBuilding CXX object CMakeFiles/rviz_plug_msg__rosidl_typesupport_fastrtps_cpp.dir/rosidl_typesupport_fastrtps_cpp/rviz_plug_msg/msg/detail/dds_fastrtps/bywire_msg_type__type_support.cpp.o[0m
[4.147s] [ 40%] [32mBuilding CXX object CMakeFiles/rviz_plug_msg__rosidl_typesupport_introspection_cpp.dir/rosidl_typesupport_introspection_cpp/rviz_plug_msg/msg/detail/exception_monitor__type_support.cpp.o[0m
[4.161s] [ 41%] [32mBuilding CXX object CMakeFiles/rviz_plug_msg__rosidl_typesupport_c.dir/rosidl_typesupport_c/rviz_plug_msg/msg/freq_monitor__type_support.cpp.o[0m
[4.207s] [ 42%] [32mBuilding CXX object CMakeFiles/rviz_plug_msg__rosidl_typesupport_c.dir/rosidl_typesupport_c/rviz_plug_msg/msg/info_enum__type_support.cpp.o[0m
[4.296s] [ 43%] [32mBuilding CXX object CMakeFiles/rviz_plug_msg__rosidl_typesupport_fastrtps_cpp.dir/rosidl_typesupport_fastrtps_cpp/rviz_plug_msg/msg/detail/dds_fastrtps/error_enum__type_support.cpp.o[0m
[4.304s] [ 44%] [32mBuilding CXX object CMakeFiles/rviz_plug_msg__rosidl_typesupport_c.dir/rosidl_typesupport_c/rviz_plug_msg/msg/status_enum__type_support.cpp.o[0m
[4.314s] [ 45%] [32mBuilding CXX object CMakeFiles/rviz_plug_msg__rosidl_typesupport_cpp.dir/rosidl_typesupport_cpp/rviz_plug_msg/msg/status_enum__type_support.cpp.o[0m
[4.338s] [ 47%] [32mBuilding CXX object CMakeFiles/rviz_plug_msg__rosidl_typesupport_introspection_cpp.dir/rosidl_typesupport_introspection_cpp/rviz_plug_msg/msg/detail/freq__type_support.cpp.o[0m
[4.342s] [ 48%] [32mBuilding CXX object CMakeFiles/rviz_plug_msg__rosidl_typesupport_fastrtps_cpp.dir/rosidl_typesupport_fastrtps_cpp/rviz_plug_msg/msg/detail/dds_fastrtps/exception_monitor__type_support.cpp.o[0m
[4.418s] [ 49%] [32mBuilding CXX object CMakeFiles/rviz_plug_msg__rosidl_typesupport_fastrtps_c.dir/rosidl_typesupport_fastrtps_c/rviz_plug_msg/msg/detail/bywire_diag__type_support_c.cpp.o[0m
[4.418s] [ 50%] [32mBuilding C object CMakeFiles/rviz_plug_msg__rosidl_typesupport_introspection_c.dir/rosidl_typesupport_introspection_c/rviz_plug_msg/msg/detail/bywire_diag__type_support.c.o[0m
[4.434s] [ 51%] [32m[1mLinking CXX shared library librviz_plug_msg__rosidl_typesupport_c.so[0m
[4.466s] [ 52%] [32mBuilding CXX object CMakeFiles/rviz_plug_msg__rosidl_typesupport_fastrtps_c.dir/rosidl_typesupport_fastrtps_c/rviz_plug_msg/msg/detail/bywire_msg_type__type_support_c.cpp.o[0m
[4.514s] [ 54%] [32mBuilding CXX object CMakeFiles/rviz_plug_msg__rosidl_typesupport_fastrtps_c.dir/rosidl_typesupport_fastrtps_c/rviz_plug_msg/msg/detail/error_enum__type_support_c.cpp.o[0m
[4.533s] [ 55%] [32mBuilding C object CMakeFiles/rviz_plug_msg__rosidl_typesupport_introspection_c.dir/rosidl_typesupport_introspection_c/rviz_plug_msg/msg/detail/bywire_msg_type__type_support.c.o[0m
[4.574s] [ 56%] [32mBuilding CXX object CMakeFiles/rviz_plug_msg__rosidl_typesupport_introspection_cpp.dir/rosidl_typesupport_introspection_cpp/rviz_plug_msg/msg/detail/freq_monitor__type_support.cpp.o[0m
[4.590s] [ 57%] [32mBuilding C object CMakeFiles/rviz_plug_msg__rosidl_typesupport_introspection_c.dir/rosidl_typesupport_introspection_c/rviz_plug_msg/msg/detail/error_enum__type_support.c.o[0m
[4.599s] [ 58%] [32mBuilding C object CMakeFiles/rviz_plug_msg__rosidl_typesupport_introspection_c.dir/rosidl_typesupport_introspection_c/rviz_plug_msg/msg/detail/exception_monitor__type_support.c.o[0m
[4.604s] [ 58%] Built target rviz_plug_msg__rosidl_typesupport_c
[4.618s] [ 59%] [32mBuilding CXX object CMakeFiles/rviz_plug_msg__rosidl_typesupport_fastrtps_cpp.dir/rosidl_typesupport_fastrtps_cpp/rviz_plug_msg/msg/detail/dds_fastrtps/freq_monitor__type_support.cpp.o[0m
[4.632s] [ 60%] [32mBuilding CXX object CMakeFiles/rviz_plug_msg__rosidl_typesupport_fastrtps_cpp.dir/rosidl_typesupport_fastrtps_cpp/rviz_plug_msg/msg/detail/dds_fastrtps/freq__type_support.cpp.o[0m
[4.695s] [ 62%] [32mBuilding CXX object CMakeFiles/rviz_plug_msg__rosidl_typesupport_fastrtps_cpp.dir/rosidl_typesupport_fastrtps_cpp/rviz_plug_msg/msg/detail/dds_fastrtps/info_enum__type_support.cpp.o[0m
[4.702s] [ 63%] [32mBuilding CXX object CMakeFiles/rviz_plug_msg__rosidl_typesupport_introspection_cpp.dir/rosidl_typesupport_introspection_cpp/rviz_plug_msg/msg/detail/info_enum__type_support.cpp.o[0m
[4.730s] [ 64%] [32mBuilding C object CMakeFiles/rviz_plug_msg__rosidl_typesupport_introspection_c.dir/rosidl_typesupport_introspection_c/rviz_plug_msg/msg/detail/freq__type_support.c.o[0m
[4.746s] [ 65%] [32mBuilding CXX object CMakeFiles/rviz_plug_msg__rosidl_typesupport_introspection_cpp.dir/rosidl_typesupport_introspection_cpp/rviz_plug_msg/msg/detail/status_enum__type_support.cpp.o[0m
[4.861s] [ 66%] [32mBuilding C object CMakeFiles/rviz_plug_msg__rosidl_typesupport_introspection_c.dir/rosidl_typesupport_introspection_c/rviz_plug_msg/msg/detail/freq_monitor__type_support.c.o[0m
[4.867s] [ 67%] [32mBuilding CXX object CMakeFiles/rviz_plug_msg__rosidl_typesupport_fastrtps_c.dir/rosidl_typesupport_fastrtps_c/rviz_plug_msg/msg/detail/exception_monitor__type_support_c.cpp.o[0m
[4.870s] [ 68%] [32mBuilding CXX object CMakeFiles/rviz_plug_msg__rosidl_typesupport_fastrtps_cpp.dir/rosidl_typesupport_fastrtps_cpp/rviz_plug_msg/msg/detail/dds_fastrtps/status_enum__type_support.cpp.o[0m
[4.911s] [ 70%] [32m[1mLinking CXX shared library librviz_plug_msg__rosidl_typesupport_cpp.so[0m
[4.954s] [ 71%] [32mBuilding C object CMakeFiles/rviz_plug_msg__rosidl_typesupport_introspection_c.dir/rosidl_typesupport_introspection_c/rviz_plug_msg/msg/detail/info_enum__type_support.c.o[0m
[4.957s] [ 72%] [32mBuilding CXX object CMakeFiles/rviz_plug_msg__rosidl_typesupport_fastrtps_c.dir/rosidl_typesupport_fastrtps_c/rviz_plug_msg/msg/detail/freq__type_support_c.cpp.o[0m
[4.963s] [ 73%] [32mBuilding CXX object CMakeFiles/rviz_plug_msg__rosidl_typesupport_fastrtps_c.dir/rosidl_typesupport_fastrtps_c/rviz_plug_msg/msg/detail/freq_monitor__type_support_c.cpp.o[0m
[4.971s] [ 74%] [32mBuilding C object CMakeFiles/rviz_plug_msg__rosidl_typesupport_introspection_c.dir/rosidl_typesupport_introspection_c/rviz_plug_msg/msg/detail/status_enum__type_support.c.o[0m
[5.014s] [ 75%] [32mBuilding CXX object CMakeFiles/rviz_plug_msg__rosidl_typesupport_fastrtps_c.dir/rosidl_typesupport_fastrtps_c/rviz_plug_msg/msg/detail/status_enum__type_support_c.cpp.o[0m
[5.022s] [ 77%] [32mBuilding CXX object CMakeFiles/rviz_plug_msg__rosidl_typesupport_fastrtps_c.dir/rosidl_typesupport_fastrtps_c/rviz_plug_msg/msg/detail/info_enum__type_support_c.cpp.o[0m
[5.064s] [ 77%] Built target rviz_plug_msg__rosidl_typesupport_cpp
[5.132s] [ 78%] [32m[1mLinking C shared library librviz_plug_msg__rosidl_typesupport_introspection_c.so[0m
[5.249s] [ 78%] Built target rviz_plug_msg__rosidl_typesupport_introspection_c
[5.444s] [ 79%] [32m[1mLinking CXX shared library librviz_plug_msg__rosidl_typesupport_introspection_cpp.so[0m
[5.503s] [ 80%] [32m[1mLinking CXX shared library librviz_plug_msg__rosidl_typesupport_fastrtps_cpp.so[0m
[5.522s] [ 81%] [32m[1mLinking CXX shared library librviz_plug_msg__rosidl_typesupport_fastrtps_c.so[0m
[5.631s] [ 81%] Built target rviz_plug_msg__rosidl_typesupport_introspection_cpp
[5.754s] [ 81%] Built target rviz_plug_msg__rosidl_typesupport_fastrtps_cpp
[5.757s] [ 81%] Built target rviz_plug_msg__rosidl_typesupport_fastrtps_c
[5.849s] [ 81%] Built target rviz_plug_msg
[5.902s] [ 82%] [34m[1mGenerating Python code for ROS interfaces[0m
[7.780s] [ 82%] Built target rviz_plug_msg__py
[7.803s] [ 83%] [32mBuilding C object CMakeFiles/rviz_plug_msg__rosidl_generator_py.dir/rosidl_generator_py/rviz_plug_msg/msg/_bywire_msg_type_s.c.o[0m
[7.803s] [ 86%] [32mBuilding C object CMakeFiles/rviz_plug_msg__rosidl_generator_py.dir/rosidl_generator_py/rviz_plug_msg/msg/_bywire_diag_s.c.o[0m
[7.803s] [ 86%] [32mBuilding C object CMakeFiles/rviz_plug_msg__rosidl_generator_py.dir/rosidl_generator_py/rviz_plug_msg/msg/_error_enum_s.c.o[0m
[7.803s] [ 87%] [32mBuilding C object CMakeFiles/rviz_plug_msg__rosidl_generator_py.dir/rosidl_generator_py/rviz_plug_msg/msg/_freq_monitor_s.c.o[0m
[7.803s] [ 89%] [32mBuilding C object CMakeFiles/rviz_plug_msg__rosidl_generator_py.dir/rosidl_generator_py/rviz_plug_msg/msg/_info_enum_s.c.o[0m
[7.804s] [ 89%] [32mBuilding C object CMakeFiles/rviz_plug_msg__rosidl_generator_py.dir/rosidl_generator_py/rviz_plug_msg/msg/_exception_monitor_s.c.o[0m
[7.804s] [ 90%] [32mBuilding C object CMakeFiles/rviz_plug_msg__rosidl_generator_py.dir/rosidl_generator_py/rviz_plug_msg/msg/_freq_s.c.o[0m
[7.804s] [ 91%] [32mBuilding C object CMakeFiles/rviz_plug_msg__rosidl_generator_py.dir/rosidl_generator_py/rviz_plug_msg/msg/_status_enum_s.c.o[0m
[7.966s] [ 93%] [32m[1mLinking C shared library rosidl_generator_py/rviz_plug_msg/librviz_plug_msg__rosidl_generator_py.so[0m
[8.091s] [ 93%] Built target rviz_plug_msg__rosidl_generator_py
[8.198s] [ 94%] [32mBuilding C object CMakeFiles/rviz_plug_msg__rosidl_typesupport_introspection_c__pyext.dir/rosidl_generator_py/rviz_plug_msg/_rviz_plug_msg_s.ep.rosidl_typesupport_introspection_c.c.o[0m
[8.206s] [ 95%] [32mBuilding C object CMakeFiles/rviz_plug_msg__rosidl_typesupport_fastrtps_c__pyext.dir/rosidl_generator_py/rviz_plug_msg/_rviz_plug_msg_s.ep.rosidl_typesupport_fastrtps_c.c.o[0m
[8.218s] [ 96%] [32mBuilding C object CMakeFiles/rviz_plug_msg__rosidl_typesupport_c__pyext.dir/rosidl_generator_py/rviz_plug_msg/_rviz_plug_msg_s.ep.rosidl_typesupport_c.c.o[0m
[8.373s] [ 97%] [32m[1mLinking C shared library rosidl_generator_py/rviz_plug_msg/rviz_plug_msg_s__rosidl_typesupport_fastrtps_c.cpython-310-x86_64-linux-gnu.so[0m
[8.387s] [ 98%] [32m[1mLinking C shared library rosidl_generator_py/rviz_plug_msg/rviz_plug_msg_s__rosidl_typesupport_c.cpython-310-x86_64-linux-gnu.so[0m
[8.419s] [100%] [32m[1mLinking C shared library rosidl_generator_py/rviz_plug_msg/rviz_plug_msg_s__rosidl_typesupport_introspection_c.cpython-310-x86_64-linux-gnu.so[0m
[8.495s] [100%] Built target rviz_plug_msg__rosidl_typesupport_fastrtps_c__pyext
[8.552s] [100%] Built target rviz_plug_msg__rosidl_typesupport_c__pyext
[8.558s] [100%] Built target rviz_plug_msg__rosidl_typesupport_introspection_c__pyext
[8.580s] Invoked command in '/home/linjiawei/load_mcap/build/rviz_plug_msg' returned '0': CMAKE_PREFIX_PATH=${CMAKE_PREFIX_PATH}:/opt/ros/humble /usr/bin/cmake --build /home/linjiawei/load_mcap/build/rviz_plug_msg -- -j17 -l17
[8.583s] Invoking command in '/home/linjiawei/load_mcap/build/rviz_plug_msg': CMAKE_PREFIX_PATH=${CMAKE_PREFIX_PATH}:/opt/ros/humble /usr/bin/cmake --install /home/linjiawei/load_mcap/build/rviz_plug_msg
[8.596s] -- Install configuration: ""
[8.596s] -- Installing: /home/linjiawei/load_mcap/install/rviz_plug_msg/share/ament_index/resource_index/rosidl_interfaces/rviz_plug_msg
[8.596s] -- Installing: /home/linjiawei/load_mcap/install/rviz_plug_msg/include/rviz_plug_msg/rviz_plug_msg
[8.596s] -- Installing: /home/linjiawei/load_mcap/install/rviz_plug_msg/include/rviz_plug_msg/rviz_plug_msg/msg
[8.596s] -- Installing: /home/linjiawei/load_mcap/install/rviz_plug_msg/include/rviz_plug_msg/rviz_plug_msg/msg/rosidl_generator_c__visibility_control.h
[8.596s] -- Installing: /home/linjiawei/load_mcap/install/rviz_plug_msg/include/rviz_plug_msg/rviz_plug_msg/msg/bywire_diag.h
[8.596s] -- Installing: /home/linjiawei/load_mcap/install/rviz_plug_msg/include/rviz_plug_msg/rviz_plug_msg/msg/detail
[8.596s] -- Installing: /home/linjiawei/load_mcap/install/rviz_plug_msg/include/rviz_plug_msg/rviz_plug_msg/msg/detail/bywire_diag__functions.c
[8.596s] -- Installing: /home/linjiawei/load_mcap/install/rviz_plug_msg/include/rviz_plug_msg/rviz_plug_msg/msg/detail/bywire_diag__functions.h
[8.596s] -- Installing: /home/linjiawei/load_mcap/install/rviz_plug_msg/include/rviz_plug_msg/rviz_plug_msg/msg/detail/bywire_diag__struct.h
[8.596s] -- Installing: /home/linjiawei/load_mcap/install/rviz_plug_msg/include/rviz_plug_msg/rviz_plug_msg/msg/detail/bywire_diag__type_support.h
[8.596s] -- Installing: /home/linjiawei/load_mcap/install/rviz_plug_msg/include/rviz_plug_msg/rviz_plug_msg/msg/detail/bywire_msg_type__functions.c
[8.596s] -- Installing: /home/linjiawei/load_mcap/install/rviz_plug_msg/include/rviz_plug_msg/rviz_plug_msg/msg/detail/bywire_msg_type__functions.h
[8.597s] -- Installing: /home/linjiawei/load_mcap/install/rviz_plug_msg/include/rviz_plug_msg/rviz_plug_msg/msg/detail/bywire_msg_type__struct.h
[8.597s] -- Installing: /home/linjiawei/load_mcap/install/rviz_plug_msg/include/rviz_plug_msg/rviz_plug_msg/msg/detail/bywire_msg_type__type_support.h
[8.597s] -- Installing: /home/linjiawei/load_mcap/install/rviz_plug_msg/include/rviz_plug_msg/rviz_plug_msg/msg/detail/error_enum__functions.c
[8.597s] -- Installing: /home/linjiawei/load_mcap/install/rviz_plug_msg/include/rviz_plug_msg/rviz_plug_msg/msg/detail/error_enum__functions.h
[8.639s] -- Installing: /home/linjiawei/load_mcap/install/rviz_plug_msg/include/rviz_plug_msg/rviz_plug_msg/msg/detail/error_enum__struct.h
[8.639s] -- Installing: /home/linjiawei/load_mcap/install/rviz_plug_msg/include/rviz_plug_msg/rviz_plug_msg/msg/detail/error_enum__type_support.h
[8.640s] -- Installing: /home/linjiawei/load_mcap/install/rviz_plug_msg/include/rviz_plug_msg/rviz_plug_msg/msg/detail/exception_monitor__functions.c
[8.640s] -- Installing: /home/linjiawei/load_mcap/install/rviz_plug_msg/include/rviz_plug_msg/rviz_plug_msg/msg/detail/exception_monitor__functions.h
[8.640s] -- Installing: /home/linjiawei/load_mcap/install/rviz_plug_msg/include/rviz_plug_msg/rviz_plug_msg/msg/detail/exception_monitor__struct.h
[8.640s] -- Installing: /home/linjiawei/load_mcap/install/rviz_plug_msg/include/rviz_plug_msg/rviz_plug_msg/msg/detail/exception_monitor__type_support.h
[8.640s] -- Installing: /home/linjiawei/load_mcap/install/rviz_plug_msg/include/rviz_plug_msg/rviz_plug_msg/msg/detail/freq__functions.c
[8.640s] -- Installing: /home/linjiawei/load_mcap/install/rviz_plug_msg/include/rviz_plug_msg/rviz_plug_msg/msg/detail/freq__functions.h
[8.640s] -- Installing: /home/linjiawei/load_mcap/install/rviz_plug_msg/include/rviz_plug_msg/rviz_plug_msg/msg/detail/freq__struct.h
[8.640s] -- Installing: /home/linjiawei/load_mcap/install/rviz_plug_msg/include/rviz_plug_msg/rviz_plug_msg/msg/detail/freq__type_support.h
[8.640s] -- Installing: /home/linjiawei/load_mcap/install/rviz_plug_msg/include/rviz_plug_msg/rviz_plug_msg/msg/detail/freq_monitor__functions.c
[8.640s] -- Installing: /home/linjiawei/load_mcap/install/rviz_plug_msg/include/rviz_plug_msg/rviz_plug_msg/msg/detail/freq_monitor__functions.h
[8.640s] -- Installing: /home/linjiawei/load_mcap/install/rviz_plug_msg/include/rviz_plug_msg/rviz_plug_msg/msg/detail/freq_monitor__struct.h
[8.640s] -- Installing: /home/linjiawei/load_mcap/install/rviz_plug_msg/include/rviz_plug_msg/rviz_plug_msg/msg/detail/freq_monitor__type_support.h
[8.641s] -- Installing: /home/linjiawei/load_mcap/install/rviz_plug_msg/include/rviz_plug_msg/rviz_plug_msg/msg/detail/info_enum__functions.c
[8.641s] -- Installing: /home/linjiawei/load_mcap/install/rviz_plug_msg/include/rviz_plug_msg/rviz_plug_msg/msg/detail/info_enum__functions.h
[8.641s] -- Installing: /home/linjiawei/load_mcap/install/rviz_plug_msg/include/rviz_plug_msg/rviz_plug_msg/msg/detail/info_enum__struct.h
[8.641s] -- Installing: /home/linjiawei/load_mcap/install/rviz_plug_msg/include/rviz_plug_msg/rviz_plug_msg/msg/detail/info_enum__type_support.h
[8.641s] -- Installing: /home/linjiawei/load_mcap/install/rviz_plug_msg/include/rviz_plug_msg/rviz_plug_msg/msg/detail/status_enum__functions.c
[8.641s] -- Installing: /home/linjiawei/load_mcap/install/rviz_plug_msg/include/rviz_plug_msg/rviz_plug_msg/msg/detail/status_enum__functions.h
[8.641s] -- Installing: /home/linjiawei/load_mcap/install/rviz_plug_msg/include/rviz_plug_msg/rviz_plug_msg/msg/detail/status_enum__struct.h
[8.641s] -- Installing: /home/linjiawei/load_mcap/install/rviz_plug_msg/include/rviz_plug_msg/rviz_plug_msg/msg/detail/status_enum__type_support.h
[8.641s] -- Installing: /home/linjiawei/load_mcap/install/rviz_plug_msg/include/rviz_plug_msg/rviz_plug_msg/msg/bywire_msg_type.h
[8.641s] -- Installing: /home/linjiawei/load_mcap/install/rviz_plug_msg/include/rviz_plug_msg/rviz_plug_msg/msg/error_enum.h
[8.641s] -- Installing: /home/linjiawei/load_mcap/install/rviz_plug_msg/include/rviz_plug_msg/rviz_plug_msg/msg/exception_monitor.h
[8.641s] -- Installing: /home/linjiawei/load_mcap/install/rviz_plug_msg/include/rviz_plug_msg/rviz_plug_msg/msg/freq.h
[8.641s] -- Installing: /home/linjiawei/load_mcap/install/rviz_plug_msg/include/rviz_plug_msg/rviz_plug_msg/msg/freq_monitor.h
[8.642s] -- Installing: /home/linjiawei/load_mcap/install/rviz_plug_msg/include/rviz_plug_msg/rviz_plug_msg/msg/info_enum.h
[8.642s] -- Installing: /home/linjiawei/load_mcap/install/rviz_plug_msg/include/rviz_plug_msg/rviz_plug_msg/msg/status_enum.h
[8.642s] -- Installing: /home/linjiawei/load_mcap/install/rviz_plug_msg/share/rviz_plug_msg/environment/library_path.sh
[8.642s] -- Installing: /home/linjiawei/load_mcap/install/rviz_plug_msg/share/rviz_plug_msg/environment/library_path.dsv
[8.642s] -- Installing: /home/linjiawei/load_mcap/install/rviz_plug_msg/lib/librviz_plug_msg__rosidl_generator_c.so
[8.642s] -- Set runtime path of "/home/linjiawei/load_mcap/install/rviz_plug_msg/lib/librviz_plug_msg__rosidl_generator_c.so" to ""
[8.642s] -- Up-to-date: /home/linjiawei/load_mcap/install/rviz_plug_msg/include/rviz_plug_msg/rviz_plug_msg
[8.642s] -- Up-to-date: /home/linjiawei/load_mcap/install/rviz_plug_msg/include/rviz_plug_msg/rviz_plug_msg/msg
[8.642s] -- Installing: /home/linjiawei/load_mcap/install/rviz_plug_msg/include/rviz_plug_msg/rviz_plug_msg/msg/rosidl_typesupport_fastrtps_c__visibility_control.h
[8.642s] -- Up-to-date: /home/linjiawei/load_mcap/install/rviz_plug_msg/include/rviz_plug_msg/rviz_plug_msg/msg/detail
[8.643s] -- Installing: /home/linjiawei/load_mcap/install/rviz_plug_msg/include/rviz_plug_msg/rviz_plug_msg/msg/detail/bywire_diag__rosidl_typesupport_fastrtps_c.h
[8.643s] -- Installing: /home/linjiawei/load_mcap/install/rviz_plug_msg/include/rviz_plug_msg/rviz_plug_msg/msg/detail/bywire_msg_type__rosidl_typesupport_fastrtps_c.h
[8.643s] -- Installing: /home/linjiawei/load_mcap/install/rviz_plug_msg/include/rviz_plug_msg/rviz_plug_msg/msg/detail/error_enum__rosidl_typesupport_fastrtps_c.h
[8.643s] -- Installing: /home/linjiawei/load_mcap/install/rviz_plug_msg/include/rviz_plug_msg/rviz_plug_msg/msg/detail/exception_monitor__rosidl_typesupport_fastrtps_c.h
[8.643s] -- Installing: /home/linjiawei/load_mcap/install/rviz_plug_msg/include/rviz_plug_msg/rviz_plug_msg/msg/detail/freq__rosidl_typesupport_fastrtps_c.h
[8.643s] -- Installing: /home/linjiawei/load_mcap/install/rviz_plug_msg/include/rviz_plug_msg/rviz_plug_msg/msg/detail/freq_monitor__rosidl_typesupport_fastrtps_c.h
[8.643s] -- Installing: /home/linjiawei/load_mcap/install/rviz_plug_msg/include/rviz_plug_msg/rviz_plug_msg/msg/detail/info_enum__rosidl_typesupport_fastrtps_c.h
[8.643s] -- Installing: /home/linjiawei/load_mcap/install/rviz_plug_msg/include/rviz_plug_msg/rviz_plug_msg/msg/detail/status_enum__rosidl_typesupport_fastrtps_c.h
[8.643s] -- Installing: /home/linjiawei/load_mcap/install/rviz_plug_msg/lib/librviz_plug_msg__rosidl_typesupport_fastrtps_c.so
[8.643s] -- Set runtime path of "/home/linjiawei/load_mcap/install/rviz_plug_msg/lib/librviz_plug_msg__rosidl_typesupport_fastrtps_c.so" to ""
[8.643s] -- Up-to-date: /home/linjiawei/load_mcap/install/rviz_plug_msg/include/rviz_plug_msg/rviz_plug_msg
[8.643s] -- Up-to-date: /home/linjiawei/load_mcap/install/rviz_plug_msg/include/rviz_plug_msg/rviz_plug_msg/msg
[8.643s] -- Installing: /home/linjiawei/load_mcap/install/rviz_plug_msg/include/rviz_plug_msg/rviz_plug_msg/msg/rosidl_typesupport_introspection_c__visibility_control.h
[8.649s] -- Up-to-date: /home/linjiawei/load_mcap/install/rviz_plug_msg/include/rviz_plug_msg/rviz_plug_msg/msg/detail
[8.649s] -- Installing: /home/linjiawei/load_mcap/install/rviz_plug_msg/include/rviz_plug_msg/rviz_plug_msg/msg/detail/bywire_diag__rosidl_typesupport_introspection_c.h
[8.649s] -- Installing: /home/linjiawei/load_mcap/install/rviz_plug_msg/include/rviz_plug_msg/rviz_plug_msg/msg/detail/bywire_diag__type_support.c
[8.649s] -- Installing: /home/linjiawei/load_mcap/install/rviz_plug_msg/include/rviz_plug_msg/rviz_plug_msg/msg/detail/bywire_msg_type__rosidl_typesupport_introspection_c.h
[8.649s] -- Installing: /home/linjiawei/load_mcap/install/rviz_plug_msg/include/rviz_plug_msg/rviz_plug_msg/msg/detail/bywire_msg_type__type_support.c
[8.649s] -- Installing: /home/linjiawei/load_mcap/install/rviz_plug_msg/include/rviz_plug_msg/rviz_plug_msg/msg/detail/error_enum__rosidl_typesupport_introspection_c.h
[8.649s] -- Installing: /home/linjiawei/load_mcap/install/rviz_plug_msg/include/rviz_plug_msg/rviz_plug_msg/msg/detail/error_enum__type_support.c
[8.649s] -- Installing: /home/linjiawei/load_mcap/install/rviz_plug_msg/include/rviz_plug_msg/rviz_plug_msg/msg/detail/exception_monitor__rosidl_typesupport_introspection_c.h
[8.649s] -- Installing: /home/linjiawei/load_mcap/install/rviz_plug_msg/include/rviz_plug_msg/rviz_plug_msg/msg/detail/exception_monitor__type_support.c
[8.649s] -- Installing: /home/linjiawei/load_mcap/install/rviz_plug_msg/include/rviz_plug_msg/rviz_plug_msg/msg/detail/freq__rosidl_typesupport_introspection_c.h
[8.650s] -- Installing: /home/linjiawei/load_mcap/install/rviz_plug_msg/include/rviz_plug_msg/rviz_plug_msg/msg/detail/freq__type_support.c
[8.650s] -- Installing: /home/linjiawei/load_mcap/install/rviz_plug_msg/include/rviz_plug_msg/rviz_plug_msg/msg/detail/freq_monitor__rosidl_typesupport_introspection_c.h
[8.650s] -- Installing: /home/linjiawei/load_mcap/install/rviz_plug_msg/include/rviz_plug_msg/rviz_plug_msg/msg/detail/freq_monitor__type_support.c
[8.650s] -- Installing: /home/linjiawei/load_mcap/install/rviz_plug_msg/include/rviz_plug_msg/rviz_plug_msg/msg/detail/info_enum__rosidl_typesupport_introspection_c.h
[8.650s] -- Installing: /home/linjiawei/load_mcap/install/rviz_plug_msg/include/rviz_plug_msg/rviz_plug_msg/msg/detail/info_enum__type_support.c
[8.650s] -- Installing: /home/linjiawei/load_mcap/install/rviz_plug_msg/include/rviz_plug_msg/rviz_plug_msg/msg/detail/status_enum__rosidl_typesupport_introspection_c.h
[8.650s] -- Installing: /home/linjiawei/load_mcap/install/rviz_plug_msg/include/rviz_plug_msg/rviz_plug_msg/msg/detail/status_enum__type_support.c
[8.650s] -- Installing: /home/linjiawei/load_mcap/install/rviz_plug_msg/lib/librviz_plug_msg__rosidl_typesupport_introspection_c.so
[8.651s] -- Set runtime path of "/home/linjiawei/load_mcap/install/rviz_plug_msg/lib/librviz_plug_msg__rosidl_typesupport_introspection_c.so" to ""
[8.651s] -- Installing: /home/linjiawei/load_mcap/install/rviz_plug_msg/lib/librviz_plug_msg__rosidl_typesupport_c.so
[8.651s] -- Set runtime path of "/home/linjiawei/load_mcap/install/rviz_plug_msg/lib/librviz_plug_msg__rosidl_typesupport_c.so" to ""
[8.651s] -- Up-to-date: /home/linjiawei/load_mcap/install/rviz_plug_msg/include/rviz_plug_msg/rviz_plug_msg
[8.651s] -- Up-to-date: /home/linjiawei/load_mcap/install/rviz_plug_msg/include/rviz_plug_msg/rviz_plug_msg/msg
[8.651s] -- Installing: /home/linjiawei/load_mcap/install/rviz_plug_msg/include/rviz_plug_msg/rviz_plug_msg/msg/rosidl_generator_cpp__visibility_control.hpp
[8.651s] -- Installing: /home/linjiawei/load_mcap/install/rviz_plug_msg/include/rviz_plug_msg/rviz_plug_msg/msg/bywire_diag.hpp
[8.651s] -- Up-to-date: /home/linjiawei/load_mcap/install/rviz_plug_msg/include/rviz_plug_msg/rviz_plug_msg/msg/detail
[8.651s] -- Installing: /home/linjiawei/load_mcap/install/rviz_plug_msg/include/rviz_plug_msg/rviz_plug_msg/msg/detail/bywire_diag__builder.hpp
[8.651s] -- Installing: /home/linjiawei/load_mcap/install/rviz_plug_msg/include/rviz_plug_msg/rviz_plug_msg/msg/detail/bywire_diag__struct.hpp
[8.651s] -- Installing: /home/linjiawei/load_mcap/install/rviz_plug_msg/include/rviz_plug_msg/rviz_plug_msg/msg/detail/bywire_diag__traits.hpp
[8.652s] -- Installing: /home/linjiawei/load_mcap/install/rviz_plug_msg/include/rviz_plug_msg/rviz_plug_msg/msg/detail/bywire_diag__type_support.hpp
[8.652s] -- Installing: /home/linjiawei/load_mcap/install/rviz_plug_msg/include/rviz_plug_msg/rviz_plug_msg/msg/detail/bywire_msg_type__builder.hpp
[8.652s] -- Installing: /home/linjiawei/load_mcap/install/rviz_plug_msg/include/rviz_plug_msg/rviz_plug_msg/msg/detail/bywire_msg_type__struct.hpp
[8.652s] -- Installing: /home/linjiawei/load_mcap/install/rviz_plug_msg/include/rviz_plug_msg/rviz_plug_msg/msg/detail/bywire_msg_type__traits.hpp
[8.652s] -- Installing: /home/linjiawei/load_mcap/install/rviz_plug_msg/include/rviz_plug_msg/rviz_plug_msg/msg/detail/bywire_msg_type__type_support.hpp
[8.652s] -- Installing: /home/linjiawei/load_mcap/install/rviz_plug_msg/include/rviz_plug_msg/rviz_plug_msg/msg/detail/error_enum__builder.hpp
[8.652s] -- Installing: /home/linjiawei/load_mcap/install/rviz_plug_msg/include/rviz_plug_msg/rviz_plug_msg/msg/detail/error_enum__struct.hpp
[8.652s] -- Installing: /home/linjiawei/load_mcap/install/rviz_plug_msg/include/rviz_plug_msg/rviz_plug_msg/msg/detail/error_enum__traits.hpp
[8.652s] -- Installing: /home/linjiawei/load_mcap/install/rviz_plug_msg/include/rviz_plug_msg/rviz_plug_msg/msg/detail/error_enum__type_support.hpp
[8.652s] -- Installing: /home/linjiawei/load_mcap/install/rviz_plug_msg/include/rviz_plug_msg/rviz_plug_msg/msg/detail/exception_monitor__builder.hpp
[8.652s] -- Installing: /home/linjiawei/load_mcap/install/rviz_plug_msg/include/rviz_plug_msg/rviz_plug_msg/msg/detail/exception_monitor__struct.hpp
[8.653s] -- Installing: /home/linjiawei/load_mcap/install/rviz_plug_msg/include/rviz_plug_msg/rviz_plug_msg/msg/detail/exception_monitor__traits.hpp
[8.653s] -- Installing: /home/linjiawei/load_mcap/install/rviz_plug_msg/include/rviz_plug_msg/rviz_plug_msg/msg/detail/exception_monitor__type_support.hpp
[8.653s] -- Installing: /home/linjiawei/load_mcap/install/rviz_plug_msg/include/rviz_plug_msg/rviz_plug_msg/msg/detail/freq__builder.hpp
[8.653s] -- Installing: /home/linjiawei/load_mcap/install/rviz_plug_msg/include/rviz_plug_msg/rviz_plug_msg/msg/detail/freq__struct.hpp
[8.653s] -- Installing: /home/linjiawei/load_mcap/install/rviz_plug_msg/include/rviz_plug_msg/rviz_plug_msg/msg/detail/freq__traits.hpp
[8.653s] -- Installing: /home/linjiawei/load_mcap/install/rviz_plug_msg/include/rviz_plug_msg/rviz_plug_msg/msg/detail/freq__type_support.hpp
[8.672s] -- Installing: /home/linjiawei/load_mcap/install/rviz_plug_msg/include/rviz_plug_msg/rviz_plug_msg/msg/detail/freq_monitor__builder.hpp
[8.672s] -- Installing: /home/linjiawei/load_mcap/install/rviz_plug_msg/include/rviz_plug_msg/rviz_plug_msg/msg/detail/freq_monitor__struct.hpp
[8.672s] -- Installing: /home/linjiawei/load_mcap/install/rviz_plug_msg/include/rviz_plug_msg/rviz_plug_msg/msg/detail/freq_monitor__traits.hpp
[8.672s] -- Installing: /home/linjiawei/load_mcap/install/rviz_plug_msg/include/rviz_plug_msg/rviz_plug_msg/msg/detail/freq_monitor__type_support.hpp
[8.672s] -- Installing: /home/linjiawei/load_mcap/install/rviz_plug_msg/include/rviz_plug_msg/rviz_plug_msg/msg/detail/info_enum__builder.hpp
[8.672s] -- Installing: /home/linjiawei/load_mcap/install/rviz_plug_msg/include/rviz_plug_msg/rviz_plug_msg/msg/detail/info_enum__struct.hpp
[8.672s] -- Installing: /home/linjiawei/load_mcap/install/rviz_plug_msg/include/rviz_plug_msg/rviz_plug_msg/msg/detail/info_enum__traits.hpp
[8.673s] -- Installing: /home/linjiawei/load_mcap/install/rviz_plug_msg/include/rviz_plug_msg/rviz_plug_msg/msg/detail/info_enum__type_support.hpp
[8.673s] -- Installing: /home/linjiawei/load_mcap/install/rviz_plug_msg/include/rviz_plug_msg/rviz_plug_msg/msg/detail/status_enum__builder.hpp
[8.673s] -- Installing: /home/linjiawei/load_mcap/install/rviz_plug_msg/include/rviz_plug_msg/rviz_plug_msg/msg/detail/status_enum__struct.hpp
[8.673s] -- Installing: /home/linjiawei/load_mcap/install/rviz_plug_msg/include/rviz_plug_msg/rviz_plug_msg/msg/detail/status_enum__traits.hpp
[8.673s] -- Installing: /home/linjiawei/load_mcap/install/rviz_plug_msg/include/rviz_plug_msg/rviz_plug_msg/msg/detail/status_enum__type_support.hpp
[8.673s] -- Installing: /home/linjiawei/load_mcap/install/rviz_plug_msg/include/rviz_plug_msg/rviz_plug_msg/msg/bywire_msg_type.hpp
[8.673s] -- Installing: /home/linjiawei/load_mcap/install/rviz_plug_msg/include/rviz_plug_msg/rviz_plug_msg/msg/error_enum.hpp
[8.673s] -- Installing: /home/linjiawei/load_mcap/install/rviz_plug_msg/include/rviz_plug_msg/rviz_plug_msg/msg/exception_monitor.hpp
[8.673s] -- Installing: /home/linjiawei/load_mcap/install/rviz_plug_msg/include/rviz_plug_msg/rviz_plug_msg/msg/freq.hpp
[8.673s] -- Installing: /home/linjiawei/load_mcap/install/rviz_plug_msg/include/rviz_plug_msg/rviz_plug_msg/msg/freq_monitor.hpp
[8.673s] -- Installing: /home/linjiawei/load_mcap/install/rviz_plug_msg/include/rviz_plug_msg/rviz_plug_msg/msg/info_enum.hpp
[8.674s] -- Installing: /home/linjiawei/load_mcap/install/rviz_plug_msg/include/rviz_plug_msg/rviz_plug_msg/msg/status_enum.hpp
[8.674s] -- Up-to-date: /home/linjiawei/load_mcap/install/rviz_plug_msg/include/rviz_plug_msg/rviz_plug_msg
[8.674s] -- Up-to-date: /home/linjiawei/load_mcap/install/rviz_plug_msg/include/rviz_plug_msg/rviz_plug_msg/msg
[8.674s] -- Installing: /home/linjiawei/load_mcap/install/rviz_plug_msg/include/rviz_plug_msg/rviz_plug_msg/msg/rosidl_typesupport_fastrtps_cpp__visibility_control.h
[8.674s] -- Up-to-date: /home/linjiawei/load_mcap/install/rviz_plug_msg/include/rviz_plug_msg/rviz_plug_msg/msg/detail
[8.674s] -- Installing: /home/linjiawei/load_mcap/install/rviz_plug_msg/include/rviz_plug_msg/rviz_plug_msg/msg/detail/bywire_diag__rosidl_typesupport_fastrtps_cpp.hpp
[8.674s] -- Installing: /home/linjiawei/load_mcap/install/rviz_plug_msg/include/rviz_plug_msg/rviz_plug_msg/msg/detail/dds_fastrtps
[8.674s] -- Installing: /home/linjiawei/load_mcap/install/rviz_plug_msg/include/rviz_plug_msg/rviz_plug_msg/msg/detail/bywire_msg_type__rosidl_typesupport_fastrtps_cpp.hpp
[8.680s] -- Installing: /home/linjiawei/load_mcap/install/rviz_plug_msg/include/rviz_plug_msg/rviz_plug_msg/msg/detail/error_enum__rosidl_typesupport_fastrtps_cpp.hpp
[8.680s] -- Installing: /home/linjiawei/load_mcap/install/rviz_plug_msg/include/rviz_plug_msg/rviz_plug_msg/msg/detail/exception_monitor__rosidl_typesupport_fastrtps_cpp.hpp
[8.680s] -- Installing: /home/linjiawei/load_mcap/install/rviz_plug_msg/include/rviz_plug_msg/rviz_plug_msg/msg/detail/freq__rosidl_typesupport_fastrtps_cpp.hpp
[8.681s] -- Installing: /home/linjiawei/load_mcap/install/rviz_plug_msg/include/rviz_plug_msg/rviz_plug_msg/msg/detail/freq_monitor__rosidl_typesupport_fastrtps_cpp.hpp
[8.681s] -- Installing: /home/linjiawei/load_mcap/install/rviz_plug_msg/include/rviz_plug_msg/rviz_plug_msg/msg/detail/info_enum__rosidl_typesupport_fastrtps_cpp.hpp
[8.681s] -- Installing: /home/linjiawei/load_mcap/install/rviz_plug_msg/include/rviz_plug_msg/rviz_plug_msg/msg/detail/status_enum__rosidl_typesupport_fastrtps_cpp.hpp
[8.681s] -- Installing: /home/linjiawei/load_mcap/install/rviz_plug_msg/lib/librviz_plug_msg__rosidl_typesupport_fastrtps_cpp.so
[8.681s] -- Set runtime path of "/home/linjiawei/load_mcap/install/rviz_plug_msg/lib/librviz_plug_msg__rosidl_typesupport_fastrtps_cpp.so" to ""
[8.681s] -- Up-to-date: /home/linjiawei/load_mcap/install/rviz_plug_msg/include/rviz_plug_msg/rviz_plug_msg
[8.681s] -- Up-to-date: /home/linjiawei/load_mcap/install/rviz_plug_msg/include/rviz_plug_msg/rviz_plug_msg/msg
[8.681s] -- Up-to-date: /home/linjiawei/load_mcap/install/rviz_plug_msg/include/rviz_plug_msg/rviz_plug_msg/msg/detail
[8.682s] -- Installing: /home/linjiawei/load_mcap/install/rviz_plug_msg/include/rviz_plug_msg/rviz_plug_msg/msg/detail/bywire_diag__rosidl_typesupport_introspection_cpp.hpp
[8.682s] -- Installing: /home/linjiawei/load_mcap/install/rviz_plug_msg/include/rviz_plug_msg/rviz_plug_msg/msg/detail/bywire_diag__type_support.cpp
[8.682s] -- Installing: /home/linjiawei/load_mcap/install/rviz_plug_msg/include/rviz_plug_msg/rviz_plug_msg/msg/detail/bywire_msg_type__rosidl_typesupport_introspection_cpp.hpp
[8.682s] -- Installing: /home/linjiawei/load_mcap/install/rviz_plug_msg/include/rviz_plug_msg/rviz_plug_msg/msg/detail/bywire_msg_type__type_support.cpp
[8.682s] -- Installing: /home/linjiawei/load_mcap/install/rviz_plug_msg/include/rviz_plug_msg/rviz_plug_msg/msg/detail/error_enum__rosidl_typesupport_introspection_cpp.hpp
[8.682s] -- Installing: /home/linjiawei/load_mcap/install/rviz_plug_msg/include/rviz_plug_msg/rviz_plug_msg/msg/detail/error_enum__type_support.cpp
[8.682s] -- Installing: /home/linjiawei/load_mcap/install/rviz_plug_msg/include/rviz_plug_msg/rviz_plug_msg/msg/detail/exception_monitor__rosidl_typesupport_introspection_cpp.hpp
[8.682s] -- Installing: /home/linjiawei/load_mcap/install/rviz_plug_msg/include/rviz_plug_msg/rviz_plug_msg/msg/detail/exception_monitor__type_support.cpp
[8.682s] -- Installing: /home/linjiawei/load_mcap/install/rviz_plug_msg/include/rviz_plug_msg/rviz_plug_msg/msg/detail/freq__rosidl_typesupport_introspection_cpp.hpp
[8.682s] -- Installing: /home/linjiawei/load_mcap/install/rviz_plug_msg/include/rviz_plug_msg/rviz_plug_msg/msg/detail/freq__type_support.cpp
[8.682s] -- Installing: /home/linjiawei/load_mcap/install/rviz_plug_msg/include/rviz_plug_msg/rviz_plug_msg/msg/detail/freq_monitor__rosidl_typesupport_introspection_cpp.hpp
[8.683s] -- Installing: /home/linjiawei/load_mcap/install/rviz_plug_msg/include/rviz_plug_msg/rviz_plug_msg/msg/detail/freq_monitor__type_support.cpp
[8.683s] -- Installing: /home/linjiawei/load_mcap/install/rviz_plug_msg/include/rviz_plug_msg/rviz_plug_msg/msg/detail/info_enum__rosidl_typesupport_introspection_cpp.hpp
[8.683s] -- Installing: /home/linjiawei/load_mcap/install/rviz_plug_msg/include/rviz_plug_msg/rviz_plug_msg/msg/detail/info_enum__type_support.cpp
[8.683s] -- Installing: /home/linjiawei/load_mcap/install/rviz_plug_msg/include/rviz_plug_msg/rviz_plug_msg/msg/detail/status_enum__rosidl_typesupport_introspection_cpp.hpp
[8.683s] -- Installing: /home/linjiawei/load_mcap/install/rviz_plug_msg/include/rviz_plug_msg/rviz_plug_msg/msg/detail/status_enum__type_support.cpp
[8.683s] -- Installing: /home/linjiawei/load_mcap/install/rviz_plug_msg/lib/librviz_plug_msg__rosidl_typesupport_introspection_cpp.so
[8.689s] -- Set runtime path of "/home/linjiawei/load_mcap/install/rviz_plug_msg/lib/librviz_plug_msg__rosidl_typesupport_introspection_cpp.so" to ""
[8.690s] -- Installing: /home/linjiawei/load_mcap/install/rviz_plug_msg/lib/librviz_plug_msg__rosidl_typesupport_cpp.so
[8.690s] -- Set runtime path of "/home/linjiawei/load_mcap/install/rviz_plug_msg/lib/librviz_plug_msg__rosidl_typesupport_cpp.so" to ""
[8.690s] -- Installing: /home/linjiawei/load_mcap/install/rviz_plug_msg/share/rviz_plug_msg/environment/pythonpath.sh
[8.690s] -- Installing: /home/linjiawei/load_mcap/install/rviz_plug_msg/share/rviz_plug_msg/environment/pythonpath.dsv
[8.690s] -- Installing: /home/linjiawei/load_mcap/install/rviz_plug_msg/local/lib/python3.10/dist-packages/rviz_plug_msg-0.0.0-py3.10.egg-info
[8.690s] -- Installing: /home/linjiawei/load_mcap/install/rviz_plug_msg/local/lib/python3.10/dist-packages/rviz_plug_msg-0.0.0-py3.10.egg-info/PKG-INFO
[8.690s] -- Installing: /home/linjiawei/load_mcap/install/rviz_plug_msg/local/lib/python3.10/dist-packages/rviz_plug_msg-0.0.0-py3.10.egg-info/dependency_links.txt
[8.690s] -- Installing: /home/linjiawei/load_mcap/install/rviz_plug_msg/local/lib/python3.10/dist-packages/rviz_plug_msg-0.0.0-py3.10.egg-info/top_level.txt
[8.690s] -- Installing: /home/linjiawei/load_mcap/install/rviz_plug_msg/local/lib/python3.10/dist-packages/rviz_plug_msg-0.0.0-py3.10.egg-info/SOURCES.txt
[8.690s] -- Installing: /home/linjiawei/load_mcap/install/rviz_plug_msg/local/lib/python3.10/dist-packages/rviz_plug_msg
[8.691s] -- Installing: /home/linjiawei/load_mcap/install/rviz_plug_msg/local/lib/python3.10/dist-packages/rviz_plug_msg/__init__.py
[8.691s] -- Installing: /home/linjiawei/load_mcap/install/rviz_plug_msg/local/lib/python3.10/dist-packages/rviz_plug_msg/msg
[8.691s] -- Installing: /home/linjiawei/load_mcap/install/rviz_plug_msg/local/lib/python3.10/dist-packages/rviz_plug_msg/msg/_bywire_diag.py
[8.691s] -- Installing: /home/linjiawei/load_mcap/install/rviz_plug_msg/local/lib/python3.10/dist-packages/rviz_plug_msg/msg/_bywire_diag_s.c
[8.691s] -- Installing: /home/linjiawei/load_mcap/install/rviz_plug_msg/local/lib/python3.10/dist-packages/rviz_plug_msg/msg/_bywire_msg_type.py
[8.691s] -- Installing: /home/linjiawei/load_mcap/install/rviz_plug_msg/local/lib/python3.10/dist-packages/rviz_plug_msg/msg/_bywire_msg_type_s.c
[8.691s] -- Installing: /home/linjiawei/load_mcap/install/rviz_plug_msg/local/lib/python3.10/dist-packages/rviz_plug_msg/msg/_error_enum.py
[8.691s] -- Installing: /home/linjiawei/load_mcap/install/rviz_plug_msg/local/lib/python3.10/dist-packages/rviz_plug_msg/msg/_error_enum_s.c
[8.691s] -- Installing: /home/linjiawei/load_mcap/install/rviz_plug_msg/local/lib/python3.10/dist-packages/rviz_plug_msg/msg/_exception_monitor.py
[8.691s] -- Installing: /home/linjiawei/load_mcap/install/rviz_plug_msg/local/lib/python3.10/dist-packages/rviz_plug_msg/msg/_exception_monitor_s.c
[8.692s] -- Installing: /home/linjiawei/load_mcap/install/rviz_plug_msg/local/lib/python3.10/dist-packages/rviz_plug_msg/msg/_freq.py
[8.692s] -- Installing: /home/linjiawei/load_mcap/install/rviz_plug_msg/local/lib/python3.10/dist-packages/rviz_plug_msg/msg/_freq_s.c
[8.692s] -- Installing: /home/linjiawei/load_mcap/install/rviz_plug_msg/local/lib/python3.10/dist-packages/rviz_plug_msg/msg/_freq_monitor.py
[8.692s] -- Installing: /home/linjiawei/load_mcap/install/rviz_plug_msg/local/lib/python3.10/dist-packages/rviz_plug_msg/msg/_freq_monitor_s.c
[8.692s] -- Installing: /home/linjiawei/load_mcap/install/rviz_plug_msg/local/lib/python3.10/dist-packages/rviz_plug_msg/msg/_info_enum.py
[8.692s] -- Installing: /home/linjiawei/load_mcap/install/rviz_plug_msg/local/lib/python3.10/dist-packages/rviz_plug_msg/msg/_info_enum_s.c
[8.701s] -- Installing: /home/linjiawei/load_mcap/install/rviz_plug_msg/local/lib/python3.10/dist-packages/rviz_plug_msg/msg/_status_enum.py
[8.701s] -- Installing: /home/linjiawei/load_mcap/install/rviz_plug_msg/local/lib/python3.10/dist-packages/rviz_plug_msg/msg/_status_enum_s.c
[8.701s] -- Installing: /home/linjiawei/load_mcap/install/rviz_plug_msg/local/lib/python3.10/dist-packages/rviz_plug_msg/msg/__init__.py
[8.701s] -- Installing: /home/linjiawei/load_mcap/install/rviz_plug_msg/local/lib/python3.10/dist-packages/rviz_plug_msg/_rviz_plug_msg_s.ep.rosidl_typesupport_fastrtps_c.c
[8.701s] -- Installing: /home/linjiawei/load_mcap/install/rviz_plug_msg/local/lib/python3.10/dist-packages/rviz_plug_msg/_rviz_plug_msg_s.ep.rosidl_typesupport_introspection_c.c
[8.701s] -- Installing: /home/linjiawei/load_mcap/install/rviz_plug_msg/local/lib/python3.10/dist-packages/rviz_plug_msg/_rviz_plug_msg_s.ep.rosidl_typesupport_c.c
[8.701s] -- Installing: /home/linjiawei/load_mcap/install/rviz_plug_msg/local/lib/python3.10/dist-packages/rviz_plug_msg/librviz_plug_msg__rosidl_generator_py.so
[8.701s] -- Installing: /home/linjiawei/load_mcap/install/rviz_plug_msg/local/lib/python3.10/dist-packages/rviz_plug_msg/rviz_plug_msg_s__rosidl_typesupport_fastrtps_c.cpython-310-x86_64-linux-gnu.so
[8.709s] -- Installing: /home/linjiawei/load_mcap/install/rviz_plug_msg/local/lib/python3.10/dist-packages/rviz_plug_msg/rviz_plug_msg_s__rosidl_typesupport_c.cpython-310-x86_64-linux-gnu.so
[8.709s] -- Installing: /home/linjiawei/load_mcap/install/rviz_plug_msg/local/lib/python3.10/dist-packages/rviz_plug_msg/rviz_plug_msg_s__rosidl_typesupport_introspection_c.cpython-310-x86_64-linux-gnu.so
[8.790s] Listing '/home/linjiawei/load_mcap/install/rviz_plug_msg/local/lib/python3.10/dist-packages/rviz_plug_msg'...
[8.790s] Compiling '/home/linjiawei/load_mcap/install/rviz_plug_msg/local/lib/python3.10/dist-packages/rviz_plug_msg/__init__.py'...
[8.791s] Listing '/home/linjiawei/load_mcap/install/rviz_plug_msg/local/lib/python3.10/dist-packages/rviz_plug_msg/msg'...
[8.791s] Compiling '/home/linjiawei/load_mcap/install/rviz_plug_msg/local/lib/python3.10/dist-packages/rviz_plug_msg/msg/__init__.py'...
[8.791s] Compiling '/home/linjiawei/load_mcap/install/rviz_plug_msg/local/lib/python3.10/dist-packages/rviz_plug_msg/msg/_bywire_diag.py'...
[8.791s] Compiling '/home/linjiawei/load_mcap/install/rviz_plug_msg/local/lib/python3.10/dist-packages/rviz_plug_msg/msg/_bywire_msg_type.py'...
[8.791s] Compiling '/home/linjiawei/load_mcap/install/rviz_plug_msg/local/lib/python3.10/dist-packages/rviz_plug_msg/msg/_error_enum.py'...
[8.791s] Compiling '/home/linjiawei/load_mcap/install/rviz_plug_msg/local/lib/python3.10/dist-packages/rviz_plug_msg/msg/_exception_monitor.py'...
[8.791s] Compiling '/home/linjiawei/load_mcap/install/rviz_plug_msg/local/lib/python3.10/dist-packages/rviz_plug_msg/msg/_freq.py'...
[8.791s] Compiling '/home/linjiawei/load_mcap/install/rviz_plug_msg/local/lib/python3.10/dist-packages/rviz_plug_msg/msg/_freq_monitor.py'...
[8.791s] Compiling '/home/linjiawei/load_mcap/install/rviz_plug_msg/local/lib/python3.10/dist-packages/rviz_plug_msg/msg/_info_enum.py'...
[8.791s] Compiling '/home/linjiawei/load_mcap/install/rviz_plug_msg/local/lib/python3.10/dist-packages/rviz_plug_msg/msg/_status_enum.py'...
[8.796s] -- Installing: /home/linjiawei/load_mcap/install/rviz_plug_msg/local/lib/python3.10/dist-packages/rviz_plug_msg/rviz_plug_msg_s__rosidl_typesupport_fastrtps_c.cpython-310-x86_64-linux-gnu.so
[8.796s] -- Set runtime path of "/home/linjiawei/load_mcap/install/rviz_plug_msg/local/lib/python3.10/dist-packages/rviz_plug_msg/rviz_plug_msg_s__rosidl_typesupport_fastrtps_c.cpython-310-x86_64-linux-gnu.so" to ""
[8.797s] -- Installing: /home/linjiawei/load_mcap/install/rviz_plug_msg/local/lib/python3.10/dist-packages/rviz_plug_msg/rviz_plug_msg_s__rosidl_typesupport_introspection_c.cpython-310-x86_64-linux-gnu.so
[8.797s] -- Set runtime path of "/home/linjiawei/load_mcap/install/rviz_plug_msg/local/lib/python3.10/dist-packages/rviz_plug_msg/rviz_plug_msg_s__rosidl_typesupport_introspection_c.cpython-310-x86_64-linux-gnu.so" to ""
[8.797s] -- Installing: /home/linjiawei/load_mcap/install/rviz_plug_msg/local/lib/python3.10/dist-packages/rviz_plug_msg/rviz_plug_msg_s__rosidl_typesupport_c.cpython-310-x86_64-linux-gnu.so
[8.797s] -- Set runtime path of "/home/linjiawei/load_mcap/install/rviz_plug_msg/local/lib/python3.10/dist-packages/rviz_plug_msg/rviz_plug_msg_s__rosidl_typesupport_c.cpython-310-x86_64-linux-gnu.so" to ""
[8.797s] -- Installing: /home/linjiawei/load_mcap/install/rviz_plug_msg/lib/librviz_plug_msg__rosidl_generator_py.so
[8.797s] -- Set runtime path of "/home/linjiawei/load_mcap/install/rviz_plug_msg/lib/librviz_plug_msg__rosidl_generator_py.so" to ""
[8.798s] -- Installing: /home/linjiawei/load_mcap/install/rviz_plug_msg/share/rviz_plug_msg/msg/BywireDiag.idl
[8.798s] -- Installing: /home/linjiawei/load_mcap/install/rviz_plug_msg/share/rviz_plug_msg/msg/BywireMsgType.idl
[8.798s] -- Installing: /home/linjiawei/load_mcap/install/rviz_plug_msg/share/rviz_plug_msg/msg/ErrorEnum.idl
[8.798s] -- Installing: /home/linjiawei/load_mcap/install/rviz_plug_msg/share/rviz_plug_msg/msg/ExceptionMonitor.idl
[8.798s] -- Installing: /home/linjiawei/load_mcap/install/rviz_plug_msg/share/rviz_plug_msg/msg/Freq.idl
[8.798s] -- Installing: /home/linjiawei/load_mcap/install/rviz_plug_msg/share/rviz_plug_msg/msg/FreqMonitor.idl
[8.798s] -- Installing: /home/linjiawei/load_mcap/install/rviz_plug_msg/share/rviz_plug_msg/msg/InfoEnum.idl
[8.798s] -- Installing: /home/linjiawei/load_mcap/install/rviz_plug_msg/share/rviz_plug_msg/msg/StatusEnum.idl
[8.798s] -- Installing: /home/linjiawei/load_mcap/install/rviz_plug_msg/share/rviz_plug_msg/msg/BywireDiag.msg
[8.798s] -- Installing: /home/linjiawei/load_mcap/install/rviz_plug_msg/share/rviz_plug_msg/msg/BywireMsgType.msg
[8.798s] -- Installing: /home/linjiawei/load_mcap/install/rviz_plug_msg/share/rviz_plug_msg/msg/ErrorEnum.msg
[8.798s] -- Installing: /home/linjiawei/load_mcap/install/rviz_plug_msg/share/rviz_plug_msg/msg/ExceptionMonitor.msg
[8.798s] -- Installing: /home/linjiawei/load_mcap/install/rviz_plug_msg/share/rviz_plug_msg/msg/Freq.msg
[8.798s] -- Installing: /home/linjiawei/load_mcap/install/rviz_plug_msg/share/rviz_plug_msg/msg/FreqMonitor.msg
[8.799s] -- Installing: /home/linjiawei/load_mcap/install/rviz_plug_msg/share/rviz_plug_msg/msg/InfoEnum.msg
[8.806s] -- Installing: /home/linjiawei/load_mcap/install/rviz_plug_msg/share/rviz_plug_msg/msg/StatusEnum.msg
[8.806s] -- Installing: /home/linjiawei/load_mcap/install/rviz_plug_msg/share/ament_index/resource_index/package_run_dependencies/rviz_plug_msg
[8.806s] -- Installing: /home/linjiawei/load_mcap/install/rviz_plug_msg/share/ament_index/resource_index/parent_prefix_path/rviz_plug_msg
[8.806s] -- Installing: /home/linjiawei/load_mcap/install/rviz_plug_msg/share/rviz_plug_msg/environment/ament_prefix_path.sh
[8.807s] -- Installing: /home/linjiawei/load_mcap/install/rviz_plug_msg/share/rviz_plug_msg/environment/ament_prefix_path.dsv
[8.807s] -- Installing: /home/linjiawei/load_mcap/install/rviz_plug_msg/share/rviz_plug_msg/environment/path.sh
[8.807s] -- Installing: /home/linjiawei/load_mcap/install/rviz_plug_msg/share/rviz_plug_msg/environment/path.dsv
[8.807s] -- Installing: /home/linjiawei/load_mcap/install/rviz_plug_msg/share/rviz_plug_msg/local_setup.bash
[8.807s] -- Installing: /home/linjiawei/load_mcap/install/rviz_plug_msg/share/rviz_plug_msg/local_setup.sh
[8.807s] -- Installing: /home/linjiawei/load_mcap/install/rviz_plug_msg/share/rviz_plug_msg/local_setup.zsh
[8.807s] -- Installing: /home/linjiawei/load_mcap/install/rviz_plug_msg/share/rviz_plug_msg/local_setup.dsv
[8.807s] -- Installing: /home/linjiawei/load_mcap/install/rviz_plug_msg/share/rviz_plug_msg/package.dsv
[8.807s] -- Installing: /home/linjiawei/load_mcap/install/rviz_plug_msg/share/ament_index/resource_index/packages/rviz_plug_msg
[8.807s] -- Installing: /home/linjiawei/load_mcap/install/rviz_plug_msg/share/rviz_plug_msg/cmake/export_rviz_plug_msg__rosidl_generator_cExport.cmake
[8.808s] -- Installing: /home/linjiawei/load_mcap/install/rviz_plug_msg/share/rviz_plug_msg/cmake/export_rviz_plug_msg__rosidl_generator_cExport-noconfig.cmake
[8.808s] -- Installing: /home/linjiawei/load_mcap/install/rviz_plug_msg/share/rviz_plug_msg/cmake/export_rviz_plug_msg__rosidl_typesupport_fastrtps_cExport.cmake
[8.808s] -- Installing: /home/linjiawei/load_mcap/install/rviz_plug_msg/share/rviz_plug_msg/cmake/export_rviz_plug_msg__rosidl_typesupport_fastrtps_cExport-noconfig.cmake
[8.808s] -- Installing: /home/linjiawei/load_mcap/install/rviz_plug_msg/share/rviz_plug_msg/cmake/rviz_plug_msg__rosidl_typesupport_introspection_cExport.cmake
[8.815s] -- Installing: /home/linjiawei/load_mcap/install/rviz_plug_msg/share/rviz_plug_msg/cmake/rviz_plug_msg__rosidl_typesupport_introspection_cExport-noconfig.cmake
[8.815s] -- Installing: /home/linjiawei/load_mcap/install/rviz_plug_msg/share/rviz_plug_msg/cmake/rviz_plug_msg__rosidl_typesupport_cExport.cmake
[8.816s] -- Installing: /home/linjiawei/load_mcap/install/rviz_plug_msg/share/rviz_plug_msg/cmake/rviz_plug_msg__rosidl_typesupport_cExport-noconfig.cmake
[8.816s] -- Installing: /home/linjiawei/load_mcap/install/rviz_plug_msg/share/rviz_plug_msg/cmake/export_rviz_plug_msg__rosidl_generator_cppExport.cmake
[8.816s] -- Installing: /home/linjiawei/load_mcap/install/rviz_plug_msg/share/rviz_plug_msg/cmake/export_rviz_plug_msg__rosidl_typesupport_fastrtps_cppExport.cmake
[8.816s] -- Installing: /home/linjiawei/load_mcap/install/rviz_plug_msg/share/rviz_plug_msg/cmake/export_rviz_plug_msg__rosidl_typesupport_fastrtps_cppExport-noconfig.cmake
[8.816s] -- Installing: /home/linjiawei/load_mcap/install/rviz_plug_msg/share/rviz_plug_msg/cmake/rviz_plug_msg__rosidl_typesupport_introspection_cppExport.cmake
[8.816s] -- Installing: /home/linjiawei/load_mcap/install/rviz_plug_msg/share/rviz_plug_msg/cmake/rviz_plug_msg__rosidl_typesupport_introspection_cppExport-noconfig.cmake
[8.816s] -- Installing: /home/linjiawei/load_mcap/install/rviz_plug_msg/share/rviz_plug_msg/cmake/rviz_plug_msg__rosidl_typesupport_cppExport.cmake
[8.816s] -- Installing: /home/linjiawei/load_mcap/install/rviz_plug_msg/share/rviz_plug_msg/cmake/rviz_plug_msg__rosidl_typesupport_cppExport-noconfig.cmake
[8.816s] -- Installing: /home/linjiawei/load_mcap/install/rviz_plug_msg/share/rviz_plug_msg/cmake/export_rviz_plug_msg__rosidl_generator_pyExport.cmake
[8.816s] -- Installing: /home/linjiawei/load_mcap/install/rviz_plug_msg/share/rviz_plug_msg/cmake/export_rviz_plug_msg__rosidl_generator_pyExport-noconfig.cmake
[8.817s] -- Installing: /home/linjiawei/load_mcap/install/rviz_plug_msg/share/rviz_plug_msg/cmake/rosidl_cmake-extras.cmake
[8.817s] -- Installing: /home/linjiawei/load_mcap/install/rviz_plug_msg/share/rviz_plug_msg/cmake/ament_cmake_export_dependencies-extras.cmake
[8.817s] -- Installing: /home/linjiawei/load_mcap/install/rviz_plug_msg/share/rviz_plug_msg/cmake/ament_cmake_export_include_directories-extras.cmake
[8.817s] -- Installing: /home/linjiawei/load_mcap/install/rviz_plug_msg/share/rviz_plug_msg/cmake/ament_cmake_export_libraries-extras.cmake
[8.817s] -- Installing: /home/linjiawei/load_mcap/install/rviz_plug_msg/share/rviz_plug_msg/cmake/ament_cmake_export_targets-extras.cmake
[8.817s] -- Installing: /home/linjiawei/load_mcap/install/rviz_plug_msg/share/rviz_plug_msg/cmake/rosidl_cmake_export_typesupport_targets-extras.cmake
[8.817s] -- Installing: /home/linjiawei/load_mcap/install/rviz_plug_msg/share/rviz_plug_msg/cmake/rosidl_cmake_export_typesupport_libraries-extras.cmake
[8.817s] -- Installing: /home/linjiawei/load_mcap/install/rviz_plug_msg/share/rviz_plug_msg/cmake/rviz_plug_msgConfig.cmake
[8.817s] -- Installing: /home/linjiawei/load_mcap/install/rviz_plug_msg/share/rviz_plug_msg/cmake/rviz_plug_msgConfig-version.cmake
[8.817s] -- Installing: /home/linjiawei/load_mcap/install/rviz_plug_msg/share/rviz_plug_msg/package.xml
[8.821s] Invoked command in '/home/linjiawei/load_mcap/build/rviz_plug_msg' returned '0': CMAKE_PREFIX_PATH=${CMAKE_PREFIX_PATH}:/opt/ros/humble /usr/bin/cmake --install /home/linjiawei/load_mcap/build/rviz_plug_msg
