-- The C compiler identification is GNU 11.3.0
-- The CXX compiler identification is GNU 11.3.0
-- Detecting C compiler ABI info
-- Detecting C compiler ABI info - done
-- Check for working C compiler: /usr/bin/cc - skipped
-- Detecting C compile features
-- Detecting C compile features - done
-- Detecting CXX compiler ABI info
-- Detecting CXX compiler ABI info - done
-- Check for working CXX compiler: /usr/bin/c++ - skipped
-- Detecting CXX compile features
-- Detecting CXX compile features - done
-- Found ament_cmake: 1.3.12 (/opt/ros/humble/share/ament_cmake/cmake)
-- Found Python3: /usr/bin/python3 (found version "3.10.6") found components: Interpreter 
-- Found rosidl_default_generators: 1.2.0 (/opt/ros/humble/share/rosidl_default_generators/cmake)
-- Using all available rosidl_typesupport_c: rosidl_typesupport_fastrtps_c;rosidl_typesupport_introspection_c
-- Found rosidl_adapter: 3.1.7 (/opt/ros/humble/share/rosidl_adapter/cmake)
-- Using all available rosidl_typesupport_cpp: rosidl_typesupport_fastrtps_cpp;rosidl_typesupport_introspection_cpp
-- Found deva_common_msgs: 0.0.0 (/home/linjiawei/load_mcap/install/deva_common_msgs/share/deva_common_msgs/cmake)
-- Found ament_cmake_ros: 0.10.0 (/opt/ros/humble/share/ament_cmake_ros/cmake)
-- Using all available rosidl_typesupport_c: rosidl_typesupport_fastrtps_c;rosidl_typesupport_introspection_c
-- Using all available rosidl_typesupport_cpp: rosidl_typesupport_fastrtps_cpp;rosidl_typesupport_introspection_cpp
-- Found PythonInterp: /usr/bin/python3 (found suitable version "3.10.6", minimum required is "3.6") 
-- Found python_cmake_module: 0.10.0 (/opt/ros/humble/share/python_cmake_module/cmake)
-- Found PythonLibs: /usr/lib/x86_64-linux-gnu/libpython3.10.so (found suitable version "3.10.6", minimum required is "3.5") 
-- Using PYTHON_EXECUTABLE: /usr/bin/python3
-- Using PYTHON_INCLUDE_DIRS: /usr/include/python3.10
-- Using PYTHON_LIBRARIES: /usr/lib/x86_64-linux-gnu/libpython3.10.so
-- Found PythonExtra: .so  
-- Configuring done
-- Generating done
-- Build files have been written to: /home/linjiawei/load_mcap/build/fault_diagnosis
[  2%] [34m[1mGenerating C code for ROS interfaces[0m
[  4%] [34m[1mGenerating C++ code for ROS interfaces[0m
[  4%] Built target ament_cmake_python_copy_fault_diagnosis
running egg_info
creating fault_diagnosis.egg-info
writing fault_diagnosis.egg-info/PKG-INFO
writing dependency_links to fault_diagnosis.egg-info/dependency_links.txt
writing top-level names to fault_diagnosis.egg-info/top_level.txt
writing manifest file 'fault_diagnosis.egg-info/SOURCES.txt'
reading manifest file 'fault_diagnosis.egg-info/SOURCES.txt'
writing manifest file 'fault_diagnosis.egg-info/SOURCES.txt'
[  4%] Built target ament_cmake_python_build_fault_diagnosis_egg
[  6%] [32mBuilding C object CMakeFiles/fault_diagnosis__rosidl_generator_c.dir/rosidl_generator_c/fault_diagnosis/msg/detail/odd_status_array__functions.c.o[0m
[  8%] [32mBuilding C object CMakeFiles/fault_diagnosis__rosidl_generator_c.dir/rosidl_generator_c/fault_diagnosis/msg/detail/diag_state__functions.c.o[0m
[ 10%] [32mBuilding C object CMakeFiles/fault_diagnosis__rosidl_generator_c.dir/rosidl_generator_c/fault_diagnosis/msg/detail/odd_status__functions.c.o[0m
[ 10%] Built target fault_diagnosis__cpp
[ 12%] [34m[1mGenerating C++ type support dispatch for ROS interfaces[0m
[ 14%] [34m[1mGenerating C++ introspection for ROS interfaces[0m
[ 17%] [34m[1mGenerating C++ type support for eProsima Fast-RTPS[0m
[ 19%] [32m[1mLinking C shared library libfault_diagnosis__rosidl_generator_c.so[0m
[ 19%] Built target fault_diagnosis__rosidl_generator_c
[ 21%] [34m[1mGenerating C type support for eProsima Fast-RTPS[0m
[ 25%] [34m[1mGenerating C type support dispatch for ROS interfaces[0m
[ 25%] [34m[1mGenerating C introspection for ROS interfaces[0m
[ 27%] [32mBuilding CXX object CMakeFiles/fault_diagnosis__rosidl_typesupport_cpp.dir/rosidl_typesupport_cpp/fault_diagnosis/msg/diag_state__type_support.cpp.o[0m
[ 31%] [32mBuilding CXX object CMakeFiles/fault_diagnosis__rosidl_typesupport_cpp.dir/rosidl_typesupport_cpp/fault_diagnosis/msg/odd_status_array__type_support.cpp.o[0m
[ 31%] [32mBuilding CXX object CMakeFiles/fault_diagnosis__rosidl_typesupport_cpp.dir/rosidl_typesupport_cpp/fault_diagnosis/msg/odd_status__type_support.cpp.o[0m
[ 34%] [32mBuilding CXX object CMakeFiles/fault_diagnosis__rosidl_typesupport_introspection_cpp.dir/rosidl_typesupport_introspection_cpp/fault_diagnosis/msg/detail/diag_state__type_support.cpp.o[0m
[ 36%] [32mBuilding CXX object CMakeFiles/fault_diagnosis__rosidl_typesupport_introspection_cpp.dir/rosidl_typesupport_introspection_cpp/fault_diagnosis/msg/detail/odd_status_array__type_support.cpp.o[0m
[ 38%] [32mBuilding CXX object CMakeFiles/fault_diagnosis__rosidl_typesupport_introspection_cpp.dir/rosidl_typesupport_introspection_cpp/fault_diagnosis/msg/detail/odd_status__type_support.cpp.o[0m
[ 40%] [32mBuilding CXX object CMakeFiles/fault_diagnosis__rosidl_typesupport_fastrtps_cpp.dir/rosidl_typesupport_fastrtps_cpp/fault_diagnosis/msg/detail/dds_fastrtps/diag_state__type_support.cpp.o[0m
[ 42%] [32mBuilding CXX object CMakeFiles/fault_diagnosis__rosidl_typesupport_fastrtps_cpp.dir/rosidl_typesupport_fastrtps_cpp/fault_diagnosis/msg/detail/dds_fastrtps/odd_status__type_support.cpp.o[0m
[ 44%] [32mBuilding CXX object CMakeFiles/fault_diagnosis__rosidl_typesupport_fastrtps_cpp.dir/rosidl_typesupport_fastrtps_cpp/fault_diagnosis/msg/detail/dds_fastrtps/odd_status_array__type_support.cpp.o[0m
[ 46%] [32mBuilding CXX object CMakeFiles/fault_diagnosis__rosidl_typesupport_c.dir/rosidl_typesupport_c/fault_diagnosis/msg/diag_state__type_support.cpp.o[0m
[ 48%] [32mBuilding CXX object CMakeFiles/fault_diagnosis__rosidl_typesupport_c.dir/rosidl_typesupport_c/fault_diagnosis/msg/odd_status_array__type_support.cpp.o[0m
[ 51%] [32mBuilding CXX object CMakeFiles/fault_diagnosis__rosidl_typesupport_c.dir/rosidl_typesupport_c/fault_diagnosis/msg/odd_status__type_support.cpp.o[0m
[ 53%] [32mBuilding CXX object CMakeFiles/fault_diagnosis__rosidl_typesupport_fastrtps_c.dir/rosidl_typesupport_fastrtps_c/fault_diagnosis/msg/detail/diag_state__type_support_c.cpp.o[0m
[ 55%] [32mBuilding C object CMakeFiles/fault_diagnosis__rosidl_typesupport_introspection_c.dir/rosidl_typesupport_introspection_c/fault_diagnosis/msg/detail/diag_state__type_support.c.o[0m
[ 57%] [32mBuilding CXX object CMakeFiles/fault_diagnosis__rosidl_typesupport_fastrtps_c.dir/rosidl_typesupport_fastrtps_c/fault_diagnosis/msg/detail/odd_status_array__type_support_c.cpp.o[0m
[ 59%] [32mBuilding C object CMakeFiles/fault_diagnosis__rosidl_typesupport_introspection_c.dir/rosidl_typesupport_introspection_c/fault_diagnosis/msg/detail/odd_status_array__type_support.c.o[0m
[ 61%] [32mBuilding CXX object CMakeFiles/fault_diagnosis__rosidl_typesupport_fastrtps_c.dir/rosidl_typesupport_fastrtps_c/fault_diagnosis/msg/detail/odd_status__type_support_c.cpp.o[0m
[ 63%] [32m[1mLinking CXX shared library libfault_diagnosis__rosidl_typesupport_cpp.so[0m
[ 65%] [32mBuilding C object CMakeFiles/fault_diagnosis__rosidl_typesupport_introspection_c.dir/rosidl_typesupport_introspection_c/fault_diagnosis/msg/detail/odd_status__type_support.c.o[0m
[ 68%] [32m[1mLinking CXX shared library libfault_diagnosis__rosidl_typesupport_c.so[0m
[ 70%] [32m[1mLinking C shared library libfault_diagnosis__rosidl_typesupport_introspection_c.so[0m
[ 70%] Built target fault_diagnosis__rosidl_typesupport_cpp
[ 70%] Built target fault_diagnosis__rosidl_typesupport_c
[ 70%] Built target fault_diagnosis__rosidl_typesupport_introspection_c
[ 72%] [32m[1mLinking CXX shared library libfault_diagnosis__rosidl_typesupport_fastrtps_c.so[0m
[ 74%] [32m[1mLinking CXX shared library libfault_diagnosis__rosidl_typesupport_introspection_cpp.so[0m
[ 74%] Built target fault_diagnosis__rosidl_typesupport_fastrtps_c
[ 76%] [32m[1mLinking CXX shared library libfault_diagnosis__rosidl_typesupport_fastrtps_cpp.so[0m
[ 76%] Built target fault_diagnosis__rosidl_typesupport_introspection_cpp
[ 76%] Built target fault_diagnosis__rosidl_typesupport_fastrtps_cpp
[ 76%] Built target fault_diagnosis
[ 78%] [34m[1mGenerating Python code for ROS interfaces[0m
[ 78%] Built target fault_diagnosis__py
[ 80%] [32mBuilding C object CMakeFiles/fault_diagnosis__rosidl_generator_py.dir/rosidl_generator_py/fault_diagnosis/msg/_diag_state_s.c.o[0m
[ 82%] [32mBuilding C object CMakeFiles/fault_diagnosis__rosidl_generator_py.dir/rosidl_generator_py/fault_diagnosis/msg/_odd_status_array_s.c.o[0m
[ 85%] [32mBuilding C object CMakeFiles/fault_diagnosis__rosidl_generator_py.dir/rosidl_generator_py/fault_diagnosis/msg/_odd_status_s.c.o[0m
[ 87%] [32m[1mLinking C shared library rosidl_generator_py/fault_diagnosis/libfault_diagnosis__rosidl_generator_py.so[0m
[ 87%] Built target fault_diagnosis__rosidl_generator_py
[ 89%] [32mBuilding C object CMakeFiles/fault_diagnosis__rosidl_typesupport_c__pyext.dir/rosidl_generator_py/fault_diagnosis/_fault_diagnosis_s.ep.rosidl_typesupport_c.c.o[0m
[ 91%] [32mBuilding C object CMakeFiles/fault_diagnosis__rosidl_typesupport_fastrtps_c__pyext.dir/rosidl_generator_py/fault_diagnosis/_fault_diagnosis_s.ep.rosidl_typesupport_fastrtps_c.c.o[0m
[ 93%] [32mBuilding C object CMakeFiles/fault_diagnosis__rosidl_typesupport_introspection_c__pyext.dir/rosidl_generator_py/fault_diagnosis/_fault_diagnosis_s.ep.rosidl_typesupport_introspection_c.c.o[0m
[ 95%] [32m[1mLinking C shared library rosidl_generator_py/fault_diagnosis/fault_diagnosis_s__rosidl_typesupport_c.cpython-310-x86_64-linux-gnu.so[0m
[ 97%] [32m[1mLinking C shared library rosidl_generator_py/fault_diagnosis/fault_diagnosis_s__rosidl_typesupport_fastrtps_c.cpython-310-x86_64-linux-gnu.so[0m
[ 97%] Built target fault_diagnosis__rosidl_typesupport_fastrtps_c__pyext
[ 97%] Built target fault_diagnosis__rosidl_typesupport_c__pyext
[100%] [32m[1mLinking C shared library rosidl_generator_py/fault_diagnosis/fault_diagnosis_s__rosidl_typesupport_introspection_c.cpython-310-x86_64-linux-gnu.so[0m
[100%] Built target fault_diagnosis__rosidl_typesupport_introspection_c__pyext
-- Install configuration: ""
-- Installing: /home/linjiawei/load_mcap/install/fault_diagnosis/share/ament_index/resource_index/rosidl_interfaces/fault_diagnosis
-- Installing: /home/linjiawei/load_mcap/install/fault_diagnosis/include/fault_diagnosis/fault_diagnosis
-- Installing: /home/linjiawei/load_mcap/install/fault_diagnosis/include/fault_diagnosis/fault_diagnosis/msg
-- Installing: /home/linjiawei/load_mcap/install/fault_diagnosis/include/fault_diagnosis/fault_diagnosis/msg/rosidl_generator_c__visibility_control.h
-- Installing: /home/linjiawei/load_mcap/install/fault_diagnosis/include/fault_diagnosis/fault_diagnosis/msg/diag_state.h
-- Installing: /home/linjiawei/load_mcap/install/fault_diagnosis/include/fault_diagnosis/fault_diagnosis/msg/detail
-- Installing: /home/linjiawei/load_mcap/install/fault_diagnosis/include/fault_diagnosis/fault_diagnosis/msg/detail/diag_state__functions.c
-- Installing: /home/linjiawei/load_mcap/install/fault_diagnosis/include/fault_diagnosis/fault_diagnosis/msg/detail/diag_state__functions.h
-- Installing: /home/linjiawei/load_mcap/install/fault_diagnosis/include/fault_diagnosis/fault_diagnosis/msg/detail/diag_state__struct.h
-- Installing: /home/linjiawei/load_mcap/install/fault_diagnosis/include/fault_diagnosis/fault_diagnosis/msg/detail/diag_state__type_support.h
-- Installing: /home/linjiawei/load_mcap/install/fault_diagnosis/include/fault_diagnosis/fault_diagnosis/msg/detail/odd_status_array__functions.c
-- Installing: /home/linjiawei/load_mcap/install/fault_diagnosis/include/fault_diagnosis/fault_diagnosis/msg/detail/odd_status_array__functions.h
-- Installing: /home/linjiawei/load_mcap/install/fault_diagnosis/include/fault_diagnosis/fault_diagnosis/msg/detail/odd_status_array__struct.h
-- Installing: /home/linjiawei/load_mcap/install/fault_diagnosis/include/fault_diagnosis/fault_diagnosis/msg/detail/odd_status_array__type_support.h
-- Installing: /home/linjiawei/load_mcap/install/fault_diagnosis/include/fault_diagnosis/fault_diagnosis/msg/detail/odd_status__functions.c
-- Installing: /home/linjiawei/load_mcap/install/fault_diagnosis/include/fault_diagnosis/fault_diagnosis/msg/detail/odd_status__functions.h
-- Installing: /home/linjiawei/load_mcap/install/fault_diagnosis/include/fault_diagnosis/fault_diagnosis/msg/detail/odd_status__struct.h
-- Installing: /home/linjiawei/load_mcap/install/fault_diagnosis/include/fault_diagnosis/fault_diagnosis/msg/detail/odd_status__type_support.h
-- Installing: /home/linjiawei/load_mcap/install/fault_diagnosis/include/fault_diagnosis/fault_diagnosis/msg/odd_status_array.h
-- Installing: /home/linjiawei/load_mcap/install/fault_diagnosis/include/fault_diagnosis/fault_diagnosis/msg/odd_status.h
-- Installing: /home/linjiawei/load_mcap/install/fault_diagnosis/share/fault_diagnosis/environment/library_path.sh
-- Installing: /home/linjiawei/load_mcap/install/fault_diagnosis/share/fault_diagnosis/environment/library_path.dsv
-- Installing: /home/linjiawei/load_mcap/install/fault_diagnosis/lib/libfault_diagnosis__rosidl_generator_c.so
-- Set runtime path of "/home/linjiawei/load_mcap/install/fault_diagnosis/lib/libfault_diagnosis__rosidl_generator_c.so" to ""
-- Up-to-date: /home/linjiawei/load_mcap/install/fault_diagnosis/include/fault_diagnosis/fault_diagnosis
-- Up-to-date: /home/linjiawei/load_mcap/install/fault_diagnosis/include/fault_diagnosis/fault_diagnosis/msg
-- Installing: /home/linjiawei/load_mcap/install/fault_diagnosis/include/fault_diagnosis/fault_diagnosis/msg/rosidl_typesupport_fastrtps_c__visibility_control.h
-- Up-to-date: /home/linjiawei/load_mcap/install/fault_diagnosis/include/fault_diagnosis/fault_diagnosis/msg/detail
-- Installing: /home/linjiawei/load_mcap/install/fault_diagnosis/include/fault_diagnosis/fault_diagnosis/msg/detail/diag_state__rosidl_typesupport_fastrtps_c.h
-- Installing: /home/linjiawei/load_mcap/install/fault_diagnosis/include/fault_diagnosis/fault_diagnosis/msg/detail/odd_status_array__rosidl_typesupport_fastrtps_c.h
-- Installing: /home/linjiawei/load_mcap/install/fault_diagnosis/include/fault_diagnosis/fault_diagnosis/msg/detail/odd_status__rosidl_typesupport_fastrtps_c.h
-- Installing: /home/linjiawei/load_mcap/install/fault_diagnosis/lib/libfault_diagnosis__rosidl_typesupport_fastrtps_c.so
-- Set runtime path of "/home/linjiawei/load_mcap/install/fault_diagnosis/lib/libfault_diagnosis__rosidl_typesupport_fastrtps_c.so" to ""
-- Up-to-date: /home/linjiawei/load_mcap/install/fault_diagnosis/include/fault_diagnosis/fault_diagnosis
-- Up-to-date: /home/linjiawei/load_mcap/install/fault_diagnosis/include/fault_diagnosis/fault_diagnosis/msg
-- Installing: /home/linjiawei/load_mcap/install/fault_diagnosis/include/fault_diagnosis/fault_diagnosis/msg/rosidl_typesupport_introspection_c__visibility_control.h
-- Up-to-date: /home/linjiawei/load_mcap/install/fault_diagnosis/include/fault_diagnosis/fault_diagnosis/msg/detail
-- Installing: /home/linjiawei/load_mcap/install/fault_diagnosis/include/fault_diagnosis/fault_diagnosis/msg/detail/diag_state__rosidl_typesupport_introspection_c.h
-- Installing: /home/linjiawei/load_mcap/install/fault_diagnosis/include/fault_diagnosis/fault_diagnosis/msg/detail/diag_state__type_support.c
-- Installing: /home/linjiawei/load_mcap/install/fault_diagnosis/include/fault_diagnosis/fault_diagnosis/msg/detail/odd_status_array__rosidl_typesupport_introspection_c.h
-- Installing: /home/linjiawei/load_mcap/install/fault_diagnosis/include/fault_diagnosis/fault_diagnosis/msg/detail/odd_status_array__type_support.c
-- Installing: /home/linjiawei/load_mcap/install/fault_diagnosis/include/fault_diagnosis/fault_diagnosis/msg/detail/odd_status__rosidl_typesupport_introspection_c.h
-- Installing: /home/linjiawei/load_mcap/install/fault_diagnosis/include/fault_diagnosis/fault_diagnosis/msg/detail/odd_status__type_support.c
-- Installing: /home/linjiawei/load_mcap/install/fault_diagnosis/lib/libfault_diagnosis__rosidl_typesupport_introspection_c.so
-- Set runtime path of "/home/linjiawei/load_mcap/install/fault_diagnosis/lib/libfault_diagnosis__rosidl_typesupport_introspection_c.so" to ""
-- Installing: /home/linjiawei/load_mcap/install/fault_diagnosis/lib/libfault_diagnosis__rosidl_typesupport_c.so
-- Set runtime path of "/home/linjiawei/load_mcap/install/fault_diagnosis/lib/libfault_diagnosis__rosidl_typesupport_c.so" to ""
-- Up-to-date: /home/linjiawei/load_mcap/install/fault_diagnosis/include/fault_diagnosis/fault_diagnosis
-- Up-to-date: /home/linjiawei/load_mcap/install/fault_diagnosis/include/fault_diagnosis/fault_diagnosis/msg
-- Installing: /home/linjiawei/load_mcap/install/fault_diagnosis/include/fault_diagnosis/fault_diagnosis/msg/rosidl_generator_cpp__visibility_control.hpp
-- Installing: /home/linjiawei/load_mcap/install/fault_diagnosis/include/fault_diagnosis/fault_diagnosis/msg/diag_state.hpp
-- Up-to-date: /home/linjiawei/load_mcap/install/fault_diagnosis/include/fault_diagnosis/fault_diagnosis/msg/detail
-- Installing: /home/linjiawei/load_mcap/install/fault_diagnosis/include/fault_diagnosis/fault_diagnosis/msg/detail/diag_state__builder.hpp
-- Installing: /home/linjiawei/load_mcap/install/fault_diagnosis/include/fault_diagnosis/fault_diagnosis/msg/detail/diag_state__struct.hpp
-- Installing: /home/linjiawei/load_mcap/install/fault_diagnosis/include/fault_diagnosis/fault_diagnosis/msg/detail/diag_state__traits.hpp
-- Installing: /home/linjiawei/load_mcap/install/fault_diagnosis/include/fault_diagnosis/fault_diagnosis/msg/detail/diag_state__type_support.hpp
-- Installing: /home/linjiawei/load_mcap/install/fault_diagnosis/include/fault_diagnosis/fault_diagnosis/msg/detail/odd_status_array__builder.hpp
-- Installing: /home/linjiawei/load_mcap/install/fault_diagnosis/include/fault_diagnosis/fault_diagnosis/msg/detail/odd_status_array__struct.hpp
-- Installing: /home/linjiawei/load_mcap/install/fault_diagnosis/include/fault_diagnosis/fault_diagnosis/msg/detail/odd_status_array__traits.hpp
-- Installing: /home/linjiawei/load_mcap/install/fault_diagnosis/include/fault_diagnosis/fault_diagnosis/msg/detail/odd_status_array__type_support.hpp
-- Installing: /home/linjiawei/load_mcap/install/fault_diagnosis/include/fault_diagnosis/fault_diagnosis/msg/detail/odd_status__builder.hpp
-- Installing: /home/linjiawei/load_mcap/install/fault_diagnosis/include/fault_diagnosis/fault_diagnosis/msg/detail/odd_status__struct.hpp
-- Installing: /home/linjiawei/load_mcap/install/fault_diagnosis/include/fault_diagnosis/fault_diagnosis/msg/detail/odd_status__traits.hpp
-- Installing: /home/linjiawei/load_mcap/install/fault_diagnosis/include/fault_diagnosis/fault_diagnosis/msg/detail/odd_status__type_support.hpp
-- Installing: /home/linjiawei/load_mcap/install/fault_diagnosis/include/fault_diagnosis/fault_diagnosis/msg/odd_status_array.hpp
-- Installing: /home/linjiawei/load_mcap/install/fault_diagnosis/include/fault_diagnosis/fault_diagnosis/msg/odd_status.hpp
-- Up-to-date: /home/linjiawei/load_mcap/install/fault_diagnosis/include/fault_diagnosis/fault_diagnosis
-- Up-to-date: /home/linjiawei/load_mcap/install/fault_diagnosis/include/fault_diagnosis/fault_diagnosis/msg
-- Installing: /home/linjiawei/load_mcap/install/fault_diagnosis/include/fault_diagnosis/fault_diagnosis/msg/rosidl_typesupport_fastrtps_cpp__visibility_control.h
-- Up-to-date: /home/linjiawei/load_mcap/install/fault_diagnosis/include/fault_diagnosis/fault_diagnosis/msg/detail
-- Installing: /home/linjiawei/load_mcap/install/fault_diagnosis/include/fault_diagnosis/fault_diagnosis/msg/detail/diag_state__rosidl_typesupport_fastrtps_cpp.hpp
-- Installing: /home/linjiawei/load_mcap/install/fault_diagnosis/include/fault_diagnosis/fault_diagnosis/msg/detail/dds_fastrtps
-- Installing: /home/linjiawei/load_mcap/install/fault_diagnosis/include/fault_diagnosis/fault_diagnosis/msg/detail/odd_status_array__rosidl_typesupport_fastrtps_cpp.hpp
-- Installing: /home/linjiawei/load_mcap/install/fault_diagnosis/include/fault_diagnosis/fault_diagnosis/msg/detail/odd_status__rosidl_typesupport_fastrtps_cpp.hpp
-- Installing: /home/linjiawei/load_mcap/install/fault_diagnosis/lib/libfault_diagnosis__rosidl_typesupport_fastrtps_cpp.so
-- Set runtime path of "/home/linjiawei/load_mcap/install/fault_diagnosis/lib/libfault_diagnosis__rosidl_typesupport_fastrtps_cpp.so" to ""
-- Up-to-date: /home/linjiawei/load_mcap/install/fault_diagnosis/include/fault_diagnosis/fault_diagnosis
-- Up-to-date: /home/linjiawei/load_mcap/install/fault_diagnosis/include/fault_diagnosis/fault_diagnosis/msg
-- Up-to-date: /home/linjiawei/load_mcap/install/fault_diagnosis/include/fault_diagnosis/fault_diagnosis/msg/detail
-- Installing: /home/linjiawei/load_mcap/install/fault_diagnosis/include/fault_diagnosis/fault_diagnosis/msg/detail/diag_state__rosidl_typesupport_introspection_cpp.hpp
-- Installing: /home/linjiawei/load_mcap/install/fault_diagnosis/include/fault_diagnosis/fault_diagnosis/msg/detail/diag_state__type_support.cpp
-- Installing: /home/linjiawei/load_mcap/install/fault_diagnosis/include/fault_diagnosis/fault_diagnosis/msg/detail/odd_status_array__rosidl_typesupport_introspection_cpp.hpp
-- Installing: /home/linjiawei/load_mcap/install/fault_diagnosis/include/fault_diagnosis/fault_diagnosis/msg/detail/odd_status_array__type_support.cpp
-- Installing: /home/linjiawei/load_mcap/install/fault_diagnosis/include/fault_diagnosis/fault_diagnosis/msg/detail/odd_status__rosidl_typesupport_introspection_cpp.hpp
-- Installing: /home/linjiawei/load_mcap/install/fault_diagnosis/include/fault_diagnosis/fault_diagnosis/msg/detail/odd_status__type_support.cpp
-- Installing: /home/linjiawei/load_mcap/install/fault_diagnosis/lib/libfault_diagnosis__rosidl_typesupport_introspection_cpp.so
-- Set runtime path of "/home/linjiawei/load_mcap/install/fault_diagnosis/lib/libfault_diagnosis__rosidl_typesupport_introspection_cpp.so" to ""
-- Installing: /home/linjiawei/load_mcap/install/fault_diagnosis/lib/libfault_diagnosis__rosidl_typesupport_cpp.so
-- Set runtime path of "/home/linjiawei/load_mcap/install/fault_diagnosis/lib/libfault_diagnosis__rosidl_typesupport_cpp.so" to ""
-- Installing: /home/linjiawei/load_mcap/install/fault_diagnosis/share/fault_diagnosis/environment/pythonpath.sh
-- Installing: /home/linjiawei/load_mcap/install/fault_diagnosis/share/fault_diagnosis/environment/pythonpath.dsv
-- Installing: /home/linjiawei/load_mcap/install/fault_diagnosis/local/lib/python3.10/dist-packages/fault_diagnosis-0.0.0-py3.10.egg-info
-- Installing: /home/linjiawei/load_mcap/install/fault_diagnosis/local/lib/python3.10/dist-packages/fault_diagnosis-0.0.0-py3.10.egg-info/PKG-INFO
-- Installing: /home/linjiawei/load_mcap/install/fault_diagnosis/local/lib/python3.10/dist-packages/fault_diagnosis-0.0.0-py3.10.egg-info/dependency_links.txt
-- Installing: /home/linjiawei/load_mcap/install/fault_diagnosis/local/lib/python3.10/dist-packages/fault_diagnosis-0.0.0-py3.10.egg-info/top_level.txt
-- Installing: /home/linjiawei/load_mcap/install/fault_diagnosis/local/lib/python3.10/dist-packages/fault_diagnosis-0.0.0-py3.10.egg-info/SOURCES.txt
-- Installing: /home/linjiawei/load_mcap/install/fault_diagnosis/local/lib/python3.10/dist-packages/fault_diagnosis
-- Installing: /home/linjiawei/load_mcap/install/fault_diagnosis/local/lib/python3.10/dist-packages/fault_diagnosis/__init__.py
-- Installing: /home/linjiawei/load_mcap/install/fault_diagnosis/local/lib/python3.10/dist-packages/fault_diagnosis/msg
-- Installing: /home/linjiawei/load_mcap/install/fault_diagnosis/local/lib/python3.10/dist-packages/fault_diagnosis/msg/_diag_state.py
-- Installing: /home/linjiawei/load_mcap/install/fault_diagnosis/local/lib/python3.10/dist-packages/fault_diagnosis/msg/_diag_state_s.c
-- Installing: /home/linjiawei/load_mcap/install/fault_diagnosis/local/lib/python3.10/dist-packages/fault_diagnosis/msg/_odd_status_array.py
-- Installing: /home/linjiawei/load_mcap/install/fault_diagnosis/local/lib/python3.10/dist-packages/fault_diagnosis/msg/_odd_status_array_s.c
-- Installing: /home/linjiawei/load_mcap/install/fault_diagnosis/local/lib/python3.10/dist-packages/fault_diagnosis/msg/_odd_status.py
-- Installing: /home/linjiawei/load_mcap/install/fault_diagnosis/local/lib/python3.10/dist-packages/fault_diagnosis/msg/_odd_status_s.c
-- Installing: /home/linjiawei/load_mcap/install/fault_diagnosis/local/lib/python3.10/dist-packages/fault_diagnosis/msg/__init__.py
-- Installing: /home/linjiawei/load_mcap/install/fault_diagnosis/local/lib/python3.10/dist-packages/fault_diagnosis/_fault_diagnosis_s.ep.rosidl_typesupport_fastrtps_c.c
-- Installing: /home/linjiawei/load_mcap/install/fault_diagnosis/local/lib/python3.10/dist-packages/fault_diagnosis/_fault_diagnosis_s.ep.rosidl_typesupport_introspection_c.c
-- Installing: /home/linjiawei/load_mcap/install/fault_diagnosis/local/lib/python3.10/dist-packages/fault_diagnosis/_fault_diagnosis_s.ep.rosidl_typesupport_c.c
-- Installing: /home/linjiawei/load_mcap/install/fault_diagnosis/local/lib/python3.10/dist-packages/fault_diagnosis/libfault_diagnosis__rosidl_generator_py.so
-- Installing: /home/linjiawei/load_mcap/install/fault_diagnosis/local/lib/python3.10/dist-packages/fault_diagnosis/fault_diagnosis_s__rosidl_typesupport_fastrtps_c.cpython-310-x86_64-linux-gnu.so
-- Installing: /home/linjiawei/load_mcap/install/fault_diagnosis/local/lib/python3.10/dist-packages/fault_diagnosis/fault_diagnosis_s__rosidl_typesupport_c.cpython-310-x86_64-linux-gnu.so
-- Installing: /home/linjiawei/load_mcap/install/fault_diagnosis/local/lib/python3.10/dist-packages/fault_diagnosis/fault_diagnosis_s__rosidl_typesupport_introspection_c.cpython-310-x86_64-linux-gnu.so
Listing '/home/linjiawei/load_mcap/install/fault_diagnosis/local/lib/python3.10/dist-packages/fault_diagnosis'...
Compiling '/home/linjiawei/load_mcap/install/fault_diagnosis/local/lib/python3.10/dist-packages/fault_diagnosis/__init__.py'...
Listing '/home/linjiawei/load_mcap/install/fault_diagnosis/local/lib/python3.10/dist-packages/fault_diagnosis/msg'...
Compiling '/home/linjiawei/load_mcap/install/fault_diagnosis/local/lib/python3.10/dist-packages/fault_diagnosis/msg/__init__.py'...
Compiling '/home/linjiawei/load_mcap/install/fault_diagnosis/local/lib/python3.10/dist-packages/fault_diagnosis/msg/_diag_state.py'...
Compiling '/home/linjiawei/load_mcap/install/fault_diagnosis/local/lib/python3.10/dist-packages/fault_diagnosis/msg/_odd_status.py'...
Compiling '/home/linjiawei/load_mcap/install/fault_diagnosis/local/lib/python3.10/dist-packages/fault_diagnosis/msg/_odd_status_array.py'...
-- Installing: /home/linjiawei/load_mcap/install/fault_diagnosis/local/lib/python3.10/dist-packages/fault_diagnosis/fault_diagnosis_s__rosidl_typesupport_fastrtps_c.cpython-310-x86_64-linux-gnu.so
-- Set runtime path of "/home/linjiawei/load_mcap/install/fault_diagnosis/local/lib/python3.10/dist-packages/fault_diagnosis/fault_diagnosis_s__rosidl_typesupport_fastrtps_c.cpython-310-x86_64-linux-gnu.so" to ""
-- Installing: /home/linjiawei/load_mcap/install/fault_diagnosis/local/lib/python3.10/dist-packages/fault_diagnosis/fault_diagnosis_s__rosidl_typesupport_introspection_c.cpython-310-x86_64-linux-gnu.so
-- Set runtime path of "/home/linjiawei/load_mcap/install/fault_diagnosis/local/lib/python3.10/dist-packages/fault_diagnosis/fault_diagnosis_s__rosidl_typesupport_introspection_c.cpython-310-x86_64-linux-gnu.so" to ""
-- Installing: /home/linjiawei/load_mcap/install/fault_diagnosis/local/lib/python3.10/dist-packages/fault_diagnosis/fault_diagnosis_s__rosidl_typesupport_c.cpython-310-x86_64-linux-gnu.so
-- Set runtime path of "/home/linjiawei/load_mcap/install/fault_diagnosis/local/lib/python3.10/dist-packages/fault_diagnosis/fault_diagnosis_s__rosidl_typesupport_c.cpython-310-x86_64-linux-gnu.so" to ""
-- Installing: /home/linjiawei/load_mcap/install/fault_diagnosis/lib/libfault_diagnosis__rosidl_generator_py.so
-- Set runtime path of "/home/linjiawei/load_mcap/install/fault_diagnosis/lib/libfault_diagnosis__rosidl_generator_py.so" to ""
-- Installing: /home/linjiawei/load_mcap/install/fault_diagnosis/share/fault_diagnosis/msg/DiagState.idl
-- Installing: /home/linjiawei/load_mcap/install/fault_diagnosis/share/fault_diagnosis/msg/ODDStatusArray.idl
-- Installing: /home/linjiawei/load_mcap/install/fault_diagnosis/share/fault_diagnosis/msg/OddStatus.idl
-- Installing: /home/linjiawei/load_mcap/install/fault_diagnosis/share/fault_diagnosis/msg/DiagState.msg
-- Installing: /home/linjiawei/load_mcap/install/fault_diagnosis/share/fault_diagnosis/msg/ODDStatusArray.msg
-- Installing: /home/linjiawei/load_mcap/install/fault_diagnosis/share/fault_diagnosis/msg/OddStatus.msg
-- Installing: /home/linjiawei/load_mcap/install/fault_diagnosis/share/ament_index/resource_index/package_run_dependencies/fault_diagnosis
-- Installing: /home/linjiawei/load_mcap/install/fault_diagnosis/share/ament_index/resource_index/parent_prefix_path/fault_diagnosis
-- Installing: /home/linjiawei/load_mcap/install/fault_diagnosis/share/fault_diagnosis/environment/ament_prefix_path.sh
-- Installing: /home/linjiawei/load_mcap/install/fault_diagnosis/share/fault_diagnosis/environment/ament_prefix_path.dsv
-- Installing: /home/linjiawei/load_mcap/install/fault_diagnosis/share/fault_diagnosis/environment/path.sh
-- Installing: /home/linjiawei/load_mcap/install/fault_diagnosis/share/fault_diagnosis/environment/path.dsv
-- Installing: /home/linjiawei/load_mcap/install/fault_diagnosis/share/fault_diagnosis/local_setup.bash
-- Installing: /home/linjiawei/load_mcap/install/fault_diagnosis/share/fault_diagnosis/local_setup.sh
-- Installing: /home/linjiawei/load_mcap/install/fault_diagnosis/share/fault_diagnosis/local_setup.zsh
-- Installing: /home/linjiawei/load_mcap/install/fault_diagnosis/share/fault_diagnosis/local_setup.dsv
-- Installing: /home/linjiawei/load_mcap/install/fault_diagnosis/share/fault_diagnosis/package.dsv
-- Installing: /home/linjiawei/load_mcap/install/fault_diagnosis/share/ament_index/resource_index/packages/fault_diagnosis
-- Installing: /home/linjiawei/load_mcap/install/fault_diagnosis/share/fault_diagnosis/cmake/export_fault_diagnosis__rosidl_generator_cExport.cmake
-- Installing: /home/linjiawei/load_mcap/install/fault_diagnosis/share/fault_diagnosis/cmake/export_fault_diagnosis__rosidl_generator_cExport-noconfig.cmake
-- Installing: /home/linjiawei/load_mcap/install/fault_diagnosis/share/fault_diagnosis/cmake/export_fault_diagnosis__rosidl_typesupport_fastrtps_cExport.cmake
-- Installing: /home/linjiawei/load_mcap/install/fault_diagnosis/share/fault_diagnosis/cmake/export_fault_diagnosis__rosidl_typesupport_fastrtps_cExport-noconfig.cmake
-- Installing: /home/linjiawei/load_mcap/install/fault_diagnosis/share/fault_diagnosis/cmake/fault_diagnosis__rosidl_typesupport_introspection_cExport.cmake
-- Installing: /home/linjiawei/load_mcap/install/fault_diagnosis/share/fault_diagnosis/cmake/fault_diagnosis__rosidl_typesupport_introspection_cExport-noconfig.cmake
-- Installing: /home/linjiawei/load_mcap/install/fault_diagnosis/share/fault_diagnosis/cmake/fault_diagnosis__rosidl_typesupport_cExport.cmake
-- Installing: /home/linjiawei/load_mcap/install/fault_diagnosis/share/fault_diagnosis/cmake/fault_diagnosis__rosidl_typesupport_cExport-noconfig.cmake
-- Installing: /home/linjiawei/load_mcap/install/fault_diagnosis/share/fault_diagnosis/cmake/export_fault_diagnosis__rosidl_generator_cppExport.cmake
-- Installing: /home/linjiawei/load_mcap/install/fault_diagnosis/share/fault_diagnosis/cmake/export_fault_diagnosis__rosidl_typesupport_fastrtps_cppExport.cmake
-- Installing: /home/linjiawei/load_mcap/install/fault_diagnosis/share/fault_diagnosis/cmake/export_fault_diagnosis__rosidl_typesupport_fastrtps_cppExport-noconfig.cmake
-- Installing: /home/linjiawei/load_mcap/install/fault_diagnosis/share/fault_diagnosis/cmake/fault_diagnosis__rosidl_typesupport_introspection_cppExport.cmake
-- Installing: /home/linjiawei/load_mcap/install/fault_diagnosis/share/fault_diagnosis/cmake/fault_diagnosis__rosidl_typesupport_introspection_cppExport-noconfig.cmake
-- Installing: /home/linjiawei/load_mcap/install/fault_diagnosis/share/fault_diagnosis/cmake/fault_diagnosis__rosidl_typesupport_cppExport.cmake
-- Installing: /home/linjiawei/load_mcap/install/fault_diagnosis/share/fault_diagnosis/cmake/fault_diagnosis__rosidl_typesupport_cppExport-noconfig.cmake
-- Installing: /home/linjiawei/load_mcap/install/fault_diagnosis/share/fault_diagnosis/cmake/export_fault_diagnosis__rosidl_generator_pyExport.cmake
-- Installing: /home/linjiawei/load_mcap/install/fault_diagnosis/share/fault_diagnosis/cmake/export_fault_diagnosis__rosidl_generator_pyExport-noconfig.cmake
-- Installing: /home/linjiawei/load_mcap/install/fault_diagnosis/share/fault_diagnosis/cmake/rosidl_cmake-extras.cmake
-- Installing: /home/linjiawei/load_mcap/install/fault_diagnosis/share/fault_diagnosis/cmake/ament_cmake_export_dependencies-extras.cmake
-- Installing: /home/linjiawei/load_mcap/install/fault_diagnosis/share/fault_diagnosis/cmake/ament_cmake_export_include_directories-extras.cmake
-- Installing: /home/linjiawei/load_mcap/install/fault_diagnosis/share/fault_diagnosis/cmake/ament_cmake_export_libraries-extras.cmake
-- Installing: /home/linjiawei/load_mcap/install/fault_diagnosis/share/fault_diagnosis/cmake/ament_cmake_export_targets-extras.cmake
-- Installing: /home/linjiawei/load_mcap/install/fault_diagnosis/share/fault_diagnosis/cmake/rosidl_cmake_export_typesupport_targets-extras.cmake
-- Installing: /home/linjiawei/load_mcap/install/fault_diagnosis/share/fault_diagnosis/cmake/rosidl_cmake_export_typesupport_libraries-extras.cmake
-- Installing: /home/linjiawei/load_mcap/install/fault_diagnosis/share/fault_diagnosis/cmake/fault_diagnosisConfig.cmake
-- Installing: /home/linjiawei/load_mcap/install/fault_diagnosis/share/fault_diagnosis/cmake/fault_diagnosisConfig-version.cmake
-- Installing: /home/linjiawei/load_mcap/install/fault_diagnosis/share/fault_diagnosis/package.xml
