[0.028s] Invoking command in '/home/linjiawei/load_mcap/build/deva_ads_msgs': CMAKE_PREFIX_PATH=${CMAKE_PREFIX_PATH}:/opt/ros/humble /usr/bin/cmake --build /home/linjiawei/load_mcap/build/deva_ads_msgs -- -j17 -l17
[0.086s] [  1%] Built target deva_ads_msgs__cpp
[0.087s] [ 12%] Built target deva_ads_msgs__rosidl_generator_c
[0.136s] [ 12%] Built target ament_cmake_python_copy_deva_ads_msgs
[0.151s] [ 23%] Built target deva_ads_msgs__rosidl_typesupport_cpp
[0.159s] [ 34%] Built target deva_ads_msgs__rosidl_typesupport_introspection_cpp
[0.160s] [ 45%] Built target deva_ads_msgs__rosidl_typesupport_fastrtps_cpp
[0.163s] [ 56%] Built target deva_ads_msgs__rosidl_typesupport_fastrtps_c
[0.173s] [ 67%] Built target deva_ads_msgs__rosidl_typesupport_introspection_c
[0.176s] [ 78%] Built target deva_ads_msgs__rosidl_typesupport_c
[0.202s] [ 78%] Built target deva_ads_msgs
[0.227s] [ 80%] Built target deva_ads_msgs__py
[0.255s] [ 89%] Built target deva_ads_msgs__rosidl_generator_py
[0.287s] [ 92%] Built target deva_ads_msgs__rosidl_typesupport_introspection_c__pyext
[0.288s] [100%] Built target deva_ads_msgs__rosidl_typesupport_c__pyext
[0.288s] [100%] Built target deva_ads_msgs__rosidl_typesupport_fastrtps_c__pyext
[0.454s] running egg_info
[0.454s] writing deva_ads_msgs.egg-info/PKG-INFO
[0.455s] writing dependency_links to deva_ads_msgs.egg-info/dependency_links.txt
[0.455s] writing top-level names to deva_ads_msgs.egg-info/top_level.txt
[0.459s] reading manifest file 'deva_ads_msgs.egg-info/SOURCES.txt'
[0.459s] writing manifest file 'deva_ads_msgs.egg-info/SOURCES.txt'
[0.525s] [100%] Built target ament_cmake_python_build_deva_ads_msgs_egg
