[0.027s] Invoking command in '/home/linjiawei/load_mcap/build/mcap_streamer': CMAKE_PREFIX_PATH=${CMAKE_PREFIX_PATH}:/opt/ros/humble /usr/bin/cmake --build /home/linjiawei/load_mcap/build/mcap_streamer -- -j17 -l17
[0.051s] -- Found ament_cmake: 1.3.12 (/opt/ros/humble/share/ament_cmake/cmake)
[0.234s] -- Found rclcpp: 16.0.15 (/opt/ros/humble/share/rclcpp/cmake)
[0.259s] -- Found rosidl_generator_c: 3.1.7 (/opt/ros/humble/share/rosidl_generator_c/cmake)
[0.270s] -- Found rosidl_adapter: 3.1.7 (/opt/ros/humble/share/rosidl_adapter/cmake)
[0.275s] -- Found rosidl_generator_cpp: 3.1.7 (/opt/ros/humble/share/rosidl_generator_cpp/cmake)
[0.286s] -- Using all available rosidl_typesupport_c: rosidl_typesupport_fastrtps_c;rosidl_typesupport_introspection_c
[0.298s] -- Using all available rosidl_typesupport_cpp: rosidl_typesupport_fastrtps_cpp;rosidl_typesupport_introspection_cpp
[0.332s] -- Found rmw_implementation_cmake: 6.1.2 (/opt/ros/humble/share/rmw_implementation_cmake/cmake)
[0.333s] -- Found rmw_fastrtps_cpp: 6.2.9 (/opt/ros/humble/share/rmw_fastrtps_cpp/cmake)
[0.420s] -- Using RMW implementation 'rmw_fastrtps_cpp' as default
[0.516s] -- Found rosbag2_cpp: 0.15.15 (/opt/ros/humble/share/rosbag2_cpp/cmake)
[0.517s] -- Found ament_lint_auto: 0.12.14 (/opt/ros/humble/share/ament_lint_auto/cmake)
[0.626s] -- Added test 'cppcheck' to perform static code analysis on C / C++ code
[0.626s] -- Configured cppcheck include dirs: $<BUILD_INTERFACE:/home/linjiawei/load_mcap/src/mcap_streamer/include>
[0.626s] -- Configured cppcheck exclude dirs and/or files: 
[0.627s] -- Added test 'flake8' to check Python code syntax and style conventions
[0.627s] -- Added test 'lint_cmake' to check CMake code style
[0.627s] -- Added test 'pep257' to check Python code against some of the docstring style conventions in PEP 257
[0.627s] -- Added test 'uncrustify' to check C / C++ code style
[0.627s] -- Configured uncrustify additional arguments: 
[0.627s] -- Added test 'xmllint' to check XML markup files
[0.627s] -- Configuring done
[0.629s] -- Generating done
[0.633s] -- Build files have been written to: /home/linjiawei/load_mcap/build/mcap_streamer
[0.633s] [35m[1mConsolidate compiler generated dependencies of target s3_downloader_lib[0m
[0.633s] [35m[1mConsolidate compiler generated dependencies of target mcap_reader_node[0m
[0.644s] [ 16%] [32mBuilding CXX object CMakeFiles/s3_downloader_lib.dir/src/s3_downloader.cpp.o[0m
[0.651s] [ 50%] Built target mcap_reader_node
[1.186s] [ 66%] [32m[1mLinking CXX static library libs3_downloader_lib.a[0m
[1.240s] [ 66%] Built target s3_downloader_lib
[1.253s] [35m[1mConsolidate compiler generated dependencies of target mcap_streamer_node[0m
[1.274s] [ 83%] [32m[1mLinking CXX executable mcap_streamer_node[0m
[1.531s] [100%] Built target mcap_streamer_node
[1.600s] Invoked command in '/home/linjiawei/load_mcap/build/mcap_streamer' returned '0': CMAKE_PREFIX_PATH=${CMAKE_PREFIX_PATH}:/opt/ros/humble /usr/bin/cmake --build /home/linjiawei/load_mcap/build/mcap_streamer -- -j17 -l17
[1.602s] Invoking command in '/home/linjiawei/load_mcap/build/mcap_streamer': CMAKE_PREFIX_PATH=${CMAKE_PREFIX_PATH}:/opt/ros/humble /usr/bin/cmake --install /home/linjiawei/load_mcap/build/mcap_streamer
[1.634s] -- Install configuration: ""
[1.634s] -- Installing: /home/linjiawei/load_mcap/install/mcap_streamer/lib/mcap_streamer/mcap_streamer_node
[1.643s] -- Set runtime path of "/home/linjiawei/load_mcap/install/mcap_streamer/lib/mcap_streamer/mcap_streamer_node" to ""
[1.643s] -- Up-to-date: /home/linjiawei/load_mcap/install/mcap_streamer/lib/mcap_streamer/mcap_reader_node
[1.644s] -- Up-to-date: /home/linjiawei/load_mcap/install/mcap_streamer/share/mcap_streamer/config
[1.644s] -- Up-to-date: /home/linjiawei/load_mcap/install/mcap_streamer/share/mcap_streamer/config/mcap_streamer_params.yaml
[1.644s] -- Up-to-date: /home/linjiawei/load_mcap/install/mcap_streamer/share/mcap_streamer/config/mcap_reader_params.yaml
[1.644s] -- Up-to-date: /home/linjiawei/load_mcap/install/mcap_streamer/share/mcap_streamer/launch
[1.644s] -- Up-to-date: /home/linjiawei/load_mcap/install/mcap_streamer/share/mcap_streamer/launch/mcap_streamer.launch.py
[1.644s] -- Up-to-date: /home/linjiawei/load_mcap/install/mcap_streamer/share/mcap_streamer/launch/mcap_reader.launch.py
[1.644s] -- Up-to-date: /home/linjiawei/load_mcap/install/mcap_streamer/share/mcap_streamer/launch/mcap_streamer_with_reader.launch.py
[1.644s] -- Up-to-date: /home/linjiawei/load_mcap/install/mcap_streamer/share/ament_index/resource_index/package_run_dependencies/mcap_streamer
[1.644s] -- Up-to-date: /home/linjiawei/load_mcap/install/mcap_streamer/share/ament_index/resource_index/parent_prefix_path/mcap_streamer
[1.644s] -- Up-to-date: /home/linjiawei/load_mcap/install/mcap_streamer/share/mcap_streamer/environment/ament_prefix_path.sh
[1.645s] -- Installing: /home/linjiawei/load_mcap/install/mcap_streamer/share/mcap_streamer/environment/ament_prefix_path.dsv
[1.645s] -- Up-to-date: /home/linjiawei/load_mcap/install/mcap_streamer/share/mcap_streamer/environment/path.sh
[1.645s] -- Installing: /home/linjiawei/load_mcap/install/mcap_streamer/share/mcap_streamer/environment/path.dsv
[1.645s] -- Up-to-date: /home/linjiawei/load_mcap/install/mcap_streamer/share/mcap_streamer/local_setup.bash
[1.645s] -- Up-to-date: /home/linjiawei/load_mcap/install/mcap_streamer/share/mcap_streamer/local_setup.sh
[1.645s] -- Up-to-date: /home/linjiawei/load_mcap/install/mcap_streamer/share/mcap_streamer/local_setup.zsh
[1.645s] -- Installing: /home/linjiawei/load_mcap/install/mcap_streamer/share/mcap_streamer/local_setup.dsv
[1.645s] -- Installing: /home/linjiawei/load_mcap/install/mcap_streamer/share/mcap_streamer/package.dsv
[1.645s] -- Up-to-date: /home/linjiawei/load_mcap/install/mcap_streamer/share/ament_index/resource_index/packages/mcap_streamer
[1.645s] -- Up-to-date: /home/linjiawei/load_mcap/install/mcap_streamer/share/mcap_streamer/cmake/mcap_streamerConfig.cmake
[1.645s] -- Up-to-date: /home/linjiawei/load_mcap/install/mcap_streamer/share/mcap_streamer/cmake/mcap_streamerConfig-version.cmake
[1.646s] -- Up-to-date: /home/linjiawei/load_mcap/install/mcap_streamer/share/mcap_streamer/package.xml
[1.659s] Invoked command in '/home/linjiawei/load_mcap/build/mcap_streamer' returned '0': CMAKE_PREFIX_PATH=${CMAKE_PREFIX_PATH}:/opt/ros/humble /usr/bin/cmake --install /home/linjiawei/load_mcap/build/mcap_streamer
