[0.034s] Invoking command in '/home/linjiawei/load_mcap/build/deva_common_msgs': CMAKE_PREFIX_PATH=${CMAKE_PREFIX_PATH}:/opt/ros/humble /usr/bin/cmake --build /home/linjiawei/load_mcap/build/deva_common_msgs -- -j17 -l17
[0.097s] [  0%] Built target deva_common_msgs__cpp
[0.102s] [ 12%] Built target deva_common_msgs__rosidl_generator_c
[0.130s] [ 12%] Built target ament_cmake_python_copy_deva_common_msgs
[0.183s] [ 24%] Built target deva_common_msgs__rosidl_typesupport_fastrtps_c
[0.186s] [ 42%] Built target deva_common_msgs__rosidl_typesupport_introspection_c
[0.186s] [ 48%] Built target deva_common_msgs__rosidl_typesupport_c
[0.187s] [ 60%] Built target deva_common_msgs__rosidl_typesupport_cpp
[0.192s] [ 72%] Built target deva_common_msgs__rosidl_typesupport_fastrtps_cpp
[0.195s] [ 84%] Built target deva_common_msgs__rosidl_typesupport_introspection_cpp
[0.226s] [ 84%] Built target deva_common_msgs
[0.252s] [ 85%] Built target deva_common_msgs__py
[0.285s] [ 96%] Built target deva_common_msgs__rosidl_generator_py
[0.311s] [ 97%] Built target deva_common_msgs__rosidl_typesupport_c__pyext
[0.312s] [ 99%] Built target deva_common_msgs__rosidl_typesupport_introspection_c__pyext
[0.312s] [100%] Built target deva_common_msgs__rosidl_typesupport_fastrtps_c__pyext
[0.449s] running egg_info
[0.450s] writing deva_common_msgs.egg-info/PKG-INFO
[0.450s] writing dependency_links to deva_common_msgs.egg-info/dependency_links.txt
[0.450s] writing top-level names to deva_common_msgs.egg-info/top_level.txt
[0.454s] reading manifest file 'deva_common_msgs.egg-info/SOURCES.txt'
[0.455s] writing manifest file 'deva_common_msgs.egg-info/SOURCES.txt'
[0.487s] [100%] Built target ament_cmake_python_build_deva_common_msgs_egg
[0.498s] Invoked command in '/home/linjiawei/load_mcap/build/deva_common_msgs' returned '0': CMAKE_PREFIX_PATH=${CMAKE_PREFIX_PATH}:/opt/ros/humble /usr/bin/cmake --build /home/linjiawei/load_mcap/build/deva_common_msgs -- -j17 -l17
[0.504s] Invoking command in '/home/linjiawei/load_mcap/build/deva_common_msgs': CMAKE_PREFIX_PATH=${CMAKE_PREFIX_PATH}:/opt/ros/humble /usr/bin/cmake --install /home/linjiawei/load_mcap/build/deva_common_msgs
[0.540s] -- Install configuration: ""
[0.542s] -- Up-to-date: /home/linjiawei/load_mcap/install/deva_common_msgs/share/ament_index/resource_index/rosidl_interfaces/deva_common_msgs
[0.543s] -- Up-to-date: /home/linjiawei/load_mcap/install/deva_common_msgs/include/deva_common_msgs/deva_common_msgs
[0.543s] -- Up-to-date: /home/linjiawei/load_mcap/install/deva_common_msgs/include/deva_common_msgs/deva_common_msgs/msg
[0.543s] -- Up-to-date: /home/linjiawei/load_mcap/install/deva_common_msgs/include/deva_common_msgs/deva_common_msgs/msg/rosidl_generator_c__visibility_control.h
[0.543s] -- Up-to-date: /home/linjiawei/load_mcap/install/deva_common_msgs/include/deva_common_msgs/deva_common_msgs/msg/bounding_box.h
[0.543s] -- Up-to-date: /home/linjiawei/load_mcap/install/deva_common_msgs/include/deva_common_msgs/deva_common_msgs/msg/detail
[0.545s] -- Up-to-date: /home/linjiawei/load_mcap/install/deva_common_msgs/include/deva_common_msgs/deva_common_msgs/msg/detail/bounding_box__functions.c
[0.545s] -- Up-to-date: /home/linjiawei/load_mcap/install/deva_common_msgs/include/deva_common_msgs/deva_common_msgs/msg/detail/bounding_box__functions.h
[0.545s] -- Up-to-date: /home/linjiawei/load_mcap/install/deva_common_msgs/include/deva_common_msgs/deva_common_msgs/msg/detail/bounding_box__struct.h
[0.545s] -- Up-to-date: /home/linjiawei/load_mcap/install/deva_common_msgs/include/deva_common_msgs/deva_common_msgs/msg/detail/bounding_box__type_support.h
[0.546s] -- Up-to-date: /home/linjiawei/load_mcap/install/deva_common_msgs/include/deva_common_msgs/deva_common_msgs/msg/detail/bounding_box2d__functions.c
[0.546s] -- Up-to-date: /home/linjiawei/load_mcap/install/deva_common_msgs/include/deva_common_msgs/deva_common_msgs/msg/detail/bounding_box2d__functions.h
[0.546s] -- Up-to-date: /home/linjiawei/load_mcap/install/deva_common_msgs/include/deva_common_msgs/deva_common_msgs/msg/detail/bounding_box2d__struct.h
[0.546s] -- Up-to-date: /home/linjiawei/load_mcap/install/deva_common_msgs/include/deva_common_msgs/deva_common_msgs/msg/detail/bounding_box2d__type_support.h
[0.546s] -- Up-to-date: /home/linjiawei/load_mcap/install/deva_common_msgs/include/deva_common_msgs/deva_common_msgs/msg/detail/dimension__functions.c
[0.546s] -- Up-to-date: /home/linjiawei/load_mcap/install/deva_common_msgs/include/deva_common_msgs/deva_common_msgs/msg/detail/dimension__functions.h
[0.546s] -- Up-to-date: /home/linjiawei/load_mcap/install/deva_common_msgs/include/deva_common_msgs/deva_common_msgs/msg/detail/dimension__struct.h
[0.546s] -- Up-to-date: /home/linjiawei/load_mcap/install/deva_common_msgs/include/deva_common_msgs/deva_common_msgs/msg/detail/dimension__type_support.h
[0.546s] -- Up-to-date: /home/linjiawei/load_mcap/install/deva_common_msgs/include/deva_common_msgs/deva_common_msgs/msg/detail/disperse_curve__functions.c
[0.547s] -- Up-to-date: /home/linjiawei/load_mcap/install/deva_common_msgs/include/deva_common_msgs/deva_common_msgs/msg/detail/disperse_curve__functions.h
[0.547s] -- Up-to-date: /home/linjiawei/load_mcap/install/deva_common_msgs/include/deva_common_msgs/deva_common_msgs/msg/detail/disperse_curve__struct.h
[0.547s] -- Up-to-date: /home/linjiawei/load_mcap/install/deva_common_msgs/include/deva_common_msgs/deva_common_msgs/msg/detail/disperse_curve__type_support.h
[0.547s] -- Up-to-date: /home/linjiawei/load_mcap/install/deva_common_msgs/include/deva_common_msgs/deva_common_msgs/msg/detail/equation_curve__functions.c
[0.547s] -- Up-to-date: /home/linjiawei/load_mcap/install/deva_common_msgs/include/deva_common_msgs/deva_common_msgs/msg/detail/equation_curve__functions.h
[0.547s] -- Up-to-date: /home/linjiawei/load_mcap/install/deva_common_msgs/include/deva_common_msgs/deva_common_msgs/msg/detail/equation_curve__struct.h
[0.547s] -- Up-to-date: /home/linjiawei/load_mcap/install/deva_common_msgs/include/deva_common_msgs/deva_common_msgs/msg/detail/equation_curve__type_support.h
[0.548s] -- Up-to-date: /home/linjiawei/load_mcap/install/deva_common_msgs/include/deva_common_msgs/deva_common_msgs/msg/detail/ground_point__functions.c
[0.548s] -- Up-to-date: /home/linjiawei/load_mcap/install/deva_common_msgs/include/deva_common_msgs/deva_common_msgs/msg/detail/ground_point__functions.h
[0.548s] -- Up-to-date: /home/linjiawei/load_mcap/install/deva_common_msgs/include/deva_common_msgs/deva_common_msgs/msg/detail/ground_point__struct.h
[0.548s] -- Up-to-date: /home/linjiawei/load_mcap/install/deva_common_msgs/include/deva_common_msgs/deva_common_msgs/msg/detail/ground_point__type_support.h
[0.548s] -- Up-to-date: /home/linjiawei/load_mcap/install/deva_common_msgs/include/deva_common_msgs/deva_common_msgs/msg/detail/header__functions.c
[0.548s] -- Up-to-date: /home/linjiawei/load_mcap/install/deva_common_msgs/include/deva_common_msgs/deva_common_msgs/msg/detail/header__functions.h
[0.548s] -- Up-to-date: /home/linjiawei/load_mcap/install/deva_common_msgs/include/deva_common_msgs/deva_common_msgs/msg/detail/header__struct.h
[0.548s] -- Up-to-date: /home/linjiawei/load_mcap/install/deva_common_msgs/include/deva_common_msgs/deva_common_msgs/msg/detail/header__type_support.h
[0.548s] -- Up-to-date: /home/linjiawei/load_mcap/install/deva_common_msgs/include/deva_common_msgs/deva_common_msgs/msg/detail/kv__functions.c
[0.548s] -- Up-to-date: /home/linjiawei/load_mcap/install/deva_common_msgs/include/deva_common_msgs/deva_common_msgs/msg/detail/kv__functions.h
[0.548s] -- Up-to-date: /home/linjiawei/load_mcap/install/deva_common_msgs/include/deva_common_msgs/deva_common_msgs/msg/detail/kv__struct.h
[0.549s] -- Up-to-date: /home/linjiawei/load_mcap/install/deva_common_msgs/include/deva_common_msgs/deva_common_msgs/msg/detail/kv__type_support.h
[0.550s] -- Up-to-date: /home/linjiawei/load_mcap/install/deva_common_msgs/include/deva_common_msgs/deva_common_msgs/msg/detail/line2d__functions.c
[0.550s] -- Up-to-date: /home/linjiawei/load_mcap/install/deva_common_msgs/include/deva_common_msgs/deva_common_msgs/msg/detail/line2d__functions.h
[0.550s] -- Up-to-date: /home/linjiawei/load_mcap/install/deva_common_msgs/include/deva_common_msgs/deva_common_msgs/msg/detail/line2d__struct.h
[0.550s] -- Up-to-date: /home/linjiawei/load_mcap/install/deva_common_msgs/include/deva_common_msgs/deva_common_msgs/msg/detail/line2d__type_support.h
[0.550s] -- Up-to-date: /home/linjiawei/load_mcap/install/deva_common_msgs/include/deva_common_msgs/deva_common_msgs/msg/detail/line_segment__functions.c
[0.550s] -- Up-to-date: /home/linjiawei/load_mcap/install/deva_common_msgs/include/deva_common_msgs/deva_common_msgs/msg/detail/line_segment__functions.h
[0.550s] -- Up-to-date: /home/linjiawei/load_mcap/install/deva_common_msgs/include/deva_common_msgs/deva_common_msgs/msg/detail/line_segment__struct.h
[0.551s] -- Up-to-date: /home/linjiawei/load_mcap/install/deva_common_msgs/include/deva_common_msgs/deva_common_msgs/msg/detail/line_segment__type_support.h
[0.551s] -- Up-to-date: /home/linjiawei/load_mcap/install/deva_common_msgs/include/deva_common_msgs/deva_common_msgs/msg/detail/point2d__functions.c
[0.551s] -- Up-to-date: /home/linjiawei/load_mcap/install/deva_common_msgs/include/deva_common_msgs/deva_common_msgs/msg/detail/point2d__functions.h
[0.552s] -- Up-to-date: /home/linjiawei/load_mcap/install/deva_common_msgs/include/deva_common_msgs/deva_common_msgs/msg/detail/point2d__struct.h
[0.552s] -- Up-to-date: /home/linjiawei/load_mcap/install/deva_common_msgs/include/deva_common_msgs/deva_common_msgs/msg/detail/point2d__type_support.h
[0.552s] -- Up-to-date: /home/linjiawei/load_mcap/install/deva_common_msgs/include/deva_common_msgs/deva_common_msgs/msg/detail/serialize__functions.c
[0.552s] -- Up-to-date: /home/linjiawei/load_mcap/install/deva_common_msgs/include/deva_common_msgs/deva_common_msgs/msg/detail/serialize__functions.h
[0.552s] -- Up-to-date: /home/linjiawei/load_mcap/install/deva_common_msgs/include/deva_common_msgs/deva_common_msgs/msg/detail/serialize__struct.h
[0.552s] -- Up-to-date: /home/linjiawei/load_mcap/install/deva_common_msgs/include/deva_common_msgs/deva_common_msgs/msg/detail/serialize__type_support.h
[0.552s] -- Up-to-date: /home/linjiawei/load_mcap/install/deva_common_msgs/include/deva_common_msgs/deva_common_msgs/msg/detail/string__functions.c
[0.553s] -- Up-to-date: /home/linjiawei/load_mcap/install/deva_common_msgs/include/deva_common_msgs/deva_common_msgs/msg/detail/string__functions.h
[0.553s] -- Up-to-date: /home/linjiawei/load_mcap/install/deva_common_msgs/include/deva_common_msgs/deva_common_msgs/msg/detail/string__struct.h
[0.553s] -- Up-to-date: /home/linjiawei/load_mcap/install/deva_common_msgs/include/deva_common_msgs/deva_common_msgs/msg/detail/string__type_support.h
[0.553s] -- Up-to-date: /home/linjiawei/load_mcap/install/deva_common_msgs/include/deva_common_msgs/deva_common_msgs/msg/bounding_box2d.h
[0.553s] -- Up-to-date: /home/linjiawei/load_mcap/install/deva_common_msgs/include/deva_common_msgs/deva_common_msgs/msg/dimension.h
[0.553s] -- Up-to-date: /home/linjiawei/load_mcap/install/deva_common_msgs/include/deva_common_msgs/deva_common_msgs/msg/disperse_curve.h
[0.553s] -- Up-to-date: /home/linjiawei/load_mcap/install/deva_common_msgs/include/deva_common_msgs/deva_common_msgs/msg/equation_curve.h
[0.553s] -- Up-to-date: /home/linjiawei/load_mcap/install/deva_common_msgs/include/deva_common_msgs/deva_common_msgs/msg/ground_point.h
[0.553s] -- Up-to-date: /home/linjiawei/load_mcap/install/deva_common_msgs/include/deva_common_msgs/deva_common_msgs/msg/header.h
[0.553s] -- Up-to-date: /home/linjiawei/load_mcap/install/deva_common_msgs/include/deva_common_msgs/deva_common_msgs/msg/kv.h
[0.553s] -- Up-to-date: /home/linjiawei/load_mcap/install/deva_common_msgs/include/deva_common_msgs/deva_common_msgs/msg/line2d.h
[0.553s] -- Up-to-date: /home/linjiawei/load_mcap/install/deva_common_msgs/include/deva_common_msgs/deva_common_msgs/msg/line_segment.h
[0.553s] -- Up-to-date: /home/linjiawei/load_mcap/install/deva_common_msgs/include/deva_common_msgs/deva_common_msgs/msg/point2d.h
[0.554s] -- Up-to-date: /home/linjiawei/load_mcap/install/deva_common_msgs/include/deva_common_msgs/deva_common_msgs/msg/serialize.h
[0.554s] -- Up-to-date: /home/linjiawei/load_mcap/install/deva_common_msgs/include/deva_common_msgs/deva_common_msgs/msg/string.h
[0.554s] -- Up-to-date: /home/linjiawei/load_mcap/install/deva_common_msgs/share/deva_common_msgs/environment/library_path.sh
[0.554s] -- Up-to-date: /home/linjiawei/load_mcap/install/deva_common_msgs/share/deva_common_msgs/environment/library_path.dsv
[0.555s] -- Up-to-date: /home/linjiawei/load_mcap/install/deva_common_msgs/lib/libdeva_common_msgs__rosidl_generator_c.so
[0.556s] -- Up-to-date: /home/linjiawei/load_mcap/install/deva_common_msgs/include/deva_common_msgs/deva_common_msgs
[0.556s] -- Up-to-date: /home/linjiawei/load_mcap/install/deva_common_msgs/include/deva_common_msgs/deva_common_msgs/msg
[0.556s] -- Up-to-date: /home/linjiawei/load_mcap/install/deva_common_msgs/include/deva_common_msgs/deva_common_msgs/msg/rosidl_typesupport_fastrtps_c__visibility_control.h
[0.557s] -- Up-to-date: /home/linjiawei/load_mcap/install/deva_common_msgs/include/deva_common_msgs/deva_common_msgs/msg/detail
[0.557s] -- Up-to-date: /home/linjiawei/load_mcap/install/deva_common_msgs/include/deva_common_msgs/deva_common_msgs/msg/detail/bounding_box__rosidl_typesupport_fastrtps_c.h
[0.557s] -- Up-to-date: /home/linjiawei/load_mcap/install/deva_common_msgs/include/deva_common_msgs/deva_common_msgs/msg/detail/bounding_box2d__rosidl_typesupport_fastrtps_c.h
[0.557s] -- Up-to-date: /home/linjiawei/load_mcap/install/deva_common_msgs/include/deva_common_msgs/deva_common_msgs/msg/detail/dimension__rosidl_typesupport_fastrtps_c.h
[0.557s] -- Up-to-date: /home/linjiawei/load_mcap/install/deva_common_msgs/include/deva_common_msgs/deva_common_msgs/msg/detail/disperse_curve__rosidl_typesupport_fastrtps_c.h
[0.557s] -- Up-to-date: /home/linjiawei/load_mcap/install/deva_common_msgs/include/deva_common_msgs/deva_common_msgs/msg/detail/equation_curve__rosidl_typesupport_fastrtps_c.h
[0.557s] -- Up-to-date: /home/linjiawei/load_mcap/install/deva_common_msgs/include/deva_common_msgs/deva_common_msgs/msg/detail/ground_point__rosidl_typesupport_fastrtps_c.h
[0.557s] -- Up-to-date: /home/linjiawei/load_mcap/install/deva_common_msgs/include/deva_common_msgs/deva_common_msgs/msg/detail/header__rosidl_typesupport_fastrtps_c.h
[0.557s] -- Up-to-date: /home/linjiawei/load_mcap/install/deva_common_msgs/include/deva_common_msgs/deva_common_msgs/msg/detail/kv__rosidl_typesupport_fastrtps_c.h
[0.557s] -- Up-to-date: /home/linjiawei/load_mcap/install/deva_common_msgs/include/deva_common_msgs/deva_common_msgs/msg/detail/line2d__rosidl_typesupport_fastrtps_c.h
[0.557s] -- Up-to-date: /home/linjiawei/load_mcap/install/deva_common_msgs/include/deva_common_msgs/deva_common_msgs/msg/detail/line_segment__rosidl_typesupport_fastrtps_c.h
[0.557s] -- Up-to-date: /home/linjiawei/load_mcap/install/deva_common_msgs/include/deva_common_msgs/deva_common_msgs/msg/detail/point2d__rosidl_typesupport_fastrtps_c.h
[0.557s] -- Up-to-date: /home/linjiawei/load_mcap/install/deva_common_msgs/include/deva_common_msgs/deva_common_msgs/msg/detail/serialize__rosidl_typesupport_fastrtps_c.h
[0.558s] -- Up-to-date: /home/linjiawei/load_mcap/install/deva_common_msgs/include/deva_common_msgs/deva_common_msgs/msg/detail/string__rosidl_typesupport_fastrtps_c.h
[0.558s] -- Up-to-date: /home/linjiawei/load_mcap/install/deva_common_msgs/lib/libdeva_common_msgs__rosidl_typesupport_fastrtps_c.so
[0.558s] -- Up-to-date: /home/linjiawei/load_mcap/install/deva_common_msgs/include/deva_common_msgs/deva_common_msgs
[0.558s] -- Up-to-date: /home/linjiawei/load_mcap/install/deva_common_msgs/include/deva_common_msgs/deva_common_msgs/msg
[0.558s] -- Up-to-date: /home/linjiawei/load_mcap/install/deva_common_msgs/include/deva_common_msgs/deva_common_msgs/msg/rosidl_typesupport_introspection_c__visibility_control.h
[0.558s] -- Up-to-date: /home/linjiawei/load_mcap/install/deva_common_msgs/include/deva_common_msgs/deva_common_msgs/msg/detail
[0.559s] -- Up-to-date: /home/linjiawei/load_mcap/install/deva_common_msgs/include/deva_common_msgs/deva_common_msgs/msg/detail/bounding_box__rosidl_typesupport_introspection_c.h
[0.559s] -- Up-to-date: /home/linjiawei/load_mcap/install/deva_common_msgs/include/deva_common_msgs/deva_common_msgs/msg/detail/bounding_box__type_support.c
[0.559s] -- Up-to-date: /home/linjiawei/load_mcap/install/deva_common_msgs/include/deva_common_msgs/deva_common_msgs/msg/detail/bounding_box2d__rosidl_typesupport_introspection_c.h
[0.559s] -- Up-to-date: /home/linjiawei/load_mcap/install/deva_common_msgs/include/deva_common_msgs/deva_common_msgs/msg/detail/bounding_box2d__type_support.c
[0.559s] -- Up-to-date: /home/linjiawei/load_mcap/install/deva_common_msgs/include/deva_common_msgs/deva_common_msgs/msg/detail/dimension__rosidl_typesupport_introspection_c.h
[0.559s] -- Up-to-date: /home/linjiawei/load_mcap/install/deva_common_msgs/include/deva_common_msgs/deva_common_msgs/msg/detail/dimension__type_support.c
[0.559s] -- Up-to-date: /home/linjiawei/load_mcap/install/deva_common_msgs/include/deva_common_msgs/deva_common_msgs/msg/detail/disperse_curve__rosidl_typesupport_introspection_c.h
[0.559s] -- Up-to-date: /home/linjiawei/load_mcap/install/deva_common_msgs/include/deva_common_msgs/deva_common_msgs/msg/detail/disperse_curve__type_support.c
[0.559s] -- Up-to-date: /home/linjiawei/load_mcap/install/deva_common_msgs/include/deva_common_msgs/deva_common_msgs/msg/detail/equation_curve__rosidl_typesupport_introspection_c.h
[0.560s] -- Up-to-date: /home/linjiawei/load_mcap/install/deva_common_msgs/include/deva_common_msgs/deva_common_msgs/msg/detail/equation_curve__type_support.c
[0.561s] -- Up-to-date: /home/linjiawei/load_mcap/install/deva_common_msgs/include/deva_common_msgs/deva_common_msgs/msg/detail/ground_point__rosidl_typesupport_introspection_c.h
[0.561s] -- Up-to-date: /home/linjiawei/load_mcap/install/deva_common_msgs/include/deva_common_msgs/deva_common_msgs/msg/detail/ground_point__type_support.c
[0.561s] -- Up-to-date: /home/linjiawei/load_mcap/install/deva_common_msgs/include/deva_common_msgs/deva_common_msgs/msg/detail/header__rosidl_typesupport_introspection_c.h
[0.562s] -- Up-to-date: /home/linjiawei/load_mcap/install/deva_common_msgs/include/deva_common_msgs/deva_common_msgs/msg/detail/header__type_support.c
[0.562s] -- Up-to-date: /home/linjiawei/load_mcap/install/deva_common_msgs/include/deva_common_msgs/deva_common_msgs/msg/detail/kv__rosidl_typesupport_introspection_c.h
[0.563s] -- Up-to-date: /home/linjiawei/load_mcap/install/deva_common_msgs/include/deva_common_msgs/deva_common_msgs/msg/detail/kv__type_support.c
[0.563s] -- Up-to-date: /home/linjiawei/load_mcap/install/deva_common_msgs/include/deva_common_msgs/deva_common_msgs/msg/detail/line2d__rosidl_typesupport_introspection_c.h
[0.563s] -- Up-to-date: /home/linjiawei/load_mcap/install/deva_common_msgs/include/deva_common_msgs/deva_common_msgs/msg/detail/line2d__type_support.c
[0.563s] -- Up-to-date: /home/linjiawei/load_mcap/install/deva_common_msgs/include/deva_common_msgs/deva_common_msgs/msg/detail/line_segment__rosidl_typesupport_introspection_c.h
[0.563s] -- Up-to-date: /home/linjiawei/load_mcap/install/deva_common_msgs/include/deva_common_msgs/deva_common_msgs/msg/detail/line_segment__type_support.c
[0.563s] -- Up-to-date: /home/linjiawei/load_mcap/install/deva_common_msgs/include/deva_common_msgs/deva_common_msgs/msg/detail/point2d__rosidl_typesupport_introspection_c.h
[0.563s] -- Up-to-date: /home/linjiawei/load_mcap/install/deva_common_msgs/include/deva_common_msgs/deva_common_msgs/msg/detail/point2d__type_support.c
[0.563s] -- Up-to-date: /home/linjiawei/load_mcap/install/deva_common_msgs/include/deva_common_msgs/deva_common_msgs/msg/detail/serialize__rosidl_typesupport_introspection_c.h
[0.563s] -- Up-to-date: /home/linjiawei/load_mcap/install/deva_common_msgs/include/deva_common_msgs/deva_common_msgs/msg/detail/serialize__type_support.c
[0.563s] -- Up-to-date: /home/linjiawei/load_mcap/install/deva_common_msgs/include/deva_common_msgs/deva_common_msgs/msg/detail/string__rosidl_typesupport_introspection_c.h
[0.563s] -- Up-to-date: /home/linjiawei/load_mcap/install/deva_common_msgs/include/deva_common_msgs/deva_common_msgs/msg/detail/string__type_support.c
[0.563s] -- Up-to-date: /home/linjiawei/load_mcap/install/deva_common_msgs/lib/libdeva_common_msgs__rosidl_typesupport_introspection_c.so
[0.564s] -- Up-to-date: /home/linjiawei/load_mcap/install/deva_common_msgs/lib/libdeva_common_msgs__rosidl_typesupport_c.so
[0.564s] -- Up-to-date: /home/linjiawei/load_mcap/install/deva_common_msgs/include/deva_common_msgs/deva_common_msgs
[0.564s] -- Up-to-date: /home/linjiawei/load_mcap/install/deva_common_msgs/include/deva_common_msgs/deva_common_msgs/msg
[0.564s] -- Up-to-date: /home/linjiawei/load_mcap/install/deva_common_msgs/include/deva_common_msgs/deva_common_msgs/msg/rosidl_generator_cpp__visibility_control.hpp
[0.564s] -- Up-to-date: /home/linjiawei/load_mcap/install/deva_common_msgs/include/deva_common_msgs/deva_common_msgs/msg/bounding_box.hpp
[0.564s] -- Up-to-date: /home/linjiawei/load_mcap/install/deva_common_msgs/include/deva_common_msgs/deva_common_msgs/msg/detail
[0.564s] -- Up-to-date: /home/linjiawei/load_mcap/install/deva_common_msgs/include/deva_common_msgs/deva_common_msgs/msg/detail/bounding_box__builder.hpp
[0.564s] -- Up-to-date: /home/linjiawei/load_mcap/install/deva_common_msgs/include/deva_common_msgs/deva_common_msgs/msg/detail/bounding_box__struct.hpp
[0.564s] -- Up-to-date: /home/linjiawei/load_mcap/install/deva_common_msgs/include/deva_common_msgs/deva_common_msgs/msg/detail/bounding_box__traits.hpp
[0.564s] -- Up-to-date: /home/linjiawei/load_mcap/install/deva_common_msgs/include/deva_common_msgs/deva_common_msgs/msg/detail/bounding_box__type_support.hpp
[0.564s] -- Up-to-date: /home/linjiawei/load_mcap/install/deva_common_msgs/include/deva_common_msgs/deva_common_msgs/msg/detail/bounding_box2d__builder.hpp
[0.564s] -- Up-to-date: /home/linjiawei/load_mcap/install/deva_common_msgs/include/deva_common_msgs/deva_common_msgs/msg/detail/bounding_box2d__struct.hpp
[0.565s] -- Up-to-date: /home/linjiawei/load_mcap/install/deva_common_msgs/include/deva_common_msgs/deva_common_msgs/msg/detail/bounding_box2d__traits.hpp
[0.565s] -- Up-to-date: /home/linjiawei/load_mcap/install/deva_common_msgs/include/deva_common_msgs/deva_common_msgs/msg/detail/bounding_box2d__type_support.hpp
[0.565s] -- Up-to-date: /home/linjiawei/load_mcap/install/deva_common_msgs/include/deva_common_msgs/deva_common_msgs/msg/detail/dimension__builder.hpp
[0.565s] -- Up-to-date: /home/linjiawei/load_mcap/install/deva_common_msgs/include/deva_common_msgs/deva_common_msgs/msg/detail/dimension__struct.hpp
[0.565s] -- Up-to-date: /home/linjiawei/load_mcap/install/deva_common_msgs/include/deva_common_msgs/deva_common_msgs/msg/detail/dimension__traits.hpp
[0.565s] -- Up-to-date: /home/linjiawei/load_mcap/install/deva_common_msgs/include/deva_common_msgs/deva_common_msgs/msg/detail/dimension__type_support.hpp
[0.565s] -- Up-to-date: /home/linjiawei/load_mcap/install/deva_common_msgs/include/deva_common_msgs/deva_common_msgs/msg/detail/disperse_curve__builder.hpp
[0.565s] -- Up-to-date: /home/linjiawei/load_mcap/install/deva_common_msgs/include/deva_common_msgs/deva_common_msgs/msg/detail/disperse_curve__struct.hpp
[0.566s] -- Up-to-date: /home/linjiawei/load_mcap/install/deva_common_msgs/include/deva_common_msgs/deva_common_msgs/msg/detail/disperse_curve__traits.hpp
[0.566s] -- Up-to-date: /home/linjiawei/load_mcap/install/deva_common_msgs/include/deva_common_msgs/deva_common_msgs/msg/detail/disperse_curve__type_support.hpp
[0.566s] -- Up-to-date: /home/linjiawei/load_mcap/install/deva_common_msgs/include/deva_common_msgs/deva_common_msgs/msg/detail/equation_curve__builder.hpp
[0.566s] -- Up-to-date: /home/linjiawei/load_mcap/install/deva_common_msgs/include/deva_common_msgs/deva_common_msgs/msg/detail/equation_curve__struct.hpp
[0.566s] -- Up-to-date: /home/linjiawei/load_mcap/install/deva_common_msgs/include/deva_common_msgs/deva_common_msgs/msg/detail/equation_curve__traits.hpp
[0.566s] -- Up-to-date: /home/linjiawei/load_mcap/install/deva_common_msgs/include/deva_common_msgs/deva_common_msgs/msg/detail/equation_curve__type_support.hpp
[0.566s] -- Up-to-date: /home/linjiawei/load_mcap/install/deva_common_msgs/include/deva_common_msgs/deva_common_msgs/msg/detail/ground_point__builder.hpp
[0.566s] -- Up-to-date: /home/linjiawei/load_mcap/install/deva_common_msgs/include/deva_common_msgs/deva_common_msgs/msg/detail/ground_point__struct.hpp
[0.567s] -- Up-to-date: /home/linjiawei/load_mcap/install/deva_common_msgs/include/deva_common_msgs/deva_common_msgs/msg/detail/ground_point__traits.hpp
[0.571s] -- Up-to-date: /home/linjiawei/load_mcap/install/deva_common_msgs/include/deva_common_msgs/deva_common_msgs/msg/detail/ground_point__type_support.hpp
[0.571s] -- Up-to-date: /home/linjiawei/load_mcap/install/deva_common_msgs/include/deva_common_msgs/deva_common_msgs/msg/detail/header__builder.hpp
[0.571s] -- Up-to-date: /home/linjiawei/load_mcap/install/deva_common_msgs/include/deva_common_msgs/deva_common_msgs/msg/detail/header__struct.hpp
[0.571s] -- Up-to-date: /home/linjiawei/load_mcap/install/deva_common_msgs/include/deva_common_msgs/deva_common_msgs/msg/detail/header__traits.hpp
[0.571s] -- Up-to-date: /home/linjiawei/load_mcap/install/deva_common_msgs/include/deva_common_msgs/deva_common_msgs/msg/detail/header__type_support.hpp
[0.572s] -- Up-to-date: /home/linjiawei/load_mcap/install/deva_common_msgs/include/deva_common_msgs/deva_common_msgs/msg/detail/kv__builder.hpp
[0.572s] -- Up-to-date: /home/linjiawei/load_mcap/install/deva_common_msgs/include/deva_common_msgs/deva_common_msgs/msg/detail/kv__struct.hpp
[0.572s] -- Up-to-date: /home/linjiawei/load_mcap/install/deva_common_msgs/include/deva_common_msgs/deva_common_msgs/msg/detail/kv__traits.hpp
[0.572s] -- Up-to-date: /home/linjiawei/load_mcap/install/deva_common_msgs/include/deva_common_msgs/deva_common_msgs/msg/detail/kv__type_support.hpp
[0.572s] -- Up-to-date: /home/linjiawei/load_mcap/install/deva_common_msgs/include/deva_common_msgs/deva_common_msgs/msg/detail/line2d__builder.hpp
[0.572s] -- Up-to-date: /home/linjiawei/load_mcap/install/deva_common_msgs/include/deva_common_msgs/deva_common_msgs/msg/detail/line2d__struct.hpp
[0.572s] -- Up-to-date: /home/linjiawei/load_mcap/install/deva_common_msgs/include/deva_common_msgs/deva_common_msgs/msg/detail/line2d__traits.hpp
[0.572s] -- Up-to-date: /home/linjiawei/load_mcap/install/deva_common_msgs/include/deva_common_msgs/deva_common_msgs/msg/detail/line2d__type_support.hpp
[0.572s] -- Up-to-date: /home/linjiawei/load_mcap/install/deva_common_msgs/include/deva_common_msgs/deva_common_msgs/msg/detail/line_segment__builder.hpp
[0.572s] -- Up-to-date: /home/linjiawei/load_mcap/install/deva_common_msgs/include/deva_common_msgs/deva_common_msgs/msg/detail/line_segment__struct.hpp
[0.572s] -- Up-to-date: /home/linjiawei/load_mcap/install/deva_common_msgs/include/deva_common_msgs/deva_common_msgs/msg/detail/line_segment__traits.hpp
[0.573s] -- Up-to-date: /home/linjiawei/load_mcap/install/deva_common_msgs/include/deva_common_msgs/deva_common_msgs/msg/detail/line_segment__type_support.hpp
[0.573s] -- Up-to-date: /home/linjiawei/load_mcap/install/deva_common_msgs/include/deva_common_msgs/deva_common_msgs/msg/detail/point2d__builder.hpp
[0.573s] -- Up-to-date: /home/linjiawei/load_mcap/install/deva_common_msgs/include/deva_common_msgs/deva_common_msgs/msg/detail/point2d__struct.hpp
[0.573s] -- Up-to-date: /home/linjiawei/load_mcap/install/deva_common_msgs/include/deva_common_msgs/deva_common_msgs/msg/detail/point2d__traits.hpp
[0.573s] -- Up-to-date: /home/linjiawei/load_mcap/install/deva_common_msgs/include/deva_common_msgs/deva_common_msgs/msg/detail/point2d__type_support.hpp
[0.573s] -- Up-to-date: /home/linjiawei/load_mcap/install/deva_common_msgs/include/deva_common_msgs/deva_common_msgs/msg/detail/serialize__builder.hpp
[0.573s] -- Up-to-date: /home/linjiawei/load_mcap/install/deva_common_msgs/include/deva_common_msgs/deva_common_msgs/msg/detail/serialize__struct.hpp
[0.573s] -- Up-to-date: /home/linjiawei/load_mcap/install/deva_common_msgs/include/deva_common_msgs/deva_common_msgs/msg/detail/serialize__traits.hpp
[0.574s] -- Up-to-date: /home/linjiawei/load_mcap/install/deva_common_msgs/include/deva_common_msgs/deva_common_msgs/msg/detail/serialize__type_support.hpp
[0.574s] -- Up-to-date: /home/linjiawei/load_mcap/install/deva_common_msgs/include/deva_common_msgs/deva_common_msgs/msg/detail/string__builder.hpp
[0.574s] -- Up-to-date: /home/linjiawei/load_mcap/install/deva_common_msgs/include/deva_common_msgs/deva_common_msgs/msg/detail/string__struct.hpp
[0.574s] -- Up-to-date: /home/linjiawei/load_mcap/install/deva_common_msgs/include/deva_common_msgs/deva_common_msgs/msg/detail/string__traits.hpp
[0.574s] -- Up-to-date: /home/linjiawei/load_mcap/install/deva_common_msgs/include/deva_common_msgs/deva_common_msgs/msg/detail/string__type_support.hpp
[0.574s] -- Up-to-date: /home/linjiawei/load_mcap/install/deva_common_msgs/include/deva_common_msgs/deva_common_msgs/msg/bounding_box2d.hpp
[0.574s] -- Up-to-date: /home/linjiawei/load_mcap/install/deva_common_msgs/include/deva_common_msgs/deva_common_msgs/msg/dimension.hpp
[0.574s] -- Up-to-date: /home/linjiawei/load_mcap/install/deva_common_msgs/include/deva_common_msgs/deva_common_msgs/msg/disperse_curve.hpp
[0.574s] -- Up-to-date: /home/linjiawei/load_mcap/install/deva_common_msgs/include/deva_common_msgs/deva_common_msgs/msg/equation_curve.hpp
[0.574s] -- Up-to-date: /home/linjiawei/load_mcap/install/deva_common_msgs/include/deva_common_msgs/deva_common_msgs/msg/ground_point.hpp
[0.575s] -- Up-to-date: /home/linjiawei/load_mcap/install/deva_common_msgs/include/deva_common_msgs/deva_common_msgs/msg/header.hpp
[0.575s] -- Up-to-date: /home/linjiawei/load_mcap/install/deva_common_msgs/include/deva_common_msgs/deva_common_msgs/msg/kv.hpp
[0.575s] -- Up-to-date: /home/linjiawei/load_mcap/install/deva_common_msgs/include/deva_common_msgs/deva_common_msgs/msg/line2d.hpp
[0.575s] -- Up-to-date: /home/linjiawei/load_mcap/install/deva_common_msgs/include/deva_common_msgs/deva_common_msgs/msg/line_segment.hpp
[0.575s] -- Up-to-date: /home/linjiawei/load_mcap/install/deva_common_msgs/include/deva_common_msgs/deva_common_msgs/msg/point2d.hpp
[0.575s] -- Up-to-date: /home/linjiawei/load_mcap/install/deva_common_msgs/include/deva_common_msgs/deva_common_msgs/msg/serialize.hpp
[0.575s] -- Up-to-date: /home/linjiawei/load_mcap/install/deva_common_msgs/include/deva_common_msgs/deva_common_msgs/msg/string.hpp
[0.575s] -- Up-to-date: /home/linjiawei/load_mcap/install/deva_common_msgs/include/deva_common_msgs/deva_common_msgs
[0.575s] -- Up-to-date: /home/linjiawei/load_mcap/install/deva_common_msgs/include/deva_common_msgs/deva_common_msgs/msg
[0.575s] -- Up-to-date: /home/linjiawei/load_mcap/install/deva_common_msgs/include/deva_common_msgs/deva_common_msgs/msg/rosidl_typesupport_fastrtps_cpp__visibility_control.h
[0.575s] -- Up-to-date: /home/linjiawei/load_mcap/install/deva_common_msgs/include/deva_common_msgs/deva_common_msgs/msg/detail
[0.576s] -- Up-to-date: /home/linjiawei/load_mcap/install/deva_common_msgs/include/deva_common_msgs/deva_common_msgs/msg/detail/bounding_box__rosidl_typesupport_fastrtps_cpp.hpp
[0.577s] -- Up-to-date: /home/linjiawei/load_mcap/install/deva_common_msgs/include/deva_common_msgs/deva_common_msgs/msg/detail/dds_fastrtps
[0.577s] -- Up-to-date: /home/linjiawei/load_mcap/install/deva_common_msgs/include/deva_common_msgs/deva_common_msgs/msg/detail/bounding_box2d__rosidl_typesupport_fastrtps_cpp.hpp
[0.577s] -- Up-to-date: /home/linjiawei/load_mcap/install/deva_common_msgs/include/deva_common_msgs/deva_common_msgs/msg/detail/dimension__rosidl_typesupport_fastrtps_cpp.hpp
[0.577s] -- Up-to-date: /home/linjiawei/load_mcap/install/deva_common_msgs/include/deva_common_msgs/deva_common_msgs/msg/detail/disperse_curve__rosidl_typesupport_fastrtps_cpp.hpp
[0.578s] -- Up-to-date: /home/linjiawei/load_mcap/install/deva_common_msgs/include/deva_common_msgs/deva_common_msgs/msg/detail/equation_curve__rosidl_typesupport_fastrtps_cpp.hpp
[0.578s] -- Up-to-date: /home/linjiawei/load_mcap/install/deva_common_msgs/include/deva_common_msgs/deva_common_msgs/msg/detail/ground_point__rosidl_typesupport_fastrtps_cpp.hpp
[0.578s] -- Up-to-date: /home/linjiawei/load_mcap/install/deva_common_msgs/include/deva_common_msgs/deva_common_msgs/msg/detail/header__rosidl_typesupport_fastrtps_cpp.hpp
[0.578s] -- Up-to-date: /home/linjiawei/load_mcap/install/deva_common_msgs/include/deva_common_msgs/deva_common_msgs/msg/detail/kv__rosidl_typesupport_fastrtps_cpp.hpp
[0.578s] -- Up-to-date: /home/linjiawei/load_mcap/install/deva_common_msgs/include/deva_common_msgs/deva_common_msgs/msg/detail/line2d__rosidl_typesupport_fastrtps_cpp.hpp
[0.578s] -- Up-to-date: /home/linjiawei/load_mcap/install/deva_common_msgs/include/deva_common_msgs/deva_common_msgs/msg/detail/line_segment__rosidl_typesupport_fastrtps_cpp.hpp
[0.579s] -- Up-to-date: /home/linjiawei/load_mcap/install/deva_common_msgs/include/deva_common_msgs/deva_common_msgs/msg/detail/point2d__rosidl_typesupport_fastrtps_cpp.hpp
[0.579s] -- Up-to-date: /home/linjiawei/load_mcap/install/deva_common_msgs/include/deva_common_msgs/deva_common_msgs/msg/detail/serialize__rosidl_typesupport_fastrtps_cpp.hpp
[0.579s] -- Up-to-date: /home/linjiawei/load_mcap/install/deva_common_msgs/include/deva_common_msgs/deva_common_msgs/msg/detail/string__rosidl_typesupport_fastrtps_cpp.hpp
[0.579s] -- Up-to-date: /home/linjiawei/load_mcap/install/deva_common_msgs/lib/libdeva_common_msgs__rosidl_typesupport_fastrtps_cpp.so
[0.579s] -- Up-to-date: /home/linjiawei/load_mcap/install/deva_common_msgs/include/deva_common_msgs/deva_common_msgs
[0.580s] -- Up-to-date: /home/linjiawei/load_mcap/install/deva_common_msgs/include/deva_common_msgs/deva_common_msgs/msg
[0.580s] -- Up-to-date: /home/linjiawei/load_mcap/install/deva_common_msgs/include/deva_common_msgs/deva_common_msgs/msg/detail
[0.580s] -- Up-to-date: /home/linjiawei/load_mcap/install/deva_common_msgs/include/deva_common_msgs/deva_common_msgs/msg/detail/bounding_box__rosidl_typesupport_introspection_cpp.hpp
[0.580s] -- Up-to-date: /home/linjiawei/load_mcap/install/deva_common_msgs/include/deva_common_msgs/deva_common_msgs/msg/detail/bounding_box__type_support.cpp
[0.580s] -- Up-to-date: /home/linjiawei/load_mcap/install/deva_common_msgs/include/deva_common_msgs/deva_common_msgs/msg/detail/bounding_box2d__rosidl_typesupport_introspection_cpp.hpp
[0.580s] -- Up-to-date: /home/linjiawei/load_mcap/install/deva_common_msgs/include/deva_common_msgs/deva_common_msgs/msg/detail/bounding_box2d__type_support.cpp
[0.580s] -- Up-to-date: /home/linjiawei/load_mcap/install/deva_common_msgs/include/deva_common_msgs/deva_common_msgs/msg/detail/dimension__rosidl_typesupport_introspection_cpp.hpp
[0.580s] -- Up-to-date: /home/linjiawei/load_mcap/install/deva_common_msgs/include/deva_common_msgs/deva_common_msgs/msg/detail/dimension__type_support.cpp
[0.580s] -- Up-to-date: /home/linjiawei/load_mcap/install/deva_common_msgs/include/deva_common_msgs/deva_common_msgs/msg/detail/disperse_curve__rosidl_typesupport_introspection_cpp.hpp
[0.580s] -- Up-to-date: /home/linjiawei/load_mcap/install/deva_common_msgs/include/deva_common_msgs/deva_common_msgs/msg/detail/disperse_curve__type_support.cpp
[0.580s] -- Up-to-date: /home/linjiawei/load_mcap/install/deva_common_msgs/include/deva_common_msgs/deva_common_msgs/msg/detail/equation_curve__rosidl_typesupport_introspection_cpp.hpp
[0.580s] -- Up-to-date: /home/linjiawei/load_mcap/install/deva_common_msgs/include/deva_common_msgs/deva_common_msgs/msg/detail/equation_curve__type_support.cpp
[0.581s] -- Up-to-date: /home/linjiawei/load_mcap/install/deva_common_msgs/include/deva_common_msgs/deva_common_msgs/msg/detail/ground_point__rosidl_typesupport_introspection_cpp.hpp
[0.581s] -- Up-to-date: /home/linjiawei/load_mcap/install/deva_common_msgs/include/deva_common_msgs/deva_common_msgs/msg/detail/ground_point__type_support.cpp
[0.581s] -- Up-to-date: /home/linjiawei/load_mcap/install/deva_common_msgs/include/deva_common_msgs/deva_common_msgs/msg/detail/header__rosidl_typesupport_introspection_cpp.hpp
[0.581s] -- Up-to-date: /home/linjiawei/load_mcap/install/deva_common_msgs/include/deva_common_msgs/deva_common_msgs/msg/detail/header__type_support.cpp
[0.581s] -- Up-to-date: /home/linjiawei/load_mcap/install/deva_common_msgs/include/deva_common_msgs/deva_common_msgs/msg/detail/kv__rosidl_typesupport_introspection_cpp.hpp
[0.581s] -- Up-to-date: /home/linjiawei/load_mcap/install/deva_common_msgs/include/deva_common_msgs/deva_common_msgs/msg/detail/kv__type_support.cpp
[0.581s] -- Up-to-date: /home/linjiawei/load_mcap/install/deva_common_msgs/include/deva_common_msgs/deva_common_msgs/msg/detail/line2d__rosidl_typesupport_introspection_cpp.hpp
[0.581s] -- Up-to-date: /home/linjiawei/load_mcap/install/deva_common_msgs/include/deva_common_msgs/deva_common_msgs/msg/detail/line2d__type_support.cpp
[0.581s] -- Up-to-date: /home/linjiawei/load_mcap/install/deva_common_msgs/include/deva_common_msgs/deva_common_msgs/msg/detail/line_segment__rosidl_typesupport_introspection_cpp.hpp
[0.581s] -- Up-to-date: /home/linjiawei/load_mcap/install/deva_common_msgs/include/deva_common_msgs/deva_common_msgs/msg/detail/line_segment__type_support.cpp
[0.581s] -- Up-to-date: /home/linjiawei/load_mcap/install/deva_common_msgs/include/deva_common_msgs/deva_common_msgs/msg/detail/point2d__rosidl_typesupport_introspection_cpp.hpp
[0.582s] -- Up-to-date: /home/linjiawei/load_mcap/install/deva_common_msgs/include/deva_common_msgs/deva_common_msgs/msg/detail/point2d__type_support.cpp
[0.582s] -- Up-to-date: /home/linjiawei/load_mcap/install/deva_common_msgs/include/deva_common_msgs/deva_common_msgs/msg/detail/serialize__rosidl_typesupport_introspection_cpp.hpp
[0.582s] -- Up-to-date: /home/linjiawei/load_mcap/install/deva_common_msgs/include/deva_common_msgs/deva_common_msgs/msg/detail/serialize__type_support.cpp
[0.582s] -- Up-to-date: /home/linjiawei/load_mcap/install/deva_common_msgs/include/deva_common_msgs/deva_common_msgs/msg/detail/string__rosidl_typesupport_introspection_cpp.hpp
[0.582s] -- Up-to-date: /home/linjiawei/load_mcap/install/deva_common_msgs/include/deva_common_msgs/deva_common_msgs/msg/detail/string__type_support.cpp
[0.582s] -- Up-to-date: /home/linjiawei/load_mcap/install/deva_common_msgs/lib/libdeva_common_msgs__rosidl_typesupport_introspection_cpp.so
[0.582s] -- Up-to-date: /home/linjiawei/load_mcap/install/deva_common_msgs/lib/libdeva_common_msgs__rosidl_typesupport_cpp.so
[0.582s] -- Up-to-date: /home/linjiawei/load_mcap/install/deva_common_msgs/share/deva_common_msgs/environment/pythonpath.sh
[0.582s] -- Up-to-date: /home/linjiawei/load_mcap/install/deva_common_msgs/share/deva_common_msgs/environment/pythonpath.dsv
[0.582s] -- Up-to-date: /home/linjiawei/load_mcap/install/deva_common_msgs/local/lib/python3.10/dist-packages/deva_common_msgs-0.0.0-py3.10.egg-info
[0.582s] -- Installing: /home/linjiawei/load_mcap/install/deva_common_msgs/local/lib/python3.10/dist-packages/deva_common_msgs-0.0.0-py3.10.egg-info/PKG-INFO
[0.583s] -- Installing: /home/linjiawei/load_mcap/install/deva_common_msgs/local/lib/python3.10/dist-packages/deva_common_msgs-0.0.0-py3.10.egg-info/dependency_links.txt
[0.584s] -- Installing: /home/linjiawei/load_mcap/install/deva_common_msgs/local/lib/python3.10/dist-packages/deva_common_msgs-0.0.0-py3.10.egg-info/top_level.txt
[0.584s] -- Installing: /home/linjiawei/load_mcap/install/deva_common_msgs/local/lib/python3.10/dist-packages/deva_common_msgs-0.0.0-py3.10.egg-info/SOURCES.txt
[0.585s] -- Up-to-date: /home/linjiawei/load_mcap/install/deva_common_msgs/local/lib/python3.10/dist-packages/deva_common_msgs
[0.585s] -- Up-to-date: /home/linjiawei/load_mcap/install/deva_common_msgs/local/lib/python3.10/dist-packages/deva_common_msgs/__init__.py
[0.585s] -- Up-to-date: /home/linjiawei/load_mcap/install/deva_common_msgs/local/lib/python3.10/dist-packages/deva_common_msgs/msg
[0.585s] -- Up-to-date: /home/linjiawei/load_mcap/install/deva_common_msgs/local/lib/python3.10/dist-packages/deva_common_msgs/msg/_bounding_box.py
[0.585s] -- Up-to-date: /home/linjiawei/load_mcap/install/deva_common_msgs/local/lib/python3.10/dist-packages/deva_common_msgs/msg/_bounding_box_s.c
[0.585s] -- Up-to-date: /home/linjiawei/load_mcap/install/deva_common_msgs/local/lib/python3.10/dist-packages/deva_common_msgs/msg/_bounding_box2d.py
[0.586s] -- Up-to-date: /home/linjiawei/load_mcap/install/deva_common_msgs/local/lib/python3.10/dist-packages/deva_common_msgs/msg/_bounding_box2d_s.c
[0.586s] -- Up-to-date: /home/linjiawei/load_mcap/install/deva_common_msgs/local/lib/python3.10/dist-packages/deva_common_msgs/msg/_dimension.py
[0.587s] -- Up-to-date: /home/linjiawei/load_mcap/install/deva_common_msgs/local/lib/python3.10/dist-packages/deva_common_msgs/msg/_dimension_s.c
[0.587s] -- Up-to-date: /home/linjiawei/load_mcap/install/deva_common_msgs/local/lib/python3.10/dist-packages/deva_common_msgs/msg/_disperse_curve.py
[0.587s] -- Up-to-date: /home/linjiawei/load_mcap/install/deva_common_msgs/local/lib/python3.10/dist-packages/deva_common_msgs/msg/_disperse_curve_s.c
[0.587s] -- Up-to-date: /home/linjiawei/load_mcap/install/deva_common_msgs/local/lib/python3.10/dist-packages/deva_common_msgs/msg/_equation_curve.py
[0.587s] -- Up-to-date: /home/linjiawei/load_mcap/install/deva_common_msgs/local/lib/python3.10/dist-packages/deva_common_msgs/msg/_equation_curve_s.c
[0.587s] -- Up-to-date: /home/linjiawei/load_mcap/install/deva_common_msgs/local/lib/python3.10/dist-packages/deva_common_msgs/msg/_ground_point.py
[0.588s] -- Up-to-date: /home/linjiawei/load_mcap/install/deva_common_msgs/local/lib/python3.10/dist-packages/deva_common_msgs/msg/_ground_point_s.c
[0.588s] -- Up-to-date: /home/linjiawei/load_mcap/install/deva_common_msgs/local/lib/python3.10/dist-packages/deva_common_msgs/msg/_header.py
[0.588s] -- Up-to-date: /home/linjiawei/load_mcap/install/deva_common_msgs/local/lib/python3.10/dist-packages/deva_common_msgs/msg/_header_s.c
[0.588s] -- Up-to-date: /home/linjiawei/load_mcap/install/deva_common_msgs/local/lib/python3.10/dist-packages/deva_common_msgs/msg/_kv.py
[0.588s] -- Up-to-date: /home/linjiawei/load_mcap/install/deva_common_msgs/local/lib/python3.10/dist-packages/deva_common_msgs/msg/_kv_s.c
[0.588s] -- Up-to-date: /home/linjiawei/load_mcap/install/deva_common_msgs/local/lib/python3.10/dist-packages/deva_common_msgs/msg/_line2d.py
[0.588s] -- Up-to-date: /home/linjiawei/load_mcap/install/deva_common_msgs/local/lib/python3.10/dist-packages/deva_common_msgs/msg/_line2d_s.c
[0.589s] -- Up-to-date: /home/linjiawei/load_mcap/install/deva_common_msgs/local/lib/python3.10/dist-packages/deva_common_msgs/msg/_line_segment.py
[0.589s] -- Up-to-date: /home/linjiawei/load_mcap/install/deva_common_msgs/local/lib/python3.10/dist-packages/deva_common_msgs/msg/_line_segment_s.c
[0.589s] -- Up-to-date: /home/linjiawei/load_mcap/install/deva_common_msgs/local/lib/python3.10/dist-packages/deva_common_msgs/msg/_point2d.py
[0.589s] -- Up-to-date: /home/linjiawei/load_mcap/install/deva_common_msgs/local/lib/python3.10/dist-packages/deva_common_msgs/msg/_point2d_s.c
[0.589s] -- Up-to-date: /home/linjiawei/load_mcap/install/deva_common_msgs/local/lib/python3.10/dist-packages/deva_common_msgs/msg/_serialize.py
[0.589s] -- Up-to-date: /home/linjiawei/load_mcap/install/deva_common_msgs/local/lib/python3.10/dist-packages/deva_common_msgs/msg/_serialize_s.c
[0.589s] -- Up-to-date: /home/linjiawei/load_mcap/install/deva_common_msgs/local/lib/python3.10/dist-packages/deva_common_msgs/msg/_string.py
[0.589s] -- Up-to-date: /home/linjiawei/load_mcap/install/deva_common_msgs/local/lib/python3.10/dist-packages/deva_common_msgs/msg/_string_s.c
[0.589s] -- Up-to-date: /home/linjiawei/load_mcap/install/deva_common_msgs/local/lib/python3.10/dist-packages/deva_common_msgs/msg/__init__.py
[0.589s] -- Up-to-date: /home/linjiawei/load_mcap/install/deva_common_msgs/local/lib/python3.10/dist-packages/deva_common_msgs/_deva_common_msgs_s.ep.rosidl_typesupport_fastrtps_c.c
[0.589s] -- Up-to-date: /home/linjiawei/load_mcap/install/deva_common_msgs/local/lib/python3.10/dist-packages/deva_common_msgs/_deva_common_msgs_s.ep.rosidl_typesupport_introspection_c.c
[0.589s] -- Up-to-date: /home/linjiawei/load_mcap/install/deva_common_msgs/local/lib/python3.10/dist-packages/deva_common_msgs/_deva_common_msgs_s.ep.rosidl_typesupport_c.c
[0.590s] -- Up-to-date: /home/linjiawei/load_mcap/install/deva_common_msgs/local/lib/python3.10/dist-packages/deva_common_msgs/libdeva_common_msgs__rosidl_generator_py.so
[0.592s] -- Up-to-date: /home/linjiawei/load_mcap/install/deva_common_msgs/local/lib/python3.10/dist-packages/deva_common_msgs/deva_common_msgs_s__rosidl_typesupport_introspection_c.cpython-310-x86_64-linux-gnu.so
[0.592s] -- Up-to-date: /home/linjiawei/load_mcap/install/deva_common_msgs/local/lib/python3.10/dist-packages/deva_common_msgs/deva_common_msgs_s__rosidl_typesupport_fastrtps_c.cpython-310-x86_64-linux-gnu.so
[0.592s] -- Up-to-date: /home/linjiawei/load_mcap/install/deva_common_msgs/local/lib/python3.10/dist-packages/deva_common_msgs/deva_common_msgs_s__rosidl_typesupport_c.cpython-310-x86_64-linux-gnu.so
[0.620s] Listing '/home/linjiawei/load_mcap/install/deva_common_msgs/local/lib/python3.10/dist-packages/deva_common_msgs'...
[0.620s] Listing '/home/linjiawei/load_mcap/install/deva_common_msgs/local/lib/python3.10/dist-packages/deva_common_msgs/msg'...
[0.620s] -- Up-to-date: /home/linjiawei/load_mcap/install/deva_common_msgs/local/lib/python3.10/dist-packages/deva_common_msgs/deva_common_msgs_s__rosidl_typesupport_fastrtps_c.cpython-310-x86_64-linux-gnu.so
[0.620s] -- Up-to-date: /home/linjiawei/load_mcap/install/deva_common_msgs/local/lib/python3.10/dist-packages/deva_common_msgs/deva_common_msgs_s__rosidl_typesupport_introspection_c.cpython-310-x86_64-linux-gnu.so
[0.620s] -- Up-to-date: /home/linjiawei/load_mcap/install/deva_common_msgs/local/lib/python3.10/dist-packages/deva_common_msgs/deva_common_msgs_s__rosidl_typesupport_c.cpython-310-x86_64-linux-gnu.so
[0.620s] -- Up-to-date: /home/linjiawei/load_mcap/install/deva_common_msgs/lib/libdeva_common_msgs__rosidl_generator_py.so
[0.620s] -- Up-to-date: /home/linjiawei/load_mcap/install/deva_common_msgs/share/deva_common_msgs/msg/BoundingBox.idl
[0.620s] -- Up-to-date: /home/linjiawei/load_mcap/install/deva_common_msgs/share/deva_common_msgs/msg/BoundingBox2d.idl
[0.620s] -- Up-to-date: /home/linjiawei/load_mcap/install/deva_common_msgs/share/deva_common_msgs/msg/Dimension.idl
[0.620s] -- Up-to-date: /home/linjiawei/load_mcap/install/deva_common_msgs/share/deva_common_msgs/msg/DisperseCurve.idl
[0.620s] -- Up-to-date: /home/linjiawei/load_mcap/install/deva_common_msgs/share/deva_common_msgs/msg/EquationCurve.idl
[0.620s] -- Up-to-date: /home/linjiawei/load_mcap/install/deva_common_msgs/share/deva_common_msgs/msg/GroundPoint.idl
[0.620s] -- Up-to-date: /home/linjiawei/load_mcap/install/deva_common_msgs/share/deva_common_msgs/msg/Header.idl
[0.620s] -- Up-to-date: /home/linjiawei/load_mcap/install/deva_common_msgs/share/deva_common_msgs/msg/KV.idl
[0.620s] -- Up-to-date: /home/linjiawei/load_mcap/install/deva_common_msgs/share/deva_common_msgs/msg/Line2d.idl
[0.620s] -- Up-to-date: /home/linjiawei/load_mcap/install/deva_common_msgs/share/deva_common_msgs/msg/LineSegment.idl
[0.621s] -- Up-to-date: /home/linjiawei/load_mcap/install/deva_common_msgs/share/deva_common_msgs/msg/Point2d.idl
[0.621s] -- Up-to-date: /home/linjiawei/load_mcap/install/deva_common_msgs/share/deva_common_msgs/msg/Serialize.idl
[0.621s] -- Up-to-date: /home/linjiawei/load_mcap/install/deva_common_msgs/share/deva_common_msgs/msg/String.idl
[0.621s] -- Up-to-date: /home/linjiawei/load_mcap/install/deva_common_msgs/share/deva_common_msgs/msg/BoundingBox.msg
[0.621s] -- Up-to-date: /home/linjiawei/load_mcap/install/deva_common_msgs/share/deva_common_msgs/msg/BoundingBox2d.msg
[0.621s] -- Up-to-date: /home/linjiawei/load_mcap/install/deva_common_msgs/share/deva_common_msgs/msg/Dimension.msg
[0.621s] -- Up-to-date: /home/linjiawei/load_mcap/install/deva_common_msgs/share/deva_common_msgs/msg/DisperseCurve.msg
[0.621s] -- Up-to-date: /home/linjiawei/load_mcap/install/deva_common_msgs/share/deva_common_msgs/msg/EquationCurve.msg
[0.621s] -- Up-to-date: /home/linjiawei/load_mcap/install/deva_common_msgs/share/deva_common_msgs/msg/GroundPoint.msg
[0.621s] -- Up-to-date: /home/linjiawei/load_mcap/install/deva_common_msgs/share/deva_common_msgs/msg/Header.msg
[0.621s] -- Up-to-date: /home/linjiawei/load_mcap/install/deva_common_msgs/share/deva_common_msgs/msg/KV.msg
[0.621s] -- Up-to-date: /home/linjiawei/load_mcap/install/deva_common_msgs/share/deva_common_msgs/msg/Line2d.msg
[0.621s] -- Up-to-date: /home/linjiawei/load_mcap/install/deva_common_msgs/share/deva_common_msgs/msg/LineSegment.msg
[0.621s] -- Up-to-date: /home/linjiawei/load_mcap/install/deva_common_msgs/share/deva_common_msgs/msg/Point2d.msg
[0.621s] -- Up-to-date: /home/linjiawei/load_mcap/install/deva_common_msgs/share/deva_common_msgs/msg/Serialize.msg
[0.621s] -- Up-to-date: /home/linjiawei/load_mcap/install/deva_common_msgs/share/deva_common_msgs/msg/String.msg
[0.621s] -- Up-to-date: /home/linjiawei/load_mcap/install/deva_common_msgs/share/ament_index/resource_index/package_run_dependencies/deva_common_msgs
[0.622s] -- Up-to-date: /home/linjiawei/load_mcap/install/deva_common_msgs/share/ament_index/resource_index/parent_prefix_path/deva_common_msgs
[0.622s] -- Up-to-date: /home/linjiawei/load_mcap/install/deva_common_msgs/share/deva_common_msgs/environment/ament_prefix_path.sh
[0.622s] -- Up-to-date: /home/linjiawei/load_mcap/install/deva_common_msgs/share/deva_common_msgs/environment/ament_prefix_path.dsv
[0.622s] -- Up-to-date: /home/linjiawei/load_mcap/install/deva_common_msgs/share/deva_common_msgs/environment/path.sh
[0.622s] -- Up-to-date: /home/linjiawei/load_mcap/install/deva_common_msgs/share/deva_common_msgs/environment/path.dsv
[0.622s] -- Up-to-date: /home/linjiawei/load_mcap/install/deva_common_msgs/share/deva_common_msgs/local_setup.bash
[0.622s] -- Up-to-date: /home/linjiawei/load_mcap/install/deva_common_msgs/share/deva_common_msgs/local_setup.sh
[0.622s] -- Up-to-date: /home/linjiawei/load_mcap/install/deva_common_msgs/share/deva_common_msgs/local_setup.zsh
[0.622s] -- Up-to-date: /home/linjiawei/load_mcap/install/deva_common_msgs/share/deva_common_msgs/local_setup.dsv
[0.622s] -- Installing: /home/linjiawei/load_mcap/install/deva_common_msgs/share/deva_common_msgs/package.dsv
[0.622s] -- Up-to-date: /home/linjiawei/load_mcap/install/deva_common_msgs/share/ament_index/resource_index/packages/deva_common_msgs
[0.622s] -- Up-to-date: /home/linjiawei/load_mcap/install/deva_common_msgs/share/deva_common_msgs/cmake/export_deva_common_msgs__rosidl_generator_cExport.cmake
[0.622s] -- Up-to-date: /home/linjiawei/load_mcap/install/deva_common_msgs/share/deva_common_msgs/cmake/export_deva_common_msgs__rosidl_generator_cExport-noconfig.cmake
[0.622s] -- Up-to-date: /home/linjiawei/load_mcap/install/deva_common_msgs/share/deva_common_msgs/cmake/export_deva_common_msgs__rosidl_typesupport_fastrtps_cExport.cmake
[0.622s] -- Up-to-date: /home/linjiawei/load_mcap/install/deva_common_msgs/share/deva_common_msgs/cmake/export_deva_common_msgs__rosidl_typesupport_fastrtps_cExport-noconfig.cmake
[0.622s] -- Up-to-date: /home/linjiawei/load_mcap/install/deva_common_msgs/share/deva_common_msgs/cmake/deva_common_msgs__rosidl_typesupport_introspection_cExport.cmake
[0.622s] -- Up-to-date: /home/linjiawei/load_mcap/install/deva_common_msgs/share/deva_common_msgs/cmake/deva_common_msgs__rosidl_typesupport_introspection_cExport-noconfig.cmake
[0.622s] -- Up-to-date: /home/linjiawei/load_mcap/install/deva_common_msgs/share/deva_common_msgs/cmake/deva_common_msgs__rosidl_typesupport_cExport.cmake
[0.622s] -- Up-to-date: /home/linjiawei/load_mcap/install/deva_common_msgs/share/deva_common_msgs/cmake/deva_common_msgs__rosidl_typesupport_cExport-noconfig.cmake
[0.623s] -- Up-to-date: /home/linjiawei/load_mcap/install/deva_common_msgs/share/deva_common_msgs/cmake/export_deva_common_msgs__rosidl_generator_cppExport.cmake
[0.623s] -- Up-to-date: /home/linjiawei/load_mcap/install/deva_common_msgs/share/deva_common_msgs/cmake/export_deva_common_msgs__rosidl_typesupport_fastrtps_cppExport.cmake
[0.623s] -- Up-to-date: /home/linjiawei/load_mcap/install/deva_common_msgs/share/deva_common_msgs/cmake/export_deva_common_msgs__rosidl_typesupport_fastrtps_cppExport-noconfig.cmake
[0.623s] -- Up-to-date: /home/linjiawei/load_mcap/install/deva_common_msgs/share/deva_common_msgs/cmake/deva_common_msgs__rosidl_typesupport_introspection_cppExport.cmake
[0.623s] -- Up-to-date: /home/linjiawei/load_mcap/install/deva_common_msgs/share/deva_common_msgs/cmake/deva_common_msgs__rosidl_typesupport_introspection_cppExport-noconfig.cmake
[0.623s] -- Up-to-date: /home/linjiawei/load_mcap/install/deva_common_msgs/share/deva_common_msgs/cmake/deva_common_msgs__rosidl_typesupport_cppExport.cmake
[0.623s] -- Up-to-date: /home/linjiawei/load_mcap/install/deva_common_msgs/share/deva_common_msgs/cmake/deva_common_msgs__rosidl_typesupport_cppExport-noconfig.cmake
[0.623s] -- Up-to-date: /home/linjiawei/load_mcap/install/deva_common_msgs/share/deva_common_msgs/cmake/export_deva_common_msgs__rosidl_generator_pyExport.cmake
[0.623s] -- Up-to-date: /home/linjiawei/load_mcap/install/deva_common_msgs/share/deva_common_msgs/cmake/export_deva_common_msgs__rosidl_generator_pyExport-noconfig.cmake
[0.623s] -- Up-to-date: /home/linjiawei/load_mcap/install/deva_common_msgs/share/deva_common_msgs/cmake/rosidl_cmake-extras.cmake
[0.623s] -- Up-to-date: /home/linjiawei/load_mcap/install/deva_common_msgs/share/deva_common_msgs/cmake/ament_cmake_export_dependencies-extras.cmake
[0.623s] -- Up-to-date: /home/linjiawei/load_mcap/install/deva_common_msgs/share/deva_common_msgs/cmake/ament_cmake_export_include_directories-extras.cmake
[0.623s] -- Up-to-date: /home/linjiawei/load_mcap/install/deva_common_msgs/share/deva_common_msgs/cmake/ament_cmake_export_libraries-extras.cmake
[0.623s] -- Up-to-date: /home/linjiawei/load_mcap/install/deva_common_msgs/share/deva_common_msgs/cmake/ament_cmake_export_targets-extras.cmake
[0.623s] -- Up-to-date: /home/linjiawei/load_mcap/install/deva_common_msgs/share/deva_common_msgs/cmake/rosidl_cmake_export_typesupport_targets-extras.cmake
[0.623s] -- Up-to-date: /home/linjiawei/load_mcap/install/deva_common_msgs/share/deva_common_msgs/cmake/rosidl_cmake_export_typesupport_libraries-extras.cmake
[0.623s] -- Up-to-date: /home/linjiawei/load_mcap/install/deva_common_msgs/share/deva_common_msgs/cmake/deva_common_msgsConfig.cmake
[0.623s] -- Up-to-date: /home/linjiawei/load_mcap/install/deva_common_msgs/share/deva_common_msgs/cmake/deva_common_msgsConfig-version.cmake
[0.624s] -- Up-to-date: /home/linjiawei/load_mcap/install/deva_common_msgs/share/deva_common_msgs/package.xml
[0.680s] Invoked command in '/home/linjiawei/load_mcap/build/deva_common_msgs' returned '0': CMAKE_PREFIX_PATH=${CMAKE_PREFIX_PATH}:/opt/ros/humble /usr/bin/cmake --install /home/linjiawei/load_mcap/build/deva_common_msgs
