[0.028s] Invoking command in '/home/linjiawei/load_mcap/build/serialize_msgs': CMAKE_PREFIX_PATH=${CMAKE_PREFIX_PATH}:/opt/ros/humble /usr/bin/cmake --build /home/linjiawei/load_mcap/build/serialize_msgs -- -j17 -l17
[0.086s] [  3%] Built target serialize_msgs__cpp
[0.088s] [ 12%] Built target serialize_msgs__rosidl_generator_c
[0.093s] [ 12%] Built target ament_cmake_python_copy_serialize_msgs
[0.136s] [ 22%] Built target serialize_msgs__rosidl_typesupport_cpp
[0.138s] [ 32%] Built target serialize_msgs__rosidl_typesupport_fastrtps_cpp
[0.159s] [ 41%] Built target serialize_msgs__rosidl_typesupport_introspection_cpp
[0.163s] [ 51%] Built target serialize_msgs__rosidl_typesupport_introspection_c
[0.171s] [ 61%] Built target serialize_msgs__rosidl_typesupport_fastrtps_c
[0.173s] [ 70%] Built target serialize_msgs__rosidl_typesupport_c
[0.197s] [ 70%] Built target serialize_msgs
[0.220s] [ 74%] Built target serialize_msgs__py
[0.244s] [ 80%] Built target serialize_msgs__rosidl_generator_py
[0.270s] [ 93%] Built target serialize_msgs__rosidl_typesupport_fastrtps_c__pyext
[0.270s] [ 93%] Built target serialize_msgs__rosidl_typesupport_introspection_c__pyext
[0.270s] [100%] Built target serialize_msgs__rosidl_typesupport_c__pyext
[0.398s] running egg_info
[0.398s] writing serialize_msgs.egg-info/PKG-INFO
[0.399s] writing dependency_links to serialize_msgs.egg-info/dependency_links.txt
[0.399s] writing top-level names to serialize_msgs.egg-info/top_level.txt
[0.402s] reading manifest file 'serialize_msgs.egg-info/SOURCES.txt'
[0.403s] writing manifest file 'serialize_msgs.egg-info/SOURCES.txt'
[0.433s] [100%] Built target ament_cmake_python_build_serialize_msgs_egg
[0.456s] Invoked command in '/home/linjiawei/load_mcap/build/serialize_msgs' returned '0': CMAKE_PREFIX_PATH=${CMAKE_PREFIX_PATH}:/opt/ros/humble /usr/bin/cmake --build /home/linjiawei/load_mcap/build/serialize_msgs -- -j17 -l17
[0.458s] Invoking command in '/home/linjiawei/load_mcap/build/serialize_msgs': CMAKE_PREFIX_PATH=${CMAKE_PREFIX_PATH}:/opt/ros/humble /usr/bin/cmake --install /home/linjiawei/load_mcap/build/serialize_msgs
[0.481s] -- Install configuration: ""
[0.481s] -- Up-to-date: /home/linjiawei/load_mcap/install/serialize_msgs/share/ament_index/resource_index/rosidl_interfaces/serialize_msgs
[0.483s] -- Up-to-date: /home/linjiawei/load_mcap/install/serialize_msgs/include/serialize_msgs/serialize_msgs
[0.483s] -- Up-to-date: /home/linjiawei/load_mcap/install/serialize_msgs/include/serialize_msgs/serialize_msgs/msg
[0.483s] -- Up-to-date: /home/linjiawei/load_mcap/install/serialize_msgs/include/serialize_msgs/serialize_msgs/msg/rosidl_generator_c__visibility_control.h
[0.483s] -- Up-to-date: /home/linjiawei/load_mcap/install/serialize_msgs/include/serialize_msgs/serialize_msgs/msg/serialize_proto.h
[0.483s] -- Up-to-date: /home/linjiawei/load_mcap/install/serialize_msgs/include/serialize_msgs/serialize_msgs/msg/detail
[0.484s] -- Up-to-date: /home/linjiawei/load_mcap/install/serialize_msgs/include/serialize_msgs/serialize_msgs/msg/detail/serialize_proto__functions.c
[0.484s] -- Up-to-date: /home/linjiawei/load_mcap/install/serialize_msgs/include/serialize_msgs/serialize_msgs/msg/detail/serialize_proto__functions.h
[0.484s] -- Up-to-date: /home/linjiawei/load_mcap/install/serialize_msgs/include/serialize_msgs/serialize_msgs/msg/detail/serialize_proto__struct.h
[0.484s] -- Up-to-date: /home/linjiawei/load_mcap/install/serialize_msgs/include/serialize_msgs/serialize_msgs/msg/detail/serialize_proto__type_support.h
[0.484s] -- Up-to-date: /home/linjiawei/load_mcap/install/serialize_msgs/share/serialize_msgs/environment/library_path.sh
[0.484s] -- Up-to-date: /home/linjiawei/load_mcap/install/serialize_msgs/share/serialize_msgs/environment/library_path.dsv
[0.484s] -- Up-to-date: /home/linjiawei/load_mcap/install/serialize_msgs/lib/libserialize_msgs__rosidl_generator_c.so
[0.484s] -- Up-to-date: /home/linjiawei/load_mcap/install/serialize_msgs/include/serialize_msgs/serialize_msgs
[0.484s] -- Up-to-date: /home/linjiawei/load_mcap/install/serialize_msgs/include/serialize_msgs/serialize_msgs/msg
[0.484s] -- Up-to-date: /home/linjiawei/load_mcap/install/serialize_msgs/include/serialize_msgs/serialize_msgs/msg/rosidl_typesupport_fastrtps_c__visibility_control.h
[0.485s] -- Up-to-date: /home/linjiawei/load_mcap/install/serialize_msgs/include/serialize_msgs/serialize_msgs/msg/detail
[0.485s] -- Up-to-date: /home/linjiawei/load_mcap/install/serialize_msgs/include/serialize_msgs/serialize_msgs/msg/detail/serialize_proto__rosidl_typesupport_fastrtps_c.h
[0.485s] -- Up-to-date: /home/linjiawei/load_mcap/install/serialize_msgs/lib/libserialize_msgs__rosidl_typesupport_fastrtps_c.so
[0.485s] -- Up-to-date: /home/linjiawei/load_mcap/install/serialize_msgs/include/serialize_msgs/serialize_msgs
[0.485s] -- Up-to-date: /home/linjiawei/load_mcap/install/serialize_msgs/include/serialize_msgs/serialize_msgs/msg
[0.485s] -- Up-to-date: /home/linjiawei/load_mcap/install/serialize_msgs/include/serialize_msgs/serialize_msgs/msg/rosidl_typesupport_introspection_c__visibility_control.h
[0.485s] -- Up-to-date: /home/linjiawei/load_mcap/install/serialize_msgs/include/serialize_msgs/serialize_msgs/msg/detail
[0.485s] -- Up-to-date: /home/linjiawei/load_mcap/install/serialize_msgs/include/serialize_msgs/serialize_msgs/msg/detail/serialize_proto__rosidl_typesupport_introspection_c.h
[0.485s] -- Up-to-date: /home/linjiawei/load_mcap/install/serialize_msgs/include/serialize_msgs/serialize_msgs/msg/detail/serialize_proto__type_support.c
[0.486s] -- Up-to-date: /home/linjiawei/load_mcap/install/serialize_msgs/lib/libserialize_msgs__rosidl_typesupport_introspection_c.so
[0.486s] -- Up-to-date: /home/linjiawei/load_mcap/install/serialize_msgs/lib/libserialize_msgs__rosidl_typesupport_c.so
[0.486s] -- Up-to-date: /home/linjiawei/load_mcap/install/serialize_msgs/include/serialize_msgs/serialize_msgs
[0.486s] -- Up-to-date: /home/linjiawei/load_mcap/install/serialize_msgs/include/serialize_msgs/serialize_msgs/msg
[0.486s] -- Up-to-date: /home/linjiawei/load_mcap/install/serialize_msgs/include/serialize_msgs/serialize_msgs/msg/rosidl_generator_cpp__visibility_control.hpp
[0.486s] -- Up-to-date: /home/linjiawei/load_mcap/install/serialize_msgs/include/serialize_msgs/serialize_msgs/msg/serialize_proto.hpp
[0.486s] -- Up-to-date: /home/linjiawei/load_mcap/install/serialize_msgs/include/serialize_msgs/serialize_msgs/msg/detail
[0.486s] -- Up-to-date: /home/linjiawei/load_mcap/install/serialize_msgs/include/serialize_msgs/serialize_msgs/msg/detail/serialize_proto__builder.hpp
[0.486s] -- Up-to-date: /home/linjiawei/load_mcap/install/serialize_msgs/include/serialize_msgs/serialize_msgs/msg/detail/serialize_proto__struct.hpp
[0.486s] -- Up-to-date: /home/linjiawei/load_mcap/install/serialize_msgs/include/serialize_msgs/serialize_msgs/msg/detail/serialize_proto__traits.hpp
[0.486s] -- Up-to-date: /home/linjiawei/load_mcap/install/serialize_msgs/include/serialize_msgs/serialize_msgs/msg/detail/serialize_proto__type_support.hpp
[0.486s] -- Up-to-date: /home/linjiawei/load_mcap/install/serialize_msgs/include/serialize_msgs/serialize_msgs
[0.487s] -- Up-to-date: /home/linjiawei/load_mcap/install/serialize_msgs/include/serialize_msgs/serialize_msgs/msg
[0.487s] -- Up-to-date: /home/linjiawei/load_mcap/install/serialize_msgs/include/serialize_msgs/serialize_msgs/msg/rosidl_typesupport_fastrtps_cpp__visibility_control.h
[0.487s] -- Up-to-date: /home/linjiawei/load_mcap/install/serialize_msgs/include/serialize_msgs/serialize_msgs/msg/detail
[0.487s] -- Up-to-date: /home/linjiawei/load_mcap/install/serialize_msgs/include/serialize_msgs/serialize_msgs/msg/detail/serialize_proto__rosidl_typesupport_fastrtps_cpp.hpp
[0.488s] -- Up-to-date: /home/linjiawei/load_mcap/install/serialize_msgs/include/serialize_msgs/serialize_msgs/msg/detail/dds_fastrtps
[0.488s] -- Up-to-date: /home/linjiawei/load_mcap/install/serialize_msgs/lib/libserialize_msgs__rosidl_typesupport_fastrtps_cpp.so
[0.488s] -- Up-to-date: /home/linjiawei/load_mcap/install/serialize_msgs/include/serialize_msgs/serialize_msgs
[0.488s] -- Up-to-date: /home/linjiawei/load_mcap/install/serialize_msgs/include/serialize_msgs/serialize_msgs/msg
[0.488s] -- Up-to-date: /home/linjiawei/load_mcap/install/serialize_msgs/include/serialize_msgs/serialize_msgs/msg/detail
[0.488s] -- Up-to-date: /home/linjiawei/load_mcap/install/serialize_msgs/include/serialize_msgs/serialize_msgs/msg/detail/serialize_proto__rosidl_typesupport_introspection_cpp.hpp
[0.488s] -- Up-to-date: /home/linjiawei/load_mcap/install/serialize_msgs/include/serialize_msgs/serialize_msgs/msg/detail/serialize_proto__type_support.cpp
[0.488s] -- Up-to-date: /home/linjiawei/load_mcap/install/serialize_msgs/lib/libserialize_msgs__rosidl_typesupport_introspection_cpp.so
[0.489s] -- Up-to-date: /home/linjiawei/load_mcap/install/serialize_msgs/lib/libserialize_msgs__rosidl_typesupport_cpp.so
[0.489s] -- Up-to-date: /home/linjiawei/load_mcap/install/serialize_msgs/share/serialize_msgs/environment/pythonpath.sh
[0.489s] -- Up-to-date: /home/linjiawei/load_mcap/install/serialize_msgs/share/serialize_msgs/environment/pythonpath.dsv
[0.490s] -- Up-to-date: /home/linjiawei/load_mcap/install/serialize_msgs/local/lib/python3.10/dist-packages/serialize_msgs-0.0.0-py3.10.egg-info
[0.490s] -- Installing: /home/linjiawei/load_mcap/install/serialize_msgs/local/lib/python3.10/dist-packages/serialize_msgs-0.0.0-py3.10.egg-info/PKG-INFO
[0.490s] -- Installing: /home/linjiawei/load_mcap/install/serialize_msgs/local/lib/python3.10/dist-packages/serialize_msgs-0.0.0-py3.10.egg-info/dependency_links.txt
[0.490s] -- Installing: /home/linjiawei/load_mcap/install/serialize_msgs/local/lib/python3.10/dist-packages/serialize_msgs-0.0.0-py3.10.egg-info/top_level.txt
[0.491s] -- Installing: /home/linjiawei/load_mcap/install/serialize_msgs/local/lib/python3.10/dist-packages/serialize_msgs-0.0.0-py3.10.egg-info/SOURCES.txt
[0.491s] -- Up-to-date: /home/linjiawei/load_mcap/install/serialize_msgs/local/lib/python3.10/dist-packages/serialize_msgs
[0.497s] -- Up-to-date: /home/linjiawei/load_mcap/install/serialize_msgs/local/lib/python3.10/dist-packages/serialize_msgs/__init__.py
[0.497s] -- Up-to-date: /home/linjiawei/load_mcap/install/serialize_msgs/local/lib/python3.10/dist-packages/serialize_msgs/msg
[0.497s] -- Up-to-date: /home/linjiawei/load_mcap/install/serialize_msgs/local/lib/python3.10/dist-packages/serialize_msgs/msg/_serialize_proto.py
[0.498s] -- Up-to-date: /home/linjiawei/load_mcap/install/serialize_msgs/local/lib/python3.10/dist-packages/serialize_msgs/msg/_serialize_proto_s.c
[0.498s] -- Up-to-date: /home/linjiawei/load_mcap/install/serialize_msgs/local/lib/python3.10/dist-packages/serialize_msgs/msg/__init__.py
[0.498s] -- Up-to-date: /home/linjiawei/load_mcap/install/serialize_msgs/local/lib/python3.10/dist-packages/serialize_msgs/_serialize_msgs_s.ep.rosidl_typesupport_fastrtps_c.c
[0.498s] -- Up-to-date: /home/linjiawei/load_mcap/install/serialize_msgs/local/lib/python3.10/dist-packages/serialize_msgs/_serialize_msgs_s.ep.rosidl_typesupport_introspection_c.c
[0.498s] -- Up-to-date: /home/linjiawei/load_mcap/install/serialize_msgs/local/lib/python3.10/dist-packages/serialize_msgs/_serialize_msgs_s.ep.rosidl_typesupport_c.c
[0.498s] -- Up-to-date: /home/linjiawei/load_mcap/install/serialize_msgs/local/lib/python3.10/dist-packages/serialize_msgs/libserialize_msgs__rosidl_generator_py.so
[0.498s] -- Up-to-date: /home/linjiawei/load_mcap/install/serialize_msgs/local/lib/python3.10/dist-packages/serialize_msgs/serialize_msgs_s__rosidl_typesupport_fastrtps_c.cpython-310-x86_64-linux-gnu.so
[0.498s] -- Up-to-date: /home/linjiawei/load_mcap/install/serialize_msgs/local/lib/python3.10/dist-packages/serialize_msgs/serialize_msgs_s__rosidl_typesupport_c.cpython-310-x86_64-linux-gnu.so
[0.498s] -- Up-to-date: /home/linjiawei/load_mcap/install/serialize_msgs/local/lib/python3.10/dist-packages/serialize_msgs/serialize_msgs_s__rosidl_typesupport_introspection_c.cpython-310-x86_64-linux-gnu.so
[0.573s] Listing '/home/linjiawei/load_mcap/install/serialize_msgs/local/lib/python3.10/dist-packages/serialize_msgs'...
[0.573s] Listing '/home/linjiawei/load_mcap/install/serialize_msgs/local/lib/python3.10/dist-packages/serialize_msgs/msg'...
[0.577s] -- Up-to-date: /home/linjiawei/load_mcap/install/serialize_msgs/local/lib/python3.10/dist-packages/serialize_msgs/serialize_msgs_s__rosidl_typesupport_fastrtps_c.cpython-310-x86_64-linux-gnu.so
[0.578s] -- Up-to-date: /home/linjiawei/load_mcap/install/serialize_msgs/local/lib/python3.10/dist-packages/serialize_msgs/serialize_msgs_s__rosidl_typesupport_introspection_c.cpython-310-x86_64-linux-gnu.so
[0.578s] -- Up-to-date: /home/linjiawei/load_mcap/install/serialize_msgs/local/lib/python3.10/dist-packages/serialize_msgs/serialize_msgs_s__rosidl_typesupport_c.cpython-310-x86_64-linux-gnu.so
[0.578s] -- Up-to-date: /home/linjiawei/load_mcap/install/serialize_msgs/lib/libserialize_msgs__rosidl_generator_py.so
[0.578s] -- Up-to-date: /home/linjiawei/load_mcap/install/serialize_msgs/share/serialize_msgs/msg/SerializeProto.idl
[0.578s] -- Up-to-date: /home/linjiawei/load_mcap/install/serialize_msgs/share/serialize_msgs/msg/SerializeProto.msg
[0.578s] -- Up-to-date: /home/linjiawei/load_mcap/install/serialize_msgs/share/ament_index/resource_index/package_run_dependencies/serialize_msgs
[0.579s] -- Up-to-date: /home/linjiawei/load_mcap/install/serialize_msgs/share/ament_index/resource_index/parent_prefix_path/serialize_msgs
[0.579s] -- Up-to-date: /home/linjiawei/load_mcap/install/serialize_msgs/share/serialize_msgs/environment/ament_prefix_path.sh
[0.579s] -- Up-to-date: /home/linjiawei/load_mcap/install/serialize_msgs/share/serialize_msgs/environment/ament_prefix_path.dsv
[0.580s] -- Up-to-date: /home/linjiawei/load_mcap/install/serialize_msgs/share/serialize_msgs/environment/path.sh
[0.580s] -- Up-to-date: /home/linjiawei/load_mcap/install/serialize_msgs/share/serialize_msgs/environment/path.dsv
[0.580s] -- Up-to-date: /home/linjiawei/load_mcap/install/serialize_msgs/share/serialize_msgs/local_setup.bash
[0.580s] -- Up-to-date: /home/linjiawei/load_mcap/install/serialize_msgs/share/serialize_msgs/local_setup.sh
[0.580s] -- Up-to-date: /home/linjiawei/load_mcap/install/serialize_msgs/share/serialize_msgs/local_setup.zsh
[0.580s] -- Up-to-date: /home/linjiawei/load_mcap/install/serialize_msgs/share/serialize_msgs/local_setup.dsv
[0.581s] -- Installing: /home/linjiawei/load_mcap/install/serialize_msgs/share/serialize_msgs/package.dsv
[0.581s] -- Up-to-date: /home/linjiawei/load_mcap/install/serialize_msgs/share/ament_index/resource_index/packages/serialize_msgs
[0.581s] -- Up-to-date: /home/linjiawei/load_mcap/install/serialize_msgs/share/serialize_msgs/cmake/export_serialize_msgs__rosidl_generator_cExport.cmake
[0.581s] -- Up-to-date: /home/linjiawei/load_mcap/install/serialize_msgs/share/serialize_msgs/cmake/export_serialize_msgs__rosidl_generator_cExport-noconfig.cmake
[0.581s] -- Up-to-date: /home/linjiawei/load_mcap/install/serialize_msgs/share/serialize_msgs/cmake/export_serialize_msgs__rosidl_typesupport_fastrtps_cExport.cmake
[0.581s] -- Up-to-date: /home/linjiawei/load_mcap/install/serialize_msgs/share/serialize_msgs/cmake/export_serialize_msgs__rosidl_typesupport_fastrtps_cExport-noconfig.cmake
[0.581s] -- Up-to-date: /home/linjiawei/load_mcap/install/serialize_msgs/share/serialize_msgs/cmake/serialize_msgs__rosidl_typesupport_introspection_cExport.cmake
[0.581s] -- Up-to-date: /home/linjiawei/load_mcap/install/serialize_msgs/share/serialize_msgs/cmake/serialize_msgs__rosidl_typesupport_introspection_cExport-noconfig.cmake
[0.581s] -- Up-to-date: /home/linjiawei/load_mcap/install/serialize_msgs/share/serialize_msgs/cmake/serialize_msgs__rosidl_typesupport_cExport.cmake
[0.581s] -- Up-to-date: /home/linjiawei/load_mcap/install/serialize_msgs/share/serialize_msgs/cmake/serialize_msgs__rosidl_typesupport_cExport-noconfig.cmake
[0.581s] -- Up-to-date: /home/linjiawei/load_mcap/install/serialize_msgs/share/serialize_msgs/cmake/export_serialize_msgs__rosidl_generator_cppExport.cmake
[0.582s] -- Up-to-date: /home/linjiawei/load_mcap/install/serialize_msgs/share/serialize_msgs/cmake/export_serialize_msgs__rosidl_typesupport_fastrtps_cppExport.cmake
[0.582s] -- Up-to-date: /home/linjiawei/load_mcap/install/serialize_msgs/share/serialize_msgs/cmake/export_serialize_msgs__rosidl_typesupport_fastrtps_cppExport-noconfig.cmake
[0.582s] -- Up-to-date: /home/linjiawei/load_mcap/install/serialize_msgs/share/serialize_msgs/cmake/serialize_msgs__rosidl_typesupport_introspection_cppExport.cmake
[0.582s] -- Up-to-date: /home/linjiawei/load_mcap/install/serialize_msgs/share/serialize_msgs/cmake/serialize_msgs__rosidl_typesupport_introspection_cppExport-noconfig.cmake
[0.582s] -- Up-to-date: /home/linjiawei/load_mcap/install/serialize_msgs/share/serialize_msgs/cmake/serialize_msgs__rosidl_typesupport_cppExport.cmake
[0.582s] -- Up-to-date: /home/linjiawei/load_mcap/install/serialize_msgs/share/serialize_msgs/cmake/serialize_msgs__rosidl_typesupport_cppExport-noconfig.cmake
[0.583s] -- Up-to-date: /home/linjiawei/load_mcap/install/serialize_msgs/share/serialize_msgs/cmake/export_serialize_msgs__rosidl_generator_pyExport.cmake
[0.583s] -- Up-to-date: /home/linjiawei/load_mcap/install/serialize_msgs/share/serialize_msgs/cmake/export_serialize_msgs__rosidl_generator_pyExport-noconfig.cmake
[0.583s] -- Up-to-date: /home/linjiawei/load_mcap/install/serialize_msgs/share/serialize_msgs/cmake/rosidl_cmake-extras.cmake
[0.583s] -- Up-to-date: /home/linjiawei/load_mcap/install/serialize_msgs/share/serialize_msgs/cmake/ament_cmake_export_dependencies-extras.cmake
[0.583s] -- Up-to-date: /home/linjiawei/load_mcap/install/serialize_msgs/share/serialize_msgs/cmake/ament_cmake_export_include_directories-extras.cmake
[0.583s] -- Up-to-date: /home/linjiawei/load_mcap/install/serialize_msgs/share/serialize_msgs/cmake/ament_cmake_export_libraries-extras.cmake
[0.583s] -- Up-to-date: /home/linjiawei/load_mcap/install/serialize_msgs/share/serialize_msgs/cmake/ament_cmake_export_targets-extras.cmake
[0.584s] -- Up-to-date: /home/linjiawei/load_mcap/install/serialize_msgs/share/serialize_msgs/cmake/rosidl_cmake_export_typesupport_targets-extras.cmake
[0.584s] -- Up-to-date: /home/linjiawei/load_mcap/install/serialize_msgs/share/serialize_msgs/cmake/rosidl_cmake_export_typesupport_libraries-extras.cmake
[0.584s] -- Up-to-date: /home/linjiawei/load_mcap/install/serialize_msgs/share/serialize_msgs/cmake/serialize_msgsConfig.cmake
[0.584s] -- Up-to-date: /home/linjiawei/load_mcap/install/serialize_msgs/share/serialize_msgs/cmake/serialize_msgsConfig-version.cmake
[0.584s] -- Up-to-date: /home/linjiawei/load_mcap/install/serialize_msgs/share/serialize_msgs/package.xml
[0.609s] Invoked command in '/home/linjiawei/load_mcap/build/serialize_msgs' returned '0': CMAKE_PREFIX_PATH=${CMAKE_PREFIX_PATH}:/opt/ros/humble /usr/bin/cmake --install /home/linjiawei/load_mcap/build/serialize_msgs
