[0.033s] Invoking command in '/home/linjiawei/load_mcap/build/serialize_msgs': CMAKE_PREFIX_PATH=${CMAKE_PREFIX_PATH}:/opt/ros/humble /usr/bin/cmake --build /home/linjiawei/load_mcap/build/serialize_msgs -- -j17 -l17
[0.090s] [  9%] Built target serialize_msgs__rosidl_generator_c
[0.092s] [ 12%] Built target serialize_msgs__cpp
[0.113s] [ 12%] Built target ament_cmake_python_copy_serialize_msgs
[0.133s] [ 22%] Built target serialize_msgs__rosidl_typesupport_fastrtps_c
[0.139s] [ 32%] Built target serialize_msgs__rosidl_typesupport_introspection_c
[0.147s] [ 41%] Built target serialize_msgs__rosidl_typesupport_c
[0.157s] [ 51%] Built target serialize_msgs__rosidl_typesupport_introspection_cpp
[0.157s] [ 61%] Built target serialize_msgs__rosidl_typesupport_fastrtps_cpp
[0.180s] [ 70%] Built target serialize_msgs__rosidl_typesupport_cpp
[0.206s] [ 70%] Built target serialize_msgs
[0.230s] [ 74%] Built target serialize_msgs__py
[0.257s] [ 80%] Built target serialize_msgs__rosidl_generator_py
[0.284s] [ 87%] Built target serialize_msgs__rosidl_typesupport_fastrtps_c__pyext
[0.292s] [ 93%] Built target serialize_msgs__rosidl_typesupport_introspection_c__pyext
[0.297s] [100%] Built target serialize_msgs__rosidl_typesupport_c__pyext
[0.429s] running egg_info
[0.430s] writing serialize_msgs.egg-info/PKG-INFO
[0.430s] writing dependency_links to serialize_msgs.egg-info/dependency_links.txt
[0.430s] writing top-level names to serialize_msgs.egg-info/top_level.txt
[0.433s] reading manifest file 'serialize_msgs.egg-info/SOURCES.txt'
[0.434s] writing manifest file 'serialize_msgs.egg-info/SOURCES.txt'
[0.464s] [100%] Built target ament_cmake_python_build_serialize_msgs_egg
