[0.043s] Invoking command in '/home/linjiawei/load_mcap/build/deva_function_msgs': CMAKE_PREFIX_PATH=/home/linjiawei/load_mcap/install/deva_common_msgs:/home/linjiawei/load_mcap/install/serialize_msgs:/home/linjiawei/load_mcap/install/rviz_plug_msg:/home/linjiawei/load_mcap/install/fault_diagnosis:/home/linjiawei/load_mcap/install/environment_model_msgs:/home/linjiawei/load_mcap/install/deva_control_msgs:/home/linjiawei/load_mcap/install/deva_planning_msgs2:/home/linjiawei/load_mcap/install/deva_mdriver_msgs:/home/linjiawei/load_mcap/install/deva_planning_msgs:/home/linjiawei/load_mcap/install/deva_map_msgs:/home/linjiawei/load_mcap/install/deva_perception_msgs:/home/linjiawei/load_mcap/install/deva_navi_msgs:/home/linjiawei/load_mcap/install/deva_localization_msgs:/home/linjiawei/load_mcap/install/deva_gaode_routing_msgs:/home/linjiawei/load_mcap/install/deva_function_msgs:/home/linjiawei/load_mcap/install/deva_aeb_msgs:/home/linjiawei/load_mcap/install/deva_ads_msgs:/home/linjiawei/load_mcap/install/mcap_streamer:/opt/ros/humble LD_LIBRARY_PATH=/home/linjiawei/load_mcap/install/deva_common_msgs/lib:/home/linjiawei/load_mcap/install/serialize_msgs/lib:/home/linjiawei/load_mcap/install/rviz_plug_msg/lib:/home/linjiawei/load_mcap/install/fault_diagnosis/lib:/home/linjiawei/load_mcap/install/environment_model_msgs/lib:/home/linjiawei/load_mcap/install/deva_control_msgs/lib:/home/linjiawei/load_mcap/install/deva_planning_msgs2/lib:/home/linjiawei/load_mcap/install/deva_mdriver_msgs/lib:/home/linjiawei/load_mcap/install/deva_planning_msgs/lib:/home/linjiawei/load_mcap/install/deva_map_msgs/lib:/home/linjiawei/load_mcap/install/deva_perception_msgs/lib:/home/linjiawei/load_mcap/install/deva_navi_msgs/lib:/home/linjiawei/load_mcap/install/deva_localization_msgs/lib:/home/linjiawei/load_mcap/install/deva_gaode_routing_msgs/lib:/home/linjiawei/load_mcap/install/deva_function_msgs/lib:/home/linjiawei/load_mcap/install/deva_aeb_msgs/lib:/home/linjiawei/load_mcap/install/deva_ads_msgs/lib:/opt/ros/humble/opt/rviz_ogre_vendor/lib:/opt/ros/humble/lib/x86_64-linux-gnu:/opt/ros/humble/lib:/usr/local/nvidia/lib64 /usr/bin/cmake --build /home/linjiawei/load_mcap/build/deva_function_msgs -- -j17 -l17
[0.125s] [  0%] Built target deva_function_msgs__cpp
[0.127s] [ 12%] Built target deva_function_msgs__rosidl_generator_c
[0.129s] [ 12%] Built target ament_cmake_python_copy_deva_function_msgs
[0.178s] [ 24%] Built target deva_function_msgs__rosidl_typesupport_cpp
[0.184s] [ 36%] Built target deva_function_msgs__rosidl_typesupport_fastrtps_cpp
[0.184s] [ 48%] Built target deva_function_msgs__rosidl_typesupport_c
[0.189s] [ 61%] Built target deva_function_msgs__rosidl_typesupport_fastrtps_c
[0.191s] [ 74%] Built target deva_function_msgs__rosidl_typesupport_introspection_cpp
[0.195s] [ 87%] Built target deva_function_msgs__rosidl_typesupport_introspection_c
[0.219s] [ 87%] Built target deva_function_msgs
[0.245s] [ 87%] Built target deva_function_msgs__py
[0.285s] [ 99%] Built target deva_function_msgs__rosidl_generator_py
[0.311s] [ 99%] Built target deva_function_msgs__rosidl_typesupport_introspection_c__pyext
[0.312s] [ 99%] Built target deva_function_msgs__rosidl_typesupport_fastrtps_c__pyext
[0.316s] [100%] Built target deva_function_msgs__rosidl_typesupport_c__pyext
[0.443s] running egg_info
[0.443s] writing deva_function_msgs.egg-info/PKG-INFO
[0.444s] writing dependency_links to deva_function_msgs.egg-info/dependency_links.txt
[0.444s] writing top-level names to deva_function_msgs.egg-info/top_level.txt
[0.448s] reading manifest file 'deva_function_msgs.egg-info/SOURCES.txt'
[0.448s] writing manifest file 'deva_function_msgs.egg-info/SOURCES.txt'
[0.476s] [100%] Built target ament_cmake_python_build_deva_function_msgs_egg
