[0.027s] Invoking command in '/home/linjiawei/load_mcap/build/deva_navi_msgs': CMAKE_PREFIX_PATH=${CMAKE_PREFIX_PATH}:/opt/ros/humble /usr/bin/cmake --build /home/linjiawei/load_mcap/build/deva_navi_msgs -- -j17 -l17
[0.134s] [  0%] Built target deva_navi_msgs__cpp
[0.134s] [ 12%] Built target deva_navi_msgs__rosidl_generator_c
[0.144s] [ 12%] Built target ament_cmake_python_copy_deva_navi_msgs
[0.182s] [ 32%] Built target deva_navi_msgs__rosidl_typesupport_cpp
[0.182s] [ 36%] Built target deva_navi_msgs__rosidl_typesupport_fastrtps_cpp
[0.183s] [ 49%] Built target deva_navi_msgs__rosidl_typesupport_introspection_cpp
[0.185s] [ 62%] Built target deva_navi_msgs__rosidl_typesupport_introspection_c
[0.185s] [ 74%] Built target deva_navi_msgs__rosidl_typesupport_c
[0.188s] [ 86%] Built target deva_navi_msgs__rosidl_typesupport_fastrtps_c
[0.211s] [ 86%] Built target deva_navi_msgs
[0.235s] [ 86%] Built target deva_navi_msgs__py
[0.273s] [ 98%] Built target deva_navi_msgs__rosidl_generator_py
[0.300s] [ 99%] Built target deva_navi_msgs__rosidl_typesupport_fastrtps_c__pyext
[0.300s] [ 99%] Built target deva_navi_msgs__rosidl_typesupport_introspection_c__pyext
[0.304s] [100%] Built target deva_navi_msgs__rosidl_typesupport_c__pyext
[0.439s] running egg_info
[0.440s] writing deva_navi_msgs.egg-info/PKG-INFO
[0.440s] writing dependency_links to deva_navi_msgs.egg-info/dependency_links.txt
[0.441s] writing top-level names to deva_navi_msgs.egg-info/top_level.txt
[0.444s] reading manifest file 'deva_navi_msgs.egg-info/SOURCES.txt'
[0.445s] writing manifest file 'deva_navi_msgs.egg-info/SOURCES.txt'
[0.474s] [100%] Built target ament_cmake_python_build_deva_navi_msgs_egg
[0.502s] Invoked command in '/home/linjiawei/load_mcap/build/deva_navi_msgs' returned '0': CMAKE_PREFIX_PATH=${CMAKE_PREFIX_PATH}:/opt/ros/humble /usr/bin/cmake --build /home/linjiawei/load_mcap/build/deva_navi_msgs -- -j17 -l17
[0.502s] Invoking command in '/home/linjiawei/load_mcap/build/deva_navi_msgs': CMAKE_PREFIX_PATH=${CMAKE_PREFIX_PATH}:/opt/ros/humble /usr/bin/cmake --install /home/linjiawei/load_mcap/build/deva_navi_msgs
